20,77.95,0.0,-220.296147982
40,83.8,0.0,-221.417873295
60,88.4,0.0,-253.214281774
80,101.25,0.0,-199.332291782
100,102.8,0.0,-235.133605137
120,102.6,0.0,-200.788317003
140,96.6,0.0,-181.846363304
160,123.85,0.0,-193.09844592
180,146.1,0.0,-206.38214844
200,115.15,0.0,-182.299151032
220,134.0,0.0,-182.296355235
240,129.25,0.0,-188.823918137
260,118.15,0.0,-168.235442891
280,115.6,0.0,-165.434461623
300,130.1,0.0,-147.425491933
320,135.35,0.0,-125.050042067
340,178.2,0.0,-132.654101041
360,140.2,0.0,-122.157161533
380,157.8,0.0,-148.061625098
400,184.35,0.0,-125.097556185
420,207.1,0.0,-131.285134939
440,403.7,0.0,-142.373133493
460,319.9,0.0,-123.337626877
480,340.65,0.0,-113.600202203
500,310.7,0.0,-126.025877925
520,453.8,0.0,-85.546885385
540,333.9,0.0,-83.6012263873
560,376.4,0.0,-76.0802830209
580,395.65,0.0,-56.3558781977
600,509.45,0.0,-50.0675037364
620,318.0,0.1,-42.9168810914
640,356.0,0.0,-47.8675447372
660,322.9,0.05,-34.2362924378
680,312.55,0.05,-32.4253652483
700,346.95,0.15,-7.16442816543
720,281.45,0.1,-49.582066794
740,667.3,0.0,-9.35949831776
760,516.2,0.0,-46.3746480094
780,558.35,0.0,-52.3020674459
800,714.5,0.05,-37.8140830574
820,709.2,0.0,-26.5386476355
840,667.05,0.0,-19.0696953813
860,834.9,0.1,26.3992431559
880,609.6,0.05,-7.09736136999
900,758.35,0.05,24.7944856562
920,418.45,0.05,-22.1791604204
940,621.95,0.05,-1.44053829951
960,782.7,0.0,22.8867945539
980,426.4,0.1,-1.63475992665
1000,579.85,0.1,22.4437131087
1020,547.9,0.1,31.3937316027
1040,485.25,0.25,48.9870674955
1060,385.1,0.25,24.4594976703
1080,448.5,0.5,79.2275446565
1100,413.55,0.4,64.0680933506
1120,439.05,0.55,86.1032787882
1140,379.4,0.6,80.8069843444
1160,469.55,0.5,70.1318717622
1180,451.85,0.65,90.1185291723
1200,426.95,0.55,53.7044507104
1220,461.9,0.7,84.2156045837
1240,473.25,0.65,81.1023023429
1260,487.9,0.9,152.212232564
1280,552.5,0.85,118.379060466
1300,523.5,0.8,120.640492335
1320,540.45,0.9,137.91006986
1340,479.0,0.7,90.3321445057
1360,493.3,0.75,107.076406028
1380,444.3,0.7,105.985701196
1400,431.4,0.7,106.546411541
1420,395.9,0.6,81.4666743508
1440,371.45,0.55,70.5343245013
1460,400.75,0.85,170.345547521
1480,372.6,0.6,74.0073667925
1500,330.2,0.6,87.1876542949
1520,281.95,0.6,101.500995599
1540,272.3,0.45,48.1217943124
1560,284.75,0.35,11.3249703934
1580,277.7,0.45,51.7031575278
1600,267.7,0.3,13.3072912714
1620,234.5,0.3,9.90417549569
1640,281.1,0.3,-27.6498412531
1660,245.55,0.2,-28.7312460607
1680,271.2,0.3,-28.3922354643
1700,287.75,0.4,8.0676800944
1720,302.95,0.35,-4.04623977414
1740,283.45,0.4,3.23236339178
1760,292.8,0.45,27.4168732605
1780,272.8,0.45,39.6973793027
1800,307.4,0.4,3.81644337205
1820,305.6,0.35,-2.25031121745
1840,306.5,0.6,70.1587908701
1860,370.8,0.45,10.8214351591
1880,369.3,0.5,22.8454420582
1900,419.9,0.5,2.45631051694
1920,443.5,0.55,23.1350762893
1940,485.25,0.5,3.731846308
1960,576.9,0.75,82.2257152321
1980,537.4,0.4,-6.88933490162
2000,580.95,0.6,38.4604487502
2020,657.95,0.35,-24.8063132834
2040,773.6,0.65,56.6811490695
2060,786.75,0.7,67.8636265052
2080,670.35,0.9,138.295987002
2100,605.6,0.95,138.160271324
2120,582.5,0.8,103.842862539
2140,486.9,0.8,109.453601994
2160,468.65,0.65,77.2022023116
2180,411.8,0.65,76.1757561111
2200,444.1,0.75,106.229165566
2220,401.75,0.45,26.7797252909
2240,434.8,0.6,43.6841466435
2260,388.15,0.3,-3.5821240605
2280,426.8,0.75,106.819408601
2300,430.5,0.65,50.0019234781
2320,397.65,0.5,46.2273767764
2340,432.35,0.65,79.0410634978
2360,430.8,0.4,1.32677716177
2380,525.25,0.8,97.2305223023
2400,524.8,0.6,43.1414078518
2420,551.3,0.8,94.0477170011
2440,592.35,0.7,55.4471634282
2460,597.35,0.7,59.087283637
2480,570.6,0.85,117.839422421
2500,610.15,0.8,87.9584847019
2520,548.4,1.0,159.510969552
2540,546.2,0.95,151.164270997
2560,559.65,1.0,165.719027077
2580,557.35,1.0,163.338019088
2600,530.2,1.0,172.17142398
2620,471.55,0.9,160.478710549
2640,532.2,0.95,150.718868771
2660,402.85,0.95,186.866691559
2680,470.2,0.95,167.718354073
2700,406.5,1.0,191.193033384
2720,352.75,0.95,190.663768361
2740,397.05,0.85,164.71285134
2760,344.75,0.85,163.763081533
2780,354.4,0.8,151.350694138
2800,345.7,0.9,172.566663125
2820,351.7,0.85,166.812125606
2840,334.0,0.85,170.85425921
2860,296.3,0.8,172.054007606
2880,279.15,0.7,139.071350386
2900,323.2,0.75,144.151319005
2920,283.45,0.6,112.869658636
2940,292.8,0.65,125.362805887
2960,255.35,0.65,125.859572431
2980,303.15,0.8,162.193571918
3000,260.85,0.7,137.943373658
3020,310.6,1.0,205.194774065
3040,260.0,0.65,134.769376547
3060,292.75,0.75,143.172766591
3080,288.6,0.75,158.085164398
3100,289.1,0.85,180.739926025
3120,296.55,0.8,166.461973269
3140,291.45,0.75,143.554692035
3160,310.7,0.7,120.890468939
3180,318.6,0.85,170.814684527
3200,319.55,0.75,133.813192494
3220,328.15,0.85,166.279534467
3240,361.75,0.5,47.7849178985
3260,339.45,0.7,121.330777718
3280,403.65,0.85,158.756225678
3300,411.65,0.85,147.524965954
3320,447.55,0.75,113.241998464
3340,464.35,0.85,141.85453122
3360,483.25,0.9,139.881025044
3380,465.0,0.85,135.940773964
3400,517.65,0.9,141.122866808
3420,515.85,0.9,140.628737758
3440,530.6,0.85,119.040932681
3460,521.9,1.0,170.526106986
3480,505.7,0.9,148.304756432
3500,503.45,0.95,164.540031025
3520,489.2,0.9,163.714425213
3540,441.55,1.0,186.964537936
3560,401.85,0.95,181.820782925
3580,381.65,0.95,182.687942677
3600,369.4,0.95,184.918150863
3620,377.2,0.95,192.010174971
3640,398.15,0.95,189.838449633
3660,338.25,0.9,182.32133208
3680,370.8,0.95,189.572133264
3700,326.7,0.85,166.233968175
3720,349.85,0.8,148.103762245
3740,333.1,0.95,201.590467867
3760,337.7,0.75,148.919182831
3780,340.7,0.8,155.130278566
3800,370.3,0.95,185.729710107
3820,361.75,0.9,170.058090474
3840,319.0,0.85,175.280600208
3860,339.75,0.85,166.331382824
3880,350.05,0.9,170.77079819
3900,371.3,0.8,149.582855154
3920,361.05,0.8,142.616943972
3940,352.85,0.95,178.051674381
3960,388.75,0.75,141.583724248
3980,396.3,0.8,147.149987309
4000,379.9,0.7,116.910451784
4020,387.25,0.85,158.634581025
4040,395.0,0.9,161.120890695
4060,389.25,0.95,183.740369346
4080,384.2,0.95,198.578738741
4100,363.6,1.0,209.442054776
4120,412.05,1.0,199.535483907
4140,353.9,1.0,212.723471679
4160,421.7,0.95,182.097047564
4180,410.9,0.85,162.911349005
4200,431.05,1.0,191.929451207
4220,373.8,1.0,192.696364789
4240,395.25,1.0,189.10842155
4260,357.85,0.85,166.870127715
4280,366.05,0.95,193.646154397
4300,347.55,0.95,197.782550277
4320,366.95,0.9,178.067664635
4340,352.75,0.85,163.933917884
4360,343.25,0.9,175.619403439
4380,339.6,0.9,180.854258419
4400,345.25,0.9,174.783016142
4420,352.0,0.9,175.406028557
4440,322.1,0.85,171.926866451
4460,307.7,0.9,176.76860573
4480,331.35,0.9,182.742737663
4500,326.95,0.9,181.340307688
4520,355.65,1.0,193.210655762
4540,341.8,1.0,189.474421377
4560,358.55,0.95,189.524987673
4580,342.7,0.95,196.596682404
4600,345.75,0.9,167.202900446
4620,348.85,0.95,186.341425503
4640,350.8,0.75,152.201383344
4660,337.4,0.95,184.173938123
4680,319.7,0.7,138.929092147
4700,335.05,0.9,180.485633287
4720,318.3,0.95,191.31541667
4740,301.5,0.85,167.909780361
4760,345.2,0.95,189.2955404
4780,313.05,0.9,184.047606862
4800,328.45,0.9,170.51657404
4820,334.75,0.95,195.81564592
4840,317.35,0.95,191.634785912
4860,328.8,0.9,184.589021622
4880,402.85,0.95,180.664829127
4900,348.7,0.95,194.283360138
4920,367.2,0.85,162.3151721
4940,324.8,0.85,172.818295201
4960,353.7,1.0,196.75818523
4980,366.85,0.95,192.650084398
5000,334.5,0.9,173.464759908
5020,295.6,0.85,175.123017106
5040,337.45,0.85,177.732155212
5060,350.75,1.0,193.437144509
5080,349.6,0.9,164.784011316
5100,318.6,0.8,138.872194126
5120,323.45,0.8,152.17810042
5140,336.15,0.9,171.822854109
5160,327.45,0.9,177.34772321
5180,351.8,0.8,144.239702559
5200,332.45,0.85,167.539382496
5220,299.7,0.85,157.524908258
5240,299.2,0.75,138.34800901
5260,302.7,0.65,112.836828519
5280,313.05,0.9,182.754798998
5300,295.45,0.85,171.96392401
5320,302.05,0.85,165.700576464
5340,302.55,0.85,170.861412745
5360,310.65,0.9,185.421972732
5380,318.75,0.75,153.591357927
5400,313.05,0.85,171.326501769
5420,333.5,0.95,195.835445628
5440,292.05,0.9,188.593021328
5460,301.75,0.75,146.835247873
5480,281.2,0.75,154.952508832
5500,313.6,0.9,182.51462131
5520,314.65,0.9,182.978083944
5540,305.1,1.0,210.554288651
5560,287.75,0.85,175.039191314
5580,294.45,0.9,186.252758231
5600,285.55,0.9,181.497541081
5620,315.0,0.7,134.56325811
5640,336.8,0.9,168.778221291
5660,303.45,0.75,140.244290452
5680,348.45,0.9,164.628250548
5700,352.5,0.75,124.939835848
5720,319.15,0.75,125.262444644
5740,317.15,0.75,129.214313066
5760,262.65,0.6,105.513042299
5780,334.05,0.7,126.137009015
5800,380.9,0.85,135.489184203
5820,384.9,0.8,126.68447452
5840,444.35,0.8,103.836647434
5860,380.85,0.65,77.6917795557
5880,374.35,0.8,122.642407977
5900,388.4,0.75,108.521368611
5920,401.85,0.7,77.8517622721
5940,410.05,0.7,72.8193693266
5960,399.0,0.6,67.6569572389
5980,474.95,0.65,46.6387936487
6000,458.8,0.55,8.46890860662
6020,487.4,0.8,68.9139933838
6040,506.25,0.7,61.4856115807
6060,479.15,0.5,-6.09413587128
6080,549.45,0.7,54.3341453272
6100,605.65,0.8,31.7079999036
6120,552.1,0.5,-3.63526081377
6140,684.95,0.6,-5.99900013396
6160,721.1,0.5,-17.9275526229
6180,632.8,0.35,-54.0959154691
6200,588.85,0.55,19.5346497415
6220,822.3,0.15,-72.2565152193
6240,824.8,0.35,-29.781326027
6260,790.6,0.4,-16.9522919572
6280,591.3,0.45,14.5857396766
6300,596.85,0.7,55.295543171
6320,578.5,0.65,56.7863968169
6340,525.35,0.8,110.404708548
6360,593.8,0.6,72.8136784645
6380,549.25,0.75,59.7418436091
6400,568.3,0.6,55.5297282388
6420,500.0,0.7,108.831097896
6440,478.75,0.8,142.540803372
6460,456.45,0.9,165.347828366
6480,451.25,0.95,171.294314589
6500,415.7,1.0,182.046097554
6520,368.0,0.9,164.165235977
6540,349.0,0.95,190.006033671
6560,316.25,0.8,153.898628972
6580,328.45,0.8,158.659840296
6600,312.1,0.9,187.419732216
6620,334.8,1.0,206.712604417
6640,316.2,0.95,198.944269431
6660,320.1,0.95,195.672155944
6680,267.85,0.6,103.592971555
6700,266.55,0.75,147.446385062
6720,281.1,0.85,168.587982257
6740,259.0,0.75,153.063146558
6760,294.25,0.85,170.582818224
6780,287.45,0.8,157.727920438
6800,285.3,0.85,173.348170621
6820,298.0,0.9,181.208576733
6840,259.05,0.75,153.88734581
6860,279.0,0.8,152.486509635
6880,273.0,0.85,176.459425209
6900,245.7,0.65,124.347780034
6920,268.0,0.8,167.689342808
6940,253.25,0.8,161.483499508
6960,246.55,0.65,135.98461024
6980,245.05,0.75,150.342785323
7000,265.95,0.85,179.334590839
7020,265.9,0.8,172.560314524
7040,290.15,0.95,206.071958142
7060,264.3,0.9,184.402282241
7080,285.5,0.8,164.270286402
7100,271.35,0.85,176.410110365
7120,262.55,0.8,164.937266787
7140,304.45,0.85,178.216451696
7160,281.1,0.95,200.630814058
7180,261.0,0.85,178.036809922
7200,293.5,0.85,176.100035712
7220,309.0,1.0,200.144929596
7240,293.0,0.85,169.944328568
7260,312.6,0.95,197.836738195
7280,306.9,0.95,192.990387063
7300,364.1,0.8,154.261761014
7320,332.15,0.9,185.977297578
7340,346.3,0.95,179.483477766
7360,356.05,0.95,182.624252909
7380,322.0,0.95,194.024818915
7400,350.55,1.0,199.826824994
7420,318.05,0.9,181.977022627
7440,356.8,0.95,181.303935279
7460,352.8,0.95,191.68378036
7480,380.15,1.0,194.949282882
7500,352.45,0.95,181.879951099
7520,346.45,0.95,196.984413392
7540,464.85,0.95,173.130525295
7560,373.4,1.0,189.920848019
7580,364.85,1.0,204.688839384
7600,383.8,1.0,191.8304902
7620,358.85,0.8,145.384209753
7640,380.7,1.0,185.07581522
7660,365.65,0.9,160.130038917
7680,375.85,0.95,181.300719749
7700,353.8,0.95,182.299745536
7720,392.75,0.95,157.759467037
7740,359.6,0.9,171.601973773
7760,332.15,0.95,193.04717262
7780,316.35,0.8,157.690181084
7800,352.95,0.95,181.471208896
7820,341.35,0.8,146.808649114
7840,331.2,0.7,107.11538062
7860,342.75,0.8,135.123142082
7880,319.65,0.8,147.820466061
7900,337.35,0.85,155.808668755
7920,314.7,0.65,105.514863099
7940,338.0,0.8,142.012908905
7960,377.5,0.75,127.495487979
7980,334.1,0.9,163.479752583
8000,381.15,0.75,107.589278662
8020,388.4,0.8,113.962997535
8040,434.2,0.8,113.454992757
8060,395.95,0.8,128.837974401
8080,459.65,0.75,100.521599214
8100,356.45,0.7,100.955440137
8120,448.45,0.95,150.264987067
8140,374.4,0.8,133.619255899
8160,503.65,0.9,116.726217855
8180,469.85,0.95,140.554525517
8200,434.5,0.7,77.2216728556
8220,451.95,0.7,71.3853056726
8240,482.8,0.8,88.4122637067
8260,433.2,0.7,92.5865767499
8280,507.25,0.8,120.852126793
8300,462.05,0.8,106.634359241
8320,488.7,0.75,106.152066546
8340,521.95,0.85,116.48197544
8360,527.4,0.8,114.82676901
8380,516.95,0.95,147.885536623
8400,528.1,0.95,154.98941592
8420,587.85,0.95,142.461632473
8440,542.55,1.0,164.878305002
8460,545.45,0.95,159.636164525
8480,581.4,0.95,146.690947516
8500,575.6,0.9,127.932099695
8520,569.0,0.85,123.394156467
8540,550.8,1.0,158.242155817
8560,567.45,0.95,133.565971362
8580,528.15,0.9,144.167194699
8600,469.75,0.95,159.595810188
8620,480.4,0.95,158.285729396
8640,452.75,0.8,124.188667106
8660,415.4,0.85,151.273936162
8680,446.6,0.9,153.37832631
8700,421.9,0.9,164.656631053
8720,388.05,0.9,160.621954408
8740,475.5,0.9,137.655880721
8760,468.4,0.8,139.636854555
8780,459.85,0.8,114.316455111
8800,444.2,0.95,152.403309374
8820,412.95,0.85,126.949878621
8840,403.75,0.9,153.805860336
8860,489.75,0.85,117.005809235
8880,391.0,0.75,117.848725604
8900,473.4,0.95,139.152656567
8920,435.75,0.9,127.506917466
8940,432.7,0.95,153.574678251
8960,442.45,0.75,101.020463365
8980,427.3,0.75,115.065644838
9000,463.25,0.55,35.4395097218
9020,435.3,0.75,105.553802424
9040,463.65,0.65,43.244559219
9060,429.95,0.9,130.058923661
9080,486.95,0.95,143.484207548
9100,543.3,0.9,115.865786824
9120,552.55,0.9,107.823589724
9140,479.5,0.75,105.393454765
9160,494.75,0.95,139.877159021
9180,548.9,0.9,126.553607401
9200,517.1,0.8,121.67603946
9220,538.05,0.85,121.183806578
9240,567.6,0.85,108.546048287
9260,616.25,0.75,111.178003796
9280,606.8,0.9,136.059903833
9300,751.65,0.9,116.165086646
9320,488.8,1.0,174.735399042
9340,602.9,0.95,141.331249651
9360,614.0,1.0,148.304424928
9380,536.8,0.95,165.293130643
9400,605.3,0.95,155.169667419
9420,523.15,1.0,173.530452454
9440,497.05,0.95,168.912298403
9460,529.4,0.95,161.170879984
9480,573.7,1.0,162.28868483
9500,660.0,0.95,151.97139891
9520,526.55,1.0,171.38890973
9540,671.9,0.95,152.203384717
9560,625.35,1.0,156.676784038
9580,683.4,0.95,130.802158088
9600,725.5,1.0,134.554557454
9620,751.65,0.9,122.985888933
9640,747.35,0.95,121.671279322
9660,677.15,0.9,115.581695843
9680,668.9,0.8,111.086357174
9700,661.4,0.95,141.561438899
9720,643.6,0.8,122.645264282
9740,593.15,0.85,133.243583211
9760,593.8,0.85,141.978387508
9780,600.1,0.75,133.623439469
9800,509.7,0.95,166.126456585
9820,493.4,0.9,149.715270777
9840,507.4,1.0,177.309137454
9860,483.95,0.75,134.944855165
9880,506.3,0.9,171.293259428
9900,517.75,0.9,179.357735824
9920,503.0,0.8,158.176686892
9940,431.85,0.95,182.459534448
9960,522.85,0.85,162.820039218
9980,396.85,1.0,192.449866907
10000,371.65,0.9,168.162002435
10020,367.3,0.9,171.815945812
10040,367.8,1.0,196.796274384
10060,371.2,0.9,173.733883993
10080,335.1,1.0,208.4650455
10100,427.9,0.95,184.989596764
10120,336.65,0.95,190.556548831
10140,332.95,0.85,167.111271953
10160,355.2,0.95,183.985021523
10180,321.1,0.9,178.54347904
10200,309.25,0.9,181.734577791
10220,350.2,0.75,142.456902655
10240,334.5,0.75,149.247234367
10260,346.4,0.8,142.664806657
10280,299.75,0.8,159.250840597
10300,301.35,0.9,180.298293633
10320,329.0,0.9,169.59465501
10340,348.95,0.8,140.322630359
10360,357.9,0.75,138.320627435
10380,315.7,0.8,155.961279811
10400,327.0,0.9,173.688478856
10420,299.55,0.9,185.347166574
10440,292.7,0.8,168.316534121
10460,321.45,0.9,178.063642127
10480,328.8,1.0,207.373134719
10500,340.9,0.95,190.488093817
10520,311.15,0.75,152.128889946
10540,361.5,0.9,172.194475735
10560,371.35,0.95,190.324015201
10580,305.4,0.9,184.293151197
10600,333.5,0.85,160.317426511
10620,366.55,0.9,171.332047126
10640,415.45,0.95,184.983485594
10660,318.7,0.9,181.276820002
10680,336.0,0.95,194.966681864
10700,366.15,0.95,194.200205586
10720,344.3,0.9,175.012997859
10740,339.7,0.95,194.593917098
10760,354.15,0.85,165.175469939
10780,324.7,0.85,170.451081183
10800,356.6,1.0,197.573828188
10820,336.1,0.85,171.011054065
10840,317.75,0.8,147.809938451
10860,328.1,0.95,200.858867863
10880,279.15,0.55,94.6353494413
10900,339.45,0.8,155.544149866
10920,313.9,0.85,171.652664195
10940,333.15,0.85,166.222405549
10960,350.65,0.85,160.466945749
10980,360.15,0.75,130.34116348
11000,315.0,0.9,172.455225604
11020,316.0,0.6,98.3514582105
11040,331.15,0.75,123.443799056
11060,340.2,0.65,94.8873691893
11080,312.0,0.6,97.8762730565
11100,346.45,0.7,122.921077318
11120,287.3,0.65,110.025936065
11140,289.55,0.55,81.285100397
11160,347.45,0.55,87.2907532934
11180,324.15,0.75,133.964829845
11200,402.55,0.6,104.005886469
11220,310.3,0.6,93.0305459753
11240,329.65,0.7,112.082002208
11260,309.05,0.55,86.0376047786
11280,345.75,0.65,106.394695762
11300,319.6,0.75,132.603305913
11320,281.25,0.45,66.576782529
11340,316.1,0.7,129.302852262
11360,320.8,0.7,127.996739344
11380,352.8,0.7,123.408313931
11400,347.85,0.9,169.801897425
11420,308.75,0.7,139.329919181
11440,333.25,0.9,173.679730422
11460,387.15,0.9,164.539374085
11480,355.15,0.95,203.611423381
11500,342.05,0.85,167.662151248
11520,330.85,0.8,154.564005769
11540,335.15,0.75,142.562320108
11560,350.1,0.85,166.080477953
11580,372.6,0.7,129.175754202
11600,355.95,0.85,166.894987065
11620,367.55,0.95,192.553519331
11640,346.9,0.85,166.343997111
11660,353.25,0.85,165.568917523
11680,367.6,1.0,189.414702099
11700,358.45,0.9,176.571972626
11720,397.45,0.85,164.492213085
11740,355.95,0.85,165.067608856
11760,356.1,0.8,143.39879274
11780,352.0,0.85,162.419746298
11800,403.2,0.85,172.557642569
11820,369.0,1.0,194.530713925
11840,403.2,0.7,116.606224236
11860,426.7,0.8,143.011546642
11880,445.6,0.85,151.207214688
11900,499.95,0.7,115.161334972
11920,481.1,0.6,97.5310956801
11940,412.65,0.7,114.889511535
11960,382.45,0.7,92.8530547378
11980,439.1,0.65,99.2976021644
12000,402.95,0.65,96.3485449634
12020,454.8,0.7,104.233285617
12040,480.2,0.8,127.963880687
12060,470.5,0.85,136.905483546
12080,431.05,0.75,113.683034687
12100,418.45,0.75,120.390217609
12120,515.45,0.65,104.205279148
12140,500.75,0.8,121.850136379
12160,476.2,0.85,139.712277689
12180,430.95,0.75,104.665907276
12200,446.65,0.9,148.50539473
12220,448.35,0.8,146.792204723
12240,438.4,0.85,141.29153506
12260,447.3,0.85,151.820723357
12280,468.15,0.85,138.03486894
12300,466.45,0.85,161.106710928
12320,431.75,0.85,153.153377396
12340,582.75,0.75,148.92192876
12360,472.5,0.95,184.252082951
12380,433.75,1.0,184.196532233
12400,484.25,0.95,177.155235121
12420,444.45,1.0,179.943348567
12440,436.6,1.0,191.566175455
12460,463.65,0.95,185.108209184
12480,479.1,0.9,177.054208117
12500,452.95,0.95,185.493919361
12520,431.5,1.0,193.762820795
12540,443.0,1.0,188.601730646
12560,458.3,1.0,191.889170068
12580,458.35,1.0,188.65437737
12600,493.4,0.95,179.035653974
12620,482.3,1.0,187.268818712
12640,473.75,1.0,189.499750714
12660,472.7,1.0,187.450291084
12680,473.35,1.0,178.396678435
12700,481.6,1.0,178.168655385
12720,491.1,1.0,180.625190642
12740,519.9,0.95,176.135204161
12760,509.6,1.0,176.248881423
12780,520.25,1.0,175.497624622
12800,528.9,1.0,167.49901504
12820,506.35,1.0,181.814888582
12840,524.95,0.95,173.806560425
12860,484.9,1.0,182.97939266
12880,481.1,1.0,183.503702013
12900,474.85,1.0,176.564071146
12920,494.7,0.95,174.891760743
12940,441.75,1.0,193.734269544
12960,419.2,1.0,193.805928087
12980,431.5,1.0,188.355026295
13000,396.95,1.0,197.771675434
13020,400.4,1.0,196.321147305
13040,369.8,1.0,206.145074147
13060,391.3,0.95,192.166476386
13080,377.8,1.0,196.656674228
13100,363.8,1.0,193.424223295
13120,345.4,1.0,191.999864141
13140,328.3,1.0,208.525669001
13160,328.0,1.0,208.87904321
13180,308.6,0.85,175.505062534
13200,303.5,0.85,178.694781253
13220,329.4,1.0,207.259707416
13240,336.35,0.75,154.918127871
13260,339.75,0.85,180.334022432
13280,283.85,0.8,163.159950247
13300,321.5,0.9,181.716058737
13320,328.1,0.9,199.983141587
13340,286.3,0.9,194.897393018
13360,283.75,0.85,183.286478281
13380,285.4,0.75,160.98001146
13400,269.0,0.65,138.875881465
13420,253.95,0.6,121.344268118
13440,266.35,0.65,132.946384128
13460,266.35,0.7,147.309513046
13480,259.3,0.7,137.177231054
13500,285.75,0.9,197.59504247
13520,283.35,0.9,187.77580296
13540,298.7,0.65,124.533993373
13560,273.9,0.8,175.73864815
13580,263.7,0.55,109.310421372
13600,297.15,0.75,145.647732453
13620,304.8,0.6,123.800180598
13640,296.65,0.6,117.18033208
13660,252.9,0.6,109.16230575
13680,260.55,0.6,116.984287299
13700,305.7,0.65,127.799686991
13720,308.45,0.55,103.233338311
13740,280.75,0.75,150.873887822
13760,279.55,0.7,131.946094408
13780,240.95,0.25,18.016971332
13800,288.2,0.7,115.280619264
13820,260.2,0.4,57.9344533822
13840,272.95,0.55,88.4895285904
13860,286.1,0.6,108.056670646
13880,337.3,0.2,6.40918336193
13900,397.6,0.75,129.362171349
13920,319.15,0.8,147.976854285
13940,334.1,0.6,96.8829636653
13960,323.1,0.6,87.0798248651
13980,314.05,0.5,67.7513353942
14000,309.8,0.6,90.4952080031
14020,480.9,0.6,112.015673767
14040,338.45,0.5,64.2415407229
14060,349.35,0.6,74.4764235134
14080,361.4,0.3,14.733822545
14100,335.15,0.7,98.1760076303
14120,394.8,0.25,10.4059333585
14140,415.1,0.55,95.2138401462
14160,373.9,0.45,46.5062674937
14180,380.4,0.8,130.162710418
14200,310.45,0.6,79.4051564352
14220,317.15,0.55,59.2086607378
14240,325.3,0.75,115.319091738
14260,374.0,0.7,97.8558420034
14280,349.2,0.45,38.0132662001
14300,328.5,0.6,65.6910506271
14320,405.7,0.75,111.785279234
14340,416.65,0.5,38.5494309445
14360,458.2,0.65,106.214984856
14380,417.8,0.65,67.5405803992
14400,430.35,0.5,49.9240615313
14420,477.2,0.65,85.613392379
14440,433.5,0.65,72.9591591564
14460,448.75,0.65,65.0226026846
14480,429.2,0.65,80.3993293351
14500,448.7,0.45,26.0698902528
14520,426.4,0.65,75.2004410513
14540,469.65,0.65,82.3408087003
14560,519.3,0.75,89.5072520473
14580,515.9,0.75,98.2601196043
14600,581.85,0.6,62.3915540439
14620,572.9,0.6,48.675198773
14640,555.85,0.7,85.9969077891
14660,625.85,0.75,69.2164789834
14680,604.05,0.6,34.7649311575
14700,586.7,0.75,88.1021262596
14720,650.85,0.7,57.9850645555
14740,595.0,0.75,68.544087003
14760,576.6,0.75,86.6056869639
14780,563.8,0.55,50.821791024
14800,575.35,0.6,61.650497623
14820,493.15,0.6,64.0799741635
14840,474.1,0.6,57.5539512281
14860,488.45,0.7,87.747473549
14880,462.9,0.9,138.836505807
14900,431.65,0.8,117.058226713
14920,464.25,0.75,101.54836358
14940,430.35,0.7,104.829944037
14960,426.7,0.8,124.548102284
14980,395.25,0.75,119.00479525
15000,406.2,0.75,117.980429735
15020,375.3,0.7,104.779694592
15040,384.8,0.8,146.86255361
15060,428.8,1.0,186.4286752
15080,390.65,0.85,142.422310669
15100,364.35,0.9,165.77338403
15120,391.65,0.9,174.787958899
15140,373.35,0.9,165.814981518
15160,374.2,1.0,204.915641256
15180,359.65,0.95,196.129044434
15200,361.55,0.85,164.711312192
15220,362.15,1.0,201.020474563
15240,344.0,0.9,173.118707686
15260,368.35,0.95,188.881207436
15280,342.4,1.0,204.736465346
15300,329.6,0.9,182.084936218
15320,314.75,0.95,202.939801567
15340,345.45,0.95,184.871512851
15360,348.5,1.0,206.773096148
15380,321.2,1.0,205.326608938
15400,318.2,1.0,209.517101198
15420,339.85,0.95,198.859096737
15440,304.4,0.9,182.966945939
15460,309.8,1.0,209.093731783
15480,301.5,0.85,180.242505634
15500,320.4,0.95,199.436760553
15520,306.65,1.0,210.785171117
15540,310.45,1.0,207.987694135
15560,330.75,0.95,197.752436187
15580,310.25,0.9,189.495601919
15600,320.45,0.95,201.230874197
15620,299.45,0.9,193.961904112
15640,311.0,1.0,219.725458425
15660,309.75,0.95,193.426843505
15680,298.0,0.85,177.195403672
15700,281.4,0.95,200.335619261
15720,288.35,0.85,181.164304549
15740,302.9,0.95,203.961993289
15760,291.85,0.9,195.708217276
15780,320.05,0.95,192.018569397
15800,310.45,1.0,206.994120107
15820,277.1,0.95,210.548418296
15840,293.6,0.8,162.512756759
15860,277.15,0.8,163.110124303
15880,292.35,0.85,185.366921924
15900,262.45,0.8,168.693610561
15920,277.15,0.7,141.987424911
15940,257.65,0.75,157.067194917
15960,286.0,0.85,182.632317262
15980,263.6,0.7,153.852535997
16000,270.55,0.75,163.449545873
16020,327.25,0.6,127.33930626
16040,245.5,0.6,121.934726203
16060,264.55,0.75,158.045350372
16080,262.65,0.7,139.795143911
16100,258.5,0.8,169.865566455
16120,272.9,0.8,167.773567439
16140,300.4,0.8,162.250168137
16160,269.35,0.9,188.245379373
16180,258.55,0.7,141.069068748
16200,269.5,0.9,191.515971241
16220,292.1,1.0,220.741845669
16240,275.95,0.9,195.154964188
16260,297.05,0.65,134.692595225
16280,279.35,0.95,210.070314518
16300,342.35,0.9,195.735064091
16320,323.9,1.0,208.516296619
16340,268.1,0.85,177.623338075
16360,274.65,0.75,156.029374553
16380,311.9,0.75,163.743422125
16400,321.65,0.85,178.744154582
16420,293.25,1.0,218.939270298
16440,293.75,0.95,201.501584736
16460,260.6,0.75,156.076152031
16480,318.85,0.9,192.811802968
16500,280.9,0.9,180.243471037
16520,260.7,0.85,189.337706649
16540,255.0,0.75,153.613028379
16560,266.75,0.8,164.87489406
16580,317.55,0.85,181.874268608
16600,299.35,0.75,160.642994427
16620,255.95,0.65,134.30064482
16640,255.85,0.85,177.666610013
16660,251.4,0.8,170.790179257
16680,248.25,0.65,139.954470087
16700,269.8,0.75,156.543158232
16720,238.4,0.5,96.079763445
16740,253.0,0.75,154.811070338
16760,312.8,0.75,148.714868834
16780,255.1,0.75,158.995345209
16800,295.2,0.8,168.322202203
16820,260.6,0.8,169.258787183
16840,321.15,0.7,148.762929755
16860,267.15,0.75,161.270947745
16880,254.1,0.7,141.110336482
16900,265.1,0.8,166.853147816
16920,257.8,0.8,169.491389696
16940,302.0,0.85,189.091207479
16960,252.1,0.75,155.19032015
16980,270.0,0.8,164.116151926
17000,266.5,0.95,199.077676338
17020,261.1,0.65,131.613821023
17040,263.8,0.8,166.413017643
17060,310.75,0.75,152.906019483
17080,365.4,0.75,151.69624613
17100,281.1,0.8,168.872523779
17120,306.7,0.7,147.300790375
17140,275.6,0.9,188.192185206
17160,309.8,0.95,200.513685082
17180,335.8,0.85,175.119684713
17200,290.4,0.8,161.429415681
17220,369.4,0.75,166.052635381
17240,296.4,0.9,191.768914803
17260,293.05,0.8,163.562043552
17280,317.9,0.8,169.780722223
17300,330.8,0.95,193.240759068
17320,324.75,0.95,208.276304053
17340,307.3,0.85,169.689546958
17360,298.15,0.9,184.101062677
17380,321.8,0.9,192.210203732
17400,337.0,0.85,175.405076417
17420,278.15,0.8,162.929084828
17440,329.5,0.85,184.996444369
17460,339.85,0.8,168.964066569
17480,337.15,0.75,161.514194813
17500,296.15,0.95,199.179655688
17520,288.95,1.0,216.850109696
17540,316.5,0.8,163.052860093
17560,288.5,0.9,185.002968721
17580,373.8,0.75,156.649976537
17600,263.8,0.75,156.86353475
17620,312.7,0.9,196.89650041
17640,288.4,0.95,199.672467007
17660,302.6,0.8,169.046326429
17680,308.85,1.0,210.244403899
17700,369.95,0.85,184.418000575
17720,286.1,0.9,182.840199801
17740,283.5,0.9,189.156328431
17760,384.4,0.8,166.007465521
17780,405.15,0.8,165.079901541
17800,309.25,0.9,187.212871483
17820,372.7,0.9,189.722456685
17840,366.2,0.95,203.951584115
17860,312.05,0.9,179.507960903
17880,364.35,0.8,160.555297009
17900,312.5,0.8,153.06151752
17920,293.8,0.85,171.380178529
17940,314.25,0.95,196.216833763
17960,301.9,0.95,190.125816195
17980,306.75,0.9,186.504139532
18000,318.45,1.0,211.115903914
18020,320.55,0.9,174.790514627
18040,371.15,0.75,152.868497654
18060,292.7,0.8,164.897031504
18080,359.85,0.95,183.408272781
18100,334.05,0.8,167.136873792
18120,279.55,0.9,183.754794734
18140,330.7,0.8,165.805586967
18160,361.5,0.65,138.196493251
18180,306.65,0.7,139.929505606
18200,372.15,0.85,181.689529309
18220,347.7,0.85,173.449776312
18240,278.4,0.7,131.869783466
18260,293.55,0.75,141.211541879
18280,295.75,0.85,167.107658778
18300,276.15,0.7,130.398877012
18320,306.45,0.85,169.821980349
18340,295.45,0.95,194.743706356
18360,290.4,0.9,184.025315388
18380,270.05,0.55,106.404652793
18400,336.55,0.8,164.017813785
18420,341.5,0.9,184.958503516
18440,303.6,0.8,160.792720081
18460,296.75,0.85,170.261721191
18480,304.25,0.85,170.333142948
18500,304.05,0.8,159.029998088
18520,363.2,0.85,171.408275283
18540,365.1,0.65,133.3190167
18560,372.75,0.9,199.030625936
18580,346.25,0.85,184.721246788
18600,306.05,1.0,208.772743828
18620,299.95,0.85,171.519955159
18640,344.15,0.95,188.761412673
18660,312.85,0.95,187.226215447
18680,343.3,0.85,173.616719684
18700,360.5,0.8,156.599363981
18720,341.0,0.8,165.23282668
18740,328.05,0.85,171.546835374
18760,304.65,0.85,175.072333428
18780,313.65,0.95,193.358173558
18800,307.4,0.8,159.342535191
18820,314.7,0.85,167.489178852
18840,371.45,0.65,130.219256589
18860,309.0,0.95,192.638714296
18880,346.5,0.9,193.304643627
18900,312.4,0.85,171.392581192
18920,348.45,0.85,180.114891106
18940,300.15,0.8,153.037238154
18960,330.85,0.85,177.452661835
18980,306.2,0.8,159.054794744
19000,325.5,0.85,168.945332964
19020,291.5,0.75,146.910552092
19040,332.5,0.8,159.152627762
19060,326.75,0.9,182.138566948
19080,289.75,0.7,132.22742651
19100,362.85,0.75,148.686357339
19120,321.25,0.7,141.697502075
19140,297.8,0.9,193.228275948
19160,351.75,0.95,193.221043462
19180,354.95,0.8,151.689936639
19200,298.15,0.85,169.430471562
19220,301.3,0.45,63.5610878771
19240,343.9,0.7,138.854988314
19260,331.9,0.65,115.63540551
19280,286.75,0.6,108.437418537
19300,317.75,0.7,128.406814547
19320,269.35,0.6,100.838624823
19340,279.5,0.75,143.540179996
19360,323.15,0.65,124.490016824
19380,333.35,0.75,140.400146019
19400,309.3,0.5,81.6759841233
19420,322.8,0.85,144.85203668
19440,364.3,0.6,101.954882279
19460,330.7,0.65,123.657075698
19480,371.85,0.8,136.551734319
19500,331.95,0.7,113.92106711
19520,375.3,0.7,128.292044876
19540,415.7,0.6,93.9442005545
19560,349.7,0.5,50.7160279517
19580,446.05,0.7,124.364791882
19600,383.1,0.7,111.272642245
19620,455.05,0.8,121.262791594
19640,400.1,0.5,57.0499995965
19660,458.9,0.5,56.4474389867
19680,442.95,0.75,112.45591262
19700,510.15,0.6,85.4586590298
19720,493.2,0.4,14.9337811424
19740,504.75,0.45,38.7868684244
19760,541.3,0.6,71.506316242
19780,535.8,0.5,47.1434165617
19800,628.3,0.5,47.3621640676
19820,534.2,0.5,41.1552865509
19840,592.3,0.5,52.5560665121
19860,608.3,0.6,61.5895645876
19880,614.8,0.6,62.2277323588
19900,600.95,0.65,66.3556669452
19920,692.3,0.6,59.3373081219
19940,654.8,0.7,58.2079660932
19960,699.3,0.55,23.891824832
19980,761.1,0.7,46.6412009916
20000,775.55,0.6,30.7013450296
20020,840.3,0.65,42.2767651629
20040,853.35,0.65,25.3101104939
20060,892.45,0.75,45.9619526396
20080,862.05,0.8,63.4004090942
20100,848.4,0.85,76.5672370254
20120,815.95,0.85,84.0339502405
20140,816.05,0.85,91.613778413
20160,842.95,0.9,113.404544385
20180,800.9,0.95,113.64782576
20200,770.9,1.0,128.298552648
20220,707.45,1.0,139.815268646
20240,672.4,1.0,150.061832891
20260,617.55,1.0,159.491693398
20280,589.7,1.0,153.861597201
20300,591.05,1.0,157.679738685
20320,569.9,0.95,159.029506156
20340,537.4,1.0,159.716009895
20360,545.75,0.9,137.51264394
20380,572.7,1.0,144.458364274
20400,549.15,0.9,141.61166311
20420,528.05,0.9,150.375821972
20440,496.6,0.95,159.268522579
20460,466.35,1.0,183.510132039
20480,484.15,1.0,176.721190418
20500,484.25,0.95,162.350559251
20520,479.5,1.0,186.183633155
20540,457.3,1.0,185.207858869
20560,453.25,1.0,187.487212079
20580,427.95,1.0,190.537263447
20600,455.35,0.95,170.912285998
20620,429.2,1.0,192.195009476
20640,486.05,0.9,165.254520158
20660,431.05,1.0,188.03011168
20680,409.95,1.0,201.889340191
20700,405.95,1.0,196.187909218
20720,422.1,0.9,187.010808837
20740,397.65,1.0,207.785702942
20760,390.8,1.0,201.866044408
20780,418.25,0.95,189.511549184
20800,392.3,0.95,181.273801105
20820,388.3,0.95,190.481354065
20840,399.4,1.0,192.437693487
20860,405.4,1.0,202.724999793
20880,414.1,0.9,177.936643467
20900,393.1,1.0,200.201973784
20920,393.75,1.0,200.893228549
20940,380.65,1.0,200.139360241
20960,385.45,1.0,195.092115376
20980,429.3,0.95,189.818324896
21000,407.3,1.0,194.588357912
21020,403.5,0.9,167.127843069
21040,387.5,1.0,193.287363029
21060,442.4,0.95,181.836150716
21080,389.25,0.95,188.559053133
21100,433.45,0.9,168.201812145
21120,399.1,1.0,190.707559478
21140,407.4,0.85,156.321570511
21160,426.5,0.85,153.90141184
21180,474.9,0.8,147.765961934
21200,489.15,0.7,111.864525903
21220,435.6,0.9,154.247039745
21240,433.45,0.8,127.256236249
21260,406.15,0.85,150.256587261
21280,420.35,0.8,130.776924658
21300,429.65,0.9,166.196111248
21320,396.9,0.85,145.408261254
21340,412.75,0.9,152.915744475
21360,396.95,0.85,144.145350755
21380,387.65,0.95,178.006143726
21400,392.25,0.95,184.004442766
21420,374.65,0.95,186.72678685
21440,382.65,0.95,183.340172432
21460,391.2,0.9,174.062768524
21480,366.85,0.9,171.63364387
21500,352.65,0.85,164.026018113
21520,367.4,0.85,159.555326745
21540,361.3,0.75,140.239045672
21560,366.95,0.9,174.978708831
21580,358.35,1.0,204.755245523
21600,391.1,0.95,198.719624499
21620,376.95,1.0,203.172807267
21640,365.4,0.95,189.643382161
21660,371.15,0.95,189.6813521
21680,373.3,1.0,196.383453809
21700,369.5,1.0,208.566554468
21720,422.7,0.8,163.300393148
21740,400.75,1.0,198.056451763
21760,364.3,1.0,201.427699157
21780,372.4,0.95,194.527256767
21800,368.45,1.0,198.468634446
21820,361.05,1.0,203.287056347
21840,371.65,0.95,191.061802878
21860,357.55,0.95,203.790457453
21880,389.4,0.9,191.783359381
21900,357.65,1.0,207.057768021
21920,382.95,0.9,178.330180961
21940,360.35,0.9,173.761430701
21960,333.4,0.85,177.012907333
21980,336.2,0.9,179.855182813
22000,361.45,0.95,184.340685454
22020,334.2,0.9,183.688166549
22040,367.35,0.95,189.170561674
22060,340.95,0.95,197.574903063
22080,336.1,0.85,166.201589608
22100,344.25,0.8,159.049489275
22120,323.4,0.85,173.717279235
22140,360.9,0.85,168.34973056
22160,336.15,0.9,182.228500723
22180,342.7,1.0,207.821992772
22200,338.1,0.8,153.96727564
22220,354.75,0.95,194.021370456
22240,383.45,0.85,166.325155351
22260,384.4,0.9,180.214145357
22280,384.75,0.9,181.24240756
22300,387.1,0.9,183.580098579
22320,369.1,0.8,163.61041054
22340,376.4,0.9,189.926385256
22360,331.65,0.8,158.914885168
22380,382.5,0.95,195.381366413
22400,335.95,0.9,179.387914449
22420,345.15,1.0,204.554438308
22440,372.85,0.85,173.322494723
22460,334.5,0.9,182.596605028
22480,379.5,0.75,145.574114094
22500,360.15,1.0,203.465515924
22520,333.85,0.9,180.406007237
22540,374.95,0.9,183.5691359
22560,383.0,0.9,179.144739781
22580,330.6,0.8,150.96990064
22600,363.0,0.9,191.383663461
22620,342.05,1.0,206.794663886
22640,343.9,0.85,173.142973763
22660,313.75,0.8,162.025596158
22680,305.9,0.75,140.10418085
22700,312.8,0.75,147.651081806
22720,324.9,0.8,159.063961861
22740,317.25,0.75,154.817433503
22760,353.6,0.9,182.081168006
22780,360.55,0.75,144.401723326
22800,302.9,0.8,158.193521382
22820,312.55,0.85,163.923719081
22840,305.2,0.8,157.998246422
22860,363.3,0.8,153.885808254
22880,316.6,0.9,178.80334632
22900,330.05,0.65,125.878384216
22920,292.1,0.7,131.432904748
22940,294.4,0.7,134.103986063
22960,386.75,0.85,161.972416717
22980,284.3,0.5,87.4725467302
23000,330.8,0.65,121.768875469
23020,295.9,0.65,114.140852844
23040,354.35,0.8,160.385890348
23060,361.85,0.6,102.648651913
23080,343.35,0.75,149.162959505
23100,331.85,0.85,169.743389935
23120,317.0,0.7,135.452182882
23140,346.75,0.9,179.903342494
23160,322.2,0.85,171.017174432
23180,319.0,0.75,150.925374097
23200,363.7,0.8,157.226701322
23220,409.4,0.5,90.8969005341
23240,326.4,0.95,203.281716922
23260,319.75,0.85,171.403374418
23280,396.0,0.8,172.507819048
23300,328.25,0.95,191.797113587
23320,341.2,0.95,196.07589621
23340,345.1,1.0,205.555543724
23360,402.85,0.75,144.773355394
23380,381.3,0.95,188.087492249
23400,339.4,0.95,195.089712013
23420,445.4,0.8,165.542915441
23440,382.2,0.9,182.493398231
23460,411.65,0.75,148.453266563
23480,341.15,0.95,193.554359424
23500,355.6,0.95,198.261957186
23520,381.9,0.85,171.113570802
23540,409.65,0.8,166.043830304
23560,350.35,0.8,152.979431376
23580,377.45,0.85,170.102441608
23600,341.9,0.9,173.987579813
23620,356.5,0.85,164.48174347
23640,429.95,0.9,188.90522542
23660,378.15,0.95,187.202282653
23680,414.95,0.95,187.306056032
23700,390.75,0.85,162.885430284
23720,383.05,0.9,185.295007244
23740,371.45,0.9,172.698190602
23760,352.3,0.95,186.527395369
23780,390.0,0.8,153.977508001
23800,413.5,0.75,140.329493382
23820,340.55,0.9,173.496657003
23840,336.35,0.9,183.824036439
23860,351.0,0.95,198.47667935
23880,360.2,0.95,198.309637605
23900,378.95,0.85,166.842021035
23920,373.8,0.9,179.171320733
23940,366.5,0.75,145.542871598
23960,357.55,0.8,145.541216954
23980,344.95,0.9,180.392845807
24000,361.05,1.0,193.563618904
24020,363.75,0.8,153.453653085
24040,361.2,0.95,189.949333594
24060,362.2,0.85,172.648811211
24080,415.5,0.8,163.026860566
24100,385.85,0.8,157.495484406
24120,351.7,1.0,205.716871388
24140,386.85,0.95,204.603996307
24160,361.55,1.0,195.282756825
24180,459.25,0.85,182.504163461
24200,380.4,0.95,195.141259395
24220,350.15,0.95,198.777881015
24240,343.2,0.8,154.310736314
24260,381.85,1.0,206.084626029
24280,374.35,0.9,187.672062269
24300,385.1,0.95,183.672273201
24320,370.7,0.95,182.748268775
24340,369.3,0.85,152.166996469
24360,395.1,0.9,185.898165293
24380,362.05,0.95,191.410745618
24400,362.0,0.9,175.78379915
24420,402.85,0.95,192.81230261
24440,360.4,0.9,174.664496985
24460,427.05,0.8,171.175957027
24480,357.1,0.9,170.475634966
24500,373.2,0.9,176.6509859
24520,385.45,0.95,186.323589369
24540,359.75,0.9,178.725920555
24560,360.0,0.95,183.173354397
24580,361.15,1.0,208.891421726
24600,373.0,0.95,188.55484365
24620,411.25,0.95,182.231984092
24640,435.15,0.85,173.908469053
24660,404.9,0.8,154.223682138
24680,398.85,0.9,179.477005315
24700,359.7,0.95,186.312888096
24720,428.4,0.85,171.632397373
24740,340.25,0.9,179.661701232
24760,363.2,0.8,144.813641285
24780,344.8,0.75,138.41120753
24800,382.55,0.85,171.621374329
24820,387.05,0.95,182.009173545
24840,386.4,0.8,157.44544363
24860,365.1,0.85,157.200977436
24880,434.3,0.9,165.602238723
24900,440.35,0.65,128.356653052
24920,365.0,0.85,157.841451062
24940,371.55,0.95,181.545708928
24960,415.15,0.9,159.069034468
24980,372.7,0.95,183.310438591
25000,401.3,0.85,160.830449838
25020,407.7,0.9,176.714617004
25040,390.65,0.95,177.257664091
25060,401.6,0.8,149.865119903
25080,461.7,0.8,173.530090943
25100,412.4,0.9,175.33968089
25120,365.65,0.95,183.665549536
25140,401.3,0.95,193.760307288
25160,379.85,1.0,208.735154235
25180,398.6,0.85,157.741806665
25200,456.4,0.9,188.422078144
25220,372.6,0.9,181.222617846
25240,435.85,0.9,175.552767382
25260,409.65,0.85,170.913693325
25280,440.45,0.9,178.492394683
25300,446.6,0.9,170.057329594
25320,457.15,0.9,186.371737253
25340,463.7,0.85,161.926969114
25360,420.95,0.75,128.729346553
25380,463.05,0.75,138.042952253
25400,486.35,0.75,132.863183828
25420,425.7,0.9,154.239875593
25440,539.2,0.8,165.392990819
25460,426.5,0.9,170.098336166
25480,485.75,0.75,135.525080702
25500,413.1,1.0,189.662322339
25520,415.3,0.65,111.908728309
25540,462.0,0.85,164.733350838
25560,467.75,0.8,158.27483812
25580,465.9,0.85,158.249034828
25600,454.95,0.7,118.45530246
25620,389.7,0.85,148.161951861
25640,415.5,0.7,120.324277924
25660,439.75,0.7,113.445010717
25680,432.05,0.9,159.580068268
25700,534.7,0.5,72.1117376952
25720,459.55,0.8,152.423222322
25740,481.4,0.7,107.070790701
25760,419.75,0.7,114.7310287
25780,447.2,0.85,141.304420813
25800,499.4,0.65,107.882276103
25820,483.4,0.8,125.417647558
25840,480.6,0.6,79.8466448823
25860,475.9,0.65,90.2148599187
25880,423.45,0.65,95.7844123523
25900,503.35,0.65,78.0949061623
25920,483.1,0.6,68.1450029212
25940,560.55,0.6,112.928360998
25960,505.5,0.6,92.5735141343
25980,557.5,0.7,114.106707042
26000,524.3,0.55,88.0315503448
26020,521.85,0.7,108.432573548
26040,495.35,0.55,79.8046530571
26060,477.55,0.8,120.078266813
26080,546.5,0.65,105.228834544
26100,504.15,0.5,64.0814224756
26120,509.2,0.95,157.164175144
26140,551.45,0.75,131.585641186
26160,411.8,0.65,89.1748362027
26180,516.85,0.65,94.6921673526
26200,442.65,0.75,111.4256215
26220,407.75,0.8,127.065479758
26240,439.7,0.7,102.79892774
26260,496.85,0.75,137.3119168
26280,439.9,0.85,149.531931005
26300,479.3,0.7,123.139969333
26320,528.05,0.5,96.9764337518
26340,387.15,0.85,151.487035535
26360,440.3,0.7,118.971461654
26380,424.75,0.85,146.642900931
26400,426.95,0.65,116.946482122
26420,423.45,0.8,135.991447009
26440,387.4,0.75,130.181276246
26460,398.4,0.8,136.00994572
26480,353.05,0.9,173.29698412
26500,349.8,0.9,164.831736263
26520,424.45,0.8,158.084172211
26540,436.75,0.65,124.155603
26560,462.2,0.6,100.254605551
26580,327.85,0.6,91.8115444399
26600,411.05,0.75,125.268128482
26620,397.7,0.85,154.310836523
26640,342.5,0.8,147.05687759
26660,390.0,0.7,114.658220989
26680,314.85,0.65,100.073854597
26700,414.4,0.9,169.31306688
26720,342.9,0.85,153.284863088
26740,389.25,0.85,151.751018209
26760,379.0,0.85,163.023788593
26780,342.2,0.65,95.9345927168
26800,424.3,0.75,139.681471559
26820,339.8,0.9,166.789925879
26840,318.4,0.7,113.611133466
26860,332.6,0.9,171.260327409
26880,370.65,0.85,166.59518439
26900,342.4,0.9,172.497253979
26920,404.85,0.8,159.37532076
26940,408.65,0.75,145.332291367
26960,372.95,0.8,162.893055857
26980,372.4,0.85,170.397590489
27000,401.75,0.8,169.475360728
27020,452.1,0.7,146.751812582
27040,359.0,0.9,167.400668182
27060,353.85,0.95,189.765326254
27080,376.7,0.95,182.353671229
27100,386.2,0.85,176.546599913
27120,362.85,1.0,200.418016567
27140,393.2,0.9,184.684848608
27160,462.35,0.85,167.130564524
27180,386.8,0.85,164.623641362
27200,361.4,0.95,186.202704733
27220,351.1,0.9,181.069890633
27240,425.8,0.85,168.988290808
27260,359.0,0.95,190.193260677
27280,369.25,1.0,193.577767609
27300,399.35,0.9,184.055819004
27320,411.55,1.0,190.535692819
27340,437.9,0.9,183.153928632
27360,402.25,0.95,192.333383868
27380,430.65,0.95,173.761141005
27400,438.5,0.95,189.423823878
27420,376.95,0.9,172.95328511
27440,387.65,0.95,186.761683178
27460,421.9,0.9,184.311660997
27480,379.3,0.95,187.583831741
27500,375.05,0.95,184.933420494
27520,381.35,0.95,187.702206012
27540,392.4,1.0,201.188181831
27560,379.0,0.95,184.196554526
27580,455.4,0.85,171.906651478
27600,377.25,0.95,181.904614329
27620,410.05,0.95,181.517688229
27640,418.45,0.7,144.943614719
27660,394.1,0.75,131.622616205
27680,357.45,0.95,184.235777314
27700,389.25,0.85,174.177599965
27720,391.4,0.85,165.227247009
27740,357.5,0.85,166.67395881
27760,452.45,0.9,171.989175946
27780,360.85,1.0,203.104922256
27800,450.8,0.8,162.519474394
27820,344.55,0.8,155.166344006
27840,391.7,0.85,169.516621848
27860,379.45,0.85,163.591628294
27880,363.3,1.0,197.223874685
27900,367.55,0.95,174.881280598
27920,414.4,0.9,180.690943795
27940,359.25,0.9,175.582368853
27960,391.35,0.85,170.244386116
27980,396.05,0.85,179.208136338
28000,441.65,0.8,152.942200355
28020,388.95,0.8,146.804440142
28040,383.55,0.95,179.704338749
28060,392.65,0.8,147.395077063
28080,344.65,0.8,155.715346141
28100,349.7,0.9,175.438033283
28120,356.35,0.9,172.302994079
28140,389.35,0.9,161.124805917
28160,362.45,0.9,174.299273705
28180,363.7,1.0,202.047688312
28200,445.2,0.7,145.415260718
28220,357.15,0.9,176.759159311
28240,345.05,0.75,137.890939684
28260,376.5,0.95,181.217857035
28280,402.65,0.85,162.935981882
28300,372.15,0.85,164.846977466
28320,397.75,0.85,163.177872645
28340,394.35,0.9,173.458541969
28360,351.0,0.85,158.802770931
28380,366.15,0.9,178.314099726
28400,392.0,0.8,143.078090923
28420,375.95,0.9,160.968351766
28440,385.3,0.85,147.868837037
28460,383.65,0.75,147.439747053
28480,369.1,0.8,140.565463147
28500,360.3,0.85,155.160986081
28520,403.2,0.85,167.217361308
28540,426.9,0.75,149.55008023
28560,380.1,0.8,139.832123321
28580,441.4,0.95,185.811096199
28600,437.0,0.8,153.483710694
28620,384.65,0.9,166.129256884
28640,469.05,0.9,175.420491492
28660,439.2,0.75,141.352915001
28680,362.95,0.9,173.211961769
28700,393.4,1.0,194.299444295
28720,373.9,0.95,184.853980998
28740,386.2,0.9,168.289638938
28760,423.15,0.95,171.954911528
28780,396.15,0.95,174.620974473
28800,399.95,0.9,160.879587696
28820,388.25,0.9,176.429695264
28840,419.25,0.9,175.919727397
28860,373.3,0.9,164.57873622
28880,397.25,0.9,167.370457104
28900,427.3,1.0,192.507003675
28920,387.85,0.75,129.303129487
28940,387.8,0.9,172.506208528
28960,404.0,0.85,150.320028288
28980,464.15,0.85,155.216858902
29000,424.1,0.9,165.897773353
29020,520.8,0.9,169.172475243
29040,452.7,0.9,163.947333496
29060,406.45,0.9,161.56580161
29080,416.45,0.75,113.877330128
29100,423.3,0.95,176.794990654
29120,469.7,0.9,156.347254406
29140,401.85,0.95,185.246625888
29160,415.1,0.95,161.15635005
29180,474.6,0.9,164.387944947
29200,448.8,0.95,181.12361696
29220,417.6,0.85,138.603711668
29240,416.4,0.85,148.600107659
29260,408.75,0.95,181.104668997
29280,410.45,0.85,147.650766696
29300,403.8,0.8,136.811810612
29320,440.9,0.85,153.672326267
29340,411.9,0.9,157.418371177
29360,400.45,0.95,169.114131883
29380,417.75,1.0,184.166592592
29400,440.05,0.8,146.420887726
29420,408.25,0.8,140.169127412
29440,399.85,0.8,125.443977772
29460,394.7,0.9,171.317632232
29480,394.4,0.9,168.269868915
29500,380.95,0.75,119.960609829
29520,367.2,0.85,151.844025629
29540,374.75,0.8,144.471340187
29560,371.65,0.95,170.815465276
29580,346.9,0.8,143.556990085
29600,353.95,0.85,153.142519201
29620,365.65,0.8,136.334114946
29640,345.25,0.8,140.627253475
29660,360.95,0.65,97.240680267
29680,350.6,0.85,156.216992986
29700,312.65,0.75,133.658787908
29720,338.3,0.65,95.8884472377
29740,384.05,0.75,124.835020317
29760,442.15,0.8,141.867379222
29780,305.9,0.6,85.4402577484
29800,451.25,0.95,168.179350612
29820,365.0,0.6,93.4246877041
29840,376.8,0.8,141.094126622
29860,369.25,0.8,153.177194708
29880,348.3,0.95,178.204780273
29900,359.05,0.85,149.763541894
29920,376.2,0.75,127.683353972
29940,345.2,0.65,111.481940004
29960,359.75,0.75,140.599882745
29980,339.35,0.85,148.944165345
30000,418.2,0.85,145.18046815
