20,88.35,0.0,-385.790535387
40,89.6,0.0,-277.99181585
60,90.2,0.0,-239.024166626
80,89.1,0.0,-234.646392205
100,87.15,0.0,-226.438838781
120,86.95,0.0,-264.768763353
140,105.25,0.0,-236.589654533
160,98.0,0.0,-274.350033195
180,91.3,0.0,-185.252708567
200,99.5,0.0,-189.384832535
220,101.25,0.0,-209.930996114
240,110.75,0.0,-208.219583034
260,119.6,0.0,-212.718816422
280,147.4,0.0,-211.722135583
300,165.5,0.0,-203.574927849
320,166.95,0.0,-232.91423474
340,186.45,0.0,-191.129697649
360,162.7,0.0,-182.56125136
380,206.75,0.0,-213.718233714
400,210.95,0.0,-178.526008171
420,226.5,0.0,-156.561683945
440,206.05,0.0,-143.145277172
460,146.15,0.0,-143.076428495
480,286.25,0.0,-120.084906946
500,171.4,0.0,-150.732369697
520,165.05,0.0,-102.562495788
540,288.35,0.0,-154.012439069
560,220.65,0.0,-149.74400634
580,217.0,0.0,-110.572632891
600,263.75,0.0,-124.568821924
620,286.45,0.0,-90.1868942736
640,241.7,0.0,-100.244629028
660,251.45,0.0,-74.1944063069
680,362.85,0.0,-121.628493335
700,449.85,0.0,-87.6965746241
720,370.9,0.0,-82.1902848537
740,501.25,0.0,-80.2472800574
760,473.5,0.0,-93.4476490131
780,570.0,0.0,-112.733573049
800,514.1,0.0,-87.9638962904
820,543.3,0.0,-75.4055598186
840,591.75,0.0,-87.7938665495
860,587.6,0.0,-65.7464209548
880,633.25,0.0,-43.3553703584
900,675.05,0.0,-60.4457117069
920,553.0,0.0,-37.1031030161
940,341.0,0.0,-65.235795058
960,415.75,0.0,-65.1908633713
980,540.9,0.0,-60.8749173053
1000,429.55,0.0,-35.8272847386
1020,427.0,0.0,-31.0800567335
1040,511.7,0.0,-79.7601927454
1060,708.9,0.0,-61.1725674857
1080,799.9,0.0,-51.5760650297
1100,738.45,0.0,-28.623069967
1120,727.15,0.0,-67.9195845561
1140,738.75,0.0,-35.3891868572
1160,885.1,0.0,-18.9004729399
1180,702.55,0.0,-52.7417468629
1200,840.5,0.0,-27.8939590616
1220,693.8,0.0,-50.1736618301
1240,552.4,0.0,-34.5573831013
1260,532.95,0.0,-9.62791672842
1280,594.65,0.15,2.52179056794
1300,433.2,0.05,3.12250362144
1320,489.0,0.1,7.60859318528
1340,437.05,0.0,2.801452636
1360,582.65,0.05,16.0481536191
1380,529.85,0.0,0.294530077019
1400,588.7,0.0,4.04815223289
1420,570.95,0.05,13.1533593845
1440,492.9,0.0,8.87005778012
1460,504.7,0.15,18.2499829601
1480,690.85,0.0,23.6062099088
1500,679.6,0.05,7.23701779874
1520,709.75,0.0,39.3531039249
1540,849.25,0.0,60.4291353859
1560,889.95,0.0,64.0135628397
1580,805.3,0.0,40.1590929152
1600,784.75,0.05,38.2438885669
1620,776.15,0.0,34.538928136
1640,682.85,0.1,36.7986469482
1660,919.95,0.05,81.4582648359
1680,771.4,0.3,105.378738614
1700,608.95,0.4,104.028055491
1720,624.4,0.5,106.160822466
1740,480.15,0.8,171.877036632
1760,428.1,0.75,144.255423308
1780,371.45,0.5,93.4611871039
1800,433.9,0.75,132.702600192
1820,379.05,0.8,155.398408636
1840,342.55,0.8,154.513886982
1860,344.0,0.6,93.6197453929
1880,300.05,0.45,53.5263397174
1900,398.75,0.8,144.503443128
1920,322.5,0.85,163.263888277
1940,385.05,0.8,156.562131089
1960,341.25,0.7,101.315811862
1980,332.3,0.8,149.631022567
2000,394.85,0.8,135.884829704
2020,327.55,0.7,111.679719749
2040,331.6,0.6,89.1140937773
2060,341.1,0.65,96.4061428455
2080,359.5,0.8,145.394060557
2100,402.4,0.65,86.2528962711
2120,393.4,0.75,112.76069878
2140,410.8,0.65,81.158942789
2160,422.9,0.75,111.141411958
2180,450.2,0.8,115.875548086
2200,499.3,0.85,123.530596656
2220,455.75,0.75,114.054347041
2240,471.15,0.95,164.86174923
2260,458.55,0.8,106.996860666
2280,436.5,0.85,127.281292297
2300,406.05,0.75,125.376624334
2320,434.75,0.85,133.601982185
2340,384.0,0.85,144.549331446
2360,398.2,0.75,114.870996333
2380,377.9,0.8,135.881079828
2400,365.2,0.65,100.573320724
2420,372.1,0.8,149.368686093
2440,379.35,0.55,60.0144567305
2460,389.6,0.65,77.4710397157
2480,357.15,0.7,111.364284499
2500,384.45,0.7,101.161414231
2520,379.3,0.65,85.096645789
2540,376.0,0.85,146.876184754
2560,343.75,0.8,132.369931678
2580,332.8,0.6,79.740096915
2600,324.85,0.65,105.373531967
2620,352.1,0.7,103.67811215
2640,350.45,0.85,157.161291154
2660,339.25,0.7,107.690143063
2680,298.45,0.7,120.060083966
2700,318.15,0.8,146.628752588
2720,314.05,0.65,102.923009173
2740,333.95,0.75,120.194299358
2760,362.15,0.8,132.249877992
2780,356.4,0.75,118.771807291
2800,325.8,0.65,106.177175148
2820,334.4,0.75,121.476873825
2840,332.3,0.7,120.404247934
2860,301.0,0.75,137.018921141
2880,313.8,0.75,141.040138364
2900,350.15,0.85,141.806826009
2920,292.35,0.7,112.4712658
2940,307.6,0.65,105.222718611
2960,333.7,0.75,127.336033264
2980,360.05,0.7,107.864280311
3000,312.55,0.75,138.2310623
3020,322.25,0.6,87.3177295209
3040,344.65,0.75,134.924624578
3060,347.1,0.6,68.4125206326
3080,347.3,0.65,96.4426430922
3100,374.5,0.7,106.327945067
3120,377.5,0.65,92.4651730013
3140,374.9,0.55,59.3316431783
3160,419.6,0.9,141.918880923
3180,404.05,0.75,114.748667928
3200,413.7,0.9,161.570182605
3220,430.95,0.8,118.281383901
3240,425.95,0.8,126.506082888
3260,438.8,0.95,148.41382169
3280,459.9,0.85,126.306155093
3300,434.8,0.9,143.714194095
3320,422.2,0.7,94.2906548805
3340,472.8,0.85,109.978964325
3360,387.45,0.75,113.406642542
3380,393.0,0.9,154.305486093
3400,388.15,0.7,103.92504447
3420,418.9,0.75,98.5202208749
3440,382.1,0.9,144.643275537
3460,352.85,0.65,84.7352810277
3480,341.3,0.8,136.481243955
3500,335.7,0.8,128.393122244
3520,279.6,0.35,32.9269974539
3540,304.35,0.5,62.9008226227
3560,298.15,0.65,103.098053162
3580,268.65,0.35,34.9366502998
3600,242.7,0.3,5.65783702587
3620,282.85,0.6,95.7518878883
3640,288.8,0.6,102.234780706
3660,316.5,0.55,80.6776626463
3680,286.8,0.5,56.1762551233
3700,328.05,0.65,90.7925525412
3720,347.1,0.85,155.375492565
3740,347.95,0.7,101.804117138
3760,347.3,0.75,104.010608456
3780,316.35,0.45,28.2178150627
3800,395.9,0.8,106.422447128
3820,394.85,0.85,139.168769625
3840,410.75,0.8,126.699714844
3860,456.15,0.95,164.850430559
3880,462.1,1.0,173.248620402
3900,488.05,0.9,146.147425329
3920,570.75,0.85,113.238160424
3940,492.4,0.85,129.370997421
3960,525.4,0.75,90.8216598105
3980,564.2,0.75,89.1755156488
4000,582.6,0.7,76.7822953281
4020,600.3,0.6,42.947967919
4040,645.15,0.8,85.5424273569
4060,610.55,0.85,103.724244701
4080,613.75,0.85,120.760763859
4100,554.05,0.85,118.669096086
4120,517.95,0.95,160.710011873
4140,535.25,0.9,143.411021906
4160,484.8,0.9,139.316701911
4180,482.05,1.0,179.652517939
4200,437.35,0.75,113.344939458
4220,416.3,0.95,159.982214049
4240,403.7,0.8,129.186275354
4260,375.55,0.8,138.448926594
4280,343.95,0.6,106.745550796
4300,389.85,0.75,115.610340511
4320,354.8,0.75,121.009455878
4340,368.65,0.7,91.2501396447
4360,375.3,0.9,161.920614255
4380,383.7,0.7,103.881204358
4400,371.45,0.8,131.22683073
4420,392.3,0.85,145.19959275
4440,355.85,0.8,133.55151625
4460,359.75,0.9,171.548671286
4480,348.85,0.9,168.248095107
4500,351.15,0.7,116.859342128
4520,381.3,0.95,181.749557158
4540,355.95,0.75,137.208531657
4560,360.9,0.9,164.146863343
4580,345.35,0.8,151.054190713
4600,329.05,0.65,111.665890571
4620,357.8,0.95,188.500042198
4640,345.25,0.6,94.0918100291
4660,382.25,0.7,111.019682399
4680,341.8,0.6,102.03931358
4700,370.55,0.85,165.361100385
4720,385.05,0.65,108.653218579
4740,356.45,0.8,146.408749873
4760,375.65,0.8,141.265719743
4780,354.8,0.7,112.220770549
4800,347.8,0.7,113.186603007
4820,371.15,0.8,138.315401942
4840,367.1,0.8,136.924320923
4860,345.15,0.7,123.088149378
4880,357.05,0.75,133.664898723
4900,346.65,0.9,172.970754558
4920,339.5,0.8,145.420492141
4940,356.9,0.95,175.91272828
4960,361.3,0.85,158.331164171
4980,395.45,0.9,163.224082019
5000,369.35,1.0,183.445253419
5020,373.9,0.8,155.677147451
5040,412.25,0.95,168.455486838
5060,438.0,0.95,158.934229027
5080,418.3,1.0,179.612463001
5100,407.65,1.0,188.566806231
5120,384.6,0.8,138.034256738
5140,426.6,0.9,154.713534281
5160,472.85,0.95,153.651284685
5180,421.65,0.9,148.485939047
5200,425.9,0.85,132.773389622
5220,445.95,0.9,147.662906307
5240,458.65,1.0,175.227688199
5260,465.95,0.9,142.29675764
5280,410.8,1.0,194.973334291
5300,409.8,0.85,148.272064088
5320,375.5,0.85,153.021145452
5340,352.0,1.0,198.230472093
5360,367.35,1.0,197.666712512
5380,356.6,0.95,193.321307567
5400,373.75,0.95,180.335088016
5420,352.05,0.95,191.466713357
5440,356.25,0.9,172.210253569
5460,313.65,0.8,152.444001014
5480,354.35,0.8,143.633713454
5500,353.8,0.85,144.694186998
5520,342.95,0.95,176.748290757
5540,339.55,0.95,186.784139069
5560,290.25,0.8,152.145795597
5580,326.85,0.9,165.839903948
5600,292.4,0.95,189.623078429
5620,321.85,0.85,165.684605631
5640,268.0,0.7,129.193234735
5660,272.25,0.8,146.396285503
5680,278.85,0.5,84.8159580824
5700,267.2,0.8,157.682115295
5720,301.25,0.8,126.680765284
5740,298.5,0.7,117.256069135
5760,254.4,0.5,73.3755053529
5780,235.55,0.5,82.6152784778
5800,240.75,0.45,40.2246584797
5820,310.15,0.8,115.522310695
5840,260.35,0.7,115.154109348
5860,291.65,0.75,122.364732444
5880,236.9,0.35,19.1566708699
5900,273.2,0.65,97.2493094595
5920,312.9,0.85,159.889173809
5940,303.75,0.8,146.759988193
5960,300.2,0.75,129.683318621
5980,264.7,0.95,204.680699243
6000,286.6,0.8,145.684157013
6020,285.85,0.75,146.039785908
6040,326.6,0.85,153.753232967
6060,304.2,1.0,202.899132413
6080,316.7,0.95,198.906161405
6100,321.15,0.95,187.537920718
6120,310.45,0.8,160.532097533
6140,310.2,0.9,185.530635941
6160,293.5,0.95,201.84946289
6180,283.3,0.9,183.862331393
6200,337.45,0.85,158.534172451
6220,301.9,0.85,172.116632266
6240,275.85,0.85,177.436287673
6260,284.8,0.95,198.252760403
6280,289.65,0.9,188.770945933
6300,280.0,0.75,150.296175139
6320,305.6,0.9,186.786859106
6340,311.45,0.9,185.994536914
6360,305.7,0.8,157.553611517
6380,276.0,0.75,133.251488077
6400,278.1,0.75,141.706876623
6420,245.85,0.5,80.4220134944
6440,279.05,0.8,163.105582794
6460,270.0,0.7,111.009233152
6480,260.9,0.55,70.8390778892
6500,269.25,0.7,129.598046314
6520,296.85,0.8,142.587630472
6540,286.45,0.6,82.6147552734
6560,309.45,0.7,111.094599802
6580,279.25,0.7,120.173173875
6600,281.25,0.5,61.7279547405
6620,287.05,0.75,131.334079869
6640,310.15,0.6,82.7934797488
6660,280.9,0.7,124.461718732
6680,285.6,0.5,43.5737351087
6700,303.45,0.55,70.6219700525
6720,330.25,0.85,134.438987769
6740,316.3,0.75,123.911163405
6760,284.8,0.6,86.7182608631
6780,302.2,0.55,53.9552102375
6800,294.0,0.4,25.4251157219
6820,322.85,0.7,94.7616618591
6840,344.05,0.55,66.7644746187
6860,295.35,0.75,128.432193463
6880,335.45,1.0,199.333228376
6900,307.3,0.65,89.0661617051
6920,306.75,0.85,164.332105867
6940,323.8,0.85,152.684882365
6960,288.7,0.75,135.371841334
6980,273.25,0.7,128.372254942
7000,296.75,0.8,150.531349322
7020,302.1,0.75,136.097867117
7040,288.85,0.8,146.429095263
7060,321.85,0.9,182.317469565
7080,293.6,0.7,124.910810853
7100,362.05,0.95,186.237490332
7120,303.05,0.75,143.723296124
7140,312.25,0.85,173.77604568
7160,332.6,0.9,167.732128192
7180,327.9,0.95,183.549271376
7200,311.4,0.75,142.721382847
7220,342.85,0.8,148.180717932
7240,338.15,1.0,200.988599191
7260,309.65,0.7,123.635090075
7280,339.0,0.95,182.690821735
7300,302.35,0.8,156.895040345
7320,340.75,0.95,179.038580484
7340,325.05,0.85,169.044780788
7360,328.5,0.7,117.296643762
7380,337.05,0.9,176.027569923
7400,319.1,0.85,165.455576534
7420,333.6,0.9,185.308180344
7440,291.0,0.8,155.3926082
7460,306.65,0.9,173.820557886
7480,313.9,0.95,190.023130079
7500,289.85,0.75,145.466279423
7520,286.35,0.9,189.021290732
7540,294.5,0.55,92.7014495441
7560,320.2,0.95,186.10618917
7580,271.3,0.65,118.921695843
7600,305.65,0.8,155.009627664
7620,282.7,0.7,131.403086645
7640,312.65,0.75,140.475380993
7660,305.6,0.95,184.354075341
7680,292.45,0.75,138.682333354
7700,300.95,0.7,132.030567663
7720,305.75,0.8,143.154816036
7740,305.15,0.75,142.198394766
7760,280.75,0.75,145.256909801
7780,290.15,0.8,153.792119494
7800,263.55,0.55,95.478675077
7820,281.0,0.75,141.491509167
7840,293.65,0.75,140.008801692
7860,285.75,0.8,146.484233365
7880,258.2,0.4,54.8959160632
7900,272.45,0.7,132.095750341
7920,273.65,0.8,163.66086998
7940,284.45,0.8,153.083955428
7960,291.0,0.85,169.382229219
7980,306.4,0.85,151.775174045
8000,332.15,0.95,183.35707395
8020,323.35,0.85,150.23074201
8040,315.9,0.8,131.554784424
8060,305.8,0.7,112.738343804
8080,277.05,0.7,120.150283919
8100,307.55,0.85,154.391394694
8120,325.45,0.85,141.896517038
8140,289.7,0.8,162.158922445
8160,305.8,0.6,82.7284865061
8180,311.5,0.8,144.900914253
8200,313.8,0.65,88.3377675377
8220,328.25,0.8,140.567197682
8240,339.1,0.7,108.905845475
8260,317.45,0.9,164.193377757
8280,294.6,0.75,128.595393012
8300,329.5,0.75,130.371290329
8320,341.95,0.85,149.027008211
8340,305.6,0.75,122.786747632
8360,325.95,0.65,94.2679864696
8380,314.1,0.65,90.2373666534
8400,385.85,0.8,118.724888991
8420,353.25,0.75,109.588029166
8440,337.85,0.95,173.468040893
8460,356.65,0.7,97.8803741124
8480,336.4,0.8,133.582798531
8500,351.3,0.65,93.2019863561
8520,342.65,0.8,133.692892702
8540,332.65,0.85,145.737676568
8560,322.15,0.75,126.514292065
8580,299.55,0.4,25.7612299339
8600,336.4,0.65,99.9578335827
8620,348.75,0.85,135.347934809
8640,337.0,0.7,98.8397633907
8660,334.4,0.6,83.6708019371
8680,340.95,0.45,19.8941368568
8700,323.35,0.7,99.8412694159
8720,394.8,0.7,81.6215779312
8740,422.0,0.8,115.017084444
8760,408.2,0.65,54.2236946545
8780,420.7,0.65,67.913677081
8800,437.35,0.7,70.4691795335
8820,434.2,0.7,70.7157562045
8840,473.6,0.7,70.4518304222
8860,478.75,0.55,8.35007282868
8880,535.1,0.75,63.420705887
8900,537.8,0.75,79.5527952456
8920,588.05,0.7,49.1665144295
8940,488.35,0.7,68.4427557037
8960,536.9,0.75,61.1133641041
8980,569.8,0.85,97.83955573
9000,616.7,0.7,66.6534460415
9020,582.5,0.7,33.0316322354
9040,500.4,0.7,72.0319696052
9060,475.05,0.65,55.1682669031
9080,490.7,0.75,83.7558562401
9100,433.1,0.75,98.1073374498
9120,463.55,0.75,103.922153909
9140,414.35,0.75,106.320259157
9160,394.75,0.85,119.42824711
9180,358.55,0.75,117.87638554
9200,402.55,0.8,120.292315093
9220,387.0,0.7,92.287226004
9240,372.45,0.6,67.5060659566
9260,385.85,0.8,118.120461648
9280,377.05,0.65,78.5284455578
9300,383.4,0.75,104.36618358
9320,368.45,0.75,103.029873349
9340,416.65,0.9,155.901288607
9360,443.0,0.85,122.752305277
9380,387.8,0.75,106.524930083
9400,407.9,0.9,156.928460294
9420,396.6,0.75,101.595543201
9440,411.7,0.8,120.598499018
9460,369.6,0.8,129.375203002
9480,401.4,0.65,65.9918102257
9500,337.5,0.65,93.4490322382
9520,380.15,0.75,108.204822493
9540,350.05,0.65,91.2470217251
9560,388.95,0.8,119.820704302
9580,359.6,0.8,114.062625578
9600,379.55,0.65,81.2791606285
9620,420.95,0.8,96.5203936321
9640,366.25,0.65,82.4394109409
9660,388.95,0.75,102.360321829
9680,383.95,0.65,58.6551317645
9700,398.2,0.65,62.5196512281
9720,398.35,0.4,-13.7056186412
9740,327.3,0.5,22.5076760303
9760,381.05,0.6,43.2919405567
9780,337.55,0.4,-12.6677971725
9800,364.2,0.45,5.91330557446
9820,309.85,0.35,-24.1279973845
9840,342.6,0.65,78.6176108432
9860,349.0,0.5,6.73824500432
9880,287.8,0.4,-0.831002804645
9900,288.05,0.3,-18.8427414714
9920,275.05,0.45,4.60072677811
9940,280.05,0.35,-12.2640424985
9960,255.55,0.55,63.1594390213
9980,247.5,0.45,28.271315984
10000,246.55,0.45,29.4790774183
10020,285.15,0.45,-6.56636173642
10040,277.95,0.4,0.808138487238
10060,307.5,0.5,32.3512801243
10080,276.05,0.55,58.9924950629
10100,274.8,0.4,8.62974184106
10120,312.3,0.6,57.546311419
10140,242.8,0.45,35.1980510354
10160,272.45,0.4,11.9399905613
10180,294.65,0.55,45.6176083908
10200,230.55,0.25,-18.5013588739
10220,264.7,0.35,-11.0558507837
10240,261.05,0.45,41.8199800993
10260,219.0,0.45,50.3876181161
10280,320.75,0.6,50.6300894583
10300,268.8,0.6,72.172222829
10320,266.25,0.5,44.8566133827
10340,260.6,0.6,75.9450027722
10360,261.35,0.35,28.8381453516
10380,283.75,0.6,66.585097761
10400,240.2,0.3,-7.92626971996
10420,210.25,0.25,-9.80050406183
10440,228.9,0.35,13.3460334973
10460,258.95,0.65,82.6660367721
10480,263.35,0.55,59.7813635102
10500,255.55,0.4,-1.67639533765
10520,312.6,0.7,92.2236548346
10540,248.05,0.3,-21.5938132531
10560,269.4,0.6,67.14942747
10580,274.85,0.5,39.4167229036
10600,288.25,0.5,44.6726992158
10620,266.75,0.5,49.0688758318
10640,273.2,0.3,-7.17136122825
10660,294.2,0.6,67.8500225181
10680,279.55,0.55,48.3008145259
10700,286.85,0.4,0.945185952222
10720,279.05,0.5,38.7861746114
10740,268.65,0.55,42.923124309
10760,265.2,0.5,34.928564354
10780,288.9,0.65,85.5073392822
10800,259.95,0.55,56.5416804152
10820,284.45,0.55,65.2427180944
10840,293.85,0.45,33.0181254023
10860,272.4,0.5,32.3829287606
10880,302.1,0.55,54.3333550349
10900,282.0,0.5,33.5798534695
10920,318.15,0.65,81.092794234
10940,300.4,0.75,113.909941957
10960,328.8,0.5,38.4063352901
10980,291.55,0.75,117.710391633
11000,311.65,0.7,99.9313886446
11020,308.3,0.55,46.8876428757
11040,339.4,0.55,41.7975468592
11060,333.7,0.7,87.9644485653
11080,295.15,0.6,63.8744924815
11100,323.25,0.65,73.2449827469
11120,326.3,0.65,79.3468846656
11140,346.05,0.7,91.310572309
11160,312.7,0.7,95.4649157887
11180,341.7,0.75,96.4999920282
11200,341.05,0.55,56.6744191898
11220,349.85,0.75,91.0186828605
11240,359.35,0.6,53.5327338595
11260,369.9,0.65,64.6158599467
11280,405.1,0.85,110.384649958
11300,406.95,0.6,50.4297534256
11320,366.85,0.5,12.2993741818
11340,388.45,0.5,20.3355857053
11360,388.0,0.55,22.0519963721
11380,374.8,0.5,9.48721735853
11400,399.05,0.5,12.8138882617
11420,389.15,0.65,52.3952197748
11440,365.55,0.5,36.2040801136
11460,370.5,0.5,12.2949811752
11480,356.4,0.5,26.5146039346
11500,340.15,0.5,6.06926641329
11520,381.05,0.6,47.6501579802
11540,383.6,0.55,19.3746085551
11560,420.7,0.65,49.5549778272
11580,414.75,0.5,-6.68686693896
11600,412.1,0.45,-12.420482042
11620,453.55,0.6,24.6673547244
11640,434.5,0.6,36.7471658292
11660,457.7,0.6,35.6116823035
11680,492.4,0.65,39.2504155055
11700,438.2,0.5,0.678473870895
11720,515.65,0.55,4.06184921329
11740,492.2,0.65,33.0630529104
11760,468.15,0.55,23.9577941033
11780,439.45,0.35,-38.7397923509
11800,503.2,0.55,22.0711604977
11820,456.15,0.55,14.5043896922
11840,432.9,0.2,-91.4195465757
11860,494.1,0.5,-0.659157693119
11880,452.8,0.4,-20.5891264283
11900,491.35,0.6,20.0137369222
11920,469.8,0.45,-11.4208694095
11940,438.1,0.2,-110.227185499
11960,412.05,0.4,-25.7297324146
11980,483.35,0.4,-34.8730074251
12000,399.85,0.25,-80.5009538798
12020,471.05,0.6,14.2393204396
12040,428.55,0.55,16.1124380169
12060,425.25,0.4,-37.6643766839
12080,401.0,0.35,-50.5697104461
12100,438.8,0.4,-36.9039507896
12120,370.4,0.4,-23.49003822
12140,358.3,0.35,-30.4781054452
12160,433.65,0.6,14.9263994727
12180,336.55,0.15,-96.3642056706
12200,381.15,0.25,-69.0697324239
12220,404.55,0.3,-73.3919115022
12240,383.15,0.25,-66.1071029385
12260,385.75,0.5,-8.13497023568
12280,334.65,0.2,-80.9835885993
12300,320.85,0.3,-48.5847745411
12320,353.25,0.35,-44.5998997243
12340,367.55,0.2,-94.0987444161
12360,365.15,0.35,-22.5629207898
12380,491.65,0.65,17.2669772378
12400,358.5,0.4,-23.155471431
12420,387.25,0.25,-74.4418090869
12440,362.95,0.25,-73.5538822254
12460,415.0,0.3,-58.0534449555
12480,460.7,0.35,-50.2364294978
12500,420.3,0.35,-37.2969294198
12520,482.6,0.5,-16.3390697621
12540,456.45,0.3,-62.2812132563
12560,426.2,0.3,-64.2751665324
12580,512.1,0.4,-51.9831625143
12600,462.65,0.4,-46.3966028427
12620,444.95,0.25,-74.9021898881
12640,498.55,0.35,-52.0551708629
12660,508.75,0.45,-22.254893592
12680,524.5,0.45,-47.2766200229
12700,535.75,0.5,-9.95036219963
12720,450.05,0.35,-49.6109712499
12740,465.95,0.35,-53.212489147
12760,568.1,0.6,17.6635142733
12780,590.35,0.55,-6.0171951519
12800,546.15,0.25,-85.4870757827
12820,532.6,0.5,-28.2475187562
12840,556.7,0.5,-14.7941124172
12860,503.05,0.7,43.9376363798
12880,534.45,0.6,16.5439347955
12900,488.2,0.75,88.1342124763
12920,518.0,0.85,103.349715122
12940,480.25,0.75,90.1291640926
12960,489.4,0.8,96.4116864694
12980,487.6,0.7,79.9580054024
13000,523.6,0.85,117.157110133
13020,571.25,0.85,113.808341123
13040,525.4,0.9,132.925809651
13060,600.9,0.95,145.060375591
13080,568.1,0.9,130.328828535
13100,587.8,0.95,136.447102329
13120,559.0,0.9,128.618044844
13140,587.35,0.9,119.234125411
13160,555.6,0.9,126.878251567
13180,555.05,0.95,148.552394968
13200,507.5,0.75,103.414693215
13220,494.95,0.75,106.681335173
13240,505.6,0.85,133.254650118
13260,521.6,0.8,115.861078325
13280,495.7,0.8,113.047123898
13300,518.45,0.95,146.814167598
13320,545.55,0.9,139.469929177
13340,554.0,0.9,143.202069123
13360,552.2,0.8,113.28053521
13380,534.75,0.8,125.476878101
13400,524.6,0.85,126.854170118
13420,543.1,0.95,143.416064813
13440,539.0,0.95,154.430346703
13460,536.35,0.85,146.174923299
13480,499.9,0.8,111.836380207
13500,514.4,0.7,91.1921697344
13520,587.85,0.95,153.754424953
13540,569.8,1.0,158.799865045
13560,533.25,0.9,138.564583076
13580,562.1,0.9,134.555930012
13600,570.35,1.0,156.44808895
13620,519.9,1.0,166.882405746
13640,593.6,0.9,140.427485872
13660,552.3,0.9,138.858800892
13680,557.0,0.95,156.237665325
13700,582.75,1.0,166.32290299
13720,592.9,1.0,154.87689194
13740,555.4,0.95,152.69832854
13760,518.35,0.9,136.64187891
13780,522.1,1.0,169.744186944
13800,567.5,0.9,149.413960834
13820,523.95,0.95,153.681238265
13840,446.2,1.0,170.534618832
13860,421.0,0.75,132.143729541
13880,454.9,0.9,139.919961704
13900,452.0,1.0,177.030544101
13920,484.5,0.9,143.349908836
13940,426.4,1.0,193.160861296
13960,431.15,0.95,173.897002376
13980,449.55,0.9,163.568955385
14000,418.8,0.85,140.442803181
14020,419.45,0.95,163.964478543
14040,450.7,0.9,152.724901106
14060,367.3,0.6,87.2990660988
14080,389.2,0.85,147.004184264
14100,350.75,0.65,109.363211889
14120,409.2,0.75,92.3023072558
14140,353.25,0.8,136.41938082
14160,359.7,0.65,96.1784351088
14180,329.2,0.9,173.507714232
14200,366.9,0.7,120.615777892
14220,308.5,0.6,100.986567635
14240,315.5,0.7,114.173940572
14260,341.85,0.7,123.994209183
14280,323.65,0.75,132.170949398
14300,294.75,0.55,78.3152508824
14320,360.85,0.8,138.612024443
14340,310.65,0.65,106.213445924
14360,325.4,0.8,144.591301941
14380,392.25,0.75,124.523535118
14400,339.4,0.65,107.726728206
14420,363.3,0.8,142.720659392
14440,353.15,0.75,126.074391134
14460,363.65,0.8,146.654035251
14480,388.85,0.65,103.602672006
14500,338.55,0.85,147.458507255
14520,432.65,0.75,111.310854511
14540,377.8,0.65,92.1466081734
14560,397.25,0.75,120.936427731
14580,439.25,0.75,121.465645915
14600,476.35,0.7,100.173499391
14620,469.75,0.9,144.541526198
14640,382.5,0.8,144.090328354
14660,406.85,0.8,142.892817381
14680,390.75,0.85,142.210017516
14700,412.85,0.85,145.604928405
14720,393.35,0.85,151.415162689
14740,441.6,1.0,184.094422625
14760,418.15,1.0,189.988726561
14780,424.25,0.8,123.554923445
14800,416.4,0.9,158.682396019
14820,419.7,0.85,139.378204407
14840,405.45,0.75,109.172290508
14860,450.25,0.7,101.44592039
14880,400.5,0.85,150.775430147
14900,432.65,1.0,189.37186932
14920,396.6,0.65,83.753279333
14940,396.9,0.8,129.8248871
14960,453.3,0.8,119.780233736
14980,446.7,0.85,145.662828452
15000,439.15,0.85,134.375444348
15020,410.35,0.75,120.633632808
15040,435.95,0.7,89.21742494
15060,476.0,0.8,120.510727146
15080,459.8,0.7,98.8524603207
15100,470.4,0.8,131.322922106
15120,468.45,0.65,93.3960164334
15140,430.15,0.85,147.181556896
15160,444.3,0.85,136.794632414
15180,459.55,0.85,153.2663319
15200,435.2,0.9,148.93056966
15220,458.85,1.0,174.36654107
15240,419.05,0.9,161.323391977
15260,423.7,0.9,155.178308413
15280,407.4,0.85,147.19211319
15300,409.85,0.85,149.006231057
15320,403.6,0.8,131.234614308
15340,427.25,0.8,143.789155166
15360,382.4,0.9,168.833342563
15380,422.9,0.85,145.355639837
15400,401.75,0.85,143.499464539
15420,402.95,0.95,178.380273565
15440,381.8,0.75,116.542537011
15460,398.95,0.65,101.315679595
15480,379.65,0.8,130.661787747
15500,384.9,0.8,146.469804047
15520,408.8,0.95,177.679502691
15540,371.0,0.7,107.227939244
15560,385.4,0.75,130.638246354
15580,395.55,0.8,136.138014047
15600,379.7,0.8,126.395375192
15620,380.25,0.75,122.232847513
15640,364.4,0.85,151.404209164
15660,374.3,0.7,111.384911262
15680,378.9,0.8,132.443696565
15700,349.3,0.75,117.671007984
15720,380.3,0.75,118.954960065
15740,377.75,0.8,136.996020166
15760,370.9,0.7,117.852218329
15780,363.1,0.7,109.40874772
15800,375.5,0.75,124.355559512
15820,383.1,0.9,167.726196531
15840,366.35,0.85,137.86598025
15860,396.6,0.9,165.668690128
15880,350.4,0.7,111.579376486
15900,390.5,0.8,136.210906983
15920,405.7,0.7,107.963656414
15940,387.45,0.95,167.971644527
15960,402.9,0.7,122.040966979
15980,402.6,0.7,104.187964232
16000,383.6,0.75,112.552641189
16020,389.85,0.75,118.66343435
16040,394.9,0.8,128.550336125
16060,413.55,0.8,127.433185603
16080,404.35,0.85,130.36029073
16100,383.15,0.7,99.450612395
16120,398.25,0.85,147.336957368
16140,393.45,0.9,160.978448768
16160,396.75,0.9,160.724999491
16180,391.65,0.8,130.071385997
16200,444.1,0.65,93.9633645733
16220,372.2,0.8,133.866456123
16240,391.4,0.9,151.546006564
16260,359.5,0.65,94.7090734176
16280,368.7,0.9,158.415520232
16300,341.7,0.8,136.1329631
16320,383.4,0.95,171.406880244
16340,337.95,0.85,142.35071345
16360,345.65,0.7,119.993879007
16380,352.15,0.6,95.0361091105
16400,333.8,0.7,110.871822445
16420,406.1,0.75,104.791340227
16440,352.05,0.65,84.9595815482
16460,345.1,0.75,115.190057335
16480,427.9,0.75,90.2718045979
16500,336.85,0.5,50.0662067817
16520,401.65,0.8,120.562437564
16540,386.1,0.75,116.132252216
16560,440.8,0.8,108.99253859
16580,443.95,0.8,108.920325715
16600,435.1,0.7,63.6369242118
16620,479.75,0.6,18.7378592568
16640,506.2,0.6,10.4004362367
16660,519.5,0.85,111.220853693
16680,474.25,0.65,51.1898798098
16700,539.55,0.65,34.4966274434
16720,501.75,0.65,44.6547775161
16740,556.3,0.6,19.3966673412
16760,535.0,0.75,77.051951396
16780,563.65,0.7,53.9027632325
16800,505.3,0.65,57.2128941663
16820,586.2,0.7,43.2813058501
16840,526.45,0.65,40.0974131975
16860,482.9,0.9,122.3161852
16880,478.35,0.65,52.7080985256
16900,484.25,0.8,88.3884322939
16920,513.1,0.85,119.783346998
16940,500.85,0.9,128.776930043
16960,527.9,0.8,107.34172259
16980,577.7,0.7,78.8476599421
17000,508.75,0.65,63.792389281
17020,487.6,0.9,125.851992829
17040,573.75,0.8,92.5711169349
17060,575.45,0.65,59.0115326567
17080,642.1,0.6,6.10361380759
17100,616.35,0.7,69.2107763055
17120,627.15,0.6,34.3267257798
17140,608.45,0.5,10.2908328482
17160,692.75,0.6,27.7978882499
17180,734.3,0.55,35.1435205923
17200,693.25,0.6,-0.122297237333
17220,658.6,0.8,90.512575397
17240,632.45,0.65,93.0512707795
17260,655.6,0.65,59.050308737
17280,695.2,0.7,62.2094117866
17300,623.55,0.7,92.6353105969
17320,612.4,0.85,124.648471849
17340,533.5,0.95,148.275143127
17360,575.15,0.85,124.927276297
17380,643.45,0.7,72.3836171841
17400,483.05,1.0,161.127803471
17420,474.4,0.9,142.791697708
17440,517.65,0.9,148.727843762
17460,451.55,0.95,168.020427334
17480,501.4,0.8,128.511232832
17500,434.6,0.95,163.19842358
17520,508.8,0.9,155.171457269
17540,395.95,0.65,92.3728018476
17560,449.45,1.0,185.954760016
17580,406.85,0.95,162.160071322
17600,470.1,0.9,143.552452825
17620,456.85,0.9,153.546837043
17640,400.35,0.8,126.171253786
17660,436.05,0.7,96.2997026809
17680,395.55,0.6,55.7230572613
17700,420.3,0.65,66.0296885464
17720,468.3,0.55,57.7738497279
17740,461.4,0.85,111.692148436
17760,512.2,0.75,84.8215243788
17780,498.9,0.75,61.2704920811
17800,594.2,0.8,93.9261294153
17820,435.5,0.4,-22.6655989152
17840,528.15,0.55,5.17166354781
17860,496.9,0.65,23.7823466679
17880,545.4,0.45,3.75903757974
17900,548.25,0.45,-25.3541653892
17920,461.05,0.35,-49.3590303725
17940,451.95,0.3,-73.4613609081
17960,526.45,0.45,-23.9510207767
17980,489.6,0.35,-59.7614040362
18000,447.75,0.4,-71.2874392224
18020,504.6,0.3,-93.4112521893
18040,459.7,0.2,-82.7952219403
18060,469.3,0.25,-72.7165370854
18080,491.7,0.25,-89.6382928955
18100,591.35,0.35,-33.6637845746
18120,574.3,0.6,-1.55015050699
18140,591.55,0.5,-44.5820866159
18160,608.35,0.6,-27.3764430176
18180,670.0,0.7,29.7989711161
18200,679.9,0.7,40.4685477065
18220,640.75,0.45,-22.0869959531
18240,636.5,0.7,58.9527556793
18260,628.95,0.65,27.7801301116
18280,655.35,0.5,-7.1358164102
18300,535.0,0.65,45.59963428
18320,629.55,0.6,16.8869408304
18340,593.6,0.6,29.5759688199
18360,634.2,0.65,49.2122194662
18380,589.9,0.45,7.48397917595
18400,664.3,0.55,39.8596567847
18420,576.25,0.55,15.3029191076
18440,597.75,0.6,34.9262533532
18460,604.1,0.65,72.5752296318
18480,625.75,0.7,81.1368213974
18500,535.1,0.65,69.2631128026
18520,543.85,0.65,76.6588759211
18540,504.95,0.8,106.932553398
18560,556.65,0.8,88.4738527178
18580,527.6,1.0,169.292752804
18600,504.85,0.9,152.07106363
18620,491.5,0.7,109.3222424
18640,520.15,1.0,167.877371175
18660,464.35,0.75,105.725718938
18680,447.55,0.9,152.670937229
18700,459.15,0.85,132.995104276
18720,416.95,0.8,129.319635076
18740,428.6,0.75,108.464872584
18760,393.85,0.85,159.042767535
18780,423.7,0.8,137.203772118
18800,388.1,0.9,167.041137574
18820,371.1,0.75,122.644089945
18840,394.0,0.75,112.384562502
18860,377.4,0.75,118.043209358
18880,372.4,0.8,141.796426087
18900,361.45,0.8,136.956357462
18920,373.05,0.8,134.820705655
18940,365.25,0.6,90.0337867264
18960,355.15,0.7,126.081249667
18980,331.85,0.65,100.60767621
19000,330.8,0.6,90.3048050251
19020,330.7,0.6,78.490256388
19040,370.25,0.85,139.865137357
19060,353.0,0.8,133.559375545
19080,324.75,0.6,94.7648348736
19100,348.05,0.75,125.390564323
19120,341.8,0.75,128.085523656
19140,414.1,0.6,73.0953603772
19160,347.5,0.7,111.827841033
19180,366.3,0.5,67.2019965
19200,331.2,0.85,160.436000679
19220,315.95,0.7,128.220025976
19240,298.6,0.6,100.170331995
19260,315.8,0.7,126.407275119
19280,350.35,0.75,124.37615998
19300,363.65,0.9,169.375525183
19320,354.55,0.85,147.805693954
19340,354.25,0.75,117.995111286
19360,399.45,0.75,132.626954111
19380,376.45,0.8,135.742531324
19400,348.3,0.8,137.043873003
19420,333.7,0.75,128.381137854
19440,352.2,0.8,141.552681997
19460,334.9,0.8,139.896989556
19480,335.1,0.85,167.223155698
19500,353.85,0.9,165.068747197
19520,343.2,0.8,126.428686729
19540,397.3,0.8,153.500023753
19560,327.4,0.8,148.129207727
19580,326.7,0.55,95.7853032576
19600,339.7,0.65,120.536168462
19620,313.05,0.65,118.202364959
19640,290.1,0.75,133.86334074
19660,281.1,0.65,111.377156036
19680,295.5,0.7,123.825695247
19700,329.25,0.9,165.438429241
19720,300.5,0.6,97.9737895091
19740,366.6,0.9,171.909162619
19760,324.05,0.75,125.507747554
19780,336.4,0.85,152.281669573
19800,346.3,0.75,140.476240337
19820,355.5,0.85,156.504441146
19840,290.35,0.55,84.615241868
19860,291.55,0.7,116.425796767
19880,316.9,0.8,134.435881331
19900,276.55,0.7,132.466812185
19920,314.95,0.6,112.544454165
19940,311.55,0.8,132.175172888
19960,376.2,0.75,153.299163089
19980,358.5,0.85,159.460372099
20000,323.25,0.75,118.179552554
20020,338.85,0.9,163.828404114
20040,326.45,0.7,102.303558901
20060,281.6,0.55,76.732923804
20080,319.8,0.7,105.168231445
20100,328.9,0.65,83.8194229405
20120,352.1,0.85,148.200245669
20140,351.3,0.75,127.446416748
20160,349.75,0.65,105.337993937
20180,316.45,0.9,179.906454564
20200,368.35,0.7,110.128181388
20220,392.35,0.9,150.047785237
20240,320.65,0.75,130.608049332
20260,311.85,0.8,150.235910606
20280,311.9,0.65,104.575828232
20300,378.65,0.8,145.315936622
20320,342.2,0.85,150.949859632
20340,360.5,0.65,111.329756706
20360,357.85,0.8,145.820205869
20380,334.25,0.95,181.048139982
20400,347.25,0.95,181.639925478
20420,371.05,0.8,152.126509614
20440,349.4,0.85,148.542623311
20460,395.4,0.85,162.150382394
20480,379.2,0.7,133.637513507
20500,342.9,0.85,157.120189313
20520,331.2,0.85,152.770632559
20540,308.7,0.7,121.824886271
20560,353.2,0.75,151.426130584
20580,386.7,0.7,130.548462253
20600,305.65,0.75,145.418104491
20620,337.0,0.7,129.98395529
20640,338.15,0.9,176.474594398
20660,382.15,0.7,122.451624036
20680,414.35,0.9,180.426360809
20700,345.65,0.8,155.713631458
20720,361.1,0.75,141.450909289
20740,340.9,0.7,135.274716154
20760,295.45,0.85,164.068922804
20780,321.0,0.7,132.820041001
20800,369.05,0.8,153.378777515
20820,333.9,0.9,172.309521838
20840,286.2,0.65,116.345568011
20860,325.9,0.7,128.338185357
20880,297.85,0.8,158.495112775
20900,330.95,0.5,87.1780443488
20920,390.4,0.85,173.02449388
20940,321.2,0.95,189.970110101
20960,354.55,0.95,177.391404357
20980,346.7,0.75,154.733199428
21000,356.1,0.8,160.303643903
21020,381.35,0.8,149.339725995
21040,301.95,0.85,164.255643764
21060,367.95,0.8,158.009249369
21080,417.9,0.7,143.178028226
21100,329.2,0.55,93.0732829719
21120,409.75,0.8,147.888684071
21140,386.9,0.65,119.551038339
21160,364.15,0.7,116.541085247
21180,407.65,0.8,159.878063114
21200,365.95,0.7,121.370723864
21220,360.35,0.7,113.63845832
21240,414.9,0.8,145.4777872
21260,378.0,0.75,130.296995687
21280,436.5,0.7,118.549789365
21300,385.6,0.7,124.574749422
21320,424.85,0.65,102.415231914
21340,353.3,0.8,138.254890245
21360,405.8,0.8,151.621564078
21380,341.85,0.9,156.552706095
21400,378.05,0.7,144.743075286
21420,441.5,0.55,83.6615674123
21440,422.45,0.65,98.7444900116
21460,394.65,0.75,115.320921703
21480,347.75,0.85,157.871190098
21500,339.6,0.85,150.457963844
21520,345.8,0.8,140.793640491
21540,415.15,0.7,133.624330327
21560,343.4,0.8,148.01272246
21580,357.45,0.7,126.743956866
21600,348.0,0.8,144.082772849
21620,369.75,0.7,115.971327375
21640,335.25,0.85,163.604112137
21660,329.4,0.8,143.666254164
21680,350.65,0.8,153.483120627
21700,462.8,0.7,136.816374147
21720,416.3,0.85,161.312015901
21740,332.1,0.75,133.643158941
21760,317.0,0.85,165.110991912
21780,322.65,0.8,148.356980461
21800,389.0,0.8,159.937067275
21820,374.95,0.95,186.878617046
21840,455.2,0.75,142.990512058
21860,431.75,0.85,177.137849309
21880,424.3,0.85,167.542532098
21900,402.85,0.95,184.258924015
21920,369.2,1.0,193.221875989
21940,398.25,0.85,165.520410885
21960,454.5,0.85,168.836005004
21980,407.2,0.9,168.758120233
22000,411.0,0.8,148.955756384
22020,371.3,0.9,164.931847502
22040,373.9,0.75,135.86620118
22060,472.0,0.75,155.794534705
22080,414.6,0.85,157.211161475
22100,390.7,0.75,134.741916427
22120,359.05,0.8,145.499159348
22140,408.65,0.8,144.169317072
22160,369.7,0.95,183.367774014
22180,394.65,0.8,149.01880426
22200,414.45,0.85,160.705172524
22220,429.05,0.8,156.72216916
22240,423.0,0.6,109.002841147
22260,462.75,0.8,145.252140356
22280,415.1,0.85,165.519835623
22300,452.75,0.8,157.633735628
22320,449.1,0.8,158.705331003
22340,408.7,0.85,168.215421279
22360,368.6,0.85,150.116708421
22380,409.05,0.9,179.592786043
22400,423.05,1.0,183.613597958
22420,421.4,0.85,157.867487592
22440,447.85,0.85,168.86012332
22460,417.35,0.85,147.722477881
22480,454.55,0.8,140.849254225
22500,509.55,0.55,103.658081374
22520,421.15,0.95,173.862046464
22540,393.4,0.9,152.522398827
22560,424.7,0.8,153.792957946
22580,484.9,0.75,148.302428679
22600,399.75,0.85,162.599753165
22620,414.85,0.65,117.138188179
22640,374.85,0.85,161.099933483
22660,357.65,0.9,169.002869472
22680,420.1,0.75,142.022403887
22700,523.35,0.55,110.88582891
22720,336.65,0.75,129.472304382
22740,418.35,0.7,124.326660661
22760,456.55,0.7,131.81532145
22780,404.75,0.7,132.117673877
22800,415.0,0.85,157.411996666
22820,483.75,0.75,150.244420558
22840,441.35,0.7,115.230611578
22860,413.85,0.9,180.403192932
22880,397.1,0.7,105.904402825
22900,418.1,0.75,125.434215258
22920,387.35,0.7,104.264994916
22940,434.55,0.7,113.862728452
22960,390.35,0.85,129.980044286
22980,407.9,0.6,64.3520427947
23000,404.6,0.75,97.7261116953
23020,452.85,0.6,71.833239828
23040,419.85,0.5,56.2758055286
23060,355.7,0.6,79.2517304063
23080,429.35,0.7,108.613059976
23100,423.35,0.6,84.1846747896
23120,412.0,0.8,122.838591322
23140,384.95,0.75,101.820057631
23160,326.15,0.8,131.87057149
23180,338.5,0.6,70.3516901674
23200,348.2,0.4,32.5809160733
23220,315.85,0.45,32.714567429
23240,379.2,0.5,55.7410629492
23260,346.15,0.75,123.630924848
23280,391.65,0.7,104.927523101
23300,311.35,0.65,98.3216246355
23320,378.4,0.75,114.888770148
23340,309.45,0.4,26.5039232802
23360,360.8,0.8,138.175755467
23380,309.2,0.7,109.530317226
23400,356.2,0.7,117.918969563
23420,315.6,0.55,56.9822795192
23440,330.15,0.75,127.524673116
23460,323.35,0.75,100.166059025
23480,359.2,0.7,106.248746464
23500,302.4,0.6,85.7056227939
23520,394.3,0.7,118.287506865
23540,311.45,0.8,134.19770264
23560,361.55,0.7,105.74169814
23580,333.45,0.55,81.7255148674
23600,353.9,0.9,162.989949828
23620,381.0,0.55,65.6455237103
23640,439.85,0.65,102.826326685
23660,346.05,0.85,160.752491092
23680,386.2,0.8,136.41384759
23700,383.7,0.55,67.8903178893
23720,486.1,0.7,141.522370017
23740,378.6,0.8,136.408646099
23760,337.9,0.8,132.591592466
23780,349.3,0.8,130.431492663
23800,417.3,0.65,94.2032022906
23820,350.95,0.8,141.355197871
23840,384.0,0.65,96.5871234991
23860,378.8,0.65,107.489546607
23880,402.3,0.75,128.240573621
23900,422.5,0.85,132.253278768
23920,392.05,0.85,135.338284812
23940,407.9,0.7,118.815673102
23960,429.3,0.7,127.098206337
23980,371.2,0.85,154.216329865
24000,389.4,0.85,131.29780491
24020,394.35,0.85,136.275195257
24040,360.25,0.75,109.580914455
24060,367.35,0.8,125.560200959
24080,337.9,0.7,109.698988802
24100,384.15,0.95,171.855978638
24120,350.2,0.75,122.919271419
24140,410.65,0.65,100.827897043
24160,337.6,0.5,78.322018651
24180,343.65,0.75,116.212659862
24200,334.1,0.85,155.84553142
24220,356.15,0.8,132.064737032
24240,319.5,0.6,68.5363760834
24260,315.65,0.95,168.18535626
24280,303.35,0.7,114.407006641
24300,321.95,0.55,80.5747892741
24320,280.45,0.7,122.868449594
24340,328.7,0.75,124.034726448
24360,348.1,0.65,98.2030603616
24380,329.4,0.7,107.771306008
24400,319.25,0.7,109.926511891
24420,301.2,0.6,88.8105844316
24440,286.35,0.5,56.6136876221
24460,327.4,0.4,20.7748781844
24480,305.9,0.55,62.2476872613
24500,323.95,0.7,98.7951011942
24520,344.1,0.75,108.43796257
24540,325.35,0.65,90.0518194835
24560,325.3,0.8,138.616136406
24580,362.15,0.7,119.150850841
24600,384.35,0.8,127.493444396
24620,363.95,0.65,89.9375603058
24640,381.15,0.7,95.7172245804
24660,383.1,0.85,133.635830434
24680,449.1,0.8,125.441023291
24700,409.7,0.8,127.093994655
24720,461.85,0.75,104.612945259
24740,389.9,0.75,123.18817445
24760,463.55,0.8,107.621074328
24780,525.35,0.95,144.879858134
24800,569.4,0.85,105.820649496
24820,510.75,0.85,121.560433215
24840,544.05,0.75,96.6222199317
24860,480.35,0.85,117.914060891
24880,555.35,0.75,72.081783776
24900,573.05,0.8,98.9781593141
24920,569.05,0.65,57.9558669428
24940,527.65,0.9,128.440585147
24960,592.7,0.7,66.3761103507
24980,620.45,0.95,124.189232721
25000,561.75,0.7,75.3064601096
25020,542.3,0.85,120.703530126
25040,581.75,0.95,139.08008483
25060,630.0,0.8,99.9833252851
25080,552.85,0.85,137.458564628
25100,578.15,0.9,142.637566281
25120,490.15,0.9,140.98296014
25140,481.0,0.9,149.05424582
25160,499.75,0.9,163.230115341
25180,492.05,0.9,152.548373547
25200,460.8,0.9,150.722562738
25220,525.35,0.85,158.456680818
25240,427.5,0.9,158.884993117
25260,416.85,0.95,174.694462381
25280,527.5,0.8,152.47416115
25300,399.25,0.95,175.017640519
25320,431.95,0.95,179.201741499
25340,430.9,0.85,162.750131476
25360,379.3,0.95,183.716360269
25380,370.3,0.75,122.734362305
25400,379.15,1.0,199.980773987
25420,427.6,0.85,153.590591958
25440,417.15,1.0,183.794284074
25460,426.6,0.8,139.537478295
25480,392.55,0.95,180.653444695
25500,455.5,0.85,164.41004997
25520,427.75,0.8,142.315395136
25540,421.5,0.8,146.048798813
25560,413.7,1.0,186.675888377
25580,511.15,0.8,165.352339853
25600,474.55,0.95,160.420364239
25620,496.3,0.85,143.739248503
25640,496.15,0.9,148.504738689
25660,474.75,0.8,133.918851651
25680,457.1,0.6,76.6303725711
25700,540.85,0.9,151.716944689
25720,482.8,0.8,125.184747671
25740,479.95,0.75,102.573387035
25760,522.95,0.8,123.213717202
25780,491.7,0.7,92.9766489208
25800,520.1,0.55,80.6161858007
25820,426.1,0.8,127.482322414
25840,388.4,0.8,128.173836667
25860,383.4,0.8,136.088282005
25880,475.95,0.85,152.437663
25900,343.55,0.9,180.858157512
25920,364.1,0.85,157.749007062
25940,415.7,0.65,125.303423309
25960,367.35,0.8,152.04687267
25980,358.65,0.85,157.096458021
26000,359.6,0.95,191.95977915
26020,377.15,0.7,118.496382508
26040,391.85,0.85,164.164783268
26060,393.85,0.85,166.758616692
26080,369.95,0.95,182.218602994
26100,369.3,0.7,107.216451204
26120,432.15,0.85,151.714025118
26140,401.6,0.8,125.424895019
26160,371.05,0.8,140.684627826
26180,403.4,0.95,178.510784452
26200,400.7,0.8,126.72474472
26220,385.85,0.7,127.482502701
26240,426.2,0.8,151.222750156
26260,430.05,0.95,176.386685455
26280,413.45,0.85,158.615488514
26300,381.55,0.9,158.422938381
26320,362.25,0.7,118.021215724
26340,447.3,0.8,130.194958286
26360,348.15,0.7,124.666478728
26380,403.65,0.9,151.094389113
26400,350.15,0.7,122.362527645
26420,347.15,0.65,111.792436068
26440,375.6,0.95,180.828085327
26460,369.4,0.85,150.76076801
26480,482.35,0.9,168.01115833
26500,438.75,0.9,170.382378845
26520,412.8,0.95,168.684174662
26540,427.6,0.95,163.122216926
26560,406.4,0.95,171.028500726
26580,435.0,1.0,181.416554893
26600,406.6,0.9,159.017918869
26620,449.05,1.0,183.071059551
26640,455.55,0.9,159.721360436
26660,401.1,0.9,167.094788416
26680,431.25,0.9,163.722316142
26700,438.85,1.0,187.349439153
26720,422.25,0.9,155.644987847
26740,449.55,0.8,134.709412167
26760,502.9,0.9,155.715710331
26780,439.3,0.85,153.141888263
26800,446.3,0.75,103.865294311
26820,444.75,0.75,103.575874476
26840,450.35,0.9,144.317884177
26860,451.0,0.8,139.59978375
26880,508.35,0.8,142.940529816
26900,521.3,0.85,149.502041965
26920,444.85,0.9,149.531106518
26940,449.7,0.8,139.352186526
26960,490.1,0.8,129.107429543
26980,523.6,0.85,146.824316722
27000,496.25,0.75,102.366940734
27020,539.65,0.8,135.624650588
27040,507.0,0.9,146.400192802
27060,551.5,0.75,113.769496165
27080,551.15,0.9,159.776415613
27100,521.9,0.8,115.299273945
27120,526.3,0.85,150.097156819
27140,502.15,0.75,115.965919596
27160,555.1,0.8,138.58586947
27180,493.45,0.8,124.2217938
27200,502.5,0.9,163.753598775
27220,527.75,0.75,126.599079973
27240,509.8,0.9,161.303326519
27260,452.1,0.9,140.212938099
27280,452.1,0.95,170.348893629
27300,477.15,1.0,171.850646416
27320,502.75,0.85,139.483873139
27340,455.95,0.9,157.911913392
27360,458.3,0.95,171.930354573
27380,525.8,0.9,169.42120663
27400,478.9,1.0,180.040595421
27420,468.15,1.0,193.067694719
27440,508.95,0.95,175.40597219
27460,525.4,1.0,155.843370669
27480,528.85,0.95,137.492591887
27500,521.9,0.9,139.871879416
27520,512.7,0.75,106.110497947
27540,558.85,0.95,135.292207541
27560,544.9,0.9,125.576890997
27580,576.1,0.9,129.353526121
27600,493.6,0.9,137.690266905
27620,486.45,0.8,100.416874448
27640,534.4,0.9,125.566994639
27660,505.0,1.0,161.548787758
27680,453.15,0.75,111.088749236
27700,472.15,0.8,114.431469292
27720,463.3,0.8,123.147330279
27740,442.25,0.75,103.109928415
27760,471.65,0.8,97.8325083185
27780,497.6,0.7,80.311773395
27800,468.95,0.7,80.6681373425
27820,460.75,0.8,107.565414822
27840,455.45,0.75,89.2868728216
27860,504.4,0.8,94.3186292727
27880,465.9,0.7,64.3956438491
27900,486.3,0.75,97.8047272155
27920,496.85,0.75,111.96101134
27940,444.95,0.95,146.383327915
27960,436.95,0.85,129.644711496
27980,477.95,0.9,123.605970998
28000,480.25,0.85,135.039100265
28020,495.6,0.8,116.5039941
28040,461.25,0.95,154.50146409
28060,503.85,0.85,123.509076183
28080,449.15,0.75,95.895123505
28100,426.0,0.8,135.02648829
28120,457.75,0.9,134.155003221
28140,485.3,0.85,138.081127313
28160,542.9,0.95,146.819279953
28180,482.5,0.9,142.318341331
28200,531.75,0.9,135.093439139
28220,480.7,0.9,155.950170727
28240,463.1,0.95,159.478258391
28260,546.2,0.9,138.058187842
28280,472.15,0.95,150.750755347
28300,536.45,0.85,144.849045405
28320,483.0,0.95,164.199588084
28340,491.95,0.95,153.657591925
28360,521.65,0.9,150.473637231
28380,516.85,0.95,174.627160864
28400,499.9,0.9,165.250078967
28420,467.6,0.9,151.425373623
28440,481.05,0.95,166.774126723
28460,569.35,0.85,153.77325589
28480,479.25,1.0,171.488222568
28500,495.55,0.85,155.921501971
28520,506.0,0.9,173.431254345
28540,504.15,0.9,156.257214688
28560,469.55,1.0,184.353680632
28580,506.45,0.9,176.40506843
28600,453.35,1.0,182.298909394
28620,467.4,1.0,185.090694369
28640,437.3,1.0,184.471239356
28660,427.75,1.0,193.241068634
28680,436.8,0.9,178.175306954
28700,411.4,1.0,188.43627401
28720,406.8,1.0,193.152031098
28740,418.7,0.95,175.026935581
28760,383.2,0.85,164.636450584
28780,406.2,1.0,192.283425784
28800,396.65,1.0,200.15430327
28820,397.2,1.0,196.3565602
28840,380.05,1.0,200.594024393
28860,411.25,0.95,187.647871416
28880,405.4,1.0,191.309205709
28900,410.4,0.95,183.697672213
28920,409.6,1.0,199.711493762
28940,393.7,0.95,185.265365267
28960,409.3,0.95,184.364508464
28980,400.15,0.95,181.16466872
29000,369.45,0.95,187.037166418
29020,386.35,0.9,158.660399267
29040,364.05,0.95,185.226413979
29060,346.75,1.0,201.186544572
29080,368.7,0.9,176.034422688
29100,394.85,0.8,151.628649134
29120,391.9,0.85,170.663930337
29140,399.2,0.95,195.322609223
29160,348.15,0.85,152.962146267
29180,409.1,0.85,176.776816017
29200,397.3,0.9,179.106191506
29220,423.15,0.95,190.953683084
29240,368.3,0.95,186.613252929
29260,375.05,0.75,145.943566586
29280,368.95,0.9,186.41274697
29300,350.05,0.9,176.035165995
29320,369.8,1.0,194.82136844
29340,372.05,0.85,169.791087273
29360,393.05,0.8,173.936593859
29380,322.2,0.8,153.727628879
29400,343.65,0.95,191.917613663
29420,360.4,0.75,150.299625576
29440,362.85,0.9,176.180705403
29460,413.15,0.8,151.345223041
29480,376.0,0.85,166.667959871
29500,364.8,0.95,194.19761507
29520,360.5,0.85,175.211631137
29540,328.95,0.7,144.259412489
29560,354.85,0.85,152.994882485
29580,352.0,0.95,182.127415103
29600,320.45,0.9,178.404553071
29620,342.2,0.85,158.322607846
29640,343.0,0.75,131.341473775
29660,347.05,1.0,193.923755678
29680,347.0,0.8,139.257729655
29700,335.75,0.9,176.078721683
29720,366.65,0.9,163.220336526
29740,451.5,0.75,117.831176398
29760,401.5,0.85,153.873016584
29780,378.4,0.85,140.224062093
29800,391.7,0.8,150.976961159
29820,377.9,0.75,112.802553018
29840,392.0,0.85,126.003276606
29860,442.7,0.75,115.340800083
29880,369.65,0.7,106.906378707
29900,445.4,0.9,150.526383289
29920,464.45,0.8,113.594159448
29940,440.8,0.85,116.954385075
29960,430.05,0.85,122.561900597
29980,417.7,0.85,133.603838543
30000,442.55,0.7,101.411370738
