20,110.2,0.0,-256.020160016
40,93.15,0.0,-214.871539271
60,97.9,0.0,-213.155831723
80,106.7,0.0,-207.662777375
100,111.2,0.0,-229.654961304
120,106.25,0.0,-280.727161466
140,133.15,0.0,-294.972721383
160,121.65,0.0,-305.02474819
180,126.05,0.0,-290.722284184
200,141.05,0.0,-285.69519613
220,149.9,0.0,-256.593032125
240,191.65,0.0,-281.401967129
260,165.7,0.0,-366.211689105
280,172.9,0.0,-371.85248288
300,164.1,0.0,-406.416122643
320,162.35,0.0,-368.328097239
340,212.2,0.0,-464.082508273
360,193.0,0.0,-396.830005515
380,205.95,0.0,-397.348842078
400,202.7,0.0,-388.139983023
420,202.6,0.0,-333.943553415
440,197.75,0.0,-273.149910396
460,249.55,0.0,-246.197755639
480,197.85,0.0,-260.074611007
500,275.65,0.0,-177.993366326
520,248.5,0.0,-111.650425414
540,240.4,0.0,-120.315309505
560,236.1,0.0,-62.1117229847
580,215.15,0.0,-61.4961587629
600,297.15,0.0,-36.1850413764
620,455.2,0.0,-46.5272749137
640,389.65,0.0,-44.8247777475
660,446.75,0.0,-49.9413372555
680,609.7,0.0,-36.8067245286
700,693.6,0.0,-37.1751818005
720,777.4,0.0,-47.8989564407
740,795.25,0.0,-35.0018804167
760,579.3,0.05,-3.31136680164
780,510.75,0.0,-23.2137174621
800,351.55,0.05,-6.30405044955
820,367.8,0.15,5.78879592653
840,395.95,0.15,-0.0761884322304
860,337.1,0.15,9.28435417275
880,458.25,0.3,23.5857952371
900,479.5,0.4,59.9716548954
920,534.0,0.55,49.7008556267
940,500.25,0.4,18.6306685073
960,688.65,0.45,2.5132576207
980,559.15,0.65,62.1641931473
1000,580.1,0.5,24.7923517754
1020,691.35,0.7,25.4055897859
1040,799.55,0.6,13.0525091905
1060,774.75,0.5,-10.7263002358
1080,685.7,0.4,-10.4382504586
1100,697.0,0.45,-38.0942617571
1120,789.3,0.4,-40.6923613864
1140,829.7,0.35,-112.945467613
1160,965.8,0.1,-127.012602296
1180,973.4,0.05,-127.24852652
1200,902.05,0.2,-75.5768373723
1220,907.8,0.55,18.2595968285
1240,826.5,0.8,69.9072354945
1260,729.05,0.6,50.8411534543
1280,738.4,0.7,78.5750108939
1300,658.2,0.85,119.231249318
1320,583.45,0.6,89.6313252299
1340,437.8,0.5,79.5840826456
1360,428.45,0.7,117.036584457
1380,506.35,0.5,74.657640788
1400,311.15,0.55,80.8320979358
1420,338.3,0.45,44.0316448393
1440,294.55,0.7,104.319654812
1460,377.85,0.35,30.947690614
1480,406.65,0.55,83.9837448957
1500,328.95,0.6,79.2724627234
1520,498.35,0.45,66.525700749
1540,399.0,0.65,78.6147393622
1560,481.15,0.6,84.4365074397
1580,533.05,0.65,91.0875350011
1600,610.55,0.5,53.3941207032
1620,597.65,0.75,110.068356188
1640,665.25,0.75,116.035435374
1660,794.5,0.4,51.1612839233
1680,845.2,0.5,77.2519618276
1700,820.65,0.5,86.3600505298
1720,909.7,0.35,81.618667648
1740,1000.0,0.0,61.9167451668
1760,944.5,0.15,92.8421806093
1780,866.2,0.2,92.9206284595
1800,637.4,0.5,117.803822042
1820,568.9,0.45,94.4539983236
1840,459.9,0.35,54.4432264296
1860,392.5,0.35,51.2928823466
1880,401.55,0.3,53.196345189
1900,386.45,0.25,31.287300404
1920,328.35,0.45,80.6816224525
1940,366.65,0.45,83.8817879028
1960,281.2,0.25,38.0174947589
1980,203.5,0.2,17.2509305503
2000,239.85,0.15,9.20133729174
2020,161.45,0.05,-8.24338501609
2040,220.25,0.15,18.4540979339
2060,194.95,0.0,-16.2312371896
2080,205.8,0.05,-15.9739166285
2100,325.55,0.15,15.5923799385
2120,280.4,0.3,50.5649767785
2140,256.05,0.3,43.1197080777
2160,320.65,0.25,43.754946038
2180,312.0,0.25,42.1623676022
2200,242.7,0.25,30.5916904511
2220,291.3,0.4,78.3022667978
2240,417.9,0.35,75.692327445
2260,379.9,0.35,69.1606137177
2280,382.45,0.7,147.025391623
2300,517.3,0.45,98.643840779
2320,531.55,0.45,112.014399264
2340,668.1,0.35,81.6769912044
2360,628.0,0.55,139.39524579
2380,719.9,0.5,133.18235502
2400,712.65,0.6,140.71762103
2420,897.95,0.4,121.647206449
2440,913.2,0.3,110.730455081
2460,1000.0,0.0,80.8565122151
2480,875.4,0.0,77.7234087435
2500,900.5,0.1,99.9270798152
2520,901.6,0.15,92.5607394032
2540,790.35,0.2,83.4959003981
2560,538.5,0.5,116.423712603
2580,593.45,0.4,104.070402248
2600,541.95,0.45,86.7834442074
2620,569.55,0.25,56.8566700325
2640,535.15,0.3,52.4462515496
2660,237.9,0.4,35.7652111001
2680,304.85,0.3,19.6494311063
2700,414.95,0.2,20.7491681114
2720,254.35,0.25,-3.44824015057
2740,378.25,0.25,12.6815945764
2760,334.15,0.25,13.3980595738
2780,284.15,0.3,10.528187052
2800,317.25,0.45,42.8843526048
2820,260.7,0.2,-33.6701415251
2840,291.0,0.3,-0.0444142951444
2860,257.9,0.25,-15.3323741246
2880,232.45,0.4,0.813459080487
2900,281.45,0.3,-1.25897228864
2920,247.25,0.15,-52.5022253406
2940,308.9,0.3,-12.9859727788
2960,277.5,0.2,-32.5541437104
2980,236.1,0.45,5.20268132512
3000,274.7,0.25,-29.6594015301
3020,266.2,0.4,-5.55142070162
3040,233.1,0.3,-7.05374022828
3060,286.5,0.45,4.7710649753
3080,331.45,0.45,21.5073359167
3100,299.75,0.25,-19.0892189441
3120,414.05,0.4,18.4806808214
3140,376.6,0.1,-37.1961927201
3160,297.85,0.15,-61.4135221494
3180,425.5,0.2,-15.0097430649
3200,248.65,0.35,-19.091221731
3220,254.7,0.3,-24.2418114389
3240,284.0,0.4,-6.15555393712
3260,233.95,0.2,-42.6078987809
3280,306.0,0.35,-26.1963044954
3300,331.2,0.3,-17.2257344407
3320,292.5,0.25,-36.8820635986
3340,393.5,0.25,-39.6782283221
3360,343.05,0.4,-5.86761208025
3380,328.2,0.25,-43.858869422
3400,344.25,0.4,-31.0278188316
3420,317.8,0.25,-82.202383472
3440,471.15,0.35,-40.0230356051
3460,388.35,0.2,-76.2985125115
3480,542.1,0.3,-60.147407563
3500,534.1,0.1,-90.5891247652
3520,700.0,0.2,-87.6547171327
3540,573.45,0.0,-137.540522691
3560,602.35,0.0,-127.915523863
3580,795.65,0.0,-118.103485943
3600,884.95,0.1,-81.5640946221
3620,954.4,0.0,-105.802776881
3640,945.3,0.05,-104.77323286
3660,894.7,0.05,-72.1825352792
3680,852.9,0.2,-39.0797575501
3700,586.6,0.2,-58.1705488956
3720,719.3,0.3,-2.66623130158
3740,814.05,0.4,41.9516704406
3760,683.6,0.55,64.2033040236
3780,689.45,0.45,37.77552744
3800,699.0,0.35,49.6226001976
3820,730.85,0.25,24.5904602739
3840,670.05,0.4,55.0592758828
3860,674.2,0.5,85.014806913
3880,769.15,0.45,88.6262755486
3900,687.95,0.45,95.7970473756
3920,805.85,0.35,100.577027591
3940,870.3,0.25,90.8532548832
3960,900.8,0.25,106.241056871
3980,969.95,0.05,90.0146693988
4000,1000.0,0.0,91.6926038043
4020,1000.0,0.0,90.3143965835
4040,1000.0,0.0,79.2565623892
4060,947.15,0.1,93.1831977079
4080,956.0,0.15,93.937305162
4100,959.1,0.15,86.7920841231
4120,1000.0,0.0,80.3815460723
4140,1000.0,0.0,78.2553378686
4160,1000.0,0.0,75.8605450466
4180,1000.0,0.0,79.7662115527
4200,966.75,0.05,72.807798522
4220,1000.0,0.0,78.4444962181
4240,1000.0,0.0,81.5889129445
4260,1000.0,0.0,76.1613921476
4280,1000.0,0.0,70.6083879176
4300,1000.0,0.0,64.9588172766
4320,1000.0,0.0,67.8442162644
4340,1000.0,0.0,66.0711954284
4360,1000.0,0.0,67.5321082293
4380,983.95,0.05,61.2790393641
4400,960.5,0.1,78.6510013656
4420,1000.0,0.0,80.5678556434
4440,1000.0,0.0,72.6223802114
4460,970.85,0.05,77.7847223676
4480,1000.0,0.0,73.4033053533
4500,1000.0,0.0,74.8254444181
4520,1000.0,0.0,68.5084200761
4540,1000.0,0.0,64.4843919342
4560,1000.0,0.0,66.7809022999
4580,1000.0,0.0,78.1737471096
4600,1000.0,0.0,70.3505534065
4620,968.1,0.05,95.0863176435
4640,964.95,0.0,81.3609923434
4660,1000.0,0.0,86.9345559056
4680,964.85,0.0,80.9786728165
4700,1000.0,0.0,82.5475139902
4720,961.55,0.0,81.6381855648
4740,877.3,0.0,80.0320957262
4760,766.2,0.0,57.8290670562
4780,727.8,0.0,52.4422381794
4800,643.2,0.0,45.0997629435
4820,486.9,0.05,40.5736879747
4840,767.25,0.05,77.5854810489
4860,512.8,0.05,50.5303666941
4880,476.35,0.05,47.2536465349
4900,547.6,0.2,86.8068703348
4920,511.8,0.1,60.0896034638
4940,587.7,0.05,57.415145365
4960,672.5,0.0,59.339205302
4980,592.9,0.0,46.3462693905
5000,581.5,0.15,68.4233878275
5020,560.05,0.0,43.5407646878
5040,597.9,0.05,56.1015990853
5060,592.75,0.0,49.8995013975
5080,726.6,0.05,75.1342138785
5100,771.7,0.1,77.5315338968
5120,802.6,0.0,59.662427132
5140,717.75,0.1,79.0648778795
5160,645.1,0.15,69.1160896796
5180,792.45,0.15,89.7728968071
5200,712.35,0.15,84.5912145255
5220,726.25,0.4,125.68042968
5240,864.05,0.05,96.3280527386
5260,769.05,0.05,69.2211397156
5280,720.6,0.2,91.6388144284
5300,793.25,0.2,100.850677082
5320,887.45,0.05,99.820639677
5340,882.05,0.05,99.3916256519
5360,880.15,0.0,76.9982617248
5380,960.05,0.0,88.5377751815
5400,798.45,0.0,65.7993421858
5420,921.55,0.0,78.3375399386
5440,845.9,0.05,80.461934857
5460,962.0,0.0,75.8842058999
5480,841.85,0.0,73.7393643403
5500,843.65,0.1,87.0305108868
5520,775.9,0.15,92.2822047254
5540,919.8,0.0,74.4715162394
5560,869.15,0.1,83.0984806433
5580,745.0,0.2,98.4735646629
5600,731.45,0.25,115.938788745
5620,957.75,0.15,114.295362634
5640,895.65,0.15,121.647455672
5660,913.7,0.0,90.3046882699
5680,921.95,0.0,78.2132466084
5700,635.55,0.65,151.029130614
5720,807.4,0.35,120.009297345
5740,806.6,0.4,128.010183501
5760,766.9,0.4,124.272016732
5780,883.75,0.25,108.559531505
5800,736.4,0.65,153.270445887
5820,787.0,0.5,137.807336104
5840,789.9,0.5,132.688880034
5860,716.85,0.55,141.799009228
5880,705.15,0.6,134.333508834
5900,754.35,0.55,136.360535903
5920,645.45,0.7,156.386903911
5940,739.75,0.5,130.723386142
5960,722.85,0.65,147.389945807
5980,745.95,0.55,133.318945338
6000,786.65,0.5,131.449742554
6020,744.05,0.55,133.971622773
6040,756.2,0.5,117.53795928
6060,830.75,0.45,129.520761442
6080,750.75,0.6,141.971259764
6100,848.1,0.4,121.066496158
6120,906.65,0.3,106.81464283
6140,886.35,0.3,108.426317857
6160,852.55,0.35,113.923417814
6180,698.1,0.8,165.485530408
6200,924.7,0.25,102.798273664
6220,1000.0,0.0,75.3529799457
6240,954.7,0.0,80.1391514299
6260,956.25,0.0,87.3636643818
6280,955.8,0.0,78.2007103971
6300,954.8,0.0,83.732667954
6320,960.7,0.05,103.762662771
6340,898.3,0.15,114.690610632
6360,657.5,0.15,79.2251039326
6380,769.75,0.15,97.3423758555
6400,780.85,0.25,112.0240788
6420,465.8,0.2,48.5719800919
6440,528.4,0.2,62.4743529623
6460,446.75,0.25,50.1686718479
6480,441.25,0.35,77.2639095799
6500,356.55,0.2,21.9405745253
6520,458.6,0.25,49.216863013
6540,508.3,0.3,63.8523039228
6560,544.0,0.35,80.0689874015
6580,504.95,0.4,96.8532384763
6600,323.8,0.45,70.6915442153
6620,405.25,0.2,20.78768967
6640,389.5,0.15,14.5323117087
6660,380.05,0.15,18.6766050136
6680,453.4,0.25,39.7510669779
6700,345.65,0.3,28.8811544558
6720,445.25,0.2,39.4116309799
6740,273.55,0.15,-6.70185544642
6760,282.15,0.3,28.5003941964
6780,437.75,0.2,28.2740732559
6800,296.25,0.05,-20.4949303487
6820,299.4,0.1,-23.6964251979
6840,310.05,0.25,14.4548690006
6860,318.2,0.3,34.4194429073
6880,373.45,0.2,16.8810506604
6900,426.45,0.2,34.7864298332
6920,296.95,0.15,-5.07576758197
6940,296.35,0.35,31.5161512259
6960,388.65,0.3,34.7441010801
6980,296.8,0.15,-0.239220994226
7000,454.4,0.3,47.4362465424
7020,504.65,0.35,63.8004013895
7040,412.0,0.3,38.3764765518
7060,445.55,0.2,28.5090020576
7080,437.3,0.5,79.4655743985
7100,499.8,0.5,91.9937669143
7120,336.05,0.55,84.5969073601
7140,394.05,0.6,91.060921661
7160,455.1,0.5,89.6215636328
7180,514.8,0.5,78.7153629868
7200,646.35,0.5,109.019090466
7220,536.35,0.45,84.6754290387
7240,573.4,0.6,120.562503392
7260,587.25,0.3,60.6711977437
7280,535.55,0.7,141.473812851
7300,470.45,0.55,100.489504497
7320,519.2,0.55,101.06123699
7340,528.9,0.8,140.683384237
7360,625.25,0.5,114.353919987
7380,628.65,0.6,115.29569425
7400,501.55,0.65,116.853250157
7420,517.45,0.5,91.1726618726
7440,554.8,0.55,118.90449783
7460,621.75,0.45,107.694675211
7480,514.2,0.7,132.510197995
7500,619.75,0.75,152.071495298
7520,657.3,0.5,128.6189865
7540,552.35,0.5,110.818910791
7560,618.55,0.6,126.689792815
7580,537.65,0.5,116.877671276
7600,696.35,0.4,102.808887742
7620,475.45,0.75,155.789819987
7640,597.85,0.55,120.4338398
7660,563.3,0.75,153.723449434
7680,582.85,0.55,124.646071195
7700,511.35,0.8,160.951042871
7720,628.9,0.45,111.898239756
7740,611.85,0.65,148.180145719
7760,670.2,0.6,141.592650457
7780,685.95,0.55,137.105156756
7800,714.65,0.55,140.200180487
7820,597.7,0.6,130.088607004
7840,693.75,0.5,130.628258269
7860,779.6,0.4,112.512893168
7880,797.8,0.45,115.832926728
7900,859.3,0.35,109.201649567
7920,686.1,0.65,147.568223412
7940,696.1,0.7,136.807342086
7960,637.95,0.7,140.265697879
7980,644.1,0.65,120.013368878
8000,724.55,0.65,121.823869146
8020,733.25,0.6,112.915885206
8040,750.1,0.55,108.745040901
8060,741.3,0.45,95.64131102
8080,761.65,0.4,93.6831647987
8100,727.5,0.65,115.539413523
8120,651.35,0.7,121.155590047
8140,803.25,0.45,95.8929292229
8160,632.5,0.7,118.935772116
8180,763.4,0.55,120.658395937
8200,681.55,0.65,143.221078096
8220,661.65,0.65,131.332629731
8240,613.15,0.8,150.925551719
8260,612.7,0.65,143.309599031
8280,711.4,0.5,128.900413595
8300,703.9,0.65,145.472632249
8320,575.95,0.65,152.39189134
8340,597.0,0.6,142.891051248
8360,648.35,0.65,154.316676349
8380,559.6,0.65,132.832669501
8400,666.7,0.5,120.852387813
8420,682.35,0.55,131.755555779
8440,600.1,0.6,114.817830242
8460,599.5,0.45,107.507081186
8480,656.25,0.5,123.438444981
8500,709.05,0.45,122.841319087
8520,683.65,0.55,134.912165368
8540,634.1,0.6,135.715915048
8560,704.65,0.45,125.193562197
8580,632.7,0.55,124.449047873
8600,559.55,0.8,162.085632361
8620,681.5,0.45,118.637806835
8640,578.55,0.85,169.868742008
8660,538.55,0.8,152.200204265
8680,576.05,0.8,164.736340939
8700,595.9,0.8,158.887270831
8720,750.65,0.4,108.82353427
8740,631.25,0.6,135.646461023
8760,662.55,0.7,149.1946409
8780,721.85,0.65,146.747289369
8800,702.95,0.65,138.323216572
8820,637.25,0.65,134.045852728
8840,751.55,0.55,132.98128184
8860,649.75,0.75,160.789963793
8880,634.35,0.7,134.556506486
8900,544.3,0.85,162.990138419
8920,492.4,0.9,170.296395076
8940,547.35,1.0,172.563689611
8960,658.15,0.8,147.953100393
8980,508.2,0.95,173.190714263
9000,593.1,0.75,155.546716786
9020,536.3,0.95,180.862621233
9040,530.0,0.8,161.485501304
9060,584.6,0.8,154.549778148
9080,607.45,0.7,149.840114942
9100,670.5,0.7,153.235698227
9120,778.75,0.45,110.749622088
9140,844.45,0.3,104.560376545
9160,803.3,0.45,109.499934043
9180,811.95,0.35,119.708692732
9200,818.35,0.25,95.7783468939
9220,680.8,0.45,131.844709171
9240,541.25,0.65,146.247817528
9260,638.8,0.65,145.647470847
9280,578.2,0.7,166.7572347
9300,667.55,0.55,131.8532258
9320,631.35,0.6,148.291000252
9340,657.8,0.45,115.495058297
9360,661.35,0.4,108.428607809
9380,604.3,0.45,117.272113011
9400,707.95,0.3,94.3221315413
9420,606.05,0.65,159.751587104
9440,734.25,0.5,121.788638621
9460,553.35,0.45,110.978321309
9480,579.85,0.6,135.857193816
9500,565.95,0.6,150.871700194
9520,575.1,0.55,140.326195004
9540,580.55,0.65,153.44037421
9560,487.5,0.8,175.603939539
9580,571.2,0.7,171.320394978
9600,589.25,0.75,177.647239236
9620,708.1,0.5,140.88738549
9640,611.5,0.7,166.694327235
9660,514.4,0.85,175.974357853
9680,416.3,0.9,194.1762039
9700,525.1,0.75,174.236116196
9720,567.25,0.65,149.822942572
9740,522.35,0.7,165.881591929
9760,495.9,0.65,157.969268161
9780,504.2,0.8,176.307038989
9800,452.75,0.8,171.508215301
9820,340.8,0.8,160.318202598
9840,470.5,0.7,162.202624818
9860,537.3,0.75,163.141696534
9880,399.8,0.75,155.462425376
9900,466.35,0.85,182.569755432
9920,473.45,0.75,170.567011362
9940,509.05,0.8,169.691033324
9960,439.05,0.9,182.08998928
9980,517.4,0.55,124.419408807
10000,483.1,0.75,151.954192545
10020,554.55,0.65,156.293133972
10040,675.0,0.45,118.142218206
10060,404.1,0.85,172.137026456
10080,430.0,0.8,165.497021681
10100,437.35,0.75,164.040687681
10120,446.0,0.9,181.867565487
10140,468.45,0.9,176.251933183
10160,403.85,0.9,177.686218956
10180,525.95,0.9,177.574659037
10200,548.8,0.75,163.817784177
10220,615.6,0.7,139.557899845
10240,556.75,0.75,156.895073208
10260,522.7,0.65,134.623719348
10280,720.95,0.6,136.450763937
10300,628.5,0.75,163.685634943
10320,590.5,0.8,173.000819423
10340,699.4,0.6,147.724536025
10360,648.2,0.7,154.512471282
10380,568.85,0.7,161.609355616
10400,579.75,0.8,153.36670018
10420,665.55,0.55,141.528746399
10440,730.6,0.55,133.346047126
10460,725.95,0.6,139.18508177
10480,499.75,0.65,142.81972549
10500,509.05,0.8,164.040389379
10520,428.65,0.85,176.9375144
10540,369.2,0.9,177.55117789
10560,491.8,0.75,159.865542347
10580,440.25,0.75,156.504359895
10600,444.8,0.85,161.410541157
10620,478.05,0.65,141.145324643
10640,412.9,0.85,173.273465922
10660,398.45,0.9,182.465594139
10680,417.85,0.9,181.690045005
10700,343.65,0.8,162.311657393
10720,542.8,0.65,147.385629222
10740,422.3,0.8,163.77464259
10760,393.45,0.85,169.698905257
10780,416.1,0.7,157.862488322
10800,483.0,0.85,186.651117785
10820,378.0,0.75,152.966193525
10840,527.95,0.8,164.606445288
10860,531.15,0.75,164.267205748
10880,434.7,0.9,183.40542687
10900,454.55,0.7,148.7533913
10920,450.55,0.9,183.045947946
10940,387.45,0.85,176.768288855
10960,393.8,0.95,193.832850041
10980,490.25,0.8,160.922122599
11000,493.0,1.0,193.609116106
11020,450.0,0.9,179.092455617
11040,458.2,0.95,182.987828451
11060,397.4,0.85,173.413994349
11080,478.55,0.9,185.354483151
11100,514.65,0.8,172.712645248
11120,441.95,0.75,152.864575927
11140,493.75,0.85,164.77647018
11160,497.15,0.8,161.643148413
11180,623.35,0.85,160.953015227
11200,647.3,0.75,152.226310039
11220,664.55,0.65,141.764570019
11240,794.15,0.6,138.356487493
11260,660.05,0.55,125.504816792
11280,699.8,0.5,113.343998556
11300,794.7,0.3,103.362465245
11320,816.9,0.45,123.635422909
11340,909.7,0.5,129.452286494
11360,917.15,0.2,92.249450284
11380,612.3,0.4,101.346418316
11400,846.8,0.35,111.631525551
11420,956.4,0.0,80.8791380919
11440,828.7,0.0,72.8527800052
11460,954.8,0.0,93.299587059
11480,1000.0,0.0,83.7149191868
11500,924.2,0.05,97.5021708561
11520,953.65,0.0,87.0524732838
11540,868.3,0.0,76.3483101574
11560,1000.0,0.0,93.2006238135
11580,911.15,0.0,92.3902749231
11600,916.8,0.0,87.3538346381
11620,954.0,0.0,93.5114297402
11640,1000.0,0.0,92.2650301941
11660,956.05,0.0,90.8688344249
11680,954.35,0.0,83.2262508423
11700,935.3,0.05,92.8723926374
11720,1000.0,0.0,87.1832184912
11740,1000.0,0.0,96.2176206479
11760,912.65,0.0,77.8910573858
11780,1000.0,0.0,87.0194998983
11800,954.85,0.0,86.9750978337
11820,954.75,0.0,84.3288479512
11840,845.95,0.1,93.6506548308
11860,823.6,0.0,69.5319975686
11880,851.8,0.1,97.3291052679
11900,853.6,0.15,107.452841816
11920,810.45,0.1,82.4756590213
11940,745.0,0.3,100.126275431
11960,716.8,0.25,92.9730213246
11980,760.8,0.2,82.0955270536
12000,800.95,0.2,93.6493112937
12020,819.1,0.3,119.080629497
12040,781.5,0.3,102.867818607
12060,810.65,0.25,117.007502445
12080,833.1,0.2,107.589784049
12100,883.2,0.05,88.0762384482
12120,848.55,0.1,83.4100988008
12140,1000.0,0.0,88.1949237238
12160,925.9,0.05,87.5883967913
12180,956.15,0.0,84.2235984542
12200,920.95,0.05,85.4216416867
12220,956.45,0.0,81.6198158214
12240,864.8,0.0,69.5706405659
12260,963.9,0.0,79.6339714424
12280,954.35,0.0,79.6207776595
12300,862.3,0.1,80.286841294
12320,935.6,0.3,93.8097339782
12340,888.2,0.5,125.848122106
12360,833.95,0.6,129.753361393
12380,699.55,0.85,172.216654173
12400,729.0,0.65,150.257010596
12420,770.45,0.5,123.906917133
12440,660.35,0.5,115.434131945
12460,739.8,0.6,133.490236586
12480,787.75,0.7,141.633143015
12500,644.4,0.8,171.144872757
12520,650.8,0.5,124.767083337
12540,621.35,0.65,143.591794022
12560,657.95,0.8,156.865963657
12580,737.85,0.7,150.034595332
12600,689.75,0.8,158.825586944
12620,732.4,0.9,163.693175485
12640,907.85,0.4,107.098645954
12660,886.05,0.1,95.7800735751
12680,863.55,0.05,81.6492906923
12700,892.3,0.15,77.4161547925
12720,804.6,0.8,153.052074595
12740,825.0,0.65,134.760939718
12760,654.65,0.9,158.399636343
12780,582.35,0.7,149.883614469
12800,614.45,0.75,162.62190677
12820,724.3,0.55,135.792340711
12840,733.3,0.55,121.929274829
12860,761.65,0.45,128.414054801
12880,893.2,0.2,74.0515997323
12900,794.4,0.6,129.046365775
12920,817.35,0.35,89.9620790488
12940,898.75,0.4,100.591078909
12960,792.55,0.45,97.1826656675
12980,825.85,0.35,91.4217043133
13000,855.05,0.4,99.2687880461
13020,818.05,0.45,108.289774703
13040,903.0,0.4,98.3018492828
13060,818.2,0.35,86.156844505
13080,846.85,0.5,97.0356452052
13100,835.7,0.6,118.262858998
13120,857.95,0.55,110.487110078
13140,686.55,0.9,136.972952139
13160,722.85,0.75,130.953919607
13180,658.0,0.85,146.461483432
13200,770.65,0.6,102.51669829
13220,769.95,0.75,142.336888597
13240,884.95,0.4,101.456128485
13260,773.0,0.2,72.1948166599
13280,939.0,0.2,76.3674178565
13300,994.6,0.1,54.1536369369
13320,944.85,0.55,111.707943565
13340,846.5,0.8,132.689737717
13360,684.6,0.8,145.675689699
13380,621.8,0.85,144.512870339
13400,677.85,0.7,139.193453262
13420,686.0,0.65,112.405990167
13440,745.65,0.55,126.736798725
13460,764.5,0.4,97.6006520638
13480,834.55,0.45,113.19921559
13500,827.95,0.25,84.7164307952
13520,774.55,0.35,96.5599551484
13540,905.35,0.2,94.4188501679
13560,849.1,0.35,110.345522117
13580,749.25,0.45,115.862742731
13600,748.85,0.45,113.3087219
13620,690.9,0.3,91.1900080457
13640,638.1,0.5,117.576272693
13660,615.9,0.3,82.7401322405
13680,588.05,0.45,108.525917315
13700,618.7,0.65,148.195336928
13720,582.4,0.55,127.138512701
13740,577.6,0.65,149.12248146
13760,578.15,0.65,153.949796512
13780,665.9,0.55,137.323309555
13800,581.35,0.3,73.8523593254
13820,560.45,0.6,137.781118905
13840,590.9,0.6,138.825551762
13860,684.4,0.45,118.215796073
13880,594.1,0.8,167.089721421
13900,609.4,0.55,132.995190986
13920,643.15,0.55,133.729995063
13940,644.4,0.6,135.085726002
13960,543.25,0.65,136.749968211
13980,593.7,0.75,149.190917853
14000,574.15,0.7,148.400316229
14020,636.4,0.8,174.430527806
14040,557.55,0.6,126.576206466
14060,684.4,0.75,159.876003329
14080,636.7,0.65,141.567180392
14100,602.1,0.5,116.830626654
14120,650.2,0.85,164.268636256
14140,613.8,0.65,131.427982336
14160,557.7,0.55,109.248667863
14180,553.45,0.75,138.47218446
14200,542.45,0.65,132.231626146
14220,557.2,0.8,175.655938474
14240,726.35,0.45,123.45264581
14260,712.2,0.5,115.853974514
14280,717.4,0.35,101.276162236
14300,565.45,0.3,75.9136563214
14320,603.9,0.4,95.7434313772
14340,617.2,0.25,54.691624501
14360,626.7,0.15,58.1143290831
14380,744.6,0.25,78.9899836756
14400,536.05,0.4,73.4060188718
14420,521.75,0.55,119.502101578
14440,493.6,0.3,70.2806682487
14460,546.95,0.15,42.5333166701
14480,425.0,0.3,54.0638332739
14500,500.25,0.3,49.4066095583
14520,449.55,0.35,73.4861363846
14540,379.35,0.15,2.2603341932
14560,449.35,0.25,42.2129134111
14580,382.2,0.15,29.0383734803
14600,405.15,0.2,23.6127608807
14620,468.75,0.35,60.0885673996
14640,528.75,0.25,50.6644482101
14660,417.75,0.45,79.6678911956
14680,348.7,0.25,18.5698237552
14700,345.2,0.3,43.0681992352
14720,462.05,0.5,89.8558435489
14740,514.45,0.25,52.8231087796
14760,426.65,0.3,56.292994861
14780,498.1,0.3,61.9714359882
14800,400.9,0.15,28.9625495335
14820,509.1,0.3,68.3010543647
14840,461.3,0.35,69.2051168334
14860,496.55,0.05,15.1319281298
14880,482.6,0.1,40.5172755317
14900,756.5,0.1,60.8865236593
14920,672.0,0.15,65.5361292172
14940,621.5,0.3,71.64438755
14960,552.4,0.3,54.0211784456
14980,669.8,0.25,71.6685686085
15000,658.55,0.25,82.6609512242
15020,683.35,0.2,68.7016062152
15040,558.4,0.05,25.297118072
15060,630.45,0.2,70.8309179695
15080,832.35,0.15,73.4668302077
15100,795.0,0.15,74.9655906252
15120,793.5,0.25,86.9768070258
15140,761.15,0.15,62.6057055839
15160,795.25,0.15,78.6294197365
15180,843.4,0.35,105.175747088
15200,900.25,0.15,82.1101579067
15220,812.85,0.4,110.650301232
15240,782.6,0.25,77.7869042549
15260,707.35,0.4,114.999517316
15280,875.7,0.25,99.4309137594
15300,676.65,0.7,157.002409883
15320,742.45,0.6,129.392675836
15340,702.8,0.7,150.81452996
15360,680.55,0.65,151.866472372
15380,716.2,0.6,144.492755829
15400,614.2,0.7,146.457957681
15420,675.55,0.8,165.221493066
15440,706.85,0.6,142.557550573
15460,606.05,0.85,163.592234669
15480,671.25,0.8,168.121240757
15500,642.3,0.75,171.485451761
15520,705.95,0.7,152.495989597
15540,580.95,0.7,152.60381234
15560,561.9,0.65,131.319367575
15580,543.95,0.7,142.04765416
15600,620.3,0.8,166.618941287
15620,552.8,0.65,148.516534934
15640,438.3,0.9,182.680587338
15660,548.95,0.75,163.648193182
15680,548.7,0.7,153.501068409
15700,658.75,0.6,157.992329247
15720,616.45,0.6,139.571955668
15740,585.95,0.6,139.375005298
15760,742.6,0.55,146.70333865
15780,643.75,0.65,156.90209471
15800,718.65,0.45,132.12050619
15820,619.95,0.6,133.441102303
15840,585.35,0.5,131.710078953
15860,599.6,0.6,150.577175262
15880,734.6,0.65,152.490856841
15900,703.35,0.7,153.663744662
15920,689.35,0.25,89.752567617
15940,579.0,0.65,144.653311542
15960,726.05,0.3,106.714642833
15980,629.95,0.25,82.5856084675
16000,650.95,0.45,120.657870414
16020,661.6,0.5,129.136670789
16040,619.3,0.55,142.932977591
16060,711.6,0.55,133.162803734
16080,673.15,0.6,137.752759593
16100,575.5,0.75,164.830112941
16120,579.3,0.75,165.953972352
16140,482.2,0.9,185.803696662
16160,491.1,0.95,184.840870099
16180,572.0,0.75,168.541467224
16200,547.55,0.8,165.920743932
16220,531.9,0.85,171.914329
16240,488.25,0.95,179.47380158
16260,592.65,0.7,163.977060633
16280,460.95,0.95,189.699546614
16300,522.95,0.8,178.399471068
16320,502.25,0.9,174.113273747
16340,434.05,0.95,182.365207967
16360,516.0,0.9,177.459074008
16380,471.5,0.95,187.423262645
16400,458.85,1.0,196.912066303
16420,463.9,0.9,179.61008795
16440,473.85,0.95,196.401049351
16460,523.45,0.8,172.168307088
16480,552.4,0.75,168.948743984
16500,458.35,0.95,189.924338852
16520,555.85,0.75,170.62696405
16540,605.95,0.75,157.945223267
16560,443.5,1.0,187.709126362
16580,525.0,0.75,151.910662181
16600,506.55,0.85,173.939740358
16620,538.7,0.85,169.513698711
16640,412.3,0.95,188.93943143
16660,551.45,0.8,160.250436127
16680,456.35,1.0,192.3569213
16700,460.35,0.75,145.603941955
16720,460.55,0.95,192.280747396
16740,449.55,1.0,194.273356318
16760,557.95,0.75,160.22679021
16780,510.9,0.9,180.300083299
16800,499.7,0.9,176.968309125
16820,539.1,0.8,167.766631266
16840,509.1,0.85,176.11663886
16860,490.5,0.8,161.545218576
16880,572.05,0.75,152.531481243
16900,524.6,0.85,168.011851958
16920,586.55,0.7,157.605498006
16940,437.7,0.85,177.76506394
16960,437.45,0.95,192.786066335
16980,442.05,0.85,171.637272278
17000,459.5,0.95,187.169676394
17020,477.15,0.95,188.810695819
17040,541.0,0.85,172.203344495
17060,563.3,0.8,162.899215778
17080,611.2,0.85,175.4468981
17100,445.1,1.0,188.905841301
17120,425.95,0.9,171.713946171
17140,430.2,0.95,181.402196441
17160,691.25,0.55,139.508761115
17180,662.45,0.5,131.212103141
17200,641.8,0.55,135.826970654
17220,662.45,0.6,146.674105821
17240,690.6,0.55,126.147247874
17260,646.3,0.65,148.710169884
17280,654.0,0.65,144.108968107
17300,452.9,0.95,193.771046198
17320,457.6,0.85,165.098397842
17340,413.05,1.0,185.741295786
17360,549.85,0.85,164.655114373
17380,518.65,0.9,177.885945572
17400,509.4,0.95,187.237163445
17420,579.3,0.85,173.215166141
17440,488.3,0.95,176.629013796
17460,469.85,0.9,172.586827267
17480,460.2,0.95,190.586140104
17500,452.9,0.95,181.112897015
17520,518.75,0.85,178.476035511
17540,439.25,0.95,190.946406428
17560,436.85,1.0,188.050299536
17580,532.5,0.75,158.43203943
17600,591.0,0.8,163.756439962
17620,542.1,0.85,156.168686132
17640,500.25,0.9,168.366880183
17660,473.5,0.95,177.908245874
17680,548.8,0.8,166.175951949
17700,524.4,0.8,155.461992852
17720,573.4,0.75,156.735595088
17740,473.05,0.95,174.422979996
17760,526.15,0.75,161.397472592
17780,503.0,0.9,170.697295122
17800,476.15,0.95,188.432805944
17820,583.35,0.8,165.353996255
17840,526.15,0.85,167.364914196
17860,528.25,0.9,171.922939158
17880,444.25,1.0,188.642478892
17900,506.0,0.9,173.460720912
17920,536.1,0.85,159.699487478
17940,492.1,0.9,181.885410179
17960,499.25,0.9,168.010682932
17980,503.15,0.9,173.965539465
18000,515.75,0.9,174.612602422
18020,431.95,1.0,193.700885865
18040,521.7,0.85,169.121094677
18060,541.45,0.85,161.550859019
18080,460.05,1.0,177.659038801
18100,519.25,0.9,186.699586344
18120,535.15,0.9,167.391878448
18140,532.75,0.9,176.776569774
18160,486.95,0.95,178.310280333
18180,497.75,0.95,178.087017941
18200,463.75,0.95,183.745837726
18220,480.35,0.9,171.145025518
18240,419.65,1.0,186.258542824
18260,442.2,0.95,199.554456333
18280,417.35,0.95,190.052025171
18300,426.9,0.95,189.07182586
18320,413.75,0.9,169.544307954
18340,427.25,0.95,191.732060051
18360,471.2,0.8,163.932833323
18380,367.2,1.0,201.389617601
18400,461.35,0.75,161.922045933
18420,445.35,0.65,140.25209951
18440,496.6,0.6,139.932789354
18460,543.0,0.7,150.449026527
18480,561.5,0.7,156.785730292
18500,476.95,0.8,174.684151966
18520,533.9,0.6,142.063379605
18540,454.1,0.9,184.124538169
18560,398.35,0.9,185.25775842
18580,385.4,0.9,189.452301771
18600,367.6,0.8,164.23754553
18620,356.45,0.95,190.008314512
18640,465.6,0.85,181.185302697
18660,412.75,0.9,174.339969313
18680,479.55,0.85,178.059910607
18700,457.65,0.9,181.789276488
18720,400.65,1.0,199.475323895
18740,436.35,0.85,184.549672898
18760,440.8,0.75,160.838469063
18780,381.35,1.0,203.636053238
18800,438.55,0.9,181.412082015
18820,459.7,0.85,177.404167402
18840,379.6,0.9,186.507664421
18860,475.5,0.75,168.699143309
18880,378.95,1.0,197.674035703
18900,394.55,0.85,167.212512516
18920,500.5,0.8,166.694304997
18940,591.55,0.65,150.535552433
18960,499.95,0.6,135.053528666
18980,463.25,0.8,167.343378966
19000,519.15,0.7,149.992868825
19020,492.0,0.75,156.442418214
19040,418.2,0.85,171.193286572
19060,426.6,0.9,189.639772988
19080,399.5,0.95,183.624811161
19100,401.4,0.95,188.378991058
19120,439.55,0.9,190.152661576
19140,366.9,0.85,164.90115097
19160,408.0,0.9,181.968214879
19180,375.25,0.9,186.298231237
19200,384.05,0.9,183.586759009
19220,436.9,0.9,191.36013824
19240,380.6,1.0,198.418181129
19260,405.9,0.85,183.13036792
19280,359.85,0.9,177.43594792
19300,414.75,0.95,202.521918086
19320,371.55,0.95,183.675682575
19340,358.3,0.9,188.893603165
19360,379.95,0.95,194.71626101
19380,383.15,1.0,203.512041032
19400,421.7,0.9,181.673222592
19420,340.05,0.9,188.236072448
19440,412.85,0.75,165.082390164
19460,404.0,0.95,191.201430769
19480,421.15,0.85,178.369229005
19500,396.35,0.85,180.908493046
19520,442.5,0.7,156.819789846
19540,417.05,0.85,166.855119546
19560,361.6,0.9,180.89701105
19580,392.35,0.85,173.748233753
19600,376.65,0.85,165.564427225
19620,378.25,0.85,177.828402728
19640,368.5,0.8,164.088996377
19660,383.75,0.9,186.258875602
19680,357.55,0.8,163.148396331
19700,339.35,0.9,186.62946426
19720,341.75,0.9,182.616374548
19740,412.1,0.85,174.501092845
19760,378.15,0.8,168.92703742
19780,329.35,0.95,193.150811827
19800,366.55,0.9,193.993960976
19820,474.6,0.75,166.721781803
19840,470.65,0.8,161.655412644
19860,443.25,0.75,152.246736206
19880,577.5,0.6,151.283197887
19900,483.2,0.6,133.681137045
19920,504.35,0.65,153.42401304
19940,534.55,0.55,133.436874575
19960,573.3,0.6,137.940350064
19980,530.2,0.55,134.629721801
20000,560.4,0.6,143.135630857
20020,488.4,0.8,171.829783868
20040,484.55,0.75,156.637998128
20060,423.6,0.6,134.162616532
20080,322.7,0.85,174.598286806
20100,442.6,0.85,185.617266082
20120,386.6,0.7,150.049946441
20140,411.5,0.75,162.905669158
20160,368.9,0.85,174.755159472
20180,322.4,0.85,173.038935056
20200,356.1,0.95,190.146521156
20220,380.65,0.85,172.821772192
20240,355.5,0.85,183.2093568
20260,343.55,0.95,187.051075545
20280,396.65,0.9,186.532921931
20300,349.35,0.95,196.057767268
20320,346.65,0.95,194.464353827
20340,345.1,0.95,190.158682646
20360,415.9,0.9,198.365537616
20380,401.0,0.8,166.653005098
20400,392.35,0.95,198.229836645
20420,340.9,0.8,167.115856175
20440,385.3,0.95,192.338928342
20460,378.45,0.9,184.803254896
20480,444.85,0.75,166.192407091
20500,397.35,0.95,187.831544676
20520,412.8,0.85,177.854651708
20540,406.6,0.95,195.704689764
20560,336.0,0.95,193.412733882
20580,364.1,0.85,174.702466766
20600,404.65,0.8,168.412756131
20620,409.7,0.75,154.467148978
20640,397.85,0.85,188.580532431
20660,408.2,0.75,157.221091232
20680,389.65,0.75,160.794549511
20700,410.9,0.85,178.607969521
20720,452.25,0.8,174.450410252
20740,411.1,0.75,162.309887558
20760,389.1,0.9,185.001123626
20780,367.9,0.85,177.84614091
20800,382.7,0.85,171.705780126
20820,411.5,0.95,191.629939135
20840,389.7,0.95,196.810228796
20860,429.1,0.9,183.217193492
20880,397.6,0.95,193.328171439
20900,351.25,0.95,192.073181158
20920,404.55,0.95,197.834877574
20940,334.9,0.85,184.538242916
20960,361.25,1.0,197.02185045
20980,389.55,0.95,198.193067009
21000,456.75,0.85,175.912836881
21020,494.15,0.8,183.439937346
21040,372.65,0.95,194.227008122
21060,505.65,0.8,175.073527022
21080,526.2,0.65,155.411412242
21100,438.6,0.9,181.832021536
21120,411.75,0.85,174.598370544
21140,432.45,0.9,186.159667573
21160,344.0,0.95,190.671230123
21180,421.8,0.85,173.57255119
21200,397.4,0.9,183.454395642
21220,388.2,0.9,181.405999105
21240,393.15,1.0,200.51788691
21260,431.75,0.7,147.066261391
21280,402.2,0.95,190.855532227
21300,409.7,0.85,173.418767579
21320,378.1,0.95,202.052597048
21340,401.45,0.85,183.432259712
21360,497.85,0.7,149.974048029
21380,668.55,0.4,121.136161075
21400,600.95,0.6,137.350208717
21420,543.35,0.7,150.599051385
21440,622.2,0.55,141.433068455
21460,631.7,0.45,120.045916751
21480,630.5,0.5,138.586816997
21500,468.8,0.85,179.730363345
21520,422.5,0.7,154.690793239
21540,481.8,0.85,177.717868967
21560,465.1,0.9,170.977978229
21580,448.1,0.95,186.685906666
21600,638.45,0.75,165.505045622
21620,554.45,0.75,161.45966938
21640,484.7,0.8,161.061358493
21660,426.4,0.95,186.67724571
21680,454.7,0.95,181.293419644
21700,511.5,0.85,180.766563885
21720,547.15,0.8,172.785231327
21740,562.3,0.75,156.760701259
21760,626.05,0.55,135.937885799
21780,680.75,0.55,136.386050605
21800,573.0,0.7,158.881813512
21820,821.15,0.25,99.077160226
21840,779.3,0.45,122.171955642
21860,848.2,0.25,97.6622645844
21880,617.2,0.65,144.796804017
21900,472.05,0.95,190.713891228
21920,533.05,0.8,170.671610949
21940,429.7,1.0,186.281223228
21960,446.9,0.9,174.936782023
21980,442.5,1.0,186.942080519
22000,497.3,1.0,186.836330426
22020,553.85,0.95,176.343187411
22040,484.45,0.9,178.865718418
22060,459.0,1.0,182.024951149
22080,406.75,0.95,179.648936704
22100,483.15,0.9,175.294648341
22120,518.9,0.85,170.623834301
22140,577.8,0.85,161.624795732
22160,652.7,0.65,136.257079469
22180,717.1,0.55,126.364111029
22200,716.0,0.55,133.033751898
22220,774.6,0.35,102.700307268
22240,561.4,0.85,163.407332831
22260,527.65,0.8,158.516544703
22280,558.9,0.7,156.156580358
22300,453.4,0.95,178.913971766
22320,557.0,0.9,169.713900339
22340,500.8,0.85,161.126291148
22360,529.1,0.85,167.78846891
22380,485.3,1.0,176.8271176
22400,536.6,0.9,174.730218716
22420,587.0,0.75,156.569907749
22440,545.0,0.9,166.780451385
22460,523.5,0.9,166.596997394
22480,459.65,0.85,158.810275052
22500,633.8,0.65,144.337586582
22520,515.5,0.9,161.952981278
22540,538.4,0.8,151.875306881
22560,578.75,0.85,160.674427136
22580,515.9,0.95,161.584642431
22600,494.7,0.95,182.582653165
22620,534.0,0.8,161.35033594
22640,524.55,0.8,157.754950949
22660,596.05,0.75,157.128581915
22680,526.95,0.9,171.546011509
22700,591.25,0.65,127.075726245
22720,538.8,0.8,145.34207441
22740,465.5,0.95,183.545130958
22760,599.35,0.75,147.434363055
22780,590.2,0.75,154.172702262
22800,510.0,0.95,174.707899004
22820,491.55,0.9,171.803919036
22840,584.9,0.85,164.505364094
22860,533.45,0.95,178.203455549
22880,551.95,0.85,175.73012525
22900,526.65,0.9,175.176803812
22920,633.15,0.7,153.179752205
22940,578.35,0.85,167.055882043
22960,583.6,0.8,165.076562452
22980,568.95,0.7,159.403478966
23000,592.6,0.55,120.114496626
23020,558.7,0.8,159.883865579
23040,716.0,0.6,131.554972408
23060,691.7,0.6,138.821907769
23080,667.8,0.65,139.392090057
23100,768.0,0.55,132.496211965
23120,861.85,0.25,96.1636073948
23140,810.25,0.35,109.14477838
23160,782.0,0.45,114.145663677
23180,833.9,0.35,110.139316533
23200,751.9,0.45,111.535024078
23220,834.55,0.35,100.945542835
23240,870.4,0.25,91.9350286197
23260,841.3,0.4,104.713093438
23280,755.95,0.5,115.982701167
23300,842.85,0.4,100.393575502
23320,768.55,0.5,125.404257552
23340,768.85,0.45,108.337183316
23360,622.65,0.7,147.262774369
23380,598.55,0.75,162.037503227
23400,548.85,0.85,154.287400582
23420,473.55,0.95,182.618084736
23440,524.9,1.0,177.474562473
23460,551.4,0.95,175.394105772
23480,570.15,0.95,168.166594616
23500,600.25,0.9,168.291621447
23520,590.3,0.9,170.305627682
23540,613.45,0.85,161.711920805
23560,531.0,0.9,176.492666849
23580,539.35,0.85,170.094715563
23600,564.5,0.85,162.224959279
23620,579.25,0.8,162.170363799
23640,511.75,0.9,171.520747178
23660,523.05,0.9,167.349668242
23680,521.35,0.85,167.430801248
23700,670.2,0.55,135.900842609
23720,641.3,0.7,147.342950326
23740,669.45,0.65,150.462309149
23760,563.1,0.75,153.755286223
23780,613.1,0.7,138.452218487
23800,526.45,0.85,164.611308353
23820,491.5,0.9,178.728695467
23840,518.6,0.85,167.326365739
23860,472.25,0.95,174.96817847
23880,591.7,0.75,157.052803217
23900,458.8,0.95,183.788885688
23920,441.35,1.0,189.854007957
23940,510.5,0.9,180.107192097
23960,449.2,0.9,182.202945867
23980,453.55,0.95,186.764187847
24000,414.85,1.0,195.055107998
24020,459.2,0.9,187.394132345
24040,567.45,0.75,158.461611663
24060,437.7,0.95,183.252416668
24080,443.25,0.95,189.406997168
24100,504.95,0.85,175.62882579
24120,542.05,0.75,162.37043939
24140,639.35,0.6,146.638737973
24160,794.95,0.35,107.610016714
24180,584.75,0.7,151.863328411
24200,530.65,0.8,174.690848831
24220,515.15,0.75,158.167057914
24240,452.55,0.85,172.738811834
24260,456.35,0.85,164.038047491
24280,394.1,0.9,184.648167368
24300,488.15,0.85,176.099909198
24320,472.35,0.9,183.093865053
24340,504.7,0.75,159.799321355
24360,523.35,0.8,166.562726328
24380,669.5,0.55,137.525615025
24400,492.25,0.8,166.975322238
24420,601.5,0.65,152.172645012
24440,405.55,0.95,186.710740992
24460,538.7,0.55,125.876704066
24480,548.25,0.75,156.528208074
24500,545.1,0.55,131.241153282
24520,530.7,0.75,176.13118522
24540,523.4,0.8,170.188030014
24560,492.1,0.7,161.138021324
24580,597.4,0.7,165.917619847
24600,652.85,0.6,144.498134749
24620,602.5,0.7,159.741245989
24640,585.6,0.7,159.468929867
24660,682.0,0.55,143.562978432
24680,661.85,0.55,136.507310054
24700,544.65,0.8,166.757606137
24720,550.95,0.7,152.309547982
24740,547.0,0.8,172.516333518
24760,659.15,0.65,152.595120925
24780,668.85,0.6,135.461205912
24800,718.35,0.5,119.065588969
24820,901.25,0.25,99.3553096082
24840,836.0,0.4,118.813215304
24860,715.7,0.6,135.364458418
24880,614.55,0.65,135.543347481
24900,695.25,0.6,140.046580922
24920,672.8,0.6,135.470845785
24940,639.2,0.7,148.981485007
24960,653.65,0.65,143.925269708
24980,607.9,0.5,121.63635645
25000,708.15,0.5,114.245691117
25020,753.5,0.4,105.739735333
25040,655.65,0.45,102.743131188
25060,781.7,0.35,103.06024009
25080,582.5,0.6,131.157389843
25100,725.8,0.5,121.374820321
25120,603.4,0.55,127.815726152
25140,568.35,0.55,115.072415025
25160,679.35,0.5,114.446754902
25180,517.15,0.65,135.753460288
25200,633.9,0.65,128.137573599
25220,627.4,0.55,116.778169969
25240,597.1,0.4,79.3736082616
25260,795.55,0.25,97.9492287393
25280,672.2,0.15,51.2109471491
25300,648.5,0.3,75.2029629505
25320,680.9,0.5,113.317563183
25340,753.2,0.25,77.2892709328
25360,666.75,0.35,80.7122395465
25380,693.45,0.3,74.0288186083
25400,546.8,0.55,119.838180429
25420,732.75,0.35,92.8307895842
25440,743.95,0.4,98.0292820474
25460,693.2,0.25,69.8566009465
25480,724.7,0.35,88.5976853476
25500,693.65,0.5,120.651404049
25520,565.95,0.4,88.6350568316
25540,633.75,0.4,89.6513138356
25560,692.55,0.35,82.843157127
25580,624.45,0.7,138.906698432
25600,832.45,0.3,90.5237906731
25620,708.65,0.4,98.4212053806
25640,786.2,0.45,116.233607418
25660,657.45,0.35,84.0347163036
25680,696.35,0.25,75.7497142384
25700,890.3,0.15,79.4575331454
25720,685.15,0.45,98.0145365833
25740,876.9,0.2,80.840218425
25760,816.55,0.55,119.12859849
25780,693.9,0.35,93.8148989892
25800,653.55,0.3,69.3794203244
25820,670.0,0.4,90.9104951398
25840,771.65,0.2,66.0037876186
25860,675.7,0.35,90.6165110267
25880,567.25,0.5,92.1127933931
25900,714.25,0.35,83.9365802197
25920,654.1,0.35,90.8742746636
25940,664.05,0.3,77.5431315749
25960,778.9,0.4,99.4991263662
25980,740.05,0.3,82.2393238174
26000,721.75,0.55,122.894913724
26020,695.45,0.35,77.3288886254
26040,705.15,0.55,115.619785432
26060,687.9,0.45,104.893734051
26080,746.8,0.6,137.661085818
26100,728.3,0.55,123.090527131
26120,741.4,0.45,98.5467152978
26140,761.75,0.45,100.458809874
26160,681.2,0.5,105.208031683
26180,718.15,0.45,109.993107796
26200,696.4,0.55,124.253528413
26220,628.5,0.75,134.184441431
26240,676.85,0.7,140.246910021
26260,715.55,0.7,143.26815093
26280,718.1,0.6,123.503593363
26300,730.9,0.6,117.721045234
26320,744.8,0.7,140.643650604
26340,735.85,0.6,135.126112602
26360,805.8,0.4,94.9066142559
26380,594.9,0.4,71.0757173708
26400,715.75,0.3,73.5491276232
26420,777.9,0.3,75.0514242972
26440,817.15,0.35,85.529503541
26460,686.2,0.3,80.9987298691
26480,765.25,0.25,80.6239903295
26500,677.85,0.25,68.2809899399
26520,602.95,0.7,134.347233831
26540,761.3,0.15,55.7093285972
26560,601.75,0.35,67.5833612146
26580,564.0,0.25,57.4826201086
26600,644.6,0.35,70.6042897174
26620,678.95,0.25,58.0925970543
26640,721.5,0.25,71.2309844641
26660,688.4,0.45,92.5364906832
26680,582.05,0.4,72.9874339774
26700,667.5,0.3,53.4893826995
26720,812.4,0.3,98.5765195329
26740,677.5,0.3,68.4088262018
26760,507.75,0.4,70.461206293
26780,703.2,0.2,49.7395840344
26800,575.15,0.2,45.8095109255
26820,719.6,0.15,47.5485707129
26840,739.7,0.3,75.809853261
26860,753.25,0.4,89.1621262111
26880,622.1,0.25,45.0765460635
26900,677.95,0.55,114.269557156
26920,643.25,0.35,71.8355315744
26940,680.2,0.3,69.0705162364
26960,659.1,0.3,64.9564837225
26980,707.5,0.3,84.0320765748
27000,572.35,0.25,31.212866209
27020,586.55,0.2,39.9693868373
27040,629.95,0.3,69.4345535576
27060,575.35,0.25,48.7671739313
27080,555.25,0.1,10.0887272966
27100,516.45,0.25,33.2005204972
27120,559.0,0.15,25.4337662616
27140,664.85,0.25,73.732453255
27160,600.3,0.25,53.3617401693
27180,392.1,0.35,34.8827124456
27200,546.05,0.15,32.414577955
27220,480.55,0.25,27.601631014
27240,494.6,0.1,3.63687241553
27260,602.6,0.15,35.531756549
27280,477.9,0.05,-10.8511345854
27300,516.75,0.4,57.2861033956
27320,597.95,0.15,35.0308462503
27340,523.9,0.15,17.6471483293
27360,591.55,0.2,43.5653754302
27380,723.65,0.15,48.9758713811
27400,525.05,0.15,21.3921706194
27420,514.4,0.35,47.4743471539
27440,465.7,0.35,41.5457807879
27460,558.25,0.3,54.0341033909
27480,507.0,0.3,39.9427255621
27500,554.1,0.1,20.8315570593
27520,576.7,0.25,53.8790005982
27540,771.5,0.15,67.5082967156
27560,610.85,0.3,65.0602498567
27580,599.85,0.35,71.3142859367
27600,562.65,0.3,63.8869059093
27620,660.05,0.25,62.7426464153
27640,640.2,0.2,59.7454773099
27660,640.4,0.25,69.0811746999
27680,740.35,0.05,48.6440176963
27700,718.65,0.25,67.1405778749
27720,776.7,0.25,87.7510054723
27740,631.75,0.3,88.1384902563
27760,651.4,0.15,55.258855551
27780,556.85,0.2,50.5525013318
27800,553.55,0.15,36.0654114383
27820,566.35,0.35,86.2083571275
27840,531.5,0.25,51.1367691534
27860,507.25,0.25,40.620556994
27880,631.55,0.3,83.1802282769
27900,741.7,0.2,79.1087085285
27920,501.7,0.35,63.4951908736
27940,447.65,0.25,40.3184892595
27960,589.1,0.15,57.3512210695
27980,496.0,0.2,50.1594123095
28000,449.75,0.4,74.920458533
28020,545.4,0.3,78.2612478571
28040,601.0,0.25,79.3743046262
28060,532.7,0.3,58.5911997928
28080,628.55,0.15,51.7033750724
28100,518.65,0.3,70.4393447658
28120,501.05,0.2,45.6373748465
28140,548.55,0.3,75.0846449337
28160,563.4,0.3,69.4727724035
28180,631.35,0.25,79.155361425
28200,459.4,0.2,33.7944051299
28220,520.05,0.3,64.1132311196
28240,572.45,0.4,100.361876555
28260,527.65,0.1,26.476790897
28280,533.5,0.15,39.0157592651
28300,649.6,0.2,76.2333865352
28320,608.85,0.45,107.4820148
28340,563.25,0.15,40.6921185344
28360,484.1,0.3,65.2376744202
28380,617.25,0.25,75.7307786198
28400,597.2,0.3,78.1611879246
28420,817.1,0.25,100.236521873
28440,646.05,0.15,50.1850213344
28460,648.45,0.15,49.0878853517
28480,692.55,0.1,51.6403336842
28500,528.9,0.15,34.2024008693
28520,509.6,0.45,92.993776604
28540,541.6,0.35,81.6768743246
28560,542.55,0.2,43.8752106866
28580,494.3,0.6,114.033009098
28600,537.6,0.25,52.3618306732
28620,554.65,0.45,98.907892584
28640,539.5,0.2,49.7121254008
28660,678.9,0.15,61.2326754814
28680,593.65,0.35,90.3117108569
28700,599.4,0.25,66.6353980083
28720,607.0,0.2,61.4012467141
28740,569.3,0.15,41.5651415091
28760,648.9,0.1,48.6503895983
28780,679.0,0.15,62.9815526651
28800,595.65,0.15,42.1803669935
28820,769.9,0.05,61.5467794609
28840,558.75,0.1,40.3236411093
28860,644.65,0.25,90.4787078553
28880,712.4,0.15,66.6021883729
28900,499.7,0.25,60.1724809238
28920,503.55,0.2,52.1886472224
28940,483.3,0.35,80.9152922383
28960,654.35,0.2,75.7749494692
28980,551.95,0.3,70.6777172262
29000,419.75,0.3,55.9406878289
29020,435.75,0.1,21.6332943372
29040,423.6,0.15,25.2401107008
29060,528.15,0.05,26.0676607669
29080,425.3,0.15,34.9562508914
29100,643.65,0.25,75.4747966902
29120,484.75,0.25,51.8156668363
29140,430.95,0.15,34.8618640167
29160,310.85,0.2,21.7674155442
29180,365.45,0.1,18.9308313574
29200,460.25,0.15,31.6828113918
29220,377.1,0.0,-9.55001639439
29240,309.7,0.2,20.4587197716
29260,371.0,0.1,12.2184835976
29280,449.65,0.2,42.7153082045
29300,586.3,0.15,50.3960659734
29320,336.9,0.05,-3.2015798302
29340,389.35,0.15,25.0462696975
29360,376.45,0.05,11.0163082313
29380,478.85,0.05,25.4415381134
29400,355.25,0.15,23.1549024461
29420,629.5,0.05,42.7532383026
29440,415.25,0.0,-0.459542685811
29460,397.9,0.05,6.70858723808
29480,310.35,0.1,9.28795463809
29500,334.7,0.05,13.5196056907
29520,369.75,0.1,9.46488321679
29540,296.45,0.05,-6.20405088244
29560,164.4,0.0,-51.8614574935
29580,238.75,0.0,-20.7686983283
29600,288.2,0.0,-24.634989104
29620,266.75,0.05,-9.59928289144
29640,258.3,0.05,-13.7905675138
29660,301.9,0.1,-1.64596114943
29680,333.6,0.05,-5.33293163566
29700,361.7,0.15,0.756122097523
29720,220.3,0.15,-14.618671509
29740,305.4,0.1,2.70788455973
29760,300.65,0.1,-8.13126499645
29780,207.6,0.0,-34.3204399029
29800,277.65,0.1,-11.6897875555
29820,275.2,0.05,-19.1710110812
29840,397.6,0.05,15.0849322103
29860,204.55,0.15,-10.8143528915
29880,339.25,0.1,6.86632467946
29900,291.25,0.05,-13.2140020513
29920,242.65,0.0,-43.6051519117
29940,357.1,0.1,6.36375587331
29960,290.65,0.05,-24.6983961051
29980,193.15,0.0,-39.6556402089
30000,159.2,0.05,-36.5689184356
