10,107.6,0.0,-447.808709524
20,102.4,0.0,-420.424109554
30,110.8,0.0,-470.451365405
40,127.2,0.0,-555.284767344
50,102.5,0.0,-434.420470831
60,101.3,0.0,-433.314785606
70,121.5,0.0,-485.857310245
80,104.3,0.0,-450.829105359
90,134.3,0.0,-478.482984689
100,105.0,0.0,-368.245165669
110,109.8,0.0,-446.06962602
120,115.4,0.0,-310.358132095
130,118.8,0.0,-385.64556714
140,107.7,0.0,-421.666572788
150,113.6,0.0,-343.114419676
160,105.2,0.0,-325.015124634
170,142.5,0.0,-352.227982208
180,117.3,0.0,-328.763438047
190,155.1,0.0,-339.687763883
200,149.7,0.0,-394.281269978
210,126.5,0.0,-340.067338539
220,114.0,0.0,-395.766001521
230,121.6,0.0,-300.807733104
240,128.3,0.0,-378.702776773
250,209.6,0.0,-311.709158944
260,143.1,0.0,-251.070582155
270,144.9,0.0,-316.160302009
280,125.2,0.0,-374.720152973
290,122.8,0.0,-295.531858632
300,135.8,0.0,-332.588944994
310,127.2,0.0,-275.728244179
320,167.5,0.0,-318.490239336
330,128.5,0.0,-299.030172851
340,148.6,0.0,-148.946082752
350,129.5,0.0,-245.651510888
360,129.9,0.0,-231.626748634
370,146.4,0.0,-240.693543327
380,156.4,0.0,-256.741249297
390,123.1,0.0,-196.056912408
400,154.4,0.0,-237.23635357
410,138.9,0.0,-262.941302619
420,157.2,0.0,-348.397579559
430,132.8,0.0,-213.738858308
440,142.7,0.0,-230.963704912
450,157.0,0.0,-301.332844232
460,121.7,0.0,-255.639325874
470,152.5,0.0,-283.622906831
480,121.8,0.0,-203.862123845
490,164.0,0.0,-290.184737191
500,135.3,0.0,-307.973160692
510,140.2,0.0,-235.556620903
520,128.6,0.0,-162.791079021
530,142.7,0.0,-208.489670844
540,126.0,0.0,-220.325652878
550,140.5,0.0,-254.073029241
560,128.3,0.0,-202.801988884
570,133.6,0.0,-249.849558968
580,131.1,0.0,-191.398261797
590,140.6,0.0,-244.63245022
600,147.6,0.0,-232.976662304
610,141.5,0.0,-237.28204704
620,124.6,0.0,-237.78329232
630,112.3,0.0,-193.553003923
640,129.2,0.0,-218.193153835
650,118.3,0.0,-211.128566777
660,159.1,0.0,-307.291227202
670,137.0,0.0,-238.615239988
680,144.4,0.0,-239.06219993
690,150.8,0.0,-204.661023905
700,156.9,0.0,-185.786848488
710,148.7,0.0,-241.854585022
720,130.1,0.0,-184.883970078
730,126.2,0.0,-218.596909399
740,134.9,0.0,-217.56388094
750,207.5,0.0,-189.884162556
760,115.4,0.0,-153.086096526
770,181.6,0.0,-265.180901444
780,139.2,0.0,-180.503638532
790,124.6,0.0,-201.881105912
800,191.7,0.0,-221.087932135
810,143.4,0.0,-223.394010764
820,145.4,0.0,-193.073274499
830,134.6,0.0,-189.863159004
840,149.0,0.0,-161.148722446
850,173.0,0.0,-209.14525648
860,142.7,0.0,-176.550833219
870,186.1,0.0,-162.805304134
880,132.1,0.0,-156.322395799
890,240.9,0.0,-242.573139561
900,216.3,0.0,-226.080742639
910,159.2,0.0,-228.41426548
920,165.4,0.0,-258.40488894
930,155.1,0.0,-127.718986573
940,171.6,0.0,-196.275587807
950,144.0,0.0,-181.900451513
960,168.1,0.0,-222.684521405
970,157.2,0.0,-228.462959384
980,177.8,0.0,-291.932175279
990,140.4,0.0,-216.741446598
1000,141.9,0.0,-215.33047429
1010,132.0,0.0,-168.172803424
1020,227.9,0.0,-163.215969169
1030,160.6,0.0,-211.662880979
1040,157.7,0.0,-171.961590545
1050,154.4,0.0,-263.047318428
1060,223.2,0.0,-252.927569534
1070,183.4,0.0,-202.284873064
1080,152.0,0.0,-188.29395573
1090,156.0,0.0,-208.385935649
1100,132.7,0.0,-123.582477385
1110,171.8,0.0,-239.296714592
1120,141.0,0.0,-175.297731112
1130,161.1,0.0,-228.269356517
1140,261.1,0.0,-212.529705883
1150,146.3,0.0,-183.098046959
1160,174.1,0.0,-252.752797416
1170,166.9,0.0,-249.280914292
1180,157.3,0.0,-151.763299863
1190,171.2,0.0,-223.218804355
1200,160.6,0.0,-185.938650102
1210,158.9,0.0,-144.183935329
1220,201.4,0.0,-186.641640356
1230,155.3,0.0,-193.309878992
1240,149.5,0.0,-169.476892559
1250,149.4,0.0,-182.893577424
1260,174.6,0.0,-190.148971498
1270,165.3,0.0,-205.440471216
1280,187.7,0.0,-183.598929071
1290,153.1,0.0,-152.268798677
1300,170.1,0.0,-193.405191346
1310,153.9,0.0,-192.306824589
1320,158.0,0.0,-196.013673422
1330,169.1,0.0,-188.344728546
1340,161.2,0.0,-111.290015069
1350,176.6,0.0,-179.172341283
1360,157.1,0.0,-146.148863263
1370,245.3,0.0,-132.687140455
1380,189.8,0.0,-231.050420081
1390,207.6,0.0,-189.893727495
1400,138.5,0.0,-178.971982518
1410,236.3,0.0,-148.092026512
1420,181.2,0.0,-176.432012677
1430,198.9,0.0,-178.930860425
1440,142.3,0.0,-166.253023675
1450,135.6,0.0,-166.14991422
1460,154.0,0.0,-192.553110924
1470,159.8,0.0,-139.842640422
1480,195.9,0.0,-173.663607286
1490,179.7,0.0,-117.93001107
1500,221.4,0.0,-139.416538759
1510,223.4,0.0,-181.046547312
1520,256.5,0.0,-212.705783757
1530,200.4,0.0,-173.988765658
1540,155.2,0.0,-144.475954588
1550,148.2,0.0,-148.607235101
1560,241.1,0.0,-176.609171346
1570,173.1,0.0,-145.052064769
1580,316.7,0.0,-140.348596051
1590,157.1,0.0,-152.652626947
1600,198.5,0.0,-184.466606114
1610,181.9,0.0,-210.786178056
1620,278.1,0.0,-190.283929282
1630,242.0,0.0,-189.321749012
1640,201.5,0.0,-199.783045106
1650,161.9,0.0,-128.38089831
1660,138.5,0.0,-156.160936
1670,160.1,0.0,-166.04516529
1680,248.5,0.0,-202.132493918
1690,219.2,0.0,-231.131301878
1700,220.2,0.0,-236.929270308
1710,189.2,0.0,-163.813778922
1720,186.0,0.0,-197.288481577
1730,210.0,0.0,-225.301866979
1740,254.2,0.0,-221.01801227
1750,196.4,0.0,-201.449784273
1760,238.1,0.0,-163.437106986
1770,289.9,0.0,-172.714713988
1780,203.7,0.0,-274.134961437
1790,268.1,0.0,-252.736088927
1800,308.8,0.0,-236.763823651
1810,204.9,0.0,-168.415852339
1820,198.5,0.0,-212.962450731
1830,269.8,0.0,-255.312898942
1840,237.0,0.0,-282.2280857
1850,317.3,0.0,-283.233849827
1860,281.4,0.0,-209.213531977
1870,245.5,0.0,-299.885259702
1880,192.8,0.0,-204.757931396
1890,208.0,0.0,-211.512100525
1900,295.6,0.0,-288.295879457
1910,193.0,0.0,-173.002423245
1920,260.7,0.0,-212.820903622
1930,180.6,0.0,-219.750500569
1940,277.0,0.0,-174.540313093
1950,300.5,0.0,-172.87024128
1960,285.0,0.0,-249.22248862
1970,284.1,0.0,-223.13418174
1980,216.1,0.0,-215.381943215
1990,418.9,0.0,-249.252042517
2000,200.6,0.0,-242.419772391
2010,284.7,0.0,-208.642992822
2020,220.8,0.0,-197.65412172
2030,232.5,0.0,-231.501242524
2040,209.0,0.0,-224.40351459
2050,196.9,0.0,-226.163791943
2060,263.5,0.0,-200.416514144
2070,283.1,0.0,-151.213017863
2080,205.5,0.0,-142.41924125
2090,264.9,0.0,-196.811129841
2100,187.3,0.0,-151.043423905
2110,273.9,0.0,-138.148845574
2120,218.6,0.0,-185.660009007
2130,268.2,0.0,-141.573517724
2140,332.4,0.0,-168.137568157
2150,182.1,0.0,-123.107780377
2160,200.9,0.0,-142.26594907
2170,163.5,0.0,-153.309648035
2180,201.5,0.0,-151.108725125
2190,180.9,0.0,-143.47120199
2200,218.6,0.0,-186.245074988
2210,171.7,0.0,-129.179002786
2220,177.8,0.0,-169.781160248
2230,174.2,0.0,-100.203072188
2240,199.0,0.0,-164.91943314
2250,185.0,0.0,-140.557062504
2260,236.3,0.0,-213.804379881
2270,173.9,0.0,-154.338194376
2280,329.6,0.0,-97.8441923627
2290,263.0,0.0,-90.9902229691
2300,295.4,0.0,-134.22106267
2310,161.2,0.0,-130.362176472
2320,143.8,0.0,-92.9644238119
2330,247.1,0.0,-133.074445102
2340,256.0,0.0,-108.514681131
2350,258.1,0.0,-118.123443631
2360,227.5,0.0,-128.98806269
2370,182.0,0.0,-149.975843887
2380,177.7,0.0,-108.890893837
2390,218.2,0.0,-147.497325577
2400,263.0,0.0,-190.732558031
2410,178.8,0.0,-149.824816548
2420,156.4,0.0,-95.3531235828
2430,158.6,0.0,-93.5012954374
2440,268.9,0.0,-116.130277444
2450,255.1,0.0,-120.690029447
2460,335.2,0.0,-149.777842943
2470,135.5,0.0,-67.1584723303
2480,171.7,0.0,-107.983896957
2490,255.5,0.0,-104.544833187
2500,374.8,0.0,-152.883182947
2510,255.0,0.0,-166.468583538
2520,281.5,0.0,-124.430814807
2530,224.9,0.0,-161.709314028
2540,328.6,0.0,-170.539681182
2550,189.1,0.0,-141.954004156
2560,207.8,0.0,-138.687815585
2570,213.0,0.0,-122.798368139
2580,205.8,0.0,-127.119168001
2590,326.8,0.0,-113.306034594
2600,264.6,0.0,-90.505540393
2610,198.9,0.0,-158.878930293
2620,176.5,0.0,-142.934043803
2630,254.6,0.0,-165.914036775
2640,274.5,0.0,-104.48321508
2650,217.6,0.0,-149.255625874
2660,196.4,0.0,-145.972486927
2670,296.1,0.0,-141.595980208
2680,186.7,0.0,-124.289204407
2690,338.0,0.0,-135.076376412
2700,306.0,0.0,-118.949364728
2710,275.2,0.0,-167.336009063
2720,210.4,0.0,-101.810845176
2730,363.6,0.0,-204.253820236
2740,214.2,0.0,-143.386884927
2750,217.3,0.0,-141.948917983
2760,353.9,0.0,-122.782237286
2770,224.5,0.0,-147.414419187
2780,296.6,0.0,-102.702646887
2790,213.2,0.0,-111.617824159
2800,212.9,0.0,-136.060971474
2810,203.7,0.0,-134.417370044
2820,370.4,0.0,-180.053100931
2830,246.5,0.0,-126.889345533
2840,223.4,0.0,-142.202307993
2850,256.3,0.0,-154.464759785
2860,290.7,0.0,-179.921602755
2870,234.6,0.0,-157.676191802
2880,228.0,0.0,-155.870368826
2890,317.9,0.0,-143.573712648
2900,380.0,0.0,-184.885527349
2910,306.3,0.0,-141.343185986
2920,266.4,0.0,-183.998992004
2930,227.9,0.0,-141.933195088
2940,344.8,0.0,-144.982865858
2950,423.1,0.0,-160.144565095
2960,381.5,0.0,-152.525907924
2970,349.8,0.0,-125.855668326
2980,294.9,0.0,-133.821477573
2990,345.8,0.0,-149.073952993
3000,235.6,0.0,-164.949508933
3010,393.1,0.0,-218.999102226
3020,285.4,0.0,-138.095527247
3030,242.0,0.0,-96.3406652683
3040,290.0,0.0,-115.803084869
3050,262.8,0.0,-114.192620416
3060,189.0,0.0,-117.03489062
3070,558.5,0.0,-137.806668176
3080,302.9,0.0,-128.644908305
3090,461.9,0.0,-105.508566982
3100,285.3,0.0,-152.174134237
3110,320.3,0.0,-142.096099255
3120,342.2,0.0,-169.973203506
3130,241.5,0.0,-81.1325809949
3140,269.1,0.0,-99.5202134758
3150,321.0,0.0,-104.831939426
3160,198.8,0.0,-84.8355768729
3170,252.6,0.0,-135.614243343
3180,347.5,0.0,-155.43259106
3190,235.8,0.0,-117.61442503
3200,218.9,0.0,-101.922225491
3210,292.5,0.0,-83.0735555272
3220,259.3,0.0,-96.1323197059
3230,294.2,0.0,-91.9351221405
3240,473.6,0.0,-90.1727745328
3250,216.2,0.0,-137.232138747
3260,261.7,0.0,-67.0050516374
3270,462.4,0.0,-79.8992215389
3280,297.9,0.0,-95.7701810081
3290,234.0,0.0,-115.298978187
3300,202.6,0.0,-102.130593284
3310,323.6,0.0,-83.5338291776
3320,372.8,0.0,-106.146851786
3330,332.3,0.0,-119.149385059
3340,457.3,0.0,-120.878837834
3350,391.9,0.0,-118.076328363
3360,573.7,0.0,-114.441768823
3370,557.1,0.0,-124.391419354
3380,302.3,0.0,-136.388959596
3390,313.9,0.0,-101.827155676
3400,321.0,0.0,-94.6538313093
3410,433.1,0.0,-101.002014592
3420,225.4,0.0,-131.067301749
3430,291.7,0.0,-76.3015958492
3440,493.5,0.0,-75.3937716767
3450,460.4,0.0,-105.460710111
3460,265.5,0.0,-144.884468257
3470,404.0,0.0,-128.551702213
3480,369.8,0.0,-120.362193894
3490,559.0,0.0,-78.0623267149
3500,431.3,0.0,-114.879814121
3510,398.5,0.0,-132.33559594
3520,508.9,0.0,-83.1142290288
3530,469.3,0.0,-73.8287731546
3540,336.3,0.0,-89.9872644455
3550,312.6,0.0,-76.2393185884
3560,287.5,0.0,-122.031744429
3570,203.4,0.0,-76.3669417203
3580,277.8,0.0,-51.5013624294
3590,504.0,0.0,-77.5479271884
3600,377.8,0.0,-77.0776256726
3610,381.0,0.0,-83.6250142339
3620,282.5,0.0,-66.4599479407
3630,226.4,0.0,-65.8227584602
3640,370.8,0.0,-72.0988028617
3650,515.8,0.0,-52.8663305594
3660,290.7,0.0,-75.9579863188
3670,368.9,0.0,-72.3670763643
3680,222.0,0.0,-76.9612775765
3690,277.9,0.0,-105.619222178
3700,433.5,0.0,-53.2527968869
3710,352.3,0.0,-77.8326656212
3720,518.7,0.0,-70.20757344
3730,390.3,0.0,-84.4187171041
3740,405.9,0.0,-90.5479460494
3750,471.6,0.0,-67.4521066849
3760,233.5,0.0,-74.79921556
3770,587.3,0.0,-79.8748505005
3780,417.4,0.0,-49.9494522697
3790,311.3,0.0,-70.4074144259
3800,396.0,0.0,-59.1194923364
3810,383.9,0.0,-51.0146189348
3820,309.5,0.0,-73.2936720569
3830,307.6,0.0,-78.4061539781
3840,541.0,0.0,-77.4031302456
3850,345.2,0.0,-61.8568020313
3860,455.8,0.0,-71.3386837621
3870,620.3,0.0,-88.146127288
3880,385.3,0.0,-90.168794277
3890,498.6,0.0,-48.1845473031
3900,463.6,0.0,-59.7428037632
3910,448.9,0.0,-55.1851497948
3920,640.4,0.0,-68.7440437062
3930,351.7,0.0,-87.6224118938
3940,432.4,0.0,-73.9379721131
3950,564.0,0.0,-87.9655147934
3960,523.7,0.0,-83.3318521333
3970,543.6,0.0,-36.0613349323
3980,276.1,0.0,-101.19573454
3990,427.7,0.0,-99.2790831069
4000,645.3,0.0,-63.6125581463
4010,518.5,0.0,-70.1958320389
4020,326.9,0.0,-100.730978987
4030,409.3,0.0,-84.3047392612
4040,427.4,0.0,-99.2231580278
4050,396.7,0.0,-78.5258588035
4060,538.1,0.0,-93.5016496962
4070,427.5,0.0,-104.984901559
4080,414.0,0.0,-61.5949082924
4090,457.4,0.0,-85.6296499707
4100,548.5,0.0,-60.2466635435
4110,480.8,0.0,-62.125950067
4120,498.7,0.0,-56.1389344541
4130,428.3,0.0,-72.9478829359
4140,696.1,0.0,-43.3635025173
4150,620.3,0.0,-49.0820314391
4160,849.8,0.0,-19.9555507876
4170,483.2,0.0,-79.6627497097
4180,326.5,0.0,-81.5674282622
4190,572.9,0.0,-57.7094591092
4200,483.5,0.0,-63.0168972495
4210,391.4,0.0,-64.1375253074
4220,474.8,0.0,-65.0599806892
4230,400.5,0.0,-49.6196910893
4240,404.9,0.0,-59.5893662357
4250,385.6,0.0,-39.5649585384
4260,393.2,0.0,-66.9096293188
4270,611.7,0.0,-24.3567522572
4280,308.8,0.0,-62.389736877
4290,401.0,0.0,-48.6224375528
4300,371.5,0.0,-43.231457736
4310,300.7,0.0,-54.3071971652
4320,409.3,0.0,-73.8537023107
4330,546.0,0.0,-25.469053392
4340,427.3,0.0,-41.4693455016
4350,473.4,0.0,-41.8980902371
4360,494.6,0.0,-48.7852015015
4370,309.3,0.0,-41.7732171682
4380,407.6,0.0,-70.101498053
4390,558.3,0.0,-38.8562244369
4400,326.4,0.0,-47.5263925586
4410,397.2,0.0,-37.1519397262
4420,248.3,0.0,-59.8621962254
4430,426.9,0.0,-47.0413643236
4440,278.9,0.0,-63.9127625318
4450,559.0,0.0,-38.2551140809
4460,291.7,0.0,-75.0445441187
4470,593.4,0.0,-40.5181240069
4480,622.5,0.0,-41.6934971857
4490,666.7,0.0,-36.3523464973
4500,580.8,0.0,-45.4560954564
4510,478.7,0.0,-59.2808623409
4520,452.9,0.0,-86.803865081
4530,470.0,0.0,-86.7150333752
4540,515.0,0.0,-56.4721490893
4550,524.0,0.0,-91.9796851744
4560,398.5,0.0,-100.855255761
4570,538.9,0.0,-69.055858059
4580,575.2,0.0,-24.0991122392
4590,595.1,0.0,-47.5166838368
4600,747.8,0.0,-25.4134690165
4610,551.2,0.0,-71.1735156769
4620,460.8,0.0,-41.49375312
4630,649.3,0.0,-36.5974297457
4640,586.7,0.0,-62.4310779721
4650,723.5,0.0,-104.756924047
4660,813.0,0.0,-54.1102276301
4670,645.0,0.0,-25.796093925
4680,655.3,0.0,-22.2102453542
4690,743.9,0.0,-27.0875830648
4700,593.9,0.0,-115.607200706
4710,613.8,0.0,-45.7952085421
4720,598.0,0.0,-39.8183169392
4730,569.2,0.0,-18.6444402225
4740,557.5,0.0,-27.4598319382
4750,690.1,0.0,-47.5081804993
4760,559.7,0.0,-31.5897478296
4770,375.0,0.0,-60.1607754701
4780,702.0,0.0,-24.7852079647
4790,455.9,0.0,-27.8068750452
4800,459.8,0.0,-15.0491526454
4810,492.6,0.0,-41.7646138016
4820,510.6,0.0,-30.0632458528
4830,645.3,0.0,-28.8461188668
4840,413.7,0.0,-33.3306039311
4850,552.6,0.0,-49.1224107528
4860,469.5,0.1,-20.9646270534
4870,418.8,0.0,-24.8312114475
4880,533.6,0.0,-12.9812164404
4890,630.6,0.0,8.16450822461
4900,312.0,0.0,-57.9663388497
4910,455.7,0.0,-25.4597567782
4920,487.6,0.0,-37.8863425145
4930,499.1,0.0,-39.1778032249
4940,623.2,0.0,-10.7166021452
4950,515.1,0.0,-27.8853731114
4960,492.0,0.0,-48.8533449135
4970,549.2,0.0,-23.2925550437
4980,575.3,0.0,-12.5840086095
4990,410.7,0.0,-40.1357769605
5000,480.7,0.0,-29.690616377
5010,640.7,0.0,-5.56298536913
5020,396.9,0.0,-25.1776226466
5030,516.4,0.0,-37.5738546846
5040,546.5,0.0,-2.85241971252
5050,574.1,0.0,-35.9339851024
5060,496.2,0.0,-34.6225158259
5070,556.0,0.0,-6.57249620673
5080,490.3,0.0,-17.7030004432
5090,468.2,0.0,-31.1260613995
5100,769.4,0.0,-19.3724820164
5110,562.1,0.0,-10.9136252634
5120,651.9,0.0,-11.4749596964
5130,639.1,0.0,-6.01943652102
5140,728.4,0.0,17.2562781273
5150,585.8,0.0,-10.9475216981
5160,546.1,0.0,-24.452005107
5170,645.0,0.0,7.77363602955
5180,713.3,0.0,-15.115402321
5190,850.1,0.0,-13.755919137
5200,361.2,0.0,-52.3327582014
5210,449.6,0.0,-6.67603012681
5220,503.3,0.0,-37.977799012
5230,370.8,0.0,-80.1652270784
5240,690.5,0.0,-3.07191641337
5250,406.9,0.0,-44.595680938
5260,697.9,0.0,-1.57457429738
5270,375.8,0.0,-19.9599921233
5280,713.0,0.0,5.90099481287
5290,547.0,0.0,-25.0874557202
5300,570.0,0.0,-6.72482496979
5310,525.3,0.0,-31.3645040912
5320,688.4,0.0,24.333412029
5330,620.5,0.0,6.20143161491
5340,641.6,0.0,-27.9721350765
5350,655.2,0.0,-18.7296951776
5360,722.0,0.0,12.4381461008
5370,623.2,0.0,-3.20660257
5380,579.1,0.0,-13.3751165404
5390,506.3,0.0,-27.3131618358
5400,429.9,0.0,-37.194972556
5410,802.0,0.0,1.47834180392
5420,727.4,0.0,-6.95471996292
5430,662.5,0.0,-19.5624419945
5440,653.1,0.0,-10.1039780266
5450,519.3,0.0,-55.6589352078
5460,568.9,0.0,-18.411604786
5470,789.1,0.0,11.1882428465
5480,662.6,0.0,6.83802587266
5490,831.1,0.0,-1.95344049918
5500,683.3,0.1,-0.492938764481
5510,714.8,0.0,-17.3357086053
5520,736.0,0.0,10.0069981576
5530,627.4,0.0,-34.1539066606
5540,642.1,0.0,12.6135151751
5550,642.0,0.0,-3.94592023004
5560,607.6,0.0,-30.2683895938
5570,572.9,0.0,-8.58017173059
5580,597.8,0.0,-22.4330794586
5590,641.2,0.0,5.51458642822
5600,543.0,0.0,-32.5080781216
5610,633.7,0.0,-22.4157038581
5620,804.2,0.0,16.288909745
5630,728.2,0.0,9.12325532941
5640,714.6,0.0,-1.62928984824
5650,848.1,0.1,36.0691724148
5660,748.1,0.0,2.0198175607
5670,703.7,0.0,-9.30827824084
5680,502.6,0.0,-22.5125381314
5690,780.9,0.0,26.939733078
5700,605.2,0.1,17.7223946218
5710,933.9,0.0,45.4714433759
5720,645.8,0.0,5.31975365243
5730,483.3,0.1,-39.7059162099
5740,442.6,0.0,-29.6004230278
5750,634.4,0.0,6.52736884142
5760,572.5,0.0,3.66846246658
5770,739.5,0.0,2.97787630979
5780,758.6,0.0,21.4678727077
5790,567.0,0.0,-27.5469723559
5800,814.7,0.0,13.4772000382
5810,661.4,0.0,9.31038993868
5820,857.3,0.0,31.3173917893
5830,845.1,0.0,13.4302137597
5840,729.9,0.0,20.6015446659
5850,941.4,0.0,41.049459267
5860,733.4,0.0,11.8593954066
5870,674.2,0.0,1.79112379235
5880,753.8,0.0,-0.709680415074
5890,635.3,0.0,-5.61008107107
5900,805.5,0.0,31.7332154993
5910,598.1,0.0,-5.44230348083
5920,792.5,0.0,11.4782092939
5930,606.4,0.0,0.0497615343119
5940,667.8,0.0,-9.6851760606
5950,879.0,0.0,31.912684994
5960,738.7,0.0,16.672065844
5970,808.7,0.0,10.1140996426
5980,800.3,0.0,17.4811227084
5990,508.6,0.0,-6.79745202893
6000,641.9,0.0,16.5911075851
6010,929.0,0.0,43.2946342884
6020,798.2,0.0,25.0576847049
6030,681.0,0.0,5.81366083461
6040,867.1,0.0,42.1924457652
6050,790.2,0.0,32.0578180638
6060,837.7,0.0,44.7457171109
6070,791.3,0.0,22.6800070555
6080,796.4,0.0,29.3205952631
6090,807.2,0.0,26.646078458
6100,567.6,0.0,-15.0160861286
6110,670.4,0.0,10.2990391472
6120,716.9,0.0,31.0068692044
6130,514.6,0.0,-26.9097886537
6140,498.0,0.0,-22.5881066201
6150,623.3,0.0,-2.32980445382
6160,855.5,0.0,50.2254734122
6170,533.0,0.0,-11.8454535357
6180,797.1,0.0,48.6244043155
6190,422.9,0.0,-35.2188775956
6200,791.1,0.0,29.8551774541
6210,588.0,0.0,-1.75047548017
6220,690.0,0.1,31.383866139
6230,657.0,0.0,6.91418786928
6240,572.6,0.0,-0.937811244696
6250,642.3,0.0,4.20083206811
6260,798.9,0.0,35.2802297232
6270,601.8,0.0,-8.04334491295
6280,783.3,0.0,26.5608891127
6290,798.0,0.0,36.2421583535
6300,800.4,0.0,36.7674117085
6310,869.1,0.0,49.1034709093
6320,715.2,0.0,28.5497674879
6330,858.8,0.0,42.6215075004
6340,715.4,0.0,16.719584537
6350,722.1,0.0,24.1753286895
6360,799.9,0.0,47.6830842811
6370,795.0,0.0,38.1317572446
6380,646.7,0.0,10.9063722535
6390,849.0,0.1,59.0984285988
6400,677.2,0.0,4.6341014381
6410,647.6,0.0,18.2171025831
6420,749.6,0.0,26.6188232289
6430,590.4,0.0,6.94429651321
6440,773.7,0.0,41.681035574
6450,786.9,0.0,20.4025238339
6460,592.1,0.0,-4.71796556326
6470,864.4,0.0,55.0186989988
6480,932.1,0.0,46.8443609573
6490,448.8,0.0,-40.6792664721
6500,862.9,0.0,34.626683876
6510,854.4,0.0,30.5651226354
6520,863.1,0.0,40.2162648684
6530,875.0,0.0,45.1146303586
6540,648.9,0.0,20.5179607921
6550,710.9,0.0,17.7092696828
6560,773.9,0.0,40.3697238634
6570,696.3,0.0,18.0979622102
6580,781.6,0.0,43.7939473036
6590,771.7,0.0,40.9562461552
6600,792.0,0.0,26.1972559618
6610,643.6,0.0,6.01737805927
6620,543.8,0.0,-0.324495878321
6630,876.7,0.1,65.7912733615
6640,924.6,0.0,58.8853602631
6650,640.0,0.0,-0.980174674767
6660,710.4,0.1,27.6378665729
6670,862.6,0.0,46.6385455668
6680,656.5,0.0,31.3318766587
6690,927.5,0.0,55.9309712324
6700,1000.0,0.0,78.542614829
6710,849.6,0.0,48.3089255037
6720,795.8,0.0,45.5436692853
6730,690.5,0.0,37.2546831695
6740,800.0,0.0,37.718786755
6750,771.7,0.0,38.7574566773
6760,719.2,0.1,29.7549922412
6770,791.9,0.0,34.1380506265
6780,927.2,0.0,52.4260988186
6790,739.8,0.1,43.3727778292
6800,845.2,0.0,45.6295381463
6810,640.6,0.0,0.803149278047
6820,785.5,0.0,38.7210115095
6830,935.6,0.0,58.1158383779
6840,866.8,0.0,35.9962194079
6850,954.3,0.1,71.0243868643
6860,868.1,0.0,48.528140101
6870,867.5,0.0,48.7146133601
6880,777.7,0.0,37.9076375893
6890,873.7,0.0,47.5241547982
6900,866.0,0.0,44.048272995
6910,850.7,0.0,40.5399854316
6920,929.2,0.0,46.1591973182
6930,707.3,0.0,35.1066621272
6940,794.6,0.0,39.27632361
6950,783.4,0.0,37.937728584
6960,803.2,0.0,26.3627677938
6970,1000.0,0.0,68.3452685383
6980,843.1,0.0,35.2059762018
6990,863.4,0.0,52.9180656569
7000,861.5,0.0,56.996169568
7010,720.4,0.0,19.5224624514
7020,840.8,0.0,48.984513224
7030,855.6,0.0,57.1237720735
7040,794.8,0.0,41.5652006644
7050,637.6,0.0,4.29088674736
7060,721.0,0.0,33.7692505368
7070,517.9,0.0,9.5988781577
7080,868.2,0.0,46.6838884514
7090,797.1,0.0,37.1339578806
7100,928.7,0.0,59.989172739
7110,772.2,0.0,50.8336316282
7120,859.8,0.0,55.4823404902
7130,934.1,0.0,68.5797350734
7140,706.9,0.0,20.3163154314
7150,738.4,0.1,44.9497124528
7160,782.9,0.0,35.4359148897
7170,772.8,0.0,37.0343166166
7180,695.5,0.0,18.9049179949
7190,859.2,0.0,45.3073546283
7200,767.5,0.0,40.2334702694
7210,781.1,0.0,29.0867239831
7220,932.8,0.0,49.9429980409
7230,930.5,0.0,53.1315421321
7240,925.7,0.0,68.1685767069
7250,850.3,0.0,52.7327602846
7260,865.7,0.0,40.6399915824
7270,509.2,0.0,-4.07075088096
7280,676.1,0.1,34.0794892354
7290,937.9,0.0,70.2055993825
7300,855.6,0.0,46.4145237648
7310,861.1,0.0,53.3015810214
7320,927.5,0.0,67.2098280227
7330,571.9,0.0,-2.92257581761
7340,783.9,0.0,32.5502718547
7350,794.8,0.1,58.1129082473
7360,501.9,0.0,-13.3214824584
7370,716.0,0.0,31.3855532525
7380,926.7,0.0,67.9329730414
7390,789.3,0.0,49.9826130781
7400,729.6,0.0,23.5685515464
7410,859.4,0.0,53.4300978319
7420,785.1,0.0,52.4659499054
7430,706.4,0.0,36.2621885135
7440,1000.0,0.0,51.1954981201
7450,699.0,0.0,30.4473518611
7460,618.5,0.1,36.7470751262
7470,701.0,0.0,39.473294376
7480,852.7,0.0,48.7295568162
7490,769.1,0.0,37.2503547414
7500,777.7,0.0,26.3585488375
7510,933.5,0.0,67.4590828796
7520,785.7,0.0,42.9617805227
7530,819.4,0.2,61.9008757612
7540,788.3,0.0,43.657837383
7550,776.1,0.0,37.0701170723
7560,930.1,0.0,67.6069390463
7570,711.0,0.0,14.6828185026
7580,563.8,0.0,6.90056901385
7590,781.5,0.0,48.0275803362
7600,924.1,0.0,67.2280030631
7610,786.2,0.0,48.6611202825
7620,847.0,0.0,54.6406675965
7630,854.3,0.0,57.9404380551
7640,771.6,0.0,38.4866812018
7650,931.4,0.0,79.2292299678
7660,871.2,0.1,72.6604232642
7670,924.0,0.0,60.7638426675
7680,930.0,0.0,68.6425630116
7690,928.6,0.0,70.7785600022
7700,934.0,0.0,63.7018918467
7710,720.9,0.0,36.1333268577
7720,918.7,0.0,62.9963029628
7730,860.4,0.0,50.3747715854
7740,846.6,0.0,45.8805207148
7750,726.3,0.0,37.9767873877
7760,851.7,0.0,52.3309464092
7770,1000.0,0.0,79.5791111773
7780,788.0,0.0,49.4294808042
7790,930.4,0.0,48.8706463409
7800,715.8,0.0,37.7411930797
7810,930.7,0.0,74.2874438553
7820,933.2,0.0,60.8609298925
7830,788.3,0.0,29.9393749541
7840,850.0,0.0,65.2599816061
7850,858.3,0.0,52.3127621161
7860,925.8,0.0,59.5710699158
7870,927.8,0.0,63.3952743302
7880,925.7,0.0,66.898717159
7890,705.2,0.0,34.9977487905
7900,794.3,0.0,36.5253977288
7910,853.1,0.0,61.961210448
7920,856.8,0.0,47.4933898817
7930,859.3,0.0,45.6690768326
7940,930.1,0.0,74.2066566156
7950,930.6,0.0,66.0931006114
7960,568.2,0.1,36.9779882791
7970,852.7,0.0,62.290261196
7980,852.1,0.0,64.6658040677
7990,630.5,0.0,21.8871208694
8000,852.1,0.0,58.2462045375
8010,924.3,0.0,58.9961477038
8020,932.7,0.0,62.8120452606
8030,727.1,0.0,24.6891381978
8040,772.0,0.0,57.2712368141
8050,923.3,0.0,61.101621797
8060,849.0,0.0,56.5659172423
8070,718.2,0.1,61.1146111993
8080,711.8,0.0,32.6586153086
8090,930.4,0.0,69.6402486947
8100,779.6,0.0,52.3467025882
8110,922.1,0.0,47.6612884004
8120,1000.0,0.0,81.4367677016
8130,846.1,0.0,55.2600451236
8140,651.1,0.1,37.8271449697
8150,723.9,0.1,70.5314073176
8160,855.7,0.0,36.1782393757
8170,850.6,0.0,60.0635115588
8180,923.6,0.0,67.9958367183
8190,1000.0,0.0,88.5103907537
8200,921.6,0.0,81.1731345963
8210,715.3,0.0,56.9384312199
8220,1000.0,0.0,79.1214657887
8230,772.4,0.0,53.2802497939
8240,774.6,0.0,51.4829055272
8250,850.4,0.0,62.2450845422
8260,845.5,0.0,48.0467492276
8270,775.3,0.0,63.1493137749
8280,1000.0,0.0,79.6391307496
8290,841.9,0.0,57.9280434927
8300,713.1,0.0,24.6622668435
8310,810.3,0.1,68.4204333569
8320,732.7,0.1,51.9580174132
8330,853.2,0.0,65.8697164208
8340,854.1,0.0,67.74757218
8350,634.1,0.0,13.219299325
8360,932.6,0.0,82.4263995895
8370,846.6,0.0,68.4764683317
8380,922.5,0.0,74.3813895079
8390,858.4,0.0,58.2601756592
8400,616.4,0.0,22.444871849
8410,854.2,0.0,64.2352650976
8420,542.0,0.0,4.20659859647
8430,684.8,0.0,44.8011735168
8440,697.9,0.0,43.5774926493
8450,766.5,0.0,47.4602145492
8460,763.0,0.0,59.6418480137
8470,693.9,0.0,41.4896392542
8480,774.5,0.0,56.0945930278
8490,766.8,0.0,50.5666529391
8500,778.1,0.0,56.4024694889
8510,690.4,0.0,23.8645227112
8520,607.8,0.0,35.760279855
8530,700.0,0.0,44.7704290008
8540,848.0,0.0,61.520546381
8550,790.2,0.0,53.0749263709
8560,767.2,0.0,48.1043901346
8570,622.4,0.0,8.70136821491
8580,694.7,0.0,37.1050647916
8590,694.8,0.1,54.0256048566
8600,687.9,0.0,41.4187132302
8610,698.8,0.0,29.6906858083
8620,771.5,0.0,57.726433999
8630,755.8,0.0,53.7954891895
8640,621.9,0.0,33.2063054573
8650,922.0,0.0,78.8515641151
8660,696.1,0.1,64.5507945499
8670,869.4,0.1,74.6627906323
8680,919.7,0.0,80.557870774
8690,845.7,0.0,64.3981489101
8700,773.4,0.1,48.8771625964
8710,682.3,0.0,43.9785369287
8720,783.7,0.0,54.3883841347
8730,766.7,0.0,49.5846891156
8740,922.3,0.0,78.6601260117
8750,1000.0,0.0,83.1524790345
8760,852.9,0.0,61.2765642847
8770,843.9,0.0,59.6726441753
8780,687.2,0.0,33.7147292101
8790,630.6,0.0,40.6035784719
8800,689.6,0.0,32.9197989566
8810,779.1,0.0,56.4806322506
8820,776.6,0.0,60.3739874016
8830,924.3,0.0,83.2653365829
8840,854.1,0.0,63.7537234365
8850,851.7,0.0,58.9702020348
8860,846.3,0.0,59.3531797995
8870,844.8,0.0,68.2158828757
8880,928.2,0.0,78.7084790237
8890,848.6,0.0,72.4374782845
8900,1000.0,0.0,80.3527744404
8910,854.8,0.0,59.4598639257
8920,932.8,0.0,64.1483264697
8930,1000.0,0.0,89.3031160532
8940,927.6,0.0,68.0188413211
8950,921.3,0.0,79.0761459099
8960,930.1,0.0,70.1336115032
8970,762.0,0.0,51.3543877537
8980,923.7,0.0,55.8112783443
8990,1000.0,0.0,81.1567257291
9000,787.3,0.0,53.5244979167
9010,844.8,0.0,47.9597180908
9020,924.1,0.0,76.5017906992
9030,926.9,0.0,76.4694516831
9040,926.9,0.0,85.8224940521
9050,853.5,0.0,55.3326680794
9060,1000.0,0.0,68.240735683
9070,854.4,0.0,46.0514768228
9080,931.2,0.0,88.8782053468
9090,978.6,0.1,98.6456249051
9100,926.9,0.0,81.6533282014
9110,776.3,0.0,50.6493037472
9120,1000.0,0.0,67.7972760525
9130,928.0,0.0,71.2576012089
9140,928.3,0.0,85.3732540012
9150,927.7,0.0,78.5560507992
9160,851.1,0.0,59.5977504595
9170,761.6,0.0,62.5057550269
9180,784.5,0.1,63.5303706076
9190,715.6,0.0,47.5112731951
9200,838.2,0.0,66.1565106578
9210,1000.0,0.0,93.6622326894
9220,772.1,0.0,49.3418168068
9230,929.5,0.0,68.5841024785
9240,773.7,0.0,60.7513356286
9250,1000.0,0.0,96.2586698297
9260,842.7,0.0,58.1488463804
9270,839.6,0.0,66.0746062707
9280,686.3,0.0,41.3510510678
9290,472.0,0.0,5.24312786843
9300,764.3,0.0,64.6167647512
9310,539.6,0.0,19.1868733784
9320,775.2,0.1,62.6272634481
9330,929.5,0.0,68.4706899049
9340,764.2,0.0,57.5419775634
9350,841.4,0.0,68.3374913528
9360,840.8,0.0,63.0612600069
9370,917.3,0.0,78.3865184506
9380,921.0,0.0,85.1216444741
9390,775.6,0.0,55.3717027628
9400,921.7,0.0,69.7458070592
9410,1000.0,0.0,84.173420482
9420,931.7,0.0,69.8413892542
9430,774.4,0.0,60.5625212413
9440,842.9,0.0,69.7343688097
9450,614.7,0.0,42.5339400246
9460,689.1,0.0,38.9215092568
9470,667.0,0.1,50.3021734215
9480,846.7,0.0,69.3257863736
9490,770.0,0.0,47.2625696527
9500,786.1,0.0,57.4271826258
9510,771.7,0.0,59.1360904555
9520,837.9,0.0,65.4012670853
9530,857.2,0.0,65.7950987058
9540,847.9,0.0,68.0258577362
9550,770.1,0.0,43.3691183959
9560,848.4,0.0,70.2880250936
9570,902.4,0.1,82.2216497492
9580,845.9,0.0,69.826573656
9590,1000.0,0.0,77.4386080625
9600,921.0,0.0,64.1535855349
9610,856.9,0.0,71.1215066911
9620,774.7,0.0,43.9761998346
9630,762.1,0.0,66.7110612222
9640,770.9,0.0,55.1482203366
9650,921.8,0.0,78.6865155211
9660,854.5,0.1,91.9549160611
9670,929.1,0.0,67.7911419477
9680,929.5,0.0,77.0049778124
9690,1000.0,0.0,98.674258082
9700,928.0,0.0,80.5612653583
9710,926.5,0.0,68.8433911455
9720,701.7,0.1,56.037874524
9730,1000.0,0.0,82.7229035517
9740,855.6,0.0,64.0945753
9750,772.7,0.0,39.1432229104
9760,926.1,0.0,65.8283350008
9770,1000.0,0.0,86.0401797942
9780,927.1,0.0,75.306536192
9790,849.4,0.0,74.2524781493
9800,920.2,0.0,73.131329557
9810,927.4,0.0,68.7684526537
9820,926.0,0.0,78.340629556
9830,767.9,0.0,58.7824863259
9840,851.4,0.0,54.9933182135
9850,765.7,0.0,58.2604288936
9860,856.9,0.0,65.7415123441
9870,1000.0,0.0,82.6163627239
9880,1000.0,0.0,91.1649688998
9890,804.2,0.1,62.6860975653
9900,1000.0,0.0,75.9059725002
9910,926.2,0.0,67.2437274463
9920,925.8,0.0,77.8208066906
9930,846.7,0.0,52.0637250051
9940,711.2,0.0,45.1036475903
9950,926.9,0.0,65.246103477
9960,1000.0,0.0,88.1825044712
9970,848.4,0.0,54.5858701846
9980,849.7,0.0,75.5257841432
9990,1000.0,0.0,71.69094577
10000,844.6,0.0,67.6292390741
10010,857.7,0.0,55.7488749584
10020,851.0,0.0,60.8859395848
10030,930.0,0.0,69.9479520091
10040,849.5,0.0,63.5318324343
10050,925.5,0.0,73.7482943246
10060,1000.0,0.0,87.3294967873
10070,1000.0,0.0,82.4385654524
10080,1000.0,0.0,91.9309167981
10090,852.0,0.0,66.4416823812
10100,858.9,0.0,67.5312406337
10110,880.3,0.1,76.6640779993
10120,858.7,0.0,63.2284292321
10130,783.5,0.0,54.988217715
10140,967.3,0.1,81.7553742808
10150,850.5,0.0,70.1896343666
10160,1000.0,0.0,87.7923311437
10170,855.5,0.0,57.3848321685
10180,1000.0,0.0,102.520062166
10190,1000.0,0.0,82.9932755564
10200,861.8,0.0,57.1897260156
10210,851.9,0.0,55.2783092831
10220,1000.0,0.0,86.6178663233
10230,857.3,0.0,66.3237974663
10240,853.2,0.0,63.2505392268
10250,772.5,0.0,58.5505952121
10260,845.4,0.0,75.8557038451
10270,780.4,0.0,45.6241966825
10280,916.8,0.1,80.0782568583
10290,923.3,0.0,69.0365978751
10300,849.4,0.0,64.8849705025
10310,1000.0,0.0,75.2019047059
10320,1000.0,0.0,91.862238939
10330,926.3,0.0,72.9473052396
10340,1000.0,0.0,88.7255158059
10350,928.5,0.0,70.5442864883
10360,852.8,0.0,75.6426674683
10370,925.1,0.0,69.7396385177
10380,913.6,0.0,65.5254408053
10390,926.7,0.0,80.7323646316
10400,1000.0,0.0,92.5905263764
10410,1000.0,0.0,91.016228817
10420,1000.0,0.0,82.7887444645
10430,1000.0,0.0,84.3552727647
10440,927.1,0.0,69.1080743673
10450,859.8,0.0,67.4618382313
10460,772.2,0.0,53.9085379351
10470,849.0,0.0,76.4864375714
10480,1000.0,0.0,76.7268237927
10490,941.6,0.1,95.8658421959
10500,840.7,0.0,66.387429263
10510,1000.0,0.0,85.9991130846
10520,1000.0,0.0,86.9238844971
10530,681.8,0.0,41.5577026079
10540,846.2,0.0,64.1304692172
10550,921.1,0.0,58.2089500176
10560,732.6,0.2,89.7526100506
10570,702.0,0.0,39.6729981361
10580,851.5,0.0,65.6562261294
10590,775.2,0.0,56.5901460337
10600,794.0,0.1,72.7268614287
10610,924.5,0.0,62.5701620921
10620,881.5,0.1,87.0589747884
10630,775.9,0.0,50.5056940617
10640,849.7,0.0,51.3026848228
10650,720.7,0.1,70.5480213118
10660,766.8,0.0,45.1240732731
10670,859.8,0.0,76.9611446153
10680,927.3,0.0,84.3349715961
10690,767.2,0.0,50.0278039657
10700,618.0,0.0,42.10105107
10710,924.3,0.0,74.9640460138
10720,923.6,0.0,88.2621862195
10730,704.0,0.0,41.0047656711
10740,929.1,0.0,63.6264820326
10750,922.2,0.0,64.6639830214
10760,912.3,0.1,80.6380072712
10770,927.9,0.0,79.1150629192
10780,847.1,0.0,60.0552567299
10790,767.9,0.0,48.5999847797
10800,979.4,0.1,105.109914553
10810,850.6,0.0,67.9767210457
10820,843.5,0.0,57.729815991
10830,1000.0,0.0,87.234194907
10840,923.5,0.0,86.1429990975
10850,699.3,0.0,55.041761209
10860,925.6,0.0,84.391905735
10870,682.2,0.0,47.6472038626
10880,925.4,0.0,75.0478243991
10890,838.2,0.0,65.4690581103
10900,849.9,0.0,74.4598033832
10910,767.3,0.0,62.6433931293
10920,847.1,0.0,51.0634494424
10930,765.4,0.0,63.8977430021
10940,840.1,0.0,69.8760843836
10950,529.6,0.0,28.1088503846
10960,838.5,0.0,58.8880153812
10970,769.6,0.0,66.505018962
10980,1000.0,0.0,91.2027107378
10990,692.3,0.0,55.8936334024
11000,757.3,0.0,52.844106521
11010,691.8,0.0,51.9171012603
11020,837.6,0.0,61.1763319788
11030,763.1,0.0,53.0616886097
11040,842.2,0.0,67.8023281687
11050,840.5,0.0,77.0250710283
11060,842.2,0.0,71.0555650499
11070,839.1,0.0,63.0020586276
11080,840.6,0.0,75.370541095
11090,838.2,0.0,71.5964433302
11100,922.5,0.0,87.0849134173
11110,840.4,0.0,76.1598148228
11120,1000.0,0.0,85.7377500012
11130,845.9,0.0,71.0458574277
11140,921.3,0.0,96.822971124
11150,918.1,0.0,86.5939892437
11160,841.4,0.0,73.8701837253
11170,921.3,0.0,77.8920808829
11180,764.9,0.0,69.035815268
11190,614.3,0.0,36.8928729711
11200,848.0,0.0,62.2583158321
11210,837.7,0.0,56.7566928381
11220,845.3,0.0,70.7987208975
11230,990.0,0.1,91.8080866984
11240,923.6,0.0,94.9551287528
11250,846.2,0.0,76.218819182
11260,773.6,0.0,59.5835479142
11270,926.1,0.0,81.8788787054
11280,842.7,0.0,49.7654492965
11290,1000.0,0.0,104.131086554
11300,921.8,0.0,85.504905223
11310,925.5,0.0,92.9527473945
11320,927.2,0.0,91.2219760417
11330,848.7,0.0,70.972134785
11340,923.5,0.0,81.1621035389
11350,1000.0,0.0,92.1067253187
11360,851.4,0.0,73.6529692308
11370,915.2,0.0,83.8428244124
11380,1000.0,0.0,96.010578257
11390,1000.0,0.0,76.0916048098
11400,920.2,0.0,91.6864323665
11410,1000.0,0.0,101.458365403
11420,848.7,0.0,68.75903654
11430,922.7,0.0,84.0684285852
11440,846.1,0.0,73.1355443755
11450,1000.0,0.0,86.9468519975
11460,857.6,0.0,76.3024500964
11470,767.7,0.0,59.2097027018
11480,921.8,0.0,71.3710540104
11490,771.5,0.1,70.3819253268
11500,922.4,0.0,68.7337714652
11510,927.1,0.0,78.3141799964
11520,1000.0,0.0,83.5731512527
11530,1000.0,0.0,77.7122795695
11540,1000.0,0.0,98.9529815028
11550,920.2,0.0,65.353872368
11560,924.3,0.0,67.4277435221
11570,1000.0,0.0,97.0317107952
11580,925.1,0.0,69.6177765366
11590,1000.0,0.0,81.9502201045
11600,1000.0,0.0,88.4555962496
11610,845.6,0.0,55.9387470118
11620,1000.0,0.0,90.5622089352
11630,926.4,0.0,82.5659309156
11640,934.0,0.0,87.2281540772
11650,1000.0,0.0,87.5225845918
11660,1000.0,0.0,70.2517526851
11670,1000.0,0.0,101.101123277
11680,1000.0,0.0,95.0209507099
11690,1000.0,0.0,96.4438890716
11700,928.0,0.0,77.793285289
11710,1000.0,0.0,89.2979113054
11720,924.9,0.0,84.1998279763
11730,1000.0,0.0,85.2023306004
11740,1000.0,0.0,84.5522012906
11750,922.4,0.0,63.5513525692
11760,1000.0,0.0,85.5405506208
11770,1000.0,0.0,90.0733771462
11780,1000.0,0.0,80.748034049
11790,919.7,0.0,77.3066792016
11800,923.9,0.0,70.8921095779
11810,998.8,0.1,104.669970583
11820,1000.0,0.0,86.6810111967
11830,927.7,0.0,75.0818408026
11840,1000.0,0.0,96.1767619962
11850,1000.0,0.0,87.0700591519
11860,850.4,0.0,67.0401717562
11870,1000.0,0.0,109.8353702
11880,1000.0,0.0,83.5588371129
11890,921.5,0.0,61.5620938785
11900,857.9,0.0,70.8536919438
11910,1000.0,0.0,96.8897707669
11920,1000.0,0.0,90.2437828909
11930,924.4,0.0,78.8248884156
11940,848.0,0.0,68.3399082033
11950,1000.0,0.0,94.7020433375
11960,841.9,0.0,80.616626808
11970,688.7,0.0,43.4582225051
11980,1000.0,0.0,87.7862557589
11990,766.7,0.0,62.4889450474
12000,924.3,0.0,86.9783739041
12010,842.9,0.0,69.253743045
12020,850.5,0.0,74.9088693375
12030,698.4,0.0,38.3271809464
12040,846.8,0.0,67.6932459169
12050,680.4,0.0,47.4356496987
12060,977.7,0.1,94.4524037771
12070,880.8,0.1,79.2670830648
12080,920.7,0.0,83.3434472152
12090,773.0,0.0,66.8121016345
12100,915.9,0.0,86.0640749525
12110,924.0,0.0,79.5189641802
12120,1000.0,0.0,108.461721799
12130,844.7,0.0,69.2220260321
12140,920.0,0.0,76.0352465646
12150,784.7,0.1,75.9241776952
12160,836.9,0.0,78.2258228566
12170,922.9,0.0,83.0552874372
12180,846.9,0.0,73.8184937718
12190,922.4,0.0,82.2465371548
12200,840.5,0.0,72.7376995884
12210,890.9,0.1,81.8693120799
12220,841.1,0.0,68.7298842515
12230,918.9,0.0,95.713138474
12240,760.6,0.0,58.3234882029
12250,839.9,0.0,64.8868421891
12260,840.9,0.0,63.1648253898
12270,767.9,0.0,53.3909985968
12280,682.8,0.0,38.8267326957
12290,919.9,0.0,83.0487255738
12300,838.9,0.0,61.9677924088
12310,1000.0,0.0,85.9904730762
12320,843.5,0.0,71.1230036282
12330,772.6,0.0,46.0968772082
12340,846.6,0.0,71.4571334098
12350,754.0,0.0,51.8525811378
12360,850.3,0.0,75.3124632763
12370,923.1,0.0,72.468887412
12380,845.5,0.0,69.4756571342
12390,845.0,0.0,65.3001351237
12400,842.3,0.0,69.0319131469
12410,844.0,0.0,61.9412395427
12420,842.7,0.0,69.5752256683
12430,922.0,0.0,74.0465939952
12440,688.0,0.0,43.4039503375
12450,1000.0,0.0,89.5159052959
12460,676.5,0.0,45.131895793
12470,771.6,0.0,59.1223997456
12480,605.4,0.0,46.220672822
12490,795.5,0.1,65.3507712407
12500,844.0,0.0,66.0840935304
12510,775.0,0.0,52.607796238
12520,847.9,0.0,72.7841972267
12530,1000.0,0.0,86.6062245045
12540,598.0,0.0,40.1750451725
12550,763.3,0.0,75.6447683691
12560,838.4,0.0,64.4710208979
12570,767.2,0.0,53.6159639479
12580,924.7,0.0,68.9149350114
12590,603.8,0.0,41.1141981614
12600,921.8,0.0,78.0452945753
12610,834.8,0.0,82.889733443
12620,892.7,0.1,95.1491683376
12630,1000.0,0.0,89.2820166208
12640,919.1,0.0,69.5425642925
12650,920.6,0.0,94.2930120015
12660,921.8,0.0,82.5873079925
12670,1000.0,0.0,85.4795650793
12680,1000.0,0.0,98.9311342305
12690,925.2,0.0,89.2693270668
12700,919.9,0.0,74.3611085412
12710,1000.0,0.0,100.070570226
12720,765.4,0.0,70.3070150855
12730,921.3,0.0,82.5476518298
12740,784.0,0.1,85.8484767699
12750,844.5,0.0,72.3035307783
12760,1000.0,0.0,79.642622333
12770,919.8,0.0,81.9386325927
12780,679.6,0.0,44.7996345053
12790,837.5,0.0,85.5164964486
12800,843.4,0.0,66.1228453957
12810,766.0,0.0,59.4736996837
12820,765.0,0.0,65.0947427185
12830,841.5,0.0,78.4002226215
12840,766.9,0.0,61.9822901587
12850,922.7,0.0,74.9195677272
12860,924.9,0.0,87.1317774105
12870,1000.0,0.0,103.603227646
12880,772.2,0.0,44.7865104677
12890,843.4,0.0,86.6678816156
12900,920.5,0.0,88.5508178679
12910,756.0,0.0,64.1644159744
12920,1000.0,0.0,93.1268262171
12930,843.9,0.0,70.8303591132
12940,841.2,0.0,73.4090323782
12950,922.7,0.0,85.5996899547
12960,765.4,0.0,47.3685006921
12970,933.4,0.2,92.0683844678
12980,866.4,0.1,103.123303121
12990,919.2,0.0,85.1941879871
13000,1000.0,0.0,88.5491469542
13010,842.8,0.0,70.7168869246
13020,838.0,0.0,70.1689993248
13030,926.0,0.0,83.1778814743
13040,1000.0,0.0,89.7264408667
13050,922.7,0.0,86.0067933051
13060,969.4,0.1,103.807681318
13070,927.7,0.1,106.833721286
13080,920.0,0.0,72.7018307986
13090,1000.0,0.0,92.9579803383
13100,677.3,0.0,59.6312583617
13110,1000.0,0.0,90.7934953018
13120,925.1,0.0,78.7717265975
13130,864.3,0.1,87.7614790069
13140,928.8,0.0,64.6988543466
13150,1000.0,0.0,97.3774498153
13160,758.1,0.0,64.4684370639
13170,952.8,0.1,93.0331374006
13180,923.1,0.0,77.0867025626
13190,1000.0,0.0,100.924280594
13200,920.8,0.0,88.2695844618
13210,846.9,0.0,65.6905752007
13220,1000.0,0.0,99.3910005774
13230,922.7,0.0,80.6584609249
13240,1000.0,0.0,89.505268582
13250,920.4,0.0,77.2605944724
13260,921.2,0.0,86.0947066392
13270,930.6,0.0,78.6382318586
13280,1000.0,0.0,93.2200278139
13290,926.2,0.0,80.9921854359
13300,1000.0,0.0,103.376836862
13310,880.0,0.1,86.0458841422
13320,1000.0,0.0,99.1026354052
13330,912.4,0.0,72.4556112616
13340,924.4,0.0,84.0311879401
13350,928.5,0.0,90.1317872798
13360,924.0,0.0,85.3170130944
13370,1000.0,0.0,83.9597628077
13380,921.8,0.0,73.6327399624
13390,1000.0,0.0,83.9465472807
13400,1000.0,0.0,83.7280280279
13410,1000.0,0.0,83.3561208032
13420,1000.0,0.0,95.3862581445
13430,923.9,0.0,82.4755620186
13440,926.4,0.0,91.5033758192
13450,849.3,0.0,69.8339082793
13460,920.0,0.0,75.7134049959
13470,847.0,0.0,61.8049419076
13480,838.0,0.0,67.0469627607
13490,1000.0,0.0,89.5422076303
13500,917.4,0.0,75.1011096306
13510,1000.0,0.0,80.0028106634
13520,924.8,0.0,75.0827783492
13530,1000.0,0.0,87.6998783621
13540,1000.0,0.0,84.8860523557
13550,769.5,0.0,65.1142660986
13560,924.1,0.0,81.0045431945
13570,1000.0,0.0,96.4882301711
13580,1000.0,0.0,94.228995711
13590,839.8,0.0,71.6074210204
13600,921.4,0.0,71.1455440952
13610,926.2,0.0,73.1089005116
13620,924.4,0.0,69.017252564
13630,1000.0,0.0,81.5691650258
13640,770.8,0.0,64.7702069802
13650,911.9,0.0,78.011507334
13660,1000.0,0.0,85.0172877295
13670,921.6,0.0,86.4517510649
13680,756.1,0.0,49.4164985726
13690,839.4,0.0,77.3162818276
13700,1000.0,0.0,89.6143782031
13710,1000.0,0.0,95.5767482026
13720,847.2,0.0,65.8104037752
13730,838.5,0.0,67.4147140948
13740,921.5,0.0,79.0462641048
13750,837.2,0.0,72.4012385265
13760,843.8,0.0,74.1027000789
13770,921.3,0.0,85.9803549266
13780,922.3,0.0,66.7161129537
13790,925.0,0.0,68.1447936032
13800,753.6,0.0,53.6019839724
13810,922.1,0.0,89.9956141555
13820,842.5,0.0,75.3347739444
13830,886.9,0.1,95.2367631566
13840,916.5,0.0,80.9392753496
13850,924.7,0.0,90.1134470548
13860,927.0,0.0,78.7069921932
13870,923.9,0.0,83.2250347911
13880,926.5,0.0,84.4553461046
13890,921.0,0.0,84.8546463677
13900,766.6,0.0,62.3654996029
13910,922.8,0.0,84.1807011244
13920,769.7,0.0,59.7029832506
13930,1000.0,0.0,103.7668144
13940,1000.0,0.0,84.890925187
13950,922.8,0.0,81.0191228175
13960,970.3,0.1,96.2223049944
13970,841.1,0.0,68.8439062754
13980,918.9,0.0,87.3850603176
13990,845.8,0.0,83.0889318851
14000,1000.0,0.0,94.09429651
14010,915.8,0.0,82.6073436886
14020,838.7,0.0,65.3805634722
14030,923.8,0.0,84.5381405373
14040,769.2,0.0,67.6767833038
14050,932.5,0.1,102.787979756
14060,922.4,0.0,87.0776299248
14070,848.7,0.0,69.1075726322
14080,1000.0,0.0,99.3024018753
14090,842.7,0.0,67.6483847555
14100,1000.0,0.0,95.1072264582
14110,959.6,0.1,102.070964199
14120,920.5,0.0,76.4254120708
14130,1000.0,0.0,85.5969556388
14140,1000.0,0.0,93.8728421462
14150,967.8,0.1,111.004100004
14160,919.6,0.0,59.838344873
14170,1000.0,0.0,80.5464138515
14180,1000.0,0.0,73.76214191
14190,772.4,0.0,57.3482376305
14200,1000.0,0.0,74.8770997661
14210,837.4,0.0,68.261000973
14220,923.0,0.0,84.65183096
14230,959.8,0.1,102.727087484
14240,927.9,0.0,81.4758862955
14250,1000.0,0.0,95.8880405326
14260,1000.0,0.0,94.5037351862
14270,1000.0,0.0,86.0368786756
14280,926.8,0.0,70.8171897664
14290,1000.0,0.0,83.9808460384
14300,923.4,0.0,88.4022999586
14310,1000.0,0.0,82.9062046108
14320,1000.0,0.0,91.4132105997
14330,790.6,0.1,59.1223189463
14340,927.0,0.0,89.696883235
14350,922.0,0.0,86.4644080772
14360,924.3,0.0,75.147610525
14370,851.4,0.0,64.7768584334
14380,1000.0,0.0,88.8112063939
14390,1000.0,0.0,87.03507997
14400,919.0,0.0,87.6226004952
14410,925.4,0.0,88.8299027756
14420,931.0,0.0,83.0409846663
14430,925.0,0.0,73.2358739201
14440,1000.0,0.0,89.732196887
14450,1000.0,0.0,87.7596595962
14460,1000.0,0.0,87.0188015364
14470,917.6,0.0,72.8611928817
14480,1000.0,0.0,90.8362091146
14490,1000.0,0.0,83.5661685845
14500,923.7,0.0,79.582098679
14510,1000.0,0.0,88.754759847
14520,1000.0,0.0,94.186479319
14530,924.5,0.0,89.610995172
14540,925.8,0.0,83.6455843302
14550,1000.0,0.0,86.5031635385
14560,1000.0,0.0,107.840090121
14570,924.0,0.0,69.1242198112
14580,1000.0,0.0,89.2053493354
14590,1000.0,0.0,95.4032844846
14600,1000.0,0.0,93.3054975019
14610,921.9,0.0,85.5474798221
14620,927.2,0.0,92.3987866394
14630,1000.0,0.0,86.9464569491
14640,926.6,0.0,86.8521474127
14650,925.6,0.0,76.137178641
14660,1000.0,0.0,96.8818536405
14670,1000.0,0.0,99.3343809303
14680,1000.0,0.0,86.0763600218
14690,1000.0,0.0,113.224054761
14700,847.0,0.0,73.5044018329
14710,901.6,0.1,90.3352087483
14720,917.4,0.0,81.6007739206
14730,1000.0,0.0,74.3535934577
14740,843.6,0.0,68.263296331
14750,1000.0,0.0,90.6133173738
14760,1000.0,0.0,88.2130114679
14770,928.8,0.0,89.593602969
14780,839.4,0.1,79.7886999592
14790,926.9,0.0,75.8759861031
14800,1000.0,0.0,98.9383270019
14810,854.0,0.0,72.221481139
14820,840.1,0.0,66.0250026314
14830,923.7,0.0,77.7925501776
14840,845.5,0.0,69.9162337336
14850,1000.0,0.0,95.1953422329
14860,765.1,0.0,57.4620252046
14870,1000.0,0.0,88.1737941328
14880,1000.0,0.0,96.0458787951
14890,1000.0,0.0,97.8994219803
14900,923.7,0.0,83.2608508596
14910,765.6,0.0,67.279075609
14920,925.4,0.0,79.031091863
14930,840.0,0.0,89.4266885025
14940,1000.0,0.0,105.858694198
14950,1000.0,0.0,96.011572315
14960,1000.0,0.0,89.219436494
14970,925.4,0.0,84.7966631027
14980,921.1,0.0,97.5066378129
14990,923.0,0.0,85.3609931503
15000,841.4,0.0,66.658697052
15010,1000.0,0.0,95.7468797941
15020,922.9,0.0,84.2627938406
15030,923.3,0.0,81.8781209335
15040,772.3,0.0,63.0232726444
15050,798.9,0.1,98.0603769429
15060,920.0,0.0,85.4426352388
15070,852.8,0.0,80.9778049077
15080,924.4,0.0,82.1271347549
15090,925.9,0.0,82.8506002295
15100,843.3,0.0,63.1760233185
15110,925.2,0.0,71.7927802951
15120,1000.0,0.0,94.4785471895
15130,920.7,0.0,94.3117511691
15140,921.3,0.0,77.2729031233
15150,920.6,0.0,85.2819503207
15160,933.7,0.1,91.1525775834
15170,1000.0,0.0,101.304930991
15180,1000.0,0.0,86.4797496324
15190,924.7,0.0,102.548885514
15200,1000.0,0.0,98.2097798851
15210,1000.0,0.0,90.659790142
15220,926.4,0.0,72.950865161
15230,769.3,0.0,62.9038749005
15240,920.6,0.0,87.6443487016
15250,841.0,0.0,77.8440942764
15260,922.4,0.0,86.530465168
15270,920.2,0.0,85.3721559278
15280,919.9,0.0,92.4926707393
15290,927.1,0.0,82.27205349
15300,924.7,0.0,82.275786028
15310,923.6,0.0,93.7716324977
15320,849.1,0.0,74.6989332758
15330,844.8,0.0,76.9227309554
15340,918.2,0.0,79.7558301751
15350,1000.0,0.0,101.670277796
15360,769.1,0.0,66.8703148537
15370,924.1,0.0,82.5655267222
15380,928.0,0.0,87.4629152925
15390,842.9,0.0,77.9034349838
15400,920.2,0.0,87.0253400293
15410,768.2,0.0,57.8242485992
15420,1000.0,0.0,94.3382379231
15430,840.2,0.0,75.7822550928
15440,842.0,0.0,74.2493008734
15450,767.5,0.0,66.5813768121
15460,1000.0,0.0,95.4600643739
15470,1000.0,0.0,92.3882751288
15480,710.5,0.1,77.3626013805
15490,1000.0,0.0,88.4380809758
15500,845.9,0.0,75.9007185621
15510,845.5,0.0,66.3393598826
15520,852.9,0.0,77.8655321056
15530,692.9,0.1,71.9131289282
15540,839.2,0.0,74.0343298937
15550,917.4,0.0,86.0686437171
15560,838.5,0.0,66.6453267502
15570,839.5,0.0,66.0981987582
15580,921.7,0.0,77.4730212645
15590,839.1,0.0,77.4973654299
15600,914.6,0.0,87.81436897
15610,674.9,0.0,39.8598941915
15620,838.7,0.0,76.1460917181
15630,919.4,0.0,86.0517868084
15640,842.1,0.0,73.1432953057
15650,843.7,0.0,72.7647060223
15660,922.5,0.0,81.4464139539
15670,762.6,0.0,59.4362431494
15680,840.8,0.0,81.3091764417
15690,596.5,0.0,44.6917757031
15700,920.9,0.0,85.6756757946
15710,917.3,0.0,85.0068638466
15720,918.7,0.0,67.0200408253
15730,834.8,0.0,72.7976106066
15740,842.4,0.0,82.4426233463
15750,752.6,0.0,55.1221195897
15760,839.4,0.0,71.388837118
15770,760.6,0.0,66.8931450886
15780,924.1,0.0,76.0871920155
15790,842.7,0.0,75.2730027432
15800,840.1,0.0,73.5501973041
15810,840.0,0.0,70.4127265227
15820,918.5,0.0,83.5240689307
15830,759.8,0.0,55.7225597389
15840,768.8,0.0,61.4884795298
15850,1000.0,0.0,86.0497090912
15860,681.3,0.0,50.320347446
15870,925.3,0.0,86.3784804712
15880,919.9,0.0,82.7116176314
15890,731.3,0.2,88.0552260073
15900,759.3,0.0,55.0871394303
15910,842.8,0.0,72.4904686932
15920,761.9,0.0,56.7044875298
15930,838.5,0.0,70.652797133
15940,844.1,0.0,71.1213046693
15950,1000.0,0.0,103.301253237
15960,677.1,0.0,50.114701048
15970,844.2,0.0,77.7170710299
15980,1000.0,0.0,93.0412204132
15990,922.1,0.0,69.3561640977
16000,1000.0,0.0,84.1978730629
16010,839.5,0.0,74.9097072451
16020,1000.0,0.0,105.96839463
16030,922.6,0.0,90.6937624717
16040,999.1,0.1,94.2956668207
16050,921.2,0.0,89.6443156335
16060,844.8,0.0,88.6349671369
16070,920.9,0.0,92.7302917835
16080,923.8,0.1,85.8252359666
16090,845.5,0.0,62.7250343779
16100,843.2,0.0,76.2681608295
16110,935.6,0.1,112.393523516
16120,847.9,0.0,80.4558983014
16130,845.5,0.0,75.774161168
16140,841.6,0.0,69.9337917814
16150,1000.0,0.0,84.9635072378
16160,1000.0,0.0,94.3134874769
16170,885.8,0.1,91.1998925207
16180,919.8,0.0,92.7664455123
16190,914.8,0.1,89.3352186498
16200,1000.0,0.0,100.849117062
16210,1000.0,0.0,94.2940811077
16220,761.9,0.0,68.4990111098
16230,915.2,0.0,83.61743899
16240,1000.0,0.0,88.9793911775
16250,849.4,0.0,73.1908079161
16260,840.6,0.0,84.5394129322
16270,923.7,0.0,85.4711864112
16280,1000.0,0.0,96.150417813
16290,1000.0,0.0,102.050376941
16300,927.7,0.0,81.6191871419
16310,925.9,0.0,84.2991602723
16320,845.1,0.0,64.763465316
16330,894.2,0.1,80.6392061649
16340,917.9,0.0,75.8761202307
16350,1000.0,0.0,99.0663802854
16360,1000.0,0.0,89.5894727821
16370,841.9,0.0,70.0388866473
16380,1000.0,0.0,103.774576385
16390,846.3,0.0,75.9607249984
16400,924.6,0.0,74.0403482762
16410,806.7,0.0,64.9206525586
16420,867.8,0.0,69.8059682918
16430,1000.0,0.0,90.4018348606
16440,926.8,0.0,76.9811800664
16450,925.8,0.0,76.0400243277
16460,920.8,0.0,74.9690208631
16470,1000.0,0.0,86.6801054388
16480,911.5,0.1,78.8699547491
16490,849.7,0.0,50.3369766873
16500,1000.0,0.0,89.4668769251
16510,841.2,0.0,67.5460856125
16520,932.0,0.0,71.6774629165
16530,1000.0,0.0,88.2623362691
16540,921.6,0.0,83.73339751
16550,1000.0,0.0,93.815974449
16560,1000.0,0.0,96.5037557171
16570,925.7,0.0,70.6379883526
16580,1000.0,0.0,100.23869918
16590,878.3,0.1,95.1999637291
16600,928.7,0.0,76.500475966
16610,968.5,0.1,93.8085646295
16620,1000.0,0.0,101.675407583
16630,1000.0,0.0,95.6807879322
16640,1000.0,0.0,97.8479007635
16650,926.6,0.0,85.1799904019
16660,1000.0,0.0,78.5855707013
16670,925.1,0.0,77.9437931152
16680,928.5,0.0,81.7990273819
16690,1000.0,0.0,88.5309307989
16700,852.2,0.0,60.1943044155
16710,1000.0,0.0,81.3164196765
16720,1000.0,0.0,87.1239926589
16730,925.0,0.0,80.9487064858
16740,922.4,0.0,83.3169260158
16750,1000.0,0.0,94.479014788
16760,1000.0,0.0,89.7413144378
16770,855.9,0.0,61.5942446963
16780,839.3,0.0,71.5305777986
16790,1000.0,0.0,86.2054618236
16800,919.4,0.0,84.2896103839
16810,924.2,0.0,82.4275448015
16820,923.9,0.0,71.1101778812
16830,923.2,0.0,80.7214381727
16840,844.3,0.0,75.5016164396
16850,922.5,0.0,85.0393909844
16860,1000.0,0.0,94.5115562332
16870,1000.0,0.0,88.1922725722
16880,1000.0,0.0,95.4484803508
16890,845.0,0.0,59.659998351
16900,1000.0,0.0,89.2125362142
16910,918.8,0.0,92.7470243285
16920,1000.0,0.0,92.1684770005
16930,1000.0,0.0,91.4647251484
16940,925.3,0.0,88.6749314234
16950,918.4,0.0,71.8592932659
16960,919.0,0.0,82.4590515099
16970,921.2,0.0,74.6341488627
16980,916.6,0.0,79.794568324
16990,918.8,0.0,73.0239715751
17000,1000.0,0.0,94.7790361693
17010,1000.0,0.0,101.747724163
17020,687.5,0.0,55.5149022149
17030,911.1,0.0,72.5686540706
17040,923.1,0.0,76.5838122581
17050,924.1,0.0,77.6075952795
17060,921.4,0.0,82.3388753403
17070,921.7,0.0,88.2293683277
17080,844.0,0.0,67.5632693906
17090,838.6,0.0,79.8744378103
17100,772.0,0.0,64.7081451823
17110,1000.0,0.0,90.7014289771
17120,922.3,0.0,86.5345503999
17130,949.8,0.1,118.970796294
17140,920.7,0.0,93.8757928056
17150,921.6,0.0,85.0352956896
17160,754.1,0.1,64.5563233617
17170,994.9,0.1,90.299248524
17180,920.8,0.0,79.968552063
17190,918.7,0.0,74.4462909552
17200,957.3,0.1,100.838998109
17210,920.2,0.0,92.9203507464
17220,918.0,0.0,88.5563653117
17230,838.5,0.0,68.174011316
17240,1000.0,0.0,97.9931371803
17250,923.1,0.0,90.4207492266
17260,924.6,0.0,90.8735078884
17270,1000.0,0.0,96.7601449128
17280,924.0,0.0,68.9703129176
17290,919.2,0.0,82.0256832681
17300,922.5,0.0,81.3266760502
17310,949.4,0.1,112.660545624
17320,918.8,0.0,85.5362872434
17330,856.5,0.1,102.105217139
17340,1000.0,0.0,92.006696546
17350,923.2,0.0,75.7980521525
17360,922.2,0.0,90.5549935954
17370,828.1,0.1,82.3281304291
17380,837.7,0.0,77.1916071018
17390,839.7,0.0,83.5878028766
17400,935.7,0.1,108.406243119
17410,900.5,0.1,85.4256749873
17420,920.6,0.0,94.8514149853
17430,922.7,0.0,85.9711058049
17440,1000.0,0.0,91.0982798684
17450,838.8,0.0,76.0789421309
17460,922.2,0.0,91.7917672019
17470,767.3,0.0,57.8930790287
17480,920.5,0.0,88.5721261899
17490,1000.0,0.0,94.9599490554
17500,848.7,0.0,59.2389805746
17510,842.3,0.0,78.1279929742
17520,766.8,0.0,68.3110973715
17530,919.8,0.0,82.9772647837
17540,994.4,0.1,114.708491867
17550,1000.0,0.0,92.5285311433
17560,1000.0,0.0,82.8113870817
17570,847.2,0.0,82.665991879
17580,921.9,0.0,82.161608256
17590,927.0,0.0,90.5373276573
17600,921.2,0.0,87.9738563478
17610,1000.0,0.0,91.7709316739
17620,1000.0,0.0,103.902125532
17630,1000.0,0.0,89.6321889577
17640,1000.0,0.0,84.1108697562
17650,1000.0,0.0,97.7607533838
17660,918.6,0.0,68.2388498089
17670,920.1,0.0,94.8655628062
17680,1000.0,0.0,86.9690663323
17690,919.0,0.0,92.2876001264
17700,1000.0,0.0,103.300481674
17710,1000.0,0.0,96.2476011024
17720,926.4,0.0,80.5381169212
17730,1000.0,0.0,91.2174240781
17740,927.7,0.0,91.7571958898
17750,1000.0,0.0,86.6778735981
17760,1000.0,0.0,101.071695617
17770,840.8,0.0,77.6746012686
17780,921.1,0.0,79.1630407348
17790,843.3,0.0,73.239755395
17800,1000.0,0.0,93.0852620309
17810,923.6,0.0,80.3799329862
17820,922.7,0.0,83.7269153427
17830,1000.0,0.0,90.7989348803
17840,842.0,0.0,65.7430744006
17850,844.7,0.0,83.7875799117
17860,848.2,0.0,82.5355789038
17870,1000.0,0.0,90.8928725589
17880,847.7,0.0,77.7385710465
17890,844.3,0.0,60.106297144
17900,739.9,0.1,80.9141415247
17910,922.2,0.0,82.95143743
17920,922.1,0.0,79.7522782595
17930,927.6,0.0,79.1791814808
17940,921.6,0.0,85.7620010913
17950,924.9,0.0,99.7402792598
17960,996.2,0.1,104.654933364
17970,1000.0,0.0,94.359899354
17980,1000.0,0.0,95.3566589176
17990,922.5,0.0,89.2400623379
18000,848.1,0.0,68.2090408825
18010,926.9,0.0,83.367161846
18020,922.5,0.0,88.0051557583
18030,922.8,0.0,88.7650675059
18040,1000.0,0.0,95.157871913
18050,1000.0,0.0,88.4197997383
18060,772.3,0.0,57.8938132952
18070,920.4,0.0,90.2662342943
18080,1000.0,0.0,97.8590768173
18090,926.0,0.0,90.6108782544
18100,924.0,0.0,78.4577136792
18110,908.3,0.1,88.6461919187
18120,1000.0,0.0,90.0306390747
18130,1000.0,0.0,90.7976977057
18140,1000.0,0.0,85.7405848314
18150,925.6,0.0,91.8257828741
18160,916.7,0.0,86.8495696587
18170,846.0,0.0,72.4780887147
18180,842.4,0.0,84.9942336527
18190,914.6,0.0,89.5921547675
18200,921.9,0.0,73.0928590301
18210,851.1,0.0,62.8246410778
18220,1000.0,0.0,103.495689575
18230,916.9,0.0,82.5916385651
18240,1000.0,0.0,89.6438784848
18250,1000.0,0.0,94.1208558155
18260,848.1,0.0,58.2715078925
18270,1000.0,0.0,97.812364815
18280,1000.0,0.0,98.6828856433
18290,1000.0,0.0,96.9176913176
18300,929.1,0.0,81.7779094315
18310,925.5,0.0,89.3535245251
18320,1000.0,0.0,97.6394280304
18330,925.2,0.0,94.3155861637
18340,925.0,0.0,73.4712900337
18350,1000.0,0.0,93.5895832253
18360,879.1,0.1,101.640505602
18370,927.3,0.0,69.840073442
18380,925.3,0.0,73.4962513452
18390,853.3,0.0,67.142724626
18400,839.1,0.0,80.0800739912
18410,1000.0,0.0,92.9306645287
18420,927.7,0.0,78.9640788461
18430,1000.0,0.0,92.1584292652
18440,923.2,0.0,75.2781428606
18450,927.6,0.0,89.9311063283
18460,922.6,0.0,83.2574762436
18470,920.4,0.1,75.2494464577
18480,920.1,0.0,77.2334965369
18490,1000.0,0.0,83.4505383704
18500,1000.0,0.0,97.2289678744
18510,917.5,0.0,82.8109327333
18520,1000.0,0.0,89.5172515722
18530,1000.0,0.0,76.7734040572
18540,847.4,0.0,69.7525804577
18550,837.4,0.0,68.0705195334
18560,1000.0,0.0,90.0944375331
18570,1000.0,0.0,95.5945132495
18580,984.8,0.1,95.664092023
18590,1000.0,0.0,86.0349395355
18600,925.6,0.0,88.1212787497
18610,1000.0,0.0,100.18059364
18620,1000.0,0.0,93.6954159593
18630,1000.0,0.0,96.6237216634
18640,921.0,0.0,90.3130637664
18650,916.1,0.0,95.6586219699
18660,1000.0,0.0,78.5181451868
18670,1000.0,0.0,82.1810400423
18680,926.3,0.0,75.1452428865
18690,1000.0,0.0,81.3253036819
18700,925.7,0.0,70.9423637276
18710,1000.0,0.0,84.0586944004
18720,921.4,0.0,82.1995876792
18730,925.3,0.0,82.3901678196
18740,850.2,0.0,67.1685420956
18750,950.2,0.1,114.430783034
18760,1000.0,0.0,88.1160384098
18770,925.9,0.0,73.023624852
18780,916.5,0.0,77.1806116567
18790,948.7,0.1,110.609125066
18800,945.0,0.1,118.235384467
18810,924.6,0.0,74.521269076
18820,923.9,0.0,82.0112193194
18830,1000.0,0.0,92.3679245746
18840,1000.0,0.0,87.6859087774
18850,924.8,0.0,94.1523181732
18860,1000.0,0.0,99.0863528057
18870,1000.0,0.0,98.002383509
18880,920.4,0.0,77.6629265064
18890,1000.0,0.0,108.750623426
18900,1000.0,0.0,79.356351597
18910,966.8,0.1,108.26391626
18920,924.4,0.0,80.4931762717
18930,1000.0,0.0,93.1391839129
18940,926.2,0.0,86.4459439257
18950,1000.0,0.0,96.5641234499
18960,923.7,0.0,75.4608209616
18970,927.0,0.0,84.3565083336
18980,919.5,0.0,87.9684597445
18990,919.9,0.0,85.1496491839
19000,922.2,0.0,82.9660131468
19010,919.9,0.0,87.9670207452
19020,851.6,0.0,75.7992814445
19030,921.9,0.0,81.7186095491
19040,1000.0,0.0,111.967054031
19050,1000.0,0.0,92.613989607
19060,1000.0,0.0,102.989003765
19070,1000.0,0.0,94.3569499424
19080,920.1,0.0,85.6241849422
19090,1000.0,0.0,103.349667856
19100,1000.0,0.0,99.8892451799
19110,923.4,0.0,91.7809688427
19120,1000.0,0.0,86.3202966562
19130,1000.0,0.0,97.7967211813
19140,918.9,0.0,87.841898329
19150,843.0,0.0,72.5000867858
19160,1000.0,0.0,93.2795187826
19170,1000.0,0.0,94.3228086835
19180,767.8,0.0,73.6944937554
19190,921.4,0.0,72.5169421916
19200,991.5,0.1,124.00686731
19210,612.3,0.0,40.3887223463
19220,922.8,0.0,84.7001069675
19230,921.2,0.0,92.4932501913
19240,1000.0,0.0,92.0533013525
19250,912.3,0.0,92.5802773823
19260,772.7,0.1,89.0339919389
19270,922.2,0.0,73.6267599869
19280,897.3,0.1,100.697598157
19290,921.8,0.0,96.3275634214
19300,924.2,0.0,85.6300636815
19310,920.2,0.0,79.3386195158
19320,1000.0,0.0,97.314781118
19330,922.6,0.0,76.0046232092
19340,919.7,0.0,92.1476986882
19350,837.4,0.0,82.025435206
19360,921.5,0.0,91.3401607507
19370,763.4,0.0,65.7023115548
19380,842.8,0.0,69.5388050945
19390,1000.0,0.0,93.0460372783
19400,920.7,0.0,92.3693135471
19410,1000.0,0.0,101.289616875
19420,771.7,0.0,59.468168135
19430,921.0,0.0,90.2637414383
19440,1000.0,0.0,93.1560310786
19450,920.2,0.0,86.8646764045
19460,839.0,0.0,72.5859664773
19470,1000.0,0.0,99.2740526083
19480,921.9,0.0,84.9626812417
19490,922.7,0.0,79.5352098745
19500,1000.0,0.0,92.0239108418
19510,924.8,0.0,80.64816411
19520,922.3,0.0,76.2994822757
19530,841.8,0.0,80.331032326
19540,1000.0,0.0,96.0258705476
19550,920.9,0.0,95.5532964175
19560,1000.0,0.0,97.2782094066
19570,921.1,0.0,84.4468433138
19580,1000.0,0.0,90.1892815751
19590,850.3,0.0,72.6325037625
19600,925.2,0.0,76.3739457676
19610,922.2,0.0,84.7560893042
19620,925.5,0.0,72.6754475249
19630,936.4,0.2,107.259766933
19640,1000.0,0.0,89.3146728253
19650,1000.0,0.0,94.2975960381
19660,1000.0,0.0,89.2692148372
19670,1000.0,0.0,90.2649356791
19680,925.3,0.0,80.0167562405
19690,1000.0,0.0,102.639787015
19700,1000.0,0.0,86.9220443756
19710,1000.0,0.0,93.9462970737
19720,924.4,0.0,85.3275336544
19730,926.2,0.0,100.136580777
19740,1000.0,0.0,104.092591291
19750,924.1,0.0,77.0269962556
19760,1000.0,0.0,93.0317998278
19770,1000.0,0.0,96.1588502126
19780,1000.0,0.0,86.4562119966
19790,1000.0,0.0,95.5408187941
19800,1000.0,0.0,92.1626940864
19810,926.6,0.0,77.2715220734
19820,1000.0,0.0,79.5557409727
19830,1000.0,0.0,84.4230831952
19840,1000.0,0.0,108.417597989
19850,1000.0,0.0,83.6759985373
19860,1000.0,0.0,86.1096954956
19870,923.9,0.0,88.3698844804
19880,1000.0,0.0,92.8948968273
19890,1000.0,0.0,85.9307361293
19900,1000.0,0.0,89.9271397928
19910,919.0,0.0,76.2119859408
19920,923.7,0.0,81.0756866443
19930,1000.0,0.0,99.7169167454
19940,1000.0,0.0,90.2858970903
19950,922.7,0.0,89.4754195269
19960,1000.0,0.0,92.8406097506
19970,1000.0,0.0,83.8445777377
19980,992.4,0.1,105.435853235
19990,1000.0,0.0,84.1309836121
20000,1000.0,0.0,92.5009124577
20010,1000.0,0.0,88.7911940379
20020,1000.0,0.0,90.0250197405
20030,1000.0,0.0,93.467674214
20040,923.6,0.0,92.9031640075
20050,1000.0,0.0,93.4245265383
20060,1000.0,0.0,91.6386114006
20070,1000.0,0.0,97.7372976498
20080,1000.0,0.0,94.1067601351
20090,1000.0,0.0,96.0166214006
20100,1000.0,0.0,99.2109002333
20110,925.6,0.0,88.8759923307
20120,994.6,0.1,103.808037739
20130,1000.0,0.0,96.0958120064
20140,1000.0,0.0,95.9624138291
20150,1000.0,0.0,80.90249921
20160,1000.0,0.0,95.6186099413
20170,1000.0,0.0,89.9998780643
20180,1000.0,0.0,89.5198072267
20190,1000.0,0.0,97.5333488344
20200,1000.0,0.0,83.4074564965
20210,1000.0,0.0,86.4852767355
20220,1000.0,0.0,87.5733299759
20230,1000.0,0.0,79.9977199961
20240,980.7,0.1,104.209013345
20250,926.8,0.0,84.7960786147
20260,1000.0,0.0,98.5835970032
20270,1000.0,0.0,92.0619533506
20280,927.6,0.0,82.4457532626
20290,1000.0,0.0,95.1975045453
20300,926.5,0.0,79.2639709023
20310,1000.0,0.0,83.7725915066
20320,1000.0,0.0,72.1104041308
20330,1000.0,0.0,90.5340176227
20340,1000.0,0.0,91.1301870962
20350,923.1,0.0,73.8682372572
20360,1000.0,0.0,89.2294072828
20370,925.4,0.0,72.686514557
20380,1000.0,0.0,97.2756337642
20390,1000.0,0.0,89.8035683814
20400,931.4,0.0,79.7155997191
20410,1000.0,0.0,93.3305087764
20420,1000.0,0.0,84.4907078349
20430,1000.0,0.0,89.8431193443
20440,930.7,0.0,77.3397404851
20450,1000.0,0.0,84.33399359
20460,1000.0,0.0,86.3822705176
20470,1000.0,0.0,80.8269862657
20480,1000.0,0.0,87.406408829
20490,1000.0,0.0,91.5006379051
20500,931.3,0.0,91.6379882814
20510,1000.0,0.0,85.3399080044
20520,1000.0,0.0,85.5914922912
20530,1000.0,0.0,91.4076141614
20540,927.2,0.0,80.3604968835
20550,1000.0,0.0,87.9958487791
20560,1000.0,0.0,92.4035396132
20570,1000.0,0.0,108.592740741
20580,1000.0,0.0,89.1649013197
20590,1000.0,0.0,88.6279507183
20600,1000.0,0.0,96.2437635679
20610,1000.0,0.0,90.1980415647
20620,924.7,0.0,99.2916842162
20630,1000.0,0.0,97.4060303818
20640,1000.0,0.0,103.775784233
20650,995.7,0.1,98.2638994888
20660,1000.0,0.0,101.936284469
20670,948.6,0.1,102.320516534
20680,1000.0,0.0,87.7273049551
20690,1000.0,0.0,77.5376927914
20700,1000.0,0.0,83.5138796994
20710,1000.0,0.0,90.9696110591
20720,1000.0,0.0,96.2484221384
20730,925.1,0.0,75.8789009663
20740,1000.0,0.0,92.0364759624
20750,932.4,0.0,69.6210563967
20760,852.3,0.0,73.3893923008
20770,1000.0,0.0,91.2671729095
20780,916.9,0.0,73.6294127064
20790,1000.0,0.0,100.798557368
20800,1000.0,0.0,88.2766312849
20810,1000.0,0.0,95.7916980137
20820,1000.0,0.0,105.035309751
20830,1000.0,0.0,94.1462395833
20840,1000.0,0.0,95.7232844823
20850,1000.0,0.0,81.4021477425
20860,847.1,0.0,72.6976548562
20870,1000.0,0.0,97.0819558516
20880,1000.0,0.0,81.4044115702
20890,1000.0,0.0,92.7915888974
20900,1000.0,0.0,89.2808816979
20910,837.1,0.1,77.7617425854
20920,1000.0,0.0,90.3554486078
20930,1000.0,0.0,103.264077523
20940,1000.0,0.0,93.6308268721
20950,1000.0,0.0,84.5563315535
20960,1000.0,0.0,92.5446086256
20970,1000.0,0.0,98.8267923284
20980,927.0,0.0,83.9493286438
20990,1000.0,0.0,90.5808919705
21000,840.7,0.0,87.4198706619
21010,844.8,0.0,77.1421842111
21020,1000.0,0.0,93.8087624299
21030,771.3,0.0,57.1175885065
21040,1000.0,0.0,79.4187394847
21050,924.4,0.0,71.9898978752
21060,844.7,0.0,81.606517226
21070,681.4,0.0,55.2712673829
21080,926.9,0.0,81.9931210134
21090,1000.0,0.0,101.210899577
21100,1000.0,0.0,75.47121103
21110,842.2,0.0,72.9665318149
21120,969.4,0.1,99.816314698
21130,918.7,0.0,91.101114451
21140,926.8,0.0,80.1437866006
21150,842.5,0.0,51.5573602936
21160,1000.0,0.0,94.7003591965
21170,805.2,0.1,84.4860287634
21180,919.4,0.0,86.7343802779
21190,841.9,0.0,76.8239393374
21200,785.0,0.1,81.7323143216
21210,846.1,0.0,70.4623975222
21220,923.7,0.0,82.5156350861
21230,922.7,0.0,78.3292243725
21240,1000.0,0.0,95.2438952176
21250,1000.0,0.0,86.323239469
21260,843.3,0.0,77.7740346325
21270,843.8,0.0,82.7751174443
21280,766.5,0.0,62.3115417492
21290,917.8,0.0,84.5149950044
21300,1000.0,0.0,96.3833636985
21310,918.3,0.0,86.7730161762
21320,844.8,0.0,75.1744079331
21330,1000.0,0.0,92.3364191824
21340,919.9,0.0,79.9877844177
21350,759.9,0.0,79.0844081179
21360,1000.0,0.0,91.0255244724
21370,1000.0,0.0,91.3140897633
21380,919.4,0.0,78.176744633
21390,921.1,0.0,79.1368688999
21400,921.9,0.0,85.3153996472
21410,1000.0,0.0,73.7164779292
21420,1000.0,0.0,94.4696146709
21430,921.9,0.0,96.5903632351
21440,921.1,0.0,91.59595147
21450,1000.0,0.0,94.0848016744
21460,841.9,0.0,83.8171600461
21470,1000.0,0.0,102.689546736
21480,1000.0,0.0,103.673474175
21490,920.9,0.0,86.8558470335
21500,1000.0,0.0,97.785590369
21510,923.6,0.0,90.7715779719
21520,920.1,0.0,89.6262482669
21530,923.6,0.0,84.4746742957
21540,838.4,0.0,69.9803885883
21550,1000.0,0.0,90.1857236966
21560,1000.0,0.0,93.5981472206
21570,1000.0,0.0,88.5391353725
21580,1000.0,0.0,101.868974776
21590,969.6,0.1,103.957007965
21600,1000.0,0.0,82.1161614346
21610,1000.0,0.0,94.1709727424
21620,1000.0,0.0,102.913386973
21630,843.2,0.0,78.3820881093
21640,842.4,0.0,78.3211208674
21650,922.1,0.0,84.7826868993
21660,1000.0,0.0,83.5019423385
21670,921.9,0.0,78.8346623217
21680,1000.0,0.0,103.161461943
21690,1000.0,0.0,91.5704586651
21700,1000.0,0.0,87.3614401162
21710,1000.0,0.0,101.72329361
21720,923.7,0.0,92.7119819561
21730,1000.0,0.0,88.12189433
21740,1000.0,0.0,97.2787720649
21750,1000.0,0.0,96.1919457308
21760,1000.0,0.0,88.5921658195
21770,1000.0,0.0,90.4820848968
21780,941.4,0.1,110.13096787
21790,925.5,0.0,79.0223397981
21800,1000.0,0.0,109.36255557
21810,925.3,0.0,83.5087065763
21820,1000.0,0.0,99.7831297682
21830,1000.0,0.0,96.4887822231
21840,847.7,0.0,73.7222682344
21850,1000.0,0.0,97.7585619488
21860,1000.0,0.0,90.9924593307
21870,1000.0,0.0,103.332212497
21880,1000.0,0.0,98.5834556447
21890,1000.0,0.0,99.3539502345
21900,915.4,0.0,91.6235350541
21910,924.7,0.0,91.5707664692
21920,1000.0,0.0,99.2850612968
21930,906.4,0.1,87.7270070373
21940,924.1,0.0,100.557130318
21950,955.2,0.1,98.5486818208
21960,1000.0,0.0,97.1885382188
21970,1000.0,0.0,85.3651287327
21980,1000.0,0.0,86.3813790752
21990,1000.0,0.0,96.431956263
22000,1000.0,0.0,88.7290477358
22010,920.1,0.0,79.8382209847
22020,921.3,0.0,88.9260944116
22030,1000.0,0.0,88.7667692169
22040,1000.0,0.0,98.1104833489
22050,1000.0,0.0,102.369020812
22060,920.8,0.0,81.7684723718
22070,1000.0,0.0,96.8707229421
22080,928.2,0.0,84.4996100867
22090,1000.0,0.0,88.575946166
22100,1000.0,0.0,85.1411793891
22110,927.2,0.0,74.308308245
22120,1000.0,0.0,100.186009409
22130,1000.0,0.0,86.1665652975
22140,917.4,0.0,92.5568182683
22150,1000.0,0.0,102.415267259
22160,1000.0,0.0,90.4374987636
22170,1000.0,0.0,100.619118353
22180,1000.0,0.0,93.6109785357
22190,922.5,0.0,80.8656099356
22200,1000.0,0.0,95.4770930942
22210,924.6,0.0,66.6758464098
22220,1000.0,0.0,85.5687596693
22230,1000.0,0.0,104.663481976
22240,921.5,0.0,76.6365079554
22250,922.8,0.0,76.4702818747
22260,1000.0,0.0,84.4300090301
22270,922.0,0.0,92.333338094
22280,1000.0,0.0,102.781672625
22290,919.3,0.0,86.4049068727
22300,921.1,0.0,92.1056046006
22310,1000.0,0.0,90.9775037949
22320,1000.0,0.0,95.3447366793
22330,849.6,0.0,65.4410530839
22340,1000.0,0.0,72.9490068703
22350,1000.0,0.0,94.5862958597
22360,915.3,0.0,77.967851691
22370,1000.0,0.0,93.4305836653
22380,1000.0,0.0,91.4150387627
22390,927.2,0.0,88.5623060238
22400,1000.0,0.0,94.6968165953
22410,963.5,0.1,97.9609996369
22420,919.5,0.0,96.5253008916
22430,922.7,0.0,73.7204543936
22440,922.0,0.0,82.6482732153
22450,1000.0,0.0,98.2934037679
22460,1000.0,0.0,82.675438163
22470,1000.0,0.0,91.7012812728
22480,1000.0,0.0,90.3205499431
22490,1000.0,0.0,94.9743843464
22500,1000.0,0.0,105.380716272
22510,919.4,0.0,86.4709375273
22520,923.1,0.0,93.916249504
22530,1000.0,0.0,98.8343341449
22540,1000.0,0.0,104.156215696
22550,1000.0,0.0,97.0026482664
22560,921.9,0.0,86.1914036382
22570,1000.0,0.0,102.259685107
22580,919.6,0.0,83.7562831198
22590,920.7,0.0,79.662253799
22600,921.3,0.0,79.7161651697
22610,1000.0,0.0,101.469614642
22620,837.1,0.0,80.5831526176
22630,831.2,0.0,70.0397639361
22640,765.9,0.0,73.6924430939
22650,847.2,0.0,71.7585133469
22660,1000.0,0.0,100.397402387
22670,842.7,0.0,71.6364180928
22680,1000.0,0.0,91.6008807708
22690,1000.0,0.0,93.9922577836
22700,1000.0,0.0,78.1134587212
22710,995.1,0.1,108.707301288
22720,921.0,0.0,84.3488853562
22730,843.1,0.0,79.6884289416
22740,1000.0,0.0,103.60088156
22750,922.8,0.0,76.3616360386
22760,918.0,0.0,94.8416011192
22770,1000.0,0.0,92.8162570984
22780,1000.0,0.0,96.737683342
22790,841.5,0.0,76.0799998774
22800,1000.0,0.0,99.6635531933
22810,1000.0,0.0,91.1732039395
22820,923.3,0.0,88.2799360613
22830,1000.0,0.0,95.0677783292
22840,1000.0,0.0,110.509390456
22850,921.9,0.0,84.556438231
22860,921.1,0.0,81.5373265205
22870,1000.0,0.0,105.017531236
22880,924.1,0.0,95.80241549
22890,918.9,0.0,81.186385979
22900,923.5,0.0,81.3742685828
22910,1000.0,0.0,91.5587610356
22920,1000.0,0.0,99.9080419163
22930,921.4,0.0,86.2628491119
22940,1000.0,0.0,93.7479611776
22950,1000.0,0.0,96.3197930175
22960,846.7,0.0,80.6156108256
22970,1000.0,0.0,90.1407121182
22980,1000.0,0.0,83.7387779753
22990,926.6,0.0,97.3748480864
23000,877.6,0.1,97.6912667057
23010,1000.0,0.0,99.476147269
23020,1000.0,0.0,93.6495297383
23030,1000.0,0.0,95.0021471039
23040,1000.0,0.0,96.4023997346
23050,1000.0,0.0,94.435379403
23060,1000.0,0.0,89.4587299532
23070,1000.0,0.0,98.9986742293
23080,1000.0,0.0,87.449013798
23090,1000.0,0.0,88.6578983553
23100,1000.0,0.0,90.6285386468
23110,926.8,0.0,86.2795717107
23120,780.6,0.0,64.2567594216
23130,1000.0,0.0,98.2706375369
23140,1000.0,0.0,99.8745374378
23150,1000.0,0.0,83.5215950895
23160,843.9,0.0,60.5979542133
23170,1000.0,0.0,90.0218643816
23180,925.4,0.0,81.8306799117
23190,1000.0,0.0,83.3544794119
23200,924.0,0.0,84.386945283
23210,1000.0,0.0,104.565984108
23220,1000.0,0.0,94.3239360743
23230,1000.0,0.0,82.5025992547
23240,1000.0,0.0,97.0525160472
23250,1000.0,0.0,88.2938089115
23260,924.4,0.0,87.4917064928
23270,923.8,0.0,86.0734491855
23280,843.4,0.0,77.0910546593
23290,840.8,0.0,69.2968335625
23300,1000.0,0.0,89.5596403477
23310,1000.0,0.0,93.4297592409
23320,1000.0,0.0,103.659750281
23330,1000.0,0.0,85.6815007035
23340,1000.0,0.0,85.5196371301
23350,1000.0,0.0,99.8961010246
23360,844.7,0.0,67.1675692855
23370,922.2,0.0,83.020136418
23380,922.9,0.0,94.6766785568
23390,1000.0,0.0,83.5156090353
23400,926.2,0.0,85.9781125474
23410,925.6,0.0,83.2856957106
23420,922.1,0.0,84.6269614083
23430,776.2,0.0,65.4863148187
23440,922.7,0.0,83.5495114607
23450,999.6,0.1,101.748842177
23460,923.0,0.0,81.0389274059
23470,1000.0,0.0,95.4179484966
23480,1000.0,0.0,95.1682489985
23490,1000.0,0.0,96.4317799601
23500,981.6,0.1,95.5288494707
23510,1000.0,0.0,94.5422751389
23520,925.8,0.0,64.3041762355
23530,923.7,0.0,80.5278533179
23540,1000.0,0.0,100.843178162
23550,923.4,0.0,83.9117803838
23560,920.9,0.0,79.343645181
23570,845.7,0.0,83.841618556
23580,1000.0,0.0,98.9935290578
23590,919.2,0.0,77.3901503227
23600,1000.0,0.0,108.386126603
23610,1000.0,0.0,92.1245844994
23620,1000.0,0.0,90.770160329
23630,1000.0,0.0,96.7017106119
23640,1000.0,0.0,100.896563547
23650,838.6,0.0,76.6370021308
23660,1000.0,0.0,85.2229028771
23670,920.7,0.0,88.1037076603
23680,1000.0,0.0,91.9962169964
23690,921.9,0.0,77.9164781746
23700,919.4,0.0,100.153519502
23710,856.1,0.1,89.4710071174
23720,1000.0,0.0,96.7482598219
23730,922.1,0.0,100.380772024
23740,1000.0,0.0,102.180677251
23750,1000.0,0.0,98.7698640592
23760,924.6,0.0,86.6096508733
23770,845.0,0.0,73.2740993018
23780,1000.0,0.0,88.4369257191
23790,840.9,0.0,78.4286179709
23800,924.9,0.0,88.3415088073
23810,921.7,0.0,80.7010562207
23820,770.1,0.0,60.9775455601
23830,1000.0,0.0,103.929382222
23840,847.0,0.0,84.3871172256
23850,925.1,0.0,82.893119562
23860,1000.0,0.0,98.2634244905
23870,926.4,0.1,95.2884276601
23880,922.2,0.0,90.1816897603
23890,921.8,0.0,76.4882028601
23900,887.9,0.2,105.907331024
23910,920.2,0.0,85.9454598762
23920,1000.0,0.0,97.3654538968
23930,850.4,0.0,69.9599454371
23940,926.0,0.0,94.4623716481
23950,883.5,0.1,93.2739161929
23960,994.2,0.1,98.7325924405
23970,899.5,0.1,95.7891686052
23980,923.4,0.0,84.2694641284
23990,1000.0,0.0,87.658916254
24000,920.5,0.0,91.6910304495
24010,920.1,0.0,92.8736805372
24020,923.8,0.0,79.8154366413
24030,763.3,0.0,73.2742674614
24040,826.6,0.1,88.5985761305
24050,922.1,0.0,81.2176070856
24060,922.0,0.0,83.1043603518
24070,1000.0,0.0,100.628057794
24080,920.1,0.0,82.2323440536
24090,1000.0,0.0,93.0636703307
24100,924.3,0.0,91.9413841155
24110,922.7,0.0,90.0885701539
24120,1000.0,0.0,91.5358688968
24130,1000.0,0.0,83.8887906845
24140,1000.0,0.0,91.6000910906
24150,757.5,0.0,62.0211252401
24160,1000.0,0.0,109.0334582
24170,766.5,0.0,79.6425594185
24180,1000.0,0.0,94.8841372122
24190,765.4,0.0,64.9813223454
24200,1000.0,0.0,90.6507017148
24210,849.1,0.0,79.5479098851
24220,1000.0,0.0,99.4038111213
24230,1000.0,0.0,86.4830386746
24240,922.7,0.0,97.6354515607
24250,1000.0,0.0,91.1186761627
24260,1000.0,0.0,95.5118621031
24270,922.1,0.0,91.1474661556
24280,924.0,0.0,66.5063383894
24290,924.2,0.0,84.2695843337
24300,912.4,0.0,91.0966171093
24310,1000.0,0.0,95.5928552577
24320,921.7,0.0,90.7988554833
24330,926.0,0.0,87.9035267652
24340,1000.0,0.0,99.9898751078
24350,1000.0,0.0,92.5267871671
24360,923.1,0.0,82.6391236837
24370,848.9,0.0,72.1461312097
24380,1000.0,0.0,95.5398557039
24390,850.8,0.0,82.9035088184
24400,1000.0,0.0,97.2425421296
24410,925.8,0.0,83.2417122368
24420,923.9,0.0,77.0899581829
24430,1000.0,0.0,101.895631571
24440,1000.0,0.0,82.0201271094
24450,922.1,0.0,89.7900244149
24460,838.1,0.0,83.5948180329
24470,922.6,0.0,82.9829676672
24480,850.6,0.0,67.9778009433
24490,921.2,0.0,73.3172516825
24500,829.7,0.1,85.7650417396
24510,1000.0,0.0,92.8470954617
24520,920.9,0.0,81.6332975353
24530,1000.0,0.0,99.7993327551
24540,1000.0,0.0,100.946685376
24550,921.9,0.0,81.3212420172
24560,1000.0,0.0,93.9296609519
24570,929.0,0.0,84.2141483268
24580,1000.0,0.0,92.1728539757
24590,1000.0,0.0,90.9888560097
24600,1000.0,0.0,103.404057217
24610,846.1,0.0,64.658453009
24620,768.8,0.0,62.053593149
24630,923.0,0.0,78.9558941696
24640,924.4,0.0,92.1167849006
24650,923.1,0.0,81.7820294059
24660,922.8,0.0,90.1654677077
24670,1000.0,0.0,95.5865335683
24680,921.4,0.0,71.4498548028
24690,772.5,0.0,60.3214305122
24700,1000.0,0.0,77.2638150576
24710,916.9,0.0,96.3245002963
24720,920.1,0.0,84.6854249427
24730,923.5,0.0,78.7901127296
24740,926.5,0.0,93.3484541508
24750,1000.0,0.0,96.1200569152
24760,1000.0,0.0,100.524835914
24770,1000.0,0.0,96.6967340066
24780,1000.0,0.0,93.0431704357
24790,919.2,0.0,81.8226790115
24800,924.0,0.0,88.4221646363
24810,1000.0,0.0,104.514314084
24820,1000.0,0.0,91.4210313303
24830,920.9,0.0,85.3872172868
24840,1000.0,0.0,84.5169443612
24850,924.0,0.0,85.7822758425
24860,1000.0,0.0,91.172220941
24870,1000.0,0.0,92.1865169105
24880,926.6,0.0,82.9961422396
24890,846.2,0.0,60.019696361
24900,1000.0,0.0,89.8008766223
24910,1000.0,0.0,87.9487777963
24920,1000.0,0.0,86.8915048799
24930,1000.0,0.0,93.9970471368
24940,925.8,0.0,75.0823135685
24950,876.9,0.1,101.406220006
24960,1000.0,0.0,106.396396027
24970,923.5,0.0,86.5864163618
24980,1000.0,0.0,91.7157268388
24990,1000.0,0.0,85.3686455628
25000,1000.0,0.0,94.6735325453
25010,1000.0,0.0,100.427201936
25020,1000.0,0.0,103.578073952
25030,1000.0,0.0,95.2713161535
25040,924.2,0.0,87.5362825212
25050,923.4,0.0,89.7741123856
25060,847.8,0.0,84.4705981148
25070,1000.0,0.0,84.2090898385
25080,848.1,0.0,76.0545007489
25090,1000.0,0.0,99.3220282712
25100,1000.0,0.0,101.040448319
25110,924.4,0.0,91.5260122303
25120,1000.0,0.0,98.7953913244
25130,1000.0,0.0,84.9845812153
25140,924.1,0.0,76.5808225448
25150,1000.0,0.0,94.5235420407
25160,1000.0,0.0,101.223818201
25170,1000.0,0.0,103.959532699
25180,923.7,0.0,84.4480144271
25190,922.4,0.0,82.7019540289
25200,1000.0,0.0,106.479481013
25210,1000.0,0.0,99.9494931855
25220,926.8,0.0,84.583288182
25230,1000.0,0.0,96.2854945588
25240,922.8,0.0,82.1249980067
25250,925.0,0.0,79.3257642037
25260,1000.0,0.0,102.884446856
25270,1000.0,0.0,99.0733835728
25280,1000.0,0.0,106.463516473
25290,924.7,0.0,84.0917465069
25300,1000.0,0.0,94.5748155951
25310,1000.0,0.0,85.0340962473
25320,1000.0,0.0,94.2867249391
25330,1000.0,0.0,89.217721059
25340,1000.0,0.0,98.4349005762
25350,922.1,0.0,82.2489890063
25360,1000.0,0.0,82.8726914545
25370,840.1,0.0,71.7987373325
25380,846.7,0.0,79.6385149235
25390,924.7,0.0,95.3045086538
25400,1000.0,0.0,93.1206083923
25410,1000.0,0.0,93.3237264828
25420,922.5,0.0,98.7183868593
25430,1000.0,0.0,99.1879383383
25440,1000.0,0.0,92.7109385734
25450,1000.0,0.0,98.7021652242
25460,1000.0,0.0,87.696967098
25470,1000.0,0.0,73.5680370377
25480,1000.0,0.0,91.0428959624
25490,923.3,0.0,90.4641157645
25500,1000.0,0.0,95.9855824511
25510,920.7,0.0,87.4516210338
25520,1000.0,0.0,87.2032969712
25530,848.1,0.0,83.4776672524
25540,982.6,0.1,109.302418928
25550,925.6,0.0,77.8756286583
25560,1000.0,0.0,93.236058962
25570,1000.0,0.0,109.2476963
25580,1000.0,0.0,81.8370206228
25590,1000.0,0.0,99.1334253281
25600,1000.0,0.0,89.1490256943
25610,924.9,0.0,78.730012711
25620,845.5,0.0,66.2543254185
25630,1000.0,0.0,94.8229889147
25640,1000.0,0.0,106.233196526
25650,1000.0,0.0,97.0879004157
25660,1000.0,0.0,102.443708825
25670,1000.0,0.0,97.8787403571
25680,1000.0,0.0,95.4346334776
25690,922.6,0.0,98.1857380045
25700,1000.0,0.0,85.7259529434
25710,924.2,0.0,89.3737296542
25720,925.2,0.0,86.6349779909
25730,1000.0,0.0,96.1231125267
25740,1000.0,0.0,100.478438545
25750,1000.0,0.0,88.1838762154
25760,1000.0,0.0,100.207390455
25770,1000.0,0.0,87.4475036015
25780,1000.0,0.0,95.6143832878
25790,922.5,0.0,90.499148449
25800,1000.0,0.0,98.032706325
25810,1000.0,0.0,88.8524076569
25820,924.3,0.0,86.6333105559
25830,926.7,0.0,71.526842532
25840,1000.0,0.0,99.0512592641
25850,928.6,0.0,79.5619560581
25860,1000.0,0.0,94.9565701989
25870,1000.0,0.0,94.2131919731
25880,1000.0,0.0,89.3459319946
25890,1000.0,0.0,93.6206462771
25900,1000.0,0.0,98.3344477389
25910,853.3,0.0,76.4180750688
25920,1000.0,0.0,89.4547713354
25930,924.6,0.0,78.0201002658
25940,1000.0,0.0,85.5574148986
25950,1000.0,0.0,101.138445816
25960,1000.0,0.0,100.916239298
25970,1000.0,0.0,95.8005461923
25980,1000.0,0.0,94.8540430758
25990,922.7,0.0,77.1845166213
26000,1000.0,0.0,95.4511073298
26010,1000.0,0.0,86.7580583833
26020,1000.0,0.0,91.2730430408
26030,1000.0,0.0,97.767920195
26040,1000.0,0.0,104.617201158
26050,1000.0,0.0,99.9967526426
26060,1000.0,0.0,85.6793022235
26070,1000.0,0.0,85.8989101538
26080,1000.0,0.0,86.6103822163
26090,1000.0,0.0,89.670581358
26100,1000.0,0.0,100.397285216
26110,1000.0,0.0,98.7918392816
26120,1000.0,0.0,104.216811548
26130,1000.0,0.0,107.888284909
26140,1000.0,0.0,91.1723729949
26150,925.2,0.0,75.5151703655
26160,1000.0,0.0,90.9791322672
26170,1000.0,0.0,95.3758632495
26180,1000.0,0.0,86.1472189078
26190,1000.0,0.0,90.0000351459
26200,1000.0,0.0,91.1055943693
26210,1000.0,0.0,102.100860014
26220,1000.0,0.0,96.1775352571
26230,924.7,0.0,85.6271879354
26240,1000.0,0.0,77.529376724
26250,993.5,0.1,106.811490028
26260,1000.0,0.0,86.9566919397
26270,1000.0,0.0,100.488049898
26280,1000.0,0.0,93.3989337495
26290,924.1,0.0,72.0225528436
26300,1000.0,0.0,90.120125242
26310,1000.0,0.0,98.940138908
26320,847.3,0.0,64.7021579206
26330,1000.0,0.0,96.4642126017
26340,1000.0,0.0,92.1669088199
26350,1000.0,0.0,91.7233702818
26360,1000.0,0.0,103.813484936
26370,1000.0,0.0,93.1554172329
26380,1000.0,0.0,108.623834526
26390,923.6,0.0,77.2554223103
26400,916.9,0.0,76.2105723129
26410,922.7,0.0,85.2734386129
26420,1000.0,0.0,88.4760358446
26430,924.9,0.0,90.1425041794
26440,837.2,0.0,86.1128115833
26450,1000.0,0.0,79.9982899002
26460,921.8,0.0,83.9947984704
26470,922.8,0.0,82.4654124685
26480,1000.0,0.0,93.7700155912
26490,1000.0,0.0,88.2776637766
26500,844.8,0.0,65.279717974
26510,1000.0,0.0,90.3110479417
26520,1000.0,0.0,91.9314277307
26530,1000.0,0.0,105.185037236
26540,1000.0,0.0,99.990920306
26550,1000.0,0.0,101.513512932
26560,1000.0,0.0,93.4373291788
26570,1000.0,0.0,90.3188436449
26580,1000.0,0.0,95.4689570842
26590,849.0,0.0,63.4772691829
26600,1000.0,0.0,91.051821452
26610,925.9,0.0,77.3481573885
26620,1000.0,0.0,97.3680447271
26630,1000.0,0.0,93.5439788784
26640,1000.0,0.0,103.113613695
26650,848.0,0.0,80.3741345524
26660,1000.0,0.0,93.0276790597
26670,1000.0,0.0,99.2829519667
26680,1000.0,0.0,95.4735689692
26690,1000.0,0.0,103.248131676
26700,1000.0,0.0,90.5030422512
26710,1000.0,0.0,94.9267105227
26720,926.5,0.0,92.8961366736
26730,921.8,0.0,85.1961084667
26740,1000.0,0.0,95.3602858339
26750,926.0,0.0,75.2856710563
26760,851.1,0.0,70.5919695037
26770,928.2,0.0,77.9242733817
26780,848.0,0.0,81.4411911049
26790,1000.0,0.0,91.390940884
26800,1000.0,0.0,95.8084299954
26810,926.6,0.0,92.0491368028
26820,1000.0,0.0,98.641619977
26830,916.7,0.0,82.8085008175
26840,1000.0,0.0,83.1578570831
26850,918.5,0.0,95.5033354923
26860,1000.0,0.0,92.7395009507
26870,923.8,0.0,96.5827497709
26880,923.5,0.0,93.8837439678
26890,923.2,0.0,88.7340477087
26900,846.9,0.0,88.6428551979
26910,940.0,0.1,120.655377855
26920,800.2,0.1,90.6860577282
26930,1000.0,0.0,88.2135870729
26940,1000.0,0.0,84.9367897496
26950,1000.0,0.0,104.600777483
26960,1000.0,0.0,103.108022677
26970,919.4,0.0,74.9137518745
26980,1000.0,0.0,82.6085065785
26990,921.8,0.0,83.4878164983
27000,1000.0,0.0,92.0320598225
27010,922.7,0.0,81.1840105702
27020,921.4,0.0,101.864990275
27030,923.8,0.0,87.9327443373
27040,1000.0,0.0,96.8273770793
27050,1000.0,0.0,99.8848279741
27060,926.2,0.0,80.3937163999
27070,1000.0,0.0,88.0052461182
27080,921.9,0.0,79.7452972219
27090,1000.0,0.0,103.583621434
27100,1000.0,0.0,97.9031024625
27110,920.5,0.0,89.6144563001
27120,1000.0,0.0,94.6906118981
27130,919.9,0.0,97.4785573525
27140,926.2,0.0,84.1581628547
27150,852.3,0.0,67.9875514386
27160,849.7,0.0,68.9408846079
27170,923.4,0.0,82.9000138549
27180,1000.0,0.0,106.824863499
27190,919.7,0.0,78.4094355113
27200,923.0,0.0,77.9654680427
27210,1000.0,0.0,92.8307212587
27220,1000.0,0.0,95.3890009158
27230,849.4,0.0,78.9418342659
27240,1000.0,0.0,87.6315142619
27250,1000.0,0.0,104.293824871
27260,1000.0,0.0,115.69803203
27270,922.8,0.0,91.4146082546
27280,1000.0,0.0,111.848518952
27290,843.7,0.0,82.7970638053
27300,1000.0,0.0,100.954321422
27310,923.0,0.0,81.361072742
27320,843.8,0.0,68.0993926243
27330,925.4,0.0,80.3325467764
27340,851.1,0.0,70.0223110417
27350,841.9,0.0,75.6998811143
27360,840.8,0.0,73.1553171732
27370,918.6,0.0,89.2288348501
27380,920.7,0.0,75.3795509787
27390,836.8,0.1,79.1980826007
27400,1000.0,0.0,97.3362877352
27410,846.5,0.0,72.1054301437
27420,924.8,0.0,76.2584687018
27430,925.2,0.0,94.0767821677
27440,1000.0,0.0,94.856014015
27450,1000.0,0.0,92.9663446295
27460,921.4,0.0,84.0791273003
27470,1000.0,0.0,106.853436228
27480,922.3,0.0,84.0759655599
27490,1000.0,0.0,102.535440974
27500,767.5,0.0,73.1755882909
27510,1000.0,0.0,101.301623638
27520,1000.0,0.0,105.216547481
27530,1000.0,0.0,87.130198607
27540,914.3,0.0,86.1330700366
27550,923.1,0.0,78.6704375309
27560,922.4,0.0,97.0756139201
27570,925.0,0.0,87.3107043623
27580,846.9,0.0,74.1643490702
27590,1000.0,0.0,103.973160391
27600,1000.0,0.0,94.1666074344
27610,915.3,0.0,82.5317560887
27620,866.8,0.1,101.031119084
27630,922.9,0.0,93.5458374149
27640,847.0,0.0,71.4556192851
27650,1000.0,0.0,91.2583785786
27660,1000.0,0.0,94.9053892466
27670,849.3,0.0,70.5017465671
27680,926.3,0.0,82.5580073822
27690,1000.0,0.0,93.8452826517
27700,767.2,0.0,60.908660014
27710,922.8,0.0,80.1980954551
27720,1000.0,0.0,101.323136993
27730,1000.0,0.0,97.2309389867
27740,767.7,0.0,63.5715627911
27750,1000.0,0.0,89.6810629559
27760,1000.0,0.0,103.285323155
27770,847.5,0.0,82.7586845866
27780,922.0,0.0,82.643869548
27790,922.6,0.0,88.0233648283
27800,923.0,0.0,89.7175167211
27810,995.8,0.1,100.771738463
27820,1000.0,0.0,88.6408836043
27830,922.8,0.0,76.9006907117
27840,1000.0,0.0,92.8377643278
27850,1000.0,0.0,101.319520325
27860,923.3,0.0,93.2399937723
27870,1000.0,0.0,100.480397906
27880,1000.0,0.0,102.368533701
27890,1000.0,0.0,109.188276984
27900,924.7,0.0,80.9862303889
27910,850.3,0.0,81.2006877059
27920,925.3,0.0,76.2477751795
27930,926.9,0.0,78.8910433853
27940,1000.0,0.0,93.9189605487
27950,1000.0,0.0,85.0392195046
27960,925.0,0.0,80.5642871699
27970,1000.0,0.0,91.7735737386
27980,1000.0,0.0,91.6423971612
27990,1000.0,0.0,107.457687083
28000,921.1,0.0,89.8395485737
28010,1000.0,0.0,84.5406734276
28020,1000.0,0.0,97.5262052289
28030,1000.0,0.0,95.5251359975
28040,1000.0,0.0,102.035280689
28050,925.4,0.0,90.2668075589
28060,921.8,0.0,88.8335844256
28070,924.2,0.0,89.3119073027
28080,925.0,0.0,86.3786685796
28090,926.5,0.0,79.8569214911
28100,1000.0,0.0,101.896194787
28110,936.8,0.1,109.114774019
28120,1000.0,0.0,91.5458871771
28130,1000.0,0.0,93.7192383061
28140,1000.0,0.0,91.3574848474
28150,1000.0,0.0,88.2277616703
28160,1000.0,0.0,83.0167606978
28170,1000.0,0.0,91.793960769
28180,972.3,0.1,103.547651033
28190,1000.0,0.0,107.390305525
28200,1000.0,0.0,94.4945431914
28210,1000.0,0.0,98.380832379
28220,922.7,0.0,85.6469556875
28230,1000.0,0.0,100.48725577
28240,1000.0,0.0,103.293450309
28250,1000.0,0.0,95.5318418012
28260,1000.0,0.0,98.2453430993
28270,1000.0,0.0,98.6239895558
28280,1000.0,0.0,89.3015136175
28290,1000.0,0.0,99.749818869
28300,1000.0,0.0,79.2287254061
28310,1000.0,0.0,84.8035426657
28320,1000.0,0.0,92.1633286162
28330,1000.0,0.0,88.8493782038
28340,843.2,0.0,68.0752508085
28350,1000.0,0.0,88.2517400693
28360,1000.0,0.0,103.157178654
28370,1000.0,0.0,102.848466451
28380,911.4,0.1,99.485609834
28390,1000.0,0.0,105.327672622
28400,922.5,0.0,74.0454777679
28410,1000.0,0.0,82.4213030728
28420,923.6,0.0,87.2074613212
28430,922.4,0.0,90.2168101753
28440,1000.0,0.0,96.6935302973
28450,842.6,0.0,82.5938406226
28460,1000.0,0.0,102.967310066
28470,921.9,0.0,82.9678272362
28480,1000.0,0.0,96.5650168459
28490,1000.0,0.0,98.5320157121
28500,1000.0,0.0,92.6829287748
28510,927.2,0.1,104.641501371
28520,1000.0,0.0,87.5364229171
28530,1000.0,0.0,94.7500902747
28540,1000.0,0.0,102.421017841
28550,1000.0,0.0,95.3762799627
28560,845.8,0.0,66.5296910508
28570,1000.0,0.0,108.526042306
28580,1000.0,0.0,89.3193405713
28590,922.3,0.0,86.8391326496
28600,1000.0,0.0,100.37898978
28610,927.1,0.0,85.332722729
28620,1000.0,0.0,101.554359252
28630,846.9,0.0,85.5399231377
28640,913.9,0.0,69.2228017057
28650,919.2,0.0,92.660741475
28660,1000.0,0.0,107.249385167
28670,922.0,0.0,98.6487727267
28680,919.5,0.0,82.8708088348
28690,923.5,0.0,88.5614125952
28700,1000.0,0.0,106.409910202
28710,1000.0,0.0,93.6248677406
28720,1000.0,0.0,104.08456966
28730,1000.0,0.0,102.985704874
28740,851.3,0.0,70.97815179
28750,1000.0,0.0,95.2395220685
28760,1000.0,0.0,83.046799282
28770,1000.0,0.0,89.4477930794
28780,1000.0,0.0,94.1147518668
28790,1000.0,0.0,97.9363880124
28800,922.3,0.0,91.6071202715
28810,1000.0,0.0,106.754902292
28820,1000.0,0.0,100.28738786
28830,923.6,0.0,91.2278943497
28840,1000.0,0.0,103.071939544
28850,926.5,0.0,88.7301246896
28860,1000.0,0.0,101.925160052
28870,1000.0,0.0,90.4764226007
28880,921.9,0.0,91.2747767095
28890,920.6,0.0,91.7800636041
28900,1000.0,0.0,100.635804353
28910,1000.0,0.0,98.2167208366
28920,847.8,0.0,78.8838356202
28930,920.1,0.0,82.8647628533
28940,1000.0,0.0,105.774843187
28950,1000.0,0.0,96.0092299284
28960,924.4,0.0,99.1028744713
28970,1000.0,0.0,101.473427055
28980,840.7,0.0,87.9180046753
28990,924.7,0.0,88.6141831057
29000,912.9,0.1,86.9999915539
29010,911.4,0.0,85.4655223736
29020,920.7,0.0,79.0062387751
29030,855.3,0.1,107.587960432
29040,916.1,0.0,85.8400362844
29050,1000.0,0.0,104.672240262
29060,917.8,0.0,83.5855287991
29070,1000.0,0.0,102.040077088
29080,861.9,0.1,102.139474164
29090,764.9,0.0,66.6552599922
29100,839.5,0.0,87.7344254027
29110,920.7,0.0,82.0418229038
29120,845.9,0.0,81.6586537733
29130,1000.0,0.0,92.2863682592
29140,985.4,0.1,107.635624853
29150,1000.0,0.0,98.1974050922
29160,1000.0,0.0,88.0332342365
29170,1000.0,0.0,87.7860938188
29180,842.4,0.0,70.1020202973
29190,925.8,0.0,81.9049799228
29200,1000.0,0.0,94.4142643703
29210,1000.0,0.0,95.7788376775
29220,1000.0,0.0,102.914221672
29230,841.4,0.0,85.6527127582
29240,1000.0,0.0,97.6311173233
29250,1000.0,0.0,105.910352659
29260,924.4,0.0,90.1435074872
29270,924.3,0.0,88.1840678027
29280,1000.0,0.0,94.5102953841
29290,1000.0,0.0,107.427045121
29300,1000.0,0.0,101.460889751
29310,919.3,0.0,88.8987553045
29320,1000.0,0.0,96.025841217
29330,1000.0,0.0,83.6298496332
29340,1000.0,0.0,103.634659672
29350,760.6,0.0,68.3327865498
29360,1000.0,0.0,109.372340942
29370,928.8,0.0,91.8836188264
29380,1000.0,0.0,91.6452683486
29390,988.2,0.1,105.019529936
29400,920.3,0.0,77.5812853717
29410,1000.0,0.0,97.3025894766
29420,924.7,0.0,81.2519249521
29430,1000.0,0.0,91.427683487
29440,977.9,0.1,104.699414174
29450,1000.0,0.0,101.263307215
29460,1000.0,0.0,96.4617534806
29470,1000.0,0.0,88.0563588306
29480,1000.0,0.0,101.330691254
29490,922.5,0.0,91.2498362149
29500,924.4,0.0,86.4556901604
29510,1000.0,0.0,95.5471897194
29520,1000.0,0.0,105.885438632
29530,922.5,0.0,84.8532224622
29540,1000.0,0.0,95.0260399133
29550,1000.0,0.0,102.437167027
29560,1000.0,0.0,110.754411519
29570,1000.0,0.0,100.403161618
29580,925.0,0.0,87.6216377024
29590,924.1,0.0,86.8134034144
29600,1000.0,0.0,105.909339685
29610,1000.0,0.0,96.2753520468
29620,924.0,0.0,86.4808941742
29630,848.1,0.0,67.8920958073
29640,1000.0,0.0,99.2139562712
29650,921.5,0.0,83.6091841479
29660,1000.0,0.0,90.9737522541
29670,925.2,0.0,79.671526636
29680,922.5,0.0,76.2611885821
29690,1000.0,0.0,92.1411435921
29700,1000.0,0.0,98.4956106691
29710,923.5,0.0,80.527877596
29720,923.0,0.0,74.9503080982
29730,921.3,0.0,89.0785516671
29740,1000.0,0.0,108.238708064
29750,920.7,0.0,91.5554298114
29760,1000.0,0.0,98.1719651312
29770,1000.0,0.0,98.0895713193
29780,916.5,0.0,80.9770308645
29790,1000.0,0.0,95.5142615939
29800,1000.0,0.0,95.2318698996
29810,1000.0,0.0,94.2014443568
29820,921.3,0.0,83.5649259846
29830,1000.0,0.0,97.7201772588
29840,925.9,0.0,82.1513336756
29850,1000.0,0.0,94.8718444244
29860,1000.0,0.0,103.68910494
29870,845.2,0.0,77.2378465367
29880,1000.0,0.0,93.5478176467
29890,1000.0,0.0,107.242862345
29900,995.8,0.1,102.248557869
29910,1000.0,0.0,86.9230914325
29920,920.9,0.0,89.0860653737
29930,1000.0,0.0,108.806751134
29940,1000.0,0.0,89.922882805
29950,1000.0,0.0,81.3275189117
29960,922.1,0.0,87.8881094151
29970,1000.0,0.0,80.7249951692
29980,1000.0,0.0,89.0900370988
29990,1000.0,0.0,87.3560563905
30000,1000.0,0.0,103.241811824
