10,63.9,0.0,-202.215489489
20,79.2,0.0,-257.288490018
30,68.9,0.0,-270.395547537
40,73.0,0.0,-207.956627
50,79.8,0.0,-250.034999832
60,81.9,0.0,-230.035258037
70,77.3,0.0,-179.508772365
80,87.9,0.0,-151.27325698
90,95.0,0.0,-134.695640965
100,109.0,0.0,-208.682556222
110,109.2,0.0,-163.781970005
120,106.6,0.0,-227.61240138
130,118.3,0.0,-259.279653791
140,134.4,0.0,-178.048961289
150,113.0,0.0,-156.89506937
160,166.6,0.0,-347.923604966
170,197.5,0.0,-384.545180186
180,193.5,0.0,-403.89612911
190,157.9,0.0,-286.78470078
200,199.2,0.0,-472.072704345
210,222.6,0.0,-363.054124507
220,246.9,0.0,-371.269191952
230,183.9,0.0,-296.686984797
240,238.1,0.0,-236.832177984
250,272.6,0.0,-230.277519404
260,231.1,0.0,-278.906098909
270,247.1,0.0,-169.702864236
280,130.1,0.0,-156.129288423
290,252.4,0.0,-104.810757591
300,119.2,0.0,-139.237441953
310,220.5,0.0,-159.057706634
320,151.7,0.0,-114.503135334
330,223.4,0.0,-87.3439643592
340,227.5,0.0,-66.3885241632
350,296.1,0.0,-124.153808482
360,303.5,0.0,-49.3815056715
370,216.4,0.0,-92.6617737406
380,124.4,0.0,-119.281699871
390,138.0,0.0,-88.428570748
400,145.7,0.0,-84.8232862934
410,137.5,0.0,-92.1934137451
420,143.9,0.0,-93.51997144
430,358.8,0.2,-60.4970495936
440,246.4,0.0,-72.9219113324
450,156.6,0.0,-103.069985134
460,218.7,0.0,-150.78216169
470,316.2,0.0,-94.6245047814
480,189.7,0.0,-112.816927192
490,230.0,0.0,-135.25061504
500,240.8,0.1,-81.9546464857
510,248.1,0.0,-165.798212065
520,339.6,0.0,-171.250438275
530,254.7,0.0,-186.166484396
540,286.9,0.2,-98.5132369046
550,487.0,0.1,-12.4199492375
560,372.6,0.1,-71.7433442328
570,410.3,0.0,-11.1057111846
580,249.7,0.0,-41.1856822092
590,189.6,0.1,-23.5446091141
600,210.1,0.0,-55.2565942339
610,300.4,0.2,-27.2872141477
620,311.6,0.0,-63.258164642
630,355.7,0.1,-30.7839632939
640,262.9,0.1,-40.2534279873
650,238.1,0.1,-32.9344551598
660,339.9,0.1,-66.9573678581
670,238.0,0.1,-54.023079849
680,387.4,0.2,-18.8784670574
690,271.4,0.1,-65.0793791927
700,330.4,0.0,-89.9407121874
710,445.3,0.2,-34.3738718465
720,439.8,0.2,-18.1724192099
730,469.5,0.3,-16.8453225474
740,498.2,0.4,-26.8505524179
750,400.6,0.2,-15.0912925591
760,351.8,0.2,-40.9822799101
770,479.7,0.2,-75.9993240665
780,569.4,0.6,-2.07916825504
790,559.2,0.1,-61.2132212491
800,656.7,0.3,-59.5756954599
810,574.7,0.4,-12.7893705693
820,658.5,0.3,-8.10487555862
830,636.3,0.1,-20.5746828276
840,730.5,0.4,78.8647379143
850,543.6,0.2,20.5134931551
860,658.3,0.1,13.8545362477
870,504.4,0.2,31.3416714462
880,589.7,0.1,24.9372797318
890,545.5,0.0,10.2976788805
900,508.0,0.0,17.312944619
910,426.4,0.0,-5.20525248498
920,516.8,0.0,13.777721387
930,585.3,0.0,39.8924394207
940,443.4,0.1,29.3368463499
950,618.8,0.1,48.9835497762
960,692.4,0.0,43.3727448731
970,725.5,0.1,64.1596480737
980,825.9,0.0,71.4659052999
990,683.3,0.0,38.4404114488
1000,871.9,0.0,57.0323999477
1010,914.4,0.0,64.0536338463
1020,921.4,0.1,70.2435735002
1030,853.5,0.0,42.8940943753
1040,821.9,0.4,106.262082176
1050,911.4,0.1,47.6226372736
1060,786.4,0.5,104.059289956
1070,632.3,0.4,74.1004901759
1080,749.5,0.5,85.6329701543
1090,801.6,0.4,69.379828173
1100,848.8,0.5,87.8573876114
1110,871.3,0.5,66.1041367356
1120,763.5,0.4,60.4500540221
1130,832.6,0.6,88.4991256032
1140,796.1,0.4,81.3544306892
1150,684.4,0.6,117.843112086
1160,724.8,0.6,106.824575515
1170,716.4,0.4,76.9471600331
1180,693.4,0.2,69.4869690769
1190,798.4,0.1,56.9118774116
1200,747.8,0.0,52.4336598875
1210,692.5,0.3,101.794104417
1220,568.2,0.1,57.6182001364
1230,615.7,0.2,86.382453142
1240,555.4,0.1,52.7025636716
1250,631.0,0.2,72.2062125689
1260,737.4,0.2,84.4409196633
1270,830.7,0.0,54.79895677
1280,920.0,0.0,75.9621775776
1290,779.3,0.1,70.7745970897
1300,854.5,0.1,79.7465679576
1310,908.3,0.0,58.8202886856
1320,828.7,0.0,60.4400453923
1330,1000.0,0.0,88.6934478793
1340,1000.0,0.0,84.4756413213
1350,874.5,0.1,72.5183427435
1360,911.6,0.0,77.1740405238
1370,845.7,0.0,56.1409447607
1380,1000.0,0.0,63.2106330843
1390,838.9,0.0,61.1934923846
1400,953.3,0.1,77.1924038078
1410,818.1,0.4,107.886887168
1420,779.7,0.0,38.3352600002
1430,931.3,0.0,42.1677494807
1440,798.9,0.2,76.7060799536
1450,846.9,0.0,60.3259555494
1460,851.7,0.0,46.6947543492
1470,870.6,0.1,72.7845986811
1480,851.0,0.1,99.2255034596
1490,1000.0,0.0,86.9713284737
1500,754.6,0.1,84.192217596
1510,938.4,0.1,120.486483663
1520,924.5,0.0,88.1621559116
1530,844.9,0.0,71.0632885404
1540,915.3,0.0,90.1129263243
1550,1000.0,0.0,85.9363800734
1560,936.1,0.1,88.6483587355
1570,1000.0,0.0,91.1509399453
1580,969.1,0.1,86.7006576533
1590,930.2,0.0,61.183185634
1600,848.4,0.1,88.4610522522
1610,918.8,0.0,68.4082724969
1620,659.8,0.4,112.607090843
1630,872.6,0.1,72.0327935383
1640,979.8,0.2,96.2599628804
1650,789.4,0.3,99.0871067381
1660,955.1,0.1,71.7562245759
1670,1000.0,0.0,77.0966555522
1680,979.5,0.1,65.7322935088
1690,1000.0,0.0,59.3684601291
1700,896.0,0.2,71.3000804816
1710,955.1,0.0,53.5250867488
1720,965.4,0.1,65.7526207811
1730,732.8,0.0,17.0260724888
1740,711.7,0.2,56.3410017578
1750,685.6,0.3,42.4368180553
1760,870.3,0.1,81.8770229317
1770,666.0,0.3,81.0215388039
1780,802.8,0.2,72.309691036
1790,685.9,0.6,136.021003725
1800,818.3,0.2,84.1444588661
1810,745.5,0.5,117.855613066
1820,762.0,0.3,77.6887156288
1830,941.4,0.1,81.5562525093
1840,844.3,0.0,45.3505932205
1850,955.6,0.1,91.3835461076
1860,951.4,0.1,80.932756899
1870,902.1,0.1,68.5041615553
1880,974.2,0.1,58.5228471106
1890,983.3,0.1,70.0737403349
1900,839.9,0.2,53.480650194
1910,939.9,0.0,57.0559195917
1920,900.4,0.1,43.3253756794
1930,937.8,0.1,55.2066259801
1940,952.2,0.0,45.0556096879
1950,915.1,0.2,87.9643951999
1960,996.2,0.1,65.7714324312
1970,1000.0,0.0,63.9021417464
1980,1000.0,0.0,90.7186785635
1990,832.0,0.0,73.7384889541
2000,924.9,0.0,90.6039263876
2010,680.5,0.0,51.3633013769
2020,921.0,0.0,68.6683468876
2030,925.0,0.0,79.0663634948
2040,925.1,0.0,71.6397322004
2050,915.7,0.0,82.8275547039
2060,756.8,0.0,61.9458258109
2070,686.8,0.0,44.8487634733
2080,445.9,0.0,27.0533313344
2090,907.6,0.1,82.730706986
2100,596.9,0.0,46.908963046
2110,591.2,0.0,29.2377250463
2120,822.5,0.1,83.4529688011
2130,843.1,0.0,52.5933044991
2140,853.5,0.0,64.3593105582
2150,934.1,0.0,73.8224130094
2160,930.5,0.0,54.1259756363
2170,910.5,0.0,84.6130773937
2180,934.9,0.0,79.1761871631
2190,861.7,0.0,57.5094387267
2200,933.1,0.0,65.0531541517
2210,921.0,0.0,65.2974583754
2220,1000.0,0.0,83.7643255649
2230,1000.0,0.0,71.2673733284
2240,966.4,0.1,84.6209766373
2250,946.3,0.1,76.1839637708
2260,916.4,0.0,73.2005037354
2270,1000.0,0.0,71.6795445688
2280,1000.0,0.0,60.6325006064
2290,742.0,0.0,38.8125748338
2300,1000.0,0.0,64.998460319
2310,987.3,0.1,87.0440431382
2320,940.9,0.0,58.2417752407
2330,918.6,0.0,60.6904579737
2340,860.0,0.0,65.7744069867
2350,1000.0,0.0,67.4491379802
2360,1000.0,0.0,70.3070885575
2370,833.4,0.0,45.8121054184
2380,912.1,0.0,65.5523371507
2390,915.0,0.0,51.0148391192
2400,1000.0,0.0,76.821080219
2410,1000.0,0.0,60.3222748038
2420,944.4,0.0,75.9764848653
2430,1000.0,0.0,78.0780038339
2440,1000.0,0.0,74.9561376659
2450,918.6,0.0,65.9594621219
2460,1000.0,0.0,80.9671804617
2470,1000.0,0.0,82.7885274473
2480,1000.0,0.0,88.118596533
2490,938.0,0.0,71.7284870186
2500,1000.0,0.0,81.6904490078
2510,931.7,0.0,84.2663014312
2520,1000.0,0.0,89.8021405475
2530,858.0,0.0,84.6523285159
2540,633.4,0.0,35.5473827418
2550,623.0,0.0,41.8745681023
2560,617.1,0.0,35.9814654836
2570,697.2,0.0,37.2434830893
2580,847.0,0.0,67.1572693331
2590,776.4,0.0,55.5413772405
2600,523.1,0.0,23.8881812344
2610,617.3,0.0,40.465491425
2620,844.8,0.0,73.1053968348
2630,772.5,0.0,64.986321743
2640,460.9,0.0,23.4235538826
2650,533.0,0.0,33.1259601438
2660,526.9,0.0,39.2665576437
2670,689.0,0.0,56.1693934944
2680,357.6,0.0,11.498285334
2690,773.9,0.1,98.5718818809
2700,449.3,0.0,35.5573512216
2710,683.9,0.0,55.0551540881
2720,849.4,0.0,62.9672540641
2730,764.1,0.0,66.949322408
2740,923.2,0.0,92.1392693264
2750,927.4,0.0,89.6918774178
2760,675.8,0.0,42.8508095514
2770,1000.0,0.0,95.0186029944
2780,929.2,0.0,92.5397466317
2790,841.2,0.0,61.5552937249
2800,1000.0,0.0,80.5351474925
2810,1000.0,0.0,94.1084534211
2820,930.4,0.0,78.162352978
2830,928.4,0.0,74.3003691355
2840,927.2,0.0,52.4393628302
2850,1000.0,0.0,78.0408906118
2860,1000.0,0.0,65.5430938442
2870,987.0,0.1,77.7026789388
2880,1000.0,0.0,74.5895185824
2890,975.9,0.1,71.7398110416
2900,991.0,0.1,92.9577136419
2910,994.3,0.1,73.2093594615
2920,965.9,0.2,84.4628542071
2930,1000.0,0.0,54.4771266872
2940,980.5,0.3,94.5160906452
2950,890.2,0.2,78.2963359163
2960,1000.0,0.0,68.3879961693
2970,1000.0,0.0,58.5242264645
2980,1000.0,0.0,67.3221692562
2990,922.9,0.1,71.3551082038
3000,1000.0,0.0,75.2561375386
3010,1000.0,0.0,79.8713832407
3020,1000.0,0.0,89.313447284
3030,1000.0,0.0,72.5394329008
3040,1000.0,0.0,83.0450380921
3050,1000.0,0.0,72.6637973338
3060,925.5,0.0,61.7322977931
3070,1000.0,0.0,89.8216841286
3080,831.1,0.0,74.803718279
3090,846.9,0.0,60.0971450301
3100,843.9,0.0,85.6713894788
3110,926.3,0.0,88.7431839857
3120,839.1,0.0,72.5544805937
3130,918.4,0.0,98.1145082064
3140,841.9,0.0,83.7086767667
3150,831.6,0.0,70.3059302083
3160,761.0,0.0,67.4900050882
3170,523.7,0.0,44.5230367564
3180,841.0,0.0,70.5974214833
3190,840.1,0.0,75.9756693703
3200,760.7,0.0,72.1972346387
3210,758.3,0.0,70.3826712451
3220,590.4,0.0,57.5302369168
3230,837.3,0.0,87.6661436834
3240,841.4,0.0,85.5224740871
3250,428.9,0.0,28.6636987335
3260,588.9,0.0,48.3744072589
3270,751.4,0.0,65.5251857285
3280,754.3,0.0,85.4014898465
3290,835.8,0.0,85.1052614672
3300,838.6,0.0,82.6971543678
3310,917.8,0.0,91.6402929872
3320,669.9,0.0,59.5135256523
3330,1000.0,0.0,88.8224717555
3340,914.3,0.0,88.8484974527
3350,754.5,0.0,70.6650769081
3360,753.5,0.0,67.4015471175
3370,918.9,0.0,80.966307258
3380,835.0,0.0,91.3575815267
3390,920.3,0.0,89.9171363392
3400,920.6,0.0,95.4577516171
3410,916.3,0.0,87.093234013
3420,1000.0,0.0,102.042316058
3430,921.0,0.0,84.309181444
3440,1000.0,0.0,103.394527002
3450,1000.0,0.0,107.66228675
3460,1000.0,0.0,105.24990801
3470,922.8,0.0,93.9284639983
3480,1000.0,0.0,109.139206668
3490,921.3,0.0,99.0790351984
3500,921.3,0.0,95.9698704899
3510,1000.0,0.0,97.1102256816
3520,1000.0,0.0,94.9696750407
3530,1000.0,0.0,102.47519753
3540,1000.0,0.0,107.760457981
3550,1000.0,0.0,97.9802020217
3560,1000.0,0.0,84.7971576667
3570,1000.0,0.0,82.7419288178
3580,1000.0,0.0,99.2531978108
3590,969.1,0.1,117.393491472
3600,1000.0,0.0,102.584727586
3610,1000.0,0.0,102.242166613
3620,1000.0,0.0,100.012345016
3630,955.3,0.1,111.347618984
3640,1000.0,0.0,103.840620318
3650,923.2,0.0,83.0620681301
3660,1000.0,0.0,103.801516539
3670,1000.0,0.0,103.29686626
3680,924.4,0.0,107.191784367
3690,938.4,0.1,117.517172677
3700,1000.0,0.0,104.826401093
3710,1000.0,0.0,106.488951775
3720,1000.0,0.0,98.514991502
3730,1000.0,0.0,101.237752843
3740,1000.0,0.0,105.618969081
3750,920.5,0.0,94.071832919
3760,764.5,0.0,69.642282928
3770,1000.0,0.0,99.467060439
3780,1000.0,0.0,93.8270753343
3790,1000.0,0.0,93.3191569278
3800,924.1,0.0,102.08531131
3810,1000.0,0.0,100.432733557
3820,1000.0,0.0,98.1064292855
3830,1000.0,0.0,109.021678817
3840,1000.0,0.0,92.9904853884
3850,1000.0,0.0,94.162895744
3860,920.6,0.0,90.1055707038
3870,1000.0,0.0,83.0024819232
3880,815.3,0.1,91.3129679599
3890,1000.0,0.0,99.6948207088
3900,1000.0,0.0,108.46263693
3910,839.8,0.0,79.2276304082
3920,1000.0,0.0,100.255610202
3930,1000.0,0.0,91.377370903
3940,1000.0,0.0,110.174283539
3950,842.0,0.0,91.2570685491
3960,1000.0,0.0,107.552743024
3970,1000.0,0.0,100.842616086
3980,1000.0,0.0,99.570820872
3990,1000.0,0.0,98.9268836369
4000,1000.0,0.0,100.532039385
4010,926.8,0.1,106.145527783
4020,1000.0,0.0,105.202110747
4030,1000.0,0.0,95.3593871654
4040,917.0,0.0,100.380848363
4050,838.3,0.1,84.4864989969
4060,995.9,0.1,111.136865179
4070,949.9,0.1,112.297285893
4080,1000.0,0.0,99.3728454756
4090,1000.0,0.0,99.9750194366
4100,1000.0,0.0,105.174306682
4110,1000.0,0.0,84.3813842106
4120,1000.0,0.0,85.7136130785
4130,909.2,0.0,68.6129100048
4140,1000.0,0.0,74.498310916
4150,1000.0,0.0,84.6520032417
4160,1000.0,0.0,80.4038343192
4170,1000.0,0.0,71.1117609992
4180,1000.0,0.0,75.4743450659
4190,1000.0,0.0,83.2867488691
4200,1000.0,0.0,88.9031199796
4210,1000.0,0.0,78.6207597843
4220,1000.0,0.0,83.7263754541
4230,1000.0,0.0,83.1805468812
4240,1000.0,0.0,83.3555447792
4250,1000.0,0.0,98.684899062
4260,1000.0,0.0,83.1899130118
4270,1000.0,0.0,91.848593338
4280,1000.0,0.0,97.6281680949
4290,983.9,0.1,110.289409124
4300,1000.0,0.0,97.93261152
4310,1000.0,0.0,101.601534371
4320,1000.0,0.0,95.5673679013
4330,1000.0,0.0,92.0059057857
4340,1000.0,0.0,99.7431923615
4350,1000.0,0.0,91.1016890964
4360,1000.0,0.0,95.6958751961
4370,1000.0,0.0,109.063244798
4380,1000.0,0.0,80.1356325432
4390,1000.0,0.0,76.9914432346
4400,1000.0,0.0,100.313559473
4410,1000.0,0.0,85.5230241515
4420,1000.0,0.0,87.1517453897
4430,914.6,0.0,72.3286929073
4440,910.5,0.0,67.404636404
4450,1000.0,0.0,89.1558936758
4460,1000.0,0.0,90.2863884423
4470,1000.0,0.0,80.1932764213
4480,1000.0,0.0,86.8726374213
4490,1000.0,0.0,87.3366841209
4500,1000.0,0.0,92.0654831404
4510,1000.0,0.0,94.812847095
4520,957.3,0.1,110.433267316
4530,1000.0,0.0,85.3457291755
4540,844.3,0.1,104.273734183
4550,1000.0,0.0,102.378092778
4560,830.8,0.0,82.109711757
4570,1000.0,0.0,102.739339553
4580,1000.0,0.0,78.085783432
4590,933.1,0.1,108.726295776
4600,917.9,0.0,83.9556819517
4610,913.2,0.0,85.4142392587
4620,835.3,0.0,89.5940221934
4630,833.1,0.0,88.7371676698
4640,921.9,0.0,93.5885506663
4650,745.9,0.0,72.0671083682
4660,920.2,0.0,85.4211790135
4670,915.2,0.0,81.5392730425
4680,1000.0,0.0,85.8290020761
4690,1000.0,0.0,98.4797881664
4700,1000.0,0.0,103.069169662
4710,906.3,0.1,93.6364676584
4720,1000.0,0.0,93.1356742623
4730,892.3,0.1,94.1204747866
4740,764.3,0.1,81.7718989614
4750,989.0,0.2,96.1973825298
4760,790.2,0.3,120.601155639
4770,909.2,0.1,98.6209228481
4780,659.7,0.3,97.3831497483
4790,891.8,0.3,111.945553288
4800,752.1,0.0,65.258424951
4810,745.6,0.1,64.2580024147
4820,588.2,0.2,64.4396540774
4830,832.9,0.0,59.7482470183
4840,916.1,0.0,89.1310389424
4850,586.9,0.0,52.7250410515
4860,592.6,0.1,63.3985184574
4870,666.6,0.1,78.7754904715
4880,734.9,0.1,69.3503556394
4890,825.8,0.0,79.1013021225
4900,708.5,0.2,89.6576597639
4910,843.1,0.1,100.25661649
4920,920.7,0.0,80.7215727062
4930,842.4,0.1,102.623345442
4940,679.1,0.0,54.2204438981
4950,695.8,0.2,89.2153871944
4960,906.4,0.2,117.225556792
4970,595.4,0.0,49.5128534973
4980,835.5,0.2,102.352896584
4990,871.5,0.1,79.2800070463
5000,754.8,0.3,100.672465184
5010,924.1,0.1,91.4184453601
5020,836.8,0.0,78.6197124884
5030,921.7,0.0,74.8183373686
5040,911.2,0.1,101.562559329
5050,859.2,0.2,103.447861288
5060,842.4,0.0,71.5020130812
5070,859.0,0.1,87.6712040821
5080,977.2,0.1,97.1463447502
5090,786.7,0.1,75.5291868567
5100,927.6,0.1,121.493694563
5110,713.3,0.3,117.589322866
5120,1000.0,0.0,106.346790205
5130,939.7,0.1,112.121439797
5140,933.2,0.1,112.983627529
5150,916.2,0.0,87.9561380335
5160,913.5,0.0,96.0387494464
5170,1000.0,0.0,92.3029327535
5180,930.4,0.1,122.117766938
5190,1000.0,0.0,98.910545359
5200,925.3,0.0,95.2756530001
5210,1000.0,0.0,103.163444913
5220,1000.0,0.0,103.71782595
5230,1000.0,0.0,105.203781806
5240,1000.0,0.0,110.524745337
5250,1000.0,0.0,110.592369722
5260,917.7,0.0,100.767988297
5270,1000.0,0.0,101.141321774
5280,923.3,0.0,94.5465109565
5290,1000.0,0.0,104.320287324
5300,1000.0,0.0,100.532549264
5310,1000.0,0.0,101.143313077
5320,1000.0,0.0,99.4782866779
5330,1000.0,0.0,108.898966514
5340,1000.0,0.0,91.6060534477
5350,840.1,0.0,90.6147086866
5360,839.6,0.0,85.5125554368
5370,1000.0,0.0,80.6439611326
5380,1000.0,0.0,90.3597812237
5390,919.3,0.0,76.9678990064
5400,891.3,0.1,106.70699435
5410,836.6,0.0,72.7701231609
5420,847.6,0.1,91.2559876787
5430,909.2,0.2,109.160738303
5440,1000.0,0.0,91.5898470717
5450,832.3,0.3,121.035568308
5460,920.6,0.0,70.3065885583
5470,893.5,0.2,108.128869195
5480,692.7,0.2,89.0216841823
5490,837.7,0.0,66.2685389925
5500,839.8,0.0,80.9676755778
5510,687.1,0.1,78.7697990969
5520,703.6,0.2,99.2905216223
5530,1000.0,0.0,93.9029507919
5540,634.2,0.2,89.1040576136
5550,868.9,0.2,109.52994453
5560,928.9,0.1,103.668500714
5570,797.2,0.2,118.955479283
5580,834.1,0.0,80.5283567557
5590,916.0,0.0,100.883320248
5600,840.1,0.0,81.5122906842
5610,920.9,0.0,95.0990375213
5620,1000.0,0.0,84.9194755248
5630,919.1,0.0,85.2281063182
5640,1000.0,0.0,107.580499777
5650,1000.0,0.0,99.9178849197
5660,1000.0,0.0,101.812998944
5670,842.7,0.0,95.3238096284
5680,1000.0,0.0,113.03814508
5690,919.6,0.0,91.9209433959
5700,914.2,0.0,79.3471288744
5710,1000.0,0.0,100.262346526
5720,1000.0,0.0,90.1594509453
5730,1000.0,0.0,91.9771813569
5740,1000.0,0.0,86.6557602128
5750,1000.0,0.0,94.3068074297
5760,1000.0,0.0,104.425380241
5770,1000.0,0.0,96.7084021444
5780,1000.0,0.0,98.0182355413
5790,1000.0,0.0,100.859500052
5800,1000.0,0.0,104.282080936
5810,1000.0,0.0,99.9952843655
5820,924.3,0.0,106.902991864
5830,1000.0,0.0,111.785660506
5840,1000.0,0.0,95.7638716825
5850,1000.0,0.0,103.470823358
5860,1000.0,0.0,93.2641232154
5870,923.7,0.0,92.0717131789
5880,1000.0,0.0,93.9297476143
5890,932.9,0.1,117.187066855
5900,1000.0,0.0,98.4572438491
5910,1000.0,0.0,116.286103971
5920,1000.0,0.0,98.2612802143
5930,1000.0,0.0,93.9923240608
5940,1000.0,0.0,100.166575798
5950,1000.0,0.0,95.7771133065
5960,925.3,0.0,83.1412337931
5970,1000.0,0.0,109.036030764
5980,917.0,0.1,95.6462657665
5990,1000.0,0.0,97.1066956546
6000,1000.0,0.0,98.8050435187
6010,934.8,0.1,109.326642046
6020,1000.0,0.0,101.712443861
6030,933.7,0.1,111.358912365
6040,1000.0,0.0,93.698926873
6050,1000.0,0.0,101.472971001
6060,1000.0,0.0,99.4839753833
6070,925.7,0.0,79.3833630619
6080,862.7,0.2,112.838354722
6090,938.2,0.1,86.5504365041
6100,1000.0,0.0,91.4824446567
6110,1000.0,0.0,92.864015361
6120,1000.0,0.0,89.6438940705
6130,808.1,0.2,100.694833988
6140,1000.0,0.0,91.8485849661
6150,933.0,0.1,91.2357345974
6160,932.7,0.1,106.538092938
6170,925.1,0.0,71.8154046918
6180,1000.0,0.0,87.5898997474
6190,1000.0,0.0,94.9578548711
6200,937.7,0.1,112.173643104
6210,924.5,0.0,87.0366536577
6220,915.6,0.2,115.281662749
6230,1000.0,0.0,105.31784263
6240,1000.0,0.0,86.8008305939
6250,1000.0,0.0,90.9426311895
6260,1000.0,0.0,91.0596473792
6270,1000.0,0.0,84.2711020251
6280,963.9,0.1,92.1139684231
6290,1000.0,0.0,77.6831717564
6300,1000.0,0.0,86.6506857528
6310,1000.0,0.0,88.4899211557
6320,1000.0,0.0,89.9230483529
6330,1000.0,0.0,81.0183296988
6340,1000.0,0.0,73.2468287808
6350,1000.0,0.0,77.5834214392
6360,1000.0,0.0,79.6906944172
6370,1000.0,0.0,79.2935940079
6380,1000.0,0.0,77.9483832619
6390,1000.0,0.0,77.126515214
6400,1000.0,0.0,67.7747598698
6410,1000.0,0.0,79.0439705158
6420,1000.0,0.0,73.8994330361
6430,1000.0,0.0,79.0285921257
6440,1000.0,0.0,85.5830048186
6450,1000.0,0.0,85.3305845947
6460,1000.0,0.0,86.5539717001
6470,1000.0,0.0,90.4302162501
6480,1000.0,0.0,84.8580659092
6490,1000.0,0.0,82.474025013
6500,1000.0,0.0,92.0430374417
6510,1000.0,0.0,90.1184390308
6520,1000.0,0.0,81.3606002055
6530,1000.0,0.0,95.1827670392
6540,1000.0,0.0,85.4000724418
6550,1000.0,0.0,93.0973037162
6560,1000.0,0.0,93.5263284736
6570,1000.0,0.0,80.825674941
6580,1000.0,0.0,78.4205135866
6590,1000.0,0.0,91.8371193185
6600,1000.0,0.0,98.2469766266
6610,1000.0,0.0,70.8776127732
6620,1000.0,0.0,84.6732271189
6630,1000.0,0.0,77.2974454629
6640,1000.0,0.0,93.5290563984
6650,1000.0,0.0,63.9471157584
6660,1000.0,0.0,75.1734240954
6670,1000.0,0.0,72.6133987786
6680,1000.0,0.0,85.8460417452
6690,1000.0,0.0,88.3259691752
6700,1000.0,0.0,95.8081612844
6710,1000.0,0.0,84.6069344458
6720,1000.0,0.0,89.4914634068
6730,1000.0,0.0,89.7326362006
6740,1000.0,0.0,94.8942851724
6750,1000.0,0.0,84.7806883793
6760,1000.0,0.0,83.5282726665
6770,1000.0,0.0,96.9452745203
6780,1000.0,0.0,86.1694747796
6790,1000.0,0.0,97.7327910859
6800,1000.0,0.0,88.3982312344
6810,1000.0,0.0,90.8408733976
6820,1000.0,0.0,88.2008738006
6830,1000.0,0.0,94.4154507861
6840,914.1,0.0,94.4567625341
6850,1000.0,0.0,89.5754688937
6860,994.2,0.1,96.0583595652
6870,1000.0,0.0,92.3544402779
6880,1000.0,0.0,105.943477527
6890,1000.0,0.0,90.3217098998
6900,930.0,0.1,86.4825328999
6910,1000.0,0.0,86.4044215761
6920,940.5,0.1,103.152545723
6930,1000.0,0.0,80.5658958378
6940,1000.0,0.0,89.6625089872
6950,1000.0,0.0,84.1218618584
6960,1000.0,0.0,74.5570076229
6970,994.0,0.1,99.8259944658
6980,964.3,0.1,95.791936115
6990,928.8,0.0,81.2302692512
7000,1000.0,0.0,80.538535337
7010,1000.0,0.0,87.3285461766
7020,1000.0,0.0,77.8594281423
7030,936.6,0.1,97.4909510182
7040,940.3,0.1,88.9005639192
7050,938.7,0.1,101.521863062
7060,871.6,0.2,110.899585205
7070,907.0,0.2,95.6783120543
7080,988.5,0.1,86.484781486
7090,1000.0,0.0,79.8552198143
7100,923.9,0.0,71.5196427534
7110,1000.0,0.0,80.9193124725
7120,935.3,0.1,74.2694068401
7130,948.3,0.1,94.6715018003
7140,946.8,0.1,84.4807493318
7150,1000.0,0.0,79.0508297833
7160,1000.0,0.0,84.315088547
7170,1000.0,0.0,95.99946218
7180,1000.0,0.0,74.571930709
7190,1000.0,0.0,87.4900579092
7200,936.5,0.1,88.1981220143
7210,795.1,0.2,95.6515428603
7220,923.8,0.1,86.8451936424
7230,1000.0,0.0,84.044028923
7240,1000.0,0.0,81.1883958889
7250,994.8,0.1,102.669561776
7260,959.2,0.1,95.9857177383
7270,1000.0,0.0,68.142201848
7280,941.9,0.1,91.1396516131
7290,1000.0,0.0,81.7535918268
7300,1000.0,0.0,69.167801778
7310,1000.0,0.0,83.8997056056
7320,1000.0,0.0,68.2622507957
7330,1000.0,0.0,73.8956108291
7340,1000.0,0.0,66.6133604416
7350,1000.0,0.0,64.8390046882
7360,1000.0,0.0,73.527656261
7370,1000.0,0.0,58.3027658137
7380,1000.0,0.0,68.7929677248
7390,1000.0,0.0,73.2456358472
7400,1000.0,0.0,64.7550329988
7410,1000.0,0.0,63.1682601962
7420,1000.0,0.0,71.6191742365
7430,1000.0,0.0,51.5584339939
7440,941.0,0.1,95.3184571017
7450,953.9,0.1,87.3697019126
7460,1000.0,0.0,69.7525453182
7470,962.4,0.1,85.5140747823
7480,1000.0,0.0,76.0065576315
7490,1000.0,0.0,65.5901697065
7500,969.0,0.1,98.1961641514
7510,1000.0,0.0,74.4667596409
7520,945.9,0.1,72.6366422023
7530,939.6,0.1,84.5340249661
7540,1000.0,0.0,72.3203490898
7550,931.3,0.1,98.6853128928
7560,949.4,0.1,84.1483221147
7570,897.9,0.2,95.9562019665
7580,837.9,0.3,101.654459302
7590,1000.0,0.0,78.5396227393
7600,875.8,0.1,70.8303913462
7610,834.5,0.2,73.8877188222
7620,938.7,0.1,75.3597788689
7630,818.4,0.2,98.3145013077
7640,878.8,0.2,112.048717874
7650,953.1,0.1,81.4902690855
7660,911.9,0.2,94.3166151964
7670,789.4,0.4,128.70178482
7680,1000.0,0.0,75.3639153608
7690,1000.0,0.0,79.074965693
7700,788.8,0.4,123.671513739
7710,808.8,0.2,89.5174935346
7720,933.1,0.1,78.032027881
7730,854.5,0.0,54.9545133955
7740,873.0,0.2,103.289169706
7750,914.1,0.0,65.8404813756
7760,867.0,0.1,87.3993641869
7770,860.8,0.1,89.1602733126
7780,946.3,0.1,94.1459931358
7790,1000.0,0.0,84.870856402
7800,1000.0,0.0,86.8973765013
7810,933.5,0.1,100.516343647
7820,1000.0,0.0,80.9339836983
7830,1000.0,0.0,80.4963291618
7840,926.2,0.0,76.4820098598
7850,923.3,0.0,78.4595597201
7860,1000.0,0.0,92.6046746758
7870,1000.0,0.0,99.1969590812
7880,943.9,0.1,84.8677866588
7890,1000.0,0.0,87.9570112234
7900,913.6,0.0,74.1276786122
7910,929.1,0.0,63.2353557285
7920,1000.0,0.0,80.0817534178
7930,1000.0,0.0,90.3904651771
7940,1000.0,0.0,78.9266873506
7950,1000.0,0.0,89.9290706677
7960,940.0,0.1,93.3017634344
7970,1000.0,0.0,83.5703783646
7980,1000.0,0.0,87.1702259607
7990,1000.0,0.0,86.305700116
8000,1000.0,0.0,84.653658923
8010,1000.0,0.0,89.4044210171
8020,1000.0,0.0,83.8662544727
8030,1000.0,0.0,90.5848284248
8040,1000.0,0.0,83.3152036658
8050,930.1,0.0,67.5755415572
8060,986.6,0.1,97.5027474452
8070,1000.0,0.0,95.5392951873
8080,1000.0,0.0,116.813194758
8090,1000.0,0.0,95.7249331167
8100,1000.0,0.0,84.1096360621
8110,1000.0,0.0,91.2017644021
8120,1000.0,0.0,84.7017448454
8130,1000.0,0.0,93.5572869342
8140,1000.0,0.0,85.1033790135
8150,1000.0,0.0,82.6891309909
8160,1000.0,0.0,89.5968613924
8170,1000.0,0.0,86.4379624568
8180,1000.0,0.0,76.7121824978
8190,1000.0,0.0,100.256613166
8200,924.5,0.0,70.0661590156
8210,1000.0,0.0,83.0123370762
8220,1000.0,0.0,82.1591007389
8230,925.4,0.0,71.2247571982
8240,1000.0,0.0,78.7249707779
8250,1000.0,0.0,86.0385487593
8260,1000.0,0.0,92.8482439236
8270,925.3,0.0,70.7614452639
8280,1000.0,0.0,99.606725222
8290,925.8,0.0,84.0954628682
8300,846.3,0.0,71.8448780217
8310,926.3,0.0,77.7909813751
8320,846.0,0.0,78.267462862
8330,1000.0,0.0,105.591342382
8340,845.6,0.0,78.6296535535
8350,1000.0,0.0,89.3083429649
8360,767.6,0.0,70.9800751912
8370,842.3,0.0,86.8890875515
8380,922.3,0.0,94.3848697995
8390,921.3,0.0,87.8375518697
8400,845.7,0.0,79.3508220453
8410,839.7,0.0,81.3796087671
8420,920.5,0.0,95.2385977084
8430,920.3,0.0,92.9379511479
8440,918.7,0.0,89.7849527523
8450,760.6,0.0,80.0833119555
8460,684.4,0.0,60.6508886785
8470,921.1,0.0,84.888166776
8480,924.3,0.0,97.8797225089
8490,896.5,0.1,96.6359260371
8500,836.3,0.0,94.7407530921
8510,924.5,0.0,98.3092359252
8520,842.5,0.0,83.3242003099
8530,845.7,0.0,83.0956449511
8540,616.3,0.1,74.8360467433
8550,680.5,0.0,67.3442818522
8560,844.1,0.0,84.2039011159
8570,840.2,0.0,78.0466530528
8580,595.6,0.0,55.0884999995
8590,757.8,0.0,76.3443718687
8600,678.6,0.0,78.1720796777
8610,921.9,0.0,91.2745861363
8620,842.2,0.0,76.5100650523
8630,598.2,0.0,62.6651727258
8640,694.8,0.1,81.8880656861
8650,678.6,0.0,59.5213997545
8660,919.8,0.0,86.1090860638
8670,840.0,0.0,80.5119844092
8680,760.8,0.0,71.325235751
8690,761.2,0.0,77.5816073295
8700,843.3,0.0,88.398319188
8710,845.0,0.0,90.4230413855
8720,1000.0,0.0,107.543995844
8730,922.1,0.0,90.1246580282
8740,842.0,0.0,79.8613469789
8750,919.2,0.0,92.7182341185
8760,840.7,0.0,86.3595243588
8770,833.6,0.0,85.5963408618
8780,611.8,0.1,70.5225472196
8790,837.3,0.0,79.620694433
8800,839.7,0.0,88.2488991044
8810,837.9,0.0,75.1525297881
8820,919.2,0.0,92.8933002945
8830,680.8,0.0,66.2762401083
8840,918.0,0.0,91.8949764111
8850,754.2,0.0,69.3967796864
8860,760.1,0.0,76.6298954504
8870,668.5,0.0,65.2486628238
8880,761.1,0.0,71.5431320809
8890,1000.0,0.0,94.2818328402
8900,920.0,0.0,81.4643425739
8910,918.3,0.0,92.3544741847
8920,921.8,0.0,96.0376985864
8930,755.9,0.0,78.8060788113
8940,920.7,0.0,90.5684381748
8950,764.7,0.0,69.3901356267
8960,1000.0,0.0,105.108468424
8970,920.2,0.0,96.0517751925
8980,1000.0,0.0,94.2426786314
8990,918.6,0.0,97.8431145835
9000,1000.0,0.0,102.430849591
9010,1000.0,0.0,108.069885986
9020,922.7,0.0,81.7909315101
9030,1000.0,0.0,94.8273169176
9040,924.6,0.0,84.7602137932
9050,919.8,0.0,89.44466727
9060,922.6,0.0,91.2290871557
9070,921.2,0.0,83.0752241874
9080,1000.0,0.0,107.1520206
9090,922.1,0.0,95.0827994538
9100,768.8,0.0,70.6606384721
9110,1000.0,0.0,99.1416787973
9120,1000.0,0.0,95.3687583078
9130,1000.0,0.0,102.59673555
9140,764.2,0.0,78.4266635469
9150,920.2,0.0,91.6384852294
9160,776.0,0.1,99.5364295751
9170,842.3,0.0,87.7793567977
9180,935.0,0.1,110.910177896
9190,1000.0,0.0,107.427230885
9200,921.8,0.0,79.5815916285
9210,844.9,0.0,78.661054916
9220,924.2,0.0,78.0148295712
9230,848.9,0.1,98.3909827471
9240,922.2,0.0,95.2771554507
9250,920.0,0.0,85.0052658286
9260,922.1,0.0,71.3967668994
9270,922.5,0.0,85.1747707821
9280,618.2,0.1,64.7883328821
9290,784.0,0.1,92.4142500977
9300,923.5,0.0,80.3775207241
9310,925.2,0.0,86.9115975677
9320,926.0,0.0,72.6150435705
9330,935.2,0.1,111.952757795
9340,846.4,0.0,65.9108864685
9350,926.6,0.1,98.601922518
9360,887.8,0.2,117.650389405
9370,922.1,0.0,75.6214436837
9380,843.1,0.0,82.8896887423
9390,778.5,0.1,82.1582474631
9400,922.6,0.0,74.9893863015
9410,776.8,0.1,85.1940735062
9420,920.3,0.0,93.0390645057
9430,1000.0,0.0,91.8550407851
9440,779.0,0.2,102.099882499
9450,931.5,0.1,102.127605399
9460,927.5,0.1,111.421601134
9470,800.0,0.2,102.52527835
9480,936.2,0.1,100.087869984
9490,933.4,0.1,98.3711831934
9500,848.9,0.0,69.2376171799
9510,977.6,0.1,99.1178491795
9520,1000.0,0.0,92.4190002913
9530,927.1,0.0,78.8728394277
9540,1000.0,0.0,90.2970844145
9550,1000.0,0.0,67.4650282824
9560,1000.0,0.0,87.4391633106
9570,949.9,0.1,102.855011874
9580,974.3,0.1,94.7941957855
9590,1000.0,0.0,91.7821950056
9600,935.2,0.1,102.390429195
9610,934.2,0.2,115.569163678
9620,1000.0,0.0,78.8409602284
9630,1000.0,0.0,76.5010507326
9640,1000.0,0.0,78.5130118948
9650,967.9,0.1,94.597129492
9660,1000.0,0.0,68.8319147587
9670,1000.0,0.0,77.6386473084
9680,1000.0,0.0,71.4539140855
9690,990.3,0.1,77.9134655168
9700,1000.0,0.0,71.2597755178
9710,978.1,0.2,95.723668211
9720,939.7,0.1,87.1157529391
9730,1000.0,0.0,75.0362729406
9740,1000.0,0.0,64.6853156953
9750,1000.0,0.0,74.6992704568
9760,1000.0,0.0,81.780721343
9770,1000.0,0.0,83.2715803344
9780,1000.0,0.0,74.4247560124
9790,1000.0,0.0,76.4165892958
9800,1000.0,0.0,82.0662760032
9810,1000.0,0.0,79.9399876471
9820,1000.0,0.0,75.6213367218
9830,1000.0,0.0,87.6612657575
9840,934.5,0.1,99.0856839525
9850,938.2,0.1,95.5720659499
9860,938.2,0.1,99.5747796735
9870,1000.0,0.0,87.5340639125
9880,1000.0,0.0,95.29146132
9890,1000.0,0.0,92.4525669056
9900,1000.0,0.0,84.2370568118
9910,1000.0,0.0,85.0345655447
9920,1000.0,0.0,93.1896460277
9930,1000.0,0.0,95.9639928098
9940,1000.0,0.0,95.1609027394
9950,1000.0,0.0,90.0418985357
9960,1000.0,0.0,96.1711872055
9970,1000.0,0.0,95.7247921479
9980,1000.0,0.0,90.819340248
9990,1000.0,0.0,105.620261841
10000,1000.0,0.0,98.5447712879
10010,1000.0,0.0,104.140173422
10020,1000.0,0.0,113.947960516
10030,1000.0,0.0,106.276363654
10040,1000.0,0.0,106.358942445
10050,1000.0,0.0,98.8690054592
10060,928.4,0.0,90.2414498998
10070,929.1,0.1,112.809967698
10080,1000.0,0.0,114.759941142
10090,1000.0,0.0,97.2293252461
10100,1000.0,0.0,101.863540805
10110,1000.0,0.0,97.7648177586
10120,1000.0,0.0,90.8617830237
10130,1000.0,0.0,102.942562184
10140,1000.0,0.0,110.117348393
10150,1000.0,0.0,95.3832929796
10160,883.1,0.2,122.813764791
10170,942.8,0.1,101.350454686
10180,929.6,0.1,114.321134419
10190,1000.0,0.0,89.5828892667
10200,926.2,0.0,100.796727984
10210,1000.0,0.0,89.1814756825
10220,826.8,0.0,63.505531897
10230,878.0,0.1,87.3423407513
10240,832.3,0.4,133.625416078
10250,957.5,0.1,114.59879308
10260,924.4,0.2,119.276461302
10270,837.1,0.3,125.586150099
10280,921.2,0.0,86.3276938731
10290,790.6,0.3,124.600246445
10300,1000.0,0.0,98.2098621449
10310,800.4,0.1,91.42359688
10320,842.3,0.0,69.1931746213
10330,1000.0,0.0,102.85125838
10340,778.3,0.1,78.6477726455
10350,782.9,0.2,105.873777314
10360,778.2,0.2,111.664576615
10370,855.9,0.1,99.3970310971
10380,919.0,0.0,94.3060002851
10390,1000.0,0.0,97.9480344904
10400,848.2,0.1,93.0055960863
10410,844.9,0.1,101.292953948
10420,919.3,0.0,78.5203373854
10430,932.0,0.1,115.74678555
10440,838.5,0.0,86.0709831743
10450,937.9,0.1,119.389269276
10460,929.2,0.1,109.902359973
10470,915.4,0.0,98.0220767688
10480,1000.0,0.0,101.39036102
10490,880.3,0.2,127.274939275
10500,1000.0,0.0,98.1782073838
10510,922.5,0.0,90.4764902614
10520,1000.0,0.0,113.423135067
10530,848.1,0.0,71.7564093194
10540,1000.0,0.0,98.4854973358
10550,1000.0,0.0,97.264895505
10560,1000.0,0.0,117.099789055
10570,923.9,0.0,85.0158616562
10580,1000.0,0.0,110.213166431
10590,921.7,0.0,85.6454009403
10600,1000.0,0.0,100.853596334
10610,1000.0,0.0,116.290207045
10620,1000.0,0.0,106.854485214
10630,1000.0,0.0,103.297366239
10640,1000.0,0.0,94.6189599938
10650,1000.0,0.0,102.31857542
10660,837.0,0.0,78.6766699754
10670,830.2,0.0,82.9483722283
10680,1000.0,0.0,108.242151419
10690,835.5,0.0,86.984198025
10700,837.7,0.0,91.4190797209
10710,1000.0,0.0,104.604247242
10720,920.6,0.0,85.290827911
10730,932.6,0.1,96.8981510229
10740,924.1,0.1,115.118315985
10750,1000.0,0.0,103.698483692
10760,916.6,0.0,107.416181307
10770,923.7,0.0,105.604167705
10780,1000.0,0.0,112.765448335
10790,916.0,0.0,92.7251991331
10800,922.0,0.0,91.8293605571
10810,1000.0,0.0,97.1143953966
10820,1000.0,0.0,107.646797228
10830,1000.0,0.0,105.671828454
10840,1000.0,0.0,100.253093034
10850,1000.0,0.0,112.423303925
10860,1000.0,0.0,107.491381821
10870,1000.0,0.0,111.138041787
10880,1000.0,0.0,109.529606538
10890,1000.0,0.0,104.844108432
10900,1000.0,0.0,104.55567664
10910,1000.0,0.0,103.654303768
10920,1000.0,0.0,107.345920828
10930,1000.0,0.0,104.499846781
10940,1000.0,0.0,105.040333596
10950,940.1,0.1,123.378854269
10960,840.3,0.0,92.047160273
10970,923.0,0.0,94.9912815835
10980,1000.0,0.0,94.3168434973
10990,1000.0,0.0,103.85210456
11000,1000.0,0.0,106.271533215
11010,920.4,0.0,95.3300140762
11020,1000.0,0.0,105.459352584
11030,923.6,0.0,81.8483198761
11040,914.2,0.0,105.009696815
11050,1000.0,0.0,107.630272861
11060,1000.0,0.0,87.2021876178
11070,1000.0,0.0,108.665957176
11080,924.3,0.0,90.496948856
11090,844.9,0.0,74.4549198446
11100,1000.0,0.0,97.1175277234
11110,925.7,0.0,90.9543135749
11120,1000.0,0.0,105.089164859
11130,1000.0,0.0,102.005167949
11140,1000.0,0.0,83.9600366239
11150,1000.0,0.0,92.333335503
11160,1000.0,0.0,92.971885751
11170,1000.0,0.0,100.650195959
11180,1000.0,0.0,92.9854369497
11190,1000.0,0.0,97.2383689684
11200,1000.0,0.0,98.2733103493
11210,1000.0,0.0,92.9874446379
11220,1000.0,0.0,86.0397827735
11230,925.5,0.0,88.3376438396
11240,1000.0,0.0,106.692776992
11250,912.8,0.0,91.6682758329
11260,1000.0,0.0,91.6281619835
11270,913.2,0.0,95.2127207693
11280,1000.0,0.0,94.8033456041
11290,1000.0,0.0,90.2783222559
11300,1000.0,0.0,92.5973252969
11310,1000.0,0.0,86.0766560684
11320,1000.0,0.0,87.9305475092
11330,1000.0,0.0,99.1207287376
11340,1000.0,0.0,92.3305731378
11350,1000.0,0.0,92.5925646006
11360,1000.0,0.0,90.3062115114
11370,1000.0,0.0,89.7456891608
11380,1000.0,0.0,87.4730331701
11390,1000.0,0.0,78.4057299896
11400,1000.0,0.0,95.3243720361
11410,1000.0,0.0,85.421903569
11420,1000.0,0.0,99.8630005851
11430,1000.0,0.0,103.762833144
11440,1000.0,0.0,97.2620978394
11450,1000.0,0.0,89.5400044488
11460,1000.0,0.0,79.3455302962
11470,1000.0,0.0,98.0389732229
11480,1000.0,0.0,90.4393549874
11490,1000.0,0.0,85.8996948923
11500,1000.0,0.0,89.2350632194
11510,1000.0,0.0,97.5575601598
11520,1000.0,0.0,84.1101246463
11530,1000.0,0.0,81.4518695546
11540,1000.0,0.0,93.859993654
11550,1000.0,0.0,98.3609556049
11560,1000.0,0.0,95.1647575156
11570,1000.0,0.0,91.5382112688
11580,1000.0,0.0,88.0425566285
11590,1000.0,0.0,101.951776569
11600,1000.0,0.0,98.8093754466
11610,1000.0,0.0,90.1813809591
11620,1000.0,0.0,92.4834390712
11630,1000.0,0.0,102.333798163
11640,1000.0,0.0,94.2480387014
11650,1000.0,0.0,85.03738622
11660,1000.0,0.0,88.3328074575
11670,1000.0,0.0,95.9486843816
11680,1000.0,0.0,83.1279317115
11690,1000.0,0.0,99.2467141282
11700,1000.0,0.0,89.7610840924
11710,1000.0,0.0,87.6017864612
11720,1000.0,0.0,98.3250275888
11730,1000.0,0.0,93.7783567262
11740,1000.0,0.0,105.910297932
11750,1000.0,0.0,98.5547046975
11760,1000.0,0.0,87.6548934207
11770,1000.0,0.0,90.936929059
11780,1000.0,0.0,92.637010584
11790,1000.0,0.0,94.5510728369
11800,1000.0,0.0,98.8601545007
11810,1000.0,0.0,84.0494506976
11820,1000.0,0.0,84.5661529824
11830,1000.0,0.0,100.089901295
11840,1000.0,0.0,106.923866794
11850,1000.0,0.0,89.8878799289
11860,1000.0,0.0,114.912734191
11870,1000.0,0.0,112.319199794
11880,1000.0,0.0,95.9017460883
11890,1000.0,0.0,104.125618206
11900,1000.0,0.0,109.484948132
11910,1000.0,0.0,103.178876914
11920,1000.0,0.0,105.208145272
11930,1000.0,0.0,111.596471899
11940,1000.0,0.0,100.165472762
11950,1000.0,0.0,85.5558798306
11960,1000.0,0.0,98.336135152
11970,1000.0,0.0,95.740725972
11980,1000.0,0.0,97.4673244106
11990,1000.0,0.0,101.498274232
12000,1000.0,0.0,91.165856107
12010,1000.0,0.0,101.33771621
12020,1000.0,0.0,103.169927941
12030,1000.0,0.0,101.844106621
12040,1000.0,0.0,98.8135301358
12050,1000.0,0.0,102.635953602
12060,1000.0,0.0,102.47596053
12070,924.9,0.0,86.3367530546
12080,913.3,0.0,94.6838827533
12090,923.7,0.0,92.3614487589
12100,1000.0,0.0,107.163325901
12110,915.6,0.0,100.90416433
12120,1000.0,0.0,87.0961529012
12130,1000.0,0.0,91.3281869203
12140,1000.0,0.0,103.741669423
12150,1000.0,0.0,96.7409220086
12160,1000.0,0.0,90.0313741741
12170,925.0,0.0,83.9076578404
12180,1000.0,0.0,82.601777739
12190,1000.0,0.0,91.8503040537
12200,1000.0,0.0,98.0789103652
12210,1000.0,0.0,95.7905955591
12220,1000.0,0.0,91.5751688346
12230,1000.0,0.0,109.784812442
12240,1000.0,0.0,103.719583094
12250,1000.0,0.0,102.775665465
12260,1000.0,0.0,104.301825845
12270,1000.0,0.0,87.5252593145
12280,1000.0,0.0,92.3345100687
12290,1000.0,0.0,92.5819869842
12300,915.5,0.0,94.9785077876
12310,1000.0,0.0,117.538573257
12320,1000.0,0.0,88.6145523191
12330,1000.0,0.0,105.542143499
12340,1000.0,0.0,105.644491714
12350,1000.0,0.0,102.861179966
12360,1000.0,0.0,81.0513659478
12370,914.0,0.0,103.813220162
12380,1000.0,0.0,98.5558452654
12390,1000.0,0.0,99.6063054757
12400,1000.0,0.0,87.9032508136
12410,1000.0,0.0,107.975020369
12420,1000.0,0.0,90.9398209332
12430,928.9,0.0,85.3201082107
12440,1000.0,0.0,100.94401959
12450,1000.0,0.0,98.7156698712
12460,1000.0,0.0,107.042184587
12470,1000.0,0.0,92.6300016066
12480,1000.0,0.0,96.476259802
12490,1000.0,0.0,78.6853018378
12500,1000.0,0.0,96.5886674925
12510,1000.0,0.0,91.5015476601
12520,1000.0,0.0,93.105102039
12530,1000.0,0.0,88.0760205331
12540,1000.0,0.0,91.2182738558
12550,1000.0,0.0,83.9600802728
12560,929.7,0.0,83.6314698179
12570,1000.0,0.0,101.021981422
12580,1000.0,0.0,90.8155320799
12590,1000.0,0.0,92.149956676
12600,1000.0,0.0,102.274423222
12610,1000.0,0.0,100.705319969
12620,1000.0,0.0,91.3638418263
12630,1000.0,0.0,92.1011337663
12640,1000.0,0.0,104.276460867
12650,913.1,0.0,82.8104041767
12660,1000.0,0.0,97.8075418831
12670,1000.0,0.0,94.7419436896
12680,1000.0,0.0,101.37394819
12690,1000.0,0.0,95.5992279515
12700,1000.0,0.0,100.180990781
12710,1000.0,0.0,93.1940354501
12720,1000.0,0.0,95.3397030894
12730,1000.0,0.0,99.7928220696
12740,1000.0,0.0,90.4652828412
12750,1000.0,0.0,97.2407928559
12760,1000.0,0.0,93.272148019
12770,1000.0,0.0,99.8772779692
12780,1000.0,0.0,108.437480527
12790,1000.0,0.0,107.454809055
12800,1000.0,0.0,109.612645288
12810,1000.0,0.0,96.5157262653
12820,921.4,0.0,83.453502337
12830,1000.0,0.0,101.062338318
12840,1000.0,0.0,99.9284655469
12850,921.6,0.0,86.636563658
12860,1000.0,0.0,95.7221664037
12870,1000.0,0.0,93.3119910261
12880,1000.0,0.0,112.722974119
12890,1000.0,0.0,95.9560659231
12900,1000.0,0.0,104.726202015
12910,1000.0,0.0,101.082042714
12920,1000.0,0.0,93.2372639986
12930,1000.0,0.0,93.6937135966
12940,1000.0,0.0,100.012456657
12950,1000.0,0.0,99.3036052068
12960,1000.0,0.0,87.1172183082
12970,1000.0,0.0,97.6880860834
12980,919.5,0.0,74.8077897806
12990,1000.0,0.0,99.8864211142
13000,1000.0,0.0,99.1405989801
13010,1000.0,0.0,105.524619554
13020,1000.0,0.0,99.3239137257
13030,994.2,0.1,106.15192103
13040,1000.0,0.0,101.506581866
13050,1000.0,0.0,109.63821664
13060,1000.0,0.0,98.6775481361
13070,1000.0,0.0,84.5872232968
13080,924.6,0.0,82.4714242255
13090,1000.0,0.0,98.417113147
13100,1000.0,0.0,103.052399927
13110,1000.0,0.0,94.590888466
13120,1000.0,0.0,92.2562773795
13130,1000.0,0.0,105.61974504
13140,1000.0,0.0,90.1852719503
13150,958.3,0.1,107.465952423
13160,916.5,0.1,97.2780646219
13170,1000.0,0.0,96.6786071306
13180,1000.0,0.0,97.895583386
13190,1000.0,0.0,86.6320701593
13200,1000.0,0.0,86.3385675968
13210,1000.0,0.0,93.32836681
13220,1000.0,0.0,97.0066644797
13230,1000.0,0.0,92.1523168149
13240,1000.0,0.0,99.0421261504
13250,1000.0,0.0,108.380439964
13260,1000.0,0.0,100.242018707
13270,1000.0,0.0,91.3277291058
13280,1000.0,0.0,86.756466501
13290,922.5,0.0,78.4228989515
13300,923.6,0.0,80.6882269146
13310,923.6,0.0,71.5528395019
13320,1000.0,0.0,93.6517595991
13330,857.4,0.1,100.892204855
13340,1000.0,0.0,81.9587172141
13350,892.6,0.2,118.595325997
13360,921.1,0.0,83.2044737161
13370,1000.0,0.0,85.3410973528
13380,928.6,0.1,93.6577467686
13390,860.3,0.1,86.7306105404
13400,1000.0,0.0,90.5186074066
13410,913.6,0.0,86.5038327102
13420,924.2,0.0,76.7639939199
13430,857.4,0.1,96.3456463244
13440,901.9,0.2,102.276456349
13450,1000.0,0.0,84.8205737936
13460,927.1,0.0,76.86707733
13470,1000.0,0.0,92.1935677483
13480,982.9,0.1,112.880009874
13490,1000.0,0.0,97.7291034301
13500,1000.0,0.0,82.8263126318
13510,924.3,0.0,86.6598956462
13520,1000.0,0.0,98.1772469065
13530,1000.0,0.0,94.7867420157
13540,1000.0,0.0,95.9465558741
13550,1000.0,0.0,94.0987624895
13560,1000.0,0.0,95.6903741678
13570,1000.0,0.0,105.11571777
13580,924.1,0.0,87.8528856555
13590,1000.0,0.0,96.0632964555
13600,943.3,0.1,106.906690265
13610,1000.0,0.0,104.722661174
13620,913.6,0.0,91.3193726827
13630,922.7,0.0,93.3981710933
13640,931.2,0.1,123.555317371
13650,1000.0,0.0,104.287764332
13660,1000.0,0.0,111.52641488
13670,1000.0,0.0,89.4326319067
13680,915.3,0.0,97.9062092487
13690,953.0,0.1,114.42333302
13700,1000.0,0.0,108.124385132
13710,1000.0,0.0,116.123839615
13720,953.7,0.1,119.750310165
13730,1000.0,0.0,100.776798266
13740,891.8,0.2,106.113377305
13750,1000.0,0.0,90.5545925314
13760,930.6,0.1,104.136616502
13770,919.0,0.0,89.5104236713
13780,858.9,0.1,105.868358587
13790,914.9,0.1,92.6080059911
13800,925.7,0.0,78.2234450379
13810,841.8,0.0,71.2478044782
13820,920.9,0.0,87.788908347
13830,843.6,0.0,81.465233053
13840,904.6,0.2,112.781057609
13850,1000.0,0.0,89.2151101203
13860,1000.0,0.0,101.881159402
13870,922.6,0.0,68.9570738625
13880,1000.0,0.0,93.2973296962
13890,789.4,0.1,78.4367750268
13900,923.8,0.1,113.886928547
13910,922.8,0.0,82.650393529
13920,840.8,0.2,106.833494961
13930,930.3,0.1,102.267399258
13940,873.9,0.2,115.614478654
13950,905.4,0.1,94.1357565614
13960,727.3,0.1,74.4741962378
13970,922.3,0.0,92.2800305591
13980,627.0,0.2,75.5577751781
13990,752.7,0.2,95.8498699007
14000,722.9,0.2,80.1783876065
14010,658.2,0.2,86.9188339466
14020,607.7,0.3,92.6038806583
14030,611.1,0.3,98.5796110403
14040,692.9,0.1,81.1332482741
14050,564.2,0.3,98.4058386184
14060,711.4,0.2,93.2969915678
14070,761.6,0.3,102.197859255
14080,807.7,0.1,88.4821016139
14090,639.8,0.2,84.6280914821
14100,663.9,0.5,146.432390092
14110,586.7,0.3,102.912765273
14120,754.9,0.0,55.7342194174
14130,536.0,0.2,76.659089646
14140,702.1,0.3,116.326108747
14150,644.4,0.4,111.709436534
14160,555.5,0.2,60.8966357983
14170,627.5,0.7,177.170424412
14180,480.9,0.4,108.668547908
14190,635.0,0.5,135.673499488
14200,570.8,0.4,111.292206569
14210,839.3,0.1,77.4893769558
14220,548.1,0.4,119.684830742
14230,507.9,0.4,105.834830991
14240,570.5,0.4,123.984825582
14250,677.2,0.4,121.361815446
14260,714.9,0.3,109.715704284
14270,758.7,0.2,74.7035030081
14280,548.5,0.6,144.850819899
14290,556.6,0.4,116.863029036
14300,798.0,0.3,112.899694104
14310,571.7,0.5,131.443000934
14320,560.4,0.5,122.54925301
14330,639.8,0.3,94.7392916618
14340,411.4,0.4,96.8219470001
14350,522.7,0.5,129.96098327
14360,603.2,0.4,83.7255337302
14370,599.7,0.5,128.103228542
14380,622.3,0.5,136.987156733
14390,628.5,0.4,114.291204232
14400,615.2,0.3,98.1615299695
14410,702.9,0.5,134.156766254
14420,632.8,0.2,68.9399981238
14430,670.8,0.5,124.295167443
14440,718.7,0.3,100.266805056
14450,564.8,0.5,106.80686997
14460,576.8,0.4,105.364442524
14470,613.0,0.6,120.758565614
14480,577.1,0.4,112.711315234
14490,814.3,0.2,95.9603122385
14500,470.5,0.2,48.3954666901
14510,565.3,0.4,106.224350439
14520,582.4,0.4,107.747409593
14530,668.0,0.5,121.483596232
14540,858.3,0.3,120.658755547
14550,578.6,0.7,144.670146098
14560,564.9,0.6,139.571394078
14570,493.7,0.4,96.3558309828
14580,857.2,0.3,128.806726301
14590,763.3,0.4,129.722444078
14600,675.2,0.6,139.857089801
14610,805.3,0.4,121.640566251
14620,681.7,0.4,105.457261106
14630,460.1,0.6,123.86000286
14640,777.0,0.5,142.163342066
14650,642.0,0.6,143.892512363
14660,640.6,0.5,121.007684838
14670,940.5,0.1,92.272795005
14680,676.7,0.4,115.79827761
14690,689.2,0.4,117.048093672
14700,688.1,0.3,81.1082916656
14710,726.3,0.4,124.523717584
14720,791.6,0.4,132.70169227
14730,542.2,0.8,196.398207262
14740,636.6,0.6,158.793824344
14750,809.8,0.4,110.397183495
14760,572.4,0.5,110.649240322
14770,795.1,0.3,120.779145248
14780,752.3,0.4,142.420208318
14790,744.7,0.4,130.393537162
14800,711.8,0.6,155.815965928
14810,860.2,0.1,92.9937539464
14820,499.4,0.6,142.053386093
14830,728.1,0.4,126.201482547
14840,714.1,0.4,120.516926046
14850,676.0,0.4,112.513041458
14860,725.4,0.5,138.793003611
14870,696.6,0.5,148.545927398
14880,511.3,0.6,142.995452197
14890,682.3,0.6,165.832838734
14900,617.5,0.7,165.505082013
14910,701.2,0.4,109.139121308
14920,645.1,0.4,121.849644934
14930,689.1,0.5,118.651444943
14940,794.9,0.6,135.373867972
14950,701.0,0.4,141.422837878
14960,508.9,0.5,108.628643845
14970,769.4,0.2,86.6403381244
14980,668.2,0.5,129.708942903
14990,572.6,0.6,148.404454148
15000,759.9,0.4,130.471531777
15010,649.0,0.4,125.275448269
15020,585.6,0.4,114.360190153
15030,568.8,0.5,132.123839095
15040,508.0,0.7,177.822508895
15050,547.0,0.5,134.923161809
15060,658.8,0.5,140.068451982
15070,494.4,0.3,95.7771652549
15080,680.5,0.5,138.824184198
15090,568.7,0.7,148.846455799
15100,705.9,0.4,124.975262975
15110,668.9,0.4,134.916493699
15120,751.6,0.6,152.502386584
15130,570.6,0.3,87.5095039563
15140,578.6,0.7,145.434855083
15150,297.0,0.7,147.252731107
15160,671.0,0.4,128.68579075
15170,593.8,0.6,148.61335568
15180,423.6,0.4,82.0744049429
15190,492.4,0.6,145.933507524
15200,777.4,0.2,96.5903722428
15210,382.4,0.9,178.110126391
15220,652.1,0.4,116.710064397
15230,612.8,0.4,111.077097272
15240,596.2,0.6,141.220374
15250,572.0,0.4,100.219233803
15260,732.1,0.5,131.106874722
15270,344.6,0.8,175.060082407
15280,540.9,0.4,91.350955574
15290,767.7,0.3,108.136199939
15300,409.0,0.5,131.047596139
15310,528.6,0.3,80.9268930366
15320,479.0,0.6,129.590029808
15330,585.5,0.6,119.252847449
15340,753.2,0.3,108.77181391
15350,607.3,0.6,151.648136771
15360,476.1,0.3,88.7546642288
15370,575.2,0.5,146.17871009
15380,641.2,0.4,120.862892452
15390,550.6,0.3,68.6270105838
15400,518.4,0.6,137.696129323
15410,490.6,0.6,129.153676133
15420,547.7,0.5,128.525514923
15430,649.5,0.5,145.880065576
15440,757.2,0.4,114.617615541
15450,463.1,0.3,82.4263373782
15460,554.1,0.4,107.319320014
15470,458.7,0.5,109.748394678
15480,540.8,0.4,123.239232089
15490,692.6,0.2,86.0470099003
15500,599.4,0.3,81.3472905196
15510,486.5,0.5,120.354438371
15520,581.3,0.1,50.6258927678
15530,576.8,0.7,175.640019626
15540,378.1,0.4,104.49835912
15550,541.9,0.4,111.022289901
15560,368.4,0.6,123.176423463
15570,782.3,0.3,119.108821318
15580,423.4,0.4,85.4582298954
15590,858.9,0.2,110.519351171
15600,532.3,0.5,117.753772259
15610,543.9,0.5,122.104753079
15620,716.9,0.3,107.775181566
15630,601.8,0.6,146.200029904
15640,651.9,0.5,141.525368905
15650,684.9,0.3,91.1497978799
15660,629.6,0.6,142.435135053
15670,362.6,0.6,123.946200851
15680,558.8,0.5,121.617401365
15690,554.7,0.6,141.066139761
15700,867.9,0.1,69.2543348185
15710,603.9,0.3,98.6323658489
15720,670.1,0.5,116.276534976
15730,598.7,0.7,176.161331354
15740,661.1,0.6,158.070256211
15750,478.0,0.5,142.615145095
15760,494.6,0.7,154.052883606
15770,552.4,0.7,171.149445872
15780,554.7,0.7,175.519665578
15790,636.4,0.5,132.571102715
15800,762.6,0.3,107.234184921
15810,603.1,0.6,145.432656242
15820,523.8,0.8,179.39737967
15830,793.1,0.2,90.1323226618
15840,716.6,0.5,144.805791257
15850,613.9,0.6,159.804277095
15860,625.2,0.4,113.320132301
15870,539.4,0.4,117.225087734
15880,652.6,0.5,143.893947012
15890,569.0,0.6,153.904189041
15900,684.7,0.2,68.4984151452
15910,573.0,0.4,110.626144337
15920,812.8,0.5,128.292555597
15930,598.9,0.5,124.836844204
15940,568.8,0.6,156.825984335
15950,412.0,0.4,97.4935949708
15960,469.1,0.4,78.7378467971
15970,759.9,0.4,110.374048482
15980,590.4,0.4,109.347380726
15990,447.6,0.6,135.959214762
16000,688.1,0.6,152.821779974
16010,579.9,0.7,164.500070593
16020,631.9,0.6,152.637061588
16030,571.8,0.6,160.458460842
16040,787.8,0.4,134.656583821
16050,653.7,0.4,114.613842543
16060,493.1,0.7,164.000733043
16070,528.0,0.6,156.67478016
16080,540.4,0.8,170.002409538
16090,640.5,0.7,169.602587384
16100,576.8,0.7,175.812744916
16110,671.2,0.7,164.999588077
16120,472.6,0.9,184.282784136
16130,659.5,0.5,133.298233765
16140,721.4,0.3,118.018955773
16150,677.2,0.5,145.330326403
16160,629.5,0.5,147.427006112
16170,678.3,0.5,156.140949006
16180,639.7,0.3,106.085102099
16190,484.8,0.9,202.510480698
16200,711.4,0.5,140.882304592
16210,537.5,0.6,150.926313509
16220,648.1,0.4,124.879722261
16230,600.7,0.4,120.094694889
16240,479.3,0.7,163.32276871
16250,808.7,0.3,122.859752761
16260,594.6,0.5,137.670930078
16270,555.3,0.8,184.736699626
16280,468.1,0.8,190.018167106
16290,801.0,0.4,136.474949599
16300,554.6,0.7,167.368607269
16310,674.9,0.4,129.107089215
16320,797.2,0.3,104.209669488
16330,602.2,0.5,146.88540574
16340,527.5,0.6,151.44458638
16350,672.4,0.5,160.107672728
16360,544.0,0.6,135.274169203
16370,456.3,0.5,118.07078056
16380,668.0,0.4,117.733094933
16390,565.7,0.4,112.366343162
16400,395.0,0.5,132.130910622
16410,449.3,0.9,205.282545172
16420,611.0,0.5,139.126044189
16430,587.7,0.6,157.423530217
16440,383.8,0.7,152.686061457
16450,569.6,0.4,114.744356421
16460,633.4,0.6,144.817426771
16470,631.7,0.3,96.3157442978
16480,691.9,0.5,153.248900141
16490,711.4,0.5,149.225154543
16500,610.1,0.6,151.276263199
16510,660.4,0.5,137.800421401
16520,577.4,0.6,152.571838855
16530,630.4,0.6,135.143921101
16540,610.8,0.5,129.97214558
16550,627.3,0.7,168.542081563
16560,647.3,0.5,124.435176983
16570,653.7,0.5,146.048451163
16580,544.9,0.5,120.822843362
16590,670.5,0.3,93.0814959024
16600,711.5,0.3,110.398642
16610,735.6,0.4,126.839392407
16620,496.7,0.7,131.528033755
16630,812.5,0.3,106.052607206
16640,591.1,0.3,100.572076469
16650,706.6,0.4,126.94610847
16660,719.0,0.4,132.811209337
16670,458.8,0.6,134.820597301
16680,642.5,0.4,120.967986592
16690,689.3,0.6,142.991759637
16700,484.0,0.5,122.795353541
16710,607.8,0.3,90.4343099743
16720,472.3,0.4,119.371066884
16730,339.2,0.9,191.051799612
16740,477.6,0.6,146.112667392
16750,530.0,0.6,146.560041873
16760,589.9,0.6,150.464163867
16770,593.9,0.4,112.017162826
16780,543.3,0.9,180.906150245
16790,601.3,0.4,118.175610286
16800,666.6,0.5,156.394917329
16810,551.1,0.6,144.321693034
16820,488.9,0.5,123.982988371
16830,455.6,0.6,140.269417998
16840,508.7,0.5,127.17136707
16850,609.0,0.5,118.317823954
16860,502.7,0.5,126.379847492
16870,597.4,0.7,175.402764207
16880,616.5,0.5,139.443069037
16890,495.7,0.7,152.442780085
16900,552.8,0.4,127.385431528
16910,354.9,0.6,119.430625996
16920,586.6,0.6,163.834788525
16930,450.0,0.8,171.276182212
16940,638.7,0.6,160.603165746
16950,553.7,0.6,151.335080283
16960,431.0,0.6,137.101617069
16970,594.2,0.5,136.853673413
16980,856.8,0.3,109.010991241
16990,525.0,0.6,150.428193915
17000,557.4,0.5,146.063408721
17010,370.0,0.7,137.22714546
17020,631.1,0.6,143.171626718
17030,715.6,0.4,131.50804792
17040,408.7,0.4,92.6559335121
17050,520.9,0.6,139.602783258
17060,587.0,0.6,165.392929824
17070,621.5,0.6,159.642627676
17080,663.0,0.4,126.534244438
17090,571.7,0.7,165.827586294
17100,534.3,0.5,116.772416741
17110,558.5,0.6,143.556968175
17120,548.7,0.7,166.543046415
17130,311.2,0.7,151.69777803
17140,494.0,0.7,152.580250691
17150,500.0,0.7,148.697790239
17160,570.1,0.8,172.525030138
17170,671.3,0.2,90.7347823879
17180,442.5,0.4,96.7378539431
17190,732.6,0.3,123.548841959
17200,479.1,0.4,119.8315435
17210,718.3,0.3,105.049518137
17220,363.6,0.7,145.902839727
17230,497.9,0.6,145.338449024
17240,366.4,0.5,114.08284934
17250,501.8,0.7,150.838714328
17260,636.8,0.3,114.397926866
17270,358.9,0.6,131.904471449
17280,433.5,0.6,146.636942546
17290,577.8,0.7,159.867768763
17300,488.7,0.6,139.171006992
17310,524.8,0.7,165.633486337
17320,324.5,0.7,140.497437126
17330,423.5,0.8,170.986972235
17340,467.7,0.7,157.354305755
17350,490.8,0.6,140.903529102
17360,543.2,0.4,116.124923292
17370,569.2,0.6,163.975025087
17380,329.3,0.6,121.766991579
17390,563.1,0.3,86.6211324867
17400,559.5,0.6,143.359051484
17410,483.2,0.7,149.500938855
17420,637.9,0.4,127.351018519
17430,489.8,0.6,141.384859174
17440,425.0,0.8,180.596270313
17450,518.6,0.7,147.018831868
17460,466.4,0.6,131.739766606
17470,552.5,0.5,120.553208094
17480,410.7,0.6,130.554573134
17490,701.4,0.2,79.8844608821
17500,334.0,0.4,70.7111961438
17510,556.7,0.3,78.4389246595
17520,399.7,0.7,137.55666663
17530,706.7,0.4,114.286587295
17540,624.9,0.4,87.7530522231
17550,406.1,0.6,129.345493243
17560,685.9,0.5,126.283831089
17570,317.6,0.5,104.957387619
17580,489.7,0.6,116.312161778
17590,637.9,0.5,121.1836563
17600,678.4,0.4,127.527900186
17610,426.6,0.8,179.342567084
17620,549.5,0.4,109.495202581
17630,566.1,0.5,130.995754365
17640,651.4,0.6,153.78757272
17650,480.1,0.2,40.2359016919
17660,503.6,0.5,122.987857794
17670,637.1,0.5,137.305256114
17680,631.1,0.3,105.746790912
17690,555.9,0.5,136.363222909
17700,699.2,0.5,131.719760467
17710,556.2,0.5,133.148247771
17720,578.8,0.5,125.140600017
17730,557.8,0.6,149.144356929
17740,641.9,0.4,121.524395327
17750,768.2,0.4,132.469109276
17760,551.8,0.4,91.9801169921
17770,674.4,0.3,86.2182475856
17780,515.9,0.6,138.351101218
17790,531.4,0.5,134.391741568
17800,655.8,0.3,86.5904930404
17810,647.3,0.5,147.249189953
17820,580.2,0.5,128.602580193
17830,719.0,0.4,128.35874885
17840,567.4,0.5,111.190672994
17850,600.6,0.6,155.882322427
17860,637.1,0.4,114.874620523
17870,558.3,0.4,102.549474969
17880,566.8,0.6,137.943491853
17890,590.5,0.6,151.950476819
17900,478.8,0.7,155.164254891
17910,638.7,0.5,122.501959168
17920,528.2,0.4,92.106775924
17930,553.0,0.7,155.705622304
17940,551.9,0.4,122.891177124
17950,536.8,0.6,136.329141239
17960,446.6,0.9,187.821001944
17970,391.9,0.3,78.5042142211
17980,399.8,0.5,108.746242308
17990,603.9,0.4,92.945694234
18000,498.3,0.6,141.43146435
18010,540.3,0.3,99.2813196873
18020,455.3,0.6,126.977480826
18030,409.4,0.3,56.4156004466
18040,705.1,0.4,117.47424698
18050,515.9,0.5,123.105043579
18060,386.3,0.5,119.073753536
18070,614.1,0.3,97.2350422405
18080,648.3,0.4,103.0723992
18090,521.1,0.5,100.583942501
18100,335.7,0.6,126.397936558
18110,495.9,0.8,173.509018146
18120,422.9,0.7,146.558250883
18130,468.8,0.5,132.987567829
18140,507.7,0.5,110.760477938
18150,376.7,0.6,126.554998871
18160,576.6,0.5,136.780625839
18170,577.2,0.4,114.215485234
18180,704.5,0.3,116.709989667
18190,599.7,0.4,105.28844066
18200,829.0,0.3,129.71105341
18210,529.1,0.5,115.774613394
18220,443.4,0.4,101.068571853
18230,297.5,0.6,123.327076667
18240,575.7,0.3,96.1295084287
18250,439.2,0.4,85.9846520232
18260,430.3,0.5,121.909607521
18270,570.6,0.4,107.469255594
18280,532.2,0.3,88.9663802172
18290,544.3,0.3,93.6805676761
18300,444.6,0.7,168.730629828
18310,625.7,0.5,140.672976558
18320,492.2,0.5,117.502925695
18330,614.5,0.6,156.728635026
18340,561.2,0.6,153.244558479
18350,463.6,0.4,94.8313314423
18360,644.9,0.3,108.213129334
18370,342.6,0.5,110.724534301
18380,621.2,0.2,76.6112854857
18390,752.0,0.3,113.047551839
18400,437.9,0.5,112.825968166
18410,542.2,0.3,79.4174207194
18420,513.8,0.5,125.389109413
18430,532.2,0.2,68.483801711
18440,455.9,0.5,111.455418998
18450,598.6,0.5,129.065440983
18460,696.4,0.2,85.4021431949
18470,541.6,0.2,69.8562143518
18480,351.3,0.5,89.7035997606
18490,483.5,0.6,131.046895322
18500,708.1,0.3,109.411049719
18510,566.2,0.5,140.003669023
18520,665.7,0.3,93.4584093569
18530,500.8,0.7,174.054890988
18540,560.7,0.4,117.788947818
18550,539.0,0.4,90.7106190723
18560,341.7,0.6,121.574021462
18570,383.6,0.9,179.469878752
18580,495.1,0.4,101.04587378
18590,601.7,0.3,76.7825993158
18600,331.7,0.6,136.948269908
18610,377.0,0.4,92.2463883925
18620,466.6,0.2,45.5482333097
18630,522.9,0.6,148.040090266
18640,539.6,0.6,147.089842851
18650,501.0,0.5,120.214469254
18660,476.6,0.3,92.5529166305
18670,566.8,0.5,129.701658186
18680,533.6,0.2,67.1732598902
18690,643.8,0.5,150.191900096
18700,428.9,0.5,107.72120214
18710,482.2,0.4,103.61521437
18720,709.0,0.2,87.9614071272
18730,589.1,0.7,157.043272256
18740,473.7,0.4,83.4599810639
18750,459.6,0.4,101.786096065
18760,478.3,0.4,101.615051131
18770,634.0,0.4,114.638232433
18780,695.5,0.3,115.67628596
18790,650.3,0.4,115.481119207
18800,589.7,0.5,125.941252712
18810,639.2,0.4,120.158169259
18820,445.8,0.6,130.740656016
18830,488.0,0.5,113.257434136
18840,563.6,0.4,109.172626332
18850,542.1,0.4,120.512781132
18860,553.3,0.4,118.026586291
18870,762.5,0.4,128.05254898
18880,368.9,0.8,159.316458308
18890,704.5,0.5,147.142563858
18900,690.1,0.6,147.300295015
18910,609.2,0.3,69.514253966
18920,461.1,0.2,56.0532106334
18930,555.2,0.5,112.796921008
18940,709.9,0.3,98.5962926911
18950,663.4,0.4,116.507654171
18960,493.7,0.5,128.894003094
18970,529.5,0.5,121.306851586
18980,548.0,0.6,156.259104132
18990,541.8,0.5,118.541327054
19000,389.8,0.9,194.30120254
19010,472.5,0.8,174.414271966
19020,568.3,0.4,119.693818821
19030,729.7,0.4,138.033113224
19040,692.3,0.6,149.514182886
19050,674.5,0.5,154.561967027
19060,528.9,0.6,142.048935664
19070,689.5,0.4,114.847906872
19080,468.9,0.4,108.185407502
19090,620.7,0.5,128.813035601
19100,639.4,0.5,133.547180909
19110,772.5,0.1,61.7894052041
19120,666.2,0.3,100.050181621
19130,655.7,0.6,144.143137671
19140,560.2,0.6,157.921145475
19150,505.8,0.5,120.502057131
19160,506.8,0.2,48.7681201225
19170,822.5,0.2,97.8584179742
19180,611.3,0.3,86.4422078018
19190,482.7,0.4,105.910365412
19200,418.3,0.7,153.706711624
19210,698.8,0.2,85.78072142
19220,422.1,0.6,123.593205837
19230,712.6,0.3,107.974747292
19240,759.6,0.2,93.3542441022
19250,667.9,0.5,134.395327726
19260,394.8,0.4,94.0330886664
19270,481.6,0.4,91.5537085834
19280,567.9,0.6,143.983563332
19290,568.7,0.6,141.935520782
19300,659.9,0.6,141.57132705
19310,524.9,0.4,92.6525945704
19320,556.6,0.6,130.903185344
19330,596.0,0.5,133.441078476
19340,421.5,0.8,165.184213707
19350,661.7,0.2,59.6077927807
19360,554.0,0.3,80.175794626
19370,658.1,0.3,91.2653452488
19380,449.6,0.8,182.019318766
19390,688.8,0.2,79.5991772733
19400,435.5,0.7,141.691214112
19410,621.3,0.5,119.185424169
19420,606.5,0.5,116.728695618
19430,701.2,0.5,125.121059557
19440,473.2,0.5,115.543132755
19450,528.7,0.6,114.518097897
19460,497.5,0.6,144.236846243
19470,669.1,0.6,149.830695216
19480,645.5,0.5,149.209270429
19490,569.3,0.5,126.42189853
19500,348.1,0.5,83.8937272003
19510,535.1,0.5,110.326975319
19520,386.2,0.8,157.714948804
19530,470.9,0.5,96.8117382911
19540,569.1,0.3,69.8652495752
19550,547.9,0.6,123.124947829
19560,431.0,0.6,128.232580028
19570,499.1,0.5,116.517715866
19580,463.3,0.2,51.4871010763
19590,581.4,0.6,139.241148808
19600,623.2,0.4,129.200420263
19610,702.5,0.5,133.797520242
19620,462.0,0.5,110.733746375
19630,787.5,0.2,90.7842957526
19640,706.1,0.1,62.8683256477
19650,733.2,0.1,49.8987946705
19660,495.2,0.4,87.6755227578
19670,650.1,0.4,118.755508839
19680,595.5,0.4,116.713996613
19690,638.7,0.5,120.751299128
19700,584.6,0.6,150.650872652
19710,405.9,0.8,152.291392289
19720,433.6,0.7,163.685904194
19730,651.1,0.5,141.761040027
19740,563.6,0.5,133.882360161
19750,583.9,0.6,155.32700819
19760,636.9,0.3,95.646220229
19770,573.6,0.6,138.899167582
19780,498.1,0.6,141.608213627
19790,405.0,0.3,65.456910932
19800,563.8,0.5,133.266898099
19810,565.0,0.7,156.787307101
19820,635.6,0.3,95.0250258343
19830,441.2,0.7,153.080375108
19840,627.2,0.3,88.7560948716
19850,378.5,0.8,170.276068419
19860,637.0,0.3,101.828864057
19870,497.7,0.5,113.937727183
19880,574.3,0.4,116.715580428
19890,613.4,0.6,150.285936319
19900,475.2,0.7,152.895072147
19910,432.4,0.8,158.553326842
19920,662.8,0.5,137.586062328
19930,638.8,0.6,145.260373066
19940,672.2,0.7,151.909035964
19950,653.5,0.4,115.409372135
19960,506.6,0.7,160.168606131
19970,402.0,0.8,157.381510561
19980,524.4,0.4,108.066942056
19990,496.3,0.4,99.8594000996
20000,462.8,0.6,125.922307619
20010,613.8,0.6,158.116345955
20020,449.3,0.6,131.767370909
20030,438.0,0.6,136.574087799
20040,751.4,0.4,128.317391026
20050,920.6,0.2,100.154050328
20060,729.8,0.3,95.2284561373
20070,498.0,0.5,111.138933008
20080,754.8,0.4,117.757080411
20090,473.5,0.6,111.429695544
20100,628.4,0.4,100.366182766
20110,787.3,0.4,124.78380885
20120,597.5,0.7,167.096104614
20130,448.1,0.7,150.531928879
20140,568.7,0.5,127.864500108
20150,624.8,0.3,92.2355076593
20160,647.8,0.3,82.2388324567
20170,514.4,0.6,140.658015021
20180,527.4,0.7,167.085347402
20190,553.6,0.4,112.925184888
20200,473.3,0.4,82.1298296631
20210,449.8,0.5,119.351980167
20220,702.5,0.3,102.857629322
20230,588.6,0.4,103.319820905
20240,679.1,0.5,135.879867394
20250,495.7,0.3,79.8687182876
20260,644.0,0.4,105.096404572
20270,629.1,0.6,151.621041734
20280,700.2,0.4,114.510133315
20290,472.8,0.5,103.495681302
20300,566.5,0.7,154.92567301
20310,514.3,0.6,145.276069549
20320,356.7,0.4,86.8271427595
20330,733.0,0.4,134.391691515
20340,643.4,0.6,133.175086538
20350,655.5,0.4,111.181125107
20360,608.6,0.5,114.827711149
20370,746.1,0.5,141.221849454
20380,440.1,0.8,165.823504631
20390,591.8,0.6,138.071474492
20400,820.0,0.4,122.701687238
20410,597.5,0.5,120.66163646
20420,633.9,0.6,129.94122004
20430,802.7,0.4,112.020262946
20440,502.0,0.6,150.766229719
20450,489.3,0.5,104.655885244
20460,540.4,0.7,167.611860444
20470,511.5,0.6,152.843775894
20480,523.1,0.7,138.657103522
20490,560.9,0.5,124.1220311
20500,500.6,0.7,147.883135896
20510,630.6,0.6,156.624779391
20520,568.2,0.5,136.290985748
20530,544.3,0.7,157.723577822
20540,655.2,0.6,148.020578073
20550,742.6,0.4,121.394697623
20560,401.2,0.9,168.273330107
20570,728.0,0.3,117.547072927
20580,483.1,0.8,157.690321156
20590,577.2,0.7,156.256568809
20600,654.2,0.4,116.551452771
20610,650.4,0.4,114.467189867
20620,876.4,0.4,125.56149435
20630,553.7,0.6,142.757716374
20640,649.9,0.5,143.406769625
20650,698.3,0.5,140.132132624
20660,661.6,0.5,131.50319451
20670,531.9,0.9,172.706169606
20680,601.7,0.6,151.001800262
20690,617.1,0.4,106.025004713
20700,862.5,0.2,97.3539615105
20710,591.3,0.6,128.878710112
20720,453.6,0.8,178.711132982
20730,603.0,0.7,176.784003137
20740,493.9,0.8,171.560988436
20750,658.9,0.5,138.13149513
20760,576.1,0.6,121.576367329
20770,465.5,0.8,168.739873669
20780,598.3,0.5,123.3884251
20790,565.5,0.7,165.473234269
20800,695.3,0.5,138.266828648
20810,628.7,0.7,155.238139467
20820,461.5,0.5,121.532210619
20830,762.7,0.4,133.621174731
20840,672.4,0.4,113.691632022
20850,637.8,0.5,124.678708434
20860,656.6,0.4,114.052335691
20870,622.6,0.6,158.452615908
20880,758.5,0.4,114.815422282
20890,513.8,0.6,141.196895733
20900,675.9,0.7,153.624436794
20910,600.1,0.7,148.172470016
20920,598.4,0.6,154.611427631
20930,616.1,0.4,102.008501426
20940,738.8,0.4,121.291417952
20950,625.9,0.5,117.126911272
20960,684.4,0.5,133.758207673
20970,839.0,0.3,123.05675629
20980,630.1,0.5,121.157063314
20990,785.5,0.2,92.9919233403
21000,623.4,0.5,131.149367225
21010,563.2,0.6,138.99749184
21020,599.3,0.5,133.725897687
21030,584.0,0.6,156.3654542
21040,720.9,0.3,104.618514246
21050,711.5,0.4,113.26299067
21060,639.7,0.6,167.763584919
21070,702.7,0.4,107.930134352
21080,540.0,0.6,144.679295129
21090,475.6,0.5,107.684482506
21100,637.8,0.3,95.2875993908
21110,564.8,0.4,104.71468622
21120,464.9,0.6,125.260332932
21130,667.6,0.5,129.513569027
21140,490.2,0.6,146.165488165
21150,719.2,0.4,111.40132103
21160,621.9,0.6,149.997804708
21170,638.4,0.6,142.800596941
21180,444.0,0.8,155.533247577
21190,511.4,0.5,114.798154778
21200,405.4,0.8,174.342867373
21210,574.4,0.7,162.384874111
21220,585.4,0.6,155.590048019
21230,737.4,0.5,145.818973775
21240,660.5,0.4,128.369991951
21250,354.9,0.7,125.471769917
21260,748.4,0.5,134.56836303
21270,602.5,0.8,171.424087206
21280,604.8,0.6,156.439090128
21290,636.9,0.6,155.598828875
21300,493.3,0.9,180.927272347
21310,702.4,0.4,128.39556064
21320,558.1,0.6,126.306665059
21330,531.6,0.7,154.895881673
21340,559.4,0.6,133.508298901
21350,768.0,0.4,129.759486852
21360,565.0,0.7,161.814443541
21370,666.5,0.4,109.63865897
21380,542.6,0.5,104.059845462
21390,457.5,0.6,145.849561805
21400,563.6,0.5,100.748759189
21410,630.0,0.6,149.309892653
21420,691.7,0.6,153.656995867
21430,576.5,0.7,146.665752879
21440,478.4,0.7,149.116187534
21450,718.7,0.5,146.682479871
21460,658.6,0.4,107.753236658
21470,675.5,0.6,150.70241903
21480,600.9,0.6,133.295658732
21490,460.5,0.5,112.99285203
21500,527.4,0.6,145.087007542
21510,735.9,0.4,116.65705981
21520,758.1,0.4,127.06401442
21530,478.4,0.7,158.48941884
21540,597.8,0.6,142.521162891
21550,830.0,0.3,108.818305648
21560,689.2,0.2,66.8892463747
21570,333.6,0.7,144.20305572
21580,533.6,0.5,108.028390757
21590,520.3,0.5,128.863855098
21600,678.8,0.4,99.9350728632
21610,731.3,0.3,104.135888758
21620,631.1,0.6,146.757746
21630,499.9,0.7,158.202044105
21640,603.1,0.7,153.288424601
21650,470.1,0.7,133.794564219
21660,620.2,0.7,173.201458571
21670,704.6,0.5,137.81891169
21680,639.2,0.3,85.6785968137
21690,574.4,0.7,149.620144773
21700,720.7,0.6,140.384984634
21710,598.6,0.6,152.345236071
21720,679.4,0.5,129.327387312
21730,503.3,0.6,134.869649265
21740,670.8,0.5,145.560634308
21750,615.0,0.7,167.989242875
21760,655.3,0.5,150.965904552
21770,615.9,0.7,160.695388093
21780,616.7,0.8,172.714587056
21790,598.4,0.6,153.973144888
21800,634.2,0.3,86.7533409688
21810,627.6,0.6,151.889014278
21820,771.4,0.4,123.174798435
21830,753.1,0.4,123.829690943
21840,639.0,0.6,142.798314451
21850,492.1,0.9,190.423454595
21860,693.2,0.3,105.283129554
21870,599.7,0.5,117.406522549
21880,542.0,0.7,155.064425086
21890,485.9,0.9,198.97568352
21900,467.2,0.7,170.118972718
21910,759.6,0.3,103.843902096
21920,679.4,0.6,159.522449616
21930,530.8,0.7,153.652579415
21940,489.6,0.8,175.094337961
21950,761.3,0.5,142.067569961
21960,736.6,0.4,129.989229901
21970,774.0,0.4,143.001040994
21980,688.2,0.5,144.124429184
21990,636.4,0.6,148.43588036
22000,521.9,0.7,145.195152344
22010,741.7,0.5,133.939100302
22020,591.7,0.8,177.118042868
22030,645.0,0.8,166.226026673
22040,702.4,0.5,131.42367243
22050,581.8,0.6,139.391799025
22060,569.9,0.8,174.421172494
22070,592.6,0.7,165.7293854
22080,749.5,0.4,121.935194837
22090,565.7,0.8,179.838524296
22100,580.2,0.6,139.822156977
22110,592.7,0.6,145.648055987
22120,738.5,0.3,97.3038269376
22130,549.5,0.7,158.254731973
22140,634.7,0.7,150.890341564
22150,510.2,0.7,158.560488045
22160,721.9,0.5,131.092872635
22170,647.3,0.6,153.056891614
22180,483.0,0.6,138.079888941
22190,524.9,0.7,146.193682778
22200,658.1,0.6,150.290310173
22210,611.1,0.6,128.837440988
22220,641.8,0.7,158.239276492
22230,623.7,0.6,154.963131726
22240,617.4,0.7,158.448305428
22250,667.5,0.6,130.773197094
22260,646.4,0.5,154.988319707
22270,787.8,0.4,128.893009857
22280,634.4,0.6,155.217874041
22290,702.9,0.5,137.875116879
22300,561.7,0.7,166.282698653
22310,461.5,0.9,197.858366955
22320,576.4,0.8,166.761534812
22330,543.4,0.8,174.113138054
22340,612.7,0.5,116.202475807
22350,715.6,0.6,141.388587904
22360,800.0,0.2,88.8313554218
22370,409.3,1.0,197.72400577
22380,820.9,0.4,109.629703251
22390,538.6,0.7,170.660881531
22400,799.9,0.3,118.042633262
22410,711.9,0.4,106.952394417
22420,687.1,0.5,134.359717619
22430,661.9,0.5,144.701394602
22440,631.1,0.7,167.964651188
22450,515.3,1.0,193.565258612
22460,607.1,0.6,153.377604133
22470,551.4,0.6,122.902695988
22480,792.4,0.4,125.458573736
22490,683.8,0.6,142.523682052
22500,607.1,0.7,154.063627339
22510,540.4,0.7,159.333665911
22520,564.5,0.7,156.8759745
22530,556.8,0.8,181.906767652
22540,616.5,0.6,164.827524242
22550,670.6,0.6,153.258162412
22560,464.4,0.9,195.025065298
22570,553.7,0.8,171.171978395
22580,559.9,0.8,172.640111329
22590,533.4,0.7,156.337297622
22600,604.3,0.7,156.389032529
22610,690.0,0.6,155.426712002
22620,550.7,0.6,142.546700171
22630,483.4,0.9,187.492267119
22640,582.5,0.5,111.985542626
22650,533.7,0.9,193.645578896
22660,779.1,0.5,129.634117818
22670,516.7,0.9,181.809998497
22680,559.0,0.7,168.934193771
22690,629.3,0.7,154.440767492
22700,687.8,0.5,138.771169756
22710,762.7,0.5,141.398258913
22720,541.7,0.8,175.8835069
22730,611.0,0.6,154.001425955
22740,659.5,0.7,167.924895823
22750,584.6,0.8,176.776897561
22760,698.2,0.4,111.935978115
22770,520.2,0.8,178.933292435
22780,479.1,0.9,198.203415888
22790,649.9,0.7,164.415743015
22800,534.3,0.7,157.73048957
22810,621.3,0.7,159.643087139
22820,644.5,0.6,156.344476324
22830,571.0,0.8,169.465410624
22840,769.8,0.5,139.681606198
22850,606.1,0.7,165.519586965
22860,575.2,0.7,166.535192912
22870,497.7,0.9,174.368308804
22880,593.1,0.8,173.478031637
22890,688.0,0.6,157.50227149
22900,435.6,0.9,190.416873168
22910,660.3,0.4,119.107944529
22920,546.5,0.9,186.481696184
22930,648.4,0.6,147.090783018
22940,588.0,0.6,157.619652303
22950,690.7,0.6,151.745778628
22960,698.0,0.6,152.053969704
22970,480.0,0.9,200.564719759
22980,655.8,0.6,155.062347049
22990,611.3,0.7,160.144858056
23000,584.2,0.7,152.424267119
23010,645.8,0.6,153.789843133
23020,668.8,0.6,146.321408534
23030,682.1,0.5,153.57691802
23040,500.9,0.8,169.923924429
23050,670.7,0.6,155.798018098
23060,702.2,0.6,151.200916553
23070,704.0,0.6,152.261446544
23080,652.7,0.7,172.278528101
23090,665.9,0.6,142.242272069
23100,722.1,0.7,170.420107053
23110,463.7,1.0,201.855701059
23120,636.8,0.7,161.084078516
23130,561.6,0.8,171.249507131
23140,580.8,0.8,154.99281127
23150,537.3,0.9,181.841577374
23160,571.0,0.9,187.477362618
23170,573.8,0.8,169.336220733
23180,758.0,0.6,150.834513277
23190,653.5,0.6,164.554085807
23200,439.1,0.9,201.070224651
23210,517.4,0.8,176.696146227
23220,610.7,0.7,159.484286413
23230,650.4,0.6,156.636096615
23240,678.5,0.6,144.287581486
23250,638.0,0.6,155.005958711
23260,745.0,0.5,142.858957333
23270,751.0,0.5,144.269146728
23280,742.2,0.5,127.608583209
23290,493.4,0.9,186.258100448
23300,762.0,0.4,124.238530706
23310,531.2,0.8,178.056568379
23320,900.0,0.3,110.755556074
23330,608.2,0.7,170.876777052
23340,703.7,0.5,145.729462631
23350,430.0,1.0,200.948707453
23360,717.8,0.5,144.618743897
23370,484.3,0.9,200.085879848
23380,517.3,0.7,170.59940545
23390,503.3,0.9,192.019947238
23400,492.8,0.9,204.137990052
23410,676.2,0.6,157.353798623
23420,546.3,0.9,191.230791527
23430,525.7,0.5,121.408503804
23440,667.7,0.6,148.805509452
23450,510.7,0.9,195.767518632
23460,776.9,0.4,127.065698234
23470,787.6,0.5,125.201987292
23480,681.7,0.4,128.258969137
23490,767.9,0.4,131.806365932
23500,587.3,0.8,173.619888988
23510,860.6,0.3,112.432862077
23520,653.2,0.6,161.27586663
23530,621.3,0.7,172.141331008
23540,602.1,0.7,178.320918477
23550,567.2,0.7,177.416806701
23560,603.8,0.7,157.442832349
23570,439.1,1.0,208.817167858
23580,481.4,0.9,200.968641219
23590,620.9,0.7,165.94324867
23600,654.5,0.6,154.619656556
23610,635.9,0.7,167.762514965
23620,608.2,0.8,173.342881576
23630,448.6,0.8,166.392734006
23640,693.0,0.6,158.555296214
23650,510.2,0.8,175.251170409
23660,656.6,0.6,146.834946398
23670,516.6,0.8,176.286692075
23680,642.9,0.6,152.598385863
23690,659.0,0.6,152.259739669
23700,566.4,0.8,179.293226802
23710,583.7,0.7,180.635762247
23720,763.4,0.4,122.238563223
23730,605.1,0.7,168.212357216
23740,642.8,0.7,170.441292785
23750,690.3,0.6,153.301881012
23760,759.2,0.4,128.218794837
23770,584.2,0.7,167.5414184
23780,610.0,0.7,171.922921138
23790,640.7,0.7,171.912136012
23800,583.8,0.7,157.024379984
23810,574.3,0.7,155.653763309
23820,645.3,0.6,151.392496155
23830,531.6,0.8,178.256193148
23840,676.4,0.6,156.645012447
23850,592.5,0.7,155.612603897
23860,693.5,0.7,162.487859143
23870,565.8,0.7,166.408723239
23880,492.4,0.9,182.771223313
23890,621.4,0.7,155.593288712
23900,698.1,0.6,145.874401618
23910,746.0,0.6,151.866324735
23920,678.0,0.8,169.535518853
23930,671.1,0.7,169.884838925
23940,652.8,0.6,152.072656305
23950,811.7,0.5,146.403736002
23960,602.1,0.8,171.814233452
23970,773.4,0.4,131.603305972
23980,647.6,0.6,150.630705743
23990,602.6,0.7,176.376563994
24000,634.9,0.7,160.014625447
24010,584.5,0.8,181.842010273
24020,644.5,0.6,156.801789258
24030,518.2,0.8,176.087602582
24040,643.7,0.7,168.649044324
24050,482.9,1.0,211.807887687
24060,613.6,0.8,176.544422445
24070,612.6,0.7,158.168428015
24080,617.6,0.7,172.094363939
24090,750.1,0.4,138.010305219
24100,696.4,0.6,165.116531696
24110,588.0,0.7,166.59540562
24120,488.7,0.9,195.649229642
24130,640.3,0.6,152.215961773
24140,503.2,0.9,188.560802816
24150,691.4,0.7,173.874382975
24160,668.6,0.6,159.835649964
24170,723.4,0.7,169.101767441
24180,668.3,0.6,150.978021003
24190,439.2,1.0,193.565302566
24200,618.0,0.7,162.885777561
24210,697.5,0.5,143.320283432
24220,656.1,0.7,157.603945934
24230,811.7,0.3,130.82458712
24240,767.8,0.4,127.915688213
24250,690.6,0.6,153.069701025
24260,721.4,0.7,163.358213007
24270,588.5,0.8,183.836213544
24280,636.8,0.7,167.894729231
24290,507.6,0.7,167.592509027
24300,745.9,0.5,155.805200322
24310,441.6,1.0,199.806767717
24320,722.1,0.6,152.799688767
24330,684.9,0.8,184.914366291
24340,825.9,0.4,121.051556692
24350,584.9,0.8,184.008898857
24360,659.6,0.7,165.549312923
24370,504.7,0.9,195.832380775
24380,471.2,0.9,185.381438795
24390,637.2,0.6,157.915671225
24400,503.6,0.8,157.533325434
24410,547.5,0.8,190.895604982
24420,619.5,0.7,170.980624568
24430,443.0,1.0,206.868330455
24440,606.3,0.7,180.028401935
24450,657.6,0.5,142.856105674
24460,619.8,0.5,140.243973584
24470,832.0,0.3,112.71455088
24480,772.6,0.4,134.188250296
24490,595.6,0.7,172.348277271
24500,679.5,0.7,155.247375443
24510,674.5,0.7,159.824025939
24520,659.6,0.6,150.650258906
24530,701.7,0.5,144.564343972
24540,617.7,0.5,141.100531134
24550,787.3,0.5,140.189774257
24560,797.7,0.4,131.429796642
24570,862.2,0.3,112.918542476
24580,629.5,0.7,175.398404162
24590,687.6,0.5,148.063608445
24600,600.0,0.7,169.851032372
24610,520.7,0.9,187.467187833
24620,580.4,0.9,178.122406747
24630,744.0,0.6,156.815889772
24640,546.8,0.9,199.003236362
24650,638.3,0.7,160.781474572
24660,755.0,0.4,125.14234561
24670,574.1,0.8,188.22006194
24680,531.8,0.9,186.116609569
24690,597.1,0.7,176.428978939
24700,544.5,0.9,207.809727937
24710,552.1,0.8,194.48187076
24720,625.4,0.7,163.91958934
24730,582.3,0.8,189.599556417
24740,563.7,0.8,180.129741917
24750,703.9,0.5,147.375220554
24760,800.0,0.4,130.385637489
24770,784.9,0.5,152.044527562
24780,509.6,0.9,190.725223276
24790,490.1,0.9,196.417038304
24800,534.9,0.7,169.659951116
24810,658.8,0.6,156.355765091
24820,729.6,0.5,160.801561994
24830,488.5,0.9,192.754834347
24840,575.2,0.8,184.204392587
24850,701.2,0.6,152.609521137
24860,692.1,0.6,147.849048447
24870,643.8,0.6,143.159367931
24880,608.9,0.7,179.720134242
24890,704.7,0.5,132.632642826
24900,492.2,0.8,178.469443719
24910,707.6,0.6,157.856430093
24920,513.0,0.8,189.833079286
24930,477.6,0.9,186.167606419
24940,516.9,0.8,185.798697975
24950,446.0,0.9,201.577600007
24960,677.5,0.6,158.635360546
24970,684.5,0.6,139.141644251
24980,688.5,0.7,161.519401955
24990,554.2,0.8,177.502954729
25000,709.8,0.5,147.280548424
25010,491.4,0.9,194.020338334
25020,518.2,0.8,190.439493131
25030,652.4,0.7,163.59407234
25040,624.0,0.7,170.20232865
25050,530.1,0.8,178.50090029
25060,582.4,0.7,169.335314135
25070,491.8,0.7,154.71529689
25080,517.9,0.8,180.791278594
25090,603.9,0.8,176.970262176
25100,715.6,0.5,139.140008835
25110,684.6,0.6,135.520318688
25120,668.1,0.7,173.071912655
25130,648.0,0.6,147.544103985
25140,732.7,0.7,158.298363175
25150,547.3,0.8,170.583472363
25160,548.3,0.8,195.529326219
25170,691.8,0.6,158.367226093
25180,728.6,0.5,145.042713636
25190,430.4,0.9,199.785029771
25200,446.1,0.8,182.81631408
25210,633.0,0.7,157.349344252
25220,689.3,0.5,137.431477305
25230,564.7,0.6,149.713756955
25240,666.8,0.6,153.263570229
25250,538.0,0.8,168.998307265
25260,592.1,0.7,174.89533019
25270,814.3,0.4,112.919399485
25280,487.5,0.9,195.104010997
25290,732.0,0.6,161.509346644
25300,627.8,0.5,142.519954877
25310,635.1,0.7,163.037973052
25320,519.4,0.9,193.607020058
25330,641.8,0.6,164.898398731
25340,646.1,0.6,162.496296048
25350,610.6,0.8,171.538541227
25360,652.0,0.6,149.903846064
25370,638.6,0.7,164.124586427
25380,629.4,0.7,169.892109811
25390,561.7,0.6,136.790565582
25400,655.3,0.6,166.715750741
25410,713.9,0.5,153.823116937
25420,517.8,0.8,189.202340001
25430,573.1,0.8,183.834109699
25440,538.8,0.9,192.822246258
25450,534.3,0.8,183.58460039
25460,759.0,0.4,125.885249882
25470,684.1,0.6,156.229217949
25480,582.2,0.8,180.526944381
25490,784.6,0.4,126.966344713
25500,524.9,0.8,178.944331919
25510,729.7,0.5,147.233639457
25520,644.8,0.6,149.973607756
25530,661.9,0.8,174.240266139
25540,688.5,0.6,147.818599348
25550,490.3,0.9,178.468979487
25560,699.8,0.5,132.922402618
25570,526.2,0.9,201.872498119
25580,773.2,0.5,139.833417213
25590,528.0,0.8,166.465207015
25600,619.2,0.8,174.191657277
25610,617.6,0.6,156.699877857
25620,642.8,0.6,150.865780453
25630,461.7,0.8,170.028186479
25640,542.7,0.7,155.324925403
25650,610.1,0.5,145.755630501
25660,842.9,0.5,139.88007862
25670,500.6,0.8,170.492382848
25680,565.5,0.8,180.482265478
25690,642.1,0.7,178.456451785
25700,682.1,0.8,184.004978102
25710,742.6,0.5,145.239630775
25720,612.2,0.7,166.395515208
25730,670.0,0.6,150.030478825
25740,471.0,0.8,165.626919851
25750,566.7,0.8,179.976804983
25760,639.8,0.6,147.712406015
25770,454.3,0.9,201.26008385
25780,579.2,0.9,193.186063248
25790,703.4,0.5,135.434849188
25800,580.8,0.8,170.781699399
25810,755.4,0.4,122.85253351
25820,691.7,0.6,157.090223106
25830,761.5,0.4,138.137681138
25840,640.2,0.7,165.967104301
25850,512.2,1.0,195.832573231
25860,676.2,0.6,168.950496618
25870,536.7,0.9,184.803731598
25880,748.9,0.6,149.64440771
25890,757.3,0.5,148.371142817
25900,709.9,0.5,147.02261052
25910,632.4,0.8,190.646528854
25920,485.9,0.9,185.016445018
25930,480.8,0.9,190.07424784
25940,586.8,0.7,157.013362436
25950,604.3,0.7,174.528308252
25960,582.3,0.5,132.50749701
25970,552.3,0.8,162.935159102
25980,609.3,0.7,162.294894775
25990,598.1,0.6,150.308460641
26000,698.6,0.6,161.204750411
26010,721.6,0.5,144.946841261
26020,496.6,1.0,210.242552058
26030,687.8,0.6,164.559159538
26040,686.8,0.6,160.679888459
26050,681.0,0.5,151.261010588
26060,535.4,0.8,173.277850685
26070,616.0,0.7,166.958786462
26080,762.4,0.5,147.985962072
26090,572.7,0.7,164.930927998
26100,582.9,0.7,167.369549304
26110,427.4,0.8,177.489762591
26120,528.9,0.9,187.259626774
26130,718.8,0.5,140.359935085
26140,585.4,0.8,188.624795522
26150,495.5,0.7,166.251379378
26160,561.8,0.8,190.32458532
26170,615.7,0.8,199.382955575
26180,702.6,0.5,150.025792996
26190,506.1,0.9,193.276901805
26200,510.3,0.8,190.013184865
26210,834.8,0.3,116.390100017
26220,489.7,0.9,180.785121024
26230,519.6,0.8,185.060587678
26240,572.2,0.6,149.592457495
26250,708.5,0.5,156.124949444
26260,556.2,0.6,139.108502653
26270,648.0,0.7,160.213226113
26280,656.9,0.7,162.85535573
26290,613.6,0.5,132.467640139
26300,764.8,0.4,133.667658975
26310,669.0,0.6,157.372057015
26320,552.8,0.7,151.781634825
26330,548.1,0.7,159.179449219
26340,655.4,0.6,157.60131937
26350,921.0,0.3,124.247454233
26360,562.0,0.9,193.584140134
26370,833.5,0.4,138.708228492
26380,537.7,0.6,147.25338056
26390,509.6,0.8,179.035846309
26400,574.8,0.9,192.824885781
26410,561.6,0.5,125.440977164
26420,540.6,0.8,176.479179167
26430,600.2,0.7,176.89007663
26440,474.6,0.9,199.877689207
26450,644.4,0.7,180.801138824
26460,531.4,0.8,187.447839991
26470,596.7,0.8,182.591579723
26480,521.7,0.9,197.095468689
26490,517.2,1.0,203.743568273
26500,458.6,1.0,204.806408426
26510,647.2,0.6,155.584201924
26520,623.6,0.7,170.532358962
26530,505.8,0.8,192.228006904
26540,528.0,0.9,182.958652866
26550,437.9,0.8,164.934000346
26560,488.5,0.7,157.251839352
26570,675.6,0.6,153.650311921
26580,633.1,0.8,180.524597616
26590,747.1,0.6,177.147157566
26600,561.1,0.9,186.595077475
26610,541.3,0.8,190.634060623
26620,601.5,0.6,149.05843551
26630,591.1,0.7,171.833362887
26640,603.7,0.8,190.026071397
26650,533.0,0.8,179.492601844
26660,473.3,0.9,198.524171866
26670,479.3,0.9,209.894433479
26680,512.7,0.8,182.802521703
26690,524.2,0.9,189.195109181
26700,561.9,0.9,177.806358026
26710,594.0,0.9,191.896125256
26720,582.7,0.8,181.323467909
26730,582.9,0.8,196.115620818
26740,555.9,0.7,172.748558435
26750,500.6,0.9,200.55613724
26760,466.3,0.9,196.070732826
26770,537.7,0.9,184.554414783
26780,515.6,0.8,189.664405339
26790,575.6,0.8,175.548475259
26800,496.8,0.8,182.440428105
26810,572.0,0.8,180.222968682
26820,652.5,0.7,171.409022123
26830,554.6,0.8,182.278336022
26840,675.9,0.5,147.930308224
26850,416.4,0.9,189.316616382
26860,527.7,0.8,193.616152449
26870,420.6,0.8,182.086534817
26880,596.2,0.8,173.326919181
26890,613.6,0.6,167.577841869
26900,615.7,0.6,147.11168398
26910,577.3,0.8,164.69670623
26920,643.6,0.8,166.50090695
26930,545.5,0.9,189.693731317
26940,521.7,0.7,165.99859814
26950,452.0,0.9,178.28634648
26960,526.0,0.8,192.257309309
26970,560.1,0.6,136.740994743
26980,482.1,0.9,197.435915715
26990,525.0,0.7,155.993084479
27000,509.1,0.8,182.070864316
27010,530.8,0.8,175.051244611
27020,766.5,0.4,146.414326365
27030,526.5,0.8,178.852313214
27040,620.7,0.6,156.533177601
27050,516.8,0.9,194.449241681
27060,478.7,0.8,164.736358754
27070,628.1,0.7,176.186583206
27080,643.2,0.7,162.007274788
27090,526.8,0.8,186.059449195
27100,555.8,0.8,191.991309715
27110,632.2,0.6,151.555573098
27120,666.8,0.7,170.064485425
27130,606.6,0.8,188.244942605
27140,472.7,0.9,198.897606425
27150,542.8,0.8,184.336670635
27160,631.2,0.7,174.998329289
27170,532.4,0.7,162.918683658
27180,568.7,0.8,178.687876632
27190,723.8,0.7,164.572607896
27200,678.0,0.6,155.585653709
27210,618.3,0.7,174.557095807
27220,650.2,0.6,159.172588192
27230,578.0,0.7,184.57255303
27240,581.0,0.8,163.627824825
27250,551.2,0.8,184.131999917
27260,399.9,0.9,187.376497467
27270,587.0,0.7,159.927668192
27280,616.8,0.6,143.37570947
27290,499.0,1.0,206.385480819
27300,523.6,0.7,161.281221858
27310,585.7,0.7,169.405132197
27320,519.4,0.7,151.500421561
27330,638.7,0.6,153.722278098
27340,619.2,0.7,171.357681517
27350,473.3,1.0,206.233266946
27360,555.3,0.8,178.792697856
27370,609.4,0.7,184.905688927
27380,554.4,0.8,169.880330689
27390,482.6,0.8,179.940863646
27400,571.5,0.8,184.508500478
27410,553.5,1.0,196.551296746
27420,604.5,0.7,161.87293631
27430,566.9,0.8,171.622963376
27440,479.5,0.6,145.028909055
27450,649.8,0.6,160.346704856
27460,545.6,0.8,187.829866216
27470,607.2,0.6,165.79917842
27480,476.1,0.9,179.086263463
27490,588.3,0.9,196.417796631
27500,645.8,0.7,175.720783465
27510,698.8,0.6,152.819820334
27520,564.4,0.8,183.733780773
27530,523.4,1.0,189.328243576
27540,577.4,0.8,177.80753949
27550,848.0,0.5,137.918789041
27560,637.2,0.6,165.525357718
27570,797.5,0.5,143.555277409
27580,623.5,0.6,151.836971258
27590,599.8,0.4,117.234958094
27600,603.9,0.8,182.751470759
27610,595.3,0.7,166.876407167
27620,591.0,0.7,154.556016919
27630,612.4,0.6,142.24818397
27640,647.8,0.7,173.077467788
27650,534.1,0.7,158.825854393
27660,643.5,0.8,170.415743477
27670,423.8,0.9,176.298118645
27680,579.1,0.8,176.392799203
27690,484.8,0.9,188.849889574
27700,549.8,0.8,179.341363573
27710,723.9,0.6,158.601385835
27720,694.2,0.7,159.466622665
27730,453.2,1.0,211.992743842
27740,634.7,0.9,187.077747179
27750,622.7,0.8,191.931267521
27760,646.5,0.6,148.6952785
27770,477.7,0.9,190.988675515
27780,527.2,0.7,157.626670719
27790,623.2,0.8,185.274507966
27800,540.4,0.9,192.030724733
27810,607.6,0.7,165.946806546
27820,613.3,0.7,164.329469113
27830,532.7,0.8,181.771224246
27840,616.5,0.7,171.982684759
27850,485.5,1.0,210.593763794
27860,563.6,0.8,169.990049727
27870,433.0,0.8,178.404282016
27880,545.3,0.7,146.814267692
27890,582.6,0.8,179.657851618
27900,553.3,0.8,176.156974375
27910,533.5,0.8,191.258762045
27920,525.9,0.9,180.838997503
27930,565.3,0.6,154.248365904
27940,423.1,0.9,181.095142773
27950,506.5,0.8,171.432675898
27960,458.6,1.0,211.0247143
27970,498.8,1.0,202.902553076
27980,625.1,0.3,98.4540060567
27990,597.5,0.7,173.353924277
28000,638.3,0.8,183.863032416
28010,587.6,0.6,151.747939661
28020,403.1,1.0,207.777709183
28030,496.4,0.6,145.942598013
28040,441.7,0.9,203.236689095
28050,363.8,0.9,191.522663543
28060,523.4,0.8,177.064242121
28070,577.0,0.7,160.378839474
28080,493.7,0.9,207.306676123
28090,636.9,0.8,180.028878216
28100,738.5,0.5,148.576167859
28110,620.4,0.8,183.805570964
28120,608.8,0.7,181.483205403
28130,562.8,0.6,152.187230683
28140,547.2,0.9,199.378245362
28150,467.5,0.9,192.204706136
28160,590.3,0.8,175.330812222
28170,556.6,0.8,175.030766772
28180,501.5,0.9,189.191270607
28190,405.2,1.0,214.912258211
28200,598.9,0.8,175.523735528
28210,489.8,1.0,214.587574024
28220,845.2,0.3,124.076068414
28230,476.9,0.9,198.980513198
28240,404.4,0.8,166.212101193
28250,690.6,0.6,154.215944943
28260,547.0,0.8,185.636517538
28270,569.0,0.8,171.453071933
28280,513.8,0.9,196.201274258
28290,675.3,0.7,161.285052666
28300,644.3,0.7,142.96753513
28310,621.1,0.7,169.84032505
28320,470.0,1.0,210.094300292
28330,593.4,1.0,193.200528434
28340,540.1,0.8,187.184117105
28350,708.7,0.5,147.015926056
28360,464.8,0.9,203.774313846
28370,588.0,0.7,172.11989578
28380,561.3,0.7,146.522745141
28390,522.6,0.9,195.924030087
28400,558.4,0.8,173.298549592
28410,606.9,0.7,174.813014189
28420,629.2,0.7,161.889997682
28430,527.7,0.9,193.615569771
28440,450.8,1.0,202.10972871
28450,457.2,0.8,176.426147919
28460,710.9,0.6,151.572890805
28470,435.0,1.0,198.419787535
28480,725.2,0.6,156.351442488
28490,410.3,0.9,194.429086883
28500,435.7,0.9,193.489365397
28510,566.2,0.8,189.437364241
28520,566.1,0.8,195.281757266
28530,632.6,0.7,163.035394914
28540,527.7,0.8,194.008693423
28550,600.2,0.7,168.122520259
28560,449.7,0.8,178.978830457
28570,658.3,0.6,163.348499091
28580,590.8,0.9,177.771555199
28590,500.6,1.0,207.313393627
28600,592.7,0.7,175.948143526
28610,747.5,0.6,156.014545758
28620,637.6,0.7,170.075976143
28630,619.7,0.6,160.78447372
28640,491.0,0.9,185.051147452
28650,626.3,0.8,172.614029362
28660,548.2,0.9,193.396021394
28670,588.8,0.9,191.894732962
28680,621.2,0.8,184.0271714
28690,559.6,0.9,188.856398416
28700,566.6,0.8,196.599693538
28710,553.5,0.8,174.522119031
28720,370.6,0.9,184.668520215
28730,676.3,0.7,166.502050945
28740,553.6,0.9,195.634663504
28750,516.8,0.9,199.531212386
28760,475.7,0.9,188.447772863
28770,654.5,0.7,164.11840375
28780,461.0,0.9,203.135915961
28790,640.3,0.6,157.861534975
28800,543.8,0.8,176.647499562
28810,589.5,0.9,178.757865542
28820,615.9,0.8,172.308507369
28830,661.4,0.6,152.3014171
28840,538.8,0.8,174.163520628
28850,663.4,0.7,173.508177919
28860,590.3,0.8,184.833543703
28870,560.2,0.9,205.574923877
28880,536.3,0.9,184.955850019
28890,511.9,0.9,203.927154692
28900,578.4,0.8,195.971244644
28910,647.3,0.7,173.907987669
28920,574.7,1.0,203.416889923
28930,727.9,0.5,146.883116435
28940,434.5,1.0,199.964113553
28950,540.8,0.8,179.296990253
28960,470.9,1.0,205.589583339
28970,532.8,0.8,191.373949226
28980,537.4,0.9,186.520858047
28990,446.8,0.9,212.535850711
29000,491.0,0.9,189.081137108
29010,547.1,0.9,181.60757638
29020,488.3,0.8,175.430411929
29030,604.5,0.4,121.223134052
29040,585.4,0.8,192.338398773
29050,464.0,0.8,179.25972731
29060,637.9,0.6,147.440277582
29070,436.6,1.0,213.333467915
29080,694.9,0.6,153.227467944
29090,463.7,0.9,197.16431452
29100,524.9,0.9,195.388916155
29110,621.7,0.8,183.354758662
29120,629.1,0.8,170.715215476
29130,693.0,0.7,163.647007866
29140,463.9,1.0,210.020692179
29150,559.1,1.0,199.829832455
29160,606.1,0.8,177.589195313
29170,667.6,0.7,160.94486028
29180,474.5,0.9,190.676653921
29190,595.3,0.5,121.137143077
29200,653.9,0.6,153.47900125
29210,505.4,0.7,157.910658505
29220,668.3,0.8,182.400649632
29230,618.5,0.8,169.157639031
29240,559.2,0.8,195.786260322
29250,631.8,0.6,156.699190211
29260,587.6,0.7,170.946207011
29270,441.2,0.8,173.550062548
29280,544.0,0.9,186.564550924
29290,414.7,1.0,202.20216239
29300,455.8,1.0,218.827780913
29310,647.1,0.6,166.255193459
29320,485.4,0.9,205.096307411
29330,591.4,0.8,176.784533875
29340,588.5,0.8,177.147331482
29350,433.9,0.9,186.607775275
29360,621.1,0.7,162.701526377
29370,572.7,0.8,186.976138225
29380,593.8,0.8,181.365004877
29390,417.4,0.8,162.605388648
29400,462.2,0.9,187.329574254
29410,512.9,0.7,163.418524809
29420,477.5,0.8,175.335425107
29430,640.9,0.7,174.546645585
29440,549.4,0.6,142.707945233
29450,578.5,0.9,191.430478131
29460,624.5,0.7,161.93857522
29470,541.0,0.9,189.125677307
29480,515.6,0.9,189.693368537
29490,531.8,0.9,188.323733383
29500,475.3,0.9,195.379379542
29510,680.2,0.5,147.80752685
29520,539.5,0.9,195.183044453
29530,551.9,0.8,176.374019726
29540,701.1,0.6,156.610183031
29550,589.3,0.7,181.248776233
29560,607.2,0.8,169.961358391
29570,630.7,0.8,187.446294372
29580,552.8,0.9,180.42510417
29590,558.1,0.8,174.480037227
29600,540.8,0.7,162.988179966
29610,528.1,0.9,202.349853014
29620,648.3,0.6,163.858177927
29630,501.7,1.0,212.490556936
29640,533.9,0.8,187.224267741
29650,443.2,1.0,211.832716315
29660,497.5,0.8,160.324277733
29670,680.2,0.7,156.572889781
29680,625.3,0.7,170.405395732
29690,544.1,0.9,195.951776234
29700,587.6,0.7,177.123574606
29710,596.4,0.7,168.606156634
29720,579.1,0.7,180.715659742
29730,649.3,0.6,168.357660134
29740,629.6,0.7,174.275296841
29750,572.7,0.8,171.043835378
29760,656.1,0.7,176.564795934
29770,424.9,0.7,165.041102801
29780,470.2,1.0,203.605412366
29790,570.5,0.6,143.489782378
29800,460.7,0.9,182.877936225
29810,511.7,0.8,177.131864514
29820,442.4,0.9,182.229181262
29830,585.1,0.7,159.969065933
29840,642.1,0.5,131.126711804
29850,477.5,0.8,169.688176923
29860,579.3,1.0,195.336961739
29870,506.4,0.8,184.091648053
29880,440.2,0.9,194.696492918
29890,592.7,0.8,185.238802058
29900,609.0,0.7,162.682610916
29910,602.6,0.9,199.149142364
29920,517.1,0.9,202.663022855
29930,556.9,0.8,170.704484075
29940,671.4,0.7,173.971617428
29950,555.0,0.7,164.468515147
29960,503.1,0.9,190.687856892
29970,579.5,0.7,165.970391184
29980,586.1,0.7,172.795979684
29990,587.5,0.7,168.782942181
30000,627.7,0.7,182.498015847
