20,79.4,0.0,-260.491177077
40,96.9,0.0,-311.379234146
60,97.1,0.0,-296.95853596
80,130.55,0.0,-327.469071463
100,106.75,0.0,-279.751824671
120,129.9,0.0,-328.740126971
140,111.95,0.0,-286.345908778
160,121.65,0.0,-271.935777965
180,142.85,0.0,-281.913325354
200,162.9,0.0,-268.368881167
220,124.5,0.0,-265.351298697
240,136.1,0.0,-237.436217477
260,132.0,0.0,-206.124637008
280,133.2,0.0,-164.121959996
300,135.0,0.0,-155.745443019
320,154.05,0.0,-150.235089808
340,146.85,0.0,-158.962147736
360,147.85,0.0,-125.768230206
380,173.65,0.0,-115.178724172
400,257.0,0.0,-107.671539181
420,294.25,0.0,-168.42061833
440,286.5,0.0,-127.507539259
460,439.55,0.0,-196.331281528
480,487.2,0.0,-144.445067369
500,628.9,0.0,-194.09006077
520,522.9,0.0,-126.183779457
540,410.8,0.0,-73.2160103264
560,440.15,0.0,-80.3068670975
580,427.55,0.0,-64.139222121
600,298.1,0.0,-52.4771272901
620,314.5,0.0,-53.4137311271
640,303.6,0.0,-45.1492156452
660,458.05,0.0,-63.7991403179
680,485.15,0.0,-52.6282000804
700,607.25,0.0,-65.2694064267
720,669.7,0.0,-90.5149934908
740,828.7,0.0,-67.7363390814
760,916.15,0.0,-51.6622718645
780,781.9,0.0,-31.2873955283
800,665.75,0.0,-10.711981845
820,357.35,0.0,-20.5528254177
840,347.35,0.0,-16.4462217582
860,272.25,0.0,-28.2975866399
880,185.6,0.0,-47.2617988227
900,183.2,0.0,-42.3128188391
920,230.15,0.0,-40.9556579479
940,344.85,0.05,-23.9589870394
960,330.05,0.0,-24.1662232958
980,225.2,0.0,-43.6186947185
1000,307.65,0.0,-28.7204748757
1020,357.65,0.0,-6.61872474114
1040,327.9,0.0,-23.8591394709
1060,578.4,0.05,15.6295146762
1080,602.1,0.05,7.09226129956
1100,745.35,0.0,8.33732063764
1120,769.05,0.0,10.2058523866
1140,862.85,0.0,15.1775762012
1160,882.85,0.0,43.7347928611
1180,817.6,0.0,35.3901399199
1200,730.8,0.0,32.0782976448
1220,786.6,0.0,28.5133909486
1240,709.6,0.05,19.2728455132
1260,690.8,0.0,-3.9336626399
1280,597.6,0.0,-19.8260550409
1300,642.45,0.15,23.6486868277
1320,698.9,0.0,20.8845263627
1340,442.85,0.1,-11.1611718293
1360,670.25,0.1,17.6118948181
1380,553.35,0.1,6.93344147495
1400,423.05,0.1,-12.7191764381
1420,501.8,0.15,6.74400518496
1440,474.95,0.35,43.9790031084
1460,397.75,0.3,4.39098933565
1480,450.55,0.3,10.5865568432
1500,487.15,0.6,57.3275252729
1520,455.45,0.6,58.0311601657
1540,527.35,0.55,42.3516062905
1560,603.7,0.8,97.1234501484
1580,589.0,0.75,98.4254587966
1600,591.45,0.9,142.020435905
1620,580.95,0.9,134.299845777
1640,540.6,1.0,177.320176639
1660,501.6,0.85,138.292969383
1680,514.85,0.85,126.141597361
1700,480.1,0.75,96.9046603149
1720,440.05,0.65,74.6545330264
1740,413.45,0.6,68.4969245941
1760,420.75,0.6,61.0324244225
1780,403.65,0.6,78.6811271407
1800,412.1,0.7,96.5444220986
1820,422.45,0.7,102.228420025
1840,456.15,0.6,64.6717937258
1860,440.55,0.75,108.45191305
1880,440.3,0.65,90.4372830868
1900,455.8,0.7,93.3225794929
1920,508.3,0.85,128.056047815
1940,486.8,0.8,110.28207202
1960,495.2,0.85,126.230469956
1980,509.95,0.8,118.176942069
2000,498.7,0.85,129.745140489
2020,426.7,0.85,142.870523624
2040,428.25,0.95,177.078697499
2060,390.35,0.85,158.414839568
2080,328.4,0.85,176.836996272
2100,317.3,0.8,169.571645257
2120,326.2,0.8,160.7843885
2140,302.3,0.9,187.061508198
2160,312.3,0.7,142.457709864
2180,284.25,0.65,126.428371065
2200,280.35,0.75,159.138762053
2220,289.55,0.8,152.911961663
2240,313.55,0.85,166.480549986
2260,296.45,0.85,177.207728202
2280,314.7,0.7,124.692911906
2300,368.55,0.85,149.340318541
2320,350.55,0.85,166.726426393
2340,410.95,0.9,159.920795204
2360,441.2,0.9,150.753567148
2380,443.8,0.95,164.248980504
2400,446.6,0.95,168.489992001
2420,413.2,0.9,157.846025653
2440,446.8,0.95,165.776322603
2460,485.4,0.85,138.209533933
2480,437.7,1.0,193.313848812
2500,455.85,1.0,182.34400785
2520,410.85,0.9,161.980145955
2540,418.5,1.0,184.331363438
2560,408.55,0.95,177.355990194
2580,383.2,1.0,199.077018336
2600,409.95,0.95,185.842703582
2620,397.15,1.0,200.558247403
2640,366.25,0.9,182.25751241
2660,338.9,0.75,152.405038905
2680,346.4,0.8,161.293351275
2700,341.3,0.9,179.402587467
2720,326.7,0.75,141.497857908
2740,336.25,0.75,138.945061397
2760,348.5,0.85,169.160460187
2780,326.0,0.7,130.409922829
2800,313.65,0.55,89.0511956816
2820,358.6,0.8,145.628658418
2840,366.3,0.85,161.644413808
2860,331.0,0.75,137.814919986
2880,402.85,0.9,163.617929741
2900,333.55,0.8,156.751180559
2920,327.95,0.9,187.116731857
2940,319.5,0.95,203.481649601
2960,287.85,0.6,120.229342387
2980,316.9,0.7,140.705773548
3000,325.2,0.95,201.514597207
3020,362.05,0.8,147.399502434
3040,306.7,0.85,158.64335231
3060,323.7,0.8,158.776431119
3080,305.9,0.65,96.1470570277
3100,300.95,0.75,138.129594678
3120,290.9,0.45,58.8776362913
3140,337.4,0.6,79.9617119138
3160,316.3,0.65,105.691435042
3180,380.6,0.75,132.545658687
3200,292.5,0.85,177.230524158
3220,309.3,0.8,141.759016612
3240,349.85,0.8,143.001205432
3260,330.2,0.95,191.603157259
3280,296.55,0.75,143.513799189
3300,334.75,0.8,157.651163199
3320,329.1,0.7,139.76454723
3340,312.05,0.9,185.647424027
3360,329.3,0.8,161.84716355
3380,310.75,0.95,195.306466494
3400,319.25,1.0,214.272470656
3420,343.65,0.95,198.068032182
3440,311.7,0.9,191.167572383
3460,316.8,1.0,213.52156674
3480,323.9,0.95,182.451450161
3500,337.1,0.95,192.828578349
3520,339.7,0.9,179.18645999
3540,368.6,0.85,159.830305234
3560,320.5,0.8,153.120604577
3580,354.9,0.95,188.787590078
3600,357.55,0.8,151.536673839
3620,350.7,0.85,164.316841265
3640,351.25,0.8,136.232942649
3660,391.95,0.8,131.086083223
3680,373.65,0.7,107.684621525
3700,371.3,0.9,162.985730426
3720,373.2,0.9,166.491282927
3740,341.15,0.65,115.807907438
3760,350.45,0.85,172.616864272
3780,318.45,0.65,116.31828425
3800,333.75,0.75,137.115567944
3820,377.9,0.8,144.498068961
3840,331.4,0.7,115.24004462
3860,348.3,0.85,159.647896479
3880,336.3,0.75,137.863368744
3900,333.65,0.85,156.580834365
3920,333.1,0.65,119.335192624
3940,323.6,0.8,142.26463527
3960,294.15,0.7,119.464671973
3980,321.75,0.7,114.800535077
4000,270.55,0.6,92.5998367827
4020,305.55,0.75,141.950280672
4040,299.7,0.65,116.599356052
4060,326.1,0.75,138.419435728
4080,289.35,0.55,78.4871204397
4100,302.95,0.8,141.777527844
4120,334.6,0.8,154.42092101
4140,315.35,0.9,170.126639172
4160,296.4,0.8,155.319178975
4180,301.45,0.55,86.3628804682
4200,315.85,0.7,123.388244231
4220,315.6,0.75,142.518503554
4240,287.9,0.7,133.748102079
4260,323.7,0.95,195.288872515
4280,297.05,0.8,159.525582854
4300,282.35,0.85,176.642188974
4320,319.3,0.95,194.848505275
4340,291.25,0.8,157.040829176
4360,275.95,0.85,181.740940728
4380,296.5,1.0,210.248325235
4400,249.45,0.6,118.638704196
4420,267.65,0.8,170.261154622
4440,272.05,0.9,195.603981531
4460,265.45,0.8,176.439834154
4480,291.3,0.85,176.2589801
4500,278.05,0.8,166.315046811
4520,277.65,0.7,138.703511459
4540,271.05,0.7,145.939661553
4560,269.9,0.6,106.789408179
4580,277.5,0.55,92.4030498955
4600,324.4,0.9,178.553428571
4620,286.6,0.65,127.065167929
4640,303.75,0.75,142.458223694
4660,312.45,0.8,138.488853696
4680,313.9,0.75,136.217588494
4700,363.5,0.7,118.632616214
4720,320.15,0.7,111.737963808
4740,369.7,0.9,165.904865985
4760,374.05,0.85,150.013780632
4780,329.05,0.8,150.725259385
4800,360.6,0.7,113.735850742
4820,355.9,0.8,134.041291454
4840,382.35,0.9,173.032498512
4860,363.7,0.85,159.482246467
4880,369.8,0.9,164.646057523
4900,374.05,0.8,142.509101288
4920,388.35,0.9,156.861882974
4940,386.5,0.75,132.376423965
4960,378.3,0.75,129.698086411
4980,367.9,0.7,103.090985251
5000,422.2,0.9,160.122659599
5020,380.15,0.75,123.804568342
5040,382.9,0.8,133.321028354
5060,389.6,0.85,154.539883206
5080,384.95,0.9,169.502634232
5100,371.35,0.95,183.565633938
5120,375.3,0.95,177.434203763
5140,360.6,0.85,162.359451734
5160,366.0,0.9,170.391545802
5180,357.55,0.95,187.170060077
5200,345.55,0.85,165.805154938
5220,309.35,0.75,137.346616687
5240,305.15,0.9,179.929460126
5260,281.2,0.75,149.960376748
5280,276.8,0.75,146.905517941
5300,265.2,0.75,153.3213833
5320,251.5,0.65,135.079692907
5340,250.25,0.65,135.131662935
5360,271.35,0.6,109.971133614
5380,229.3,0.4,58.4100775061
5400,252.6,0.45,78.9444687637
5420,227.25,0.4,77.8165695334
5440,213.05,0.3,29.5962543398
5460,249.55,0.55,116.382017982
5480,231.55,0.55,98.3261722924
5500,259.2,0.7,127.498328779
5520,259.55,0.55,99.9411189019
5540,250.1,0.5,81.7559685902
5560,279.15,0.85,165.491760499
5580,296.4,0.75,141.407252772
5600,306.8,0.85,169.59633219
5620,339.9,0.85,175.169834669
5640,312.0,0.85,165.283628331
5660,340.6,0.8,143.181848404
5680,373.7,1.0,192.382006237
5700,328.35,0.8,154.446231999
5720,377.05,0.95,183.130396741
5740,340.7,0.85,164.532825784
5760,345.55,0.9,165.429848644
5780,358.55,0.95,174.420902905
5800,337.2,0.85,167.650663973
5820,402.35,0.85,151.876205907
5840,332.2,0.95,187.983863506
5860,327.95,1.0,205.883766292
5880,319.7,0.75,134.812288562
5900,305.1,0.8,150.565776903
5920,314.4,0.9,179.107304301
5940,327.7,0.95,189.117063082
5960,332.9,0.85,159.230645217
5980,355.8,1.0,198.632541618
6000,327.15,0.8,146.640405506
6020,346.55,0.85,157.173212884
6040,358.2,1.0,206.4471027
6060,363.55,0.85,159.288022861
6080,361.35,1.0,214.920369885
6100,370.45,0.95,192.699998063
6120,400.05,0.95,170.924398835
6140,388.75,0.75,120.880123706
6160,374.25,0.95,178.421908148
6180,381.45,0.8,130.005222885
6200,388.75,0.9,166.560514645
6220,381.6,0.75,114.234554065
6240,386.6,0.9,154.077337881
6260,360.0,0.8,139.227764943
6280,399.25,0.9,141.248179078
6300,356.55,0.95,172.859546141
6320,336.45,0.6,80.1955384017
6340,286.7,0.55,64.0899439586
6360,319.15,0.55,65.4031770023
6380,319.95,0.6,76.0481394786
6400,326.35,0.85,153.384179724
6420,282.3,0.6,98.4620613241
6440,330.3,0.85,155.728718794
6460,334.0,0.85,150.58222308
6480,341.2,0.7,117.232594704
6500,335.75,0.75,122.983259057
6520,360.1,0.85,154.931076416
6540,337.75,0.75,127.532579549
6560,313.6,0.55,83.4772476025
6580,316.2,0.8,155.270020818
6600,326.1,0.5,60.5062711538
6620,347.55,0.65,88.5106517661
6640,350.65,0.85,149.034409821
6660,388.05,0.75,116.885770135
6680,399.8,0.95,178.147419125
6700,424.05,0.9,157.194046654
6720,410.1,0.85,133.0153972
6740,411.65,0.8,127.03096852
6760,430.95,0.9,165.200090043
6780,482.55,0.9,153.462222677
6800,490.35,0.95,159.436097067
6820,502.15,0.85,124.069663395
6840,494.55,1.0,167.995663183
6860,485.05,1.0,166.752057052
6880,450.6,0.9,140.238664611
6900,472.0,0.95,172.392430413
6920,452.9,0.95,164.586290653
6940,408.6,0.75,120.142888702
6960,423.85,0.95,166.3554975
6980,400.65,0.9,161.105306137
7000,369.6,0.75,118.832035889
7020,381.25,0.75,126.147678011
7040,367.05,0.8,143.438033481
7060,329.45,0.9,168.453750811
7080,281.6,0.7,132.867227729
7100,262.7,0.5,81.9568583352
7120,303.4,0.8,151.069695023
7140,263.15,0.7,141.767244035
7160,222.35,0.4,69.2080236204
7180,250.35,0.55,106.037902809
7200,260.5,0.6,111.773843987
7220,243.05,0.4,65.6996853911
7240,286.1,0.65,111.120101533
7260,274.4,0.65,104.283227305
7280,305.45,0.7,114.72070052
7300,301.0,0.7,125.144842996
7320,313.55,0.65,107.259208792
7340,319.0,0.7,115.93798313
7360,337.1,0.75,119.122821497
7380,341.5,0.75,127.593219153
7400,340.7,0.8,139.227336305
7420,375.4,0.75,125.145840375
7440,392.75,0.9,146.635021648
7460,417.0,0.95,157.135416504
7480,418.2,0.85,119.241147277
7500,427.2,0.85,136.487365168
7520,407.35,0.9,144.440554968
7540,365.5,0.75,124.069628858
7560,378.5,0.8,137.539862397
7580,364.95,0.85,144.892806887
7600,329.45,0.8,128.558266285
7620,334.2,0.75,134.684608502
7640,335.8,0.85,155.783312389
7660,347.2,0.8,133.326121615
7680,331.65,0.85,160.695782844
7700,297.65,0.75,139.752630743
7720,282.0,0.75,142.854718932
7740,270.85,0.7,120.582280473
7760,303.85,0.6,103.077191454
7780,277.0,0.7,115.940539471
7800,272.7,0.55,72.9489737668
7820,271.05,0.65,118.182553049
7840,293.6,0.75,128.647491306
7860,330.9,0.65,99.5091819851
7880,320.35,0.7,116.899055631
7900,277.2,0.45,44.8591381919
7920,293.35,0.55,71.5010038178
7940,278.0,0.65,111.16925502
7960,273.6,0.6,102.842605016
7980,301.1,0.75,136.63187228
8000,295.0,0.75,132.769139463
8020,268.75,0.55,81.1873254112
8040,320.85,0.8,121.840328893
8060,300.15,0.6,66.4843602357
8080,286.45,0.65,108.152533526
8100,308.05,0.7,107.752974193
8120,297.05,0.55,63.7397691622
8140,291.05,0.6,93.3836692756
8160,301.4,0.6,76.4093988661
8180,316.4,0.6,62.6827228882
8200,280.6,0.55,57.4521149158
8220,268.15,0.6,93.0478765951
8240,271.55,0.55,61.6049584915
8260,279.6,0.5,37.8915520465
8280,284.1,0.6,72.2622007243
8300,268.3,0.5,54.3084450089
8320,274.7,0.4,20.7249236526
8340,288.6,0.6,87.7412375941
8360,232.75,0.45,66.3050423106
8380,256.55,0.65,108.198412959
8400,264.95,0.35,15.1243733649
8420,264.85,0.75,121.678294112
8440,305.4,0.65,86.9090958742
8460,208.6,0.45,62.6056378892
8480,235.95,0.4,48.0602101243
8500,226.6,0.65,116.179613589
8520,224.25,0.45,55.0875155578
8540,249.7,0.5,77.6158076565
8560,224.9,0.5,69.5958828249
8580,239.55,0.4,46.6924741208
8600,249.3,0.5,72.2491032972
8620,264.35,0.65,110.539923858
8640,265.0,0.4,39.2992667305
8660,277.45,0.5,67.6333666313
8680,300.95,0.75,120.428089392
8700,266.45,0.6,100.302363765
8720,266.8,0.65,107.887653175
8740,286.75,0.7,108.165479159
8760,271.95,0.7,109.278922055
8780,288.9,0.75,117.53105405
8800,282.75,0.6,81.1336697708
8820,276.0,0.7,119.109879547
8840,275.1,0.7,117.742266123
8860,280.9,0.6,98.6210510395
8880,301.5,0.7,111.626577965
8900,293.55,0.6,83.279005537
8920,314.15,0.85,157.966930442
8940,302.85,0.7,97.8307001484
8960,284.9,0.55,71.7966372546
8980,290.9,0.7,104.587339619
9000,311.1,0.65,99.3616056584
9020,326.7,0.65,95.651835055
9040,334.75,0.75,102.922856335
9060,298.35,0.7,114.934666011
9080,325.0,0.65,75.4952164359
9100,325.05,0.7,91.5424498424
9120,331.85,0.75,116.358830728
9140,373.25,0.8,118.814606682
9160,354.0,0.65,93.2385263611
9180,365.45,0.75,104.432148673
9200,387.1,0.8,125.781244461
9220,366.5,0.85,132.871102657
9240,385.7,0.7,97.5331555811
9260,393.5,0.95,164.301267582
9280,376.2,0.95,177.936533353
9300,405.2,0.9,158.244363583
9320,388.65,0.9,157.938487227
9340,400.5,0.9,158.605112524
9360,411.8,0.9,156.945644142
9380,414.85,0.95,170.203752542
9400,408.45,0.85,153.762189265
9420,442.85,0.85,156.93113391
9440,391.15,0.8,127.713383893
9460,389.85,0.9,158.424115367
9480,373.3,0.9,170.1830567
9500,398.1,0.85,147.839774768
9520,398.7,1.0,182.431091548
9540,394.7,0.9,157.442489212
9560,366.55,0.9,170.992790246
9580,359.45,0.85,160.353145573
9600,357.3,0.8,139.155500708
9620,334.15,0.85,161.2105243
9640,315.6,0.75,130.845130665
9660,332.4,0.85,159.996681434
9680,344.6,0.65,93.0177019649
9700,313.95,0.65,106.65644767
9720,304.2,0.9,175.446487187
9740,285.5,0.6,107.911392459
9760,320.05,0.7,117.617766641
9780,267.95,0.7,135.332975887
9800,317.6,0.8,143.639849
9820,295.7,0.8,147.113928705
9840,289.85,0.8,151.179575466
9860,295.55,0.75,136.422319636
9880,286.35,0.85,160.245822358
9900,289.6,0.8,146.333884605
9920,311.5,0.9,167.411932091
9940,319.4,0.95,185.124564463
9960,299.05,0.7,108.365791419
9980,254.6,0.7,126.785372811
10000,281.55,0.85,175.501687333
10020,309.95,0.85,166.586543263
10040,276.2,0.75,145.191728657
10060,258.55,0.65,116.044492859
10080,312.35,0.95,182.386579414
10100,272.8,0.6,102.997393697
10120,302.4,0.8,150.199720845
10140,274.15,0.75,141.482967339
10160,323.25,0.75,133.264957936
10180,334.85,0.9,158.549219127
10200,311.0,0.8,143.786094093
10220,299.9,0.75,141.764979361
10240,317.85,0.85,156.118874597
10260,272.85,0.6,111.674372258
10280,299.2,0.95,193.799810815
10300,313.6,0.8,147.914155824
10320,314.6,0.8,149.362049601
10340,293.6,0.7,122.429201524
10360,336.95,0.95,187.261273816
10380,307.3,0.8,148.951012511
10400,315.4,0.75,126.630003312
10420,298.9,0.85,159.996830757
10440,336.75,0.9,161.706902587
10460,344.2,0.95,178.433485797
10480,305.8,0.75,145.162632796
10500,322.3,0.95,180.052322069
10520,325.7,0.85,161.208823137
10540,356.3,0.75,122.839894888
10560,348.85,0.8,133.394821601
10580,334.3,0.8,151.439184712
10600,339.05,0.9,159.717039533
10620,320.7,0.85,159.813615288
10640,325.85,0.75,140.188690166
10660,302.95,0.7,127.133572141
10680,292.5,0.75,131.586995495
10700,321.95,0.85,155.909717814
10720,400.9,0.75,139.784158445
10740,320.6,0.8,155.708601651
10760,311.75,0.85,166.567162061
10780,341.4,0.9,164.555143693
10800,331.3,0.85,159.021683696
10820,308.2,0.8,157.547357605
10840,312.15,0.9,184.761796127
10860,336.9,0.95,190.653848285
10880,316.65,0.8,154.581998321
10900,293.65,0.85,167.412206088
10920,289.6,0.8,145.797005258
10940,303.55,0.8,139.959165501
10960,306.55,0.7,114.93195702
10980,300.7,0.85,173.928650513
11000,346.95,0.9,166.995436668
11020,315.85,0.8,142.629674922
11040,314.6,0.7,115.59809629
11060,320.15,0.85,169.969295737
11080,337.9,0.9,171.360662394
11100,353.3,0.9,160.183748494
11120,334.3,0.85,154.630308706
11140,358.85,0.8,138.784285872
11160,348.7,0.85,154.956928271
11180,377.35,0.95,171.531509508
11200,354.85,0.8,149.708214272
11220,333.5,0.6,86.2363636423
11240,345.7,0.7,96.0791757799
11260,342.3,0.7,99.2037920774
11280,343.55,0.85,151.569398607
11300,336.95,0.65,105.039289688
11320,378.65,0.85,150.137421377
11340,345.85,0.75,118.500029709
11360,332.55,0.65,101.995439126
11380,344.15,0.8,137.844667843
11400,365.9,0.75,109.761018893
11420,376.85,0.85,150.551331441
11440,374.65,0.75,114.04328757
11460,348.3,0.7,111.971470367
11480,359.9,0.7,108.128438264
11500,357.25,0.9,170.186170588
11520,394.3,0.9,165.660116184
11540,385.2,0.9,169.503737801
11560,381.9,0.85,160.021683998
11580,371.85,0.85,151.7596374
11600,369.8,0.95,184.182672734
11620,363.25,0.75,122.670064491
11640,384.2,0.8,131.503147242
11660,372.05,0.75,125.076762817
11680,371.25,0.85,155.368333966
11700,393.9,0.9,173.122214991
11720,391.1,0.85,140.435507327
11740,387.65,0.75,125.983964604
11760,388.95,0.8,126.630877616
11780,390.1,0.95,172.523584592
11800,390.85,0.75,125.009975924
11820,377.8,0.9,171.607912689
11840,371.05,0.8,132.620530261
11860,370.0,0.9,175.500093752
11880,376.65,0.85,155.830988118
11900,381.1,0.95,175.646104983
11920,353.6,0.85,157.65251809
11940,343.15,0.8,148.14515589
11960,358.4,0.85,160.457819489
11980,356.25,0.8,140.670385231
12000,364.2,0.8,138.846823243
12020,327.55,0.5,65.5237123151
12040,349.9,0.95,187.329120475
12060,377.7,0.75,141.012843902
12080,379.7,0.85,149.852569022
12100,321.35,0.8,142.889091722
12120,334.2,0.7,123.939770942
12140,356.85,0.95,179.106843619
12160,332.75,0.9,176.523073128
12180,311.3,0.85,159.989140911
12200,367.85,0.85,156.926885261
12220,312.35,0.8,147.402333004
12240,297.6,0.85,169.477744886
12260,293.55,0.75,135.208964763
12280,306.7,0.8,147.988602115
12300,297.1,0.85,167.918461263
12320,320.3,0.9,178.774463701
12340,270.45,0.7,133.870738397
12360,300.75,0.8,145.696703028
12380,292.1,0.8,159.880765319
12400,292.4,0.8,159.985491353
12420,333.75,0.8,148.019350084
12440,281.9,0.8,164.1698812
12460,290.35,0.65,112.240123859
12480,286.75,0.75,146.731674812
12500,304.45,0.75,143.76669911
12520,272.5,0.6,97.0789545992
12540,270.15,0.7,137.25799086
12560,285.45,0.85,169.55107034
12580,295.75,0.65,131.908239348
12600,334.6,0.75,138.309397417
12620,306.4,0.75,131.857756378
12640,300.9,0.7,109.525371663
12660,314.0,0.85,151.586171762
12680,281.7,0.75,137.919592063
12700,291.4,0.8,146.734861189
12720,302.7,0.95,187.567629039
12740,289.45,0.55,80.2975253759
12760,306.0,0.65,109.655115866
12780,312.9,0.75,135.648812953
12800,279.1,0.7,116.036559502
12820,290.8,0.6,93.9992698602
12840,321.75,0.8,152.427881687
12860,311.9,0.7,116.139062865
12880,301.15,0.8,149.732874031
12900,302.15,0.9,176.457667638
12920,293.4,0.8,156.341531409
12940,300.15,0.8,171.030044518
12960,294.65,0.8,165.075406788
12980,272.8,0.7,134.900976869
13000,276.3,0.8,170.457355723
13020,273.5,0.9,188.954811611
13040,279.5,0.75,146.6343465
13060,316.6,0.8,164.03824119
13080,285.6,0.9,187.852082378
13100,322.1,0.85,174.513542407
13120,305.0,0.9,188.679507403
13140,285.35,0.9,194.036272913
13160,287.2,0.8,165.67962013
13180,282.9,0.8,165.834759022
13200,304.2,1.0,212.37003633
13220,320.25,1.0,210.180835309
13240,321.3,0.75,143.673158238
13260,303.9,0.85,177.437318113
13280,291.35,0.7,134.817206288
13300,318.85,1.0,206.017322879
13320,294.6,0.9,185.147579225
13340,320.95,0.75,140.257758299
13360,292.7,0.75,149.614504454
13380,295.5,0.8,163.855052683
13400,307.05,0.9,188.687965027
13420,303.45,0.8,162.651366454
13440,304.8,0.85,172.531599831
13460,312.05,0.85,170.55642903
13480,306.0,0.9,184.060561966
13500,318.25,0.9,183.957354478
13520,316.95,0.85,176.638564635
13540,311.9,0.9,188.598043887
13560,327.9,0.9,180.865688074
13580,337.6,0.9,182.311237088
13600,359.65,1.0,198.905789282
13620,327.3,0.85,169.308800787
13640,358.85,1.0,200.632780777
13660,374.5,0.9,175.196019915
13680,369.5,0.95,190.528053613
13700,375.65,1.0,208.422702244
13720,396.65,0.95,190.916686729
13740,426.15,1.0,195.038985369
13760,398.2,1.0,193.527282754
13780,405.6,1.0,189.172562288
13800,434.05,0.95,179.459048803
13820,452.85,0.95,167.871039968
13840,419.95,1.0,188.822703161
13860,416.9,1.0,191.05085729
13880,436.95,1.0,191.999236881
13900,404.6,1.0,202.352629321
13920,381.45,0.95,178.485771575
13940,376.85,0.95,187.686631484
13960,380.1,0.9,172.65983343
13980,358.35,1.0,197.844586856
14000,375.4,0.95,180.059712108
14020,350.4,1.0,199.07459319
14040,354.6,1.0,198.952595193
14060,328.55,0.95,191.876438949
14080,316.55,0.85,174.930321119
14100,300.8,0.9,192.861129526
14120,306.75,0.85,177.232570645
14140,302.2,1.0,206.347026808
14160,310.85,0.9,175.874891732
14180,279.55,0.95,201.861762876
14200,285.15,0.85,167.953671427
14220,283.05,0.9,190.096355304
14240,285.85,0.95,204.651343787
14260,293.75,0.9,183.471001858
14280,302.45,0.9,184.50611311
14300,280.85,0.9,190.064530196
14320,276.85,0.8,166.754561175
14340,293.0,0.8,157.006404751
14360,279.1,0.9,185.802607081
14380,292.15,0.9,183.256411842
14400,267.7,0.75,154.565631142
14420,304.8,0.85,173.050612136
14440,324.0,0.8,160.270652508
14460,253.05,0.65,129.202519487
14480,303.3,0.95,192.412436974
14500,282.4,0.8,169.519646788
14520,266.25,0.7,143.369330321
14540,270.35,0.8,163.42153776
14560,276.7,0.75,148.632073411
14580,304.7,0.75,149.711183093
14600,288.3,0.75,154.237548619
14620,287.75,0.85,176.449776673
14640,305.35,0.85,168.407087659
14660,303.5,0.85,176.439797023
14680,298.0,0.75,150.999638228
14700,298.35,0.7,130.972201235
14720,330.55,0.9,185.77561598
14740,320.45,0.85,160.081407683
14760,311.9,0.8,157.13598531
14780,357.3,0.85,155.748113906
14800,335.95,0.8,152.514432369
14820,331.75,0.95,191.748748826
14840,342.05,0.9,178.5279694
14860,350.0,0.95,189.14741937
14880,316.2,0.75,142.21661983
14900,333.85,0.95,191.163979245
14920,327.5,0.95,191.018893508
14940,344.4,0.9,178.617019418
14960,332.2,0.95,190.382067339
14980,322.7,0.8,157.63443513
15000,346.2,0.85,160.29271107
15020,370.7,0.75,135.59753345
15040,358.45,0.75,136.473486039
15060,378.0,0.95,178.349150323
15080,360.7,0.9,182.072821551
15100,407.45,0.95,174.25546469
15120,460.3,0.95,174.972592457
15140,503.8,0.9,157.888034247
15160,426.75,0.95,170.702955697
15180,411.7,1.0,181.834509245
15200,425.45,0.95,178.1822015
15220,412.4,1.0,197.811699389
15240,424.05,0.95,174.956897692
15260,454.2,0.95,176.159364399
15280,453.65,0.95,165.437198486
15300,474.6,0.95,180.712583311
15320,442.65,0.95,176.65721205
15340,459.7,1.0,180.629672477
15360,481.8,0.95,180.37749045
15380,454.35,1.0,190.177494673
15400,451.65,1.0,190.633587675
15420,476.8,0.95,171.102749985
15440,476.85,1.0,180.334378635
15460,483.55,1.0,170.609187004
15480,464.05,1.0,185.442417506
15500,445.7,1.0,191.193000625
15520,433.5,0.95,179.594639575
15540,450.0,1.0,188.861263602
15560,396.3,1.0,198.135079795
15580,466.95,1.0,175.645823908
15600,385.65,0.95,191.59789358
15620,410.6,1.0,193.277509171
15640,395.75,0.95,184.381020019
15660,416.85,1.0,185.354037338
15680,425.0,1.0,195.216577823
15700,407.6,1.0,196.070040855
15720,377.3,1.0,204.172497882
15740,389.35,1.0,192.056724643
15760,412.25,1.0,192.739566374
15780,374.15,1.0,206.955922608
15800,359.75,1.0,205.577609153
15820,358.7,1.0,199.552406658
15840,387.55,1.0,196.499228
15860,350.25,1.0,198.153800928
15880,360.7,1.0,200.627299443
15900,346.75,1.0,211.321716991
15920,326.55,0.95,187.358519092
15940,355.3,0.95,186.332795766
15960,342.65,1.0,199.754746967
15980,339.3,1.0,212.563829458
16000,347.2,1.0,203.029605312
16020,340.45,1.0,205.234985175
16040,340.5,0.85,168.548019379
16060,311.6,0.85,168.448049607
16080,337.4,0.85,161.7839591
16100,328.4,0.9,188.397978453
16120,325.4,0.85,168.982550173
16140,321.95,0.95,191.591968475
16160,316.35,0.85,166.349250344
16180,345.35,1.0,208.731747201
16200,331.65,1.0,205.302771993
16220,330.85,0.95,195.820697539
16240,321.15,1.0,211.014998723
16260,308.8,0.75,149.712636198
16280,304.2,0.95,198.322403785
16300,326.9,1.0,208.44645127
16320,301.25,0.9,188.459841034
16340,319.45,0.9,182.626863691
16360,364.45,0.75,152.314123649
16380,315.85,0.95,198.342276352
16400,297.25,0.85,181.271202053
16420,295.2,0.95,198.84334919
16440,320.2,1.0,207.877808606
16460,296.75,0.95,201.19459963
16480,303.6,0.95,195.762421571
16500,318.0,0.95,192.811796631
16520,289.15,0.85,176.026872617
16540,280.45,0.8,161.893119704
16560,310.1,0.85,169.20303445
16580,279.95,0.8,167.825997104
16600,296.65,0.85,165.892001886
16620,277.05,0.75,151.57369188
16640,254.2,0.7,147.938650346
16660,250.25,0.6,120.723379868
16680,261.3,0.7,143.716872117
16700,277.2,0.9,188.146659311
16720,304.95,0.8,151.501178428
16740,303.35,0.8,158.948232359
16760,289.8,0.85,165.310773621
16780,306.95,0.7,121.017817536
16800,277.1,0.8,158.230538746
16820,345.7,0.9,165.91185614
16840,300.05,0.75,139.813092901
16860,331.55,0.85,148.961371428
16880,311.5,0.95,200.156106925
16900,293.15,0.9,178.726124614
16920,286.75,0.7,132.866120652
16940,298.8,0.85,161.428007817
16960,337.6,0.85,146.409859387
16980,313.7,0.9,179.414096147
17000,298.35,0.7,118.685462602
17020,331.95,0.9,167.279859069
17040,292.85,0.75,129.934146121
17060,369.5,0.9,158.151340725
17080,302.8,0.75,138.659286224
17100,326.65,0.85,150.714260879
17120,336.85,0.85,153.586655539
17140,326.1,0.9,172.512924124
17160,309.5,0.75,130.073431894
17180,313.0,0.75,124.375315688
17200,310.85,0.9,161.383044332
17220,294.95,0.8,144.894678954
17240,303.65,0.75,128.386057856
17260,321.25,0.8,151.183589345
17280,284.1,0.75,137.043579502
17300,322.25,0.8,148.492861399
17320,334.6,0.95,183.099726989
17340,310.15,0.85,167.910888275
17360,296.9,0.8,157.548725314
17380,305.25,0.8,162.032463323
17400,330.15,0.75,130.055539449
17420,335.75,0.95,181.816214063
17440,331.25,0.8,151.32329306
17460,305.45,0.85,166.168024219
17480,321.75,0.8,161.811769665
17500,297.2,0.75,142.14956499
17520,308.7,0.85,164.742873945
17540,327.25,0.7,119.570397899
17560,309.55,0.7,114.388109068
17580,308.9,0.7,134.189076459
17600,354.95,0.75,140.441387392
17620,321.85,0.85,160.449865499
17640,318.35,0.75,131.273034514
17660,334.0,0.8,142.036930723
17680,386.85,0.8,153.853714202
17700,304.85,0.65,105.685334938
17720,306.95,0.5,67.5482248358
17740,286.6,0.55,79.8213853954
17760,293.75,0.6,93.1082167612
17780,280.95,0.55,67.1220791452
17800,301.4,0.6,85.9649496631
17820,284.55,0.4,34.7234801002
17840,310.5,0.65,101.815972032
17860,331.15,0.8,137.234126154
17880,317.85,0.5,62.5823428431
17900,287.85,0.35,7.36749432944
17920,293.0,0.55,58.7010256421
17940,351.8,0.55,63.3359444469
17960,309.75,0.55,55.4594513094
17980,289.85,0.6,79.8282201378
18000,348.75,0.75,116.598465559
18020,335.55,0.6,63.4896891795
18040,310.4,0.45,36.7372890403
18060,307.8,0.5,53.25411189
18080,339.8,0.65,97.4526239134
18100,323.1,0.65,98.8646231309
18120,305.35,0.45,46.6553514047
18140,324.4,0.7,109.868327915
18160,286.7,0.55,76.0877968468
18180,362.85,0.6,86.5845479554
18200,339.2,0.6,92.186533278
18220,322.5,0.6,88.8912614955
18240,313.9,0.65,97.1464042569
18260,325.95,0.75,121.92587191
18280,325.45,0.7,112.67278443
18300,402.55,0.75,126.696010744
18320,375.65,0.4,47.8876777434
18340,378.8,0.85,154.417269075
18360,395.0,0.85,143.692923573
18380,417.7,0.55,66.8485812316
18400,364.1,0.95,181.934928289
18420,367.6,0.85,151.396072844
18440,330.0,0.8,147.120413189
18460,371.75,0.8,148.199411965
18480,338.85,0.55,86.6751471174
18500,322.5,0.7,116.474062414
18520,319.35,0.75,124.480140643
18540,301.6,0.75,135.237577551
18560,340.8,0.85,168.968668317
18580,337.4,0.9,172.235198471
18600,327.35,0.9,166.525472828
18620,462.75,0.75,143.236844155
18640,413.4,0.85,182.086995401
18660,377.6,0.85,165.675555395
18680,377.45,0.85,155.95392916
18700,325.85,0.8,142.563368273
18720,478.55,0.75,164.806684638
18740,435.8,0.7,137.225820017
18760,494.2,0.8,168.955541966
18780,414.3,0.85,159.963975958
18800,339.25,0.9,163.4064163
18820,404.6,0.85,161.172457066
18840,379.25,0.7,129.208697943
18860,357.35,0.85,147.203501406
18880,396.2,0.65,101.310107832
18900,350.1,0.85,152.122372696
18920,371.25,0.85,156.394160655
18940,406.45,0.65,105.513030879
18960,407.35,0.6,101.62565018
18980,360.35,0.9,163.89737217
19000,365.9,0.8,154.442295702
19020,357.8,0.85,149.658863898
19040,349.75,0.7,114.576605319
19060,375.8,0.8,151.248171541
19080,348.3,0.75,129.60199756
19100,335.05,1.0,193.303608416
19120,448.1,0.7,119.015796533
19140,375.9,0.75,127.345588808
19160,341.85,0.8,139.777447993
19180,345.35,0.75,118.336137429
19200,361.45,0.85,151.835294832
19220,406.25,0.9,157.717417892
19240,349.35,0.7,108.291664119
19260,384.95,0.55,93.3740463147
19280,334.25,0.8,135.756137927
19300,373.95,1.0,184.470319275
19320,336.5,0.85,161.928559301
19340,326.0,0.65,101.568487602
19360,322.4,0.9,165.719580645
19380,347.95,0.95,173.503055862
19400,351.65,0.8,129.9323135
19420,325.95,0.8,137.361621834
19440,348.15,0.8,141.756737245
19460,343.65,0.85,150.48412461
19480,376.9,0.65,117.999213021
19500,336.75,0.9,169.571465058
19520,373.3,0.7,116.682262117
19540,345.3,0.7,110.989322236
19560,388.9,0.9,153.291370736
19580,334.15,0.65,105.152322067
19600,335.9,0.85,158.67616561
19620,349.85,0.8,144.940346136
19640,364.95,0.8,136.504522417
19660,367.15,0.8,133.777411767
19680,327.15,0.7,121.271156081
19700,369.65,0.7,110.242431332
19720,399.85,0.9,148.652679521
19740,353.65,0.8,130.341378155
19760,359.45,0.75,122.788613855
19780,403.55,0.75,124.193629068
19800,405.85,0.65,94.8350860165
19820,401.35,0.75,109.838139964
19840,413.9,0.85,151.061402306
19860,466.65,0.8,126.184739757
19880,384.3,0.85,142.292387938
19900,417.85,0.95,172.139083269
19920,402.15,0.85,141.739608083
19940,416.45,0.7,111.735424761
19960,434.5,0.85,153.424244302
19980,418.35,0.75,123.161244825
20000,483.4,0.8,157.718551958
20020,359.5,0.8,130.179826995
20040,413.3,0.8,135.523238422
20060,345.15,0.6,83.6966880085
20080,340.6,0.65,95.4834283392
20100,388.95,0.85,162.981311822
20120,376.95,0.8,138.58917301
20140,349.95,0.6,104.818355844
20160,399.05,0.8,143.656904308
20180,385.95,0.65,101.612397436
20200,504.65,0.75,134.619730758
20220,353.3,0.85,153.172420534
20240,390.9,0.8,151.888542499
20260,336.15,0.85,147.617960234
20280,429.25,0.9,170.98066513
20300,456.55,0.75,136.48929701
20320,357.4,0.75,125.725125272
20340,397.95,0.85,149.341761936
20360,390.9,0.75,138.214428992
20380,383.05,0.85,151.43603304
20400,386.5,0.95,176.779448646
20420,412.75,0.85,160.885651799
20440,371.9,0.85,148.740222005
20460,397.95,0.7,127.35777256
20480,389.8,0.9,168.518646574
20500,366.7,0.85,158.497835928
20520,409.55,0.9,156.091499888
20540,411.9,1.0,186.495256852
20560,379.55,0.7,104.595916937
20580,414.35,0.9,155.296778761
20600,410.5,0.9,154.968781312
20620,422.0,0.95,175.882419213
20640,371.5,0.85,155.546341837
20660,357.75,0.5,51.5539635285
20680,400.2,0.75,108.753538781
20700,428.35,0.85,111.096564023
20720,430.7,0.8,114.322903455
20740,424.8,0.75,109.781975244
20760,385.85,0.65,73.1987926419
20780,381.85,0.7,94.0574222327
20800,332.5,0.35,10.4464983915
20820,373.45,0.75,99.4817521363
20840,381.0,0.65,69.005475919
20860,345.9,0.7,85.5608054431
20880,351.45,0.6,65.7387427662
20900,350.3,0.65,71.8796766321
20920,345.05,0.75,99.7614076484
20940,369.15,0.75,111.976097052
20960,304.05,0.7,98.0506896412
20980,317.65,0.45,17.1126565254
21000,290.2,0.35,6.11735373786
21020,339.9,0.5,26.6983851237
21040,367.65,0.75,91.3091222744
21060,325.9,0.55,42.4874677298
21080,340.6,0.75,93.9671919569
21100,340.35,0.6,59.5077901351
21120,325.85,0.45,20.1022962851
21140,340.3,0.4,11.3013883153
21160,350.6,0.6,32.6832235688
21180,344.25,0.5,21.0902627386
21200,408.85,0.4,4.63257536517
21220,340.5,0.3,-31.2403531057
21240,357.7,0.25,-42.8234278075
21260,361.35,0.3,-42.1760849715
21280,327.25,0.3,-36.5424395832
21300,457.95,0.55,25.1470783118
21320,365.15,0.4,-22.8158197319
21340,341.55,0.4,-22.0819690577
21360,386.35,0.35,-33.0323694416
21380,384.15,0.2,-77.6424673972
21400,349.15,0.2,-88.9782611227
21420,338.4,0.4,-29.1055945243
21440,397.65,0.4,-41.5793356255
21460,384.15,0.25,-68.7992337637
21480,371.5,0.4,-34.7916999387
21500,346.8,0.25,-67.903935198
21520,397.95,0.3,-52.849005836
21540,383.3,0.25,-78.972399677
21560,354.65,0.2,-90.161440199
21580,351.6,0.3,-54.2588051527
21600,361.2,0.25,-67.1596049057
21620,358.05,0.2,-66.1295483925
21640,376.75,0.4,-24.487674005
21660,335.2,0.25,-73.0975490949
21680,376.1,0.3,-66.2163658416
21700,413.0,0.4,-47.0734210665
21720,400.9,0.45,11.2658232641
21740,386.25,0.55,9.70141044595
21760,371.35,0.5,17.288217535
21780,375.5,0.35,-37.5054600912
21800,371.55,0.4,-6.47209548933
21820,417.0,0.65,52.8836727583
21840,370.4,0.55,30.2361222834
21860,410.1,0.65,76.4754216028
21880,434.35,0.45,28.2842700956
21900,411.05,0.55,47.6915715777
21920,395.95,0.5,22.4005498684
21940,361.15,0.35,-0.548533399153
21960,366.2,0.45,21.4007846492
21980,368.05,0.7,97.4658150542
22000,397.8,0.55,51.2781288242
22020,414.55,0.65,77.3944395752
22040,338.65,0.5,49.735260169
22060,319.3,0.6,69.1571667238
22080,343.7,0.7,102.038034798
22100,343.95,0.7,95.6742465999
22120,369.45,0.85,143.147331015
22140,397.7,0.7,80.4114717903
22160,359.4,0.7,85.4690090281
22180,401.4,0.65,95.6545968353
22200,352.4,0.7,85.8694669372
22220,431.3,0.55,48.5985619712
22240,331.95,0.55,64.1014943948
22260,348.0,0.85,130.561480514
22280,362.35,0.75,128.101735559
22300,294.35,0.6,81.1220700856
22320,401.15,0.7,102.221448818
22340,310.55,0.7,106.802747556
22360,338.3,0.7,91.1095906249
22380,303.45,0.65,102.525504706
22400,376.7,0.85,143.461620242
22420,354.55,0.85,156.03433647
22440,332.05,0.8,134.34826735
22460,300.95,0.75,128.711175627
22480,337.05,0.85,153.429865504
22500,344.05,0.7,116.669467053
22520,337.55,0.9,170.171539943
22540,361.55,0.8,129.711913604
22560,347.8,0.8,144.478854018
22580,365.9,0.95,175.717810807
22600,334.05,0.9,160.594308698
22620,347.4,0.85,148.675483282
22640,346.0,0.75,123.565603497
22660,362.2,0.75,126.243302756
22680,344.0,0.9,169.683297814
22700,424.2,0.85,149.609960065
22720,369.0,0.85,156.445545932
22740,383.65,0.85,153.893569515
22760,402.5,0.75,136.973552582
22780,348.3,0.85,156.16664073
22800,376.55,0.85,160.82090696
22820,358.7,0.9,164.207440624
22840,379.1,0.8,134.212432142
22860,345.75,0.95,182.810491169
22880,431.05,0.85,159.612256928
22900,406.3,0.85,165.856868264
22920,369.6,0.9,164.862027653
22940,341.65,0.9,162.307129543
22960,368.85,0.95,176.211198068
22980,391.7,0.9,172.477094801
23000,368.6,0.95,176.877450012
23020,377.0,0.9,161.216569219
23040,383.0,0.95,184.665268878
23060,361.6,0.8,135.091118682
23080,373.9,1.0,196.043446912
23100,369.35,0.9,159.312111523
23120,393.4,0.95,171.485245147
23140,369.85,0.95,177.193666359
23160,406.2,0.9,160.261125106
23180,359.25,0.9,166.177444575
23200,360.75,0.75,129.878587918
23220,370.75,1.0,192.289663858
23240,384.2,0.9,171.352162425
23260,366.9,0.95,176.455450733
23280,362.1,1.0,195.076629241
23300,371.3,0.75,128.180693119
23320,383.2,0.9,165.416601664
23340,432.1,0.85,158.542742946
23360,418.8,0.8,130.133400213
23380,398.4,0.9,171.197857769
23400,350.75,0.7,117.449265923
23420,399.3,0.95,175.090736863
23440,369.1,0.85,154.067536223
23460,419.3,0.9,153.581230471
23480,397.65,0.9,172.891309334
23500,399.3,0.85,147.249782294
23520,406.95,0.95,167.043518109
23540,382.85,0.9,167.284826596
23560,370.8,0.9,164.058806558
23580,403.45,0.9,151.327880868
23600,386.55,0.75,105.538612722
23620,362.4,0.85,163.777450807
23640,352.75,0.9,166.366537063
23660,365.95,0.9,158.012683436
23680,351.05,0.9,156.601410355
23700,386.3,0.9,163.016460782
23720,337.25,0.85,157.66657093
23740,349.2,0.8,134.788626965
23760,363.6,0.8,127.419682834
23780,353.15,0.9,167.79926015
23800,384.35,0.9,166.003798998
23820,362.95,0.8,144.871573767
23840,363.95,0.8,122.770573117
23860,342.65,0.9,172.250889396
23880,355.4,0.9,159.999295911
23900,349.0,0.85,140.925082137
23920,311.5,0.7,125.413081193
23940,305.15,0.75,126.158209385
23960,338.0,0.75,118.319017357
23980,333.8,0.65,97.9322643236
24000,304.9,0.95,204.275708383
24020,330.1,0.8,122.880094482
24040,333.15,0.65,107.006849536
24060,331.9,0.85,131.597460253
24080,285.95,0.6,114.016356247
24100,312.55,0.8,131.104017523
24120,345.25,0.75,126.825062361
24140,345.4,0.8,143.868181731
24160,276.45,0.8,157.33530419
24180,282.4,0.7,116.501675815
24200,289.25,0.9,172.470231091
24220,308.95,0.75,124.252053667
24240,272.8,0.75,146.309648643
24260,295.55,0.75,138.571683665
24280,355.15,0.8,152.181518421
24300,321.2,0.7,128.196251912
24320,325.2,0.55,80.0657886198
24340,272.9,0.7,120.978322005
24360,288.9,0.85,156.210263011
24380,281.5,0.65,108.950651356
24400,341.6,0.75,126.744983496
24420,334.05,0.8,120.151512333
24440,270.55,0.55,66.7216388175
24460,346.25,0.6,76.5380179451
24480,315.4,0.65,92.0879990451
24500,290.05,0.6,99.0946266134
24520,306.5,0.6,80.7972492007
24540,402.8,0.75,113.341675208
24560,325.2,0.75,102.975482322
24580,349.65,0.6,66.2470371663
24600,357.5,0.6,50.9940507225
24620,322.0,0.65,89.3644598707
24640,324.45,0.7,103.808583426
24660,338.35,0.8,117.390209012
24680,319.15,0.55,52.6964441336
24700,385.05,0.65,68.4119931266
24720,309.9,0.7,98.8194496982
24740,315.1,0.75,117.573914179
24760,357.1,0.65,75.0767850014
24780,360.95,0.65,86.2462776932
24800,371.1,0.55,55.3376864739
24820,398.95,0.8,125.569683975
24840,354.25,0.6,59.8342244483
24860,318.65,0.5,35.7767966859
24880,363.35,0.7,100.313516056
24900,358.1,0.55,29.047926339
24920,447.6,0.75,112.689512478
24940,411.85,0.8,102.251015024
24960,317.3,0.55,53.5861714995
24980,351.8,0.6,58.2595330675
25000,334.6,0.55,45.8898147402
25020,383.0,0.7,86.410560512
25040,366.25,0.85,131.316005885
25060,333.4,0.65,86.8526658646
25080,342.8,0.6,51.5854336753
25100,435.6,0.6,56.7592642362
25120,382.35,0.85,120.690313088
25140,340.7,0.6,58.594459696
25160,411.2,0.7,94.7930810347
25180,384.4,0.85,135.530022579
25200,460.65,0.6,47.1948428519
25220,406.75,0.65,47.5627137528
25240,372.1,0.7,86.9577121971
25260,387.7,0.5,44.9665656854
25280,385.55,0.65,50.7422353272
25300,373.75,0.8,124.772438404
25320,353.4,0.65,78.1261607071
25340,407.85,0.7,69.6481673304
25360,383.3,0.75,96.4425839639
25380,396.0,0.8,119.194018215
25400,406.05,0.8,100.104674975
25420,404.7,0.8,111.944196192
25440,356.65,0.8,142.16750262
25460,417.25,0.65,77.6346319268
25480,391.85,0.65,84.3630318915
25500,424.7,0.6,51.8123628427
25520,423.6,0.75,122.454640641
25540,456.85,0.8,107.63453973
25560,441.85,0.65,58.0334524917
25580,442.3,0.7,74.5611300787
25600,513.65,0.8,92.6622826522
25620,479.8,0.8,103.670426863
25640,467.9,0.75,84.2851406549
25660,475.55,0.7,63.9141886118
25680,431.75,0.85,131.13817275
25700,469.1,0.75,87.9904518527
25720,457.8,0.7,87.4489565538
25740,441.35,0.85,127.827391968
25760,540.2,0.75,84.5877320367
25780,459.3,0.9,137.634547313
25800,472.1,0.85,116.343035796
25820,460.75,0.85,131.770165983
25840,451.75,0.75,100.454792047
25860,518.4,0.9,123.049199474
25880,489.15,0.85,111.427836408
25900,419.4,0.9,152.039050683
25920,459.35,0.9,151.128068503
25940,444.85,0.75,109.986916072
25960,422.75,0.9,150.857804192
25980,476.5,0.7,92.3399829434
26000,407.45,0.85,147.469169755
26020,419.05,0.9,147.636432606
26040,381.0,0.65,96.2029082777
26060,416.95,0.65,90.89198191
26080,383.85,0.95,170.971176193
26100,402.35,0.9,152.426746659
26120,412.55,0.7,109.301072751
26140,431.75,0.85,139.653910233
26160,519.25,0.8,126.284692598
26180,375.25,0.85,155.110255713
26200,463.15,0.85,140.058300525
26220,446.8,0.7,111.866856937
26240,421.85,0.75,118.304095331
26260,449.15,0.95,152.688469275
26280,459.65,0.95,155.555719584
26300,487.5,0.75,120.863643171
26320,501.5,0.85,121.964806403
26340,496.0,0.95,166.399820344
26360,510.15,0.75,106.3657418
26380,565.95,0.75,118.85538649
26400,491.5,0.85,134.626147293
26420,479.3,0.95,150.883132257
26440,453.25,0.95,160.914962706
26460,469.9,0.95,164.505469496
26480,490.15,0.9,146.039932713
26500,477.3,0.8,131.462972102
26520,430.75,0.85,154.960600782
26540,397.8,0.9,164.718153149
26560,442.75,0.85,136.244561204
26580,431.35,0.9,155.471136671
26600,429.45,0.9,157.024573635
26620,447.45,0.9,153.060681323
26640,478.75,0.95,155.520346328
26660,372.5,0.65,110.236855897
26680,420.4,0.85,152.373645233
26700,407.6,0.95,164.084558365
26720,381.3,0.95,174.784400642
26740,410.8,0.8,137.388319039
26760,445.8,0.8,133.196527978
26780,393.25,0.8,146.381228638
26800,435.35,0.8,133.860513903
26820,395.75,0.9,168.593436251
26840,420.6,0.9,165.934838986
26860,432.9,1.0,184.426140379
26880,492.2,0.8,132.931225402
26900,474.6,0.95,175.202846874
26920,448.7,0.9,153.980630139
26940,477.9,0.95,170.467037991
26960,441.75,1.0,181.99256169
26980,475.85,0.8,133.665317037
27000,487.1,0.85,130.358978247
27020,505.8,0.95,165.576373237
27040,520.6,0.85,156.128082488
27060,496.25,0.95,165.200602665
27080,480.0,0.9,151.236196899
27100,516.15,0.95,161.49612512
27120,466.0,0.7,97.4021281887
27140,523.35,1.0,167.187447828
27160,534.75,0.85,129.914083918
27180,490.85,0.85,126.00827107
27200,519.65,0.95,158.588177036
27220,525.0,1.0,169.5838574
27240,502.25,0.95,146.534967429
27260,498.6,1.0,168.351523082
27280,489.6,0.8,127.387593108
27300,563.65,0.8,124.530024085
27320,485.9,0.9,153.341638281
27340,501.05,1.0,175.608270937
27360,499.75,1.0,172.740984868
27380,486.2,0.9,153.9580528
27400,541.85,0.9,149.235845736
27420,495.0,0.85,146.015872739
27440,465.35,0.9,155.877926194
27460,422.55,0.8,134.423073181
27480,499.3,1.0,166.565752201
27500,468.2,0.85,141.380182659
27520,483.25,1.0,170.931489129
27540,473.65,1.0,164.713626613
27560,488.65,0.85,145.686986811
27580,469.05,0.8,134.433472844
27600,411.35,0.8,141.784085172
27620,437.2,0.85,142.297567914
27640,429.45,1.0,185.222421723
27660,496.35,0.85,142.339648059
27680,457.15,1.0,174.696306714
27700,466.85,0.8,123.208321102
27720,411.15,0.85,146.274654473
27740,424.8,0.9,151.130202624
27760,435.8,0.9,154.072124606
27780,426.2,0.85,149.418383485
27800,447.55,0.9,152.863116548
27820,413.5,0.9,151.930443093
27840,480.6,0.85,138.698463081
27860,461.8,0.9,154.193101493
27880,440.45,0.9,151.194082911
27900,405.55,0.8,135.65266735
27920,444.65,0.75,109.668824708
27940,473.5,0.85,130.63360085
27960,446.25,0.8,122.774405639
27980,456.3,0.8,132.426091319
28000,467.4,0.95,157.619926157
28020,434.6,0.75,116.273398972
28040,464.2,0.7,102.149892504
28060,430.5,0.8,121.248424915
28080,421.0,0.85,151.021593353
28100,441.8,0.8,124.530690875
28120,455.4,0.75,105.850432766
28140,419.0,0.95,171.752275366
28160,407.1,0.75,121.027929301
28180,465.2,0.7,77.1490226172
28200,489.2,0.85,138.563444653
28220,436.65,0.55,64.887767408
28240,446.9,0.6,65.8898183067
28260,433.6,0.85,133.288672664
28280,476.9,0.8,131.682459752
28300,468.15,0.9,146.368908821
28320,467.1,0.85,142.501852714
28340,539.4,0.65,88.612147326
28360,505.3,0.65,85.8275315992
28380,469.7,0.85,112.959671485
28400,473.75,0.75,112.346173691
28420,500.6,0.8,106.75887906
28440,493.85,0.8,114.268574412
28460,443.55,0.85,149.017146604
28480,438.0,0.85,135.649169249
28500,504.05,0.9,140.220592578
28520,477.25,0.85,118.987295492
28540,450.2,0.8,116.43583257
28560,454.5,0.85,130.23082195
28580,450.8,0.8,135.37374091
28600,491.5,1.0,154.961220046
28620,433.4,0.85,137.38002796
28640,442.7,1.0,163.543126972
28660,471.9,0.8,133.681095093
28680,399.1,0.85,144.408187051
28700,427.2,0.8,124.021132955
28720,399.75,0.85,148.721152132
28740,405.1,0.65,86.3072525862
28760,463.05,0.9,151.306776283
28780,455.65,1.0,172.352897401
28800,432.4,0.95,167.79560931
28820,394.35,0.65,97.6554558602
28840,418.75,0.95,163.276708092
28860,399.6,0.7,106.453302527
28880,425.7,0.75,111.818217866
28900,455.95,0.9,139.819806103
28920,398.35,0.6,78.3336674429
28940,438.2,0.8,107.201311091
28960,448.05,0.95,152.124190375
28980,462.15,0.75,103.747715795
29000,446.95,0.7,89.1091795036
29020,489.95,0.9,139.341771068
29040,451.75,0.75,97.1225864909
29060,495.95,0.8,94.0103685402
29080,413.35,0.7,100.876903619
29100,475.8,0.85,132.880214916
29120,466.55,0.9,147.580428174
29140,493.05,0.7,90.8934500762
29160,495.8,0.65,69.8885541769
29180,524.3,0.75,94.3693680105
29200,538.45,0.8,86.8873936596
29220,508.8,0.9,120.507182437
29240,508.55,0.7,68.6950628199
29260,535.2,0.85,100.371580186
29280,531.15,0.85,130.809038932
29300,519.7,0.8,88.6106015244
29320,519.85,0.65,61.8608626437
29340,576.5,0.65,61.4422245038
29360,622.15,0.65,53.4036153928
29380,605.2,0.75,108.154768542
29400,566.7,0.75,72.4271378071
29420,502.25,0.6,58.4779289249
29440,628.65,0.8,84.9882955133
29460,610.6,0.8,84.0236926481
29480,623.1,0.7,71.9484268503
29500,610.45,0.6,36.0260880612
29520,675.25,0.6,25.6419410025
29540,667.45,0.55,12.8582325336
29560,672.9,0.55,18.3657083906
29580,633.7,0.6,38.5072626641
29600,619.75,0.65,51.1764689322
29620,606.25,0.6,31.9050338155
29640,569.6,0.75,79.4493394022
29660,626.2,0.5,17.2855231609
29680,538.8,0.9,119.403428525
29700,564.2,0.85,118.273049045
29720,600.35,0.7,63.8667319309
29740,646.15,0.9,104.12792629
29760,549.1,0.7,84.6415129149
29780,488.6,0.6,66.1287371169
29800,503.75,0.7,101.099563578
29820,556.8,0.85,117.982506114
29840,586.95,0.9,120.672066868
29860,551.3,0.95,148.55042777
29880,596.85,0.7,70.5694166111
29900,575.4,0.8,98.2657304848
29920,564.5,0.7,98.9994917891
29940,635.2,0.85,119.299206682
29960,644.9,0.65,62.6479467031
29980,572.4,0.95,143.131517951
30000,573.4,0.85,116.150044475
