10,85.3,0.0,-235.650370995
20,99.5,0.0,-269.547580464
30,93.1,0.0,-270.858021524
40,99.9,0.0,-269.873645235
50,122.4,0.0,-239.678036579
60,117.0,0.0,-300.23673288
70,113.3,0.0,-241.515630322
80,136.0,0.0,-300.371855286
90,169.7,0.0,-374.100151932
100,165.8,0.0,-317.09500983
110,152.0,0.0,-360.911423282
120,178.9,0.0,-340.566224511
130,181.0,0.0,-326.067028506
140,172.2,0.0,-391.50835597
150,201.2,0.0,-394.920675582
160,172.2,0.0,-368.237313137
170,185.1,0.0,-274.053688634
180,150.8,0.0,-294.368015627
190,168.1,0.0,-250.452934786
200,156.2,0.0,-287.607511852
210,143.8,0.0,-336.586066577
220,127.4,0.0,-238.25947409
230,125.8,0.0,-218.200163435
240,199.9,0.0,-284.300724751
250,116.1,0.0,-233.399556796
260,125.2,0.0,-249.838621053
270,206.3,0.0,-136.532658331
280,133.4,0.0,-150.291777458
290,122.9,0.0,-162.519887493
300,116.2,0.0,-110.070438172
310,138.0,0.0,-165.688343458
320,149.2,0.0,-131.376974412
330,188.9,0.0,-176.423100652
340,132.8,0.0,-127.088888828
350,217.0,0.0,-168.29134515
360,267.0,0.0,-210.882767869
370,201.2,0.0,-184.66421465
380,286.0,0.0,-233.506343205
390,275.3,0.0,-209.755880804
400,269.0,0.0,-207.36526883
410,341.6,0.0,-214.684682773
420,221.5,0.0,-181.757869413
430,319.2,0.0,-155.922604269
440,514.3,0.0,-212.513642767
450,514.0,0.0,-190.141813935
460,280.5,0.0,-111.691068061
470,295.0,0.0,-76.949003259
480,150.2,0.0,-84.8964994351
490,309.7,0.0,-60.7438895475
500,316.8,0.0,-55.945836119
510,136.8,0.0,-55.3672913597
520,210.6,0.0,-69.7045361988
530,248.8,0.0,-46.0123869931
540,298.8,0.0,-60.7536533911
550,315.8,0.0,-50.9399011158
560,394.2,0.0,-50.7369322125
570,319.9,0.0,-51.071572723
580,481.5,0.0,-70.3826138118
590,654.5,0.0,-72.9486767281
600,264.2,0.0,-59.7897339684
610,303.4,0.0,-36.7816017327
620,308.5,0.0,-40.2664947627
630,315.3,0.0,-41.8819671488
640,217.1,0.0,-35.6205441888
650,221.3,0.0,-42.9583715678
660,226.0,0.0,-16.6375709265
670,388.6,0.0,-35.412360895
680,445.6,0.0,-56.26641321
690,494.0,0.0,-13.1751728034
700,364.6,0.0,-113.412096249
710,482.3,0.0,-40.9804322881
720,440.8,0.0,-29.3517455514
730,682.2,0.0,-24.5810341077
740,711.7,0.0,-93.3252485109
750,627.2,0.0,-32.2626880769
760,740.0,0.0,-54.1564481163
770,704.8,0.0,-50.6295607166
780,654.2,0.1,-28.2698239557
790,501.5,0.0,-24.356730546
800,617.6,0.0,-37.399800172
810,720.4,0.0,-14.6589298696
820,768.0,0.1,35.7799731401
830,607.6,0.0,-21.5523899289
840,490.6,0.0,-58.7451628605
850,749.4,0.0,-20.5889952086
860,859.0,0.0,-0.477552527012
870,931.3,0.0,-49.3922867391
880,1000.0,0.0,-23.4902928091
890,972.8,0.1,-15.7659466764
900,921.5,0.0,45.9579113946
910,789.6,0.0,3.59318568638
920,824.0,0.0,2.20180737218
930,800.1,0.0,27.414282721
940,789.0,0.0,42.6285573201
950,552.8,0.0,22.4179374853
960,547.6,0.0,22.0576487365
970,420.3,0.0,-24.2858142613
980,603.5,0.0,41.6657533924
990,579.7,0.1,47.0111090796
1000,489.3,0.1,24.5884528118
1010,844.8,0.1,84.1845672742
1020,567.8,0.1,20.1499989933
1030,783.5,0.7,137.06472292
1040,544.0,0.6,108.197513086
1050,587.9,0.6,112.442750274
1060,500.5,0.7,115.765256654
1070,428.0,0.5,51.4231315534
1080,457.0,0.8,139.612910445
1090,386.9,0.7,94.4744443513
1100,495.0,0.6,55.2510824378
1110,681.4,0.9,130.95991206
1120,518.6,0.6,66.4446539273
1130,553.3,0.7,75.8554484405
1140,551.4,0.5,38.7096403261
1150,422.2,0.7,108.647609085
1160,419.6,0.7,116.950592527
1170,440.8,0.8,128.375194678
1180,363.6,0.5,70.8446824036
1190,358.0,0.7,132.836477455
1200,365.3,0.8,134.959102823
1210,379.1,0.8,152.203406573
1220,325.8,0.8,153.624447352
1230,229.7,0.3,46.5227579813
1240,249.3,0.4,74.4664913991
1250,263.9,0.7,147.32278211
1260,234.1,0.5,86.8675883728
1270,268.2,0.5,89.2407394274
1280,245.6,0.4,72.6256411296
1290,310.3,0.7,126.594877338
1300,263.9,0.5,73.0734315556
1310,283.1,0.4,61.2338568622
1320,275.5,0.6,123.132356272
1330,257.9,0.5,98.4696830841
1340,256.4,0.5,100.757363211
1350,302.0,0.8,173.662574507
1360,275.0,0.7,135.820051699
1370,275.8,0.7,146.396251689
1380,298.4,0.9,199.11818672
1390,345.3,0.8,169.686845364
1400,295.1,0.9,196.438842986
1410,305.5,0.9,189.260836971
1420,257.3,0.5,80.2398693275
1430,273.9,0.6,111.317396447
1440,253.8,0.7,157.922054532
1450,287.6,0.9,176.894318374
1460,259.9,0.7,152.756525923
1470,305.8,0.9,181.800489644
1480,282.8,0.8,165.564533218
1490,291.8,0.8,170.015551987
1500,325.1,0.9,178.23192304
1510,277.0,0.8,161.682066722
1520,319.4,1.0,202.042462698
1530,346.4,0.8,156.831230779
1540,315.2,0.9,183.503017961
1550,322.3,1.0,222.118052487
1560,317.5,1.0,208.349258463
1570,287.2,0.8,174.423057656
1580,312.6,0.9,192.371613296
1590,321.4,1.0,222.2494887
1600,350.0,1.0,203.968875736
1610,317.6,0.9,176.981274027
1620,339.7,0.8,165.952296333
1630,298.9,0.8,148.924619412
1640,331.1,1.0,200.598047537
1650,331.7,1.0,204.569522299
1660,424.7,0.9,179.726253828
1670,325.5,0.9,167.928158423
1680,291.6,0.7,124.790899683
1690,281.6,0.9,169.144004664
1700,277.1,0.9,173.703379648
1710,288.2,0.8,151.56038977
1720,353.8,1.0,182.691937071
1730,375.1,0.8,125.858970507
1740,364.6,0.7,104.846206064
1750,452.7,0.8,123.072630054
1760,333.1,0.5,42.2867096585
1770,359.5,0.9,146.232430541
1780,352.6,0.8,129.693346816
1790,400.9,0.8,97.4926766863
1800,342.8,0.7,97.9053985378
1810,368.7,0.7,90.385488966
1820,390.2,0.9,174.64908098
1830,391.5,1.0,200.315048354
1840,395.0,1.0,187.744508682
1850,400.3,1.0,191.960604226
1860,407.1,1.0,186.583763508
1870,391.8,1.0,197.931080495
1880,377.0,0.8,146.795922468
1890,400.9,1.0,205.420385559
1900,340.2,1.0,193.30727058
1910,336.9,1.0,205.712611011
1920,309.1,1.0,217.87674278
1930,326.4,0.9,176.49138107
1940,308.1,1.0,209.31428761
1950,306.8,1.0,218.271550974
1960,271.7,0.8,161.012696682
1970,275.7,0.7,143.972851587
1980,254.5,0.9,203.680709563
1990,216.7,0.7,166.890172911
2000,182.9,0.4,85.9747154205
2010,202.7,0.7,160.81493487
2020,193.8,0.5,111.665207926
2030,192.1,0.6,126.610696933
2040,167.6,0.4,76.3941083262
2050,180.1,0.6,142.615330638
2060,182.5,0.4,94.7447426112
2070,168.4,0.3,66.6944242583
2080,203.8,0.6,137.630253678
2090,192.4,0.5,99.4499459183
2100,171.4,0.4,96.7046741037
2110,191.7,0.4,86.2195504255
2120,174.0,0.3,59.5294331377
2130,185.9,0.2,38.279538097
2140,182.0,0.2,27.4048914536
2150,233.2,0.7,154.192535616
2160,204.7,0.4,64.6569552757
2170,217.1,0.5,86.3872785833
2180,212.1,0.3,35.0387360708
2190,265.3,0.7,131.888231557
2200,241.8,0.5,66.0824253099
2210,241.7,0.4,46.9663375623
2220,261.8,0.5,68.014384269
2230,330.2,0.6,84.4350591588
2240,302.9,0.8,141.475541597
2250,291.4,0.8,131.227373667
2260,282.5,0.6,89.6615095181
2270,241.0,0.3,19.306445238
2280,354.8,0.8,135.063750148
2290,353.7,0.6,83.1947446503
2300,330.9,0.5,54.5912944304
2310,391.2,0.8,119.837946575
2320,349.6,0.6,68.9303886262
2330,374.8,0.3,-18.8698338896
2340,405.0,0.6,61.0930726525
2350,433.2,0.7,79.3539065162
2360,423.5,0.8,116.975988464
2370,443.1,1.0,156.592897128
2380,422.4,0.6,72.2302219154
2390,462.4,0.9,142.941824633
2400,461.6,0.9,128.811209369
2410,445.3,0.8,114.786542497
2420,373.2,1.0,198.326732287
2430,356.9,1.0,197.047737498
2440,353.9,1.0,207.171056542
2450,313.6,0.9,174.431481983
2460,349.6,1.0,204.834679472
2470,315.4,0.8,163.913215103
2480,319.5,0.9,187.238441163
2490,325.0,1.0,207.360742627
2500,325.9,0.9,190.458926126
2510,307.6,0.7,137.014539693
2520,350.2,0.8,150.810247753
2530,337.1,0.7,111.188004697
2540,338.3,0.9,170.106694495
2550,355.9,0.8,144.902923806
2560,365.2,0.7,95.7950548877
2570,292.9,0.6,116.09939391
2580,335.7,0.7,102.943476803
2590,418.3,0.9,140.404511931
2600,477.1,0.7,56.7548331147
2610,434.1,0.9,144.686448741
2620,438.2,0.7,80.6308824237
2630,453.6,0.8,100.996653384
2640,386.3,0.7,91.9949281808
2650,401.2,0.8,122.843465375
2660,404.2,0.9,157.103833803
2670,442.3,0.8,110.15870379
2680,448.1,0.6,38.8899196136
2690,523.7,0.8,65.4800100005
2700,571.0,0.8,81.1137169222
2710,482.4,0.4,-42.3440044193
2720,465.0,0.8,107.386152128
2730,401.6,0.8,100.612404118
2740,378.8,0.5,4.51791487896
2750,359.9,0.5,12.0283829808
2760,412.5,0.4,-8.99354635381
2770,392.7,0.6,34.5002256352
2780,401.1,0.6,24.1575294218
2790,378.0,0.6,51.1853193332
2800,426.1,0.8,95.0994689609
2810,376.9,0.8,106.092672443
2820,348.1,0.4,-4.10571630273
2830,400.6,0.6,50.6458930228
2840,382.7,0.5,10.5482585229
2850,343.4,0.4,18.3684885457
2860,355.9,0.6,59.3997025759
2870,477.8,0.8,78.1464680061
2880,449.6,0.8,106.878740126
2890,364.0,0.7,100.471714465
2900,414.2,0.7,88.7485031623
2910,341.7,0.6,82.3656487065
2920,377.1,0.6,67.3131689542
2930,329.9,0.6,95.8635372761
2940,353.2,0.6,98.3122742626
2950,334.0,0.8,152.17680219
2960,350.8,0.8,136.989851062
2970,312.2,0.5,56.5963686554
2980,316.5,0.9,172.248145953
2990,294.9,0.5,76.0689771048
3000,298.0,0.6,97.7929548151
3010,340.2,1.0,202.009230833
3020,338.5,0.8,142.999070271
3030,342.0,0.9,151.660333865
3040,361.2,0.7,105.138445712
3050,332.5,0.7,125.334735311
3060,332.4,0.9,166.512618371
3070,325.2,0.6,114.662709708
3080,370.9,0.9,158.750160986
3090,323.0,1.0,211.894727037
3100,326.8,0.7,129.976729653
3110,289.3,0.6,107.900867835
3120,279.9,0.7,127.94616407
3130,289.7,0.5,81.8790928048
3140,281.0,0.7,147.931854074
3150,279.8,0.6,100.185532922
3160,293.3,0.5,77.1526788613
3170,298.3,0.6,102.183083319
3180,319.5,0.8,137.089197382
3190,327.3,0.9,168.673966801
3200,288.1,0.5,64.4846716953
3210,319.1,0.8,161.148014578
3220,269.7,0.8,160.231591444
3230,271.2,0.6,96.5141351401
3240,303.1,0.9,175.268815026
3250,267.4,0.9,179.264834516
3260,255.4,0.5,65.9746141321
3270,266.8,0.6,107.032039092
3280,292.6,0.7,128.697848784
3290,289.4,0.7,120.041115363
3300,259.0,0.6,98.3340444943
3310,323.7,0.6,103.984806673
3320,255.3,0.6,101.037616681
3330,290.9,0.9,185.553805919
3340,273.5,0.6,96.0019811
3350,267.6,0.5,62.7648978081
3360,410.2,0.8,137.085635802
3370,298.5,0.8,136.065445275
3380,313.3,0.9,150.706985978
3390,308.0,0.7,100.507097645
3400,300.9,0.8,135.267722531
3410,260.6,0.4,57.5362474035
3420,302.5,0.8,152.314223927
3430,303.7,0.9,163.560557113
3440,360.2,0.9,176.04240612
3450,300.8,0.9,159.225324073
3460,271.1,0.8,168.040712733
3470,273.9,0.9,171.788966849
3480,262.4,0.7,132.084268073
3490,286.6,0.7,111.67816498
3500,304.5,0.9,183.026112677
3510,268.8,0.5,93.5035149525
3520,270.0,0.7,129.108706776
3530,298.3,1.0,201.061040978
3540,282.9,0.8,158.35788731
3550,285.0,0.7,134.147235971
3560,252.5,0.6,115.691867229
3570,243.8,0.8,159.983654585
3580,279.0,0.9,177.160689259
3590,269.5,1.0,212.843472891
3600,226.5,0.5,87.0614546452
3610,276.3,0.8,140.041426407
3620,269.2,0.9,168.807843784
3630,234.3,0.8,154.781427049
3640,253.7,0.5,52.3790182059
3650,242.6,0.9,187.118359453
3660,271.5,0.8,141.150468135
3670,335.0,0.7,108.845904903
3680,210.4,0.5,74.5372177076
3690,270.1,0.7,129.035719948
3700,251.7,0.5,79.3750936538
3710,263.6,0.9,172.576559822
3720,308.2,0.8,136.165346458
3730,245.5,0.8,163.678388861
3740,283.1,0.9,180.687792181
3750,256.4,0.7,125.566449159
3760,297.0,0.9,177.933724259
3770,230.5,0.8,155.636093182
3780,253.4,0.6,99.7012010676
3790,252.9,0.7,119.274674765
3800,237.1,0.7,119.861748692
3810,246.7,0.8,147.9148785
3820,297.0,0.7,107.282399697
3830,209.3,0.5,94.1915053769
3840,252.3,0.7,150.62032736
3850,263.8,0.7,114.374090344
3860,239.3,0.7,142.398101864
3870,196.5,0.5,88.5072122813
3880,233.6,0.9,186.737458
3890,200.5,0.7,139.929681984
3900,229.6,0.6,117.044813267
3910,231.7,0.6,116.292050429
3920,271.8,0.7,144.819576566
3930,254.6,0.7,131.933862353
3940,224.0,0.4,67.7767049078
3950,338.7,1.0,193.763856201
3960,248.0,0.7,118.962855906
3970,253.0,1.0,210.445385165
3980,206.9,0.4,70.7878760191
3990,264.7,0.7,123.916585081
4000,263.3,0.8,159.743103599
4010,216.8,0.6,112.911474658
4020,247.4,0.7,148.713679467
4030,241.3,0.9,187.886854587
4040,214.0,0.6,129.275762398
4050,218.8,0.8,178.620416731
4060,246.1,0.9,193.761109422
4070,221.6,0.6,123.497652481
4080,314.3,0.8,149.946708681
4090,273.2,0.9,197.19473806
4100,220.4,0.6,109.744525759
4110,314.7,0.6,105.473883406
4120,236.9,0.7,136.762838506
4130,298.0,0.8,143.504838525
4140,258.7,0.7,148.705637708
4150,251.6,0.9,191.676579024
4160,254.2,0.9,191.59231341
4170,254.0,0.8,155.359337481
4180,289.9,0.8,167.571622864
4190,280.4,0.7,122.224976604
4200,246.2,0.7,148.993623315
4210,252.6,0.7,139.488698372
4220,314.2,0.9,154.029562468
4230,314.2,1.0,210.47306931
4240,312.5,1.0,195.609910251
4250,279.0,0.8,153.555598245
4260,327.3,1.0,200.494252997
4270,324.6,0.9,173.077260044
4280,280.5,0.9,181.700627829
4290,300.4,1.0,204.989308354
4300,278.3,0.7,128.560115414
4310,319.7,1.0,209.945194531
4320,299.9,0.9,189.605654789
4330,327.7,0.6,78.6722510696
4340,298.5,0.9,176.709592455
4350,300.2,0.8,145.914195657
4360,333.5,0.9,171.195342341
4370,280.4,1.0,208.681133222
4380,275.5,0.8,164.632801609
4390,277.2,0.7,135.557183921
4400,272.6,0.8,154.095787324
4410,300.5,0.9,176.426735432
4420,278.9,0.9,186.734329385
4430,305.3,0.8,142.303695972
4440,269.6,0.8,150.926731781
4450,266.6,0.7,149.432864436
4460,291.4,0.8,168.645307686
4470,249.1,0.8,154.951103877
4480,256.7,0.6,109.231272272
4490,304.2,0.9,178.347504469
4500,289.8,0.9,179.080377268
4510,297.3,0.9,202.321157934
4520,288.0,0.7,115.874903066
4530,250.8,0.6,119.476728218
4540,267.8,0.7,140.404244318
4550,261.1,0.6,109.984350319
4560,226.9,0.6,108.668696916
4570,260.9,0.7,123.5046565
4580,216.3,0.8,162.697415267
4590,247.3,0.7,118.091997324
4600,247.0,0.8,156.143310067
4610,216.8,0.4,56.2067882818
4620,224.1,0.6,116.286861134
4630,267.5,0.6,122.574284669
4640,264.6,0.9,179.63457927
4650,210.0,0.3,19.2623705984
4660,247.8,0.7,125.447444622
4670,205.9,0.3,11.7047763662
4680,277.5,0.8,170.410185249
4690,281.3,0.8,148.194722312
4700,285.0,0.8,147.469463057
4710,235.3,0.5,66.6026035744
4720,291.9,0.7,130.389720029
4730,255.5,0.5,67.8390018148
4740,259.7,0.6,104.664314142
4750,231.5,0.7,123.224454193
4760,210.5,0.5,78.4594877435
4770,307.8,0.8,139.128041179
4780,220.3,0.6,107.083374937
4790,257.4,0.8,149.821859284
4800,224.7,0.6,81.2336761003
4810,222.4,0.6,100.388531287
4820,264.7,0.8,154.011030508
4830,223.5,0.3,9.60361581404
4840,230.0,0.6,88.016907023
4850,231.5,0.6,109.788733571
4860,243.0,0.5,57.7693196567
4870,244.9,0.6,71.210649752
4880,221.3,0.5,78.4669736085
4890,212.1,0.6,80.4282613394
4900,215.7,0.4,31.2566005064
4910,227.3,0.6,102.270517066
4920,264.6,0.6,79.0477954458
4930,243.4,0.7,129.164534702
4940,246.8,0.5,57.2634873662
4950,253.6,0.7,113.870591479
4960,230.3,0.5,30.8053240438
4970,223.5,0.5,56.1464232731
4980,231.7,0.6,100.406185904
4990,251.7,0.5,72.6190377881
5000,334.3,0.9,166.150716642
5010,252.1,0.7,112.145204422
5020,245.6,0.6,110.044053712
5030,339.7,0.7,73.8500214711
5040,295.4,0.7,100.18425667
5050,330.0,0.6,75.2447810686
5060,257.9,0.5,52.240232929
5070,267.9,0.8,136.531861023
5080,314.3,0.7,82.3321821733
5090,273.0,0.6,75.6236135114
5100,292.4,0.7,106.544848841
5110,315.8,0.8,111.539399652
5120,288.7,0.5,47.7593522726
5130,317.2,0.8,118.056225329
5140,296.6,0.7,85.8849982005
5150,280.1,0.6,79.0050184236
5160,269.9,0.4,31.0486915641
5170,262.6,0.5,87.2960681177
5180,305.1,0.6,72.0558284333
5190,289.4,0.7,86.7555033528
5200,313.5,0.8,142.646843254
5210,283.2,0.8,142.629142561
5220,291.4,0.8,151.571832625
5230,284.5,0.8,172.696707873
5240,313.6,0.7,109.829142844
5250,300.8,0.7,110.235430483
5260,272.9,0.8,165.678989838
5270,238.4,0.7,131.406585671
5280,326.1,0.8,131.51945261
5290,306.1,0.9,144.747027588
5300,290.3,0.9,181.029460756
5310,303.2,0.9,175.132226047
5320,305.9,0.9,158.123518413
5330,305.7,0.9,171.096855113
5340,312.4,0.9,172.945025289
5350,293.0,0.8,130.855167652
5360,280.5,0.7,110.46396487
5370,368.5,0.8,113.774331888
5380,312.3,0.7,114.869912569
5390,315.3,0.8,148.485634692
5400,341.7,0.9,167.775755062
5410,279.6,0.8,154.467140392
5420,307.1,0.8,140.005983586
5430,318.1,1.0,199.320891637
5440,294.8,0.9,172.639388262
5450,299.8,0.8,154.77876658
5460,328.6,0.8,163.109651441
5470,262.1,1.0,213.228297982
5480,280.3,0.9,173.90316474
5490,275.4,0.8,152.899939726
5500,246.5,0.9,191.303937402
5510,235.1,0.7,126.504437275
5520,284.1,0.8,135.194809998
5530,216.8,0.7,130.458787614
5540,241.1,0.8,176.138475863
5550,242.7,0.7,136.947867223
5560,197.4,0.7,132.159402421
5570,211.4,0.5,81.1818918901
5580,231.1,0.7,138.903532869
5590,204.1,0.5,89.2642337542
5600,240.3,0.8,155.51847475
5610,247.6,0.8,158.561264223
5620,213.5,0.7,142.317531418
5630,221.5,0.8,164.605782722
5640,201.0,0.5,78.0726734634
5650,202.5,0.6,111.82321177
5660,235.5,0.8,154.115847293
5670,241.1,0.7,120.640244371
5680,234.3,0.6,93.7362106838
5690,239.3,0.6,94.0171747063
5700,256.4,0.8,151.027613786
5710,267.9,0.9,192.486913327
5720,204.2,0.6,115.674094593
5730,244.8,0.8,160.22969065
5740,191.7,0.5,94.7024869241
5750,225.7,0.8,163.115739957
5760,229.9,0.7,117.954160895
5770,249.0,0.7,128.380105282
5780,303.6,1.0,198.527997089
5790,278.1,0.6,100.180696548
5800,222.2,0.6,97.4085703378
5810,285.4,0.8,155.236122512
5820,371.5,0.6,97.3212405188
5830,253.0,0.9,195.051977886
5840,289.7,1.0,221.855908123
5850,320.6,1.0,194.080160968
5860,266.9,0.6,102.290570724
5870,276.4,0.9,189.693522651
5880,320.3,0.8,132.809205
5890,235.7,0.6,98.791302928
5900,299.7,0.7,112.974571335
5910,267.4,0.6,97.0836173893
5920,277.4,0.9,165.649251902
5930,286.7,0.8,149.638325021
5940,255.2,0.8,155.512576886
5950,255.1,0.6,85.7882899176
5960,348.8,0.8,119.174412243
5970,271.2,0.6,93.7037310445
5980,334.9,0.9,153.145164928
5990,324.9,0.9,158.443573675
6000,260.3,0.7,122.434694618
6010,234.5,0.9,180.31727341
6020,299.4,0.9,173.667151015
6030,311.4,0.9,171.079291874
6040,270.9,0.8,163.689232025
6050,246.6,0.9,185.638573724
6060,290.1,1.0,204.000053861
6070,224.2,0.7,131.943196626
6080,236.5,0.8,151.656313385
6090,259.0,0.9,181.881731641
6100,249.2,1.0,205.240314743
6110,240.0,1.0,206.858006694
6120,246.2,0.6,100.528906575
6130,235.5,0.8,166.089685875
6140,227.5,0.8,164.974337868
6150,268.7,0.7,119.188082676
6160,259.1,0.7,122.07478428
6170,206.0,0.8,159.102737227
6180,215.3,0.6,107.666286518
6190,227.2,0.6,100.058118408
6200,268.5,0.8,160.512273132
6210,177.2,0.4,56.9531825556
6220,215.3,0.6,110.356152266
6230,251.2,0.6,103.265199248
6240,238.9,0.6,119.465831123
6250,226.0,0.7,112.733077956
6260,232.4,0.8,143.709234235
6270,254.7,0.6,121.267742764
6280,278.1,0.9,162.849713902
6290,225.8,0.8,171.551727166
6300,216.8,0.7,123.291837954
6310,254.4,0.7,137.038297445
6320,242.6,0.7,138.441049417
6330,266.5,0.7,130.285588658
6340,252.0,0.6,86.0991221284
6350,246.6,0.7,127.274147763
6360,284.8,0.9,170.57513494
6370,260.1,0.7,125.185463642
6380,275.7,0.7,119.456662812
6390,317.3,1.0,192.586100436
6400,281.0,0.9,171.934433354
6410,271.2,0.9,186.26573353
6420,316.3,0.9,170.381881944
6430,237.6,0.7,119.748189048
6440,294.0,1.0,188.501765804
6450,247.4,0.6,111.128648259
6460,340.8,0.9,171.588512428
6470,240.0,0.8,152.753160284
6480,246.4,0.8,157.079652683
6490,304.8,0.8,141.674407203
6500,275.1,0.9,177.657212213
6510,316.4,0.5,74.6092909915
6520,299.6,0.8,126.267824213
6530,299.8,0.7,125.26242558
6540,346.0,0.7,133.944543945
6550,279.0,0.6,102.753507053
6560,275.1,0.8,143.788108759
6570,313.2,0.9,162.785615638
6580,253.8,0.7,129.282307518
6590,231.8,0.6,109.021793688
6600,243.4,0.9,179.410652925
6610,275.0,0.9,167.063842236
6620,226.8,0.8,160.20448503
6630,210.1,0.6,105.692877745
6640,263.2,0.7,119.241545888
6650,275.9,0.9,160.667406992
6660,295.9,0.8,159.598725412
6670,263.0,0.6,92.6680888641
6680,230.2,0.5,75.6670867273
6690,269.7,0.7,130.631457927
6700,327.6,0.6,100.115942825
6710,265.1,0.8,110.688354825
6720,304.0,0.5,49.5819825744
6730,330.4,0.8,114.556653979
6740,236.3,0.3,12.9674197771
6750,257.9,0.8,158.364757792
6760,236.9,0.7,128.603331904
6770,313.4,0.7,104.579190423
6780,260.9,0.8,164.260880051
6790,282.0,0.7,117.474224635
6800,298.9,0.5,86.4114093182
6810,261.1,0.7,128.648847862
6820,262.7,0.6,98.7588661995
6830,243.7,0.7,122.234570055
6840,336.0,0.8,143.098343676
6850,229.5,0.8,148.083673698
6860,240.5,0.5,59.7782616093
6870,264.5,1.0,195.64474095
6880,227.2,0.6,101.499797369
6890,228.4,0.5,54.9882369312
6900,236.1,0.9,177.43099511
6910,271.8,0.7,135.250094795
6920,276.6,0.9,165.18175103
6930,240.0,0.8,142.98579755
6940,258.4,0.7,130.121223015
6950,266.8,0.6,95.2285847124
6960,219.7,0.8,157.375054034
6970,201.1,0.6,104.451332875
6980,195.5,0.6,103.951995173
6990,237.9,0.7,123.570001815
7000,272.7,0.7,117.93858969
7010,223.3,0.7,132.298765841
7020,266.9,0.7,131.275375844
7030,244.5,0.7,131.005751726
7040,211.6,0.3,43.7965393606
7050,238.1,0.8,158.097466302
7060,293.9,0.7,119.793403573
7070,253.7,0.7,125.868672314
7080,282.3,0.7,115.391656635
7090,250.4,0.8,153.918596992
7100,178.1,0.2,0.307938816335
7110,236.7,0.8,152.606872814
7120,287.6,0.9,158.328922421
7130,360.6,0.8,159.017758217
7140,271.7,0.8,163.65622716
7150,254.4,0.7,116.717050923
7160,280.0,0.7,133.20114538
7170,360.4,0.6,100.210183673
7180,281.9,0.7,118.777122132
7190,321.1,0.8,133.279800549
7200,313.7,0.8,136.671818659
7210,251.1,0.7,141.52051336
7220,264.4,0.9,175.615709973
7230,287.9,0.8,150.58596296
7240,299.1,0.9,186.472938378
7250,239.2,0.5,72.2163964011
7260,267.8,0.8,147.545913875
7270,274.0,0.7,115.584170653
7280,285.1,0.9,176.395634768
7290,351.7,0.9,168.033620862
7300,287.7,0.8,145.158058901
7310,304.7,0.8,140.04380312
7320,271.2,0.7,125.062228413
7330,295.9,0.9,169.244179873
7340,316.8,0.7,122.985137449
7350,336.1,0.8,133.154158099
7360,278.9,0.5,74.3774630314
7370,305.3,0.9,170.367607927
7380,334.8,0.9,161.531846605
7390,372.1,0.7,119.775234286
7400,370.4,1.0,180.107159955
7410,364.0,0.9,161.569865493
7420,387.9,1.0,200.526889765
7430,368.0,0.8,117.2858605
7440,436.2,0.7,110.229623514
7450,409.8,0.7,90.3181086293
7460,369.4,0.5,13.8137769973
7470,460.1,0.8,106.549462406
7480,329.2,0.5,16.5976268778
7490,352.6,0.7,76.4802350733
7500,342.6,0.7,107.133591932
7510,357.1,0.8,122.993585774
7520,387.2,0.9,126.87892804
7530,385.7,0.8,125.320991887
7540,364.2,0.8,97.9907743999
7550,315.6,0.6,60.1310444092
7560,323.1,0.8,91.3635913952
7570,342.0,0.6,61.1509976986
7580,312.6,0.6,65.1151489341
7590,374.1,0.7,71.8597413457
7600,339.6,0.7,83.4222015877
7610,360.0,0.6,69.9786819145
7620,389.0,0.6,59.8767888974
7630,329.4,0.8,103.139724009
7640,317.0,0.8,110.210419316
7650,273.6,0.6,81.4272936065
7660,377.4,1.0,152.582303347
7670,303.5,0.8,111.024793711
7680,351.0,0.5,45.8726522983
7690,291.7,0.8,126.827924275
7700,344.7,0.9,166.439042605
7710,273.8,0.6,79.8528597065
7720,334.6,0.7,111.165848161
7730,296.7,0.7,98.4764953323
7740,280.9,0.9,177.591443141
7750,258.0,0.8,161.480347861
7760,287.3,0.7,123.026523679
7770,283.1,0.7,109.55559363
7780,334.7,0.9,170.926344908
7790,271.7,0.8,138.693295583
7800,236.8,0.6,107.370804823
7810,271.4,0.9,176.411029989
7820,252.4,0.6,81.3267317453
7830,349.5,0.9,161.451737083
7840,289.2,0.8,152.273191091
7850,283.1,0.9,184.528612646
7860,271.6,0.7,133.358855745
7870,267.5,0.6,90.3849372379
7880,302.4,0.6,76.8267765634
7890,289.9,0.8,133.124183883
7900,378.9,0.9,159.861835361
7910,277.6,0.8,148.51036834
7920,311.8,0.6,71.900933351
7930,317.9,1.0,185.019267318
7940,285.5,0.7,120.756383622
7950,296.6,0.8,128.948951264
7960,340.6,0.7,101.749071785
7970,300.4,0.8,150.512831629
7980,411.8,0.8,127.823067383
7990,323.3,0.7,120.398041812
8000,353.6,0.6,77.3556861479
8010,305.2,0.7,111.052517022
8020,350.4,0.8,128.980483106
8030,339.8,0.8,138.641348271
8040,350.7,0.9,174.832283149
8050,356.6,0.7,105.435938877
8060,359.9,0.5,37.5489523291
8070,351.4,0.9,157.752708651
8080,432.6,1.0,137.490581354
8090,369.7,0.9,142.767640492
8100,373.0,0.7,81.6452344914
8110,435.0,0.8,96.9704736798
8120,435.0,0.7,53.1688248631
8130,425.1,0.8,99.7699625884
8140,307.7,0.4,-6.1180914048
8150,383.5,1.0,142.453026719
8160,348.2,0.6,41.9596249934
8170,399.6,0.6,25.4129850541
8180,366.3,0.6,32.9552129938
8190,404.0,0.8,89.6701542253
8200,344.1,0.5,22.2699187558
8210,278.7,0.1,-82.5017061907
8220,338.2,0.4,-28.7570433991
8230,320.3,0.5,11.4220021205
8240,335.0,0.6,16.9409537878
8250,354.6,0.6,26.8588963932
8260,341.3,0.5,4.79871717098
8270,360.2,0.3,-23.5068460319
8280,275.6,0.3,-55.4378642921
8290,329.2,0.3,-49.0092971163
8300,368.3,0.3,-74.2200254558
8310,312.9,0.1,-101.916343783
8320,400.2,0.5,13.6635603097
8330,376.1,0.3,-54.5950510211
8340,448.7,0.6,29.8469199265
8350,376.6,0.6,17.4410294489
8360,386.6,0.7,74.8451209088
8370,453.9,0.6,29.4203674404
8380,446.2,0.8,81.0325658757
8390,380.1,0.5,23.7378396722
8400,473.6,0.7,85.3438752961
8410,542.8,0.8,97.9237908087
8420,548.5,1.0,148.491709473
8430,464.9,0.7,96.561333404
8440,454.6,0.6,57.6526055275
8450,440.1,0.5,36.6490518868
8460,455.6,0.8,118.397351888
8470,434.7,0.5,31.4985497797
8480,433.0,0.7,94.0731548375
8490,498.8,0.8,79.2608608477
8500,481.3,0.8,87.1062108334
8510,460.8,1.0,171.901000456
8520,437.0,1.0,181.26531286
8530,418.7,0.9,162.733117779
8540,512.5,1.0,177.777407205
8550,363.4,0.9,176.820778132
8560,373.5,1.0,190.221328061
8570,372.6,1.0,199.387238681
8580,345.6,1.0,201.506073064
8590,343.1,1.0,209.851274036
8600,338.7,1.0,207.957352001
8610,309.0,1.0,223.130459674
8620,330.7,0.8,151.469985563
8630,286.8,0.8,162.600594482
8640,299.9,0.8,163.097937341
8650,292.8,0.8,154.629262971
8660,277.9,0.9,184.767864961
8670,270.7,0.8,154.527547912
8680,321.8,1.0,201.43144842
8690,301.6,0.9,192.052610752
8700,284.1,0.8,155.152632265
8710,275.0,0.8,144.593661904
8720,259.6,0.5,68.6416203432
8730,270.3,0.9,177.186973799
8740,284.6,0.9,184.714037117
8750,230.2,0.5,80.2477640885
8760,269.7,0.8,155.077740218
8770,301.9,0.5,57.6303294208
8780,285.1,0.7,117.064620369
8790,255.0,0.7,135.87847485
8800,233.8,0.6,95.9920738582
8810,350.5,0.6,97.0152290728
8820,248.0,0.6,92.0326768004
8830,229.5,0.5,82.7817850119
8840,243.3,0.7,136.795030494
8850,323.2,0.7,137.626084023
8860,249.4,0.6,100.615986235
8870,294.1,0.7,110.788221603
8880,291.6,0.4,47.2199050162
8890,245.2,0.6,117.116962853
8900,221.1,0.4,62.2272739394
8910,232.0,0.6,101.393124448
8920,264.8,0.7,138.030436614
8930,210.9,0.4,65.8249461303
8940,259.8,0.8,166.985439536
8950,315.0,0.6,141.485409754
8960,270.3,0.6,98.4020967832
8970,251.5,0.9,203.104522459
8980,200.2,0.4,79.9122225102
8990,276.2,0.9,185.221123926
9000,212.9,0.6,121.147996091
9010,240.0,0.3,32.5819139818
9020,229.0,0.8,176.077317113
9030,217.2,0.5,82.1662376107
9040,263.4,1.0,226.866854159
9050,332.9,0.8,160.865794434
9060,279.8,0.8,156.706387972
9070,254.0,0.7,132.785597005
9080,314.9,0.5,72.9137678059
9090,215.4,0.6,120.969466612
9100,256.6,0.8,152.186823769
9110,327.9,0.8,181.066216355
9120,287.7,0.7,121.877063292
9130,391.6,0.7,135.340039105
9140,312.2,0.7,163.925817975
9150,239.4,0.7,134.568854183
9160,234.6,0.7,127.517951264
9170,310.8,0.8,168.355663505
9180,303.8,0.5,112.345380307
9190,343.8,0.5,93.8355055989
9200,319.6,0.7,138.083111703
9210,239.1,0.8,160.546930915
9220,323.9,0.9,210.436946515
9230,223.2,0.7,139.0402969
9240,221.0,0.6,125.670070985
9250,255.3,0.9,209.485338095
9260,232.7,0.9,187.942369847
9270,384.9,0.8,199.004362039
9280,268.5,1.0,211.01430455
9290,230.4,0.7,141.951499257
9300,221.4,0.8,167.279272265
9310,246.7,1.0,217.810194437
9320,298.3,0.8,176.152577441
9330,245.2,1.0,227.966678109
9340,247.0,0.9,195.959483942
9350,267.0,1.0,224.259722003
9360,235.0,0.9,191.939747817
9370,253.6,1.0,217.402947979
9380,239.5,0.7,135.225871863
9390,262.3,1.0,208.95772426
9400,345.8,0.8,135.71460825
9410,254.9,0.8,160.629518007
9420,260.3,0.8,162.267666654
9430,254.8,1.0,213.323058264
9440,248.9,0.7,143.755472906
9450,303.0,1.0,220.739330092
9460,309.3,0.9,176.756676784
9470,246.6,1.0,214.619713591
9480,254.0,0.9,194.739715942
9490,258.3,1.0,206.219086322
9500,306.5,0.8,153.908758418
9510,286.4,0.8,161.935830239
9520,253.5,0.5,67.5702864618
9530,252.4,1.0,200.636231704
9540,313.9,0.8,161.346635711
9550,287.1,1.0,203.781806437
9560,228.4,0.9,172.745697849
9570,238.8,0.9,188.589143482
9580,235.3,0.6,113.582954978
9590,258.0,1.0,205.39130714
9600,325.3,1.0,183.561693191
9610,250.7,0.9,188.833983862
9620,228.8,0.8,180.823042163
9630,309.6,1.0,175.582340745
9640,331.5,0.7,118.256899607
9650,251.2,0.9,192.320263767
9660,245.1,0.8,154.707591894
9670,242.5,0.8,167.757678712
9680,318.4,0.9,177.10234156
9690,288.2,1.0,200.492469404
9700,277.8,0.6,84.4334812349
9710,313.3,0.8,144.334863725
9720,310.4,1.0,199.727631508
9730,280.1,0.9,187.443080102
9740,286.1,0.9,175.475686282
9750,307.9,0.9,162.019759934
9760,241.3,0.9,186.394841299
9770,305.3,0.8,128.928819449
9780,304.0,0.9,178.163533048
9790,285.8,0.9,159.444067868
9800,274.4,0.8,147.200464303
9810,275.9,0.7,107.764023974
9820,284.0,0.9,166.506572714
9830,310.2,1.0,180.448432353
9840,329.0,0.8,125.120853988
9850,343.3,1.0,182.611200089
9860,332.4,0.7,96.3328134178
9870,267.2,0.9,171.260603551
9880,317.2,0.8,128.1397849
9890,370.6,0.8,132.945607183
9900,380.3,0.9,146.665646423
9910,302.9,0.7,108.905170975
9920,322.7,1.0,186.782800623
9930,268.6,0.9,168.303201154
9940,370.5,0.8,141.258674624
9950,295.1,0.8,136.063138147
9960,325.9,0.8,136.261502282
9970,309.3,0.8,141.348366563
9980,372.5,0.6,99.3808972498
9990,253.6,0.9,169.240559428
10000,287.5,0.7,104.209476888
10010,278.0,0.7,121.010524261
10020,295.2,1.0,173.710746122
10030,290.3,0.8,146.288140277
10040,239.2,0.8,160.121409842
10050,332.0,1.0,172.574908568
10060,270.1,1.0,198.953545559
10070,278.7,1.0,202.350234768
10080,271.3,0.9,176.833286487
10090,304.8,0.6,70.3741984764
10100,305.7,1.0,203.822608628
10110,334.9,1.0,178.582151761
10120,279.7,1.0,200.167675659
10130,262.1,0.8,145.760199191
10140,272.7,0.8,130.743811457
10150,264.6,0.7,112.244679604
10160,233.7,0.6,104.502550415
10170,275.2,0.8,135.98736545
10180,331.2,0.9,137.852191379
10190,293.7,0.9,151.900544566
10200,267.7,1.0,213.969275717
10210,319.9,1.0,195.529734541
10220,255.2,0.7,124.827201998
10230,298.7,0.8,148.379052228
10240,262.1,0.8,156.295116672
10250,253.3,0.8,148.431913671
10260,307.1,0.9,156.123400953
10270,370.7,0.8,113.398193575
10280,301.1,0.8,148.128071487
10290,292.0,0.9,192.923960043
10300,260.9,0.7,114.671481973
10310,250.9,0.8,141.686727119
10320,240.8,0.8,166.507781527
10330,283.0,0.9,160.540579298
10340,274.4,1.0,212.870850437
10350,236.6,0.8,148.78781161
10360,242.9,0.8,150.354657595
10370,216.1,0.6,101.095855371
10380,209.8,0.8,162.032839917
10390,223.3,0.9,176.990545258
10400,223.8,0.8,155.438480103
10410,225.4,0.9,188.167093937
10420,207.6,0.9,196.888147543
10430,239.6,0.7,138.099150361
10440,305.9,0.8,184.619130929
10450,239.7,0.7,135.577250569
10460,230.4,0.8,172.141086459
10470,197.9,0.6,124.828022484
10480,199.5,0.5,101.697655728
10490,215.9,0.6,103.817288443
10500,255.8,0.9,189.544595389
10510,261.9,0.6,96.8446830224
10520,238.8,0.9,180.972865627
10530,246.4,0.8,161.093170114
10540,206.6,0.6,124.919384072
10550,260.4,0.8,148.635870524
10560,247.8,0.9,181.291955545
10570,205.9,0.7,146.068332114
10580,259.3,0.8,163.474434832
10590,261.8,1.0,216.870607497
10600,378.0,0.6,137.010027654
10610,215.7,0.9,205.85886211
10620,226.9,0.9,194.548172876
10630,239.7,0.6,121.952981179
10640,274.3,1.0,213.981930134
10650,236.4,0.9,201.115606214
10660,355.5,0.9,184.118619027
10670,232.0,1.0,222.797616726
10680,271.0,0.9,191.031530835
10690,302.6,0.9,191.803252644
10700,274.5,1.0,221.314278661
10710,228.9,1.0,229.116416564
10720,252.0,0.9,196.691940668
10730,252.0,1.0,208.064242824
10740,228.0,0.7,148.992066787
10750,254.4,1.0,222.432642073
10760,305.1,0.7,154.286254323
10770,236.8,0.7,158.152045076
10780,254.0,1.0,223.766937562
10790,241.2,1.0,232.273513126
10800,238.6,0.9,185.416408336
10810,232.8,1.0,215.466758671
10820,222.0,0.8,176.984675931
10830,222.5,1.0,219.59262979
10840,239.0,0.9,194.374271262
10850,295.9,0.9,171.69925081
10860,228.4,0.8,176.835129874
10870,236.4,0.8,164.026564687
10880,235.6,0.7,141.708957482
10890,289.8,0.9,181.252787027
10900,318.1,1.0,206.165203422
10910,242.6,0.6,109.929261286
10920,421.7,0.7,146.965333046
10930,217.9,0.9,201.942630022
10940,316.7,0.9,192.654852551
10950,232.5,1.0,221.379517365
10960,224.0,0.9,195.00140405
10970,270.2,0.8,165.452830234
10980,247.8,0.8,183.164984729
10990,232.7,0.8,179.268538301
11000,195.1,0.6,128.620690783
11010,213.5,0.7,148.896037265
11020,208.1,0.6,126.463027633
11030,339.6,0.7,144.090498521
11040,236.9,0.7,147.983407978
11050,210.5,0.9,185.000802331
11060,222.6,0.9,198.415285574
11070,183.1,0.5,103.191832221
11080,259.0,0.7,148.837178622
11090,223.6,0.7,136.274507909
11100,206.0,0.6,120.468856441
11110,210.1,0.6,134.746767654
11120,282.5,0.8,148.723586645
11130,215.9,0.8,181.092783538
11140,252.4,1.0,209.468346596
11150,311.9,0.8,171.551555628
11160,219.2,0.9,184.362817772
11170,238.1,0.8,163.247598888
11180,239.5,0.9,196.330392247
11190,247.0,0.8,174.178222112
11200,241.6,0.9,185.088550596
11210,246.7,0.5,81.4134089643
11220,219.6,0.7,149.778181752
11230,247.1,0.8,166.509214684
11240,234.0,0.8,166.846345448
11250,242.9,0.9,198.410786351
11260,259.8,0.8,157.262665042
11270,228.5,0.7,131.764372217
11280,225.6,0.7,122.87173733
11290,248.9,0.8,152.368619304
11300,243.7,0.9,192.038636066
11310,241.3,0.9,189.726239876
11320,217.0,0.7,151.092295043
11330,240.4,0.7,137.878275422
11340,260.1,0.8,160.732901344
11350,251.3,0.8,173.987518519
11360,289.6,0.8,161.418332747
11370,297.5,0.6,130.812661919
11380,240.4,0.8,165.316077959
11390,238.0,1.0,226.053575922
11400,259.0,0.8,154.241180579
11410,217.1,0.7,139.570746315
11420,199.2,0.4,76.6312641721
11430,232.1,0.8,158.461804713
11440,306.2,1.0,206.593081495
11450,239.3,1.0,220.085426832
11460,214.8,0.7,149.269839558
11470,207.9,0.7,148.648303248
11480,205.2,0.8,164.659647997
11490,230.9,0.9,196.953559615
11500,249.7,0.7,144.397995146
11510,292.8,0.7,134.593333415
11520,223.6,0.9,191.668540538
11530,241.5,0.9,199.604791494
11540,219.1,0.8,173.827372916
11550,286.9,0.8,172.060326312
11560,266.1,0.9,202.261022392
11570,295.5,0.8,177.032396781
11580,232.3,0.9,188.339370829
11590,252.8,0.6,122.04420128
11600,238.2,0.9,192.63207951
11610,226.1,0.9,192.400150355
11620,407.0,0.9,186.353563226
11630,227.3,0.7,149.752040087
11640,333.0,0.9,190.367604201
11650,221.6,0.9,179.028028805
11660,242.4,0.9,189.264751649
11670,297.6,0.8,180.214160442
11680,230.9,0.9,193.341963435
11690,252.3,1.0,214.837713299
11700,348.8,0.8,175.22471207
11710,248.4,0.8,173.6814238
11720,299.3,0.8,182.744789889
11730,245.3,0.9,187.463203932
11740,226.9,0.9,201.956223772
11750,244.2,0.9,193.113587812
11760,210.9,0.6,128.290252742
11770,240.1,0.8,180.072242244
11780,209.1,0.8,162.249934404
11790,225.7,0.8,174.350877342
11800,235.0,0.9,174.825408959
11810,365.7,0.9,207.904755452
11820,244.5,1.0,217.673922039
11830,265.8,0.8,159.932182343
11840,221.8,0.8,164.959313309
11850,221.6,0.7,123.726077876
11860,302.2,0.7,152.322665526
11870,319.2,0.8,163.793380675
11880,219.3,0.8,166.38798715
11890,247.4,0.8,151.803331376
11900,376.1,1.0,209.006246472
11910,216.3,0.7,138.056562815
11920,233.1,0.8,166.395601711
11930,288.2,0.8,185.262155574
11940,218.3,0.7,139.563683056
11950,232.1,0.7,142.117231538
11960,272.5,0.9,188.665868318
11970,262.2,0.9,182.80410052
11980,216.5,0.8,161.448736075
11990,237.8,0.9,189.470293625
12000,251.3,0.8,165.774314051
12010,256.1,0.8,152.443412285
12020,236.2,0.9,187.342876178
12030,357.8,0.8,160.693841375
12040,228.2,0.8,149.363450491
12050,239.9,0.9,188.244892193
12060,242.1,0.8,166.089355425
12070,279.2,0.9,186.908355734
12080,233.3,0.9,195.003013843
12090,243.5,0.8,171.312450864
12100,272.6,0.9,193.603449693
12110,239.7,0.8,149.316559811
12120,358.8,0.8,173.23004438
12130,275.0,0.8,160.059411764
12140,302.4,1.0,211.618910109
12150,237.2,0.8,155.992014816
12160,303.2,0.6,127.085976601
12170,218.3,0.6,114.582771133
12180,236.5,0.8,161.832951238
12190,250.9,0.7,130.758434878
12200,239.3,0.8,164.023825903
12210,265.5,0.9,173.662607475
12220,262.6,0.8,159.282303854
12230,272.9,0.9,188.711389809
12240,267.9,0.9,185.747953371
12250,281.2,0.8,154.387537056
12260,323.5,0.5,74.2611238394
12270,294.7,0.9,177.078346514
12280,263.0,0.7,127.544702914
12290,306.3,0.9,165.076988273
12300,261.5,0.6,103.252333742
12310,285.9,0.9,163.337747952
12320,289.5,0.6,83.5397330698
12330,345.5,0.8,154.542705541
12340,351.9,0.6,71.8891745351
12350,295.2,0.7,112.392932008
12360,314.2,0.8,119.082765089
12370,325.0,0.7,99.5436134873
12380,300.3,0.7,130.724756705
12390,330.5,0.5,67.4406599977
12400,361.3,0.8,128.872029978
12410,279.2,0.8,131.381022514
12420,282.4,0.7,117.064465369
12430,283.8,0.7,107.85273555
12440,298.2,0.8,123.243300374
12450,345.4,0.5,57.786204115
12460,292.0,0.9,148.315323839
12470,387.8,0.7,101.816053446
12480,317.2,0.4,22.5336912405
12490,285.7,1.0,190.203819263
12500,305.4,0.6,74.9001184002
12510,372.6,0.7,126.066219773
12520,402.5,1.0,157.604736077
12530,389.7,0.9,169.103260088
12540,340.8,0.7,97.4926681217
12550,312.9,0.8,126.792529685
12560,288.3,0.9,160.398269948
12570,261.7,0.7,113.725860835
12580,254.0,0.7,124.073250783
12590,383.2,0.9,174.539344663
12600,332.2,0.7,137.210041607
12610,275.0,0.9,188.240192677
12620,264.2,1.0,188.745335046
12630,396.0,0.7,133.3038682
12640,249.5,0.7,138.958547188
12650,262.0,1.0,214.339632241
12660,223.6,0.8,168.071611742
12670,317.1,0.8,171.426308788
12680,321.7,0.6,116.594075429
12690,226.2,0.6,122.708704237
12700,297.5,0.8,171.912327211
12710,213.4,0.9,190.101851935
12720,227.4,0.7,128.195457061
12730,297.9,0.9,193.954549997
12740,375.1,0.6,132.054868749
12750,216.8,0.7,133.887990868
12760,325.3,0.6,123.312234671
12770,222.1,0.4,71.0673861604
12780,201.2,0.8,158.738254456
12790,264.6,0.8,154.014839266
12800,241.6,0.2,31.5910923555
12810,226.3,0.9,176.779838666
12820,242.8,0.5,90.0065205102
12830,220.7,0.6,107.755080898
12840,289.5,0.8,159.124118819
12850,192.0,0.7,136.333368603
12860,188.9,0.6,114.75652852
12870,197.8,0.6,116.063530688
12880,217.1,0.9,197.683059554
12890,350.4,0.3,61.7756196875
12900,265.3,0.5,103.415177027
12910,211.3,0.5,86.5969987735
12920,259.6,0.7,136.403337185
12930,310.2,0.6,125.765617278
12940,259.0,0.9,201.115717407
12950,312.8,0.8,165.794628517
12960,227.1,0.6,103.892080363
12970,229.7,0.8,157.813242885
12980,315.5,0.7,138.935224083
12990,279.2,0.8,164.078157253
13000,227.5,0.8,151.128976749
13010,292.6,0.7,136.389023734
13020,206.9,0.5,86.3029740055
13030,246.7,0.9,183.082041166
13040,255.1,0.6,88.8845759301
13050,233.9,0.7,139.027191984
13060,403.1,0.8,142.843543099
13070,310.5,0.8,177.57339422
13080,265.0,1.0,215.504439039
13090,256.4,0.9,201.31385718
13100,312.2,0.9,206.037297974
13110,329.7,0.8,157.789164182
13120,280.5,0.8,145.455281784
13130,217.6,0.8,166.967174912
13140,312.4,0.6,127.358256032
13150,233.5,0.7,151.488003152
13160,407.6,0.6,135.305078965
13170,304.0,0.8,172.041883874
13180,235.2,0.6,115.271200612
13190,371.6,0.7,145.116985252
13200,214.8,0.5,82.2745888099
13210,250.9,0.8,165.195407637
13220,260.3,0.9,183.86342704
13230,284.4,0.6,125.492634013
13240,262.6,0.9,187.30406755
13250,247.3,0.9,173.715685307
13260,253.7,1.0,203.615196057
13270,314.4,0.8,167.833247135
13280,311.6,0.7,161.927472352
13290,235.4,0.9,188.690196633
13300,306.4,0.8,164.928549193
13310,253.5,0.9,187.939813633
13320,253.9,1.0,217.553603339
13330,294.3,0.6,118.244570698
13340,303.6,1.0,208.359906158
13350,321.3,0.8,159.846865194
13360,222.7,0.6,111.965225079
13370,364.6,0.7,143.653809962
13380,342.2,0.9,214.509975329
13390,234.5,0.8,155.606435765
13400,322.4,0.8,175.653988206
13410,321.0,0.8,183.55922842
13420,325.4,0.8,147.299408501
13430,230.1,0.7,148.117649672
13440,337.0,0.8,171.351224802
13450,241.0,0.9,188.678199153
13460,400.9,0.6,126.993577568
13470,301.9,0.7,141.425796559
13480,247.0,0.8,149.443841981
13490,335.5,0.9,196.494439355
13500,328.8,0.9,194.483498552
13510,290.3,0.7,127.714276444
13520,327.9,0.9,196.74940042
13530,328.1,0.9,199.623420355
13540,244.3,1.0,213.172472636
13550,325.9,0.8,168.614979594
13560,261.6,0.8,171.597829778
13570,240.0,0.9,189.204390282
13580,223.3,0.7,136.107697253
13590,257.9,0.9,182.219145529
13600,379.1,0.8,149.334686446
13610,301.6,0.7,148.291505055
13620,245.0,1.0,219.578933206
13630,219.0,0.8,167.612179842
13640,333.7,0.7,156.684431306
13650,307.2,0.7,136.024782073
13660,261.2,0.9,191.259353267
13670,331.8,0.8,166.363998552
13680,312.8,0.9,179.20000719
13690,240.4,0.9,195.515389525
13700,251.7,0.9,196.164927495
13710,323.2,0.7,157.093521578
13720,275.5,1.0,207.076762075
13730,269.2,1.0,217.010311542
13740,260.5,0.9,193.113655225
13750,417.0,0.8,186.679008771
13760,256.4,0.7,131.850885662
13770,234.4,0.8,162.548308183
13780,278.6,1.0,215.983115037
13790,318.8,0.9,193.476166762
13800,352.5,0.9,195.943203074
13810,247.0,0.9,196.118152806
13820,282.7,1.0,221.430767758
13830,267.7,1.0,209.32538959
13840,261.5,1.0,209.780928269
13850,323.0,0.6,120.640641295
13860,253.6,0.9,188.043311521
13870,309.5,0.8,184.151711425
13880,265.0,0.7,130.317087296
13890,336.4,0.6,113.328620087
13900,269.5,1.0,214.209797602
13910,302.8,0.7,141.814674184
13920,390.0,0.9,192.070302933
13930,294.2,1.0,198.688779751
13940,238.3,0.9,192.333131635
13950,241.6,0.9,195.576727399
13960,232.7,0.9,188.522754019
13970,261.2,0.9,196.323327192
13980,299.0,0.6,119.334462406
13990,360.7,1.0,205.42601052
14000,314.0,0.8,169.973267173
14010,332.1,0.8,171.51740154
14020,262.3,0.7,139.394050288
14030,253.2,0.9,198.348330045
14040,312.1,0.8,163.286507701
14050,229.7,0.9,184.423836984
14060,241.2,0.8,178.979624941
14070,310.3,0.8,172.348723092
14080,226.4,0.7,138.645265293
14090,250.6,0.8,163.653803227
14100,241.5,0.8,154.571527545
14110,239.2,1.0,219.768096007
14120,323.0,0.9,173.347979716
14130,356.4,0.4,94.3180303964
14140,257.2,1.0,213.126995371
14150,302.0,0.9,181.466985167
14160,240.5,0.6,100.900420171
14170,317.4,0.6,112.123420703
14180,318.8,0.8,177.171181072
14190,274.1,0.9,187.162357933
14200,241.2,0.9,198.035165949
14210,319.1,0.7,149.946234277
14220,316.2,0.6,130.771121522
14230,326.4,0.7,151.957204023
14240,266.7,0.7,137.289803946
14250,243.4,0.7,127.011356414
14260,239.6,0.8,166.496995726
14270,326.9,0.7,138.851073977
14280,256.5,1.0,211.12667298
14290,321.3,0.7,138.267722802
14300,247.8,0.8,160.719680396
14310,326.1,0.6,100.26977741
14320,306.9,0.8,150.527432671
14330,282.5,0.7,126.81553012
14340,289.4,1.0,202.822434497
14350,374.2,0.7,129.472109472
14360,290.3,1.0,188.086398331
14370,354.0,0.8,156.056646185
14380,293.5,0.9,174.994948036
14390,308.2,0.7,98.9598706018
14400,343.2,0.9,153.688540273
14410,280.6,0.9,161.58411203
14420,347.9,0.8,153.301180332
14430,453.3,0.8,148.860117356
14440,366.4,0.7,115.000020343
14450,283.8,0.8,164.882478838
14460,338.3,0.5,78.6097131688
14470,376.6,1.0,173.622582578
14480,374.5,0.8,164.047593141
14490,332.0,0.9,157.92917263
14500,377.9,0.8,157.637882697
14510,419.6,0.9,158.809954795
14520,331.3,0.8,142.352176741
14530,282.1,0.8,140.594600578
14540,365.6,0.6,105.867407565
14550,414.8,0.7,122.919397349
14560,319.2,0.8,137.835960461
14570,330.5,0.9,160.974544558
14580,351.2,0.8,162.078710058
14590,321.1,0.8,148.538562086
14600,336.7,0.7,126.324897895
14610,422.0,0.7,140.036627083
14620,326.9,0.7,106.073099209
14630,312.7,0.9,161.096676461
14640,273.1,0.7,108.680496736
14650,372.0,0.7,129.341527478
14660,354.4,0.9,177.710973126
14670,282.3,0.8,148.1018796
14680,303.4,1.0,201.472615254
14690,288.4,1.0,195.639676107
14700,320.9,1.0,203.016960123
14710,262.3,0.9,179.061597668
14720,363.4,0.7,136.286588144
14730,289.0,0.7,109.884288992
14740,281.9,1.0,204.8101711
14750,357.5,0.8,128.547023486
14760,301.2,0.7,128.763755868
14770,367.7,0.8,114.904363289
14780,442.8,0.9,154.559030226
14790,284.3,0.8,153.02490616
14800,329.3,0.6,71.6420130337
14810,272.7,0.9,148.454091939
14820,390.5,0.9,184.908451336
14830,339.1,0.6,96.8934899326
14840,370.4,0.8,160.334573188
14850,354.5,0.9,164.11203947
14860,320.7,1.0,200.879173215
14870,382.1,0.8,141.620233418
14880,339.1,0.4,44.2037904689
14890,388.9,0.6,97.9433859808
14900,352.4,0.5,71.4453967133
14910,341.1,0.7,117.569749039
14920,319.6,0.8,123.535254833
14930,648.8,0.5,88.5236154184
14940,297.6,0.6,83.3763738447
14950,438.6,0.7,108.841774886
14960,375.0,1.0,168.005175015
14970,416.8,0.8,132.672875299
14980,384.5,0.9,140.713175977
14990,343.2,0.8,124.72152484
15000,382.5,0.5,80.1469321293
15010,590.1,0.6,110.54761386
15020,498.1,0.8,128.770296984
15030,438.5,0.8,106.197658727
15040,459.9,0.6,54.9930454635
15050,381.8,0.5,35.1596151469
15060,501.1,0.8,123.894722246
15070,562.4,0.5,56.9466240218
15080,461.7,0.7,84.9527733677
15090,561.2,0.5,55.9373689657
15100,491.1,0.7,77.1806415627
15110,526.5,0.8,117.226335912
15120,473.2,0.9,121.726453914
15130,422.4,0.8,122.930861229
15140,459.9,0.8,108.055485788
15150,459.9,0.7,81.7095218307
15160,591.3,0.5,87.9373797111
15170,484.0,0.4,13.5589473722
15180,508.5,0.8,114.002242482
15190,485.0,0.6,64.8526694976
15200,457.4,0.8,99.3702509149
15210,474.5,0.6,76.7781191097
15220,568.1,0.7,109.187204129
15230,524.6,0.8,127.927742132
15240,537.1,0.9,136.584302307
15250,628.2,0.5,33.9739587717
15260,543.4,0.8,129.595442016
15270,549.4,0.7,90.5931602982
15280,657.5,0.3,-11.6095607759
15290,693.4,0.6,79.7323723155
15300,567.1,0.6,59.8470395342
15310,507.3,0.9,113.764701488
15320,518.8,0.6,22.1557055868
15330,517.0,0.9,96.0941557627
15340,621.3,0.2,2.51279460505
15350,696.6,0.6,94.2884084496
15360,496.2,1.0,149.404144359
15370,421.1,0.7,76.6477931438
15380,498.3,0.5,32.8729796874
15390,575.3,0.9,153.750534334
15400,568.9,0.6,106.257894676
15410,506.8,0.5,70.2411287578
15420,516.6,0.6,92.7529779603
15430,542.1,0.5,70.0259667351
15440,403.1,0.5,36.3291597137
15450,515.2,0.6,87.4688744837
15460,511.0,0.5,32.960441462
15470,472.1,0.7,104.566067869
15480,521.5,0.7,109.030100369
15490,463.8,0.5,58.710629917
15500,405.7,0.7,88.3443086603
15510,536.3,0.6,98.1765460978
15520,496.1,0.9,160.357812738
15530,444.1,0.9,157.228963901
15540,422.3,0.7,78.0205222568
15550,506.1,0.5,63.6479133946
15560,451.1,0.9,134.952116451
15570,492.3,0.8,121.871830662
15580,557.5,0.7,114.607588987
15590,425.6,0.8,119.549417903
15600,542.1,0.9,157.308933258
15610,546.8,0.6,86.0133556912
15620,405.5,0.9,153.871538902
15630,397.7,0.7,92.0161207829
15640,523.7,0.7,110.404271236
15650,449.1,0.6,77.3927815146
15660,485.5,0.8,132.612519849
15670,517.6,0.9,146.032382967
15680,422.6,0.7,84.6602879436
15690,450.9,0.8,118.29857548
15700,518.8,0.7,103.675008545
15710,601.4,0.4,44.430609718
15720,461.6,0.7,81.7689519575
15730,518.7,0.7,100.532648305
15740,486.3,0.7,68.2894728723
15750,499.8,0.9,130.640070872
15760,532.1,0.8,123.418303733
15770,540.2,0.8,115.678443911
15780,479.1,1.0,158.940133739
15790,458.8,0.6,72.3442421384
15800,420.4,0.8,103.318534737
15810,544.2,0.4,37.0144668581
15820,513.8,0.7,96.1054049376
15830,423.5,0.7,102.541573833
15840,418.0,0.7,104.095620925
15850,471.9,0.8,132.955953381
15860,403.1,0.8,126.995332826
15870,477.8,0.8,151.408213132
15880,424.1,0.7,124.494192934
15890,496.3,0.6,105.486942162
15900,388.8,1.0,185.663516856
15910,370.6,0.8,118.505064605
15920,372.7,0.9,155.152274521
15930,471.6,0.7,136.961930094
15940,341.5,0.7,110.959468149
15950,476.1,0.7,135.80661802
15960,368.7,1.0,177.820550467
15970,604.6,0.5,113.488219808
15980,467.6,0.5,95.1497669725
15990,367.4,1.0,166.480579844
16000,479.2,0.6,113.01119768
16010,413.7,0.5,69.1807933008
16020,438.0,0.8,155.269648865
16030,475.2,0.9,178.2481193
16040,397.2,0.8,130.003808999
16050,439.9,0.7,112.408982246
16060,382.3,0.8,122.066323969
16070,453.0,0.8,133.155172424
16080,442.6,0.6,73.8498232273
16090,529.9,0.6,109.806992624
16100,432.2,0.5,60.2425788962
16110,426.6,0.9,160.851233713
16120,402.6,0.7,101.171328856
16130,388.9,0.6,78.1734707089
16140,440.8,0.5,65.9331707879
16150,394.5,0.4,25.6432083436
16160,433.0,0.7,101.104183938
16170,403.5,0.7,88.4530759102
16180,410.3,0.6,73.659140327
16190,469.2,0.9,157.555737466
16200,473.7,0.6,66.6364781028
16210,483.3,0.6,66.3177071139
16220,431.7,0.7,90.8701332415
16230,494.7,0.8,130.301654168
16240,484.0,0.7,99.4859361168
16250,509.8,0.6,64.0894177001
16260,537.6,0.5,57.9012369699
16270,459.1,1.0,167.470911703
16280,447.3,0.7,90.8732777693
16290,372.6,0.5,47.4172046982
16300,447.7,0.7,106.97503726
16310,383.5,0.7,103.440188754
16320,434.7,0.8,126.780228112
16330,472.5,0.8,147.618242292
16340,399.5,0.8,114.501127668
16350,429.1,0.9,143.736493365
16360,426.5,0.5,59.3437002969
16370,388.4,0.9,148.35725341
16380,522.7,0.6,108.081702899
16390,406.2,0.9,159.823231556
16400,425.8,0.9,159.730071471
16410,376.5,0.8,131.018899863
16420,502.8,0.5,75.9000265322
16430,433.3,0.6,92.98401949
16440,381.7,0.6,82.0160209315
16450,389.6,0.9,151.119603491
16460,456.7,0.8,143.814263836
16470,388.0,0.8,133.442931978
16480,439.4,0.8,154.508694785
16490,381.6,0.8,144.768210067
16500,399.9,0.8,119.257591426
16510,419.0,0.7,109.540311579
16520,455.7,0.7,112.889545477
16530,381.7,0.9,159.287680073
16540,396.1,0.8,132.226812224
16550,389.1,0.7,89.8853229443
16560,455.5,0.7,107.994313469
16570,408.4,0.9,154.820065869
16580,533.1,0.7,123.896453933
16590,418.4,0.8,124.515068617
16600,589.8,0.8,131.920036947
16610,425.0,0.7,95.2219880326
16620,453.7,0.6,64.246065049
16630,429.0,0.9,148.188829181
16640,492.5,0.8,131.819477795
16650,420.4,0.9,150.474954042
16660,521.7,0.9,156.907043996
16670,470.3,0.6,63.5042388296
16680,542.2,0.7,101.992877128
16690,433.2,0.9,144.98287378
16700,495.6,0.7,82.9564015309
16710,511.5,0.8,100.404507473
16720,430.7,0.6,62.1072318327
16730,440.1,0.8,111.211283039
16740,576.1,0.6,81.9420245278
16750,437.9,0.7,81.9258627875
16760,454.5,0.6,59.9413463653
16770,466.2,0.6,75.226865985
16780,460.5,0.7,77.6264852831
16790,461.7,1.0,149.938154083
16800,489.2,1.0,154.572742903
16810,502.9,0.6,52.3323589522
16820,538.0,0.7,70.1536675674
16830,540.2,0.6,56.6120485881
16840,563.1,0.8,106.691417272
16850,500.2,0.6,60.8299126203
16860,442.8,0.9,133.293799342
16870,519.2,0.6,96.4773030962
16880,572.9,0.7,104.525929164
16890,513.0,0.8,114.822039157
16900,608.8,0.7,121.696785858
16910,501.8,0.9,126.350082272
16920,412.5,0.8,116.559367006
16930,383.9,0.4,20.9132316126
16940,518.1,0.9,147.031609508
16950,505.8,0.7,116.82221427
16960,551.3,0.7,85.8175557672
16970,437.6,0.6,56.5274911798
16980,435.3,0.7,84.5351088542
16990,535.9,0.6,103.59261373
17000,534.0,0.7,89.3593800561
17010,509.8,0.7,89.6525454384
17020,417.5,0.9,140.549500887
17030,564.1,0.6,91.7342054602
17040,469.4,0.7,71.7354679206
17050,430.4,0.4,4.02605527237
17060,508.5,0.7,86.5639299721
17070,516.0,0.8,120.177375374
17080,559.9,0.5,33.6788862853
17090,621.9,0.6,97.956669871
17100,527.7,0.8,104.829402828
17110,523.7,0.8,94.4157898946
17120,552.6,0.9,143.883575524
17130,527.3,0.9,145.231308805
17140,447.8,0.8,108.025369236
17150,528.9,0.6,51.7221734889
17160,424.0,0.7,92.6996173027
17170,427.7,0.7,77.6156675198
17180,443.4,0.7,88.0372482222
17190,501.3,0.7,92.9978538069
17200,431.0,0.8,108.265002407
17210,503.5,0.6,80.5074817648
17220,535.1,0.7,108.017404913
17230,578.8,0.6,113.824091417
17240,414.1,0.7,103.942112133
17250,395.4,0.9,148.525311426
17260,456.1,0.7,101.744979943
17270,498.5,0.6,98.5790698354
17280,463.7,0.6,74.7623306917
17290,421.3,0.6,75.7093317052
17300,486.5,0.5,91.370179448
17310,450.8,0.8,155.55388013
17320,404.6,1.0,175.436661676
17330,483.7,0.7,134.182864861
17340,444.9,0.7,103.380140252
17350,497.5,0.7,128.831276239
17360,383.7,0.9,177.082835238
17370,348.4,0.6,78.0410276418
17380,389.8,0.9,172.060356136
17390,439.8,0.7,122.869813359
17400,413.9,0.8,141.237085703
17410,341.9,0.7,93.9832763598
17420,352.3,0.6,87.4729298051
17430,462.8,0.6,117.943320789
17440,353.5,0.8,113.483672135
17450,408.4,0.6,91.2638478261
17460,377.4,1.0,197.415532182
17470,495.3,0.7,139.969210252
17480,321.7,0.6,83.989619141
17490,376.3,0.8,125.307948605
17500,485.0,0.5,66.5371392124
17510,367.3,0.8,122.483776064
17520,357.5,0.7,98.7693768297
17530,406.4,0.8,133.083594247
17540,419.0,0.5,67.2182924447
17550,512.2,0.5,70.915449963
17560,358.5,0.6,76.931763735
17570,441.2,0.8,127.491420167
17580,455.3,0.8,137.351350692
17590,505.2,0.6,87.2688319273
17600,406.3,0.8,126.345317934
17610,428.7,0.9,154.455407814
17620,384.8,1.0,161.186638075
17630,366.9,0.7,104.626315588
17640,421.6,0.8,142.714232842
17650,432.8,0.8,126.919206502
17660,466.3,0.7,126.550453464
17670,402.4,0.9,146.506546036
17680,447.1,0.9,160.321721918
17690,375.7,0.7,97.9929514471
17700,459.8,0.9,157.35512476
17710,338.1,0.6,87.3642964225
17720,346.6,0.8,139.023243229
17730,394.8,0.7,122.530104234
17740,421.4,0.8,149.292925866
17750,403.2,0.9,160.061807707
17760,444.3,0.6,93.2662157874
17770,423.6,0.8,140.476571665
17780,364.2,0.8,127.227031038
17790,366.7,0.8,131.836859641
17800,363.9,1.0,172.277954936
17810,558.3,0.6,125.561965145
17820,419.6,0.6,92.7916590098
17830,447.5,0.6,104.61617127
17840,351.6,0.7,123.860740597
17850,334.8,0.7,128.423383117
17860,389.2,0.9,161.248638808
17870,420.5,0.7,125.378089821
17880,502.0,0.7,140.900538186
17890,338.7,0.6,79.2104153215
17900,428.0,0.7,113.020911693
17910,435.1,0.8,139.779844107
17920,421.1,0.9,169.737102352
17930,324.8,0.8,146.952369686
17940,546.2,0.5,93.3078119475
17950,347.4,0.9,164.044786889
17960,422.6,0.8,153.962690394
17970,390.2,0.6,98.1479938777
17980,564.2,0.5,109.528596846
17990,359.9,0.7,118.1500131
18000,348.4,0.9,164.8659768
18010,428.8,0.9,175.01257564
18020,346.2,0.6,93.194977311
18030,430.5,0.7,118.956640828
18040,406.4,0.9,162.285520392
18050,433.1,0.8,157.209067127
18060,379.9,1.0,185.028938072
18070,405.4,0.8,143.437802507
18080,367.6,1.0,200.089572837
18090,464.3,0.9,175.06442995
18100,444.4,0.8,157.298722702
18110,378.8,0.9,167.396512804
18120,429.9,0.9,173.60006134
18130,346.7,0.8,141.373076325
18140,431.8,0.8,152.816542483
18150,340.8,0.9,180.455973614
18160,348.5,0.9,179.480958779
18170,336.2,0.9,172.143713435
18180,402.6,0.9,186.052034053
18190,341.2,1.0,189.91228695
18200,415.6,0.8,163.053955953
18210,428.5,0.9,190.601195867
18220,338.7,1.0,207.912462424
18230,334.1,1.0,210.615571608
18240,331.1,1.0,211.456603219
18250,332.2,1.0,202.542807751
18260,344.0,1.0,200.184931663
18270,406.8,0.9,196.233251364
18280,319.2,0.8,153.409402435
18290,345.3,1.0,206.868063762
18300,334.4,1.0,192.657177746
18310,351.9,0.9,169.723054523
18320,327.8,1.0,198.206993686
18330,372.5,0.6,110.548572745
18340,385.7,0.9,180.019447764
18350,315.2,0.9,180.718647912
18360,371.5,0.7,133.429937638
18370,416.2,0.8,155.599794637
18380,382.1,0.7,148.483980791
18390,325.4,1.0,196.172730877
18400,310.7,0.8,155.917196157
18410,317.6,0.9,179.857557745
18420,464.6,0.7,141.970807941
18430,327.2,0.8,144.474101725
18440,396.6,0.8,165.365156568
18450,334.6,0.9,171.830871536
18460,460.1,0.7,147.292226436
18470,320.7,0.8,149.944375866
18480,339.2,0.8,146.033974858
18490,404.5,1.0,199.356552137
18500,511.8,0.6,150.580284369
18510,393.7,0.9,174.335962007
18520,377.1,0.6,109.964851537
18530,385.5,0.7,131.13142106
18540,357.5,0.8,152.961653704
18550,340.8,0.9,163.364991494
18560,325.6,0.9,177.304776222
18570,323.7,0.8,144.707854773
18580,347.6,0.9,171.10665908
18590,544.1,0.7,163.511992387
18600,476.5,0.8,169.079985859
18610,397.0,0.7,146.847872681
18620,473.0,0.6,130.558060193
18630,309.7,0.9,190.837363661
18640,334.1,1.0,195.305513686
18650,386.6,0.9,187.148948006
18660,312.9,0.8,158.044510149
18670,376.2,0.8,160.988631526
18680,343.3,0.9,198.817738599
18690,296.1,0.7,135.695600466
18700,295.8,0.8,174.745754773
18710,316.8,1.0,204.217275365
18720,283.1,0.8,162.208073522
18730,298.6,0.9,189.955336042
18740,368.5,0.9,194.477803394
18750,387.2,0.8,175.444318822
18760,291.8,1.0,209.820346133
18770,318.5,1.0,231.91817223
18780,269.4,0.9,182.320074589
18790,323.3,0.9,178.752869262
18800,413.4,0.8,165.630379945
18810,287.6,0.8,161.948693765
18820,346.1,0.8,184.234914426
18830,300.0,1.0,212.15580134
18840,270.9,0.9,195.285373935
18850,275.3,0.8,167.638428694
18860,292.2,1.0,225.953746128
18870,426.0,0.8,191.009198499
18880,278.7,1.0,227.244098583
18890,313.9,1.0,202.274880611
18900,292.1,1.0,218.087347965
18910,329.2,0.9,188.2767219
18920,303.0,1.0,214.183889265
18930,302.3,1.0,200.071393048
18940,321.4,1.0,212.161530649
18950,276.7,0.8,172.650576011
18960,293.2,1.0,210.366567668
18970,386.8,0.9,184.504962177
18980,353.9,1.0,206.517425491
18990,277.2,1.0,220.90355359
19000,289.9,1.0,221.345112348
19010,351.0,0.9,192.920238193
19020,401.5,0.9,194.122463527
19030,366.7,0.9,202.925773627
19040,304.1,1.0,212.683799214
19050,315.0,0.9,179.545357539
19060,309.2,1.0,215.106446014
19070,282.2,0.9,187.942992525
19080,326.9,1.0,214.958853499
19090,306.6,1.0,199.510229038
19100,288.0,1.0,212.112408028
19110,301.4,1.0,207.210513547
19120,395.8,0.9,191.41685484
19130,324.4,1.0,211.591976633
19140,320.6,0.9,177.854199207
19150,308.1,1.0,216.191272651
19160,356.8,1.0,210.654335915
19170,283.1,1.0,223.526310719
19180,359.8,0.9,197.41925869
19190,430.2,0.9,175.876942861
19200,356.6,0.9,199.59250043
19210,293.3,0.9,201.075553924
19220,285.2,0.9,183.715509677
19230,283.1,1.0,209.906740973
19240,345.0,0.8,176.035180241
19250,499.3,0.7,169.861716898
19260,372.4,0.9,197.344162375
19270,275.9,1.0,208.950343766
19280,636.4,0.6,148.964453347
19290,291.6,0.9,188.29429505
19300,273.6,0.8,162.003286134
19310,274.5,0.9,181.344523165
19320,372.0,0.9,200.767970443
19330,409.3,0.8,171.223469733
19340,428.7,0.8,172.202576082
19350,368.6,0.9,197.209871815
19360,444.8,0.7,153.84324469
19370,282.8,0.9,191.366692498
19380,520.0,0.7,148.492849216
19390,506.0,0.6,136.870854513
19400,372.2,0.9,200.557485157
19410,470.9,0.4,102.178069234
19420,303.4,0.9,180.333905791
19430,498.6,0.7,167.324807082
19440,427.1,0.7,148.905345698
19450,368.5,0.9,189.401049393
19460,329.2,0.9,172.974427715
19470,361.5,0.8,167.990618189
19480,280.2,1.0,216.258582275
19490,353.3,0.8,155.399186094
19500,444.9,0.7,143.255430045
19510,353.2,0.7,137.025781413
19520,266.9,0.9,182.908111633
19530,329.3,0.9,198.46411387
19540,398.4,0.9,185.542548195
19550,355.1,0.9,195.63925609
19560,403.8,0.4,78.4119803643
19570,424.4,0.8,183.966170074
19580,333.6,0.8,174.691009665
19590,402.0,0.9,194.649775886
19600,350.9,0.8,164.620955524
19610,429.1,0.7,156.892572168
19620,274.5,0.8,142.258264775
19630,343.3,0.8,156.347268708
19640,347.8,0.7,133.730314582
19650,335.2,0.7,144.002472724
19660,410.3,0.7,159.390479539
19670,530.7,0.7,164.87852614
19680,311.5,0.9,167.000944938
19690,278.3,1.0,213.469913764
19700,390.1,0.6,135.584554129
19710,233.2,0.6,116.69342227
19720,249.5,1.0,223.92524725
19730,251.5,0.9,186.132390482
19740,254.5,0.9,179.713268618
19750,233.9,0.8,180.248981701
19760,297.6,0.7,145.644624204
19770,320.7,0.6,125.366883846
19780,353.5,0.7,155.719279406
19790,314.3,0.6,107.290123592
19800,335.0,0.9,207.889246966
19810,248.7,0.8,163.445164071
19820,253.0,0.8,157.424073888
19830,251.8,0.9,186.694409179
19840,376.7,0.7,143.489096859
19850,251.1,0.8,158.635776118
19860,382.8,0.9,203.193965773
19870,323.7,0.8,167.467122789
19880,422.7,0.6,134.404267377
19890,252.8,0.8,158.690622049
19900,254.4,0.7,152.940196391
19910,351.0,0.5,102.78537875
19920,320.2,0.8,177.520962468
19930,216.8,0.6,118.64907346
19940,231.1,0.8,164.201156832
19950,387.6,0.6,101.613795454
19960,283.7,0.7,128.585272294
19970,294.4,0.6,119.220971883
19980,320.4,0.9,206.714215866
19990,247.1,0.8,160.137167148
20000,308.7,0.6,114.339985034
20010,321.9,0.7,136.39193831
20020,466.1,0.8,171.317646506
20030,247.3,0.8,162.908263815
20040,369.3,0.8,164.538089925
20050,313.1,0.8,154.456947119
20060,254.5,0.9,186.084199809
20070,315.8,0.9,195.50941175
20080,249.7,0.9,186.546640774
20090,243.2,1.0,216.104170101
20100,302.0,0.5,96.1662196103
20110,279.1,0.8,152.150482515
20120,324.7,0.8,176.42666032
20130,292.3,1.0,203.589460101
20140,431.2,0.8,181.444392584
20150,457.8,0.9,191.110034933
20160,293.1,0.9,193.5761418
20170,380.4,0.9,194.628637064
20180,359.9,0.6,116.772204239
20190,239.5,0.8,176.876372803
20200,483.8,0.7,144.989559528
20210,379.2,0.9,194.542803541
20220,278.2,0.8,153.027729385
20230,250.0,0.8,158.660947058
20240,272.0,0.8,150.244156774
20250,370.3,0.9,192.901168772
20260,285.3,0.8,160.473264099
20270,258.5,1.0,202.964518226
20280,326.4,0.9,173.459851473
20290,279.6,0.8,161.625780329
20300,231.5,0.9,180.544617747
20310,252.0,0.8,164.166328724
20320,263.0,0.9,178.081755954
20330,336.2,0.8,183.324747581
20340,475.8,0.7,169.764295456
20350,309.0,0.6,131.598081222
20360,236.0,0.9,189.996885291
20370,455.6,0.6,128.944640414
20380,246.0,0.9,189.997635504
20390,322.9,0.9,199.213835184
20400,234.5,0.8,165.933034226
20410,253.2,0.9,187.207642104
20420,326.9,0.8,165.911090889
20430,319.4,0.8,177.430736369
20440,322.0,0.7,153.693891519
20450,334.2,0.8,168.417325938
20460,287.9,0.6,122.809947783
20470,258.3,1.0,219.827831005
20480,292.8,0.9,189.857603348
20490,297.7,0.5,91.60744419
20500,235.1,0.8,170.360993404
20510,244.1,0.9,183.842506104
20520,352.8,0.8,185.568281305
20530,244.6,0.9,190.474725937
20540,253.0,0.9,198.132845663
20550,264.2,0.9,183.377421277
20560,252.7,0.9,194.247086024
20570,256.8,0.7,142.87891218
20580,281.4,0.8,167.642421707
20590,285.5,0.9,190.041303561
20600,257.9,0.9,186.59334845
20610,275.2,1.0,218.14224978
20620,291.7,0.9,183.67855948
20630,315.2,1.0,202.819956577
20640,251.6,0.7,140.825536663
20650,228.3,0.8,159.344775598
20660,270.8,0.9,184.596785964
20670,288.9,0.4,87.011499966
20680,276.6,0.8,164.090367513
20690,319.4,0.9,195.997399103
20700,343.5,0.9,201.520689366
20710,236.5,0.8,171.708532964
20720,296.4,0.5,111.174185025
20730,246.2,0.9,190.245973867
20740,279.9,0.8,166.907664032
20750,247.9,0.8,163.134627258
20760,309.1,0.4,79.4532381733
20770,327.6,0.6,141.404110745
20780,250.6,0.9,207.821062842
20790,348.7,0.9,199.702834609
20800,229.8,0.7,135.916654649
20810,227.1,0.8,170.058189322
20820,383.2,0.9,204.688120198
20830,363.6,0.5,95.5725238592
20840,326.3,0.7,148.731121237
20850,240.5,0.8,169.054629894
20860,356.6,0.8,186.548282334
20870,287.3,1.0,225.743182703
20880,325.5,0.8,172.277766699
20890,248.8,0.8,160.841817114
20900,238.6,0.8,166.825488842
20910,291.5,0.7,162.281140255
20920,408.4,0.7,159.940388025
20930,207.5,0.5,89.6198763916
20940,243.2,0.6,121.940709378
20950,312.3,0.7,154.467766016
20960,245.3,0.9,193.801545667
20970,345.5,0.9,198.291888066
20980,335.9,0.8,173.81187249
20990,253.9,0.9,198.595388455
21000,248.6,0.8,178.739565386
21010,325.0,0.9,193.846051264
21020,210.6,0.8,159.264839867
21030,253.4,0.7,131.526126145
21040,246.8,0.9,188.204487847
21050,211.5,0.7,136.859531522
21060,312.2,0.8,169.776384439
21070,224.7,0.8,174.152162934
21080,247.6,0.8,163.837313097
21090,329.6,0.9,199.044491017
21100,218.5,0.6,123.716024252
21110,259.5,0.8,168.800388739
21120,229.6,0.8,158.558729147
21130,263.9,1.0,215.365420932
21140,299.9,0.6,135.203564887
21150,238.3,0.9,184.217321293
21160,231.4,0.8,165.309130929
21170,360.7,0.9,197.960350314
21180,331.2,0.9,179.140169102
21190,296.7,0.6,121.422368605
21200,228.0,0.8,171.289728774
21210,255.8,1.0,208.358292068
21220,254.0,0.6,118.06806996
21230,265.5,0.9,178.742476115
21240,330.8,0.7,152.729787301
21250,318.0,0.7,151.934558124
21260,255.5,0.9,185.584685863
21270,314.1,0.6,124.997985604
21280,261.0,0.7,142.036408265
21290,320.1,0.6,120.274737522
21300,239.9,0.7,146.034637263
21310,245.6,0.9,183.850297942
21320,319.1,0.7,143.534587909
21330,307.0,0.6,121.125083604
21340,250.4,0.9,183.171589405
21350,226.4,0.8,160.063982809
21360,240.9,0.7,135.523093841
21370,363.8,0.4,81.6563082374
21380,324.1,0.7,145.304031373
21390,251.1,1.0,208.856326035
21400,339.2,0.8,175.820268965
21410,232.9,0.8,154.410087816
21420,252.3,0.9,195.383708391
21430,230.3,0.7,133.92339731
21440,384.7,0.7,166.835392863
21450,358.6,0.7,140.407092349
21460,245.7,0.8,162.42044192
21470,237.5,0.7,130.464576121
21480,332.8,0.7,153.537885142
21490,268.8,0.8,166.615227676
21500,403.1,0.8,188.562601088
21510,325.9,0.7,144.828448125
21520,362.7,0.6,120.064518364
21530,262.6,0.8,159.810829711
21540,258.3,0.8,171.214300401
21550,412.2,0.9,199.079179008
21560,246.3,0.7,139.860348789
21570,241.4,0.9,196.289477864
21580,257.4,0.7,138.805736932
21590,229.1,0.8,168.166744109
21600,250.2,0.8,164.237231883
21610,277.5,1.0,208.724743579
21620,386.5,0.6,129.865744666
21630,337.5,0.7,146.278985239
21640,253.2,0.9,191.461900897
21650,231.7,0.6,112.247185207
21660,290.1,0.8,162.504961724
21670,228.7,0.8,164.036481956
21680,232.6,0.5,79.7519083654
21690,317.7,0.5,98.7111865326
21700,335.4,0.8,174.275941136
21710,224.3,0.8,173.565829398
21720,314.8,0.8,168.321659748
21730,234.4,0.6,104.982807076
21740,305.7,0.7,144.58853586
21750,299.6,0.9,191.603745599
21760,348.7,0.5,81.114034945
21770,372.1,0.5,113.501164886
21780,410.5,0.6,127.693904302
21790,304.4,0.8,148.914383884
21800,233.9,0.6,106.725613595
21810,274.2,0.8,144.255247008
21820,393.2,0.5,98.0175871298
21830,438.0,0.8,184.827270361
21840,421.0,0.6,116.190085274
21850,244.8,0.6,106.417335549
21860,278.5,0.7,130.817572249
21870,265.4,0.6,101.6757008
21880,276.9,0.9,179.446349745
21890,260.3,1.0,199.228977761
21900,350.7,0.7,137.170324225
21910,254.0,0.9,184.306673836
21920,334.3,0.7,135.0681702
21930,246.9,0.6,103.129080843
21940,331.8,0.6,125.222976585
21950,318.5,0.7,141.316742085
21960,248.3,0.6,127.638861062
21970,355.0,0.8,167.868078167
21980,267.2,0.8,154.292256496
21990,255.0,0.8,165.653538239
22000,363.9,0.9,183.070324369
22010,303.5,0.9,182.983342545
22020,413.7,0.9,187.311761017
22030,357.2,0.9,199.629676157
22040,264.7,0.8,159.60871723
22050,236.6,0.8,160.221391534
22060,410.4,0.7,142.868771225
22070,279.0,0.9,178.135548308
22080,363.9,0.8,162.348915784
22090,275.8,1.0,214.17241227
22100,389.3,0.8,183.356050779
22110,448.3,0.8,178.826394005
22120,421.8,0.8,192.070151778
22130,261.3,0.9,181.16250859
22140,290.3,0.9,183.080883582
22150,342.4,0.9,192.454156327
22160,430.8,0.8,185.225491251
22170,347.7,0.8,168.170609594
22180,568.8,0.6,160.499762773
22190,405.7,0.7,164.895435514
22200,260.0,0.8,158.002978601
22210,263.4,0.8,158.541812836
22220,249.3,0.9,189.20724954
22230,333.1,0.8,167.011756785
22240,351.2,0.8,168.224660296
22250,316.8,1.0,215.093450249
22260,330.8,0.8,175.906265906
22270,269.3,0.8,170.736175704
22280,336.1,0.7,150.837657403
22290,335.6,0.6,124.509870381
22300,367.2,0.9,196.381392246
22310,402.2,0.9,202.04949173
22320,418.0,0.7,160.599871855
22330,461.8,0.8,185.950190851
22340,319.9,0.9,182.020607228
22350,303.9,0.9,190.51093311
22360,346.9,0.6,120.988657647
22370,238.4,0.5,89.2786237468
22380,257.5,0.6,116.865909162
22390,260.7,0.9,195.808818149
22400,415.0,0.5,112.404706917
22410,279.6,0.9,173.623493149
22420,302.0,0.9,193.859738261
22430,275.4,0.8,161.129549725
22440,263.0,0.9,180.556414401
22450,369.4,0.8,161.710453689
22460,282.5,0.9,188.338627271
22470,263.8,0.9,181.53195467
22480,338.0,1.0,203.363663804
22490,374.0,0.9,200.720832691
22500,307.4,1.0,211.714508176
22510,277.7,0.9,177.712154424
22520,352.8,0.8,162.854973523
22530,348.0,0.6,133.027062365
22540,259.5,0.9,180.871867046
22550,403.7,0.8,172.687380212
22560,329.7,0.9,190.210576202
22570,354.8,0.8,168.661124931
22580,302.8,0.4,77.2075445249
22590,304.5,1.0,222.29640606
22600,260.1,0.5,85.3669577644
22610,252.0,0.7,139.49407537
22620,272.9,0.9,183.634294314
22630,293.7,0.5,99.2907828658
22640,256.3,0.8,158.678754073
22650,244.9,0.8,157.059671791
22660,344.5,0.6,119.100392586
22670,243.0,0.7,137.348090232
22680,253.2,0.9,181.750837626
22690,263.0,0.9,174.422497767
22700,330.3,0.6,121.434256646
22710,382.8,0.8,160.249765897
22720,326.8,0.6,123.270553758
22730,348.4,0.7,148.848739341
22740,352.2,0.6,137.067755633
22750,246.7,0.5,88.040223591
22760,270.5,0.8,171.41224736
22770,390.9,0.9,189.063734446
22780,296.5,0.9,189.605392139
22790,342.2,0.9,188.199811764
22800,341.9,0.7,145.665251281
22810,271.8,0.7,142.34387079
22820,289.1,0.9,177.15020537
22830,250.7,0.7,131.486406424
22840,263.2,0.7,135.227959275
22850,264.1,0.7,140.350057292
22860,362.2,0.9,192.656975052
22870,284.0,0.8,166.572690716
22880,304.0,1.0,215.365538466
22890,312.3,1.0,201.831972394
22900,376.0,0.8,163.682144528
22910,427.9,0.7,139.762480914
22920,291.9,0.9,190.037239761
22930,361.3,0.8,172.745930436
22940,288.9,0.9,185.495425169
22950,416.7,0.6,124.559290374
22960,378.3,0.8,170.484997561
22970,353.7,0.8,179.019463451
22980,236.8,0.5,86.2629151598
22990,331.8,0.8,163.6449019
23000,349.8,0.8,162.170098809
23010,379.0,0.8,171.948552781
23020,276.7,0.8,153.349027603
23030,353.9,0.8,163.637625852
23040,262.2,0.7,135.379007765
23050,350.6,0.8,175.960744812
23060,272.2,0.9,179.356112239
23070,278.7,0.9,185.5323615
23080,243.7,0.6,105.404730905
23090,286.4,0.9,180.81865152
23100,350.4,0.7,145.9317491
23110,288.7,0.9,191.726808052
23120,280.5,0.8,164.939336514
23130,335.1,0.6,113.372987178
23140,412.3,0.6,131.748116704
23150,275.1,1.0,205.959049065
23160,261.9,0.8,157.793906964
23170,236.0,0.7,136.923533845
23180,376.2,0.8,165.505977516
23190,295.0,0.8,177.162211194
23200,402.8,0.6,122.662962142
23210,372.9,0.6,119.242434614
23220,296.4,0.9,185.876360559
23230,401.3,0.6,131.824330791
23240,403.2,0.4,81.4238555753
23250,227.7,0.5,78.9957371002
23260,437.3,0.7,166.261689061
23270,236.1,0.8,167.62313588
23280,327.0,0.9,191.56994961
23290,258.5,0.8,155.279300705
23300,333.9,0.8,162.137106845
23310,374.1,0.7,135.381412851
23320,427.3,0.7,170.780704733
23330,408.4,0.8,185.253244942
23340,232.0,0.4,48.9151604693
23350,346.2,0.8,171.088124803
23360,426.3,0.5,102.630493021
23370,376.5,0.6,125.671437418
23380,345.4,0.9,189.967161107
23390,335.5,0.8,174.103007095
23400,297.5,0.8,153.195179982
23410,205.5,0.4,54.2065746336
23420,327.1,0.8,175.453527533
23430,452.7,0.7,165.654145107
23440,249.2,0.7,138.885287368
23450,267.4,0.7,148.116895889
23460,331.9,0.6,111.178050326
23470,304.4,0.7,135.603207896
23480,260.3,0.9,191.150840728
23490,336.6,0.9,197.041345011
23500,264.4,0.9,185.242732405
23510,261.7,0.7,147.225044
23520,306.7,0.9,182.556183753
23530,237.1,0.6,100.865195191
23540,274.1,1.0,208.484857319
23550,346.6,0.9,192.2903188
23560,320.8,0.7,145.643492684
23570,325.7,0.9,202.476047111
23580,237.9,0.7,131.833972956
23590,266.4,0.9,182.068099911
23600,246.4,0.8,163.846623929
23610,269.1,0.8,157.026117028
23620,260.0,0.9,195.473537038
23630,263.2,0.6,96.5909536871
23640,226.0,0.7,144.86861611
23650,272.9,0.9,182.109544138
23660,256.3,1.0,216.057708113
23670,278.9,0.6,114.31385497
23680,259.8,0.9,185.008349552
23690,392.2,0.8,180.71792391
23700,325.2,0.9,172.465070018
23710,243.3,0.8,163.196193144
23720,333.2,0.6,127.187342711
23730,443.9,0.3,71.9929242581
23740,226.4,0.7,132.670486437
23750,296.4,0.8,155.548028305
23760,382.2,0.4,88.5360071323
23770,415.2,0.7,164.961742603
23780,244.9,0.9,183.529792265
23790,328.9,0.7,148.956050531
23800,227.9,0.8,161.761316891
23810,237.6,0.8,159.332564846
23820,297.3,0.5,100.474038051
23830,377.4,0.5,118.690956727
23840,260.9,0.7,139.351973307
23850,223.3,0.6,118.050336044
23860,427.1,0.5,100.896244592
23870,255.5,0.8,158.969759375
23880,253.1,0.5,86.3343940275
23890,221.9,1.0,217.21457408
23900,309.6,0.9,191.510579216
23910,220.0,0.7,132.719391074
23920,330.1,0.6,128.973377567
23930,239.1,0.5,94.146586571
23940,377.9,0.5,105.452802939
23950,373.8,0.8,171.732043007
23960,310.0,0.9,190.44858643
23970,282.7,0.4,69.347239428
23980,209.7,0.5,98.6366839247
23990,297.1,0.8,145.243748798
24000,228.5,0.8,160.536497958
24010,214.0,0.7,134.60433316
24020,236.5,0.7,141.34926869
24030,217.2,0.6,108.332384439
24040,208.3,0.7,139.733792613
24050,312.3,0.8,167.54269146
24060,284.2,0.5,111.419529424
24070,232.1,0.6,116.037515819
24080,285.6,0.6,124.249573158
24090,288.4,0.5,99.8655801977
24100,201.1,0.5,79.9115282888
24110,301.9,0.6,119.903286479
24120,382.9,0.7,155.90583269
24130,274.3,1.0,208.076389131
24140,219.0,0.7,140.696690384
24150,208.9,0.5,71.7111805249
24160,287.6,0.6,116.007821671
24170,296.3,0.7,140.899361412
24180,247.6,0.6,113.117065519
24190,215.7,0.7,133.38701379
24200,361.3,0.6,138.148005502
24210,200.8,0.5,79.6722935951
24220,342.9,0.7,162.74308331
24230,380.8,0.4,87.149159043
24240,372.5,0.6,138.748953192
24250,236.8,0.5,91.1304280995
24260,286.8,0.5,95.8223934745
24270,191.8,0.6,121.72973275
24280,216.4,0.8,166.991897385
24290,267.3,0.4,67.5020908096
24300,222.1,0.6,116.560776627
24310,224.7,0.8,155.087787725
24320,192.4,0.5,99.9557065357
24330,192.7,0.4,62.737171374
24340,277.1,0.5,97.9847373892
24350,251.1,0.6,113.153652247
24360,188.9,0.6,112.01441147
24370,201.5,0.7,122.477328173
24380,274.5,1.0,203.881471618
24390,208.0,0.7,133.238908133
24400,324.3,0.5,88.4351450579
24410,359.1,0.3,54.5462031567
24420,368.1,0.4,77.6034809689
24430,237.1,1.0,212.924824462
24440,303.4,0.6,107.620505309
24450,188.8,0.5,100.046767449
24460,222.3,0.7,137.519535327
24470,271.3,0.5,101.089074333
24480,218.6,0.6,111.838823858
24490,284.1,0.6,122.502841454
24500,296.8,0.7,141.796819393
24510,228.5,0.9,184.320437357
24520,339.8,0.9,185.595056518
24530,381.4,0.8,183.668017279
24540,368.2,0.5,114.447474328
24550,237.3,0.8,168.829096658
24560,225.0,0.6,98.2328792484
24570,323.9,0.7,150.088019776
24580,201.1,0.4,53.2790219793
24590,377.7,0.7,164.853284445
24600,394.5,0.5,119.814470184
24610,182.8,0.3,51.0741346994
24620,193.7,0.4,63.8421347241
24630,233.8,0.7,138.132833061
24640,213.1,0.7,139.258895063
24650,302.0,0.5,96.8157040555
24660,247.8,0.8,154.533890283
24670,227.6,0.8,170.620427922
24680,241.2,0.7,120.773077488
24690,218.8,0.6,106.365375814
24700,293.3,0.6,106.67198351
24710,364.7,0.6,135.222633298
24720,295.0,0.7,139.656799645
24730,226.1,0.4,62.3134396204
24740,399.1,0.8,173.441291217
24750,304.4,0.9,180.332193118
24760,203.2,0.5,73.4926803869
24770,201.6,0.6,130.278534282
24780,301.7,0.7,121.162384274
24790,276.5,0.4,72.8112258511
24800,231.9,0.8,150.468655324
24810,255.8,0.8,153.281136308
24820,244.4,0.7,121.740975128
24830,457.7,0.6,130.750290501
24840,319.4,0.6,106.074655583
24850,205.1,0.6,107.646190018
24860,246.4,0.8,136.680899262
24870,247.4,0.9,177.188596914
24880,295.3,0.6,115.767137288
24890,287.6,0.7,128.634433044
24900,273.0,0.9,186.963690295
24910,302.5,0.7,112.078317548
24920,386.0,0.8,167.976382861
24930,244.1,0.9,173.893669838
24940,219.1,0.5,70.0311950691
24950,194.4,0.5,82.7256758665
24960,226.4,0.7,139.740102386
24970,201.9,0.6,105.262105224
24980,265.5,1.0,206.614546852
24990,384.8,0.6,127.506233409
25000,291.2,0.6,118.918360502
25010,379.7,0.5,92.9498392539
25020,313.7,0.8,146.601766328
25030,294.7,0.7,134.728372404
25040,298.3,0.9,166.087434364
25050,439.4,0.6,118.235207596
25060,309.6,0.7,137.731392188
25070,392.2,0.8,154.821474897
25080,204.4,0.5,87.1496138557
25090,341.7,0.5,105.640691765
25100,235.0,0.7,125.580897903
25110,287.3,0.9,181.066829556
25120,372.0,0.5,97.0443004372
25130,412.4,0.7,146.761487268
25140,213.1,0.6,113.341364798
25150,305.7,0.8,153.819305161
25160,381.2,0.5,98.757796612
25170,232.1,0.8,165.385264148
25180,224.0,0.8,162.697260262
25190,391.8,0.6,138.638864644
25200,199.7,0.4,61.8525440502
25210,460.9,0.7,163.622929456
25220,329.7,0.8,167.984776023
25230,338.4,0.7,145.666366046
25240,329.4,0.8,170.696567788
25250,320.1,0.9,194.949578009
25260,398.3,0.6,118.01414687
25270,383.2,0.5,111.093969648
25280,240.6,0.7,133.129386139
25290,377.1,0.5,106.188199915
25300,321.1,0.7,135.47962931
25310,367.8,0.9,184.886680609
25320,289.7,0.5,93.9701332421
25330,278.4,0.5,107.055984692
25340,238.6,0.7,136.674182184
25350,262.0,0.8,165.560322937
25360,259.6,0.8,160.649419339
25370,300.8,0.7,147.760022328
25380,246.8,0.9,185.220346397
25390,211.1,0.5,75.6802224374
25400,256.3,0.8,153.407515268
25410,339.5,0.9,201.59742394
25420,326.6,0.6,126.513388912
25430,450.3,0.6,122.94767393
25440,233.0,0.7,136.79615191
25450,246.1,0.7,139.48773999
25460,242.1,0.7,135.62362942
25470,382.0,0.8,159.789037368
25480,472.9,0.7,151.674423805
25490,304.5,1.0,204.664137204
25500,392.2,0.6,132.01932373
25510,243.5,0.7,145.701126804
25520,219.8,0.5,88.0077330278
25530,303.6,0.9,186.847104546
25540,329.9,0.8,171.642555073
25550,398.9,0.7,149.709702573
25560,391.0,0.6,134.493806213
25570,329.0,0.7,143.609253024
25580,512.4,0.7,167.088228398
25590,240.0,0.6,115.762187463
25600,405.1,0.8,175.029292902
25610,323.8,0.9,173.905595122
25620,256.7,0.9,187.334186721
25630,299.1,0.7,140.554522143
25640,318.5,0.8,153.226782239
25650,257.4,1.0,203.922278316
25660,304.7,0.9,193.296613327
25670,382.8,0.6,125.598128879
25680,278.7,0.9,186.420396273
25690,470.1,0.6,129.362303824
25700,375.2,0.8,175.173057557
25710,303.8,0.8,156.466451801
25720,344.4,0.9,192.711752477
25730,280.1,1.0,206.352578101
25740,410.3,0.7,156.013758929
25750,258.0,0.7,138.599127405
25760,397.5,0.7,144.460191614
25770,277.3,0.9,179.534402344
25780,328.9,0.8,158.580607731
25790,340.2,1.0,201.187507968
25800,351.6,0.9,195.275312604
25810,414.3,0.6,132.174655169
25820,343.0,0.9,190.11374976
25830,372.6,0.9,201.348162379
25840,274.7,1.0,210.598136701
25850,250.1,0.8,159.321370813
25860,339.5,0.9,201.251135673
25870,274.1,0.9,185.547845953
25880,254.0,0.7,146.160841728
25890,307.2,0.9,183.439510483
25900,317.2,0.5,98.1365369357
25910,337.3,1.0,210.663099137
25920,277.6,1.0,215.731963302
25930,318.1,1.0,195.626024289
25940,330.6,0.9,191.234964216
25950,305.2,0.9,173.798388861
25960,260.0,0.8,158.324549496
25970,315.2,0.9,183.913889881
25980,245.1,0.8,159.678346924
25990,332.5,0.8,168.903092506
26000,470.7,0.4,93.5041261319
26010,333.1,0.7,146.984825387
26020,419.0,0.9,201.674404315
26030,255.0,0.8,157.295021041
26040,334.6,0.8,173.359309166
26050,309.3,1.0,198.387445084
26060,273.3,1.0,209.302415152
26070,326.5,0.9,171.667299827
26080,551.3,0.6,150.293987603
26090,234.8,0.6,98.1679746018
26100,299.4,0.7,135.680077787
26110,313.2,1.0,214.440062179
26120,283.7,0.9,180.532087286
26130,264.9,0.9,185.290479566
26140,274.9,0.9,183.222797269
26150,267.5,0.9,186.508896619
26160,410.4,0.8,170.137784605
26170,274.2,0.7,141.240307568
26180,325.3,0.7,140.480398447
26190,320.8,0.6,128.000205766
26200,340.9,0.9,195.512899871
26210,364.4,0.8,157.789630135
26220,411.4,0.8,184.037118918
26230,391.8,0.8,172.84405137
26240,240.3,0.7,134.638114895
26250,273.4,0.9,186.360012682
26260,409.6,0.8,179.467705195
26270,279.0,0.8,171.746865085
26280,265.2,0.8,157.01362562
26290,286.7,0.7,126.012143019
26300,251.9,0.9,186.575154358
26310,284.4,0.9,178.982435113
26320,295.3,0.9,191.353908631
26330,312.5,0.9,184.87941447
26340,262.2,0.6,116.411046356
26350,279.9,0.9,185.377034228
26360,377.3,0.8,163.108715335
26370,268.2,0.9,181.573916196
26380,269.3,0.8,153.154959213
26390,292.6,0.9,177.759213736
26400,361.5,0.9,176.297465022
26410,339.0,0.7,160.48225217
26420,492.4,0.7,146.834893067
26430,354.1,0.8,171.555284381
26440,324.9,0.8,146.900617019
26450,277.9,0.9,186.040919551
26460,345.7,1.0,203.38210162
26470,419.6,0.8,169.49389375
26480,255.2,0.8,157.753148269
26490,426.6,0.7,157.015888604
26500,418.7,0.7,154.612316467
26510,277.7,0.9,188.631934249
26520,252.1,0.8,162.336326013
26530,345.4,0.9,171.596733813
26540,339.1,0.6,127.0029493
26550,442.1,0.8,176.699667567
26560,437.6,0.7,162.946797277
26570,447.0,0.8,175.909324378
26580,446.5,0.6,132.082696427
26590,493.7,0.8,184.805704594
26600,483.0,0.7,148.77084109
26610,311.5,0.9,184.26923058
26620,313.7,1.0,206.861102517
26630,365.7,0.8,162.779940569
26640,327.4,0.9,173.881480888
26650,293.7,1.0,209.139124068
26660,383.8,0.9,192.231054521
26670,306.2,1.0,204.938748889
26680,343.0,1.0,198.310873889
26690,305.7,1.0,199.392463829
26700,307.9,0.9,178.088553658
26710,334.9,0.9,181.098490872
26720,315.6,0.9,173.341583556
26730,304.9,1.0,212.161076356
26740,381.2,0.8,169.112068729
26750,463.3,0.7,144.347629462
26760,461.0,0.8,173.792849234
26770,312.2,1.0,206.039362412
26780,374.7,0.9,193.339091533
26790,281.8,0.7,132.388222303
26800,369.8,0.7,130.466167548
26810,466.9,0.8,186.382264384
26820,346.6,1.0,208.285738368
26830,334.5,1.0,198.082404973
26840,302.9,0.8,159.329928374
26850,362.0,0.9,176.485100239
26860,392.0,0.9,183.748458886
26870,384.3,0.8,158.435258466
26880,449.3,0.7,138.044328076
26890,304.2,0.9,182.117659975
26900,367.1,0.8,168.770005953
26910,306.8,1.0,202.424927382
26920,296.4,0.8,150.059562889
26930,312.0,1.0,205.362591806
26940,438.5,0.7,148.526216095
26950,281.7,0.9,172.689728274
26960,370.5,0.7,149.220499198
26970,383.9,0.8,168.894374054
26980,301.1,0.9,169.770887237
26990,323.5,1.0,205.229168303
27000,370.8,0.9,186.319545247
27010,297.9,0.9,181.332827119
27020,383.7,0.9,184.217741893
27030,378.1,0.9,191.947829881
27040,443.2,0.7,155.147033464
27050,381.4,0.8,161.822149476
27060,295.5,1.0,202.337409818
27070,382.3,0.9,195.089505163
27080,391.3,0.9,188.741377196
27090,439.7,0.7,139.616162735
27100,331.5,1.0,210.829594907
27110,377.1,0.7,140.65616851
27120,384.7,0.8,175.953806677
27130,376.4,0.9,192.279055751
27140,418.6,0.8,160.402995957
27150,374.9,0.8,170.633968855
27160,434.7,0.7,148.136934916
27170,458.6,0.8,164.773379241
27180,408.6,0.9,193.04879861
27190,429.9,0.7,149.194355674
27200,440.3,0.8,157.797316203
27210,300.5,0.9,174.733550281
27220,284.8,0.7,134.966290837
27230,411.1,0.8,163.533680181
27240,530.0,0.7,158.365052742
27250,375.2,0.8,164.367871699
27260,326.6,0.9,188.656715185
27270,300.2,0.9,175.096776319
27280,343.1,0.9,175.26885986
27290,328.5,0.9,176.224823333
27300,318.2,0.9,175.232714516
27310,316.7,0.9,174.484051969
27320,396.9,0.9,190.089233724
27330,298.2,0.7,142.834592351
27340,324.3,1.0,204.757994357
27350,316.2,1.0,203.136364502
27360,371.5,0.8,163.848246868
27370,306.7,1.0,208.880904727
27380,438.2,0.7,147.220847318
27390,389.5,0.8,156.144188422
27400,365.8,0.9,189.175954167
27410,370.3,0.7,133.686722407
27420,462.6,0.8,159.648709819
27430,320.1,0.8,146.979460219
27440,382.2,0.9,175.095524549
27450,349.0,1.0,195.286334943
27460,396.5,0.9,180.425348289
27470,463.8,0.8,183.170793811
27480,437.2,0.8,157.555383996
27490,325.4,0.9,178.061240974
27500,502.4,0.8,182.548088698
27510,327.7,0.9,178.165893535
27520,319.1,0.8,156.643934953
27530,405.1,0.9,186.110839539
27540,401.6,0.9,175.779160676
27550,390.4,0.8,168.133524027
27560,316.6,0.7,134.973570543
27570,328.9,0.7,126.830171817
27580,434.8,0.7,143.481558927
27590,393.5,0.8,167.217913098
27600,385.4,0.9,180.11162606
27610,409.7,0.9,185.352114652
27620,316.1,0.9,177.95926993
27630,370.5,0.9,191.044178358
27640,455.2,0.6,121.419647049
27650,395.2,0.9,190.851433599
27660,320.6,1.0,195.505637748
27670,466.8,0.8,164.424050927
27680,331.6,1.0,208.602688484
27690,329.7,0.9,189.729506839
27700,501.0,0.7,154.917073143
27710,367.2,0.7,135.912123253
27720,332.5,0.9,180.845983941
27730,295.8,0.7,126.492994089
27740,449.4,0.6,130.142692001
27750,320.7,1.0,195.695291459
27760,426.3,0.9,182.94360493
27770,392.3,0.9,187.710993727
27780,468.2,0.7,151.031322138
27790,363.0,0.7,135.66201634
27800,372.8,0.8,163.732516607
27810,459.5,0.8,170.605917294
27820,317.1,0.9,178.239117739
27830,375.0,0.8,156.382722328
27840,485.6,0.6,117.854885507
27850,363.2,0.6,104.197463352
27860,399.0,0.7,131.050085339
27870,376.3,0.8,163.803603278
27880,316.3,0.7,133.312172959
27890,294.9,0.8,148.332113333
27900,371.3,0.9,180.085775056
27910,295.1,0.8,156.055418069
27920,360.4,0.9,175.074222046
27930,441.2,0.8,180.963156438
27940,446.6,0.8,164.593159313
27950,298.6,0.8,141.688179144
27960,364.7,0.7,143.75167206
27970,329.3,1.0,202.003415667
27980,373.2,0.8,171.649140248
27990,334.6,0.9,173.617521859
28000,294.9,0.9,171.183856014
28010,454.3,0.6,127.627960055
28020,365.4,0.7,127.421113961
28030,310.1,1.0,196.535579601
28040,307.7,0.8,154.080935031
28050,424.5,0.9,177.567391626
28060,382.5,0.9,190.933567879
28070,438.5,0.6,130.783884585
28080,359.8,0.8,155.519368163
28090,442.9,0.6,120.953005505
28100,443.4,0.8,176.666844696
28110,377.6,0.9,182.420937497
28120,331.5,0.7,134.207455825
28130,300.9,0.9,174.160793811
28140,435.3,0.7,148.887831831
28150,383.7,0.9,194.571425021
28160,380.4,0.9,188.696842673
28170,441.8,0.5,101.33654874
28180,434.4,0.7,151.347813112
28190,290.5,1.0,204.88666171
28200,281.6,0.6,105.592657682
28210,359.3,0.9,199.424319682
28220,294.3,0.9,182.628799763
28230,285.0,0.6,102.443689886
28240,279.2,0.7,127.637242645
28250,378.3,0.7,141.747200618
28260,333.1,0.9,164.835635281
28270,299.9,0.9,167.062325538
28280,352.9,0.9,181.153446597
28290,429.5,0.7,151.358963949
28300,483.4,0.4,103.240148492
28310,503.4,0.5,109.39104524
28320,322.7,0.8,159.704331291
28330,334.1,1.0,199.327177351
28340,363.7,0.8,165.014630696
28350,370.8,0.8,161.129824562
28360,286.0,1.0,208.89510038
28370,416.6,0.5,96.9574891085
28380,294.0,0.8,152.679941783
28390,363.3,0.9,190.80381552
28400,280.5,0.8,157.575331726
28410,527.0,0.7,156.506792405
28420,423.9,0.8,158.977658803
28430,398.9,0.9,181.813964871
28440,371.3,0.9,184.428943694
28450,403.9,0.9,197.0896478
28460,274.5,0.6,118.6561658
28470,378.6,0.9,194.133007511
28480,523.2,0.7,161.253754493
28490,427.6,0.7,154.176060325
28500,371.2,0.7,140.295614677
28510,343.1,0.7,141.846772068
28520,271.1,0.7,135.072851075
28530,327.1,0.8,153.521916618
28540,416.3,0.6,127.794633084
28550,424.0,0.6,126.624180304
28560,290.6,0.7,131.544485212
28570,506.6,0.7,166.927402218
28580,288.7,0.8,153.573552536
28590,345.6,0.9,185.955107558
28600,465.0,0.6,118.316020255
28610,276.3,0.9,180.653603965
28620,245.8,0.6,104.56340522
28630,342.0,0.7,143.391805768
28640,415.9,0.6,130.858744562
28650,340.1,0.8,172.790985188
28660,343.0,0.7,136.247978768
28670,295.3,1.0,200.265026312
28680,442.6,0.8,171.920468105
28690,412.1,0.8,168.828154622
28700,359.3,0.6,108.421656294
28710,284.6,0.9,174.887459069
28720,367.4,0.9,170.660883924
28730,427.9,0.8,175.973721402
28740,428.1,0.8,152.982724347
28750,452.4,0.7,157.926829132
28760,285.4,0.8,153.77546438
28770,348.2,0.9,194.930048696
28780,416.6,0.7,157.629475307
28790,337.3,0.7,142.520940682
28800,267.5,0.9,183.905518737
28810,504.5,0.7,159.562016804
28820,436.8,0.7,147.744132641
28830,347.7,0.8,165.652882809
28840,432.5,0.6,122.067613666
28850,306.6,0.9,176.937552019
28860,424.9,0.8,164.434900378
28870,264.6,0.7,127.031168708
28880,336.4,0.6,119.826724816
28890,409.1,0.7,140.039760481
28900,283.1,1.0,198.69431434
28910,290.5,0.9,177.631602352
28920,483.9,0.6,117.874902155
28930,428.8,0.8,183.206502041
28940,289.2,0.7,139.968024995
28950,333.6,0.6,124.030482876
28960,423.4,0.7,154.347522713
28970,362.1,0.8,168.846497175
28980,358.0,0.7,142.363296496
28990,342.5,0.9,197.60829648
29000,267.1,0.7,131.626161864
29010,354.9,0.7,137.192695681
29020,500.3,0.5,117.096086197
29030,345.1,0.7,151.37928773
29040,415.6,0.7,161.977189168
29050,505.0,0.7,147.295575183
29060,276.3,1.0,210.932953933
29070,341.4,0.8,168.680678387
29080,289.0,0.8,156.670051413
29090,265.2,0.5,70.8121069598
29100,417.1,0.7,144.041768994
29110,290.4,1.0,195.733603175
29120,262.1,0.7,130.089221341
29130,265.7,0.7,130.617640013
29140,502.3,0.5,113.931170121
29150,495.3,0.8,173.791652955
29160,264.0,0.6,104.217933517
29170,375.2,0.6,114.409595856
29180,329.9,0.5,91.4029165077
29190,289.7,0.8,157.625012337
29200,275.6,0.8,147.969407677
29210,363.9,0.7,131.869418049
29220,253.2,0.7,140.693685271
29230,297.6,0.9,181.222618105
29240,264.0,0.8,147.301837383
29250,350.0,0.9,186.602410356
29260,393.0,0.5,104.294033084
29270,412.6,0.6,133.074047218
29280,372.8,0.8,168.238423229
29290,299.6,0.6,110.998899694
29300,349.0,0.9,192.922123794
29310,270.6,0.9,180.331149726
29320,276.7,0.9,185.07988237
29330,278.1,0.7,123.657437448
29340,453.6,0.5,105.163325195
29350,353.7,0.8,178.206484102
29360,297.7,0.9,175.219317668
29370,422.1,0.8,187.891816561
29380,358.9,0.7,144.571456241
29390,405.8,0.6,121.538025712
29400,415.4,0.7,153.064237642
29410,299.2,0.8,152.267339162
29420,287.2,0.8,153.704394709
29430,422.5,0.8,175.650708586
29440,343.3,0.8,165.049973262
29450,409.9,0.6,121.730602482
29460,495.5,0.6,141.261391819
29470,295.6,0.9,182.873369853
29480,271.2,0.6,95.8211163223
29490,247.0,0.8,167.542851763
29500,417.3,0.7,153.099783176
29510,289.1,1.0,209.249350375
29520,504.9,0.6,134.15012254
29530,274.9,1.0,207.42133246
29540,510.9,0.7,172.099210529
29550,303.5,1.0,198.703632938
29560,287.0,1.0,202.223124376
29570,267.0,0.9,177.013070797
29580,343.5,0.8,170.060102687
29590,257.9,0.7,129.589368967
29600,348.5,0.7,136.575609982
29610,439.2,0.7,157.234404185
29620,280.4,0.7,123.822898618
29630,468.5,0.8,175.696008612
29640,304.8,0.9,179.840286309
29650,366.9,0.7,140.241549568
29660,286.9,1.0,198.34956745
29670,354.4,0.8,159.756585164
29680,297.6,0.9,190.345840502
29690,361.8,0.9,190.868926315
29700,299.9,1.0,197.452134593
29710,358.1,0.8,167.172896578
29720,300.5,1.0,212.298775311
29730,496.4,0.8,178.734900206
29740,380.6,0.8,169.831140095
29750,271.0,0.6,119.429552587
29760,303.5,0.8,158.51662723
29770,306.5,1.0,210.118470589
29780,383.2,0.9,185.400516047
29790,422.7,0.8,174.67921836
29800,451.8,0.7,147.980771031
29810,478.6,0.8,184.301337455
29820,372.1,0.9,196.584711061
29830,368.5,0.9,183.063693277
29840,379.9,0.7,149.574525519
29850,304.4,0.8,155.640228508
29860,348.7,0.8,164.832824358
29870,274.0,0.7,125.975194824
29880,527.3,0.6,150.722218731
29890,378.2,0.6,123.223458469
29900,331.6,0.9,175.850305079
29910,305.2,1.0,201.673845666
29920,302.6,1.0,203.875130602
29930,296.4,0.9,185.235429129
29940,324.2,0.8,144.492285226
29950,399.1,1.0,209.722418772
29960,423.8,0.7,145.814349016
29970,288.0,1.0,204.284404053
29980,315.1,0.8,157.59221045
29990,370.0,0.8,171.630358266
30000,295.9,0.8,157.080225415
