20,81.2,0.0,-608.324767003
40,140.95,0.0,-593.138259992
60,125.95,0.0,-576.035572965
80,118.15,0.0,-520.301749272
100,143.7,0.0,-573.522903358
120,137.5,0.0,-573.178415824
140,133.3,0.0,-527.23613191
160,141.7,0.0,-584.870213433
180,106.9,0.0,-573.103459576
200,90.0,0.0,-548.418059935
220,84.5,0.0,-541.533674943
240,74.45,0.0,-639.840627441
260,69.6,0.0,-585.412310201
280,71.55,0.0,-446.396169282
300,73.85,0.0,-467.69248878
320,68.8,0.0,-439.273974881
340,68.7,0.0,-605.35434215
360,67.15,0.0,-545.012304912
380,73.2,0.0,-487.509957262
400,68.55,0.0,-471.570598339
420,65.0,0.0,-487.869579436
440,66.2,0.0,-395.613162723
460,65.6,0.0,-387.163357815
480,73.3,0.0,-307.798912313
500,78.85,0.0,-382.318635712
520,70.75,0.0,-427.059989537
540,68.95,0.0,-438.14454589
560,64.65,0.0,-417.123205898
580,73.55,0.0,-416.016826358
600,73.8,0.0,-472.384981216
620,64.85,0.0,-443.38466512
640,68.4,0.0,-418.494176742
660,70.85,0.0,-406.408382046
680,74.6,0.0,-354.890492315
700,70.55,0.0,-405.542467185
720,74.0,0.0,-481.376567411
740,68.55,0.0,-462.522012274
760,68.25,0.0,-422.544899852
780,74.1,0.0,-450.978679128
800,73.55,0.0,-498.953883242
820,66.25,0.0,-479.931442813
840,69.55,0.0,-410.951737051
860,73.05,0.0,-412.789627901
880,74.8,0.0,-367.017725955
900,73.5,0.0,-353.544561331
920,74.55,0.0,-351.682296642
940,72.85,0.0,-304.629055971
960,78.75,0.0,-262.540066016
980,74.15,0.0,-259.250621607
1000,79.65,0.0,-385.619965881
1020,79.0,0.0,-333.588470796
1040,66.15,0.0,-302.157190105
1060,66.85,0.0,-326.101063877
1080,68.35,0.0,-343.155878818
1100,73.0,0.0,-321.862007537
1120,67.1,0.0,-293.030837042
1140,77.05,0.0,-212.161992078
1160,72.55,0.0,-230.810756987
1180,72.65,0.0,-268.380238609
1200,74.4,0.0,-241.486496384
1220,69.75,0.0,-286.946732337
1240,68.3,0.0,-283.099872056
1260,71.75,0.0,-286.185897818
1280,70.4,0.0,-261.422239036
1300,70.15,0.0,-299.931430395
1320,73.2,0.0,-243.20441767
1340,73.25,0.0,-247.181095082
1360,70.05,0.0,-266.535414087
1380,70.75,0.0,-315.388842631
1400,67.7,0.0,-311.092369638
1420,69.4,0.0,-290.909575351
1440,71.65,0.0,-286.747902348
1460,68.05,0.0,-289.715225755
1480,72.7,0.0,-274.580722265
1500,74.9,0.0,-197.552274735
1520,71.75,0.0,-281.363184684
1540,70.0,0.0,-328.193079367
1560,71.25,0.0,-261.896702999
1580,69.45,0.0,-268.036662243
1600,71.45,0.0,-208.796864318
1620,81.2,0.0,-248.770515336
1640,70.75,0.0,-249.843450137
1660,76.45,0.0,-184.417746989
1680,68.6,0.0,-221.137551024
1700,71.7,0.0,-314.295071312
1720,69.25,0.0,-296.231065381
1740,70.5,0.0,-320.876577314
1760,68.05,0.0,-347.209072656
1780,68.85,0.0,-292.116339495
1800,69.4,0.0,-301.693731371
1820,68.75,0.0,-262.488285957
1840,73.05,0.0,-272.336524365
1860,71.3,0.0,-243.894491149
1880,70.8,0.0,-264.295192164
1900,71.25,0.0,-220.743445926
1920,71.6,0.0,-208.725795517
1940,72.65,0.0,-209.724828389
1960,70.0,0.0,-214.611950179
1980,74.05,0.0,-296.503106377
2000,73.9,0.0,-257.690122686
2020,73.8,0.0,-258.619056618
2040,77.75,0.05,-238.644181848
2060,71.85,0.0,-242.798807458
2080,69.35,0.0,-268.31883344
2100,71.45,0.0,-293.636858874
2120,69.45,0.0,-305.030890891
2140,72.0,0.0,-315.148752371
2160,68.8,0.0,-301.75011206
2180,70.45,0.0,-319.021742775
2200,68.8,0.0,-308.295579094
2220,70.9,0.0,-325.878167226
2240,66.7,0.0,-373.202077366
2260,70.05,0.0,-341.837283261
2280,68.65,0.0,-295.836378426
2300,63.25,0.0,-203.320508186
2320,68.65,0.0,-328.491570146
2340,71.25,0.0,-349.59832093
2360,68.9,0.0,-341.348174589
2380,73.5,0.0,-291.905912754
2400,84.45,0.0,-453.854036446
2420,70.0,0.0,-329.674994713
2440,78.2,0.0,-424.091609401
2460,72.0,0.0,-359.383695372
2480,68.95,0.0,-335.280380433
2500,72.05,0.0,-319.097868358
2520,78.55,0.0,-312.024478944
2540,80.6,0.0,-388.141145755
2560,93.75,0.0,-569.190084426
2580,77.65,0.0,-412.781012828
2600,95.95,0.0,-481.317449178
2620,100.5,0.0,-609.002206836
2640,112.45,0.0,-569.922294051
2660,107.65,0.0,-583.192033934
2680,75.55,0.0,-341.433588887
2700,91.35,0.0,-312.600002688
2720,92.95,0.0,-287.067139229
2740,119.1,0.0,-328.79042894
2760,167.85,0.0,-416.552968766
2780,127.3,0.0,-379.536366767
2800,105.9,0.0,-504.91860088
2820,87.75,0.0,-482.507429699
2840,76.85,0.0,-445.479520135
2860,76.0,0.0,-365.621442099
2880,87.2,0.0,-343.202564727
2900,82.8,0.0,-252.417139639
2920,77.85,0.0,-272.177490554
2940,84.8,0.0,-310.26614889
2960,86.2,0.0,-309.1831407
2980,67.4,0.0,-345.667162059
3000,73.0,0.0,-306.578152817
3020,79.75,0.0,-261.224617361
3040,74.95,0.0,-249.78136931
3060,72.65,0.0,-309.707775625
3080,77.25,0.0,-247.787438
3100,72.4,0.0,-309.314582507
3120,70.2,0.0,-250.978992325
3140,65.25,0.0,-210.495685638
3160,68.15,0.0,-255.988321263
3180,72.75,0.0,-303.058302634
3200,73.65,0.0,-298.692011005
3220,75.1,0.0,-283.571395405
3240,75.25,0.0,-252.150543398
3260,70.85,0.0,-251.958166006
3280,70.85,0.0,-226.959167309
3300,70.6,0.0,-228.180388892
3320,69.3,0.0,-262.860529261
3340,72.55,0.0,-305.760904492
3360,76.1,0.0,-299.752053944
3380,86.05,0.0,-294.67225366
3400,102.9,0.0,-342.19074374
3420,82.8,0.0,-278.552052269
3440,75.15,0.0,-345.786757375
3460,88.35,0.0,-333.256767745
3480,81.25,0.0,-262.10876142
3500,80.5,0.0,-225.93489874
3520,83.6,0.0,-288.122841937
3540,71.15,0.0,-253.958198653
3560,72.2,0.0,-234.078416672
3580,71.2,0.0,-286.740797047
3600,71.9,0.0,-323.980614934
3620,72.1,0.0,-293.03392092
3640,72.45,0.0,-258.58730945
3660,70.1,0.0,-281.552054761
3680,100.0,0.0,-381.617791982
3700,100.45,0.0,-417.56101682
3720,101.95,0.0,-434.827604851
3740,90.25,0.0,-459.754656941
3760,85.6,0.0,-419.909172218
3780,76.25,0.0,-311.318299844
3800,73.8,0.0,-244.125001994
3820,70.45,0.0,-241.769313179
3840,70.5,0.0,-322.558988718
3860,65.8,0.0,-396.304267272
3880,67.2,0.0,-374.587945487
3900,81.35,0.0,-348.86863945
3920,134.25,0.0,-457.814431728
3940,100.8,0.0,-391.389308592
3960,91.75,0.0,-417.256507744
3980,94.65,0.0,-372.315413227
4000,79.4,0.0,-377.12852565
4020,78.85,0.0,-344.161037672
4040,89.65,0.0,-362.493723766
4060,82.05,0.0,-295.546353273
4080,93.8,0.0,-327.291729129
4100,91.4,0.0,-291.788005047
4120,89.5,0.0,-311.895164092
4140,80.4,0.0,-241.767474784
4160,88.55,0.0,-265.781667084
4180,99.2,0.0,-381.140343927
4200,94.25,0.0,-312.990539633
4220,95.7,0.0,-407.781325412
4240,89.35,0.0,-282.116646066
4260,91.85,0.0,-318.615027316
4280,92.4,0.0,-359.098348949
4300,85.6,0.0,-301.66493702
4320,93.85,0.0,-297.524027061
4340,91.35,0.0,-303.148219755
4360,90.75,0.0,-291.470963856
4380,91.3,0.0,-263.588459389
4400,78.9,0.0,-258.50462123
4420,75.05,0.0,-206.27161326
4440,83.5,0.0,-257.665168526
4460,86.85,0.0,-273.287881472
4480,86.6,0.0,-263.736093069
4500,100.7,0.0,-278.976271089
4520,128.5,0.0,-260.8530122
4540,107.1,0.0,-310.111459844
4560,106.95,0.0,-251.159409762
4580,84.05,0.0,-186.073170487
4600,94.25,0.0,-233.527395198
4620,91.45,0.0,-214.989689651
4640,91.8,0.0,-220.228944246
4660,97.6,0.0,-232.838431169
4680,105.2,0.0,-236.10392768
4700,110.2,0.0,-297.494598691
4720,98.05,0.0,-240.083225646
4740,100.05,0.0,-272.686004673
4760,115.15,0.0,-270.053105152
4780,93.85,0.0,-223.585955471
4800,93.1,0.0,-205.312056685
4820,106.5,0.0,-253.582338763
4840,112.65,0.0,-260.387836747
4860,119.05,0.0,-219.04317332
4880,125.5,0.0,-258.672470048
4900,128.7,0.0,-279.979687019
4920,113.3,0.0,-277.986717424
4940,103.4,0.0,-333.533894307
4960,87.45,0.0,-204.640435791
4980,86.15,0.0,-140.027446024
5000,94.85,0.0,-151.594374854
5020,90.65,0.0,-143.314255859
5040,103.8,0.0,-171.669918443
5060,139.8,0.0,-238.375727053
5080,227.9,0.0,-381.637416872
5100,120.6,0.0,-344.854181945
5120,185.4,0.0,-330.684223972
5140,148.9,0.0,-262.206217922
5160,135.15,0.0,-276.060116101
5180,112.8,0.0,-146.686379601
5200,96.45,0.0,-129.843794303
5220,101.3,0.0,-147.552431136
5240,104.35,0.0,-140.379891687
5260,102.2,0.0,-114.828945517
5280,133.25,0.0,-107.593722712
5300,167.7,0.0,-109.093258978
5320,320.75,0.0,-604.776819502
5340,274.55,0.0,-603.939708704
5360,332.95,0.0,-732.258443875
5380,163.6,0.0,-310.701724285
5400,112.35,0.0,-505.469863064
5420,106.15,0.0,-404.647954481
5440,89.9,0.0,-356.140200306
5460,72.7,0.0,-297.309747777
5480,74.8,0.0,-238.183421386
5500,70.25,0.0,-239.422318359
5520,69.15,0.0,-218.375952296
5540,71.95,0.0,-249.672826637
5560,66.45,0.0,-241.762968125
5580,71.0,0.0,-253.878985747
5600,72.1,0.0,-339.683878182
5620,72.9,0.0,-388.464115613
5640,70.85,0.0,-330.095673674
5660,68.05,0.0,-306.507102923
5680,69.0,0.0,-265.766765523
5700,71.5,0.0,-258.316168431
5720,75.0,0.0,-230.033412973
5740,68.6,0.0,-232.025506641
5760,66.9,0.0,-243.793640825
5780,67.15,0.0,-281.174433961
5800,70.15,0.0,-230.23753258
5820,69.8,0.0,-232.779767746
5840,73.3,0.0,-198.234608663
5860,71.2,0.0,-275.71392424
5880,71.7,0.0,-238.525859317
5900,71.1,0.0,-254.883294333
5920,75.15,0.0,-214.896038394
5940,66.0,0.0,-225.466758039
5960,72.45,0.0,-248.878021859
5980,70.8,0.0,-218.455193648
6000,70.75,0.0,-217.349228359
6020,66.9,0.0,-199.37961266
6040,66.4,0.0,-206.404450714
6060,65.0,0.0,-177.251628193
6080,71.3,0.0,-199.041124428
6100,66.5,0.0,-200.298141751
6120,70.35,0.0,-214.745227588
6140,70.75,0.0,-249.49752803
6160,68.05,0.0,-295.85776821
6180,72.85,0.0,-289.121699744
6200,77.45,0.0,-219.651628027
6220,70.35,0.0,-208.456860157
6240,68.9,0.0,-181.197573787
6260,68.4,0.0,-177.533592556
6280,70.2,0.0,-172.138462478
6300,71.95,0.0,-235.231713122
6320,72.8,0.0,-273.605097796
6340,68.7,0.0,-358.748126087
6360,72.8,0.0,-306.607120348
6380,67.95,0.0,-214.084083992
6400,67.55,0.0,-246.913246074
6420,74.85,0.0,-216.827408331
6440,69.55,0.0,-179.36532094
6460,78.0,0.0,-203.692627084
6480,69.7,0.0,-246.050474432
6500,73.15,0.0,-221.84880629
6520,73.35,0.0,-235.660830796
6540,70.0,0.0,-276.842961429
6560,74.55,0.0,-289.32996495
6580,71.5,0.0,-308.258348794
6600,72.15,0.0,-312.649885294
6620,78.75,0.0,-247.478597131
6640,71.65,0.0,-215.546915439
6660,71.05,0.0,-200.877929562
6680,69.35,0.0,-183.385054327
6700,70.2,0.0,-211.487097533
6720,71.25,0.0,-234.199496391
6740,70.7,0.0,-228.052492828
6760,62.4,0.0,-218.368813185
6780,76.9,0.0,-233.246366746
6800,69.75,0.0,-318.773081656
6820,70.65,0.0,-299.855373094
6840,65.65,0.0,-278.631772008
6860,71.8,0.0,-230.211475014
6880,65.2,0.0,-210.904615389
6900,68.0,0.0,-204.175009379
6920,69.2,0.0,-212.33711284
6940,69.95,0.0,-192.166633632
6960,70.65,0.0,-234.696155711
6980,68.25,0.0,-212.571560799
7000,72.8,0.0,-285.4573325
7020,64.35,0.0,-284.064279778
7040,68.9,0.0,-322.325744022
7060,68.7,0.0,-308.357968149
7080,66.1,0.0,-278.510626372
7100,75.0,0.0,-219.866448268
7120,69.75,0.0,-228.330016917
7140,69.35,0.0,-214.60463242
7160,68.4,0.0,-212.741177623
7180,70.25,0.0,-248.249702753
7200,68.9,0.0,-199.142937979
7220,71.3,0.0,-201.613210076
7240,68.2,0.0,-203.695436438
7260,66.2,0.0,-202.180439657
7280,74.6,0.0,-202.676128695
7300,69.35,0.0,-192.056495296
7320,69.1,0.0,-219.701404536
7340,69.15,0.0,-208.238195254
7360,69.7,0.0,-188.182645638
7380,71.4,0.0,-198.479333305
7400,64.6,0.0,-200.360950489
7420,69.55,0.0,-209.150693873
7440,67.95,0.0,-209.717755601
7460,63.5,0.0,-202.207787197
7480,73.5,0.0,-206.432417288
7500,69.35,0.0,-215.664093616
7520,71.7,0.0,-231.66270409
7540,63.2,0.0,-200.366247072
7560,68.45,0.0,-184.391866028
7580,74.85,0.0,-209.036111292
7600,69.2,0.0,-209.049731912
7620,70.25,0.0,-213.59740337
7640,70.2,0.0,-221.052452233
7660,68.8,0.0,-224.50795835
7680,73.0,0.0,-206.417525937
7700,68.7,0.0,-215.458574276
7720,65.1,0.0,-223.11111311
7740,68.7,0.0,-216.015799831
7760,71.8,0.0,-207.374868682
7780,68.05,0.0,-195.261031442
7800,74.45,0.0,-207.895959519
7820,72.65,0.0,-219.790093996
7840,66.55,0.0,-218.420515268
7860,70.55,0.0,-218.153707136
7880,73.75,0.0,-203.8427733
7900,72.55,0.0,-183.002025305
7920,79.8,0.0,-154.127388248
7940,78.35,0.0,-153.287606686
7960,80.85,0.0,-153.620156546
7980,82.6,0.0,-187.811063137
8000,98.15,0.0,-231.762651221
8020,87.2,0.0,-218.053226993
8040,86.15,0.0,-252.240262472
8060,114.8,0.0,-226.821081479
8080,123.6,0.0,-223.192514266
8100,137.5,0.0,-194.26684184
8120,132.4,0.0,-177.890483296
8140,106.65,0.0,-209.481985685
8160,139.8,0.0,-221.031718123
8180,141.1,0.0,-275.976153882
8200,98.15,0.0,-391.54492405
8220,109.5,0.0,-507.500030787
8240,93.9,0.0,-525.824658775
8260,98.45,0.0,-543.990494807
8280,95.75,0.0,-378.619420301
8300,99.3,0.0,-471.323855461
8320,124.4,0.0,-456.304398278
8340,121.55,0.0,-343.870453066
8360,99.25,0.0,-337.864737019
8380,93.0,0.0,-350.689521854
8400,92.15,0.0,-389.65319631
8420,95.55,0.0,-375.534785202
8440,94.5,0.0,-416.088703224
8460,81.9,0.0,-347.081163234
8480,95.25,0.0,-326.243427707
8500,84.8,0.0,-293.461970814
8520,83.4,0.0,-230.23646001
8540,101.35,0.0,-230.524593599
8560,90.05,0.0,-188.666214063
8580,87.4,0.0,-179.938827354
8600,80.9,0.0,-206.947777944
8620,85.65,0.0,-173.306658714
8640,100.15,0.0,-181.017059112
8660,76.7,0.0,-222.099948175
8680,86.95,0.0,-273.434189996
8700,81.15,0.0,-278.599963577
8720,76.7,0.0,-288.073631237
8740,70.6,0.0,-294.925055079
8760,79.1,0.0,-278.074919164
8780,92.25,0.0,-287.297462602
8800,75.2,0.0,-253.018104736
8820,89.35,0.0,-242.735609152
8840,76.2,0.0,-196.063258131
8860,77.75,0.0,-231.050521303
8880,79.0,0.0,-199.303843967
8900,71.45,0.0,-229.593123806
8920,79.4,0.0,-211.547921542
8940,76.75,0.0,-196.667696912
8960,72.85,0.0,-214.549398342
8980,71.1,0.0,-236.434933087
9000,74.0,0.0,-217.492724305
9020,75.7,0.0,-254.978034054
9040,69.8,0.0,-287.911365374
9060,69.2,0.0,-310.269680143
9080,71.2,0.0,-295.22322954
9100,64.05,0.0,-304.708783587
9120,67.35,0.0,-309.371389031
9140,133.25,0.0,-766.362953304
9160,106.55,0.0,-606.233792792
9180,108.2,0.0,-609.568585431
9200,116.0,0.0,-708.697551952
9220,94.7,0.0,-658.147352806
9240,72.7,0.0,-387.605629297
9260,68.95,0.0,-213.551171416
9280,70.55,0.0,-238.917310669
9300,73.3,0.0,-265.478274244
9320,68.2,0.0,-315.854502061
9340,71.2,0.0,-414.466667975
9360,66.55,0.0,-460.752639483
9380,66.85,0.0,-467.130401289
9400,63.1,0.0,-474.508734816
9420,66.7,0.0,-394.941518656
9440,65.4,0.0,-352.493906737
9460,77.05,0.0,-286.68775429
9480,72.5,0.0,-211.708941
9500,69.5,0.0,-198.136078268
9520,74.1,0.0,-196.340164488
9540,78.7,0.0,-235.124188484
9560,75.5,0.0,-251.484745804
9580,71.2,0.0,-295.884751495
9600,67.45,0.0,-288.351470085
9620,70.25,0.0,-295.119503147
9640,68.4,0.0,-304.959051434
9660,70.95,0.0,-288.407853875
9680,73.05,0.0,-281.025676445
9700,75.75,0.0,-226.30131285
9720,71.85,0.0,-227.08833677
9740,74.05,0.0,-204.226188
9760,71.65,0.0,-208.2047454
9780,70.5,0.0,-201.448586815
9800,69.4,0.0,-209.827702546
9820,71.3,0.0,-213.093114554
9840,74.4,0.0,-216.233714295
9860,71.9,0.0,-218.201385652
9880,74.65,0.0,-253.534491684
9900,73.85,0.0,-216.083698697
9920,70.65,0.0,-246.191220769
9940,78.25,0.0,-335.833617378
9960,73.7,0.0,-308.559414667
9980,71.85,0.0,-306.946363743
10000,77.55,0.0,-302.583618365
10020,71.4,0.0,-318.599562801
10040,75.9,0.0,-310.272438637
10060,69.05,0.0,-280.315044098
10080,77.35,0.0,-303.088943848
10100,73.0,0.0,-285.969870742
10120,74.35,0.0,-272.928938559
10140,80.75,0.0,-264.596848949
10160,77.9,0.0,-198.678669106
10180,73.7,0.0,-201.388235776
10200,68.15,0.0,-216.453380918
10220,74.05,0.0,-221.072243504
10240,74.05,0.0,-191.012114657
10260,77.55,0.0,-311.442261952
10280,68.55,0.0,-268.585570666
10300,78.55,0.0,-293.072928691
10320,78.15,0.0,-292.675888204
10340,78.4,0.0,-270.357682608
10360,78.5,0.0,-185.387556348
10380,69.8,0.0,-205.053483089
10400,88.6,0.0,-196.55893662
10420,74.35,0.0,-208.154385577
10440,72.3,0.0,-192.390247532
10460,75.8,0.0,-193.932522458
10480,71.8,0.0,-193.88430988
10500,83.1,0.0,-195.174190538
10520,72.55,0.0,-190.602459035
10540,94.15,0.0,-180.162624729
10560,73.1,0.0,-187.59966309
10580,84.25,0.0,-207.940826113
10600,71.0,0.0,-204.893436217
10620,71.05,0.0,-204.871357981
10640,69.85,0.0,-229.975283867
10660,73.15,0.0,-233.134052296
10680,72.7,0.0,-239.999833918
10700,77.0,0.0,-190.773932337
10720,83.45,0.0,-237.879194087
10740,74.1,0.0,-217.029837222
10760,87.45,0.0,-239.553267491
10780,116.75,0.05,-285.723869166
10800,128.65,0.0,-346.171510271
10820,136.85,0.0,-476.748659194
10840,105.2,0.0,-613.874061102
10860,101.35,0.0,-316.87732284
10880,127.4,0.0,-345.848442084
10900,97.5,0.0,-237.445419109
10920,113.6,0.0,-281.00873228
10940,90.1,0.0,-175.386783424
10960,117.3,0.0,-345.832984922
10980,85.85,0.0,-212.477854753
11000,88.45,0.0,-237.73896814
11020,82.4,0.0,-231.094315877
11040,74.9,0.0,-255.322807674
11060,77.3,0.0,-238.593269313
11080,70.2,0.0,-214.928087373
11100,92.85,0.0,-245.793627389
11120,83.7,0.0,-238.654708076
11140,100.65,0.0,-398.541571058
11160,116.7,0.0,-496.003565381
11180,102.85,0.0,-270.019936002
11200,82.35,0.0,-270.433676806
11220,94.4,0.0,-343.17593087
11240,70.55,0.0,-242.638569536
11260,82.5,0.0,-198.740875998
11280,101.15,0.05,-263.578499955
11300,99.75,0.0,-225.561582819
11320,99.75,0.0,-240.304944397
11340,117.0,0.0,-239.105424083
11360,98.9,0.0,-588.026598354
11380,100.05,0.0,-585.10951421
11400,122.95,0.0,-483.004711553
11420,89.45,0.0,-170.192616075
11440,66.25,0.0,-198.523756808
11460,78.55,0.0,-186.081061318
11480,75.7,0.0,-210.861848008
11500,75.1,0.0,-181.995312671
11520,68.4,0.0,-285.381984119
11540,67.2,0.0,-303.642333399
11560,69.0,0.0,-348.101971104
11580,73.8,0.0,-346.72712458
11600,66.6,0.0,-373.785556858
11620,68.4,0.0,-319.48004346
11640,72.3,0.0,-323.1516044
11660,71.15,0.0,-284.808753354
11680,66.9,0.0,-280.460797268
11700,74.95,0.0,-283.750494146
11720,76.35,0.0,-237.798748106
11740,73.35,0.0,-233.535571275
11760,73.8,0.0,-231.117515867
11780,76.1,0.0,-208.963339524
11800,73.1,0.0,-272.130868675
11820,79.75,0.0,-263.816963305
11840,89.15,0.0,-242.163333291
11860,111.8,0.0,-276.112389576
11880,99.5,0.0,-206.696545453
11900,123.1,0.0,-266.429106069
11920,132.95,0.0,-273.035235565
11940,141.85,0.0,-306.265660023
11960,130.25,0.0,-232.988737479
11980,104.75,0.0,-263.851310117
12000,93.45,0.0,-198.347929061
12020,111.75,0.0,-201.331951688
12040,74.75,0.0,-182.33606365
12060,80.8,0.0,-184.919726049
12080,78.75,0.0,-182.367758
12100,80.45,0.0,-182.152345266
12120,66.65,0.0,-185.372499239
12140,83.25,0.0,-188.691600094
12160,82.45,0.0,-205.502110196
12180,100.25,0.0,-256.345923227
12200,97.35,0.0,-211.244017326
12220,87.45,0.0,-306.293678853
12240,94.55,0.0,-254.424197119
12260,93.7,0.0,-212.101938266
12280,99.75,0.0,-332.761044647
12300,93.3,0.0,-231.344986759
12320,125.95,0.0,-218.891155015
12340,149.95,0.0,-320.895974748
12360,109.45,0.0,-238.347390172
12380,75.4,0.0,-181.167695599
12400,76.85,0.0,-189.702615149
12420,91.2,0.0,-186.240181733
12440,82.55,0.0,-201.094477847
12460,71.0,0.0,-219.956205917
12480,69.5,0.0,-202.225587101
12500,73.2,0.0,-253.21288599
12520,70.45,0.0,-301.759192392
12540,69.1,0.0,-316.589941027
12560,74.05,0.0,-284.837820327
12580,64.75,0.0,-292.448255303
12600,69.85,0.0,-281.275051439
12620,67.2,0.0,-317.266971738
12640,82.45,0.0,-314.719127682
12660,157.65,0.0,-282.48613368
12680,151.0,0.0,-343.455164006
12700,126.7,0.0,-367.272899741
12720,111.35,0.0,-258.586365033
12740,111.85,0.0,-228.820735785
12760,124.15,0.0,-330.690899428
12780,87.7,0.0,-205.99659023
12800,104.05,0.0,-204.810796112
12820,81.9,0.0,-244.837951494
12840,78.45,0.0,-236.110892537
12860,73.95,0.0,-258.423527601
12880,84.85,0.0,-274.990165223
12900,78.8,0.0,-258.237402766
12920,70.45,0.0,-171.264374214
12940,64.5,0.0,-194.714272721
12960,67.25,0.0,-211.819686951
12980,66.3,0.0,-208.70216922
13000,66.4,0.0,-197.81547907
13020,72.3,0.0,-197.078792799
13040,71.45,0.0,-197.27486188
13060,148.7,0.0,-392.102921661
13080,125.45,0.0,-336.938904625
13100,151.0,0.0,-452.950030714
13120,195.25,0.0,-672.075361099
13140,176.0,0.0,-282.086147392
13160,108.1,0.0,-302.970300593
13180,81.3,0.0,-228.332220856
13200,83.05,0.0,-262.93294456
13220,83.25,0.0,-270.434253425
13240,76.3,0.0,-242.345943826
13260,67.45,0.0,-275.244655916
13280,69.7,0.0,-248.922845677
13300,68.6,0.0,-208.885665796
13320,75.4,0.0,-195.851675266
13340,73.05,0.0,-183.512548728
13360,70.75,0.0,-184.300573602
13380,73.6,0.0,-207.25909119
13400,66.65,0.0,-193.398273535
13420,93.8,0.0,-226.285464797
13440,116.85,0.0,-209.473608265
13460,212.35,0.0,-421.891975238
13480,138.9,0.0,-378.27265167
13500,139.2,0.0,-329.366617235
13520,99.35,0.0,-308.051277513
13540,77.9,0.0,-250.774571943
13560,75.35,0.0,-255.048282508
13580,70.0,0.0,-217.053366332
13600,69.3,0.0,-226.285091076
13620,68.85,0.0,-222.717665584
13640,72.95,0.0,-228.907771239
13660,70.9,0.0,-217.165980153
13680,101.9,0.0,-236.839036215
13700,105.25,0.0,-206.78866624
13720,75.8,0.0,-200.036245395
13740,82.2,0.0,-201.491811439
13760,127.2,0.0,-364.532519839
13780,117.3,0.0,-344.661863237
13800,95.7,0.0,-311.865130879
13820,88.8,0.0,-288.093156781
13840,72.45,0.0,-188.455219548
13860,65.85,0.0,-191.378813363
13880,66.65,0.0,-202.109389216
13900,72.35,0.0,-212.533630025
13920,73.2,0.0,-309.75361806
13940,66.0,0.0,-343.342094489
13960,70.75,0.0,-388.055545897
13980,75.5,0.0,-404.220824765
14000,96.7,0.0,-520.226215918
14020,118.1,0.0,-733.385793987
14040,86.2,0.0,-568.935566859
14060,91.05,0.0,-596.061259557
14080,76.8,0.0,-423.09496019
14100,66.15,0.0,-367.051039222
14120,67.25,0.0,-358.810527074
14140,72.2,0.0,-341.290896944
14160,82.0,0.0,-327.416360516
14180,95.15,0.0,-360.712488054
14200,121.5,0.0,-390.561026109
14220,111.55,0.0,-311.839518622
14240,79.05,0.0,-256.050794864
14260,73.6,0.0,-228.42745004
14280,75.7,0.0,-222.878433
14300,71.8,0.0,-228.560780027
14320,74.55,0.0,-212.028128911
14340,77.15,0.0,-224.363381747
14360,121.6,0.05,-201.301691097
14380,113.35,0.0,-229.18432382
14400,115.3,0.0,-194.082891142
14420,119.1,0.0,-231.785147753
14440,111.05,0.0,-286.887427816
14460,107.35,0.0,-256.55353689
14480,106.0,0.0,-163.806963039
14500,86.25,0.0,-174.77822563
14520,84.15,0.0,-155.534095773
14540,88.25,0.0,-152.32363721
14560,97.45,0.0,-163.295063836
14580,117.45,0.0,-160.517316865
14600,127.4,0.0,-182.142882321
14620,160.75,0.0,-250.814668527
14640,189.95,0.0,-456.598822705
14660,177.0,0.0,-300.531618372
14680,168.55,0.0,-465.105651021
14700,120.2,0.0,-376.50175636
14720,101.9,0.0,-321.015522142
14740,80.95,0.0,-235.88805743
14760,75.25,0.0,-212.850911058
14780,70.3,0.0,-214.309579738
14800,72.65,0.0,-190.22732958
14820,76.2,0.0,-190.656747465
14840,69.95,0.0,-177.388791025
14860,68.15,0.0,-196.726021367
14880,70.75,0.0,-194.94808177
14900,71.25,0.0,-179.045372821
14920,68.55,0.0,-222.072075994
14940,67.95,0.0,-217.214955274
14960,72.3,0.0,-214.804122877
14980,73.0,0.0,-268.752936016
15000,73.8,0.0,-280.302209693
15020,64.4,0.0,-275.493067094
15040,96.85,0.0,-200.35049204
15060,149.9,0.0,-297.655695442
15080,130.1,0.0,-533.029544564
15100,106.65,0.0,-527.962405255
15120,104.35,0.0,-578.870528292
15140,87.65,0.0,-590.608334739
15160,88.75,0.0,-584.103684717
15180,90.4,0.0,-197.183356032
15200,70.5,0.0,-221.084503868
15220,65.25,0.0,-270.804179262
15240,72.65,0.0,-309.622894013
15260,72.95,0.0,-284.133053067
15280,65.75,0.0,-301.216708369
15300,64.5,0.0,-286.089457978
15320,77.6,0.0,-318.806633484
15340,70.5,0.0,-306.174714272
15360,69.35,0.0,-258.893033393
15380,66.15,0.0,-230.791837659
15400,75.55,0.0,-244.586774513
15420,71.75,0.0,-209.216287033
15440,69.35,0.0,-199.297022824
15460,72.1,0.0,-189.170390496
15480,72.6,0.0,-208.336947445
15500,86.85,0.0,-235.784943884
15520,109.95,0.0,-211.605692321
15540,121.7,0.0,-207.428303443
15560,111.25,0.0,-161.35247392
15580,93.8,0.0,-153.72769758
15600,92.9,0.0,-146.349960966
15620,107.6,0.0,-132.817722191
15640,122.8,0.0,-121.17531872
15660,146.6,0.0,-183.753229574
15680,177.45,0.0,-224.367309178
15700,155.0,0.0,-224.641318368
15720,176.9,0.0,-232.387807511
15740,155.55,0.0,-176.527951964
15760,134.55,0.0,-160.060287439
15780,152.7,0.0,-255.19389862
15800,134.65,0.0,-323.0199644
15820,131.65,0.0,-334.630910527
15840,121.55,0.0,-279.798466257
15860,97.1,0.0,-295.363208844
15880,107.05,0.0,-275.551519513
15900,68.05,0.0,-184.490814769
15920,67.25,0.0,-178.701646543
15940,70.25,0.0,-173.040679722
15960,70.35,0.0,-172.945895652
15980,72.75,0.0,-180.61057656
16000,68.85,0.0,-183.279110702
16020,67.4,0.0,-191.679136919
16040,70.45,0.0,-217.115324045
16060,73.55,0.0,-236.419800544
16080,66.0,0.0,-202.753664677
16100,70.05,0.0,-213.519198256
16120,73.5,0.0,-213.122329508
16140,72.5,0.0,-201.323821088
16160,75.8,0.0,-269.993772953
16180,72.4,0.0,-226.4784552
16200,74.4,0.0,-192.257331586
16220,76.1,0.0,-222.560059402
16240,78.8,0.0,-291.066379926
16260,112.1,0.0,-286.052325868
16280,130.3,0.0,-233.911145509
16300,153.05,0.0,-290.57723851
16320,188.15,0.0,-286.443644155
16340,147.35,0.0,-314.039992286
16360,162.1,0.0,-355.127905402
16380,155.45,0.0,-298.643352909
16400,111.25,0.0,-212.213640392
16420,101.4,0.0,-192.737303885
16440,98.8,0.0,-188.6433284
16460,114.9,0.0,-165.881201906
16480,134.15,0.0,-208.118834652
16500,138.0,0.0,-217.943761247
16520,146.1,0.0,-165.242276835
16540,141.35,0.0,-168.732941439
16560,113.05,0.0,-218.380329061
16580,127.05,0.0,-216.97395607
16600,149.35,0.0,-206.39988516
16620,192.6,0.05,-265.020615332
16640,198.8,0.0,-558.89334494
16660,124.05,0.0,-582.43015122
16680,114.95,0.0,-519.45431174
16700,101.25,0.0,-309.545242981
16720,83.55,0.0,-250.442653586
16740,75.6,0.0,-203.989174458
16760,68.15,0.0,-212.87798016
16780,87.4,0.0,-248.156599873
16800,78.5,0.0,-201.103576478
16820,87.9,0.0,-296.645782909
16840,68.65,0.0,-207.577361494
16860,73.5,0.0,-228.682019931
16880,65.95,0.0,-208.699580819
16900,67.5,0.0,-199.585042804
16920,72.45,0.0,-209.980452267
16940,82.15,0.0,-197.289824724
16960,76.45,0.0,-200.476632492
16980,73.25,0.0,-194.421801143
17000,76.9,0.0,-189.663560707
17020,75.35,0.0,-188.658419583
17040,83.65,0.0,-162.37209933
17060,88.6,0.0,-158.171335364
17080,131.3,0.0,-153.882904108
17100,150.1,0.0,-218.284457471
17120,174.7,0.0,-231.8729667
17140,292.05,0.0,-545.470510533
17160,282.4,0.0,-533.367415277
17180,482.75,0.0,-316.931067845
17200,221.4,0.0,-264.485234626
17220,154.1,0.0,-266.120021111
17240,147.25,0.0,-236.117396261
17260,103.95,0.0,-202.859804269
17280,95.75,0.0,-221.230093812
17300,85.7,0.0,-207.975821923
17320,83.45,0.0,-224.488737685
17340,71.45,0.0,-204.01786872
17360,81.4,0.0,-226.662491015
17380,83.65,0.0,-195.237446967
17400,76.6,0.0,-178.995121109
17420,69.3,0.0,-196.744562909
17440,66.8,0.0,-200.894173844
17460,72.45,0.0,-200.603096225
17480,75.45,0.0,-202.126844676
17500,73.25,0.0,-229.839096492
17520,74.75,0.0,-279.031440892
17540,71.7,0.0,-283.354615968
17560,77.25,0.0,-284.846496585
17580,70.25,0.0,-303.375567981
17600,78.85,0.0,-291.621386366
17620,78.2,0.0,-256.638603517
17640,84.6,0.0,-258.433007566
17660,120.6,0.0,-278.261471258
17680,169.15,0.0,-346.210757292
17700,148.2,0.0,-366.487709221
17720,141.15,0.0,-432.078642463
17740,107.85,0.0,-347.175269618
17760,134.0,0.0,-314.542549815
17780,120.15,0.0,-306.389969843
17800,118.2,0.0,-249.589082499
17820,88.55,0.0,-252.929339676
17840,93.9,0.0,-224.053579617
17860,75.0,0.0,-210.942217637
17880,74.6,0.0,-188.346703225
17900,72.15,0.0,-211.741192596
17920,65.95,0.0,-196.494133307
17940,66.65,0.0,-225.299341716
17960,79.6,0.0,-206.345940396
17980,80.35,0.0,-280.592667786
18000,68.7,0.0,-270.594443653
18020,71.75,0.0,-284.393165659
18040,82.4,0.0,-279.90509511
18060,91.6,0.0,-245.881353115
18080,98.45,0.0,-221.595251827
18100,123.15,0.0,-262.842337882
18120,145.7,0.0,-265.219516948
18140,195.05,0.0,-309.448608523
18160,185.55,0.0,-385.639403496
18180,163.7,0.0,-439.740449695
18200,154.95,0.0,-508.441134556
18220,136.85,0.0,-466.126889091
18240,152.2,0.0,-435.611640843
18260,143.8,0.0,-451.077020023
18280,171.75,0.0,-496.934826704
18300,102.7,0.0,-461.148544085
18320,95.1,0.0,-358.345545058
18340,76.55,0.0,-371.325095157
18360,74.3,0.0,-329.769849012
18380,72.05,0.0,-322.15809449
18400,82.5,0.0,-328.149445063
18420,88.4,0.0,-355.64664844
18440,82.4,0.0,-291.169663416
18460,89.45,0.0,-299.970678144
18480,95.85,0.05,-261.171273791
18500,74.55,0.0,-229.767102554
18520,74.35,0.0,-249.817657644
18540,75.35,0.0,-215.694019836
18560,68.9,0.0,-212.799010014
18580,74.9,0.0,-250.673165156
18600,70.45,0.0,-228.768081973
18620,75.75,0.0,-232.93988222
18640,76.6,0.0,-253.834278836
18660,86.05,0.05,-237.592500011
18680,74.75,0.0,-212.629591166
18700,81.3,0.0,-225.499301485
18720,71.7,0.0,-290.379861032
18740,70.45,0.0,-273.910073374
18760,72.7,0.0,-281.741620247
18780,77.2,0.0,-272.258013264
18800,75.9,0.0,-279.198490987
18820,69.9,0.0,-276.166254944
18840,77.8,0.0,-289.489350456
18860,99.85,0.0,-287.171970984
18880,72.6,0.0,-249.619907664
18900,72.05,0.0,-220.544806556
18920,74.8,0.0,-207.235066934
18940,72.2,0.0,-204.669565771
18960,110.45,0.0,-174.668224146
18980,99.6,0.0,-186.931581642
19000,98.0,0.0,-241.287721658
19020,142.35,0.0,-268.347010265
19040,114.05,0.0,-286.993119164
19060,120.1,0.0,-278.024186908
19080,128.9,0.0,-290.451740883
19100,136.35,0.0,-257.477831662
19120,114.35,0.0,-234.871575809
19140,136.35,0.0,-187.069377159
19160,104.2,0.0,-159.990670806
19180,108.6,0.0,-175.796834118
19200,101.5,0.0,-192.063350707
19220,100.15,0.0,-183.636556351
19240,102.7,0.0,-140.102995097
19260,106.4,0.0,-114.17696477
19280,104.9,0.0,-142.77801292
19300,99.15,0.0,-134.818620316
19320,90.8,0.0,-135.820177341
19340,86.85,0.0,-144.14572817
19360,80.7,0.0,-149.365844093
19380,79.2,0.0,-158.472221394
19400,75.15,0.0,-185.860236096
19420,72.5,0.0,-166.344074987
19440,86.3,0.0,-144.558212531
19460,92.05,0.0,-132.042900349
19480,113.15,0.0,-104.638446068
19500,130.8,0.0,-125.79682732
19520,142.45,0.0,-233.122311265
19540,119.1,0.0,-175.481988968
19560,112.65,0.0,-307.828553962
19580,104.5,0.0,-252.628664857
19600,89.6,0.0,-170.116621908
19620,79.9,0.0,-147.983478753
19640,96.85,0.0,-160.38293003
19660,89.9,0.0,-147.26284056
19680,81.65,0.0,-154.59254218
19700,69.9,0.0,-174.523153332
19720,67.95,0.0,-198.405555887
19740,71.55,0.0,-208.555934385
19760,70.35,0.0,-220.629550715
19780,75.75,0.0,-192.085514638
19800,69.3,0.0,-212.230313567
19820,82.9,0.0,-216.567597874
19840,68.25,0.0,-208.958566879
19860,85.15,0.0,-186.719017942
19880,101.65,0.0,-176.592590195
19900,136.2,0.0,-168.992941087
19920,269.0,0.0,-183.525176468
19940,169.8,0.0,-455.143933256
19960,125.35,0.0,-394.019641254
19980,85.95,0.0,-250.209384096
20000,81.15,0.0,-224.120318423
20020,76.4,0.0,-193.555180514
20040,77.55,0.0,-174.779846004
20060,75.1,0.0,-160.19355834
20080,74.75,0.0,-167.753899937
20100,76.55,0.0,-171.062952621
20120,71.95,0.0,-171.210329694
20140,78.9,0.0,-164.718107064
20160,86.4,0.0,-164.837297019
20180,102.55,0.0,-184.478322932
20200,107.95,0.0,-247.855667864
20220,113.7,0.0,-285.218054238
20240,102.35,0.0,-236.264895358
20260,105.0,0.0,-239.698678488
20280,94.25,0.0,-250.632423909
20300,94.3,0.0,-250.983869675
20320,108.1,0.0,-325.423669736
20340,112.85,0.0,-379.09425131
20360,95.5,0.0,-368.037179109
20380,119.0,0.0,-380.300619038
20400,124.0,0.0,-299.616793523
20420,117.5,0.0,-259.282736912
20440,111.65,0.0,-214.27759626
20460,96.0,0.0,-209.285874719
20480,105.35,0.0,-199.659741881
20500,94.05,0.0,-194.382607197
20520,95.4,0.0,-185.280429912
20540,95.45,0.0,-204.052750699
20560,93.3,0.0,-198.397754601
20580,102.2,0.0,-212.883555453
20600,106.7,0.0,-216.315792059
20620,115.95,0.0,-182.12969315
20640,110.6,0.0,-185.082041086
20660,96.45,0.0,-176.256372486
20680,91.0,0.0,-173.252387975
20700,76.45,0.0,-173.449439782
20720,72.6,0.0,-178.050703118
20740,72.1,0.0,-182.546359644
20760,75.25,0.0,-185.77764524
20780,81.75,0.0,-184.883491683
20800,82.4,0.0,-196.758850951
20820,75.95,0.0,-188.690654765
20840,84.8,0.0,-199.159675608
20860,82.45,0.0,-202.969428092
20880,109.45,0.0,-263.043769247
20900,99.35,0.0,-260.553864259
20920,98.8,0.0,-302.527489049
20940,95.3,0.0,-283.501866792
20960,78.5,0.0,-304.621241561
20980,74.0,0.0,-311.329230038
21000,78.3,0.0,-326.694417986
21020,67.55,0.0,-334.960144293
21040,70.1,0.0,-345.116227149
21060,71.2,0.0,-351.435454965
21080,81.15,0.0,-339.261130273
21100,85.3,0.0,-328.538020464
21120,98.3,0.0,-332.748656985
21140,102.95,0.0,-339.182672639
21160,109.6,0.0,-283.258221338
21180,89.85,0.0,-313.691300316
21200,76.6,0.0,-317.178912088
21220,82.6,0.0,-335.941927744
21240,77.4,0.0,-306.085673058
21260,76.0,0.0,-316.566050677
21280,75.7,0.0,-302.789544112
21300,80.2,0.0,-316.390366982
21320,89.85,0.0,-306.793687008
21340,89.7,0.0,-298.075310432
21360,106.0,0.0,-313.785316421
21380,114.15,0.0,-315.418415983
21400,126.6,0.0,-292.069524342
21420,129.6,0.0,-228.561405419
21440,108.05,0.0,-188.097796578
21460,95.6,0.0,-219.739528946
21480,82.0,0.0,-174.65038232
21500,77.45,0.0,-241.045713703
21520,71.15,0.0,-221.443539783
21540,75.65,0.0,-196.491478019
21560,74.9,0.0,-211.22665985
21580,77.25,0.0,-214.761438677
21600,84.75,0.0,-181.866707755
21620,84.8,0.0,-191.670961077
21640,80.6,0.0,-184.220556519
21660,88.7,0.0,-174.617467449
21680,101.1,0.0,-181.507936191
21700,125.5,0.0,-170.750682722
21720,138.75,0.0,-312.780617387
21740,137.3,0.0,-271.068777647
21760,147.7,0.0,-328.904042454
21780,152.8,0.0,-299.143227001
21800,145.2,0.0,-261.094942966
21820,127.6,0.0,-165.311298096
21840,126.35,0.0,-173.489607031
21860,162.15,0.0,-173.515146609
21880,120.35,0.0,-150.062349801
21900,94.2,0.0,-146.673575961
21920,78.75,0.0,-160.029557011
21940,100.45,0.0,-119.607995464
21960,100.95,0.0,-137.55916606
21980,130.7,0.05,-171.752248111
22000,134.2,0.0,-206.087734065
22020,118.3,0.0,-138.126277972
22040,140.45,0.0,-175.245251451
22060,180.4,0.0,-338.820463249
22080,156.9,0.0,-239.492680052
22100,177.1,0.0,-254.125652458
22120,196.4,0.0,-352.170328513
22140,211.95,0.0,-235.308564865
22160,278.2,0.0,-462.91933828
22180,223.6,0.05,-386.433389936
22200,225.85,0.0,-404.918264755
22220,228.4,0.0,-264.86202114
22240,183.6,0.0,-215.442648991
22260,191.95,0.0,-157.719228561
22280,138.95,0.0,-233.068931685
22300,156.25,0.0,-178.28073597
22320,123.45,0.0,-230.895125658
22340,174.15,0.0,-219.17304109
22360,160.35,0.0,-188.644017203
22380,188.3,0.0,-223.876128934
22400,232.65,0.0,-305.896197784
22420,256.25,0.0,-334.691676406
22440,190.05,0.05,-237.597394075
22460,162.65,0.0,-306.032337537
22480,152.65,0.0,-326.49927812
22500,131.8,0.0,-327.718169323
22520,128.8,0.0,-354.146040443
22540,138.05,0.0,-334.849551818
22560,127.95,0.0,-301.173647479
22580,102.05,0.0,-251.168740922
22600,84.75,0.0,-219.603602392
22620,72.05,0.0,-170.923042639
22640,71.45,0.0,-181.933471495
22660,69.25,0.0,-176.435475033
22680,71.8,0.0,-193.284416407
22700,74.15,0.0,-187.331967416
22720,68.1,0.0,-203.203488927
22740,70.9,0.0,-201.36133875
22760,71.05,0.0,-196.563961572
22780,70.8,0.0,-205.053033142
22800,63.2,0.0,-205.025420357
22820,73.6,0.0,-244.222782215
22840,72.45,0.0,-203.727343761
22860,70.4,0.0,-217.822861131
22880,72.25,0.0,-224.703779032
22900,70.55,0.0,-275.226562205
22920,69.9,0.0,-340.424038395
22940,70.95,0.0,-335.208897083
22960,70.05,0.0,-386.958518244
22980,67.4,0.0,-378.405907966
23000,66.1,0.0,-297.643224576
23020,66.4,0.0,-293.239284709
23040,70.3,0.0,-259.687337747
23060,75.9,0.0,-274.867719934
23080,73.9,0.0,-263.007923909
23100,70.25,0.0,-232.612247154
23120,72.3,0.0,-256.86806371
23140,70.5,0.0,-202.716738963
23160,75.3,0.0,-233.381941906
23180,71.6,0.0,-247.134041098
23200,70.05,0.0,-253.750363618
23220,73.9,0.0,-221.839576063
23240,72.0,0.0,-226.452641546
23260,69.85,0.0,-239.700409858
23280,74.4,0.0,-234.691878555
23300,74.9,0.0,-242.93541609
23320,75.65,0.0,-232.609906441
23340,76.8,0.0,-201.80044914
23360,69.15,0.0,-239.889504729
23380,70.0,0.0,-223.545405907
23400,73.55,0.0,-219.780520242
23420,71.45,0.0,-232.981951006
23440,77.5,0.0,-231.736354826
23460,68.3,0.0,-232.981692854
23480,67.05,0.0,-230.118386512
23500,68.35,0.0,-216.71025401
23520,72.9,0.0,-218.323911818
23540,64.75,0.0,-181.169757345
23560,72.95,0.0,-208.356253605
23580,66.1,0.0,-206.273508223
23600,69.2,0.0,-203.126972485
23620,71.15,0.0,-213.425777091
23640,70.4,0.0,-194.90000359
23660,73.35,0.0,-198.548145602
23680,66.05,0.0,-195.506245421
23700,67.2,0.0,-196.740246771
23720,69.8,0.0,-206.582513375
23740,69.3,0.0,-205.223194614
23760,65.7,0.0,-199.599063137
23780,69.3,0.0,-205.445835041
23800,71.7,0.0,-176.920879873
23820,77.45,0.0,-169.599892376
23840,143.5,0.0,-794.7303964
23860,132.0,0.0,-782.54480329
23880,74.05,0.0,-190.718017376
23900,73.3,0.0,-194.173816254
23920,72.95,0.0,-179.538635509
23940,68.9,0.0,-196.570913482
23960,68.8,0.0,-192.567477069
23980,76.6,0.0,-182.736783935
24000,77.45,0.0,-203.584963065
24020,82.35,0.0,-166.401524931
24040,88.65,0.0,-163.577992742
24060,91.8,0.0,-175.121987709
24080,86.1,0.0,-181.967168594
24100,105.2,0.0,-393.313712296
24120,86.9,0.0,-191.457815172
24140,98.8,0.0,-192.195810589
24160,112.55,0.0,-195.132486774
24180,120.2,0.0,-231.294098354
24200,121.25,0.0,-161.628906766
24220,77.55,0.0,-160.057570857
24240,72.15,0.0,-166.337598771
24260,73.4,0.0,-154.064224862
24280,70.75,0.0,-181.188415601
24300,71.95,0.0,-175.895392898
24320,74.05,0.0,-182.353175843
24340,68.3,0.0,-176.83172468
24360,73.4,0.0,-190.491676092
24380,73.05,0.0,-174.387907759
24400,102.15,0.0,-273.11507433
24420,98.15,0.0,-504.44905384
24440,95.8,0.0,-198.499214914
24460,76.6,0.0,-150.55550183
24480,72.05,0.0,-169.785800649
24500,71.3,0.0,-181.28332945
24520,69.6,0.0,-168.700265447
24540,72.8,0.0,-158.649315181
24560,66.6,0.0,-171.50612491
24580,75.05,0.0,-175.04860341
24600,84.55,0.0,-145.909168626
24620,112.25,0.0,-181.148359152
24640,129.25,0.0,-317.581520672
24660,122.8,0.0,-193.620535897
24680,106.2,0.0,-179.709572154
24700,70.3,0.0,-185.376998406
24720,70.9,0.0,-176.36293687
24740,74.7,0.0,-188.373175182
24760,73.55,0.0,-169.272323027
24780,72.25,0.0,-170.655704016
24800,78.0,0.0,-146.173073339
24820,82.7,0.0,-144.596404196
24840,131.6,0.0,-489.786110299
24860,80.55,0.0,-158.539442874
24880,70.8,0.0,-179.312333358
24900,74.2,0.0,-190.518329863
24920,69.95,0.0,-193.316163983
24940,75.3,0.0,-191.953755008
24960,112.5,0.0,-286.575847611
24980,107.35,0.0,-237.798441493
25000,95.7,0.0,-183.546307795
25020,69.95,0.0,-179.112433758
25040,68.4,0.0,-201.370340438
25060,71.7,0.0,-185.728782918
25080,74.15,0.0,-163.587291149
25100,132.8,0.0,-152.043278023
25120,185.7,0.0,-520.555823975
25140,77.4,0.0,-154.556596385
25160,68.9,0.0,-191.890915075
25180,69.2,0.0,-188.936441599
25200,70.3,0.0,-197.65382014
25220,64.45,0.0,-186.309059636
25240,69.9,0.0,-201.595506802
25260,74.4,0.0,-193.712876099
25280,74.15,0.0,-204.28546125
25300,81.5,0.0,-186.987642727
25320,114.3,0.0,-352.042715358
25340,117.85,0.0,-195.665032219
25360,86.6,0.0,-149.548801635
25380,84.15,0.0,-153.825403747
25400,83.55,0.0,-157.136963128
25420,74.1,0.0,-194.232001162
25440,77.9,0.0,-175.719401965
25460,78.65,0.0,-151.238824618
25480,78.05,0.0,-161.660247028
25500,97.15,0.0,-163.031537092
25520,120.45,0.0,-152.133830073
25540,166.25,0.0,-221.823735326
25560,135.2,0.0,-171.866691986
25580,114.45,0.0,-159.723444843
25600,124.85,0.0,-192.612254109
25620,120.25,0.0,-177.326968777
25640,88.8,0.0,-156.154286451
25660,84.8,0.0,-157.669224682
25680,100.5,0.0,-156.710174401
25700,132.15,0.0,-151.029405115
25720,182.75,0.0,-191.784543685
25740,137.35,0.0,-123.329957826
25760,117.9,0.0,-122.83399423
25780,129.75,0.0,-130.528953377
25800,146.5,0.0,-116.711361147
25820,193.0,0.0,-143.921673089
25840,203.1,0.0,-152.622977199
25860,204.75,0.0,-246.753526978
25880,142.45,0.0,-159.774876846
25900,185.9,0.0,-179.984848422
25920,150.05,0.0,-161.881141596
25940,174.05,0.0,-189.222053986
25960,102.75,0.0,-156.095458628
25980,121.45,0.0,-140.145963518
26000,107.0,0.0,-144.195159438
26020,129.45,0.0,-161.609295295
26040,132.15,0.0,-185.072516138
26060,111.0,0.0,-141.922490587
26080,107.2,0.0,-143.77407101
26100,93.25,0.0,-151.696711881
26120,126.4,0.0,-136.352423326
26140,163.85,0.0,-174.954203089
26160,155.5,0.0,-242.947858151
26180,304.8,0.0,-284.770145343
26200,307.65,0.0,-537.655818333
26220,268.7,0.0,-397.299049849
26240,236.5,0.0,-241.60740352
26260,185.85,0.0,-165.617544774
26280,130.65,0.0,-189.253853659
26300,142.2,0.0,-117.08513992
26320,168.95,0.0,-113.445524118
26340,132.65,0.0,-116.913525754
26360,199.25,0.0,-126.173223927
26380,273.4,0.0,-173.135423167
26400,239.8,0.0,-211.554476925
26420,335.3,0.0,-362.638512844
26440,298.6,0.0,-249.988068248
26460,176.6,0.0,-229.447011114
26480,230.15,0.0,-158.891078826
26500,204.7,0.0,-153.99115833
26520,211.6,0.0,-150.37461706
26540,190.0,0.0,-125.49556316
26560,194.6,0.0,-110.434420159
26580,173.35,0.0,-108.504846504
26600,184.5,0.0,-112.295272211
26620,194.7,0.0,-109.943726911
26640,187.85,0.0,-112.571847619
26660,206.3,0.0,-110.494375961
26680,224.95,0.0,-145.19102869
26700,316.85,0.1,-185.355644263
26720,375.05,0.0,-224.478339777
26740,458.65,0.0,-242.395203568
26760,409.65,0.0,-473.040124809
26780,581.3,0.0,-429.26582169
26800,405.15,0.0,-185.698971621
26820,490.95,0.0,-185.954387734
26840,502.95,0.0,-286.151494948
26860,419.05,0.0,-296.153959442
26880,468.1,0.0,-328.80357929
26900,798.9,0.0,-254.243060281
26920,499.05,0.0,-194.2095642
26940,598.85,0.0,-213.82744135
26960,440.6,0.0,-251.147764041
26980,393.3,0.0,-265.382356724
27000,335.85,0.0,-243.741288007
27020,336.95,0.0,-226.13601861
27040,497.95,0.0,-224.186121634
27060,344.8,0.0,-233.096962627
27080,272.5,0.0,-228.535963856
27100,214.4,0.0,-214.625290282
27120,259.85,0.0,-225.818012663
27140,274.75,0.0,-218.898662671
27160,552.75,0.0,-253.415586507
27180,501.35,0.0,-211.722047499
27200,613.65,0.0,-301.466522352
27220,563.95,0.0,-269.388052014
27240,528.65,0.0,-274.368781238
27260,621.0,0.0,-273.913419226
27280,857.25,0.0,-223.838601694
27300,830.25,0.0,-165.474282038
27320,780.0,0.0,-207.06466432
27340,975.5,0.0,-161.813715772
27360,932.8,0.0,-195.154652132
27380,690.75,0.0,-180.770047248
27400,623.15,0.0,-220.903239608
27420,740.8,0.0,-238.1010208
27440,561.8,0.0,-254.767250464
27460,477.1,0.0,-268.817426983
27480,328.85,0.0,-270.486287676
27500,250.8,0.0,-228.05134741
27520,210.35,0.0,-228.643536717
27540,196.7,0.0,-224.211498511
27560,190.9,0.0,-188.165444478
27580,199.45,0.0,-200.033317986
27600,222.3,0.0,-215.952762911
27620,206.0,0.0,-242.109640152
27640,189.4,0.0,-249.965542535
27660,168.7,0.0,-258.748683299
27680,181.25,0.0,-254.503687396
27700,192.85,0.0,-236.103850565
27720,175.55,0.0,-231.639817134
27740,193.2,0.0,-264.568899916
27760,171.4,0.0,-213.603749902
27780,184.45,0.0,-252.126143824
27800,210.0,0.0,-237.215898162
27820,229.85,0.0,-239.587248484
27840,252.15,0.0,-249.825303099
27860,290.35,0.0,-268.824176338
27880,302.55,0.0,-263.854041084
27900,330.15,0.0,-253.3187361
27920,411.75,0.0,-231.294664285
27940,533.45,0.0,-291.251863994
27960,400.75,0.0,-219.472993832
27980,257.75,0.0,-202.138779891
28000,257.15,0.0,-199.658325612
28020,243.45,0.0,-183.564992946
28040,239.75,0.0,-194.674714631
28060,205.0,0.0,-175.909055118
28080,236.9,0.0,-173.061270566
28100,210.35,0.0,-142.810269065
28120,197.3,0.0,-140.079693822
28140,211.25,0.0,-151.881549487
28160,200.5,0.0,-138.781288057
28180,211.45,0.0,-112.8780335
28200,238.05,0.0,-137.425614049
28220,291.95,0.0,-145.238196835
28240,367.9,0.0,-197.781620506
28260,620.9,0.0,-322.999833017
28280,346.1,0.0,-320.102166595
28300,340.7,0.0,-357.114293189
28320,298.95,0.0,-309.74879246
28340,375.15,0.0,-339.216050428
28360,378.45,0.0,-279.915388023
28380,637.15,0.0,-274.116963352
28400,704.95,0.0,-226.137472779
28420,450.55,0.0,-216.435445513
28440,401.85,0.0,-235.625805331
28460,527.0,0.0,-262.507369441
28480,741.35,0.0,-220.534025295
28500,772.75,0.0,-246.623865031
28520,463.55,0.0,-235.628753108
28540,496.5,0.0,-238.84793277
28560,735.1,0.0,-207.178472835
28580,832.4,0.0,-188.685552207
28600,740.6,0.0,-177.53262044
28620,875.5,0.0,-169.481232334
28640,755.4,0.0,-194.483730592
28660,684.1,0.0,-171.037963736
28680,767.55,0.0,-168.854125966
28700,730.3,0.0,-147.839462581
28720,574.2,0.0,-153.323111689
28740,611.75,0.0,-153.121350496
28760,659.95,0.0,-140.673543426
28780,738.55,0.0,-145.369921807
28800,894.8,0.0,-125.831626598
28820,916.65,0.0,-122.107224848
28840,871.85,0.0,-116.148298249
28860,1000.0,0.0,-120.926686648
28880,912.45,0.0,-124.181486935
28900,1000.0,0.0,-119.457908711
28920,955.95,0.0,-122.03640197
28940,957.1,0.0,-117.746861362
28960,1000.0,0.0,-113.389713971
28980,956.9,0.0,-111.35352412
29000,1000.0,0.0,-123.007492615
29020,954.8,0.0,-128.080550677
29040,1000.0,0.0,-116.314113338
29060,1000.0,0.0,-111.871848467
29080,955.75,0.0,-124.695675617
29100,1000.0,0.0,-122.437725344
29120,1000.0,0.0,-125.811758898
29140,1000.0,0.0,-128.800933093
29160,959.5,0.0,-129.953650708
29180,960.35,0.0,-129.476521101
29200,891.7,0.0,-141.826030136
29220,837.0,0.0,-145.861790654
29240,915.3,0.0,-159.572347315
29260,955.35,0.0,-166.615948661
29280,955.1,0.0,-168.608729827
29300,956.65,0.0,-153.64657616
29320,920.25,0.0,-143.603547446
29340,920.75,0.0,-133.114925473
29360,1000.0,0.0,-138.793163284
29380,959.85,0.0,-130.649671779
29400,915.25,0.0,-124.476711744
29420,1000.0,0.0,-118.852394836
29440,956.2,0.0,-120.340218008
29460,869.2,0.0,-132.511325186
29480,900.95,0.0,-157.52351071
29500,746.4,0.0,-173.737231188
29520,652.4,0.0,-194.358813421
29540,612.75,0.0,-166.2431033
29560,769.35,0.0,-146.139251348
29580,942.85,0.0,-140.988767306
29600,959.05,0.0,-122.727046266
29620,911.2,0.0,-128.998817836
29640,923.6,0.0,-134.658250967
29660,881.55,0.0,-137.976240864
29680,865.1,0.0,-158.949901812
29700,952.35,0.0,-153.110237819
29720,877.55,0.0,-141.252119818
29740,1000.0,0.0,-144.121414717
29760,917.05,0.0,-134.261301808
29780,868.45,0.0,-133.933028975
29800,917.85,0.0,-135.890156334
29820,915.0,0.0,-141.218217246
29840,911.5,0.0,-144.500036352
29860,959.8,0.0,-130.154247422
29880,835.3,0.0,-139.918211489
29900,916.95,0.0,-131.768239334
29920,788.15,0.0,-138.973027624
29940,881.0,0.0,-142.14904482
29960,878.4,0.0,-138.914060019
29980,846.25,0.0,-129.421547758
30000,1000.0,0.0,-128.334018839
30020,958.6,0.0,-122.915391964
30040,876.3,0.0,-116.511723603
30060,915.95,0.0,-124.409820111
30080,911.85,0.0,-129.593424167
30100,910.4,0.0,-122.284246283
30120,918.35,0.0,-121.366565676
30140,882.9,0.0,-125.322993548
30160,957.95,0.0,-129.046491743
30180,960.1,0.0,-127.433253513
30200,961.85,0.0,-133.161199832
30220,955.35,0.0,-133.13702863
30240,914.55,0.0,-135.081714414
30260,1000.0,0.0,-132.036359267
30280,875.65,0.0,-132.55587546
30300,915.25,0.0,-141.419046374
30320,912.85,0.0,-140.115895963
30340,829.55,0.0,-143.562092049
30360,910.5,0.0,-130.896753157
30380,956.25,0.0,-141.32855629
30400,834.05,0.0,-144.190167438
30420,800.9,0.0,-141.78258061
30440,875.5,0.0,-132.468582109
30460,841.75,0.0,-138.809636141
30480,914.25,0.0,-143.401179355
30500,918.0,0.0,-139.528801583
30520,844.15,0.0,-137.671038881
30540,837.2,0.0,-137.13096577
30560,842.65,0.0,-128.195573645
30580,774.4,0.0,-139.296592659
30600,794.25,0.0,-131.976694202
30620,843.9,0.0,-136.563609568
30640,886.75,0.0,-132.186662494
30660,893.65,0.0,-138.704858234
30680,649.2,0.0,-139.43676531
30700,744.85,0.0,-155.245483107
30720,849.45,0.0,-140.04921997
30740,842.0,0.0,-154.069265477
30760,851.5,0.0,-148.181871505
30780,741.55,0.0,-155.746763949
30800,712.6,0.0,-142.822863056
30820,636.2,0.0,-152.842205201
30840,594.45,0.0,-144.377620398
30860,752.4,0.0,-148.149625342
30880,803.95,0.0,-155.976134147
30900,607.25,0.0,-145.940153054
30920,797.75,0.0,-132.248743567
30940,731.05,0.0,-147.148466445
30960,521.4,0.0,-136.630018515
30980,723.65,0.0,-135.956812285
31000,799.8,0.0,-132.616439212
31020,811.1,0.0,-137.657958354
31040,772.6,0.0,-127.576389621
31060,792.7,0.0,-127.849425902
31080,712.45,0.0,-130.840086882
31100,805.5,0.0,-128.938737772
31120,839.85,0.0,-130.442697092
31140,916.4,0.0,-137.122561641
31160,887.8,0.0,-132.058504682
31180,603.95,0.0,-129.189145629
31200,892.5,0.0,-135.201235756
31220,863.65,0.0,-139.647975175
31240,812.85,0.0,-141.153967783
31260,697.65,0.0,-140.101448659
31280,714.65,0.0,-143.821447169
31300,801.65,0.0,-139.79829515
31320,765.15,0.0,-155.449987567
31340,621.2,0.0,-147.669984529
31360,750.9,0.0,-157.037177734
31380,634.05,0.0,-140.05218452
31400,674.9,0.0,-155.087360265
31420,746.15,0.0,-147.411782365
31440,682.7,0.0,-146.822845715
31460,665.1,0.0,-142.117393462
31480,716.65,0.0,-144.196439006
31500,785.35,0.0,-147.049518955
31520,576.0,0.0,-147.270483375
31540,809.05,0.0,-141.588234485
31560,673.4,0.0,-133.940985719
31580,774.4,0.0,-133.420040775
31600,696.25,0.0,-139.861382417
31620,613.55,0.0,-135.200869264
31640,777.0,0.0,-149.258068087
31660,754.25,0.0,-137.880035422
31680,682.75,0.0,-135.053657632
31700,710.7,0.0,-141.004105711
31720,924.2,0.0,-138.239734861
31740,818.6,0.0,-143.824650661
31760,706.6,0.0,-155.211311526
31780,899.1,0.0,-140.609234677
31800,614.6,0.0,-137.076096503
31820,726.65,0.0,-154.439302738
31840,764.3,0.0,-138.090121571
31860,741.25,0.0,-139.86592852
31880,654.85,0.0,-141.372442768
31900,688.05,0.0,-133.221590751
31920,880.8,0.0,-129.738645594
31940,736.1,0.0,-138.064048579
31960,668.45,0.0,-136.97431309
31980,799.55,0.0,-139.640916751
32000,781.0,0.0,-147.045534933
32020,705.6,0.0,-143.386274974
32040,655.1,0.0,-141.843974059
32060,727.85,0.0,-136.372681838
32080,751.4,0.0,-135.119999461
32100,714.95,0.0,-131.93872872
32120,684.1,0.0,-128.411322128
32140,886.9,0.0,-125.362204762
32160,832.65,0.0,-125.535849123
32180,695.5,0.0,-131.271822227
32200,804.45,0.0,-136.293740617
32220,854.75,0.0,-143.281073668
32240,774.25,0.0,-142.879303568
32260,796.05,0.0,-133.977986436
32280,937.95,0.0,-145.139082129
32300,843.2,0.0,-143.661002886
32320,771.8,0.0,-143.395454625
32340,710.0,0.0,-152.894736895
32360,761.15,0.0,-159.435767596
32380,883.8,0.0,-144.080947759
32400,852.0,0.0,-144.118836198
32420,761.2,0.0,-138.570185633
32440,877.8,0.0,-136.854878599
32460,966.35,0.0,-136.229037495
32480,916.95,0.0,-144.451688964
32500,882.65,0.0,-137.879761332
32520,885.15,0.0,-128.605549536
32540,955.65,0.0,-142.690384763
32560,917.75,0.0,-140.117093083
32580,881.05,0.0,-132.076325202
32600,837.2,0.0,-127.582462601
32620,1000.0,0.0,-118.847231277
32640,961.35,0.0,-126.850055611
32660,918.65,0.0,-127.840009156
32680,879.45,0.0,-127.633515615
32700,834.15,0.0,-142.424349573
32720,911.6,0.0,-122.503045325
32740,876.8,0.0,-130.0204921
32760,921.95,0.0,-125.930893498
32780,746.4,0.0,-139.943384599
32800,912.75,0.0,-129.760040199
32820,963.15,0.0,-125.761897649
32840,959.0,0.0,-129.356290671
32860,790.0,0.0,-136.015613746
32880,960.65,0.0,-121.327995956
32900,871.2,0.0,-145.046201684
32920,789.3,0.0,-124.473837704
32940,879.6,0.0,-133.252163141
32960,795.45,0.0,-131.156199671
32980,811.65,0.0,-136.490234089
33000,876.8,0.0,-132.825527939
33020,915.5,0.0,-127.949288863
33040,872.7,0.0,-131.605105119
33060,838.1,0.0,-128.301511284
33080,1000.0,0.0,-132.588552092
33100,959.55,0.0,-137.380612139
33120,786.25,0.0,-150.235085708
33140,790.15,0.0,-146.467122221
33160,959.25,0.0,-155.290571534
33180,757.6,0.0,-149.95101691
33200,794.75,0.0,-140.124362492
33220,763.05,0.0,-145.442257046
33240,792.35,0.0,-152.666681426
33260,787.6,0.0,-147.71533703
33280,655.75,0.0,-150.011044037
33300,885.7,0.0,-138.03397946
33320,713.65,0.0,-142.903619656
33340,753.35,0.0,-147.196440524
33360,765.35,0.0,-149.133769188
33380,705.5,0.0,-139.199090213
33400,651.65,0.0,-142.494619085
33420,765.95,0.0,-140.719601211
33440,807.3,0.0,-144.561145481
33460,775.6,0.0,-139.196346453
33480,770.25,0.0,-135.643681761
33500,921.55,0.0,-127.860276919
33520,834.85,0.0,-135.246696847
33540,690.2,0.0,-144.203668582
33560,919.95,0.0,-144.036067993
33580,714.7,0.0,-136.50275415
33600,831.5,0.0,-143.034809858
33620,781.15,0.0,-141.981260378
33640,840.1,0.0,-145.659199316
33660,770.15,0.0,-136.72968962
33680,698.7,0.0,-137.475564608
33700,758.1,0.0,-128.758235373
33720,755.75,0.0,-135.936298996
33740,916.5,0.0,-134.063448011
33760,806.25,0.0,-128.725303144
33780,830.3,0.0,-135.640645404
33800,871.95,0.0,-137.098779118
33820,795.05,0.0,-137.423308049
33840,929.3,0.0,-123.491101377
33860,838.65,0.0,-127.413222453
33880,795.4,0.0,-124.470055163
33900,962.65,0.0,-122.840790983
33920,684.8,0.0,-130.998335866
33940,837.45,0.0,-123.471792007
33960,879.75,0.0,-122.235081464
33980,840.1,0.0,-116.423325829
34000,800.55,0.0,-118.357976418
34020,872.4,0.0,-124.343980258
34040,780.2,0.0,-139.25621285
34060,766.05,0.0,-116.569857614
34080,834.45,0.0,-109.914827593
34100,964.95,0.0,-103.435238301
34120,915.3,0.0,-110.725378285
34140,871.15,0.0,-106.313372558
34160,1000.0,0.0,-109.961153022
