20,96.0,0.0,-446.369701253
40,102.15,0.0,-501.908346565
60,93.25,0.0,-374.137195524
80,92.95,0.0,-477.3059059
100,85.65,0.0,-437.002739957
120,92.85,0.0,-460.994605832
140,97.4,0.0,-390.828266487
160,99.1,0.0,-471.225493954
180,96.0,0.0,-413.239575054
200,91.7,0.0,-394.246137562
220,107.05,0.0,-429.037112995
240,95.2,0.0,-417.424420917
260,93.9,0.0,-464.290557914
280,111.25,0.0,-421.171084853
300,103.25,0.0,-482.75417554
320,96.3,0.0,-458.584626458
340,112.05,0.0,-466.898713246
360,96.45,0.0,-454.811901182
380,100.4,0.0,-391.177238323
400,106.8,0.0,-476.65021277
420,97.9,0.0,-349.004262254
440,95.45,0.0,-418.600743779
460,109.25,0.0,-453.825992379
480,102.6,0.0,-401.819380227
500,150.4,0.0,-344.027138269
520,106.95,0.0,-361.207375558
540,98.65,0.0,-437.384771647
560,117.3,0.0,-399.59586069
580,109.2,0.0,-500.347214642
600,104.55,0.0,-367.386815724
620,107.3,0.0,-398.828420507
640,125.1,0.0,-391.987862105
660,109.05,0.0,-385.109927556
680,112.45,0.0,-329.328642527
700,107.45,0.0,-314.224933574
720,112.4,0.0,-439.142234073
740,120.4,0.0,-410.365721626
760,102.5,0.0,-340.888555524
780,103.85,0.0,-297.019150065
800,102.4,0.0,-319.034990573
820,121.7,0.0,-395.744665007
840,119.65,0.0,-368.980007011
860,109.75,0.0,-345.364221535
880,128.75,0.0,-381.759921616
900,122.4,0.0,-356.019630894
920,117.9,0.0,-351.245256186
940,116.65,0.0,-378.807353929
960,114.65,0.0,-309.920324863
980,122.15,0.0,-363.792927212
1000,112.95,0.0,-310.535078925
1020,116.45,0.0,-284.952005449
1040,111.65,0.0,-296.965076375
1060,120.4,0.0,-324.975236145
1080,126.25,0.0,-360.61370675
1100,117.0,0.0,-310.851032258
1120,111.95,0.0,-351.63827881
1140,123.55,0.0,-294.834431418
1160,139.45,0.0,-317.503172708
1180,117.85,0.0,-254.434884202
1200,117.6,0.0,-329.490040611
1220,127.45,0.0,-307.396941699
1240,116.05,0.0,-268.789722099
1260,110.4,0.0,-259.319162674
1280,113.45,0.0,-288.89708043
1300,119.45,0.0,-277.40230101
1320,133.8,0.0,-308.261065061
1340,121.2,0.0,-299.386772579
1360,115.65,0.0,-261.381707437
1380,120.3,0.0,-312.618417494
1400,118.85,0.0,-349.299706181
1420,117.3,0.0,-257.879763168
1440,175.85,0.0,-247.25996266
1460,114.2,0.0,-259.032879984
1480,131.15,0.0,-269.550038024
1500,152.95,0.0,-267.521634938
1520,115.65,0.0,-273.709717407
1540,126.15,0.0,-223.70480609
1560,120.95,0.0,-224.092974786
1580,118.25,0.0,-301.261359031
1600,116.7,0.0,-253.033512496
1620,115.25,0.0,-238.817583435
1640,135.2,0.0,-245.521724958
1660,122.9,0.0,-244.086019678
1680,138.65,0.0,-251.114901667
1700,121.45,0.0,-245.893860917
1720,134.2,0.0,-216.906423883
1740,130.15,0.0,-211.287582523
1760,121.9,0.0,-243.565920325
1780,153.1,0.0,-221.209468926
1800,117.6,0.0,-216.75938893
1820,135.4,0.0,-230.123006197
1840,124.65,0.0,-255.527208268
1860,130.4,0.0,-224.486450469
1880,136.4,0.0,-232.042820815
1900,136.3,0.0,-237.109483862
1920,137.0,0.0,-238.581181154
1940,136.2,0.0,-203.438518642
1960,141.5,0.0,-222.73217302
1980,119.1,0.0,-189.741956345
2000,127.85,0.0,-257.084037122
2020,120.35,0.0,-153.068145428
2040,168.65,0.0,-191.409663595
2060,128.85,0.0,-238.398091794
2080,129.7,0.0,-232.040217703
2100,130.05,0.0,-183.724043369
2120,146.75,0.0,-217.41928532
2140,128.3,0.0,-198.638667102
2160,126.25,0.0,-196.951637417
2180,144.95,0.0,-237.349576033
2200,140.0,0.0,-246.180060378
2220,126.35,0.0,-208.06289348
2240,128.25,0.0,-185.461043575
2260,135.6,0.0,-229.690277139
2280,149.0,0.0,-241.454477137
2300,152.1,0.0,-236.812514007
2320,133.1,0.0,-207.28116752
2340,138.25,0.0,-229.945762229
2360,165.9,0.0,-204.539679326
2380,151.25,0.0,-180.257572446
2400,123.7,0.0,-178.568145131
2420,153.85,0.0,-230.649011343
2440,197.35,0.0,-236.048887263
2460,187.0,0.0,-183.175788145
2480,140.35,0.0,-205.575276945
2500,139.55,0.0,-227.908759446
2520,175.55,0.0,-201.64813691
2540,139.8,0.0,-219.893685277
2560,153.65,0.0,-238.721642452
2580,190.45,0.0,-206.854003209
2600,142.7,0.0,-153.980094434
2620,130.95,0.0,-184.365103753
2640,163.15,0.0,-170.222940421
2660,148.95,0.0,-196.955605539
2680,152.05,0.0,-180.914668268
2700,140.15,0.0,-192.070406003
2720,150.75,0.0,-187.05320114
2740,176.6,0.0,-208.246737676
2760,153.3,0.0,-213.897260592
2780,162.9,0.0,-166.414013136
2800,184.15,0.0,-262.351782683
2820,161.15,0.0,-192.858545665
2840,143.2,0.0,-183.224272842
2860,134.65,0.0,-159.281187756
2880,176.3,0.0,-147.481487715
2900,157.9,0.0,-182.175995203
2920,190.2,0.0,-155.301522842
2940,152.3,0.0,-167.725442505
2960,212.6,0.0,-181.858688548
2980,153.25,0.0,-212.373437474
3000,164.0,0.0,-172.936440094
3020,162.95,0.0,-163.980590286
3040,155.15,0.0,-185.213052048
3060,164.2,0.0,-174.085467191
3080,170.95,0.0,-208.114714959
3100,170.25,0.0,-177.622434613
3120,202.35,0.0,-171.969755605
3140,229.25,0.0,-178.873142855
3160,146.0,0.0,-185.319366341
3180,205.9,0.0,-203.061327818
3200,170.85,0.0,-172.550292382
3220,175.6,0.0,-135.849116915
3240,152.65,0.0,-188.839853799
3260,313.45,0.0,-167.1313772
3280,167.05,0.0,-167.974000739
3300,218.75,0.0,-186.230430648
3320,167.55,0.0,-148.840169112
3340,167.05,0.0,-195.511187473
3360,191.75,0.0,-167.175802207
3380,204.65,0.0,-168.639577941
3400,202.15,0.0,-218.039134418
3420,196.0,0.0,-152.638196244
3440,197.4,0.0,-200.946173108
3460,218.25,0.0,-172.01482873
3480,213.7,0.0,-172.69496033
3500,240.2,0.0,-168.112526421
3520,197.9,0.0,-203.359692815
3540,175.1,0.0,-157.771303552
3560,246.75,0.0,-179.476949732
3580,197.15,0.0,-182.349586747
3600,187.95,0.0,-168.27334513
3620,316.6,0.0,-147.333276104
3640,180.7,0.0,-163.93137854
3660,292.25,0.0,-187.689627262
3680,197.25,0.0,-178.39555512
3700,236.35,0.0,-132.255037427
3720,213.05,0.0,-164.333823786
3740,199.8,0.0,-155.88115355
3760,188.65,0.0,-135.360932408
3780,188.0,0.0,-124.331985578
3800,227.6,0.0,-173.529736454
3820,206.9,0.0,-146.251246942
3840,234.1,0.0,-166.838305781
3860,278.95,0.0,-155.524184912
3880,178.1,0.0,-130.714008232
3900,251.15,0.0,-149.590432286
3920,259.15,0.0,-159.100617326
3940,189.95,0.0,-118.536037488
3960,277.8,0.0,-107.369238244
3980,247.05,0.0,-133.081884049
4000,266.9,0.0,-148.601412292
4020,265.9,0.0,-136.13108378
4040,254.25,0.0,-146.159577447
4060,223.7,0.0,-134.416384118
4080,260.65,0.0,-147.06007321
4100,264.6,0.0,-120.547976126
4120,293.5,0.0,-144.270716914
4140,250.55,0.0,-133.877654846
4160,281.75,0.0,-116.597980436
4180,270.2,0.0,-192.422346116
4200,221.3,0.0,-138.240307361
4220,261.3,0.0,-161.971874816
4240,215.65,0.0,-132.881951803
4260,289.5,0.0,-142.075009118
4280,253.4,0.0,-150.26911649
4300,329.7,0.0,-113.347926857
4320,279.2,0.0,-154.521462914
4340,308.35,0.0,-106.548217531
4360,219.15,0.0,-121.783348525
4380,254.45,0.0,-127.622902159
4400,320.25,0.0,-139.592845736
4420,293.1,0.0,-126.351756245
4440,236.15,0.0,-94.8233179565
4460,224.5,0.0,-109.199199175
4480,285.4,0.0,-125.850986309
4500,256.5,0.0,-128.403268661
4520,199.6,0.0,-112.562486194
4540,201.55,0.0,-132.763538402
4560,287.2,0.0,-85.2711752674
4580,263.0,0.0,-140.547936359
4600,236.8,0.0,-120.330452276
4620,275.7,0.0,-142.984450588
4640,373.6,0.0,-135.465280649
4660,274.65,0.0,-129.762424362
4680,286.2,0.0,-112.217887765
4700,309.1,0.0,-138.096902506
4720,459.5,0.0,-104.454451806
4740,351.75,0.0,-138.919993721
4760,324.35,0.0,-113.643302888
4780,319.9,0.0,-119.294987827
4800,340.45,0.0,-121.715735274
4820,276.2,0.0,-115.890961842
4840,337.45,0.0,-95.464436819
4860,256.65,0.0,-95.4657805629
4880,379.2,0.0,-110.389903504
4900,292.4,0.0,-118.609851216
4920,388.35,0.0,-103.589461798
4940,254.4,0.0,-112.490757232
4960,312.75,0.0,-99.2701026807
4980,370.2,0.0,-115.513437473
5000,276.85,0.0,-119.257693637
5020,267.9,0.0,-115.21451406
5040,313.0,0.0,-126.433316997
5060,461.4,0.0,-94.4826231658
5080,441.8,0.0,-110.107106476
5100,309.6,0.0,-98.7535885531
5120,258.8,0.0,-108.916874288
5140,365.8,0.0,-86.2114929304
5160,278.9,0.0,-91.3533358081
5180,427.2,0.0,-77.0519571562
5200,406.95,0.0,-99.9326251526
5220,439.45,0.0,-111.901929663
5240,366.4,0.0,-119.279424759
5260,370.95,0.0,-93.65009862
5280,294.35,0.0,-73.3972431983
5300,367.15,0.0,-109.851425383
5320,310.15,0.0,-125.635343601
5340,415.2,0.0,-100.767871988
5360,503.9,0.0,-84.2762044338
5380,371.6,0.0,-121.540836437
5400,337.7,0.0,-121.647932257
5420,441.5,0.0,-109.02153839
5440,426.25,0.0,-96.3024134619
5460,418.85,0.0,-102.310162403
5480,417.85,0.0,-80.2975377168
5500,466.6,0.0,-85.8341232795
5520,432.75,0.0,-94.8709212669
5540,337.4,0.0,-74.9195194759
5560,457.6,0.0,-61.1360007106
5580,416.95,0.0,-93.8314304373
5600,349.55,0.0,-64.2531680761
5620,511.45,0.0,-86.7581610253
5640,286.65,0.0,-86.4065863176
5660,250.5,0.0,-64.6705088912
5680,242.9,0.0,-70.9459506773
5700,386.5,0.0,-86.5905979392
5720,527.1,0.0,-87.8311938835
5740,264.2,0.0,-78.6423831535
5760,454.2,0.0,-64.5237750991
5780,480.7,0.0,-66.9989485662
5800,301.05,0.0,-84.3048721612
5820,399.05,0.0,-83.4569869287
5840,493.65,0.0,-57.5053863226
5860,447.4,0.0,-97.2335429285
5880,361.6,0.0,-75.3135746609
5900,383.75,0.0,-59.6689404254
5920,281.15,0.0,-71.5889839421
5940,277.35,0.0,-44.9746708615
5960,368.8,0.0,-64.9652564529
5980,567.35,0.0,-74.7820134345
6000,417.0,0.0,-46.1372721161
6020,385.2,0.0,-57.7273586305
6040,395.55,0.0,-55.1546584707
6060,497.6,0.0,-67.9687799547
6080,506.8,0.0,-57.3769001822
6100,403.7,0.0,-81.6116625482
6120,573.9,0.0,-49.1591261239
6140,356.7,0.0,-79.1517622071
6160,400.45,0.0,-77.4049838372
6180,465.45,0.0,-43.7460753665
6200,407.85,0.0,-49.8266702007
6220,454.55,0.0,-78.08842401
6240,446.6,0.0,-72.3108217681
6260,595.9,0.0,-47.330183345
6280,349.15,0.0,-75.1339356904
6300,569.8,0.0,-45.9246083521
6320,338.85,0.0,-36.9134016739
6340,419.15,0.0,-60.380832753
6360,364.8,0.0,-60.36481286
6380,647.2,0.0,-55.9089429276
6400,408.6,0.0,-57.7526479768
6420,465.1,0.0,-47.907924468
6440,335.2,0.0,-60.9327336997
6460,405.55,0.0,-63.4769162601
6480,298.95,0.0,-53.5505050571
6500,501.95,0.0,-42.1523642469
6520,369.1,0.0,-38.9264651455
6540,351.35,0.0,-56.5268261991
6560,371.95,0.0,-52.5397109884
6580,360.1,0.0,-70.8986606898
6600,453.15,0.0,-65.1717912445
6620,490.75,0.0,-47.0508466692
6640,487.6,0.0,-35.0045470806
6660,388.1,0.0,-53.4324313403
6680,482.8,0.0,-50.1169533256
6700,435.9,0.0,-67.5358176453
6720,410.75,0.0,-49.0976700985
6740,545.6,0.0,-68.1667149671
6760,360.2,0.0,-52.8882698745
6780,379.25,0.0,-69.5493114546
6800,582.25,0.0,-40.5174414961
6820,436.15,0.0,-59.9236751385
6840,378.6,0.0,-51.1673235731
6860,381.1,0.0,-60.9060159359
6880,403.9,0.0,-49.6456389533
6900,377.8,0.0,-68.3607515958
6920,499.9,0.0,-32.4608145585
6940,427.15,0.0,-53.8354062666
6960,479.1,0.0,-41.4295013087
6980,547.3,0.0,-43.9230922107
7000,553.7,0.0,-32.7392616768
7020,347.6,0.0,-55.9590131738
7040,550.1,0.0,-40.2482813933
7060,659.6,0.0,-42.3798472545
7080,683.25,0.0,-30.5520866968
7100,535.45,0.0,-52.762141722
7120,467.85,0.0,-34.513582536
7140,528.45,0.0,-47.7763265015
7160,421.15,0.0,-43.2847675913
7180,472.5,0.0,-33.9143530491
7200,532.75,0.0,-45.7633718983
7220,616.0,0.0,-25.6973587432
7240,513.65,0.0,-40.5432320275
7260,528.85,0.0,-35.085794635
7280,441.7,0.0,-43.6279465735
7300,608.2,0.0,-15.2365869849
7320,548.1,0.0,-28.8041085853
7340,620.4,0.0,-31.4496135742
7360,559.25,0.0,-31.0548668792
7380,704.7,0.0,-17.9402783382
7400,491.4,0.0,-40.4288534832
7420,523.45,0.0,-29.8340085817
7440,676.35,0.0,-18.9961310065
7460,596.7,0.0,-18.427516456
7480,372.55,0.0,-45.5252873515
7500,512.25,0.0,-19.7632634867
7520,549.7,0.0,-25.0834124092
7540,405.5,0.0,-43.6117627454
7560,391.3,0.0,-29.3023990922
7580,477.45,0.0,-49.297373507
7600,527.85,0.0,-32.1032821586
7620,526.4,0.0,-18.4895260165
7640,678.6,0.0,-13.1810097895
7660,565.35,0.0,-36.7298235181
7680,690.9,0.0,-2.35269716784
7700,622.25,0.0,-15.7913124905
7720,489.4,0.0,-38.4128750779
7740,634.9,0.0,-14.5694242328
7760,490.65,0.0,-43.8829758485
7780,503.6,0.0,-45.8574613498
7800,633.6,0.0,-20.2105579878
7820,714.7,0.0,-12.080097646
7840,713.95,0.0,-5.07769881056
7860,488.0,0.0,-22.1782820643
7880,457.8,0.0,-35.7810958148
7900,498.7,0.0,-27.1307217133
7920,643.25,0.0,-29.1652552307
7940,758.3,0.0,13.0280320546
7960,447.55,0.0,-37.076190949
7980,667.2,0.0,6.17913135878
8000,644.75,0.0,-21.1316164559
8020,604.75,0.0,-34.5587662626
8040,708.05,0.0,6.57162556454
8060,667.8,0.0,-26.3538252539
8080,612.8,0.0,-18.2799050691
8100,609.05,0.0,-26.8855911698
8120,695.3,0.0,-20.7929220973
8140,764.7,0.0,-3.6856508136
8160,618.5,0.0,-22.2906214915
8180,622.6,0.05,-24.2207317812
8200,721.35,0.0,-5.56796461395
8220,656.65,0.0,-21.6997394834
8240,733.6,0.0,12.5360618805
8260,582.2,0.0,-17.272986646
8280,766.5,0.0,-18.0418136648
8300,659.05,0.0,-17.0314130623
8320,564.1,0.0,-8.3072393865
8340,590.25,0.0,-4.35157005238
8360,521.45,0.0,-21.4717695347
8380,664.8,0.0,8.65225981398
8400,699.35,0.05,10.9112323453
8420,569.75,0.0,-20.1865120558
8440,643.45,0.0,1.02352317462
8460,538.2,0.0,-23.7497949058
8480,595.25,0.0,-17.0431167075
8500,514.25,0.0,-18.3650541484
8520,643.75,0.0,6.3681354931
8540,645.7,0.0,-14.5638878408
8560,632.25,0.0,3.10568664007
8580,715.25,0.0,14.9856919195
8600,703.1,0.0,19.2400022112
8620,655.65,0.0,-8.9981989215
8640,710.8,0.0,-1.64832243008
8660,602.65,0.0,-10.6001970895
8680,702.3,0.0,-3.32772149436
8700,789.25,0.0,14.9226525667
8720,650.7,0.0,-13.536613607
8740,608.0,0.0,0.523486723479
8760,655.15,0.0,-1.2702386765
8780,621.95,0.0,-5.45615482635
8800,628.55,0.0,-13.2408450001
8820,772.45,0.0,-4.60419084183
8840,661.5,0.0,-0.900113013279
8860,809.85,0.0,8.58172565283
8880,617.25,0.0,-16.2393930441
8900,770.6,0.0,10.2969662285
8920,764.75,0.0,6.68347348669
8940,771.05,0.05,13.4219290583
8960,669.2,0.05,5.50862881216
8980,893.5,0.0,29.2846250285
9000,718.3,0.0,2.64578298775
9020,829.8,0.0,16.5218564422
9040,707.25,0.0,3.15820878701
9060,724.9,0.0,-2.29722991656
9080,713.4,0.0,5.20713465765
9100,657.95,0.0,4.58984083418
9120,734.75,0.0,34.9904835345
9140,658.15,0.0,-14.2073796874
9160,693.45,0.0,3.88288289131
9180,649.9,0.0,-8.1993420773
9200,753.15,0.0,19.3762153898
9220,862.95,0.0,33.3999491406
9240,668.2,0.0,12.8150223116
9260,690.8,0.0,8.20575379278
9280,683.55,0.0,7.10664205509
9300,709.7,0.0,29.8843327588
9320,597.65,0.0,5.0378102212
9340,532.8,0.0,-3.60119274026
9360,639.05,0.0,8.98213274291
9380,527.35,0.0,-19.4680443375
9400,748.75,0.0,23.4136347183
9420,707.45,0.0,16.5498050819
9440,815.9,0.0,34.5743352776
9460,594.05,0.0,1.31541672864
9480,698.7,0.0,21.2125955349
9500,654.5,0.0,22.2908533833
9520,755.95,0.05,37.0584444273
9540,703.35,0.0,23.0215164168
9560,709.8,0.0,26.6017474915
9580,707.15,0.0,12.5934721727
9600,807.35,0.0,34.7851453655
9620,711.9,0.0,21.3176051022
9640,814.9,0.0,33.3935851167
9660,598.5,0.0,15.3370194196
9680,814.85,0.0,32.9524196277
9700,626.15,0.1,19.8065497146
9720,584.6,0.0,5.21987905518
9740,811.1,0.0,45.1046317598
9760,715.1,0.0,31.2681994554
9780,709.65,0.0,20.2158737464
9800,768.9,0.0,30.9153127262
9820,704.1,0.0,18.0458709245
9840,674.45,0.0,21.3872644135
9860,638.4,0.05,30.2006004088
9880,701.5,0.0,23.3640569084
9900,777.3,0.0,27.7519860773
9920,673.45,0.0,22.8537797152
9940,715.7,0.0,19.7466083988
9960,591.9,0.0,12.9715413489
9980,591.55,0.0,5.46588012907
10000,785.65,0.0,38.2925957945
10020,811.65,0.0,43.1953904187
10040,703.65,0.0,32.0975664847
10060,784.45,0.0,36.9914598099
10080,755.25,0.0,29.9245498219
10100,536.05,0.0,-11.8036033209
10120,917.0,0.05,47.6212369489
10140,638.85,0.0,11.1847209248
10160,680.3,0.0,15.0075545013
10180,779.05,0.0,35.5545971989
10200,825.55,0.0,27.5416943156
10220,761.05,0.0,24.4618217959
10240,676.35,0.1,12.150387206
10260,785.65,0.0,28.0861489558
10280,880.35,0.05,49.9793558085
10300,789.85,0.0,36.1271660029
10320,824.75,0.0,29.3958745151
10340,891.1,0.0,49.9593279476
10360,789.3,0.0,35.2856732442
10380,754.25,0.05,38.2196514497
10400,609.2,0.05,7.99179960243
10420,763.1,0.0,21.2912447494
10440,751.9,0.0,29.1173006216
10460,795.7,0.0,18.2917117417
10480,676.2,0.0,7.47284966015
10500,727.3,0.0,13.8683392931
10520,749.3,0.0,22.2184550653
10540,646.65,0.0,8.37773556307
10560,818.85,0.0,43.6548418065
10580,856.9,0.0,37.2200671861
10600,750.8,0.0,27.4645874162
10620,897.5,0.0,52.6185307463
10640,797.1,0.05,47.9078192087
10660,645.6,0.0,11.8989382513
10680,887.2,0.0,60.6551716963
10700,715.0,0.0,19.5141566638
10720,857.1,0.0,57.1586310112
10740,852.4,0.0,47.7990804481
10760,710.65,0.0,28.8781160646
10780,858.8,0.0,48.5074916118
10800,873.1,0.05,65.4501545226
10820,605.0,0.0,13.2169247953
10840,779.1,0.0,51.0297048162
10860,826.5,0.0,46.8367447664
10880,641.85,0.0,25.418114542
10900,831.75,0.0,33.9876593479
10920,896.8,0.0,50.795490183
10940,898.1,0.0,62.2488060326
10960,862.85,0.0,46.3333735043
10980,868.25,0.0,40.1107763097
11000,897.6,0.0,50.9727881913
11020,786.3,0.0,42.4578455083
11040,865.05,0.0,46.0224777155
11060,874.05,0.05,49.0542711109
11080,933.9,0.0,64.9925485951
11100,860.0,0.0,49.884979431
11120,893.1,0.05,62.4594881005
11140,749.75,0.0,30.0917051491
11160,863.1,0.0,50.0479005692
11180,824.25,0.0,43.8777451517
11200,889.8,0.0,58.3704230428
11220,917.3,0.05,62.7846407777
11240,896.85,0.0,60.9445258335
11260,848.6,0.0,41.88177226
11280,925.25,0.0,56.1641436678
11300,820.15,0.0,44.8607470808
11320,932.1,0.0,62.9328236126
11340,752.8,0.0,27.176412433
11360,932.9,0.0,66.0543263399
11380,825.25,0.0,45.4472779748
11400,888.55,0.0,57.3444642154
11420,778.35,0.0,46.2218937312
11440,856.0,0.0,57.2398229721
11460,930.6,0.0,63.3429367411
11480,776.65,0.05,49.3912986511
11500,850.4,0.0,54.5293870489
11520,962.65,0.0,64.8086780752
11540,861.05,0.0,47.1849066201
11560,826.9,0.0,43.7890675286
11580,787.65,0.0,40.0353966905
11600,857.95,0.0,44.2488357415
11620,821.65,0.0,48.5698938382
11640,1000.0,0.0,71.870141333
11660,816.9,0.0,51.598074302
11680,629.9,0.0,21.208289431
11700,894.85,0.0,59.4809279622
11720,747.4,0.0,39.6979901353
11740,744.5,0.05,44.3182891139
11760,814.3,0.0,42.1920566372
11780,835.9,0.05,41.4853951573
11800,754.8,0.0,41.8549226397
11820,841.45,0.05,56.851463124
11840,787.55,0.0,40.6513894226
11860,854.55,0.0,47.7887377067
11880,784.2,0.0,53.7222191874
11900,821.4,0.0,48.8201504353
11920,746.1,0.0,37.3305938857
11940,888.3,0.0,62.5335101805
11960,749.05,0.0,37.8120463449
11980,909.0,0.05,78.8352623698
12000,788.65,0.0,49.0075710096
12020,929.4,0.0,47.3493139405
12040,958.55,0.0,82.4430139308
12060,930.65,0.0,56.9666487128
12080,840.75,0.05,58.6615256695
12100,963.75,0.0,69.7833455481
12120,857.6,0.0,55.9574592025
12140,716.0,0.0,28.4422076407
12160,809.9,0.05,42.6843121831
12180,860.2,0.0,46.4930104817
12200,857.9,0.0,46.7293971538
12220,796.95,0.05,52.7337363795
12240,789.25,0.0,44.2497319905
12260,784.1,0.0,48.5282016711
12280,822.2,0.0,60.0800176936
12300,926.8,0.0,61.4852947628
12320,795.35,0.0,45.6126636925
12340,928.85,0.0,65.5980922786
12360,931.75,0.0,60.2617549415
12380,892.55,0.0,70.4996194252
12400,964.8,0.0,68.1432363432
12420,815.8,0.05,53.7252167191
12440,783.85,0.0,36.5526186454
12460,930.45,0.0,68.8273985847
12480,815.0,0.0,48.728830183
12500,855.15,0.0,65.8654868064
12520,892.65,0.0,65.8058512024
12540,854.35,0.0,57.9704362742
12560,891.05,0.0,58.273813051
12580,926.0,0.0,64.510964614
12600,965.35,0.0,75.8424826631
12620,821.9,0.0,52.8372280115
12640,927.85,0.0,67.1994834168
12660,816.7,0.0,49.1020818983
12680,924.65,0.0,64.297525925
12700,959.5,0.0,78.6706309115
12720,928.1,0.0,62.3313393515
12740,892.65,0.0,65.4412501717
12760,823.9,0.0,48.8624483258
12780,814.3,0.0,51.903638995
12800,860.0,0.05,69.915812217
12820,851.75,0.0,68.7903084999
12840,963.55,0.0,80.8430820724
12860,872.7,0.05,69.2392370189
12880,850.7,0.0,49.1449820575
12900,854.2,0.0,61.2802832933
12920,885.3,0.0,62.7339724443
12940,790.3,0.0,56.4493335034
12960,895.6,0.0,68.7039024845
12980,858.45,0.0,50.057083453
13000,844.75,0.05,51.5315894389
13020,819.0,0.0,54.7924548004
13040,816.5,0.0,55.5407638795
13060,863.4,0.0,51.9514919261
13080,888.95,0.0,60.2977279159
13100,781.1,0.0,44.4864831847
13120,675.5,0.0,34.6158804429
13140,920.85,0.0,67.6334066658
13160,860.85,0.0,67.5625527731
13180,813.25,0.0,48.0861223261
13200,924.85,0.0,74.1181105722
13220,924.8,0.0,72.490285009
13240,891.0,0.0,62.1063990285
13260,812.1,0.0,54.8153735068
13280,853.3,0.0,51.441893568
13300,765.45,0.05,51.2730148382
13320,753.9,0.0,46.6596144194
13340,888.85,0.0,63.2590580542
13360,781.5,0.1,61.0682633284
13380,892.0,0.0,53.2315659944
13400,894.55,0.0,60.6855522211
13420,963.9,0.0,87.586632499
13440,703.3,0.0,37.154168056
13460,860.55,0.0,60.5154212158
13480,853.4,0.0,70.3116219704
13500,895.45,0.0,62.5933959145
13520,821.25,0.0,45.2703509759
13540,825.9,0.0,55.0690068729
13560,875.65,0.05,56.7902394651
13580,904.3,0.05,68.2841870829
13600,893.85,0.0,69.5403428636
13620,932.35,0.0,65.9243362249
13640,952.35,0.05,73.2995045138
13660,895.3,0.0,57.3079870956
13680,780.7,0.0,49.4154105347
13700,854.5,0.05,72.3850700134
13720,855.05,0.0,62.4929444393
13740,849.75,0.0,60.6235015248
13760,867.35,0.05,79.609085723
13780,1000.0,0.0,81.1581790801
13800,964.05,0.0,70.3800047246
13820,881.05,0.05,52.5577981723
13840,787.3,0.0,47.4755495547
13860,857.3,0.0,53.1648134057
13880,859.2,0.0,54.5202580437
13900,923.85,0.0,72.2080506172
13920,854.2,0.0,56.5221805382
13940,678.3,0.0,26.5707643042
13960,784.7,0.0,44.9597319936
13980,894.75,0.0,53.6405080105
14000,897.75,0.0,69.3244567722
14020,931.1,0.0,61.8715145058
14040,858.3,0.0,43.8266417201
14060,859.5,0.0,49.101166913
14080,964.75,0.0,79.6801581003
14100,928.0,0.0,65.5472821316
14120,873.5,0.05,64.2892130266
14140,926.55,0.0,67.8642538117
14160,851.45,0.0,66.8612737304
14180,859.35,0.0,62.0455766877
14200,921.95,0.0,67.1322513962
14220,743.55,0.0,40.1206038385
14240,890.85,0.0,75.3173867498
14260,913.9,0.1,83.6107397853
14280,863.25,0.0,62.179768982
14300,821.05,0.0,54.4904102334
14320,929.2,0.0,80.2564081165
14340,928.25,0.0,66.1250477416
14360,930.85,0.0,73.7267888973
14380,854.55,0.0,62.5229014026
14400,964.1,0.0,82.8533773338
14420,963.3,0.0,76.5401512993
14440,848.5,0.0,58.5227373197
14460,1000.0,0.0,86.0505832223
14480,889.45,0.0,67.5278184891
14500,886.15,0.0,64.3159473271
14520,963.6,0.0,80.0195301118
14540,735.65,0.0,51.063974905
14560,1000.0,0.0,71.6086507854
14580,892.75,0.0,61.2236871126
14600,929.8,0.0,76.3504398366
14620,854.65,0.0,58.0335993905
14640,962.85,0.0,77.2088734456
14660,962.8,0.0,79.1733403073
14680,928.55,0.0,71.7286337976
14700,890.3,0.0,67.1931649558
14720,964.85,0.0,85.4698197112
14740,748.65,0.0,43.1374193328
14760,891.6,0.0,67.2457100928
14780,892.45,0.0,70.8082306923
14800,892.05,0.0,76.0114415701
14820,962.5,0.0,82.9742499259
14840,909.1,0.05,87.1793129224
14860,965.15,0.0,81.1388840399
14880,744.8,0.0,42.7301097082
14900,895.15,0.0,70.7748877864
14920,927.5,0.0,77.395585473
14940,890.2,0.0,64.4168316946
14960,848.85,0.0,68.0519451672
14980,920.25,0.0,88.6143633911
15000,774.0,0.0,51.594418478
15020,888.0,0.0,73.4830860556
15040,818.55,0.0,63.6990189547
15060,848.1,0.0,65.5196800757
15080,694.8,0.0,28.1050873129
15100,921.75,0.0,72.3182829789
15120,813.9,0.0,62.0665772997
15140,776.35,0.0,46.8004105321
15160,923.75,0.0,71.0730803005
15180,923.2,0.0,73.8836493195
15200,889.6,0.0,77.4072047267
15220,661.8,0.0,36.1957411724
15240,747.0,0.0,49.1166535593
15260,886.7,0.0,72.3640098066
15280,856.6,0.0,57.7737855499
15300,810.2,0.0,58.6099983305
15320,811.3,0.0,48.0364216753
15340,850.9,0.0,58.1541053877
15360,738.35,0.0,45.1732408197
15380,664.9,0.0,29.9398885728
15400,854.5,0.0,58.5535083166
15420,853.35,0.0,66.0018406391
15440,829.8,0.05,67.1529811153
15460,812.05,0.0,63.2267226457
15480,806.25,0.0,62.2480748154
15500,845.85,0.0,69.4829119223
15520,847.8,0.0,59.7987274177
15540,884.4,0.0,70.9777773467
15560,722.35,0.1,60.5094759364
15580,806.0,0.0,55.8876830382
15600,812.15,0.0,54.2607596332
15620,808.65,0.0,70.5929153695
15640,774.55,0.0,54.4108712692
15660,812.6,0.0,54.6612006314
15680,777.05,0.0,47.844829994
15700,848.0,0.0,71.8236258001
15720,960.25,0.0,82.3938903425
15740,733.9,0.0,47.6078255659
15760,808.75,0.0,56.0298588654
15780,853.25,0.0,66.7604029397
15800,751.75,0.05,63.317928903
15820,664.15,0.0,34.9724169904
15840,960.65,0.0,69.8583659173
15860,887.7,0.0,79.5948848225
15880,821.1,0.05,70.9591297615
15900,887.55,0.0,81.7468437279
15920,702.45,0.0,43.6467752959
15940,817.55,0.0,53.9303673507
15960,890.75,0.0,70.6972429657
15980,811.55,0.0,58.3792181659
16000,896.2,0.0,75.9199064543
16020,927.45,0.0,76.6381545071
16040,963.8,0.0,77.9564869348
16060,924.2,0.0,69.347304245
16080,974.95,0.0,79.6298436445
16100,929.8,0.0,69.4305691552
16120,894.25,0.0,63.1851456803
16140,961.15,0.0,83.8005303679
16160,961.8,0.0,84.0318813149
16180,1000.0,0.0,78.7232663498
16200,1000.0,0.0,89.5592355801
16220,1000.0,0.0,100.213235558
16240,930.5,0.0,75.2482673714
16260,884.65,0.0,67.2889885745
16280,929.05,0.0,60.6856769126
16300,960.45,0.0,68.506548269
16320,929.1,0.0,80.243269371
16340,963.0,0.0,79.128404452
16360,962.05,0.0,86.0360257674
16380,962.55,0.0,79.938135195
16400,963.3,0.0,85.8849188342
16420,892.1,0.0,83.4996863798
16440,851.5,0.0,72.4679301631
16460,923.95,0.0,81.0244336847
16480,924.95,0.0,72.756253513
16500,962.8,0.0,81.3082463961
16520,922.8,0.0,69.7914276896
16540,929.65,0.0,72.9888984302
16560,813.3,0.0,64.909506972
16580,846.1,0.0,64.1728722544
16600,928.1,0.0,75.2005792702
16620,890.85,0.0,73.3000397325
16640,810.85,0.0,64.4057567836
16660,776.3,0.0,54.0097382507
16680,890.8,0.0,66.3790935169
16700,805.1,0.05,64.8799322854
16720,817.7,0.0,57.4267132602
16740,846.6,0.0,69.1160308262
16760,850.0,0.0,60.3017903805
16780,810.9,0.0,59.1902121603
16800,925.2,0.0,82.1537379596
16820,886.7,0.0,76.3015158806
16840,846.9,0.0,61.7007960116
16860,926.0,0.0,77.1369157553
16880,779.2,0.0,52.9881518664
16900,845.3,0.05,74.3261275998
16920,961.75,0.0,82.8772659411
16940,887.35,0.0,69.1892419118
16960,854.35,0.0,62.0861203336
16980,765.15,0.0,64.4414214411
17000,960.75,0.0,87.1850753282
17020,886.45,0.0,72.6385477981
17040,888.45,0.0,72.5573935687
17060,925.25,0.0,69.332902537
17080,846.85,0.0,59.9065560947
17100,850.4,0.0,69.2103608057
17120,868.2,0.1,76.7597449022
17140,869.35,0.05,67.6757666484
17160,811.55,0.0,53.8669692217
17180,852.55,0.0,57.1490817572
17200,924.95,0.0,78.4918218112
17220,962.55,0.0,75.1819428397
17240,887.6,0.0,76.7110634098
17260,858.6,0.05,71.2591349122
17280,923.45,0.0,77.4021053743
17300,1000.0,0.0,81.6606058074
17320,808.25,0.0,62.3332996551
17340,815.05,0.0,63.4045330234
17360,964.1,0.0,76.3259920004
17380,748.1,0.05,50.8001169135
17400,774.1,0.0,50.6641715439
17420,889.05,0.0,67.8290286874
17440,923.8,0.0,77.4103837434
17460,920.75,0.0,77.4025791496
17480,923.65,0.0,83.7063627417
17500,929.65,0.0,74.0740150942
17520,849.9,0.0,56.1428284478
17540,889.2,0.0,64.0083461432
17560,818.1,0.0,61.4387585903
17580,927.35,0.0,68.8564992811
17600,963.25,0.0,77.0110511221
17620,1000.0,0.0,78.3639272841
17640,815.15,0.05,64.3572710942
17660,852.4,0.0,59.2471450442
17680,858.05,0.0,56.3939309221
17700,928.35,0.0,73.0888786429
17720,891.45,0.0,68.4749463842
17740,849.75,0.0,67.0515702544
17760,963.95,0.0,76.7864254849
17780,887.6,0.0,67.8680077717
17800,813.4,0.0,48.1314315877
17820,925.35,0.0,87.7173517192
17840,890.6,0.0,71.7355714316
17860,814.45,0.0,68.1508344113
17880,815.55,0.0,48.4390116219
17900,890.25,0.0,78.2814485485
17920,927.45,0.0,75.6249928947
17940,851.4,0.0,60.0068731774
17960,925.65,0.0,77.6738223687
17980,926.3,0.0,73.3841757013
18000,925.65,0.0,81.8031582952
18020,890.75,0.0,65.7501112012
18040,886.25,0.0,73.5249633664
18060,853.05,0.0,65.1052039265
18080,963.2,0.0,75.1863329407
18100,1000.0,0.0,90.9954391261
18120,885.35,0.0,74.0418014845
18140,954.9,0.05,95.8754076918
18160,925.6,0.0,75.2692107467
18180,960.95,0.0,86.2963918478
18200,923.65,0.0,77.8176779148
18220,888.7,0.0,74.1920599686
18240,779.3,0.0,58.5132518207
18260,887.05,0.0,65.1390048768
18280,964.15,0.0,83.5618984169
18300,801.35,0.0,73.4010882488
18320,882.65,0.0,79.8085641367
18340,885.85,0.0,71.4106288492
18360,925.95,0.0,74.8676307943
18380,881.75,0.0,67.6892661356
18400,922.75,0.0,80.7340992256
18420,737.15,0.0,57.0089205231
18440,925.65,0.0,75.4627339269
18460,846.0,0.0,68.9040011433
18480,925.0,0.0,88.0497538
18500,883.25,0.0,74.7911928097
18520,1000.0,0.0,87.3397761932
18540,921.65,0.0,76.7296420188
18560,852.3,0.0,60.9139666368
18580,963.25,0.0,80.0402443172
18600,811.9,0.0,62.702969167
18620,889.4,0.0,82.1478019756
18640,925.45,0.0,71.4899946762
18660,851.8,0.0,66.4974776117
18680,848.6,0.0,69.8227290316
18700,888.5,0.0,75.881952106
18720,964.6,0.0,75.3967111588
18740,814.55,0.0,55.3634312675
18760,926.15,0.0,77.2578061682
18780,960.1,0.0,86.5546273072
18800,854.55,0.0,65.0640338553
18820,927.4,0.0,79.342636677
18840,925.9,0.0,68.6809745347
18860,928.2,0.0,74.7232090562
18880,928.6,0.0,80.6629732243
18900,924.95,0.0,85.66084261
18920,890.1,0.0,69.4232827507
18940,963.95,0.0,82.6684712994
18960,926.95,0.0,79.3057463497
18980,961.6,0.0,93.2182092002
19000,925.15,0.0,81.8851602109
19020,896.85,0.05,83.6217086184
19040,927.7,0.0,72.3798723415
19060,854.1,0.0,68.1510848774
19080,964.55,0.0,76.5707031934
19100,890.7,0.0,73.5094639027
19120,933.45,0.05,89.6410891851
19140,961.2,0.0,81.8832579017
19160,850.15,0.0,65.6657626703
19180,963.35,0.0,80.9615093174
19200,811.6,0.05,62.9608474441
19220,928.6,0.0,75.5839497338
19240,890.05,0.0,74.1135422526
19260,925.9,0.0,88.0035630819
19280,889.0,0.0,71.8984012401
19300,870.25,0.05,72.2848354348
19320,772.7,0.0,55.3740019075
19340,930.35,0.0,71.6913684747
19360,810.3,0.0,59.0350584988
19380,961.85,0.0,77.4504602708
19400,885.65,0.0,67.5752692627
19420,925.35,0.0,68.7077681795
19440,889.05,0.0,71.0038887421
19460,927.8,0.0,65.2090647507
19480,811.3,0.0,51.8800566815
19500,928.0,0.0,75.9717790167
19520,853.0,0.0,69.7275239707
19540,889.25,0.0,69.75716403
19560,875.1,0.05,84.7382938737
19580,852.05,0.0,69.3254118946
19600,1000.0,0.0,78.0749843816
19620,824.15,0.05,67.5635551084
19640,813.65,0.0,62.5379088543
19660,921.55,0.0,85.1217514779
19680,813.65,0.0,66.979371704
19700,923.5,0.0,83.0535859223
19720,888.9,0.0,72.9577720933
19740,924.3,0.0,72.0496847093
19760,810.05,0.0,67.2269175022
19780,922.65,0.0,83.2303207863
19800,774.45,0.0,63.1217554286
19820,925.1,0.0,77.0238412126
19840,887.75,0.0,73.1707068521
19860,770.55,0.0,58.7770067269
19880,850.6,0.0,72.4576223299
19900,886.95,0.0,77.326550703
19920,812.85,0.0,72.5469065863
19940,924.45,0.0,79.2779425417
19960,845.9,0.0,72.2383104493
19980,733.4,0.0,43.5669406134
20000,922.8,0.0,78.858929257
20020,922.7,0.0,79.9069525104
20040,920.8,0.0,82.5380635059
20060,923.05,0.0,92.25759298
20080,848.15,0.0,74.343937449
20100,849.7,0.0,59.4153831279
20120,775.3,0.0,59.7795637101
20140,888.65,0.0,77.2776130263
20160,925.25,0.0,88.4270573728
20180,885.65,0.0,76.5947907033
20200,923.75,0.0,91.9629308245
20220,884.35,0.0,74.3217638305
20240,848.75,0.0,65.8423260395
20260,1000.0,0.0,101.274621192
20280,848.4,0.0,70.9381230669
20300,924.2,0.0,85.3981932885
20320,961.65,0.0,88.5985115182
20340,887.7,0.0,72.3650479033
20360,924.8,0.0,73.0647665372
20380,927.3,0.0,82.990038949
20400,1000.0,0.0,99.1278221256
20420,964.15,0.0,81.4744513203
20440,853.75,0.0,62.9461228222
20460,892.2,0.0,63.7983007996
20480,925.1,0.0,76.5029854525
20500,924.4,0.0,78.0538823975
20520,924.25,0.0,84.1650341275
20540,963.3,0.0,89.9508527542
20560,963.35,0.0,79.9831312774
20580,921.55,0.0,83.2474429674
20600,884.9,0.05,76.3518985496
20620,926.7,0.0,77.9200186607
20640,1000.0,0.0,98.4276997065
20660,926.7,0.0,85.6684094881
20680,926.7,0.0,82.0703459233
20700,927.7,0.0,87.5383888065
20720,925.35,0.0,83.9737915271
20740,887.7,0.0,75.923459696
20760,1000.0,0.0,78.5381276088
20780,963.6,0.0,83.16650555
20800,964.3,0.0,86.9002095926
20820,960.95,0.0,87.3264388334
20840,964.2,0.0,86.5467425112
20860,964.7,0.0,85.46757209
20880,894.95,0.0,79.1839574883
20900,966.15,0.0,86.5087383502
20920,853.0,0.0,62.454853082
20940,962.8,0.0,81.1283333163
20960,925.2,0.0,86.6732337814
20980,925.6,0.0,78.2649520011
21000,891.5,0.0,85.7578323084
21020,965.4,0.0,85.5661824708
21040,926.45,0.0,84.8338363685
21060,929.2,0.0,77.8249503448
21080,890.6,0.0,76.3851274865
21100,963.6,0.0,89.7736911234
21120,1000.0,0.0,80.9470818616
21140,964.2,0.0,84.5613588441
21160,1000.0,0.0,90.0643230534
21180,1000.0,0.0,88.9905973702
21200,1000.0,0.0,90.8844126148
21220,962.85,0.0,91.7369271811
21240,989.1,0.05,88.366297091
21260,964.2,0.0,80.1503615434
21280,927.25,0.0,86.8473085674
21300,961.3,0.0,87.5614806879
21320,922.65,0.0,85.6564947917
21340,1000.0,0.0,93.0341233229
21360,962.85,0.0,86.5559055518
21380,1000.0,0.0,95.0634462494
21400,961.05,0.0,85.4244620545
21420,963.05,0.0,87.2341471041
21440,1000.0,0.0,83.9240745944
21460,962.05,0.0,86.676901495
21480,890.9,0.0,79.4369948043
21500,922.55,0.0,81.8950391433
21520,962.35,0.0,91.1424599077
21540,1000.0,0.0,95.2475771859
21560,962.9,0.0,99.4261561315
21580,926.0,0.0,87.9851813865
21600,922.1,0.0,82.8279817819
21620,925.75,0.0,82.1955354394
21640,773.0,0.0,56.7710324157
21660,885.65,0.0,76.9254261891
21680,850.05,0.0,75.409234661
21700,1000.0,0.0,95.387950974
21720,884.75,0.0,71.6163894097
21740,846.5,0.0,73.7968375153
21760,891.45,0.0,73.0255792272
21780,961.6,0.0,93.7937782519
21800,925.85,0.0,84.0726369305
21820,923.4,0.0,84.5005132887
21840,884.8,0.0,83.2268908364
21860,887.1,0.0,80.2559828819
21880,963.65,0.0,93.9528926725
21900,962.7,0.0,91.2061145947
21920,1000.0,0.0,97.0983157611
21940,888.6,0.05,90.1451947579
21960,844.35,0.0,82.8416249353
21980,811.45,0.0,65.8057488217
22000,809.8,0.0,66.6871674639
22020,924.0,0.0,83.0032833193
22040,960.65,0.0,84.5472931775
22060,851.25,0.0,73.5115933517
22080,847.8,0.0,75.0081365708
22100,882.15,0.0,73.3312884469
22120,922.85,0.0,86.9782896992
22140,922.25,0.0,84.496917847
22160,958.3,0.0,94.4056285026
22180,891.1,0.0,86.3595108258
22200,888.95,0.0,78.8001360782
22220,922.8,0.0,82.3391543602
22240,962.25,0.0,95.5941077121
22260,815.95,0.0,65.672650737
22280,850.1,0.0,71.6059138434
22300,922.7,0.0,82.0129440074
22320,885.85,0.0,85.9775107579
22340,767.5,0.0,55.6182762641
22360,961.65,0.0,87.3527305583
22380,923.6,0.0,86.3770893131
22400,887.65,0.0,83.196131016
22420,1000.0,0.0,97.460262398
22440,883.35,0.0,79.9599830913
22460,922.2,0.0,84.7768949031
22480,959.85,0.0,89.3776163466
22500,810.6,0.0,68.8603026445
22520,652.7,0.0,54.0412947941
22540,924.45,0.0,97.2593306213
22560,920.3,0.0,87.342208468
22580,963.25,0.0,100.766708318
22600,927.5,0.0,81.1322279809
22620,1000.0,0.0,93.2685752901
22640,963.65,0.0,91.3006698941
22660,881.65,0.0,82.4750046327
22680,888.9,0.0,83.61960166
22700,890.25,0.0,75.7161989404
22720,1000.0,0.0,95.8882600814
22740,1000.0,0.0,92.8915697499
22760,892.55,0.0,75.5886775801
22780,849.5,0.0,77.3212957185
22800,961.6,0.0,87.3228093892
22820,927.5,0.0,76.9676848653
22840,851.65,0.0,67.6514368299
22860,923.6,0.0,76.038465592
22880,964.1,0.0,80.7947784408
22900,964.15,0.0,96.0730382916
22920,1000.0,0.0,96.8008627791
22940,964.2,0.0,84.2980269544
22960,921.5,0.0,87.8384478609
22980,925.55,0.0,74.5579688186
23000,889.65,0.0,76.2000327244
23020,925.3,0.0,85.7096372109
23040,1000.0,0.0,95.3670195229
23060,889.45,0.0,80.1004341251
23080,924.75,0.0,83.9717917755
23100,853.95,0.0,75.5990963599
23120,963.3,0.0,92.2798345323
23140,961.5,0.0,93.8379674099
23160,926.2,0.0,78.2613755
23180,962.95,0.0,94.0262177504
23200,1000.0,0.0,99.2756790281
23220,923.35,0.0,81.6150186505
23240,926.6,0.0,93.1171732535
23260,922.55,0.0,87.3589858789
23280,1000.0,0.0,95.2170829032
23300,961.7,0.0,84.5927070919
23320,884.15,0.0,87.2798596524
23340,1000.0,0.0,98.9482723974
23360,982.25,0.1,92.7162793035
23380,961.3,0.0,88.2673369403
23400,849.0,0.0,81.4725552987
23420,774.4,0.0,60.303454035
23440,924.15,0.0,80.3624364663
23460,961.65,0.0,96.5070711864
23480,923.75,0.0,90.2123984521
23500,923.35,0.0,82.5832510762
23520,1000.0,0.0,101.668499985
23540,886.1,0.0,74.3038572023
23560,844.9,0.0,72.7535464979
23580,847.4,0.0,65.3785401885
23600,925.1,0.0,83.053294419
23620,921.3,0.0,85.6990587617
23640,851.45,0.0,78.7049899784
23660,1000.0,0.0,102.257697932
23680,778.1,0.0,62.7781041149
23700,961.2,0.0,94.4312266052
23720,962.45,0.0,82.5162427073
23740,925.8,0.0,81.1047803111
23760,962.55,0.0,89.9273051708
23780,962.25,0.0,83.2850025495
23800,961.7,0.0,94.0347744684
23820,889.0,0.0,83.4518842035
23840,926.8,0.0,92.1930521387
23860,888.2,0.0,81.0175208122
23880,851.45,0.0,68.6365376171
23900,1000.0,0.0,102.287342448
23920,925.6,0.0,83.1013489706
23940,926.15,0.0,76.8688582229
23960,887.5,0.0,78.5271231371
23980,851.3,0.0,70.854639239
24000,961.45,0.0,89.2565885009
24020,889.1,0.0,80.9988468292
24040,888.2,0.0,81.7695512457
24060,964.1,0.0,89.1259501683
24080,886.55,0.0,80.0297989577
24100,886.8,0.0,82.5867439926
24120,883.15,0.0,86.7246103421
24140,927.4,0.0,84.9006412113
24160,963.0,0.0,95.9641549406
24180,926.0,0.0,89.2496576232
24200,961.4,0.0,91.2968897319
24220,927.45,0.0,84.4925506281
24240,956.1,0.05,91.2330603441
24260,886.8,0.0,86.2756447144
24280,1000.0,0.0,101.881406606
24300,845.0,0.0,74.1552658754
24320,1000.0,0.0,89.5930862946
24340,847.35,0.0,79.1765814906
24360,884.75,0.0,79.0706704206
24380,923.6,0.0,73.923567279
24400,810.5,0.0,69.0135304908
24420,923.35,0.0,80.1368313431
24440,845.9,0.0,73.5074890296
24460,924.05,0.0,81.4342236313
24480,808.35,0.0,69.8354360173
24500,925.3,0.0,84.5876436347
24520,921.45,0.0,88.2104121273
24540,925.8,0.0,89.4093840409
24560,961.2,0.0,89.9735625792
24580,884.1,0.0,76.0117767007
24600,959.85,0.0,94.399355154
24620,923.55,0.0,86.9620370886
24640,963.5,0.0,90.7811770776
24660,882.55,0.0,81.526557342
24680,844.95,0.0,79.1163330041
24700,884.75,0.0,78.5651651629
24720,831.1,0.05,87.8663951438
24740,844.7,0.0,75.0220396844
24760,845.95,0.0,72.4925441371
24780,775.1,0.0,71.9639959247
24800,847.5,0.0,75.6184636011
24820,811.45,0.0,67.9979775162
24840,886.35,0.0,85.4995305504
24860,923.1,0.0,84.8881907415
24880,893.9,0.05,93.2784298426
24900,926.2,0.0,87.6194658913
24920,961.4,0.0,97.105649396
24940,925.65,0.0,82.0006293116
24960,922.4,0.05,89.67071986
24980,849.05,0.0,69.9935792906
25000,1000.0,0.0,96.1486197014
25020,924.8,0.0,85.6493037311
25040,923.75,0.0,90.3877662642
25060,886.05,0.0,81.7545139552
25080,925.4,0.0,77.0108252786
25100,962.25,0.0,90.3485461611
25120,886.95,0.05,90.3284765903
25140,959.95,0.0,88.6066638726
25160,924.45,0.0,79.7988092111
25180,962.0,0.0,90.8790123364
25200,1000.0,0.0,96.166580621
25220,885.4,0.0,74.3867250837
25240,925.2,0.0,93.4992949066
25260,892.2,0.05,95.9761440315
25280,960.8,0.0,94.1990675022
25300,963.45,0.0,92.3610890467
25320,928.1,0.0,88.1647101437
25340,1000.0,0.0,79.9754754761
25360,884.0,0.0,79.060878823
25380,962.8,0.0,85.6992176483
25400,1000.0,0.0,89.9470160732
25420,962.9,0.0,90.2393485386
25440,887.3,0.0,77.3594727176
25460,926.25,0.0,91.0267380814
25480,1000.0,0.0,103.627296114
25500,961.6,0.0,89.4603177421
25520,1000.0,0.0,101.275578139
25540,1000.0,0.0,101.279102673
25560,926.05,0.0,86.5989973504
25580,850.3,0.0,78.1002463377
25600,962.5,0.0,90.1004692354
25620,924.1,0.0,88.5768237633
25640,963.45,0.0,86.8929337871
25660,961.15,0.0,93.7110996731
25680,1000.0,0.0,94.7644596628
25700,1000.0,0.0,92.4566112954
25720,926.3,0.0,86.6027231906
25740,922.4,0.0,80.7813038302
25760,963.0,0.0,93.2029481038
25780,960.05,0.0,92.9969914853
25800,962.25,0.0,96.209426434
25820,890.85,0.0,86.7965919229
25840,1000.0,0.0,93.4963043609
25860,926.4,0.0,90.7175844523
25880,1000.0,0.0,98.4726272677
25900,849.6,0.0,77.7326692888
25920,924.35,0.0,84.7502331553
25940,961.9,0.0,94.2013542912
25960,928.05,0.0,82.9700778955
25980,1000.0,0.0,99.7358899512
26000,963.95,0.0,94.0290822536
26020,1000.0,0.0,96.1589323616
26040,1000.0,0.0,98.8315340767
26060,809.0,0.0,73.895085354
26080,929.1,0.0,103.53864264
26100,961.85,0.0,94.4433681594
26120,962.2,0.0,91.2151690115
26140,921.65,0.0,77.182566069
26160,1000.0,0.0,84.8657974708
26180,927.9,0.0,84.466571589
26200,927.6,0.0,99.7205971428
26220,925.35,0.0,92.2977061791
26240,921.75,0.0,89.7992466911
26260,924.4,0.0,83.8051857624
26280,925.8,0.0,93.2933535495
26300,961.3,0.0,97.1136666059
26320,923.9,0.0,97.8960433368
26340,1000.0,0.0,107.260962446
26360,852.5,0.0,79.9308267701
26380,886.05,0.05,85.3934951808
26400,1000.0,0.0,98.6374409949
26420,962.5,0.0,91.7738177819
26440,850.55,0.0,73.3976529533
26460,851.3,0.0,78.5543695908
26480,929.4,0.0,92.002203785
26500,887.85,0.0,82.3339893871
26520,848.6,0.0,72.5751923764
26540,963.05,0.0,91.7620285529
26560,1000.0,0.0,100.03283434
26580,922.7,0.0,81.2460746741
26600,924.9,0.0,87.3038179378
26620,963.65,0.0,88.2585392054
26640,925.7,0.0,77.5889377882
26660,891.3,0.0,81.6390776028
26680,963.95,0.0,82.1363342545
26700,962.35,0.0,94.7371098899
26720,1000.0,0.0,98.1647010333
26740,963.75,0.0,91.4215929917
26760,1000.0,0.0,101.307287992
26780,1000.0,0.0,101.163754429
26800,888.2,0.0,85.5700160315
26820,962.1,0.0,91.7188929957
26840,845.9,0.0,78.4550410497
26860,962.65,0.0,94.3708642021
26880,851.5,0.0,79.0338676771
26900,885.1,0.0,81.9884041408
26920,853.8,0.0,74.7978138903
26940,883.15,0.0,86.0652234409
26960,923.35,0.0,85.2860653712
26980,920.0,0.0,87.5274298753
27000,922.65,0.0,84.9671411778
27020,923.85,0.0,89.3550754453
27040,962.8,0.0,89.3323576691
27060,847.1,0.0,78.1433378254
27080,963.95,0.0,103.151402791
27100,922.55,0.0,97.8007772965
27120,805.85,0.0,70.2471582451
27140,923.5,0.0,85.6145583368
27160,845.1,0.0,75.1491011703
27180,846.1,0.0,76.6032073393
27200,885.95,0.0,84.9874225458
27220,962.9,0.0,96.2285574863
27240,924.45,0.0,89.2014246777
27260,882.4,0.0,89.5067526236
27280,961.0,0.0,99.1154104891
27300,964.8,0.0,95.2501844804
27320,884.6,0.0,80.82688962
27340,926.5,0.0,81.4987322774
27360,925.05,0.0,83.5677735919
27380,963.5,0.0,104.364024039
27400,961.55,0.0,92.5586618452
27420,1000.0,0.0,98.9106575783
27440,805.3,0.0,78.661365014
27460,887.05,0.0,85.1550224842
27480,886.65,0.0,82.2147130075
27500,886.2,0.0,81.8815709564
27520,922.05,0.0,91.3665475014
27540,883.4,0.0,90.2910563778
27560,921.35,0.0,93.4796692779
27580,847.3,0.0,77.8023205919
27600,965.4,0.0,92.4539860427
27620,1000.0,0.0,103.550124531
27640,923.7,0.0,95.3267880753
27660,815.15,0.0,78.7872757766
27680,921.05,0.0,97.3858868717
27700,963.55,0.0,110.586996012
27720,889.15,0.0,77.5114785141
27740,810.3,0.0,72.6726827455
27760,695.4,0.0,58.4084371735
27780,925.15,0.0,90.6128260059
27800,847.4,0.0,72.7749081089
27820,923.75,0.0,86.6685031233
27840,961.95,0.0,93.5427896931
27860,926.15,0.0,95.0166743257
27880,924.45,0.0,92.4313419874
27900,886.35,0.0,80.9293731338
27920,960.8,0.0,93.4271737641
27940,887.5,0.0,75.0849432124
27960,962.65,0.0,99.8961788201
27980,923.7,0.0,89.5400349025
28000,923.35,0.0,90.0902127002
28020,852.35,0.0,82.671907099
28040,921.65,0.0,93.1337370416
28060,924.7,0.0,85.8943410895
28080,959.4,0.0,98.9906094727
28100,890.15,0.0,90.7766817015
28120,812.75,0.0,65.8718645809
28140,884.3,0.0,84.3128992701
28160,926.3,0.0,70.58474428
28180,888.45,0.0,90.2790359207
28200,961.4,0.0,86.598678313
28220,922.25,0.0,84.5996546696
28240,963.5,0.0,97.4319161638
28260,925.75,0.0,81.453656865
28280,850.15,0.0,69.2659919097
28300,845.0,0.0,76.8666043826
28320,927.05,0.0,91.2833637472
28340,1000.0,0.0,95.0673515059
28360,963.4,0.0,92.9971940239
28380,962.4,0.0,101.54521302
28400,809.0,0.0,66.5806868615
28420,928.05,0.0,86.8858040894
28440,926.85,0.0,79.8358617921
28460,1000.0,0.0,105.279061959
28480,960.7,0.0,101.027076733
28500,924.1,0.0,90.6245160964
28520,1000.0,0.0,101.581839652
28540,1000.0,0.0,100.095499351
28560,925.35,0.0,91.3840298906
28580,887.65,0.0,77.9689225111
28600,1000.0,0.0,96.4658537146
28620,964.5,0.0,93.1744895566
28640,924.95,0.0,88.9774135248
28660,962.45,0.0,91.3328346613
28680,963.1,0.0,89.8248906169
28700,924.55,0.0,91.573958151
28720,928.4,0.0,87.6612887608
28740,961.45,0.0,97.3021981524
28760,924.45,0.0,84.5947712766
28780,962.25,0.0,97.3631399865
28800,961.7,0.0,105.16180058
28820,846.35,0.0,76.5152533056
28840,962.45,0.0,95.6276892435
28860,889.2,0.0,81.7733732288
28880,924.75,0.0,85.7561111934
28900,924.5,0.0,91.8726849172
28920,924.25,0.0,95.9172895432
28940,1000.0,0.0,99.950581522
28960,1000.0,0.0,103.730542937
28980,1000.0,0.0,104.633238199
29000,964.05,0.0,90.8386202858
29020,963.3,0.0,94.4860708508
29040,960.3,0.0,97.8659755084
29060,927.35,0.0,85.1571978025
29080,886.6,0.0,88.7494616074
29100,964.35,0.0,94.7768005266
29120,925.6,0.0,96.7959653597
29140,963.3,0.0,83.6565916941
29160,887.25,0.0,81.687425088
29180,926.85,0.0,80.3909836081
29200,923.25,0.0,90.1517613757
29220,961.25,0.0,92.234976244
29240,1000.0,0.0,109.462514635
29260,1000.0,0.0,99.3859254678
29280,884.95,0.0,75.2007668415
29300,926.0,0.0,89.1493494702
29320,1000.0,0.0,99.4198444112
29340,962.75,0.0,92.7769366376
29360,928.15,0.0,100.029060125
29380,1000.0,0.0,103.693309595
29400,962.4,0.0,106.198002882
29420,963.75,0.0,96.41414669
29440,1000.0,0.0,92.7872072366
29460,923.9,0.0,89.9680764594
29480,884.95,0.05,94.2427588149
29500,887.45,0.0,88.9777222778
29520,1000.0,0.0,97.7608314566
29540,963.25,0.0,103.230481044
29560,846.65,0.0,75.2285914609
29580,846.8,0.0,73.0158795131
29600,925.35,0.0,86.3283502311
29620,962.2,0.0,95.4709928892
29640,962.7,0.0,105.156191961
29660,962.7,0.0,99.5383341655
29680,1000.0,0.0,101.736672496
29700,963.8,0.0,89.9859654543
29720,963.7,0.0,97.976386618
29740,964.05,0.0,93.2257005665
29760,962.85,0.0,96.8768347646
29780,1000.0,0.0,108.511902138
29800,921.8,0.0,80.6368616608
29820,923.7,0.0,83.1854394802
29840,961.05,0.0,105.413592931
29860,961.65,0.0,101.316836718
29880,887.2,0.0,87.7118896302
29900,963.15,0.0,95.8339924482
29920,925.3,0.0,89.2170555522
29940,962.45,0.0,103.656668869
29960,917.1,0.05,93.8024441005
29980,812.95,0.0,72.8064939303
30000,924.2,0.0,84.817492749
