10,98.5,0.0,-334.866638667
20,97.6,0.0,-436.129303987
30,106.3,0.0,-382.365423912
40,104.5,0.0,-433.99075478
50,108.7,0.0,-570.56902309
60,94.3,0.0,-456.167827789
70,115.2,0.0,-425.336381818
80,102.0,0.0,-358.28150445
90,114.1,0.0,-430.324137453
100,114.8,0.0,-388.414156288
110,103.5,0.0,-450.577256219
120,111.9,0.0,-411.307432696
130,113.6,0.0,-287.432322176
140,120.8,0.0,-302.506432239
150,112.3,0.0,-269.417081561
160,121.8,0.0,-318.6370183
170,138.5,0.0,-171.462404825
180,130.9,0.0,-259.888518369
190,178.9,0.0,-260.790224403
200,117.6,0.0,-300.74981199
210,134.8,0.0,-350.453221341
220,136.6,0.0,-258.775506538
230,125.2,0.0,-299.154630224
240,131.3,0.0,-356.956555386
250,108.1,0.0,-318.625056266
260,129.0,0.0,-283.017670927
270,137.2,0.0,-273.912739714
280,142.1,0.0,-345.284613829
290,146.0,0.0,-329.99411892
300,116.3,0.0,-271.10787313
310,128.0,0.0,-236.871448609
320,121.7,0.0,-300.777080578
330,137.9,0.0,-228.982882503
340,121.4,0.0,-243.315307653
350,127.8,0.0,-245.058075491
360,110.3,0.0,-247.805196373
370,114.0,0.0,-223.184870302
380,125.6,0.0,-245.23809463
390,117.4,0.0,-267.754561096
400,116.8,0.0,-185.268610155
410,121.3,0.0,-255.538740641
420,118.0,0.0,-205.782800541
430,122.2,0.0,-178.011591323
440,103.7,0.0,-214.285694224
450,127.0,0.0,-204.367925571
460,125.0,0.0,-240.963300425
470,114.1,0.0,-216.206134356
480,111.8,0.0,-187.458370473
490,135.8,0.0,-235.610986877
500,127.9,0.0,-292.908558312
510,144.6,0.0,-265.548699721
520,144.1,0.0,-233.983373529
530,130.6,0.0,-293.328567635
540,155.1,0.0,-292.44697431
550,132.3,0.0,-284.958689695
560,152.2,0.0,-344.241320775
570,239.3,0.0,-313.911020395
580,141.7,0.0,-360.008677784
590,130.1,0.0,-285.434021984
600,160.6,0.0,-350.617604362
610,238.9,0.0,-369.650893332
620,173.0,0.0,-418.431690358
630,187.9,0.0,-379.872272557
640,149.4,0.0,-416.120618105
650,167.9,0.0,-353.784692678
660,167.7,0.0,-446.586801403
670,185.4,0.0,-400.633224398
680,168.6,0.0,-375.761106014
690,176.3,0.0,-337.038888367
700,245.7,0.0,-335.015448028
710,175.8,0.0,-360.936088279
720,180.0,0.0,-338.08653557
730,233.9,0.0,-275.869267816
740,166.9,0.0,-239.290802909
750,150.7,0.0,-215.256843099
760,251.0,0.0,-236.06876219
770,228.0,0.0,-216.488085287
780,177.9,0.0,-182.772331498
790,142.0,0.0,-154.983905787
800,230.5,0.0,-274.476653073
810,138.3,0.0,-207.812840689
820,147.0,0.0,-248.986622246
830,235.2,0.0,-183.724487473
840,130.2,0.0,-207.587457973
850,224.6,0.0,-213.653655377
860,229.4,0.0,-241.276500813
870,145.1,0.0,-238.03232906
880,153.0,0.0,-226.997488485
890,268.6,0.0,-211.151793492
900,263.7,0.0,-330.540009364
910,153.4,0.0,-305.543051501
920,305.2,0.0,-210.918000778
930,143.8,0.0,-251.024837736
940,181.1,0.0,-220.94286661
950,163.5,0.0,-256.743983388
960,359.1,0.0,-195.945864299
970,253.7,0.0,-212.17997205
980,245.4,0.0,-185.572726119
990,157.0,0.0,-182.230475955
1000,331.2,0.0,-130.887445219
1010,163.3,0.0,-210.624754239
1020,170.9,0.0,-178.679199723
1030,186.7,0.0,-136.499301674
1040,343.3,0.0,-89.7149657997
1050,292.3,0.0,-98.5549247039
1060,341.1,0.0,-105.26778665
1070,225.6,0.0,-155.399785358
1080,345.4,0.1,-42.2081872098
1090,195.5,0.0,-108.294593745
1100,458.0,0.0,-50.1224136992
1110,484.8,0.0,-59.927395904
1120,484.2,0.0,-91.0912931235
1130,504.8,0.0,-100.059350853
1140,403.8,0.0,-74.3504506693
1150,470.0,0.0,-127.662797355
1160,526.6,0.0,-31.5377203135
1170,383.0,0.0,-53.9124112354
1180,631.4,0.0,-38.2910274865
1190,443.8,0.0,-57.8897823893
1200,672.7,0.0,-42.4556138149
1210,577.6,0.0,-70.7799350062
1220,546.9,0.0,-58.7353161013
1230,549.4,0.0,-104.317833233
1240,664.4,0.0,-60.1003394619
1250,679.1,0.0,-42.2508544345
1260,686.3,0.0,-21.0552462077
1270,510.3,0.0,-68.4808039555
1280,765.1,0.0,-11.0846496741
1290,686.1,0.0,-12.5312905115
1300,624.3,0.0,-16.0587681859
1310,760.5,0.0,-7.15674351672
1320,747.7,0.2,30.4736305562
1330,469.6,0.2,-15.0587034941
1340,380.6,0.0,-17.5171479856
1350,265.6,0.0,-22.947989915
1360,233.9,0.2,4.6629519402
1370,339.4,0.1,-15.7665408114
1380,363.4,0.0,-12.5384986441
1390,454.4,0.0,8.523905458
1400,549.8,0.0,24.6031236616
1410,389.2,0.0,2.7332160398
1420,543.1,0.0,31.1036214203
1430,421.2,0.0,-2.41670753934
1440,477.0,0.0,27.2179090553
1450,703.3,0.0,56.008728513
1460,713.5,0.0,51.4672115889
1470,479.0,0.0,19.7485622572
1480,627.6,0.0,41.6269000534
1490,321.7,0.0,-3.89619091862
1500,568.9,0.0,15.013120447
1510,620.9,0.0,39.216032264
1520,549.9,0.0,21.3034643667
1530,563.6,0.0,19.5009738503
1540,630.1,0.0,32.3301799069
1550,719.3,0.0,20.1100917453
1560,641.4,0.1,50.7662278043
1570,481.2,0.0,-0.670980230312
1580,584.0,0.0,-2.88794306361
1590,667.1,0.0,1.11742104923
1600,874.8,0.0,58.6100170284
1610,880.4,0.0,39.7451942743
1620,630.0,0.0,-3.56578056676
1630,824.8,0.0,27.2773787116
1640,880.6,0.1,67.5343714864
1650,1000.0,0.0,70.003843757
1660,1000.0,0.0,92.1244390031
1670,932.5,0.0,87.0708236989
1680,795.5,0.1,36.3745500912
1690,863.8,0.0,57.7029043381
1700,1000.0,0.0,74.9237001192
1710,975.2,0.1,93.7679037125
1720,873.8,0.0,35.3319166455
1730,1000.0,0.0,68.5680662391
1740,805.3,0.0,17.8073524557
1750,964.1,0.1,85.0715247347
1760,880.0,0.0,49.9934974044
1770,914.6,0.1,76.6332405506
1780,914.6,0.1,67.3096848795
1790,917.2,0.2,112.283728728
1800,721.4,0.7,139.351472066
1810,493.9,1.0,199.750400913
1820,419.1,1.0,216.932335211
1830,392.8,1.0,199.077606665
1840,360.3,0.9,188.919758564
1850,312.8,0.8,166.550376633
1860,303.0,0.8,178.358330222
1870,338.7,0.9,180.748342073
1880,314.9,0.9,188.601669205
1890,288.1,0.8,171.056406221
1900,302.8,0.9,187.233659676
1910,302.4,1.0,218.781077102
1920,295.1,0.8,170.044716579
1930,316.0,0.9,193.764910174
1940,286.4,0.7,142.84134926
1950,268.0,0.5,102.472676099
1960,282.7,0.7,148.8934711
1970,268.9,0.8,165.39271869
1980,303.4,0.7,143.865587728
1990,263.0,0.3,53.7615827981
2000,361.1,0.8,134.940513069
2010,276.8,0.4,57.1852327532
2020,319.2,0.8,148.296982869
2030,314.6,0.4,38.0697164832
2040,353.4,0.6,81.9842992909
2050,386.5,0.6,63.4023701871
2060,393.4,0.7,100.358945135
2070,470.9,1.0,159.055974324
2080,371.1,0.5,52.2036617044
2090,525.2,0.9,136.18480548
2100,446.0,0.6,48.3033562077
2110,390.8,0.8,120.715064723
2120,483.7,0.7,73.361359118
2130,386.8,0.5,51.1526516051
2140,586.3,0.7,55.9413593207
2150,611.5,0.7,56.5135135846
2160,637.4,0.8,80.000438664
2170,688.5,0.5,7.20798229724
2180,939.3,0.7,29.869920485
2190,843.9,0.3,-33.2838764582
2200,898.5,0.2,-26.5188806648
2210,925.9,0.1,-42.1439082492
2220,1000.0,0.0,-64.2705670631
2230,1000.0,0.0,-73.8842342522
2240,1000.0,0.0,-68.2990130454
2250,1000.0,0.0,-57.4088903965
2260,980.9,0.2,-20.5215040008
2270,887.7,0.8,86.7738925555
2280,646.9,1.0,158.061647219
2290,523.8,1.0,174.400828101
2300,502.3,1.0,164.753149225
2310,570.5,0.9,152.462723065
2320,452.8,1.0,179.774221136
2330,476.9,0.8,139.684194664
2340,420.9,0.8,140.509729773
2350,375.3,0.8,151.966377026
2360,438.3,0.6,96.1021415981
2370,419.5,0.6,94.5095320382
2380,443.8,0.7,118.33887964
2390,468.4,0.7,98.1291544214
2400,331.3,0.6,76.6043668838
2410,438.2,0.8,153.231323532
2420,418.7,0.8,130.62759017
2430,301.2,0.5,70.8212304997
2440,328.3,0.8,142.791740608
2450,338.4,0.6,66.5866429707
2460,423.8,0.6,80.9746504728
2470,317.1,0.7,130.132567545
2480,440.0,0.4,43.3880217616
2490,395.6,0.9,154.894984201
2500,464.7,0.5,94.4226037363
2510,493.3,0.9,143.254986307
2520,370.9,0.6,104.70080884
2530,365.3,0.9,168.15244395
2540,403.5,0.7,115.382899811
2550,402.4,0.6,78.0514238873
2560,378.5,0.7,91.8426063913
2570,438.9,0.8,109.59141304
2580,394.6,0.6,89.3086860401
2590,459.5,0.6,60.2846837301
2600,410.3,0.8,130.416222208
2610,437.4,0.8,122.750714072
2620,454.8,0.5,61.5314123971
2630,458.3,0.8,122.722062143
2640,498.6,0.8,140.878996484
2650,587.1,0.9,136.524168311
2660,496.9,1.0,171.064339326
2670,493.9,1.0,181.028113517
2680,405.7,1.0,200.343359202
2690,456.7,0.7,135.954066779
2700,461.6,0.9,172.559845095
2710,484.4,0.8,144.809384603
2720,401.0,0.7,144.077811235
2730,410.1,0.7,101.736699098
2740,465.3,0.7,130.26646698
2750,327.1,0.8,160.700464927
2760,416.7,0.9,184.733687205
2770,323.8,1.0,203.220466214
2780,308.1,0.8,155.255582754
2790,297.1,0.7,149.742853089
2800,401.1,0.8,162.409343513
2810,401.4,0.9,193.938437465
2820,288.8,0.8,167.260755271
2830,385.1,0.9,206.798831031
2840,425.8,0.6,137.076328099
2850,285.7,0.5,102.552509552
2860,299.2,0.7,138.380525197
2870,363.2,0.8,182.856818002
2880,243.4,0.6,109.3367824
2890,457.9,0.7,161.94401259
2900,266.1,0.6,121.759118625
2910,256.9,0.5,84.3255821268
2920,291.9,0.6,118.459208862
2930,390.2,0.3,59.715230664
2940,240.8,0.4,59.290209251
2950,334.3,0.4,64.7011902325
2960,234.0,0.5,76.2620240195
2970,388.1,0.3,53.3926332098
2980,369.0,0.4,71.3375518301
2990,295.7,0.4,50.3454402587
3000,266.5,0.5,90.2905455783
3010,312.8,0.7,139.125871192
3020,266.0,0.7,121.145695944
3030,322.2,0.5,98.6384260114
3040,342.1,0.7,113.258869362
3050,304.8,0.9,182.792337241
3060,494.4,0.5,122.957419695
3070,305.9,0.7,103.690828553
3080,529.1,0.5,115.987264034
3090,453.5,0.8,169.06562687
3100,370.8,0.7,118.470933403
3110,367.5,0.5,69.0949504899
3120,453.8,0.5,80.3941633515
3130,438.6,0.6,129.565308502
3140,303.2,0.8,148.517639358
3150,321.0,0.8,143.080477611
3160,327.1,0.7,118.08521266
3170,297.6,0.6,93.3836529389
3180,487.1,0.7,138.419605301
3190,460.0,0.7,138.750630975
3200,381.0,0.7,119.743062277
3210,425.1,0.8,156.381581403
3220,327.1,0.7,112.021338197
3230,517.0,0.5,116.426024493
3240,495.3,0.4,72.9291117916
3250,494.1,0.2,28.6040349131
3260,425.2,0.9,191.430233046
3270,391.6,0.6,93.3782748371
3280,454.0,0.6,89.9399341139
3290,397.3,0.6,106.805092338
3300,461.1,0.6,117.117943558
3310,474.2,0.4,44.396385804
3320,382.6,0.8,152.314356437
3330,424.1,0.4,57.2994953012
3340,332.4,0.9,167.820525517
3350,362.6,0.9,147.207390379
3360,237.6,0.3,-4.85367961067
3370,256.1,0.6,101.27711977
3380,389.8,0.6,88.9055743071
3390,578.3,0.4,62.9528618494
3400,422.4,0.4,57.4285576302
3410,510.7,0.4,75.6558420603
3420,326.5,0.5,76.7545878524
3430,407.0,0.8,147.011931965
3440,415.5,0.6,98.0452744667
3450,339.5,0.7,122.502476685
3460,466.6,0.7,138.663395431
3470,468.3,0.3,36.0783524866
3480,307.7,0.7,115.771399177
3490,522.2,0.6,135.441971068
3500,411.4,0.5,82.3173715396
3510,516.8,0.5,105.065132882
3520,417.6,0.5,112.216348485
3530,532.2,0.7,159.716378503
3540,461.3,0.7,148.731650478
3550,714.9,0.4,101.25936417
3560,414.5,0.6,129.085095746
3570,414.5,0.9,176.11139624
3580,339.1,0.9,192.833651455
3590,347.9,0.9,182.493347782
3600,333.9,1.0,211.169292484
3610,355.3,0.8,144.425731577
3620,471.5,0.8,174.40682561
3630,360.4,1.0,214.64450396
3640,529.3,0.7,157.700777468
3650,474.1,0.8,192.906016017
3660,283.4,0.8,167.53398674
3670,439.0,0.7,149.284055844
3680,354.8,0.8,182.934424309
3690,356.2,0.7,148.717576382
3700,354.9,0.8,179.897207653
3710,238.7,0.6,112.020659378
3720,396.9,0.5,115.410761999
3730,310.0,0.9,185.497340559
3740,412.3,0.6,146.0226963
3750,273.4,0.8,151.998231106
3760,423.3,0.7,157.210423917
3770,439.2,0.3,87.7714855885
3780,491.0,0.6,150.636788211
3790,322.7,0.7,147.115214165
3800,239.2,0.6,122.606621467
3810,434.2,0.6,142.553351017
3820,369.6,0.9,200.947855198
3830,387.6,0.7,172.774489664
3840,344.0,0.7,154.803109803
3850,465.7,0.6,147.887394721
3860,248.1,0.9,196.571125395
3870,301.7,0.5,101.088786936
3880,228.9,0.7,153.579952545
3890,331.2,0.6,113.076904921
3900,431.2,0.6,129.694185151
3910,521.3,0.4,109.692672567
3920,349.7,0.2,45.79840062
3930,345.8,0.3,53.1756936477
3940,267.1,0.6,100.766659622
3950,376.6,0.6,117.344844312
3960,317.2,0.5,81.4797211579
3970,288.8,0.5,91.9709840767
3980,340.2,0.2,18.7052996138
3990,222.8,0.8,171.735122994
4000,303.0,0.8,133.55290165
4010,322.6,0.7,153.036877384
4020,213.2,0.4,65.4512149812
4030,362.2,0.7,120.413081933
4040,221.1,0.6,108.266527482
4050,248.3,0.7,120.840180688
4060,219.9,0.6,106.537496339
4070,293.4,0.4,68.2738495041
4080,219.8,0.7,138.037444094
4090,530.5,0.6,141.603102504
4100,349.4,0.9,173.875226222
4110,488.9,0.7,158.805757445
4120,497.8,0.6,145.973193788
4130,235.6,0.7,157.753165643
4140,323.9,0.7,140.289245403
4150,348.9,0.8,155.119093149
4160,231.6,0.6,103.640958415
4170,435.2,0.7,136.00178561
4180,445.7,0.8,155.242332155
4190,314.3,0.8,141.629999459
4200,333.2,0.6,108.417093921
4210,448.9,0.8,174.936071338
4220,441.8,0.6,133.977678073
4230,426.1,0.7,158.587905304
4240,315.0,1.0,224.609431473
4250,405.2,0.9,196.017184162
4260,279.1,0.8,166.148566723
4270,352.8,0.9,171.098812013
4280,384.6,0.8,173.625344519
4290,443.5,0.9,186.495801392
4300,381.6,0.8,174.984694081
4310,425.9,0.9,195.665286013
4320,357.5,1.0,200.449364822
4330,303.3,0.9,193.937495763
4340,485.3,0.7,162.737138579
4350,285.3,0.8,151.564577752
4360,588.5,0.8,160.267348466
4370,242.5,0.6,118.911032137
4380,352.1,0.7,133.726745284
4390,302.1,0.4,55.0476558236
4400,482.7,0.4,50.2318226176
4410,310.9,0.5,75.9025602987
4420,315.1,0.3,24.0353085291
4430,281.8,0.5,59.752111471
4440,299.5,0.5,57.7458471653
4450,287.4,0.3,21.5092617844
4460,159.4,0.0,-89.8264779128
4470,216.9,0.4,33.4388140375
4480,229.1,0.3,7.08578114981
4490,238.6,0.7,108.083334382
4500,227.8,0.4,22.8233990648
4510,223.5,0.8,109.406920038
4520,188.9,0.2,-33.1808588385
4530,210.0,0.4,27.1561286243
4540,271.4,0.3,9.02934547225
4550,144.6,0.0,-80.0516646497
4560,284.1,0.6,68.0635562519
4570,177.7,0.3,-2.35641782661
4580,144.4,0.1,-49.197864586
4590,263.0,0.4,37.9298973904
4600,167.1,0.3,4.52380374542
4610,185.8,0.3,-3.24209584854
4620,218.9,0.5,29.4365024396
4630,266.7,0.3,-4.48117503089
4640,229.4,0.4,0.999485072541
4650,187.0,0.3,8.44801367836
4660,356.7,0.4,45.3949963465
4670,320.3,0.6,60.1448022072
4680,233.4,0.5,34.0104357559
4690,208.5,0.3,1.34904362341
4700,304.9,0.4,22.6256108602
4710,308.2,0.6,72.1220557384
4720,156.8,0.2,-32.7391201341
4730,263.7,0.5,38.9541357408
4740,188.5,0.4,13.6513420618
4750,201.7,0.3,-17.863968303
4760,316.8,0.5,48.541831483
4770,288.1,0.3,6.05887997969
4780,392.1,0.3,21.8564206244
4790,286.7,0.2,-11.8774787961
4800,346.9,0.5,45.0399398386
4810,313.6,0.6,97.4889436353
4820,476.4,0.4,61.2386049986
4830,283.6,0.6,62.0056086732
4840,294.8,0.4,28.274485103
4850,360.9,0.3,22.9063828002
4860,322.3,0.7,115.361874012
4870,291.0,0.7,87.2749110442
4880,405.4,0.6,78.6437477783
4890,231.0,0.3,6.90433504751
4900,413.6,0.5,76.1872806928
4910,351.6,0.2,13.1258339406
4920,444.4,0.6,80.5580149645
4930,454.8,0.6,76.3009564341
4940,251.8,0.6,71.6083069753
4950,297.8,0.7,93.2455558818
4960,224.5,0.6,68.3148400665
4970,250.9,0.2,-16.9126411808
4980,235.6,0.7,89.2302166571
4990,261.6,0.4,4.29292808796
5000,416.6,0.5,69.6327953182
5010,225.1,0.4,-0.6795736217
5020,314.0,0.3,-9.51023835645
5030,223.4,0.5,33.8703866257
5040,200.2,0.2,-45.0159607933
5050,225.8,0.5,35.0961766196
5060,305.2,0.5,46.9869319588
5070,303.2,0.4,6.65073883877
5080,213.5,0.5,54.5087324059
5090,567.6,0.5,93.7714215089
5100,183.7,0.2,-13.5131728792
5110,200.4,0.5,39.2069397839
5120,202.3,0.3,19.8449400109
5130,324.3,0.5,68.0993925319
5140,273.2,0.4,49.2997164836
5150,253.3,0.3,-7.20170369239
5160,213.7,0.5,31.9962092795
5170,197.1,0.3,-19.7640516648
5180,228.5,0.5,49.3767535656
5190,268.9,0.5,48.6202784833
5200,262.3,0.3,3.40044029967
5210,239.3,0.6,69.9912142033
5220,247.5,0.2,-10.2408378485
5230,209.3,0.4,33.9218400893
5240,300.6,0.5,57.7006357974
5250,432.1,0.5,92.5900038046
5260,227.3,0.6,43.8741279226
5270,252.3,0.3,12.3052838598
5280,231.8,0.6,83.0122264556
5290,255.3,0.2,10.5943433544
5300,261.4,0.5,68.9014369648
5310,257.9,0.4,29.8475695705
5320,224.2,0.4,32.1634385345
5330,202.5,0.6,92.0198118686
5340,302.3,0.6,48.5059266071
5350,223.5,0.7,89.6883967326
5360,205.0,0.3,12.9252279486
5370,180.4,0.4,27.6380396479
5380,253.5,0.4,33.5057011171
5390,223.5,0.5,33.0126557106
5400,199.7,0.5,67.5212333692
5410,294.0,0.2,-9.4739973423
5420,180.5,0.3,0.699337749079
5430,328.0,0.7,110.518868368
5440,156.0,0.3,37.2181066229
5450,278.9,0.4,50.8050998811
5460,152.9,0.2,-28.1594666804
5470,292.2,0.3,4.08340189883
5480,216.9,0.5,33.350946525
5490,198.2,0.5,76.8519254755
5500,182.2,0.3,29.7212325549
5510,244.5,0.5,47.714760943
5520,250.5,0.4,1.9523541951
5530,216.0,0.4,49.227949716
5540,240.9,0.7,113.681655722
5550,395.0,0.6,58.5790590802
5560,203.9,0.4,35.1121132366
5570,257.1,0.7,94.5241938494
5580,233.5,0.6,81.7397263208
5590,199.1,0.4,46.8041418833
5600,257.1,0.6,56.6247906789
5610,236.9,0.5,32.0498386563
5620,214.6,0.5,71.9453873024
5630,245.8,0.6,83.8900676115
5640,211.9,0.3,3.17154380057
5650,244.1,0.7,94.4112729523
5660,285.1,0.4,7.80489275593
5670,367.7,0.7,101.949932814
5680,292.5,0.8,119.525908164
5690,255.8,0.8,136.517863397
5700,437.9,0.6,75.3761546994
5710,310.8,0.7,54.0587010059
5720,203.0,0.5,70.9544729381
5730,266.0,0.7,120.376810845
5740,358.8,0.8,132.810924834
5750,199.3,0.4,40.693797583
5760,197.9,0.2,-17.8055188636
5770,318.3,0.7,117.137012604
5780,279.8,0.8,126.876505863
5790,241.8,0.6,111.989113758
5800,290.1,0.7,119.637381325
5810,415.3,0.6,97.4614125868
5820,275.7,0.2,8.14998955395
5830,385.5,0.5,87.5974431931
5840,293.7,0.9,170.148214759
5850,357.4,0.8,157.807091502
5860,409.5,0.9,174.517470172
5870,386.1,0.8,146.939690235
5880,346.8,0.8,174.321764327
5890,459.3,0.7,130.49240765
5900,580.6,0.6,139.714564441
5910,341.1,0.6,98.7117332793
5920,429.1,0.7,143.999173526
5930,487.1,0.5,93.8647233311
5940,267.7,0.8,164.712661881
5950,445.6,0.7,155.481338416
5960,374.7,0.9,193.693204578
5970,324.7,0.6,111.294373409
5980,259.9,0.7,119.210416841
5990,298.3,1.0,199.013235986
6000,283.5,0.4,40.2544196931
6010,472.3,0.8,184.726547552
6020,400.2,0.7,143.032999257
6030,302.3,0.9,175.368976193
6040,283.3,0.7,122.875211977
6050,401.1,0.6,139.376659286
6060,521.2,0.5,127.837752365
6070,350.0,0.7,127.276692947
6080,326.8,0.6,106.094186808
6090,334.6,0.8,165.252532065
6100,408.9,0.5,90.4013820585
6110,444.1,0.7,151.355567914
6120,320.2,0.6,124.93575787
6130,349.6,0.8,152.685194395
6140,329.4,0.6,123.722933267
6150,293.1,1.0,200.028455137
6160,430.1,0.5,96.9593574248
6170,378.3,0.7,140.218256981
6180,361.1,0.9,192.803535919
6190,380.8,0.9,198.011117412
6200,389.6,0.8,153.484705817
6210,419.6,0.8,199.67005119
6220,288.1,0.9,197.043805629
6230,395.8,0.8,169.642463719
6240,340.7,1.0,200.418164976
6250,300.1,0.9,188.11884435
6260,384.9,0.7,134.360668784
6270,492.3,0.7,141.635483821
6280,474.4,0.7,143.305258826
6290,317.6,0.6,79.2979585538
6300,378.5,1.0,185.425059017
6310,380.2,0.9,162.727543602
6320,363.0,1.0,195.257008335
6330,361.2,0.9,175.117785056
6340,470.3,0.9,180.818443015
6350,466.3,0.9,170.100114644
6360,367.0,1.0,200.032252763
6370,423.6,1.0,194.028357715
6380,501.6,1.0,187.711773593
6390,448.3,1.0,195.304539601
6400,458.0,1.0,197.512310823
6410,512.5,1.0,175.427693106
6420,514.1,1.0,174.281851872
6430,479.3,1.0,191.991664436
6440,511.3,1.0,174.917688512
6450,484.6,1.0,190.484266535
6460,587.8,0.9,148.152856315
6470,513.0,1.0,171.863425717
6480,551.1,0.9,146.477041578
6490,487.4,1.0,170.844680881
6500,749.0,0.5,91.596766296
6510,518.5,0.9,170.301919772
6520,407.1,1.0,192.641065683
6530,420.4,1.0,196.682616823
6540,434.8,1.0,199.916424831
6550,407.3,1.0,190.537273825
6560,532.6,0.5,95.0032327616
6570,496.0,0.8,171.120976363
6580,438.1,0.6,134.804109328
6590,415.4,0.9,182.75880371
6600,472.3,0.7,145.703677518
6610,399.7,0.8,165.137842019
6620,447.9,0.8,171.909613515
6630,470.0,0.8,180.422064747
6640,319.7,1.0,208.63586088
6650,341.1,0.9,173.413057835
6660,498.6,0.6,151.440712731
6670,440.4,0.8,167.108597226
6680,338.1,0.7,153.793537404
6690,266.8,0.7,122.259219872
6700,328.0,1.0,203.041742454
6710,270.7,0.8,164.303603343
6720,338.4,0.8,168.054903594
6730,323.3,0.5,87.0009066086
6740,293.8,0.7,127.992788829
6750,326.7,0.7,156.34404648
6760,284.0,0.9,186.191188147
6770,272.6,0.9,190.853616124
6780,339.5,0.8,156.799089404
6790,310.2,0.4,77.3398904128
6800,413.1,0.6,128.490890141
6810,350.4,0.6,102.504840325
6820,278.9,0.8,166.470263462
6830,267.8,0.8,161.804387708
6840,334.6,0.7,126.00765284
6850,279.4,0.8,170.301561576
6860,421.7,0.8,153.183521517
6870,255.9,0.7,148.665768712
6880,266.6,0.5,90.4271918002
6890,242.6,0.6,101.99348152
6900,400.6,0.9,174.215363995
6910,304.3,0.8,143.80465141
6920,356.9,0.8,168.663218538
6930,263.4,0.8,154.038054934
6940,338.7,1.0,195.69013998
6950,284.0,0.7,107.854656571
6960,384.2,0.7,120.415836959
6970,410.5,0.8,136.188200415
6980,334.6,0.8,141.057823459
6990,382.4,0.9,197.281273173
7000,322.6,0.8,157.909040351
7010,400.8,0.8,174.337342163
7020,377.6,0.8,166.684931506
7030,393.5,0.8,169.061107212
7040,576.9,0.7,153.3847833
7050,350.8,0.7,150.03125129
7060,338.8,0.6,134.611583977
7070,430.2,0.7,157.771352863
7080,314.7,1.0,211.985461998
7090,323.6,0.8,162.237377237
7100,339.2,0.6,117.843777708
7110,295.3,0.8,164.728330783
7120,349.0,0.9,200.681897885
7130,285.5,1.0,202.784427937
7140,287.9,1.0,214.973547263
7150,279.0,0.8,162.184911721
7160,350.2,0.8,171.17953712
7170,260.7,0.9,188.891901349
7180,407.5,0.7,164.362509119
7190,290.6,0.6,114.075227484
7200,262.2,0.8,168.549158372
7210,296.6,1.0,216.686803927
7220,340.0,0.8,177.07427223
7230,386.5,0.9,196.793125741
7240,285.8,0.8,165.04313153
7250,275.3,0.9,197.162725594
7260,400.4,0.6,114.89964149
7270,276.1,0.8,175.810293313
7280,271.0,0.9,198.009003668
7290,318.8,1.0,204.587212157
7300,347.3,0.7,156.213428015
7310,372.1,0.9,196.476559382
7320,293.8,0.9,193.825605917
7330,292.2,0.9,197.892382937
7340,253.4,0.7,151.055209757
7350,322.3,0.9,172.458674475
7360,377.2,0.9,191.669142419
7370,294.2,0.8,156.11886374
7380,371.1,0.7,148.101393639
7390,393.0,0.9,194.605901334
7400,379.2,0.8,156.136865176
7410,302.5,0.9,189.220888055
7420,399.8,0.9,191.106620845
7430,391.9,0.9,187.854657974
7440,378.9,0.8,155.71513453
7450,467.3,0.7,144.049882118
7460,515.6,0.8,168.820713843
7470,340.4,0.6,126.202724883
7480,392.1,0.9,186.655041301
7490,401.8,0.7,137.254752442
7500,371.9,0.7,134.551889084
7510,397.3,0.6,106.086010852
7520,442.6,0.8,180.960950833
7530,308.7,0.8,152.664385976
7540,459.4,0.7,129.108750139
7550,391.0,0.8,147.715844209
7560,282.3,0.7,127.437348882
7570,331.1,1.0,188.671534298
7580,339.7,0.5,90.4413999204
7590,363.1,0.5,84.6551709087
7600,285.8,0.7,115.825519089
7610,319.9,0.6,93.089407144
7620,311.8,0.9,171.351689158
7630,257.4,0.5,79.841385666
7640,252.2,0.7,132.177955965
7650,328.6,0.8,165.820089393
7660,280.6,0.7,123.46654552
7670,361.9,0.7,121.963985426
7680,373.9,0.8,146.299306677
7690,252.9,0.9,195.791475191
7700,376.1,0.5,117.149632084
7710,263.8,0.8,164.625916068
7720,286.1,0.4,69.4561910764
7730,446.2,0.7,145.382094885
7740,274.5,0.7,129.571628213
7750,340.6,0.7,142.047023568
7760,231.8,0.7,131.532510936
7770,281.7,0.6,98.134875987
7780,215.8,0.4,77.2386985526
7790,236.6,0.7,135.373027132
7800,319.5,0.7,132.823867433
7810,264.2,0.8,161.264540669
7820,223.9,0.6,110.188972571
7830,278.7,0.7,127.147448036
7840,239.0,0.6,95.833094003
7850,230.8,0.4,33.7961428499
7860,292.5,0.6,102.587461816
7870,283.5,0.7,106.630485416
7880,377.4,0.4,70.134430851
7890,218.3,0.6,93.6004125837
7900,225.6,0.6,96.6342020463
7910,241.1,0.8,150.624520486
7920,265.9,0.8,152.798462968
7930,300.8,0.5,92.263405692
7940,210.5,0.4,66.7535744369
7950,321.3,0.7,133.076802083
7960,212.2,0.4,64.9461493638
7970,289.5,0.8,146.452877835
7980,385.4,0.3,45.9198207828
7990,241.9,0.7,132.719613215
8000,261.7,0.6,83.2317440057
8010,258.4,0.9,197.270198261
8020,395.3,0.7,154.459137168
8030,271.0,1.0,215.55774949
8040,290.1,0.9,163.746353546
8050,342.1,0.9,194.771978134
8060,223.6,0.7,150.23375924
8070,303.8,0.6,115.935100044
8080,341.5,0.9,196.839512555
8090,322.6,0.8,162.45822582
8100,259.7,0.8,169.219318339
8110,394.6,0.6,145.555573059
8120,253.5,0.7,142.185833664
8130,402.7,0.8,187.992197738
8140,279.5,0.9,184.84193118
8150,453.5,0.7,145.567110631
8160,262.2,0.9,185.091275255
8170,393.4,0.8,181.726927638
8180,242.7,0.9,191.611472191
8190,299.5,0.5,110.241169693
8200,230.3,0.7,135.260501545
8210,386.7,0.8,175.993364708
8220,312.3,0.8,175.120477448
8230,232.2,0.7,140.51884974
8240,221.9,0.6,120.369496702
8250,215.4,0.7,136.443957523
8260,307.3,0.8,183.230745464
8270,304.8,0.7,152.694196552
8280,229.1,0.8,159.31863233
8290,307.7,0.8,178.486793199
8300,279.2,0.7,138.64724616
8310,303.7,0.7,148.307084774
8320,249.0,0.8,160.716385448
8330,371.2,0.5,113.64660221
8340,310.0,0.7,160.453259072
8350,326.6,0.7,141.266237249
8360,394.3,0.9,197.171975269
8370,234.3,0.8,160.653883842
8380,306.7,0.8,171.075980421
8390,325.9,0.8,187.49282135
8400,243.0,0.8,161.593203468
8410,315.2,0.7,147.468788353
8420,316.0,0.8,171.475222542
8430,384.2,0.9,188.807216175
8440,484.9,0.7,169.03019817
8450,245.4,0.6,121.790027477
8460,241.3,0.7,138.989480603
8470,274.5,0.9,174.98062971
8480,303.6,0.6,132.079045635
8490,322.9,0.7,154.429569357
8500,387.6,0.3,57.8495099361
8510,397.0,0.6,144.583522901
8520,239.1,0.7,141.923780536
8530,337.4,0.8,176.044237308
8540,223.7,0.8,162.643721927
8550,291.3,0.5,96.7632818964
8560,238.0,0.8,164.217375199
8570,302.3,0.5,97.2230594536
8580,242.8,0.8,153.588336289
8590,232.1,0.8,152.034349029
8600,414.8,0.7,153.91641798
8610,257.8,0.8,151.423686115
8620,302.0,0.4,64.6801115937
8630,287.5,0.5,86.204399925
8640,332.5,0.7,150.041589648
8650,263.3,1.0,206.09037577
8660,337.6,0.7,146.252336844
8670,328.3,0.6,126.392447202
8680,227.5,0.4,58.7462330764
8690,314.3,0.7,154.713787061
8700,403.8,0.7,169.114633253
8710,224.6,0.4,51.7435800487
8720,238.0,0.7,141.574506133
8730,298.1,0.5,99.3557786464
8740,260.0,0.8,157.502332936
8750,317.4,0.7,151.180381907
8760,313.3,0.5,102.07378842
8770,363.9,0.8,182.286251303
8780,247.3,0.6,120.240982387
8790,279.7,0.7,136.503853716
8800,349.0,0.8,169.572084227
8810,224.5,0.5,77.7447805713
8820,406.0,0.6,136.960056886
8830,252.9,0.9,176.656376023
8840,251.5,0.8,166.201938364
8850,346.3,0.8,174.837821325
8860,271.8,0.8,158.383122945
8870,272.1,0.8,158.230731765
8880,344.6,0.8,169.06139417
8890,263.7,0.8,169.373766852
8900,353.2,0.9,205.081423714
8910,255.4,0.6,113.927101212
8920,279.8,0.9,183.131434372
8930,271.7,0.7,130.22747021
8940,278.1,0.8,163.80948392
8950,296.9,1.0,216.724060922
8960,287.0,0.9,190.492404108
8970,282.5,0.8,152.284801668
8980,340.6,0.8,161.640400335
8990,270.9,0.7,132.251455209
9000,274.6,0.8,168.754153392
9010,381.0,0.9,188.770361056
9020,321.0,0.8,160.871242524
9030,287.2,0.7,136.815947862
9040,375.6,0.8,169.653437371
9050,283.1,0.9,187.866648861
9060,440.8,0.7,150.521380388
9070,291.8,0.9,187.115639711
9080,276.7,0.7,130.322488879
9090,267.9,0.6,111.393164847
9100,286.3,0.8,155.147228357
9110,268.9,0.6,103.032794389
9120,308.3,0.8,157.467835618
9130,392.0,1.0,205.852447536
9140,356.7,0.7,145.009729611
9150,313.3,0.8,154.808545802
9160,356.3,0.7,138.022492897
9170,353.9,0.5,79.2240169968
9180,288.4,0.8,148.118735542
9190,315.8,0.9,168.537159465
9200,291.5,0.9,180.211957434
9210,294.8,0.8,143.74309569
9220,353.2,0.6,125.839266459
9230,352.2,0.8,154.835982255
9240,362.7,0.9,183.911802798
9250,305.1,0.8,160.462940154
9260,494.4,0.8,182.945015273
9270,280.9,0.8,156.950206
9280,282.6,0.5,82.5242225153
9290,353.7,0.7,143.532853197
9300,279.2,0.9,177.752752603
9310,357.5,0.8,178.743137151
9320,268.9,0.8,157.557881381
9330,350.6,0.9,194.844354025
9340,323.1,0.4,76.4015777823
9350,411.7,0.9,190.621341067
9360,272.9,0.5,80.37510746
9370,352.2,0.8,161.459749356
9380,514.8,0.4,103.951921667
9390,260.3,0.8,164.68560913
9400,235.0,0.7,141.471795244
9410,300.2,0.9,186.852679397
9420,373.3,0.8,168.316478615
9430,277.6,0.8,148.817490605
9440,263.5,0.8,157.722080564
9450,363.5,0.8,164.070428611
9460,302.2,0.9,170.348694008
9470,319.7,0.6,108.77304517
9480,485.7,0.7,166.382915258
9490,294.9,1.0,196.635676296
9500,246.8,0.7,133.025303928
9510,259.8,1.0,205.251150914
9520,325.9,0.6,112.396531574
9530,261.1,0.7,133.483566086
9540,259.0,0.8,155.785847455
9550,246.9,0.6,100.370261992
9560,401.7,0.7,147.789127807
9570,320.1,0.7,123.103962136
9580,261.3,0.6,112.798250504
9590,337.1,0.6,120.281746294
9600,280.0,0.9,178.711230644
9610,253.1,0.9,178.381346278
9620,240.4,0.5,81.6377706993
9630,366.8,0.7,143.377204721
9640,265.7,0.8,156.289874338
9650,325.3,0.6,116.639774361
9660,273.7,0.7,129.525921906
9670,262.1,0.6,107.323575307
9680,410.1,0.6,131.720300399
9690,305.9,1.0,194.635748663
9700,481.6,0.5,125.937820027
9710,377.0,0.8,168.517218359
9720,260.8,0.7,133.158698652
9730,345.4,0.6,118.129552396
9740,303.0,0.7,121.222407803
9750,245.7,0.7,139.64111816
9760,360.0,0.8,157.931858065
9770,269.1,0.7,136.042649022
9780,346.2,0.7,139.67845514
9790,248.9,0.6,121.980747206
9800,295.1,0.8,152.004781298
9810,326.4,0.6,117.14578739
9820,413.8,0.7,136.358711401
9830,370.9,0.7,148.443137197
9840,315.6,0.9,182.453887238
9850,455.4,0.8,178.228165794
9860,355.1,0.9,198.85530427
9870,266.8,0.7,129.703895201
9880,325.4,1.0,201.630856799
9890,276.8,0.7,119.659999189
9900,486.9,0.7,170.437352284
9910,244.7,0.7,125.256402036
9920,380.2,0.7,142.412127744
9930,255.8,0.8,153.912368241
9940,274.4,1.0,204.838575307
9950,323.1,0.6,115.013824627
9960,310.7,0.5,81.1998074298
9970,270.5,0.7,126.843684771
9980,266.1,0.6,93.3269684205
9990,274.8,0.7,136.438948461
10000,248.7,0.7,130.769540979
10010,256.9,0.8,151.095241224
10020,418.6,0.8,193.186828917
10030,266.5,0.7,118.114720769
10040,282.7,0.7,125.296907832
10050,246.2,0.7,122.176709833
10060,314.6,0.5,90.4606684463
10070,271.2,0.7,133.12157774
10080,325.8,0.6,110.227288164
10090,394.1,0.5,107.890554219
10100,261.6,0.8,161.753153809
10110,214.7,0.4,36.1674636686
10120,219.1,0.7,125.274077173
10130,332.3,0.8,170.850987417
10140,316.8,0.7,144.814711915
10150,400.5,0.6,138.525669507
10160,318.3,0.6,116.003309735
10170,253.4,0.9,179.385708403
10180,385.9,0.4,80.0332209884
10190,401.7,0.7,166.101219896
10200,237.5,0.7,132.025140571
10210,345.8,0.8,169.739315313
10220,319.0,0.6,128.756575803
10230,247.5,0.8,153.442048313
10240,308.1,0.6,128.30723657
10250,252.8,0.7,137.344312229
10260,235.1,0.8,149.229832378
10270,253.7,0.7,132.609886597
10280,311.8,0.9,181.295490331
10290,252.9,0.6,99.8927360018
10300,322.2,0.6,117.390684902
10310,317.7,0.6,116.080690063
10320,316.0,0.7,126.962958684
10330,321.6,0.5,92.1627138997
10340,236.2,0.6,107.886180998
10350,271.6,0.9,186.458052066
10360,390.2,0.8,167.379286988
10370,355.2,0.9,189.194619297
10380,254.0,0.9,182.185967351
10390,260.7,0.9,185.547056676
10400,240.2,0.7,157.492549336
10410,361.9,0.7,138.880436372
10420,439.6,0.7,158.411888645
10430,248.2,0.5,81.7421532419
10440,333.2,0.8,176.0681309
10450,261.2,0.9,185.735890347
10460,244.7,0.8,163.126269571
10470,266.4,1.0,201.741399271
10480,334.9,0.7,143.791737067
10490,387.6,0.6,124.482543241
10500,401.8,0.6,146.722880741
10510,241.2,0.6,106.574070617
10520,267.3,0.8,157.827230111
10530,247.8,0.9,175.644573499
10540,268.9,0.7,133.958953266
10550,274.5,0.6,118.281603713
10560,312.7,0.8,169.353072733
10570,239.2,0.7,140.611036587
10580,336.1,0.9,188.968200021
10590,246.2,0.6,101.036942155
10600,377.7,0.5,111.964826091
10610,223.8,0.7,142.794333279
10620,290.4,0.5,101.614941376
10630,208.3,0.6,100.131610311
10640,360.2,0.8,163.865160591
10650,250.8,0.8,159.81523697
10660,325.2,0.8,163.563407302
10670,302.2,0.8,177.21330618
10680,337.2,0.7,146.753000873
10690,217.9,0.6,112.809057082
10700,225.8,0.6,115.021330807
10710,398.4,0.5,88.2865935679
10720,175.1,0.4,57.4910227333
10730,413.5,0.6,135.068707044
10740,201.0,0.6,97.9616216512
10750,306.0,0.5,107.877170664
10760,376.5,0.3,61.0251787217
10770,231.4,0.8,159.094086391
10780,412.8,0.7,150.824470882
10790,308.8,0.6,114.332597561
10800,328.4,0.8,164.160776106
10810,241.3,0.9,177.534048181
10820,223.9,0.9,182.315413035
10830,302.7,0.7,150.746388962
10840,391.0,0.6,140.649789501
10850,387.8,0.6,130.179598974
10860,263.2,1.0,202.848896043
10870,239.9,0.6,107.621536775
10880,234.6,0.5,81.0694394334
10890,223.8,0.6,98.1951925241
10900,222.8,0.7,127.926728024
10910,236.7,0.6,103.849174503
10920,381.1,0.7,154.856519118
10930,267.0,0.8,152.964883669
10940,204.1,0.6,92.5816217671
10950,211.4,0.4,68.4792104658
10960,237.4,0.8,149.572023892
10970,365.8,0.6,127.04784146
10980,317.0,0.6,109.743496114
10990,380.1,0.7,160.845040761
11000,209.0,0.7,136.363247611
11010,529.1,0.4,105.734079487
11020,211.8,0.5,80.3114396051
11030,324.8,0.8,167.205541501
11040,309.0,0.5,83.0155294808
11050,409.3,0.7,145.409922921
11060,249.7,0.8,161.333159826
11070,258.5,0.7,108.011825063
11080,230.0,0.8,162.281805589
11090,217.4,0.6,92.4258996428
11100,249.5,0.8,142.524188055
11110,304.7,0.9,195.112030033
11120,198.9,0.5,81.2003533049
11130,208.3,0.6,110.770122391
11140,319.2,0.7,133.734997841
11150,305.1,0.6,109.541054474
11160,301.8,0.5,97.1283321563
11170,196.1,0.3,35.5547526624
11180,320.4,0.6,114.7247273
11190,224.1,0.8,155.245616701
11200,269.0,0.7,130.260230417
11210,230.3,0.8,150.054939833
11220,230.0,0.9,191.435397021
11230,231.2,0.6,92.5420116217
11240,195.1,0.4,69.115946898
11250,218.4,0.7,136.931585883
11260,232.6,0.9,172.153802691
11270,275.5,0.4,58.2870819949
11280,316.2,0.6,115.719962596
11290,275.3,0.3,50.4663646172
11300,258.0,0.6,109.238174997
11310,290.7,0.6,110.447705342
11320,227.4,0.6,92.7571375088
11330,211.4,0.7,138.606031789
11340,219.0,0.9,180.550126272
11350,389.1,0.7,148.57154212
11360,191.0,0.4,66.6215266877
11370,387.9,0.6,137.069593491
11380,199.4,0.5,93.4785620106
11390,227.3,0.8,146.60622154
11400,231.2,0.9,178.389203363
11410,254.7,0.7,131.76002396
11420,290.6,0.8,140.177341307
11430,223.0,0.7,125.081808904
11440,245.9,0.7,121.531470319
11450,236.6,0.8,144.508780061
11460,301.7,0.7,124.605477959
11470,313.4,0.7,153.554814584
11480,321.0,0.7,149.413652001
11490,233.7,0.8,152.374050133
11500,302.4,0.6,107.472940936
11510,381.0,0.6,114.756642823
11520,248.3,0.8,158.801386862
11530,366.8,0.8,171.257361888
11540,307.8,0.5,100.553373186
11550,223.9,0.5,77.2394945659
11560,207.6,0.6,104.229193791
11570,250.9,0.8,156.315890892
11580,330.0,0.9,172.843359818
11590,235.0,0.8,162.656887687
11600,214.6,0.7,131.72560646
11610,241.9,0.6,114.728577581
11620,349.3,0.7,135.951905713
11630,283.2,0.5,96.8240101492
11640,227.7,0.7,131.372255333
11650,208.8,0.7,147.345294574
11660,209.9,0.7,135.714285675
11670,232.6,0.9,177.089771635
11680,217.7,0.7,123.496860362
11690,270.2,0.9,166.117432397
11700,236.0,0.8,155.395990892
11710,202.6,0.7,128.002835843
11720,236.2,0.7,113.671876212
11730,345.1,0.5,89.7771987876
11740,258.6,0.8,156.7082077
11750,320.7,0.6,115.120744467
11760,364.5,0.4,91.3792901014
11770,359.5,0.6,101.449585455
11780,233.3,1.0,205.830326204
11790,228.0,0.8,149.456550817
11800,298.4,0.8,172.886641102
11810,189.9,0.4,53.8150791401
11820,207.4,0.5,83.483757164
11830,189.4,0.5,77.8663103762
11840,234.9,0.7,126.319096827
11850,325.7,0.8,168.400362889
11860,285.6,0.6,105.30237087
11870,195.6,0.5,77.2900817208
11880,261.9,0.8,143.001988561
11890,310.4,0.8,167.953937368
11900,297.8,0.6,120.280722758
11910,194.4,0.5,96.6781534709
11920,195.0,0.5,70.2313938878
11930,206.1,0.7,141.778404165
11940,198.5,0.6,101.686633997
11950,217.1,0.7,123.987277582
11960,234.8,0.6,101.284814876
11970,369.1,0.4,81.068229004
11980,235.7,0.7,122.230247263
11990,189.0,0.5,85.1125313471
12000,244.2,0.8,143.92601814
12010,295.3,0.5,95.1519427478
12020,285.6,0.5,79.8557858132
12030,388.8,0.5,102.20235933
12040,304.3,0.7,138.164491512
12050,222.0,0.8,157.978698072
12060,194.8,0.6,109.222141734
12070,347.5,0.5,83.8403928108
12080,194.2,0.7,128.531683879
12090,377.0,0.5,107.555166929
12100,264.2,0.5,95.3123943523
12110,202.1,0.6,102.757645366
12120,233.9,0.4,46.7276265407
12130,293.1,0.6,116.897264726
12140,232.5,0.9,180.066984675
12150,194.4,0.5,78.0691998837
12160,289.9,0.5,100.709530048
12170,287.8,0.6,122.279994576
12180,289.8,0.5,89.7965681221
12190,166.6,0.3,47.9386516568
12200,198.3,0.7,119.457866342
12210,179.6,0.4,62.0001424834
12220,174.7,0.5,79.3243620785
12230,187.9,0.5,83.6636574371
12240,331.1,0.3,61.8608498251
12250,171.6,0.4,45.994473886
12260,247.0,0.4,61.4187302619
12270,218.6,0.7,127.674010817
12280,168.6,0.5,84.6685462958
12290,203.4,0.6,101.674981615
12300,172.3,0.4,52.0769783546
12310,177.1,0.4,76.6750416194
12320,176.5,0.4,58.7994793091
12330,337.6,0.5,104.217354886
12340,241.2,0.3,47.2681282631
12350,212.2,0.8,149.635281347
12360,205.2,0.7,132.621771381
12370,211.1,0.6,113.174773968
12380,207.4,0.6,96.2182231835
12390,329.8,0.6,105.052944555
12400,270.6,0.5,88.31604627
12410,188.3,0.6,97.4440834917
12420,274.7,0.6,120.297738142
12430,196.5,0.7,125.200013032
12440,207.0,0.8,159.916456058
12450,281.7,0.5,94.4961812498
12460,254.5,0.6,104.332670616
12470,269.9,0.7,118.533912791
12480,256.3,0.9,172.76073448
12490,206.0,0.6,106.91094845
12500,203.9,0.7,131.13202284
12510,349.7,0.9,183.766693342
12520,199.0,0.6,115.14495545
12530,229.5,0.7,127.796533457
12540,185.9,0.5,81.7126313958
12550,217.8,0.7,140.031821848
12560,279.5,0.5,87.1107333765
12570,219.7,0.7,116.32183514
12580,314.9,0.9,178.049669318
12590,196.0,0.4,49.8960138403
12600,294.1,0.5,94.4277504265
12610,227.4,0.6,96.8233595269
12620,461.9,0.6,144.199639187
12630,356.8,0.7,123.719650387
12640,379.1,0.4,65.7790769597
12650,202.7,0.4,45.2714555472
12660,221.9,0.6,115.658330346
12670,354.3,0.3,41.9585874183
12680,360.6,0.4,83.9238825933
12690,225.6,0.8,152.274393096
12700,363.3,0.4,71.2380547226
12710,292.9,0.6,106.653732525
12720,248.1,0.9,161.78767796
12730,234.3,0.4,39.1556514265
12740,277.7,0.3,38.0180135965
12750,315.1,0.7,120.765264199
12760,221.1,0.8,154.804952056
12770,290.8,0.5,84.5404952914
12780,236.9,0.5,72.4592997577
12790,317.0,0.6,116.046949924
12800,316.8,0.4,63.3578639519
12810,268.7,0.3,23.4014932047
12820,235.5,0.7,118.688559136
12830,308.2,0.6,112.451310943
12840,341.1,0.5,69.8680723502
12850,243.2,0.7,118.536022154
12860,294.9,0.4,49.1391829507
12870,215.4,0.7,130.293228936
12880,450.7,0.7,144.918672893
12890,262.5,0.8,120.440984529
12900,328.9,0.8,159.662970412
12910,301.0,0.3,35.8270595678
12920,293.7,0.6,92.0522076562
12930,311.5,0.6,103.702623771
12940,245.3,0.5,54.0595378946
12950,314.6,0.5,72.6305396027
12960,203.5,0.2,-15.7638201819
12970,319.4,0.4,49.1966784103
12980,226.3,0.6,98.1681866287
12990,293.6,0.4,56.5495063881
13000,347.3,0.7,129.200212626
13010,389.1,0.5,116.53424853
13020,243.4,0.7,116.97555068
13030,258.4,0.7,110.774570001
13040,286.6,0.5,82.002933842
13050,345.8,1.0,176.473162221
13060,446.6,0.6,121.378620462
13070,256.9,0.6,93.8462156345
13080,249.6,0.7,88.2402463964
13090,287.0,0.5,42.7286370721
13100,285.5,0.6,77.8886887494
13110,247.8,0.6,83.9697930838
13120,347.7,0.7,132.811886772
13130,298.4,0.7,92.9467137618
13140,377.2,0.8,138.716823792
13150,333.4,0.6,94.8630410184
13160,278.7,0.8,128.177076986
13170,379.7,0.7,125.863699523
13180,294.4,0.7,103.82020866
13190,304.7,0.7,111.372680146
13200,398.6,0.6,75.9414448532
13210,363.4,0.8,152.583938027
13220,428.5,0.5,89.4982106489
13230,432.2,0.7,104.196256524
13240,367.1,0.7,123.115557921
13250,397.8,0.7,105.925307627
13260,309.4,0.7,120.834063618
13270,370.4,0.5,59.2290484149
13280,363.6,0.7,77.5310384995
13290,313.2,1.0,190.934812392
13300,391.0,0.7,105.729879724
13310,433.0,0.6,95.6989831191
13320,316.6,0.8,118.454995941
13330,204.7,0.2,-8.77984835289
13340,418.6,0.7,132.814545495
13350,267.4,0.6,79.8773957381
13360,345.8,0.8,116.100081258
13370,350.4,0.7,127.257588758
13380,317.8,0.5,65.6090732815
13390,272.4,0.7,101.172415223
13400,444.6,0.5,75.4120997858
13410,333.0,0.8,118.825125769
13420,321.7,0.8,135.717536515
13430,452.7,0.7,134.673842723
13440,371.8,0.7,130.549113719
13450,278.2,0.8,148.947849943
13460,337.4,0.7,131.619408776
13470,291.0,0.8,141.35058296
13480,233.4,0.7,108.709560891
13490,253.4,0.5,68.913657171
13500,236.2,0.7,116.669578123
13510,234.5,0.6,95.7711240099
13520,274.7,0.8,136.798967037
13530,358.4,0.8,144.040390654
13540,347.5,0.6,107.014393374
13550,243.8,0.8,152.339623884
13560,255.1,0.7,114.49323687
13570,341.5,0.8,152.503674197
13580,327.7,0.7,122.852385727
13590,265.4,0.7,126.006660682
13600,321.0,0.8,155.557997315
13610,366.4,0.8,157.886998775
13620,240.7,0.7,108.51954736
13630,362.5,0.8,133.118406025
13640,265.7,0.7,114.015245417
13650,293.6,0.8,143.728767807
13660,286.2,0.7,118.065244099
13670,309.7,0.9,168.286698236
13680,359.7,0.8,139.91994855
13690,350.2,0.4,49.6823777452
13700,278.1,0.9,169.089360333
13710,238.6,0.6,90.5466403
13720,440.0,0.5,84.2882464441
13730,250.8,0.6,92.1690120153
13740,228.5,0.5,67.682524913
13750,231.1,0.4,32.2103074774
13760,336.4,0.7,117.825481742
13770,362.3,0.4,71.6756136645
13780,357.4,0.7,120.73533919
13790,306.1,0.9,151.626234527
13800,325.5,0.4,57.9275661144
13810,251.8,0.8,146.03127581
13820,442.0,0.6,103.529992888
13830,398.9,0.4,66.615651732
13840,387.4,0.4,63.3718828192
13850,293.2,0.8,141.790620025
13860,329.0,0.6,98.6622015168
13870,270.5,0.8,146.683074207
13880,310.5,0.7,129.036856698
13890,349.2,0.7,110.135548707
13900,273.3,0.8,140.123924215
13910,245.0,0.6,87.6901804241
13920,254.4,0.3,11.0122778925
13930,255.8,0.8,146.859931674
13940,240.0,0.7,121.728263592
13950,291.0,0.6,74.1438314982
13960,279.5,0.8,138.102555674
13970,252.2,0.7,113.502865736
13980,299.8,1.0,172.638823858
13990,258.7,0.6,80.3643676091
14000,255.4,0.7,114.324958453
14010,310.6,0.8,141.239922825
14020,259.7,0.6,84.2701848539
14030,329.5,0.8,133.812414834
14040,266.1,0.7,115.429723628
14050,339.0,0.8,146.714943318
14060,327.4,0.5,80.2882969434
14070,256.8,0.7,110.739589658
14080,294.9,0.7,92.0161009648
14090,256.5,0.5,47.0534201248
14100,367.9,0.8,122.128952973
14110,278.0,0.7,105.702452822
14120,265.5,0.6,81.6988168339
14130,272.0,0.3,2.56202280897
14140,255.8,0.7,116.217563967
14150,284.7,0.7,109.113560496
14160,270.2,0.5,54.9146426939
14170,252.5,0.6,82.8220176848
14180,298.8,0.7,101.51493753
14190,272.4,0.5,61.0856026691
14200,444.9,1.0,153.526771396
14210,371.8,0.8,151.100470818
14220,288.9,0.8,135.059625306
14230,415.3,0.6,99.986227783
14240,499.0,0.9,135.487067373
14250,384.5,0.6,111.742650373
14260,363.4,0.7,94.9767546553
14270,477.5,0.7,114.97135547
14280,337.1,0.8,104.450438349
14290,292.7,0.5,46.8360590486
14300,379.3,0.6,96.1433327164
14310,435.0,0.6,104.047923515
14320,364.0,0.7,114.236085458
14330,425.0,0.5,87.9434784718
14340,280.5,0.8,140.177189522
14350,325.6,0.8,116.532686436
14360,431.0,0.8,126.034712182
14370,337.4,0.5,70.5324446776
14380,348.3,0.6,69.3625354566
14390,262.1,0.7,107.781244361
14400,292.6,0.7,101.499830154
14410,347.1,0.7,91.0034733442
14420,356.2,0.4,41.07532252
14430,303.5,0.9,154.481487384
14440,312.2,0.5,50.2501634968
14450,388.4,0.5,33.9936992014
14460,334.0,0.8,158.949451274
14470,620.2,0.7,77.0318245045
14480,441.7,0.7,107.685751527
14490,321.4,0.4,11.5379582179
14500,439.1,0.5,43.5812357156
14510,420.7,0.6,59.28668663
14520,418.4,0.7,83.3071575468
14530,323.2,0.6,70.2406993574
14540,330.5,0.6,52.1938847721
14550,293.8,0.1,-51.5584480197
14560,450.1,0.4,-23.7432050987
14570,379.6,0.5,31.9373038062
14580,399.7,0.8,90.5857478703
14590,396.3,0.6,71.5927620103
14600,526.7,0.7,105.634943111
14610,499.9,0.9,103.044647635
14620,440.8,0.7,105.856141291
14630,470.7,0.7,82.7695462492
14640,410.4,0.6,71.9951016122
14650,476.0,0.6,89.9521840935
14660,376.0,0.7,111.25239599
14670,368.8,0.8,116.285503962
14680,350.7,0.6,78.8633396443
14690,417.4,0.7,99.0215002623
14700,399.1,0.8,149.47494903
14710,325.4,0.5,74.9878496067
14720,281.6,0.7,107.686296771
14730,348.1,0.7,106.129189645
14740,437.9,0.9,136.05542859
14750,353.0,0.7,118.937303709
14760,349.5,0.7,99.7751056252
14770,433.6,0.4,16.6721982735
14780,514.5,0.6,38.3825091844
14790,329.1,0.7,109.936547967
14800,405.9,0.7,107.879042693
14810,376.7,0.7,96.1511219171
14820,442.4,0.7,86.7065036496
14830,423.5,0.6,71.1267704845
14840,332.4,0.5,33.1522283867
14850,332.6,0.8,120.110113256
14860,468.9,0.6,86.8027615409
14870,316.9,0.4,20.6887778223
14880,300.5,0.5,42.8856303738
14890,349.3,0.9,157.341832934
14900,387.0,0.5,72.5107248911
14910,480.0,0.9,156.098379756
14920,369.6,0.9,147.623455134
14930,361.6,0.8,115.401819247
14940,320.7,0.7,96.3944586354
14950,324.5,0.6,78.9187058361
14960,381.4,0.5,69.0624596672
14970,359.8,0.7,126.250140362
14980,659.8,0.6,126.97132681
14990,366.1,0.7,111.590349971
15000,363.9,0.7,113.094270673
15010,337.8,0.8,121.903303307
15020,331.0,0.9,148.355782342
15030,310.4,0.6,63.1414103581
15040,288.5,0.8,123.544057863
15050,310.0,0.9,149.839091904
15060,297.0,0.6,82.2619273686
15070,294.7,0.6,69.9305423552
15080,281.6,1.0,184.845225829
15090,362.0,0.8,140.898713015
15100,264.9,0.6,90.4248767008
15110,336.0,0.7,110.068472036
15120,447.8,0.5,84.4947515237
15130,389.3,0.6,80.9102814048
15140,399.3,0.7,137.743518804
15150,359.8,0.6,72.4295341354
15160,404.4,0.8,140.273867607
15170,269.2,0.7,103.883296172
15180,386.5,0.8,113.503924657
15190,392.9,0.5,37.094439717
15200,380.7,0.8,110.106880642
15210,439.8,0.7,111.245055752
15220,272.0,0.8,124.125684642
15230,379.8,0.8,127.771972039
15240,382.1,0.6,104.474494294
15250,382.0,0.6,89.2922541495
15260,404.1,0.6,76.3014968729
15270,366.5,0.5,67.4950070158
15280,477.6,0.8,83.4669090731
15290,377.2,0.7,112.450097276
15300,379.3,0.6,106.312264281
15310,347.4,0.7,104.282999124
15320,285.5,0.7,116.755403084
15330,464.7,0.6,98.0687110774
15340,379.1,0.7,93.1934851516
15350,352.9,0.5,82.0788353845
15360,340.7,0.9,161.077415239
15370,327.4,0.8,139.913551644
15380,409.0,0.6,82.5993713648
15390,408.1,0.4,41.8646558152
15400,305.9,0.7,115.418941832
15410,387.9,0.9,145.103956449
15420,362.0,0.8,125.242451602
15430,327.5,0.7,112.182801536
15440,446.7,0.5,82.9583658831
15450,491.4,0.8,151.963638223
15460,344.6,0.6,74.2501312801
15470,341.6,0.5,71.3755334842
15480,394.4,0.7,81.7921298942
15490,376.1,0.7,117.01273187
15500,319.6,0.7,104.762722978
15510,420.6,0.7,109.364906855
15520,385.3,0.6,104.357956392
15530,414.8,0.6,105.13075138
15540,318.3,0.5,45.5633255232
15550,304.7,0.7,97.4856091238
15560,441.8,0.8,132.130260329
15570,333.7,0.7,111.799066323
15580,391.2,0.7,123.752127544
15590,442.1,0.7,127.25077164
15600,306.2,0.8,127.295441858
15610,271.7,0.8,128.298361496
15620,264.5,0.7,120.891108231
15630,314.4,0.7,118.159553025
15640,383.9,0.7,118.818942207
15650,323.0,0.7,120.007635742
15660,280.2,0.9,151.513873203
15670,348.4,0.9,122.204687702
15680,409.4,0.7,114.777344863
15690,255.7,0.5,71.3480425613
15700,362.1,0.6,85.5787608983
15710,351.8,1.0,182.1082119
15720,315.1,0.8,127.928259902
15730,367.6,0.6,93.7723538441
15740,268.6,0.9,159.390914493
15750,368.0,0.7,90.1067085967
15760,439.3,0.7,117.174550592
15770,404.2,0.7,118.197130209
15780,292.5,0.6,75.1822713554
15790,386.4,0.8,158.403001158
15800,291.5,0.5,70.9171175283
15810,295.9,0.6,84.2415705963
15820,307.5,0.6,86.007629494
15830,290.5,0.7,111.60016439
15840,390.1,0.8,128.220562076
15850,386.7,0.8,127.495620805
15860,267.8,0.5,64.1534808237
15870,313.1,1.0,183.055810568
15880,322.9,0.5,50.9917835338
15890,329.1,0.7,103.514434413
15900,324.3,0.7,89.1261803423
15910,411.6,0.7,108.517517203
15920,334.1,0.7,91.7485054046
15930,340.9,0.6,103.215329966
15940,366.5,0.6,86.7833781708
15950,358.1,0.5,59.5209408198
15960,358.9,0.6,59.4214010259
15970,292.4,0.7,96.0750037879
15980,343.8,0.4,-2.94243909943
15990,377.7,0.8,120.518760467
16000,367.8,0.9,144.632763616
16010,402.1,0.6,81.8369547172
16020,386.3,0.6,33.404095191
16030,385.5,0.6,97.8787259284
16040,325.8,0.5,35.1808580253
16050,487.9,0.8,163.610317235
16060,276.2,0.6,83.0266992772
16070,325.5,0.6,70.7091741657
16080,391.1,0.6,93.6191007016
16090,348.4,0.8,106.318385982
16100,319.7,0.7,77.5375464587
16110,403.5,0.7,113.905462511
16120,407.1,0.7,85.4219629928
16130,456.2,0.5,75.9803223821
16140,352.7,0.7,93.644400123
16150,415.0,0.5,50.8168328728
16160,402.5,0.6,80.7438268048
16170,416.2,0.5,34.0299479187
16180,387.0,0.4,14.3130441805
16190,373.2,0.7,75.5246169734
16200,453.7,0.3,-35.1838675328
16210,376.4,0.8,97.0821440944
16220,356.4,0.9,137.892569679
16230,298.6,0.6,97.5487239564
16240,415.7,0.9,112.09442357
16250,360.8,0.6,53.5220523511
16260,323.0,0.5,45.9774069421
16270,327.2,0.6,68.958438592
16280,398.8,0.6,42.8160637008
16290,415.5,0.6,66.8922559085
16300,375.1,0.6,40.0357375539
16310,392.2,0.8,94.4894293687
16320,414.9,0.4,-10.6828700667
16330,354.6,0.7,72.087963241
16340,425.5,0.5,56.1527066145
16350,409.8,0.6,89.2206811366
16360,417.5,0.5,47.7059343124
16370,304.4,0.6,73.336900704
16380,476.6,0.5,62.2671005999
16390,431.4,0.9,144.735501428
16400,354.1,0.8,107.126187219
16410,399.0,0.7,93.6206750543
16420,459.2,0.4,42.0762758136
16430,385.5,0.7,110.968271226
16440,339.4,0.5,35.2720378111
16450,425.4,0.7,105.746476279
16460,371.0,0.6,79.3108334032
16470,372.4,0.7,109.431143004
16480,411.6,0.6,82.1868030633
16490,357.2,0.7,101.445867978
16500,354.4,0.7,114.105559526
16510,294.6,0.6,75.8042125218
16520,406.0,0.8,142.934784472
16530,368.0,0.6,89.1756763012
16540,394.6,0.7,103.268567467
16550,356.8,0.4,32.2244528905
16560,377.3,0.4,37.3215749648
16570,260.6,0.5,57.469038105
16580,377.5,0.9,166.707135366
16590,410.0,0.7,91.3874297098
16600,341.2,0.7,85.0045364512
16610,383.3,0.7,116.653367406
16620,372.5,1.0,163.828052734
16630,420.3,0.6,86.0058848279
16640,395.9,0.8,131.382489854
16650,442.4,0.3,11.9150256109
16660,337.5,0.9,141.06887736
16670,315.2,0.5,42.8109880499
16680,302.7,0.8,140.248731694
16690,296.4,0.7,100.030539195
16700,265.8,0.6,78.3716229937
16710,400.6,0.4,57.6607105644
16720,269.9,0.6,63.3807476909
16730,323.5,0.7,94.4490041558
16740,312.3,0.6,79.2950518711
16750,296.5,0.6,61.7769069308
16760,307.5,0.7,93.7628049654
16770,361.0,0.7,108.018357287
16780,263.3,0.6,85.4794438126
16790,401.5,0.8,139.481963727
16800,364.9,0.7,89.2769325979
16810,279.3,0.8,137.203497911
16820,294.5,0.6,69.7671522573
16830,292.6,0.6,53.037042604
16840,379.7,0.9,152.831943412
16850,299.3,0.9,152.001291378
16860,305.5,0.7,86.990653583
16870,371.0,0.6,67.3624295635
16880,260.6,0.4,20.0735149537
16890,330.5,0.5,64.5960878201
16900,339.9,0.6,99.9774890151
16910,242.0,0.7,118.299741419
16920,363.4,0.6,87.2184724281
16930,286.0,0.9,142.166097767
16940,288.5,0.7,93.9413983681
16950,245.4,0.7,121.382105545
16960,239.6,0.5,77.6594778851
16970,307.2,0.9,151.749826561
16980,269.9,0.6,91.5002718044
16990,281.6,0.8,136.299136875
17000,350.4,0.6,87.4200844049
17010,342.9,0.7,115.873370483
17020,335.2,0.4,47.4201550612
17030,414.8,0.4,62.8330536028
17040,325.5,0.6,109.070414618
17050,407.3,0.4,72.2132966614
17060,374.8,0.6,97.224469271
17070,260.1,0.7,110.230080136
17080,279.3,0.8,142.888305446
17090,255.7,0.6,73.657730836
17100,273.0,0.8,127.638518274
17110,337.1,0.5,68.8604183699
17120,266.8,0.8,130.407159492
17130,242.3,0.6,84.6966577461
17140,320.9,0.7,124.398158427
17150,255.3,0.9,166.341598532
17160,235.7,0.6,75.1067589571
17170,354.3,0.6,88.6932710923
17180,239.6,0.6,88.1580896271
17190,482.5,0.6,83.8490968112
17200,305.7,0.7,95.7589402889
17210,326.2,0.6,94.4889871973
17220,320.2,0.6,93.4648623342
17230,278.0,1.0,183.206873661
17240,345.8,0.6,105.598198177
17250,257.6,0.6,75.3105851562
17260,276.8,0.7,122.285400204
17270,266.5,0.5,47.1447434055
17280,394.7,0.6,118.561961126
17290,455.5,0.3,50.1604472723
17300,317.0,0.6,86.8880793204
17310,238.4,0.9,163.29508947
17320,300.6,0.7,105.171604096
17330,212.8,0.6,91.341968627
17340,274.6,0.9,154.132897038
17350,256.4,0.7,106.35485418
17360,352.6,0.6,97.0791059772
17370,269.9,0.4,68.8849497506
17380,348.1,0.5,65.1782935002
17390,254.9,0.7,105.712681388
17400,338.1,0.7,115.336166196
17410,254.1,0.9,168.95979863
17420,466.7,0.7,121.515535391
17430,305.6,0.6,106.909708725
17440,352.9,0.6,91.3951453098
17450,268.8,0.7,108.744878739
17460,271.8,0.7,112.255962064
17470,264.6,0.6,79.9550578396
17480,235.8,0.8,140.88003065
17490,338.0,0.9,179.974046695
17500,305.2,0.4,53.3689288893
17510,333.4,0.6,98.97109792
17520,241.4,0.6,72.5754420255
17530,265.4,0.8,128.098353375
17540,354.6,0.8,129.874171435
17550,355.0,0.5,49.2516540531
17560,215.1,0.4,48.5203016573
17570,243.4,0.4,29.8884528325
17580,235.4,0.4,31.4337630342
17590,434.2,0.7,135.42592371
17600,345.9,0.6,116.952331399
17610,283.6,0.7,110.200144169
17620,241.3,0.5,49.3381018846
17630,406.1,0.6,111.404315922
17640,312.4,0.8,142.372724326
17650,259.5,0.6,90.0182531935
17660,276.8,0.6,81.114547748
17670,265.5,0.6,94.7836967118
17680,253.4,0.7,115.751251105
17690,305.5,0.6,87.7839206499
17700,249.4,0.7,103.212212596
17710,248.3,0.6,99.148543117
17720,280.4,0.7,106.739466476
17730,339.7,0.6,97.8917253172
17740,326.2,0.9,150.788961296
17750,261.5,0.7,110.333235547
17760,275.0,0.6,85.0534713884
17770,416.8,0.5,89.2618503889
17780,242.8,0.6,91.6098390653
17790,234.4,0.4,18.0039270583
17800,327.8,0.7,116.330177509
17810,302.3,0.5,58.3849577456
17820,307.7,0.6,96.1360153044
17830,444.2,0.7,126.706990579
17840,336.2,0.8,142.993361601
17850,279.9,0.7,111.501930206
17860,309.4,0.9,157.093371009
17870,359.1,0.7,122.961359846
17880,277.7,0.6,76.3101440784
17890,353.1,0.9,163.090930825
17900,257.9,0.6,84.3335425928
17910,259.4,0.7,108.064192915
17920,260.9,0.8,154.105238265
17930,271.5,0.4,36.2972168423
17940,331.0,0.6,98.6989999539
17950,280.9,0.8,134.536848903
17960,285.0,0.4,34.596435715
17970,314.9,0.7,112.708594788
17980,278.0,0.7,106.085736931
17990,266.2,0.6,80.5381007719
18000,266.8,0.7,114.810237942
18010,339.3,0.7,125.394033649
18020,346.9,0.8,151.050349907
18030,247.9,0.6,90.5687616062
18040,298.2,0.8,122.544704482
18050,366.0,0.7,115.788879452
18060,284.2,0.8,134.84417069
18070,461.7,0.8,148.99186845
18080,321.7,0.6,91.2577152211
18090,346.5,0.5,76.1900131336
18100,410.2,0.8,137.253079175
18110,308.7,0.6,89.715277623
18120,320.3,1.0,179.421421496
18130,301.6,0.8,139.448605851
18140,272.7,0.6,91.5074611954
18150,342.7,0.8,134.228511365
18160,264.9,0.6,77.6963424775
18170,498.3,0.3,53.3969541785
18180,445.0,0.8,154.952533726
18190,327.3,0.9,162.054689703
18200,328.2,0.8,138.752654013
18210,346.6,0.9,163.247193902
18220,300.6,0.8,124.795401817
18230,359.5,0.7,134.327030165
18240,336.3,0.7,110.474284756
18250,323.3,1.0,177.69590044
18260,299.2,0.7,109.786068682
18270,323.0,0.9,163.917049706
18280,332.3,1.0,171.031846003
18290,309.4,0.9,151.592683167
18300,303.1,0.6,70.4723471916
18310,279.1,0.4,32.4286089392
18320,341.3,0.7,123.161029809
18330,434.7,0.7,134.280376709
18340,291.9,0.5,52.176167
18350,285.3,0.7,112.252395002
18360,356.4,0.6,103.728131329
18370,261.4,0.4,29.036999072
18380,259.2,0.7,112.91121013
18390,278.7,0.6,94.9410766565
18400,302.7,0.9,153.991501959
18410,352.3,0.7,118.094776975
18420,286.1,0.8,140.092219413
18430,364.6,0.8,140.042728584
18440,287.0,0.7,110.975820165
18450,283.1,0.7,116.823491578
18460,417.0,0.5,96.7741160479
18470,335.3,0.7,125.780921988
18480,324.9,1.0,185.303636368
18490,575.3,0.5,128.469705782
18500,390.5,0.8,148.572478212
18510,288.4,0.9,159.670286007
18520,340.0,0.4,51.1431552591
18530,295.4,0.6,93.1425331519
18540,368.4,0.7,120.441568707
18550,362.3,0.7,123.555378829
18560,459.6,0.7,112.003138507
18570,497.2,0.8,152.493058566
18580,361.2,0.8,151.018563329
18590,329.9,0.5,77.745849498
18600,481.6,0.8,162.361346675
18610,260.2,0.6,100.515086135
18620,340.7,0.4,50.2267414353
18630,265.5,0.7,109.223009397
18640,305.2,0.6,86.9899378085
18650,409.1,0.6,108.509490162
18660,306.2,0.8,140.531132741
18670,315.4,0.9,152.52501812
18680,316.7,0.9,171.043588351
18690,390.7,0.6,78.669188106
18700,308.2,0.8,127.394710393
18710,436.0,0.7,134.066724061
18720,319.4,0.8,114.773952845
18730,315.3,0.6,78.0134985234
18740,361.4,0.5,64.5642088345
18750,337.6,0.7,101.395700826
18760,458.7,0.5,102.772385066
18770,306.6,0.5,73.1424473274
18780,303.2,0.8,146.71119235
18790,384.4,0.9,165.99640806
18800,293.5,0.8,121.708485499
18810,408.7,0.6,89.9770614936
18820,304.9,1.0,204.181987084
18830,297.0,0.3,-14.2053891561
18840,309.1,0.7,114.912349416
18850,317.9,0.8,142.795816805
18860,379.2,0.5,61.2691952872
18870,386.3,0.7,116.921758652
18880,300.4,0.7,95.4479024959
18890,276.5,0.4,36.7014479964
18900,274.5,0.5,49.9611796311
18910,299.5,0.7,110.175011493
18920,362.5,0.7,115.93572804
18930,442.2,0.6,119.924610897
18940,382.0,0.8,155.512226285
18950,301.2,0.9,158.021322464
18960,364.6,0.5,76.0504545303
18970,413.2,0.6,125.784091034
18980,433.3,0.6,130.89692867
18990,320.1,0.7,119.016665847
19000,356.5,0.7,126.302999225
19010,292.1,0.8,136.617783556
19020,346.2,0.5,60.4399601371
19030,322.4,0.8,119.679322978
19040,418.4,0.6,111.034655507
19050,284.1,0.7,109.055096279
19060,428.5,0.6,118.458670034
19070,279.0,0.5,53.6146438254
19080,426.9,0.6,117.868243017
19090,420.4,0.6,120.900652114
19100,379.1,0.6,108.509331641
19110,280.9,0.6,79.466074336
19120,284.1,0.7,119.32709634
19130,314.9,0.8,141.401151856
19140,382.8,0.8,161.379917737
19150,378.8,0.9,185.272101887
19160,309.7,0.8,133.637408684
19170,379.9,0.7,124.722660616
19180,374.2,0.8,159.946388007
19190,399.0,0.8,137.333863831
19200,401.7,0.7,126.308503217
19210,378.9,0.6,98.1295636397
19220,400.5,0.7,122.06412037
19230,410.6,0.8,139.945019503
19240,391.6,0.8,157.018276025
19250,352.1,0.9,157.748554417
19260,374.4,0.7,138.56663497
19270,412.1,0.6,87.912591822
19280,359.4,0.9,151.583330169
19290,325.5,1.0,191.856619562
19300,321.8,0.8,135.00453199
19310,470.2,0.7,127.088240853
19320,339.0,0.7,122.143828637
19330,331.8,0.6,69.2895526735
19340,340.8,0.7,99.7084886297
19350,324.7,0.8,155.467984154
19360,424.9,0.7,100.493653308
19370,305.0,0.6,92.2782856304
19380,322.1,0.8,136.771244886
19390,297.4,0.7,117.89313044
19400,405.1,0.8,158.744172667
19410,330.6,0.9,159.140186487
19420,346.2,0.9,155.608414066
19430,362.5,0.9,162.732095106
19440,314.2,0.8,143.430480768
19450,326.5,1.0,184.611381807
19460,398.2,0.6,96.8874218943
19470,402.4,1.0,182.367305284
19480,354.6,0.7,102.283808737
19490,393.3,0.6,103.711371909
19500,345.9,0.9,169.542260195
19510,331.2,0.9,158.589390721
19520,388.1,0.6,105.701671562
19530,347.5,0.6,72.9652320457
19540,379.2,0.8,166.879809424
19550,425.4,0.7,117.098091274
19560,356.5,0.7,86.8577888457
19570,336.6,1.0,195.29001944
19580,341.8,0.8,125.198427568
19590,356.5,0.9,150.293389456
19600,334.0,0.7,111.785866049
19610,327.0,0.8,130.713606245
19620,312.5,0.8,128.572789707
19630,325.5,1.0,185.921956915
19640,316.1,0.7,101.898635304
19650,405.1,0.7,123.294350844
19660,409.8,0.7,107.859417274
19670,318.9,0.8,137.961175354
19680,317.2,0.9,154.797060302
19690,380.2,0.8,141.847616586
19700,331.6,0.7,103.96043519
19710,337.8,0.6,86.5221857497
19720,302.9,0.6,79.4032596317
19730,307.3,0.7,110.992153524
19740,366.6,0.6,102.707202998
19750,322.3,0.8,137.760304098
19760,304.0,0.7,108.533987855
19770,298.2,0.8,152.426942674
19780,299.3,0.7,124.872514478
19790,389.9,0.4,46.7070981486
19800,317.4,1.0,193.757926928
19810,323.0,1.0,189.81404291
19820,476.1,0.8,169.906761117
19830,315.8,0.9,160.571475884
19840,308.4,1.0,195.576268682
19850,308.7,0.9,172.091132629
19860,408.2,0.6,85.1759684445
19870,316.5,0.9,162.316074877
19880,494.1,0.4,79.1986435026
19890,299.4,0.7,119.902667713
19900,278.1,0.5,72.8585781592
19910,307.4,0.7,118.929053363
19920,360.8,0.6,123.992162661
19930,464.4,0.7,144.59356205
19940,369.5,0.8,164.756219872
19950,295.2,0.9,171.171491607
19960,548.3,0.6,132.197043969
19970,312.0,1.0,194.824399586
19980,300.5,0.8,155.082502325
19990,307.2,0.7,121.707744681
20000,304.2,0.9,162.527524704
20010,285.0,0.9,177.518118222
20020,421.8,0.7,124.703421049
20030,291.7,0.7,115.951895178
20040,284.0,0.8,143.044603897
20050,292.7,0.8,143.747895835
20060,378.0,0.7,126.059487672
20070,398.9,0.6,88.9195314474
20080,339.5,0.9,158.781516303
20090,293.4,0.8,139.599754122
20100,301.7,0.8,149.718263639
20110,304.7,0.8,135.261123003
20120,325.6,0.9,163.965179717
20130,272.6,0.5,49.9210458978
20140,289.5,1.0,198.013655278
20150,298.2,0.8,138.248839223
20160,366.7,0.6,78.9582713141
20170,367.8,0.7,126.14568809
20180,362.9,0.7,134.932019815
20190,286.1,0.9,164.226794463
20200,350.0,0.8,164.577699307
20210,347.3,0.8,160.135823657
20220,345.6,0.6,84.1928192522
20230,279.5,0.9,168.012644161
20240,383.1,0.7,127.766277443
20250,285.0,0.8,142.272179359
20260,316.7,1.0,178.932434487
20270,292.0,1.0,180.241411658
20280,309.4,0.8,140.729813141
20290,294.0,0.8,136.216288073
20300,273.0,0.7,131.699519772
20310,274.8,0.7,109.793453235
20320,409.2,0.6,124.053045571
20330,309.8,0.7,127.970633808
20340,280.6,0.9,145.184748001
20350,329.0,0.7,134.3622581
20360,307.0,0.8,145.931116786
20370,324.6,0.5,94.2154186821
20380,259.0,0.8,144.620356965
20390,276.6,0.7,107.762035313
20400,350.6,0.7,130.286913903
20410,353.3,0.7,111.205740737
20420,278.4,0.8,129.7707068
20430,283.2,0.9,166.414767964
20440,280.1,1.0,191.13004474
20450,265.6,0.9,181.411277933
20460,259.7,0.7,107.695758945
20470,255.8,0.6,82.3993247469
20480,264.9,1.0,199.977389846
20490,272.9,0.8,127.437610982
20500,280.9,0.9,175.364218306
20510,327.8,0.6,107.972786988
20520,254.7,0.7,100.598460005
20530,257.5,0.6,95.8462483396
20540,261.7,0.6,94.8276420482
20550,308.9,0.9,170.050884177
20560,255.4,0.8,139.461086113
20570,320.1,0.6,122.714258154
20580,238.5,0.5,72.40735324
20590,398.1,0.9,189.264331067
20600,290.0,0.6,78.3648490857
20610,422.4,0.7,147.405109553
20620,230.5,0.7,134.846940319
20630,238.6,0.5,73.8637862501
20640,258.6,0.8,130.967967671
20650,243.6,0.7,138.238785586
20660,232.5,0.5,68.3393165868
20670,232.0,0.6,106.78089938
20680,286.7,0.9,165.039630316
20690,352.0,0.8,147.161825449
20700,402.2,0.5,100.545951852
20710,327.1,0.5,84.0207823486
20720,342.5,0.6,95.8479762674
20730,271.5,0.7,112.606347101
20740,295.3,0.5,65.7457667387
20750,342.4,0.6,114.475644341
20760,280.1,0.6,84.9672497773
20770,348.8,0.6,115.433772215
20780,255.9,0.6,84.9127279899
20790,325.3,0.7,138.566359425
20800,263.0,0.8,138.27244878
20810,249.2,0.6,98.5653396091
20820,315.0,0.4,73.9954795212
20830,358.0,0.8,145.808851387
20840,342.7,0.7,133.50406445
20850,224.7,0.4,42.6130793372
20860,314.1,0.6,115.21648106
20870,407.9,0.8,172.674768145
20880,253.3,0.3,3.00615161045
20890,258.2,0.8,137.419226864
20900,247.4,0.6,98.9027485573
20910,243.6,0.7,115.704562994
20920,325.1,0.6,115.876528042
20930,306.4,0.5,90.3211328355
20940,416.3,0.7,150.554218372
20950,248.9,0.7,110.229749928
20960,309.9,0.8,129.623781867
20970,234.0,0.5,71.181828553
20980,334.7,0.8,172.915826453
20990,256.8,0.8,147.879154838
21000,339.1,0.6,109.56527239
21010,233.7,0.5,63.5287634384
21020,346.2,0.6,109.182115977
21030,356.1,0.3,17.4195852819
21040,336.6,0.5,87.5944468285
21050,257.0,0.7,105.261374673
21060,223.4,0.5,57.360158746
21070,327.2,0.4,60.5946721535
21080,243.2,0.7,118.186119194
21090,272.9,0.7,104.706196791
21100,394.9,0.7,132.868119268
21110,317.7,0.5,86.14808046
21120,331.7,0.5,89.1678099583
21130,266.0,0.9,165.777063519
21140,313.8,0.4,75.2210225655
21150,264.6,0.8,154.868411837
21160,373.1,0.6,105.675380888
21170,307.7,0.3,42.424893778
21180,225.4,0.4,47.9320896442
21190,443.5,0.8,170.515628025
21200,337.2,0.6,98.0303103976
21210,323.0,0.5,79.7636635747
21220,284.6,1.0,198.398975402
21230,325.4,0.8,157.5705408
21240,228.1,0.5,70.707371161
21250,315.2,0.4,52.7188795747
21260,251.2,0.6,98.4832364743
21270,237.9,0.6,97.3418356983
21280,351.0,0.7,135.089076094
21290,262.7,0.6,98.2349742191
21300,343.1,0.9,191.113401391
21310,365.7,0.4,55.0467631413
21320,471.1,0.3,55.7865609583
21330,424.4,0.6,123.424868554
21340,275.2,0.8,126.968829222
21350,490.3,0.5,121.515388388
21360,333.2,0.7,144.159990946
21370,273.4,0.7,108.289599988
21380,275.0,0.6,82.2709525313
21390,290.7,0.8,131.525402507
21400,260.8,0.4,47.4432548082
21410,439.6,0.8,157.82678488
21420,328.9,0.4,61.0587355045
21430,276.9,0.8,134.347822291
21440,263.6,0.7,110.868314117
21450,458.6,0.6,123.59500868
21460,321.8,0.4,73.3326704715
21470,342.2,0.6,109.827515007
21480,278.6,0.9,171.610555953
21490,269.5,0.8,134.216717041
21500,274.0,0.8,139.818572247
21510,253.7,0.8,149.874690735
21520,327.7,0.5,93.0717580396
21530,330.2,0.7,127.526276506
21540,340.7,0.7,122.793846772
21550,442.2,0.7,144.212446388
21560,350.8,0.6,111.965125786
21570,255.8,0.5,67.8339680616
21580,280.4,0.8,145.455158756
21590,397.9,0.7,120.908441532
21600,462.5,0.7,131.405853349
21610,365.4,0.5,85.6390818934
21620,252.8,0.6,98.8883307425
21630,366.1,0.5,69.3589739851
21640,356.8,0.8,127.981872978
21650,307.6,0.9,155.81524878
21660,235.0,0.4,46.2082790122
21670,344.8,0.6,99.5483898904
21680,287.1,0.7,105.737684627
21690,304.6,0.8,127.665496585
21700,282.9,1.0,186.367090739
21710,288.2,0.8,137.401707112
21720,263.3,0.6,82.3257252817
21730,355.6,0.7,128.942048094
21740,347.4,0.8,160.296473402
21750,254.4,0.9,162.89868954
21760,281.1,0.9,166.848190495
21770,303.1,0.6,96.6525729977
21780,340.9,0.6,108.815252773
21790,260.5,0.8,152.04301208
21800,283.9,0.6,69.1934741491
21810,249.2,0.6,92.6616757009
21820,420.6,0.6,108.937965149
21830,343.8,0.5,75.7604087391
21840,310.7,0.8,127.67214476
21850,339.1,0.7,136.566926689
21860,316.2,0.8,139.746013369
21870,308.8,0.8,132.518077504
21880,329.9,0.5,81.2629632675
21890,305.9,0.6,83.2053335165
21900,393.3,0.7,134.992605754
21910,262.8,0.7,112.275569539
21920,266.6,0.9,152.972057929
21930,339.6,0.6,91.1122509041
21940,353.6,0.8,148.574948224
21950,305.4,0.7,114.65152189
21960,354.4,0.7,129.537862521
21970,252.9,0.6,88.1615299395
21980,255.3,0.6,94.9687699393
21990,265.6,0.7,127.68299416
22000,440.0,0.5,79.9184034597
22010,406.1,0.5,92.5470767267
22020,427.1,0.6,111.947989928
22030,250.9,0.6,89.6586655685
22040,262.0,0.9,167.725105904
22050,289.8,0.8,135.240347287
22060,359.1,0.8,161.4888489
22070,320.7,0.6,110.642064589
22080,320.7,0.5,79.174007894
22090,276.7,0.6,90.3593181015
22100,431.4,0.5,81.1836687434
22110,277.8,0.9,152.861468336
22120,266.4,0.7,111.426823854
22130,365.7,0.4,52.8990425097
22140,316.5,0.8,137.845523324
22150,248.7,0.6,96.006563463
22160,362.0,0.8,159.65003458
22170,473.7,0.7,126.318846719
22180,420.6,0.5,90.8033769619
22190,362.4,0.8,160.01047577
22200,352.8,0.7,133.259083637
22210,383.3,0.8,149.656184004
22220,343.7,0.7,135.594236611
22230,343.9,0.7,129.922781184
22240,345.3,0.6,101.949309833
22250,434.9,0.5,85.2925126358
22260,348.2,0.8,162.365332935
22270,325.6,0.8,123.870595965
22280,291.5,0.9,154.242842404
22290,275.1,0.7,107.47932005
22300,268.9,0.8,143.710964964
22310,342.2,0.6,105.435983641
22320,288.6,0.6,73.1849003429
22330,354.9,0.8,151.788375668
22340,272.0,0.8,136.660071862
22350,326.4,0.6,99.3390798042
22360,348.5,0.8,142.314185233
22370,342.3,0.7,129.764677912
22380,246.5,0.5,77.0118645243
22390,297.4,0.8,141.966200206
22400,328.6,0.6,98.9587052401
22410,296.4,0.8,127.619236812
22420,254.7,0.5,68.4794415265
22430,369.0,0.9,171.34553631
22440,281.8,0.7,118.338233511
22450,315.5,0.4,50.4744765465
22460,283.0,1.0,179.413694768
22470,351.7,0.6,93.2114051863
22480,349.0,0.8,151.777380544
22490,334.8,0.5,75.34199903
22500,322.3,0.3,33.8612286512
22510,311.1,0.8,138.697212388
22520,425.8,0.6,121.148026763
22530,337.8,0.7,126.024487126
22540,307.6,0.6,91.5324487885
22550,290.3,0.8,145.942139664
22560,375.0,0.8,150.805951305
22570,280.0,1.0,189.643601925
22580,355.4,0.7,137.755851849
22590,335.2,0.3,28.3103341412
22600,282.5,0.8,130.901014845
22610,403.9,0.5,69.4940260215
22620,295.7,0.8,132.396357572
22630,305.8,0.9,148.550084296
22640,246.1,0.3,8.33446387397
22650,415.2,0.6,105.128652143
22660,389.3,0.6,100.204940444
22670,228.1,0.3,23.6131995946
22680,255.5,0.5,68.2669487704
22690,367.8,0.7,108.091739976
22700,373.0,0.7,119.272705825
22710,368.4,0.6,103.769658921
22720,274.6,0.6,91.3781078929
22730,350.8,0.7,122.281335961
22740,283.9,0.8,142.001749429
22750,293.0,0.9,169.053990623
22760,350.8,0.6,104.238051367
22770,288.9,0.8,152.803716154
22780,284.2,0.6,88.0032048428
22790,304.7,0.9,175.296738643
22800,281.9,0.9,163.98157803
22810,299.8,0.5,64.9583805327
22820,412.8,0.7,120.613822162
22830,346.0,0.6,98.2754219833
22840,302.2,0.9,159.135830873
22850,462.2,0.7,135.552227856
22860,360.6,0.7,120.16350247
22870,349.2,0.7,126.912224851
22880,355.2,0.6,106.225069667
22890,308.8,1.0,195.456803146
22900,312.4,0.9,162.821769141
22910,273.9,0.8,142.286405026
22920,422.0,0.5,97.6246175413
22930,255.0,0.6,94.9064685979
22940,354.2,0.6,103.745438248
22950,300.3,0.8,132.426059972
22960,277.0,0.8,137.576610344
22970,435.9,0.6,120.560661473
22980,426.0,0.5,102.865816612
22990,384.2,0.9,168.222265022
23000,423.4,0.6,124.592277772
23010,261.2,0.5,65.5203166292
23020,505.6,0.6,122.570479053
23030,349.9,0.7,133.540951862
23040,263.9,0.4,42.1059135284
23050,320.6,0.5,76.1022282871
23060,242.9,0.6,89.9827100328
23070,297.0,1.0,189.736888854
23080,285.3,0.6,98.1554932673
23090,364.4,0.7,133.574143452
23100,320.3,0.8,148.002621377
23110,305.2,0.8,143.698912072
23120,262.2,0.8,144.133439475
23130,534.1,0.6,131.043414028
23140,404.7,0.6,113.47883292
23150,423.3,0.7,151.494240864
23160,311.2,0.6,105.502444821
23170,243.0,0.7,133.945399682
23180,257.2,0.6,102.533265786
23190,388.6,0.8,156.158361811
23200,266.9,0.8,129.315238844
23210,348.1,0.7,127.460357444
23220,276.6,0.5,43.6509314795
23230,337.7,0.5,84.8769351702
23240,337.8,0.7,128.713323811
23250,254.5,0.8,145.556796845
23260,346.0,0.8,156.715156711
23270,258.7,0.8,141.133162638
23280,402.1,0.5,90.3101714823
23290,275.1,0.8,133.689414411
23300,339.3,0.5,80.0841561444
23310,286.9,0.9,177.278996379
23320,321.3,0.4,58.2603209348
23330,257.2,0.6,86.5288795369
23340,280.7,0.8,136.43361574
23350,412.2,0.7,148.079367057
23360,264.1,0.9,166.454911487
23370,362.0,0.6,94.0062351669
23380,485.6,0.4,91.0255095186
23390,267.1,0.6,94.422813113
23400,261.3,0.6,104.30419459
23410,389.0,0.5,64.5880241712
23420,319.2,0.5,82.3563820883
23430,256.9,0.5,61.7159802386
23440,398.4,0.5,90.8455747313
23450,362.0,0.8,157.144111713
23460,347.9,0.7,125.368983043
23470,259.2,0.6,98.6161009869
23480,314.4,1.0,173.288920458
23490,468.7,0.3,58.919065561
23500,260.4,0.7,128.054263921
23510,431.4,0.6,116.880849652
23520,338.4,0.6,107.712329988
23530,315.4,0.8,137.456854803
23540,381.3,0.7,136.424166162
23550,300.3,0.9,163.49794278
23560,406.6,0.5,92.8843030445
23570,275.3,0.8,138.605471316
23580,287.4,0.6,85.4206363527
23590,347.6,0.8,150.078710741
23600,354.5,0.6,84.714286556
23610,323.7,0.4,54.3208489531
23620,289.8,0.9,165.809089703
23630,303.1,0.8,125.770349316
23640,350.5,0.7,135.952381406
23650,350.1,0.6,109.274306891
23660,431.2,0.7,153.157888814
23670,288.0,0.9,163.080282408
23680,295.4,0.9,160.259151767
23690,258.9,0.8,147.594249458
23700,414.5,0.6,112.364005484
23710,265.1,0.9,171.152456183
23720,259.7,0.6,90.0296986029
23730,333.1,0.7,121.921619532
23740,337.0,0.6,110.809175206
23750,328.2,0.7,129.222659524
23760,268.8,0.6,89.2932005871
23770,297.7,0.8,141.629813955
23780,279.5,0.7,120.181158573
23790,362.5,0.7,133.396511471
23800,293.4,1.0,190.018443931
23810,344.5,0.7,129.372897939
23820,357.6,0.6,105.674085823
23830,248.7,0.6,83.1637162616
23840,249.4,0.6,95.1135271911
23850,282.7,0.9,158.451372119
23860,320.5,0.7,125.455790467
23870,232.2,0.4,40.0331513791
23880,272.5,0.8,151.388171558
23890,253.9,0.6,104.797529133
23900,268.7,0.8,130.383789544
23910,276.8,0.7,101.069816524
23920,327.4,0.4,53.7979139904
23930,361.8,0.7,125.046438576
23940,330.1,0.6,106.228147697
23950,331.0,0.6,92.3737042035
23960,232.3,0.6,84.300468098
23970,296.7,0.8,149.73767311
23980,268.3,0.7,105.029714792
23990,265.0,0.7,128.809321034
24000,408.7,0.4,52.8754446629
24010,279.9,0.9,164.533298389
24020,297.4,0.8,136.245130378
24030,320.1,0.6,106.60689699
24040,262.2,0.8,126.178435038
24050,307.1,0.9,164.224786835
24060,321.0,0.5,74.0354453733
24070,339.4,0.9,176.090647715
24080,389.5,0.8,150.05534658
24090,391.7,0.7,130.566359247
24100,352.7,0.5,75.2533207202
24110,323.0,0.6,123.345926682
24120,335.9,0.9,161.439830153
24130,327.6,0.7,130.997067064
24140,263.3,0.7,113.502985151
24150,472.7,0.6,116.32997889
24160,260.2,0.8,140.852607603
24170,260.0,0.7,112.263410361
24180,266.1,0.7,118.857956552
24190,287.9,0.8,127.139670656
24200,277.7,0.8,129.275498481
24210,352.0,0.9,189.177277198
24220,341.8,0.9,172.655459603
24230,262.1,0.9,159.415602102
24240,272.1,0.8,131.455839431
24250,274.5,0.6,90.6973645267
24260,258.1,0.9,165.489553885
24270,438.4,0.6,115.863286366
24280,267.0,0.7,119.449730242
24290,338.8,0.6,114.379669796
24300,223.2,0.5,67.4476753316
24310,277.3,1.0,185.137694164
24320,327.8,0.6,106.601874741
24330,216.7,0.3,23.0982774125
24340,326.4,0.5,91.2708078903
24350,470.7,0.5,107.375399049
24360,286.2,1.0,182.880553845
24370,311.0,0.4,53.1310119581
24380,405.9,0.6,114.460486427
24390,268.0,0.9,150.788307991
24400,278.7,0.8,148.319647296
24410,270.6,0.9,165.651894062
24420,275.7,0.7,110.38913125
24430,208.1,0.4,58.6110827547
24440,253.0,0.8,145.700552368
24450,331.6,0.6,106.04409497
24460,339.9,1.0,202.82825805
24470,329.0,0.6,106.08460628
24480,262.4,0.8,131.934603361
24490,267.9,0.7,116.486287116
24500,339.0,0.6,103.210700745
24510,269.9,0.6,74.1512472518
24520,259.4,0.8,134.457441634
24530,331.3,0.6,98.2405091525
24540,288.4,0.9,169.301011623
24550,256.6,0.7,120.361984695
24560,352.6,0.5,90.7216893013
24570,342.0,0.7,125.293979582
24580,358.4,0.9,178.323041028
24590,351.3,0.9,173.416697466
24600,272.2,0.7,103.812961358
24610,335.3,0.6,111.168245728
24620,272.0,0.8,133.513532334
24630,268.5,0.5,78.9967169874
24640,340.5,0.8,154.478604983
24650,329.6,0.5,71.522603847
24660,352.9,0.6,88.0484063441
24670,310.1,0.7,133.984433338
24680,270.6,0.8,148.722897519
24690,465.7,0.3,60.0863139634
24700,542.5,0.6,124.552247889
24710,455.1,0.8,158.787119746
24720,250.8,0.6,88.2893798518
24730,371.1,0.8,132.760830415
24740,283.5,0.6,99.7007637416
24750,357.9,0.7,127.279673777
24760,250.2,0.9,155.494556857
24770,257.3,0.6,85.0536124348
24780,273.4,0.7,98.6002555629
24790,360.5,0.9,163.843274484
24800,269.0,0.7,114.509834708
24810,354.9,0.9,175.667677666
24820,280.8,0.6,82.3564206642
24830,345.0,0.7,131.447447647
24840,269.8,0.7,102.491189108
24850,330.6,0.7,92.6325602147
24860,435.1,0.7,145.329074402
24870,284.8,0.6,84.5923297408
24880,340.1,1.0,181.389758252
24890,338.1,0.5,74.6935755762
24900,324.2,0.5,86.5112024767
24910,274.3,1.0,194.358633183
24920,255.2,0.6,90.2493763203
24930,270.5,0.7,112.110959169
24940,266.0,0.7,109.639730439
24950,263.1,0.6,90.4028449929
24960,275.3,0.6,83.344406282
24970,276.9,0.8,131.049303116
24980,293.6,0.8,147.21414024
24990,361.0,0.5,93.8187822198
25000,231.3,0.4,38.5202192214
25010,252.3,0.8,148.829897298
25020,278.9,0.9,152.164675332
25030,303.0,0.7,112.593483999
25040,405.1,0.7,123.916382146
25050,295.8,1.0,187.202207804
25060,324.3,0.4,47.1638176879
25070,339.7,0.6,100.343992862
25080,266.1,0.6,105.914998748
25090,331.0,0.6,109.748978743
25100,330.1,0.7,126.4669667
25110,253.0,0.7,113.076851905
25120,275.1,1.0,196.68990291
25130,269.8,0.9,162.753083012
25140,262.7,0.8,141.321747094
25150,310.3,0.9,149.868411139
25160,270.8,0.8,142.807243377
25170,323.2,0.5,81.2311042783
25180,258.9,0.7,126.312686583
25190,258.4,0.8,135.858336096
25200,433.1,0.6,115.415455417
25210,275.0,0.9,164.085222774
25220,345.9,0.8,133.574598113
25230,277.4,0.8,148.960369441
25240,313.4,1.0,202.072150994
25250,400.2,0.5,102.016092237
25260,250.4,0.6,97.8796526156
25270,296.6,1.0,187.466058376
25280,317.5,0.8,126.488490983
25290,263.3,0.8,152.193981567
25300,355.4,0.8,159.93944421
25310,376.8,0.5,68.1886421837
25320,266.6,0.7,123.685037252
25330,398.8,0.5,102.15635334
25340,273.9,0.6,83.7588589811
25350,348.6,0.6,106.348410061
25360,251.9,0.6,92.7386054328
25370,311.0,0.2,0.571712662417
25380,355.3,0.7,127.686157584
25390,342.2,0.5,79.7834258311
25400,252.5,0.5,72.6619084319
25410,268.3,0.7,135.732054221
25420,261.5,0.6,80.9389932173
25430,391.4,0.4,69.2348230563
25440,351.0,0.8,131.288494338
25450,314.5,0.6,115.447156031
25460,305.0,0.7,91.2165510478
25470,236.9,0.3,8.28368117055
25480,422.1,0.6,118.154258525
25490,344.5,0.6,84.0538291981
25500,278.2,0.9,171.231326914
25510,324.1,0.7,144.631749903
25520,339.9,0.6,99.7677435297
25530,248.5,0.7,123.785103205
25540,268.0,0.6,97.2230998561
25550,266.8,0.6,75.0354024965
25560,386.4,0.5,96.5791948328
25570,261.0,0.8,140.502876676
25580,246.9,0.7,115.231949773
25590,362.5,0.6,110.897859774
25600,260.7,0.9,167.76423608
25610,346.5,0.7,124.548986791
25620,281.3,0.7,114.982438333
25630,340.2,0.7,128.712262849
25640,312.5,0.5,74.7381632364
25650,352.7,0.7,127.999480168
25660,243.3,0.6,102.048458417
25670,220.0,0.5,75.5016598441
25680,336.4,0.6,107.617984773
25690,327.7,0.7,131.979222377
25700,255.3,0.7,126.829853871
25710,287.6,0.9,146.82728506
25720,249.8,0.8,153.722565319
25730,251.5,0.8,135.443181286
25740,252.7,0.6,87.1333586059
25750,283.9,0.8,142.77761171
25760,251.8,0.7,126.598042452
25770,407.4,0.6,113.333517935
25780,240.1,0.5,62.8851507138
25790,240.3,0.7,121.075422741
25800,258.4,0.8,141.702649288
25810,248.4,0.6,81.8155274943
25820,247.3,0.7,112.074602459
25830,391.8,0.4,72.8517412629
25840,300.5,0.9,172.062053917
25850,238.6,0.7,135.020446094
25860,256.4,0.8,152.275946565
25870,248.2,0.6,84.4658659045
25880,348.2,0.9,186.201141669
25890,271.9,0.3,22.1257408319
25900,341.5,0.7,132.395598499
25910,266.5,0.9,179.866427821
25920,283.8,0.6,81.1213201874
25930,318.1,0.7,140.15181852
25940,243.8,0.7,122.278009409
25950,352.2,0.7,122.815098392
25960,243.6,0.7,112.289033753
25970,252.0,0.7,114.937136412
25980,212.1,0.4,46.7676931607
25990,257.0,0.7,125.784001499
26000,258.3,0.9,160.7567057
26010,344.4,0.5,69.9230171471
26020,367.8,0.8,144.499685557
26030,254.0,0.7,101.746837002
26040,235.8,0.7,119.927964388
26050,345.3,0.7,125.64565912
26060,244.0,0.8,139.131189291
26070,324.4,0.6,103.786275071
26080,241.0,0.7,115.828422617
26090,468.3,0.4,79.2876889211
26100,346.4,1.0,183.244964976
26110,280.0,0.8,119.635221062
26120,287.1,0.4,45.4434532077
26130,226.9,0.6,92.6929014815
26140,423.8,0.5,93.7496036521
26150,269.6,0.7,122.475155344
26160,236.3,0.6,90.7177767679
26170,264.1,0.8,142.555712496
26180,259.0,0.7,112.921366967
26190,298.4,0.6,82.4507538324
26200,258.2,0.7,100.582388356
26210,350.2,0.4,49.6703496688
26220,405.8,0.5,100.089775682
26230,345.3,0.9,162.62283965
26240,331.1,0.6,101.103886179
26250,271.8,1.0,189.45660849
26260,324.5,0.4,55.1415753675
26270,263.2,0.6,98.3915882688
26280,426.8,0.8,159.278794861
26290,266.3,0.7,113.775574217
26300,269.8,0.8,142.031818877
26310,351.2,0.7,126.38947125
26320,287.8,0.8,145.306162614
26330,352.7,0.7,123.804788922
26340,265.2,0.7,109.379507134
26350,298.5,0.7,114.207445916
26360,305.9,0.7,111.726282077
26370,336.8,0.8,168.237439933
26380,321.9,0.9,161.335155935
26390,245.9,0.6,89.4035830779
26400,263.4,0.7,110.473561222
26410,292.0,0.7,101.078605237
26420,350.0,0.6,94.643861491
26430,286.1,0.9,166.317663201
26440,340.8,0.7,117.524102819
26450,340.9,0.8,138.851686594
26460,418.8,0.7,134.175642545
26470,317.9,0.9,159.02564456
26480,295.7,0.9,167.418328345
26490,261.6,0.7,113.506882281
26500,365.6,0.8,160.500244382
26510,283.1,0.8,145.066369636
26520,337.1,0.8,140.00598898
26530,316.5,0.7,118.824652783
26540,269.6,0.8,142.432811866
26550,433.0,0.6,124.201950759
26560,383.7,0.8,156.783040003
26570,329.3,1.0,180.111496622
26580,278.3,0.7,119.72068616
26590,341.2,0.9,176.422180521
26600,355.7,0.5,67.7863222312
26610,473.2,0.6,109.474000242
26620,415.0,0.4,64.1091314041
26630,305.8,0.8,141.254194739
26640,484.0,0.3,56.2381928856
26650,262.5,0.5,59.0121365764
26660,296.6,0.6,100.201783774
26670,294.4,0.9,166.624711183
26680,427.9,0.4,61.4458493897
26690,347.2,0.7,122.769594344
26700,268.8,0.4,31.1416904348
26710,434.2,0.7,140.329941388
26720,504.4,0.8,164.592921855
26730,493.0,0.5,104.726268289
26740,274.9,0.7,110.323946925
26750,284.3,0.9,154.133751528
26760,302.6,0.9,166.700842843
26770,455.4,0.8,168.935512725
26780,350.2,0.6,103.085897091
26790,324.0,0.7,110.912895864
26800,345.2,0.8,128.342805175
26810,403.1,0.8,159.359615195
26820,332.0,0.7,109.909040344
26830,271.0,0.7,138.037432217
26840,404.5,0.5,90.1935690439
26850,419.3,0.8,147.669385997
26860,341.9,0.6,110.049269469
26870,296.8,0.7,121.475003878
26880,444.9,0.8,153.712206861
26890,262.4,0.6,90.5025438753
26900,278.1,0.8,143.489790935
26910,490.8,0.6,131.757399791
26920,432.0,0.8,173.179455879
26930,280.3,0.7,119.388713525
26940,289.4,0.8,135.068933099
26950,258.9,0.6,102.205583357
26960,279.8,0.8,149.841241629
26970,309.0,0.6,84.4794670921
26980,308.6,0.9,160.138745584
26990,275.4,0.7,129.255015182
27000,276.5,0.6,90.6883455725
27010,398.2,0.4,71.3766554423
27020,395.1,0.3,54.3182895455
27030,318.8,0.8,132.469345567
27040,340.6,0.6,98.0788352967
27050,272.2,0.8,145.324082808
27060,447.2,0.7,124.656513679
27070,288.9,0.9,168.766518004
27080,361.8,0.7,126.744584534
27090,333.3,0.5,73.6336456624
27100,267.9,0.6,101.370820289
27110,392.1,0.8,147.406994258
27120,292.2,0.8,140.631707173
27130,288.1,0.7,118.816059776
27140,356.2,0.8,158.176112213
27150,256.5,0.6,83.0849751936
27160,285.2,0.8,143.062388373
27170,316.6,0.8,132.202345721
27180,299.2,0.8,140.952462457
27190,297.4,0.6,81.5555060322
27200,434.0,0.7,134.708488564
27210,288.2,0.7,107.372174339
27220,274.7,0.8,142.083354797
27230,405.9,0.7,150.23902366
27240,422.4,0.6,122.42956695
27250,344.3,0.6,104.372652706
27260,434.1,0.7,137.271107718
27270,265.4,0.6,100.64789033
27280,465.1,0.6,108.052341067
27290,383.7,0.9,167.381470418
27300,359.9,0.9,171.601383895
27310,365.1,0.7,123.815208053
27320,344.8,0.6,95.6206535234
27330,270.8,0.7,117.653427117
27340,276.6,0.9,175.033569642
27350,268.1,0.5,73.4791087247
27360,352.3,0.8,156.806796052
27370,320.7,0.8,118.897648736
27380,339.7,0.8,152.614923616
27390,294.7,0.8,150.416149195
27400,268.3,0.7,113.973631327
27410,380.4,0.7,114.121015374
27420,336.4,0.9,158.133841183
27430,272.8,0.8,133.776318061
27440,294.4,0.8,137.619046056
27450,274.4,0.7,113.007253306
27460,244.4,0.7,130.736275105
27470,357.8,0.7,145.693778381
27480,304.0,0.7,104.986573316
27490,291.2,0.7,117.070602716
27500,254.1,0.9,176.990937327
27510,342.9,0.7,131.710014725
27520,325.5,0.9,152.778321321
27530,278.0,0.8,142.800735003
27540,339.4,0.6,94.6429893848
27550,348.2,0.7,138.747483733
27560,285.7,0.8,134.425830644
27570,338.3,0.7,135.083530362
27580,363.5,0.6,100.974967388
27590,348.1,0.9,187.819475707
27600,341.1,0.6,105.875323641
27610,341.0,0.6,94.6851307202
27620,246.7,0.6,78.7347453344
27630,246.1,0.6,95.9486321461
27640,263.6,0.9,172.176417847
27650,333.7,0.6,103.44461365
27660,324.4,0.5,76.6354714464
27670,289.1,1.0,183.508956069
27680,259.0,0.8,145.455000136
27690,274.9,0.8,134.065490012
27700,277.9,0.6,89.4445948612
27710,305.1,0.7,102.280123283
27720,269.3,0.8,148.779107176
27730,282.5,0.8,135.300902985
27740,335.6,0.7,111.367459291
27750,274.2,0.6,92.9949269018
27760,344.7,0.6,96.1341898029
27770,307.5,1.0,179.736422716
27780,340.0,0.5,81.7856402334
27790,261.2,0.6,83.9133931691
27800,294.1,0.6,78.1885787072
27810,344.2,0.4,48.0859118773
27820,276.8,0.9,155.617524471
27830,355.3,0.7,134.836301621
27840,301.8,0.7,108.773097584
27850,362.7,0.8,165.797998717
27860,369.0,0.7,113.422506449
27870,349.0,0.7,125.337535327
27880,277.0,0.8,138.57791951
27890,265.2,0.7,114.085151856
27900,422.5,0.5,105.004046794
27910,317.0,0.8,143.216541233
27920,398.9,0.9,157.021400989
27930,286.6,1.0,186.527483694
27940,424.3,0.6,124.403091871
27950,342.5,0.9,156.671442216
27960,331.8,0.6,108.176068412
27970,333.0,0.5,83.3700775152
27980,260.8,0.6,87.5701135165
27990,384.7,0.9,171.325668912
28000,247.2,0.7,113.786453178
28010,339.6,0.4,49.6811074869
28020,434.7,0.7,137.581951717
28030,271.3,0.8,145.424231433
28040,340.0,0.7,132.194734617
28050,272.3,0.9,171.635769865
28060,412.4,0.8,148.159900611
28070,277.7,0.9,152.124521111
28080,351.1,0.7,134.855914113
28090,453.5,0.5,81.8798831554
28100,333.3,0.7,135.596388261
28110,289.4,0.9,157.931019212
28120,334.7,0.7,127.882835123
28130,260.9,0.6,86.3903309462
28140,284.4,0.8,136.153814018
28150,280.2,0.7,103.642506252
28160,277.2,0.9,165.958658476
28170,337.5,0.5,84.4551797729
28180,367.2,0.8,153.434838807
28190,240.8,0.7,118.093349643
28200,253.1,0.6,89.6513949783
28210,340.6,0.7,130.634943779
28220,269.1,1.0,192.578398097
28230,449.7,0.4,60.1571822013
28240,269.0,0.8,146.771030696
28250,343.7,0.4,47.0643087038
28260,375.2,0.8,149.021754143
28270,313.2,0.6,90.5225882459
28280,414.2,0.5,85.2160912512
28290,445.3,0.8,161.833281654
28300,343.8,0.7,139.721217951
28310,271.4,0.7,113.303104679
28320,347.1,0.6,106.856471363
28330,295.5,0.8,143.824195374
28340,342.4,0.7,129.516854821
28350,341.7,0.6,110.458884092
28360,341.0,0.7,135.013134985
28370,353.1,0.8,145.396305286
28380,287.8,0.7,102.422595053
28390,290.4,0.9,168.550149596
28400,280.9,1.0,187.174054851
28410,257.8,0.6,85.8814043544
28420,332.8,0.5,81.4770771089
28430,310.8,0.7,100.982760913
28440,406.5,0.4,64.5640950379
28450,387.8,0.7,114.523087793
28460,363.8,0.8,120.50342062
28470,360.4,0.7,134.943560315
28480,453.6,0.5,82.9567691972
28490,374.2,0.8,156.1177072
28500,281.4,0.7,109.118826307
28510,368.2,0.8,151.232189153
28520,281.3,0.8,139.85879564
28530,262.3,0.6,88.1011082713
28540,364.4,0.8,154.226538167
28550,273.0,0.8,128.549688136
28560,265.1,0.7,113.313553112
28570,371.1,0.9,173.894231924
28580,287.8,0.9,166.578078099
28590,306.7,0.8,144.079350501
28600,384.7,0.8,146.316723355
28610,275.4,0.8,139.647806689
28620,338.0,0.4,60.5096707683
28630,286.0,0.6,77.7850938734
28640,236.2,0.4,46.1380641562
28650,273.1,0.6,93.9938603995
28660,259.1,0.4,48.3946011812
28670,439.8,0.5,98.8127893763
28680,339.6,0.5,71.3229556077
28690,334.7,0.7,136.362837103
28700,276.2,0.6,90.9011869687
28710,344.0,0.7,130.044093949
28720,311.8,0.8,130.164636294
28730,355.8,0.6,98.0226282204
28740,515.7,0.6,120.829615741
28750,354.1,0.6,98.5105986665
28760,341.3,0.5,79.1840065197
28770,420.6,0.4,63.4876530431
28780,280.7,0.8,133.629574474
28790,301.5,0.8,143.210761477
28800,266.0,0.7,127.565394567
28810,349.0,0.5,77.7645903501
28820,301.3,0.9,154.344571204
28830,308.1,0.7,125.043626491
28840,408.3,0.4,76.8009710454
28850,333.4,1.0,169.540228076
28860,380.0,0.9,169.835300678
28870,276.7,0.7,114.294673701
28880,434.2,0.7,135.238092584
28890,301.2,0.9,154.518557618
28900,362.9,0.6,98.2421749351
28910,282.6,0.8,137.867721348
28920,294.2,0.8,137.912140564
28930,379.1,0.3,49.7468205144
28940,300.9,0.8,142.935308672
28950,426.2,0.5,90.2847440558
28960,296.4,1.0,197.94001021
28970,289.6,0.7,109.689350493
28980,271.3,0.7,116.93699992
28990,360.2,0.7,127.195235382
29000,354.1,0.6,94.0552723512
29010,348.0,0.6,95.6215645763
29020,341.1,0.7,138.527246273
29030,256.4,0.5,67.6067617432
29040,303.3,0.8,128.695377987
29050,300.7,0.5,51.6088899505
29060,304.0,0.6,80.1777493916
29070,321.5,1.0,180.916013019
29080,389.0,0.8,143.804825978
29090,247.0,0.7,112.040609998
29100,339.2,0.6,99.6716108733
29110,339.4,0.6,103.555815379
29120,449.4,0.8,170.307436684
29130,274.2,0.4,27.3996251974
29140,329.9,0.5,84.6297765073
29150,296.4,0.9,169.388324433
29160,406.5,0.6,126.343947244
29170,268.3,0.8,145.868380128
29180,297.8,0.8,140.606298716
29190,369.9,0.9,183.849424086
29200,261.6,0.8,129.311094138
29210,263.3,0.9,162.408671993
29220,263.1,0.9,173.098454562
29230,272.8,0.7,116.521113365
29240,333.0,0.8,138.38748698
29250,356.0,0.6,87.4085695841
29260,365.2,0.8,156.458921262
29270,281.9,0.8,139.529906801
29280,340.9,0.7,132.816591416
29290,268.1,0.7,112.302302875
29300,328.0,0.6,106.043991501
29310,279.8,0.6,76.1776496822
29320,338.3,0.8,144.421783951
29330,255.9,0.7,128.829627691
29340,219.8,0.6,98.784935991
29350,350.5,0.8,141.075197075
29360,268.2,0.8,143.101860678
29370,250.0,0.6,80.2149575222
29380,234.8,0.7,116.48356857
29390,279.5,1.0,187.130043921
29400,254.4,0.6,88.8577351909
29410,306.5,0.7,115.795887097
29420,355.9,0.9,181.442005035
29430,391.0,0.8,158.358508601
29440,268.7,0.8,142.816974181
29450,422.2,0.6,101.508002433
29460,321.3,0.7,140.96677583
29470,345.1,0.7,134.485047199
29480,325.1,0.5,88.0601941524
29490,281.5,0.7,114.296627537
29500,344.5,0.4,11.9255931925
29510,336.4,0.6,106.221931913
29520,283.3,0.8,135.859177286
29530,345.6,0.7,130.494638191
29540,251.0,0.6,91.0598595246
29550,346.1,0.8,152.461243002
29560,354.7,0.5,65.8387794776
29570,267.7,0.7,128.872964938
29580,279.5,0.9,165.096046385
29590,279.6,0.8,139.873979022
29600,339.1,0.8,149.559669341
29610,247.2,0.6,81.9245054926
29620,402.8,0.6,116.705733812
29630,306.6,0.9,159.749888015
29640,324.7,0.4,50.3197076189
29650,397.1,0.4,67.7431211465
29660,301.6,0.7,99.9097224978
29670,344.5,0.7,122.138247829
29680,284.2,0.5,61.5572552769
29690,341.4,0.6,101.067999256
29700,368.4,0.5,81.2213612781
29710,267.3,0.8,143.51996213
29720,250.0,0.5,67.2200088791
29730,361.5,0.8,149.370906956
29740,283.4,0.8,140.617415206
29750,345.0,0.7,112.674878498
29760,415.2,0.4,65.8630100119
29770,352.1,0.8,154.162158983
29780,352.8,0.6,87.8841733073
29790,284.9,0.8,133.49885909
29800,338.2,0.6,91.1486403029
29810,256.3,0.6,82.6198111582
29820,281.0,0.7,110.003035631
29830,276.7,0.8,140.576803218
29840,322.3,0.6,83.4128990185
29850,343.3,0.6,102.510280849
29860,240.0,0.7,116.965678738
29870,282.5,0.8,139.015851929
29880,344.6,0.8,148.927538441
29890,270.8,0.8,144.371111052
29900,308.5,0.6,84.7115277027
29910,445.2,0.6,113.218249302
29920,296.0,0.8,137.70798328
29930,252.8,0.4,38.3249877292
29940,358.3,0.7,117.529208841
29950,274.7,0.7,102.348274317
29960,289.5,0.9,170.864477416
29970,279.7,0.8,141.769972368
29980,473.7,0.7,124.417723728
29990,337.2,0.6,98.2901858667
30000,327.9,0.5,73.7646028064
