20,93.65,0.0,-334.915250309
40,116.95,0.0,-375.676189214
60,152.15,0.0,-326.014457865
80,160.9,0.0,-237.926052487
100,149.7,0.0,-240.258217048
120,135.15,0.0,-273.194941932
140,156.7,0.0,-223.184177478
160,158.15,0.0,-198.818882205
180,224.65,0.0,-216.407008835
200,176.7,0.0,-140.560945542
220,234.65,0.0,-224.115213798
240,197.5,0.0,-206.089983537
260,241.65,0.0,-203.876679005
280,288.2,0.0,-213.42134539
300,179.9,0.0,-176.687170601
320,243.05,0.0,-162.038011177
340,322.35,0.0,-200.653643211
360,282.15,0.0,-164.756966066
380,270.65,0.0,-148.619882892
400,473.05,0.0,-127.259684047
420,417.75,0.0,-101.252698287
440,356.55,0.0,-77.8148231189
460,300.45,0.0,-85.7036218831
480,521.15,0.0,-65.3033443241
500,743.4,0.0,-66.9318930964
520,598.2,0.0,-49.2685786535
540,688.6,0.0,-63.1466201777
560,600.65,0.0,-49.1561818575
580,579.4,0.0,-35.5722023981
600,411.6,0.0,-62.8978213843
620,356.95,0.0,-32.6300691569
640,481.65,0.0,-58.1510758146
660,670.15,0.0,-56.4573163248
680,457.85,0.0,-96.3467009516
700,611.75,0.0,-69.9293171328
720,523.8,0.05,-50.4764051934
740,622.7,0.05,-11.6905501846
760,578.55,0.05,-1.02762973696
780,531.1,0.05,-21.6296519393
800,604.7,0.0,-1.92478466896
820,673.15,0.05,-17.6579888377
840,808.15,0.05,25.4967563864
860,779.1,0.0,-23.0132422884
880,822.45,0.0,8.94671478796
900,801.95,0.05,44.6091168604
920,739.95,0.0,14.4818498041
940,771.55,0.2,59.9946531387
960,706.9,0.2,74.6195379635
980,570.6,0.4,38.941011314
1000,539.85,0.8,119.960073659
1020,469.2,0.7,118.835313228
1040,403.5,0.65,113.59449398
1060,399.55,0.65,87.0870671913
1080,351.3,0.45,52.1582210599
1100,346.7,0.45,29.6105735686
1120,346.95,0.55,74.5294098546
1140,327.95,0.35,11.7891137648
1160,367.95,0.65,83.0180328686
1180,378.95,0.55,54.0400495742
1200,364.5,0.65,103.777011987
1220,441.2,0.65,91.3849177431
1240,418.1,0.7,116.747914751
1260,433.55,0.8,142.330757856
1280,535.75,1.0,163.565444771
1300,477.45,0.85,150.509537111
1320,544.35,0.9,139.922787691
1340,686.65,0.9,130.119029173
1360,679.9,0.9,114.581927754
1380,709.8,0.9,117.307271702
1400,653.3,0.95,135.246726595
1420,591.15,0.75,98.3985403125
1440,526.9,0.95,158.165284151
1460,506.3,0.95,162.83696897
1480,485.65,0.95,163.145815115
1500,416.9,0.9,163.766870208
1520,359.15,0.75,148.901192112
1540,320.15,0.75,148.067321885
1560,284.55,0.4,74.2213173277
1580,274.25,0.4,73.1988825238
1600,267.1,0.45,86.9356211082
1620,298.45,0.75,157.669645583
1640,242.25,0.3,50.4585724133
1660,286.45,0.55,107.458995345
1680,277.0,0.45,84.261061336
1700,281.4,0.45,69.1472338706
1720,272.55,0.45,78.4848323321
1740,302.4,0.65,115.199779007
1760,328.1,0.7,120.759466923
1780,349.65,0.7,119.868982383
1800,395.55,0.65,94.6841334147
1820,387.8,0.75,124.707065584
1840,391.8,0.65,97.2280854471
1860,443.1,0.8,124.600697511
1880,444.85,0.95,165.753602035
1900,433.35,0.95,168.522039754
1920,474.95,0.85,134.654556759
1940,454.9,0.95,175.177855633
1960,474.2,0.9,150.574449585
1980,451.15,1.0,183.145263336
2000,394.6,1.0,192.963804212
2020,371.65,1.0,194.67760082
2040,351.0,0.95,191.47911647
2060,382.95,0.95,189.337414534
2080,340.5,0.8,159.65550252
2100,324.85,0.85,168.968064464
2120,367.65,0.8,161.85909468
2140,334.45,0.9,180.305551795
2160,314.55,0.6,109.670897865
2180,343.8,0.85,168.399250888
2200,363.8,0.85,150.282162107
2220,352.8,0.8,147.152846805
2240,379.3,0.75,121.79791848
2260,339.15,0.6,95.4629610281
2280,372.0,0.9,162.310094031
2300,367.75,0.7,111.763972921
2320,337.5,0.6,86.3863710414
2340,405.45,0.7,101.480845337
2360,431.2,0.7,73.5930785608
2380,418.85,0.8,100.094439898
2400,518.05,0.75,85.1720769778
2420,512.2,0.65,60.919590021
2440,577.75,0.55,26.4273610693
2460,460.75,0.75,93.2649707004
2480,426.5,0.6,57.6773108045
2500,392.1,0.7,92.2827544311
2520,416.8,0.85,131.419772707
2540,400.1,0.75,127.246386451
2560,342.6,0.85,145.493057992
2580,333.45,0.7,117.688868982
2600,304.2,0.6,104.270951268
2620,347.8,0.75,132.940814754
2640,388.4,0.8,130.883459933
2660,359.55,0.75,123.729296407
2680,334.0,0.7,123.359560448
2700,330.05,0.75,142.530429241
2720,288.9,0.75,147.336286719
2740,311.45,0.85,162.65648346
2760,291.35,0.7,132.775197728
2780,358.45,0.85,156.942215012
2800,270.35,0.65,130.209728434
2820,298.85,0.85,171.272021807
2840,351.9,0.7,130.205640843
2860,343.85,0.9,169.116562275
2880,321.2,0.85,158.832104792
2900,380.4,0.9,183.474220581
2920,372.05,0.8,148.166889149
2940,358.55,0.9,173.755897771
2960,361.65,0.9,171.951169578
2980,395.75,1.0,187.50575205
3000,353.75,0.85,162.924190781
3020,387.3,0.9,169.952999537
3040,368.35,0.95,191.697379223
3060,413.7,0.95,179.440555073
3080,403.1,0.9,167.361292662
3100,383.2,0.9,169.792381031
3120,403.6,0.85,137.533225739
3140,399.55,0.9,161.996265985
3160,433.9,0.85,143.254983358
3180,421.5,0.9,171.617508384
3200,449.8,0.9,151.290726793
3220,474.65,0.95,152.322781128
3240,431.3,0.85,148.566245552
3260,510.85,0.85,144.82542296
3280,548.85,0.95,144.142347055
3300,609.75,0.85,114.395708185
3320,728.25,0.9,124.607368393
3340,863.35,0.6,51.9311650103
3360,866.35,0.45,24.0995374264
3380,841.4,0.4,17.3631113171
3400,910.8,0.3,-7.60469034911
3420,589.75,0.9,145.736895856
3440,559.75,0.95,147.436526733
3460,416.75,0.85,136.438446096
3480,423.4,0.75,117.376991067
3500,376.95,0.8,139.32116047
3520,380.65,0.95,169.136071031
3540,362.8,0.7,117.27443831
3560,370.95,0.9,162.508053645
3580,349.05,0.8,136.134320596
3600,352.0,0.65,81.6296735356
3620,374.15,0.8,133.238291145
3640,341.85,0.55,36.7867576217
3660,319.5,0.5,52.2816369902
3680,329.95,0.55,47.8085187564
3700,323.1,0.3,-25.6024127539
3720,378.05,0.55,18.8375662511
3740,364.45,0.45,-0.62761387893
3760,355.6,0.3,-66.1425195946
3780,392.7,0.3,-52.065595409
3800,486.3,0.45,-15.6698916476
3820,494.85,0.4,-48.6013534366
3840,666.8,0.55,-16.8042093252
3860,850.9,0.55,-32.9586722564
3880,891.3,0.2,-87.6072358041
3900,992.65,0.0,-97.082946845
3920,990.6,0.05,-70.9612771249
3940,955.45,0.4,11.2627508091
3960,766.6,1.0,124.705319821
3980,710.8,0.85,91.8487930629
4000,622.9,0.7,65.4256785298
4020,590.5,0.55,16.1200374396
4040,571.7,0.65,32.0223177165
4060,516.95,0.6,22.1672531544
4080,491.5,0.6,22.3792735638
4100,532.65,0.6,37.823610565
4120,492.7,0.6,28.734895813
4140,497.0,0.55,22.4497016813
4160,431.45,0.45,-7.06066449531
4180,441.5,0.4,-29.904706248
4200,451.85,0.4,-44.4092416687
4220,496.7,0.5,-36.7445611019
4240,523.1,0.8,70.7538253052
4260,543.1,0.4,-76.1906084432
4280,568.25,0.7,23.7751259469
4300,532.85,0.4,-73.6178015335
4320,602.5,0.65,-1.9939831851
4340,608.55,0.5,-37.6690168974
4360,641.2,0.55,-26.8234475876
4380,754.75,0.5,-69.4840201969
4400,842.45,0.5,-24.4272834032
4420,971.55,0.2,-98.3955230373
4440,999.65,0.0,-106.358835421
4460,1000.0,0.0,-126.26185607
4480,1000.0,0.0,-122.802463218
4500,1000.0,0.0,-131.624095036
4520,1000.0,0.0,-129.243771502
4540,1000.0,0.0,-111.947107822
4560,1000.0,0.0,-90.8287113411
4580,1000.0,0.0,-93.1233755849
4600,1000.0,0.0,-66.4798964821
4620,1000.0,0.0,-68.7942548941
4640,973.25,0.45,8.62082791803
4660,685.6,1.0,153.521823554
4680,556.0,1.0,160.791239641
4700,505.0,1.0,166.191442903
4720,443.9,1.0,195.729707189
4740,424.4,1.0,187.645065399
4760,395.9,0.95,178.122104514
4780,380.8,0.9,164.371664885
4800,355.85,0.85,149.721135847
4820,318.5,0.6,96.6701022337
4840,272.2,0.5,65.4830360958
4860,284.45,0.55,76.0943848491
4880,268.65,0.4,51.0616295028
4900,265.2,0.5,65.888503101
4920,289.1,0.6,98.5046420963
4940,236.7,0.45,65.2416021245
4960,291.1,0.4,40.8809290824
4980,278.55,0.4,44.9242270889
5000,251.65,0.3,29.4827633811
5020,312.1,0.55,73.4402003009
5040,341.85,0.7,99.5256967297
5060,309.25,0.6,83.22708745
5080,287.65,0.55,66.2797305286
5100,344.0,0.6,66.2485272528
5120,308.0,0.5,57.5174065841
5140,320.05,0.65,90.4049638075
5160,319.75,0.55,69.0816953875
5180,398.4,0.65,92.0791091732
5200,311.9,0.55,71.9646704859
5220,323.75,0.55,70.2910623619
5240,399.35,0.65,90.8380197677
5260,377.9,0.7,114.87525918
5280,376.1,0.7,108.22729175
5300,375.65,0.8,139.172246985
5320,384.3,0.9,162.218251378
5340,412.05,0.8,133.2334299
5360,419.15,0.85,146.804584032
5380,374.0,0.9,172.392878614
5400,397.45,0.8,147.728886733
5420,382.05,0.85,165.993766042
5440,452.1,0.9,166.326008306
5460,395.25,0.95,191.51574855
5480,411.65,0.95,189.019268669
5500,358.9,0.95,195.320857992
5520,375.1,1.0,203.598678872
5540,394.2,1.0,198.620025055
5560,399.85,0.95,202.743175312
5580,381.25,1.0,204.209666263
5600,402.4,1.0,195.815643375
5620,398.9,1.0,194.999381564
5640,421.3,1.0,191.982554977
5660,393.6,1.0,205.699472072
5680,416.8,1.0,193.590565474
5700,428.55,1.0,184.368354097
5720,404.0,1.0,196.421426149
5740,424.0,1.0,191.548857619
5760,419.7,1.0,182.078762905
5780,428.8,1.0,185.432247845
5800,412.6,1.0,196.188950818
5820,424.85,1.0,191.90077961
5840,419.85,1.0,194.345350864
5860,417.5,0.95,181.236626938
5880,443.5,1.0,189.795046652
5900,442.8,1.0,188.661276945
5920,463.05,1.0,182.425351858
5940,445.4,1.0,184.857114115
5960,435.7,1.0,190.812155732
5980,446.5,1.0,190.429147778
6000,465.8,1.0,184.675542249
6020,445.75,1.0,190.809030996
6040,417.8,1.0,192.307122376
6060,427.0,1.0,203.156871693
6080,431.65,1.0,195.930517226
6100,433.7,1.0,192.7804882
6120,395.9,1.0,202.581962749
6140,416.75,1.0,197.609929939
6160,419.1,1.0,191.060254202
6180,412.0,0.95,180.109331108
6200,414.35,1.0,192.041228961
6220,440.95,0.95,186.978631398
6240,411.35,1.0,199.190833309
6260,422.4,1.0,184.16047378
6280,400.75,0.95,193.149600063
6300,374.65,0.95,197.227479614
6320,350.35,1.0,206.877192545
6340,349.55,0.9,184.792347615
6360,409.55,0.95,195.184468179
6380,329.45,0.85,171.970561213
6400,350.1,0.95,197.226762963
6420,316.85,0.95,201.606867337
6440,320.9,1.0,210.981130283
6460,314.75,0.9,190.801204279
6480,318.85,1.0,204.521865069
6500,384.35,0.85,185.690496974
6520,335.25,0.85,184.498346822
6540,322.1,0.9,193.607888168
6560,315.9,0.9,190.298261667
6580,323.6,1.0,216.317144585
6600,321.1,0.95,202.039478143
6620,331.3,1.0,208.169978704
6640,316.15,0.95,195.547855038
6660,349.95,0.8,158.445043609
6680,417.65,1.0,191.144221557
6700,339.9,0.95,192.825078738
6720,331.5,0.8,154.763286477
6740,354.15,0.9,176.847369072
6760,316.05,0.65,123.442370291
6780,357.9,0.95,176.177340925
6800,325.85,0.9,180.179676796
6820,296.8,0.85,183.033208396
6840,347.15,0.9,174.798465221
6860,350.95,0.9,179.9418613
6880,332.9,0.95,193.969734034
6900,283.15,0.7,143.51951941
6920,312.1,0.95,197.862819266
6940,313.8,0.85,170.987017277
6960,313.1,0.7,137.229126887
6980,299.85,0.95,201.952957184
7000,317.0,0.9,185.259530329
7020,318.8,0.8,148.790836151
7040,321.85,0.85,165.443835545
7060,301.8,0.9,188.434706262
7080,352.0,0.85,156.790703859
7100,345.35,0.9,177.868349584
7120,301.5,0.9,190.799730793
7140,299.85,0.7,136.815237335
7160,356.7,0.9,171.311147517
7180,336.1,0.75,135.499013123
7200,329.8,0.8,147.565467958
7220,320.3,0.7,131.444381675
7240,318.55,0.7,129.068399987
7260,321.25,0.75,150.153195057
7280,372.3,0.85,161.73827593
7300,355.1,0.95,191.483935323
7320,327.9,0.8,151.397365989
7340,348.55,0.85,154.866205024
7360,355.55,0.8,155.708264389
7380,341.3,0.8,149.835431065
7400,352.15,0.8,145.06829763
7420,360.55,0.7,117.287840592
7440,358.05,0.8,128.587362023
7460,359.45,0.9,171.278527572
7480,394.3,0.85,146.481547185
7500,419.55,0.8,121.886700368
7520,405.2,0.85,150.095877835
7540,408.75,0.85,140.875882265
7560,377.55,0.9,160.25172181
7580,413.8,0.9,155.798761869
7600,457.45,0.85,135.522498069
7620,418.55,1.0,173.321082627
7640,401.4,0.95,176.072640129
7660,398.95,0.95,168.243577413
7680,343.8,0.8,152.068693193
7700,380.35,0.95,177.11131226
7720,408.85,0.85,153.616140032
7740,375.3,1.0,195.585412378
7760,401.75,1.0,189.109048277
7780,404.8,0.95,185.567412672
7800,398.5,0.8,135.709072697
7820,377.5,0.9,159.706248551
7840,399.85,0.95,178.307822175
7860,393.75,0.95,198.634870866
7880,392.9,0.95,182.287239955
7900,449.9,0.95,165.248295444
7920,440.25,0.85,147.056952454
7940,425.1,0.95,180.41336361
7960,425.9,0.95,178.581261017
7980,425.35,0.8,146.8112685
8000,425.7,0.85,166.410194806
8020,403.45,0.85,160.070861144
8040,468.5,0.85,168.739769641
8060,392.15,0.9,176.23085057
8080,429.55,0.95,175.221153245
8100,452.6,0.8,132.735257492
8120,504.9,0.75,143.084894507
8140,422.5,0.95,170.510316445
8160,446.35,0.9,154.731168657
8180,403.1,0.85,147.954546038
8200,432.3,0.85,139.273223886
8220,435.85,0.95,169.348874963
8240,516.9,0.85,170.876681098
8260,508.1,0.85,154.280060568
8280,460.4,0.85,153.302212063
8300,564.25,0.7,128.737764114
8320,447.75,0.9,161.957052241
8340,418.75,0.95,168.548129978
8360,416.2,0.8,134.428666688
8380,364.1,0.95,194.676229638
8400,454.9,0.9,182.630189399
8420,406.0,0.95,194.492853507
8440,366.4,1.0,202.042807719
8460,419.15,0.95,200.05870394
8480,440.55,0.85,184.614982777
8500,384.65,0.9,188.085340556
8520,473.05,0.75,162.585679852
8540,529.1,0.75,176.896690218
8560,376.6,0.95,194.999879204
8580,480.8,0.9,186.358490538
8600,377.5,0.95,196.500702843
8620,437.35,0.85,186.378445232
8640,437.3,0.85,174.309328564
8660,363.35,0.85,165.182144026
8680,444.25,0.75,135.596062876
8700,399.0,0.9,176.001749155
8720,308.5,0.95,201.479458777
8740,383.7,0.95,192.208486363
8760,405.6,0.8,176.646808066
8780,320.0,0.8,152.388913767
8800,382.85,0.7,147.573192669
8820,373.5,0.85,185.008603353
8840,312.45,0.85,169.418641089
8860,315.25,0.7,134.792719524
8880,315.6,0.75,132.19705021
8900,372.25,0.85,170.527486489
8920,356.95,0.9,175.978685506
8940,317.0,0.75,139.818662293
8960,381.15,0.85,161.44967351
8980,366.15,0.8,153.304893081
9000,309.45,0.7,130.271383546
9020,373.55,0.85,165.894014453
9040,337.55,0.75,136.665143756
9060,392.0,0.7,136.271314214
9080,367.3,0.9,164.185587723
9100,453.05,0.8,156.25912371
9120,484.05,0.6,108.237173257
9140,357.15,0.7,136.199319048
9160,353.05,0.75,124.740911843
9180,360.95,0.7,125.718696792
9200,375.65,0.7,125.356697302
9220,345.1,0.6,93.4800552615
9240,376.1,0.7,108.884545201
9260,354.95,0.65,106.849712133
9280,299.05,0.7,121.418874191
9300,335.45,0.6,102.218298712
9320,352.15,0.75,140.668301845
9340,317.15,0.8,149.108972234
9360,282.95,0.5,75.4704980119
9380,295.05,0.65,109.698518706
9400,279.35,0.5,77.4439632939
9420,290.65,0.65,110.285732281
9440,327.5,0.6,96.6770244659
9460,300.7,0.45,70.1815034472
9480,251.35,0.6,102.760364561
9500,400.45,0.65,114.003909072
9520,336.45,0.65,111.32540888
9540,283.8,0.65,106.340928833
9560,333.05,0.5,75.4627163714
9580,348.25,0.6,96.6963483285
9600,327.3,0.6,95.549416633
9620,326.2,0.65,114.982365881
9640,262.7,0.6,105.209291608
9660,303.3,0.9,171.393921618
9680,285.5,0.75,139.778102401
9700,319.6,0.55,86.7774535379
9720,313.65,0.5,85.2395180528
9740,331.2,0.45,65.539744929
9760,303.7,0.75,143.633838648
9780,323.0,0.7,127.493813882
9800,345.55,0.7,118.1605638
9820,338.75,0.7,127.486644281
9840,272.85,0.6,105.792610471
9860,331.65,0.8,158.129271778
9880,365.65,0.7,141.00827798
9900,352.25,0.65,116.545697339
9920,354.05,0.7,131.058579293
9940,329.05,0.6,91.5693058767
9960,352.95,0.75,138.397797118
9980,324.0,0.85,158.974304843
10000,305.25,0.95,192.887420037
10020,298.05,0.65,121.928608667
10040,349.2,0.65,125.50583644
10060,318.0,0.7,127.988364817
10080,332.95,0.75,160.279908016
10100,325.35,0.8,152.942821702
10120,312.9,0.7,120.826860647
10140,375.6,0.65,108.041988652
10160,346.8,0.8,138.68706326
10180,333.1,0.75,133.004177303
10200,394.4,0.8,134.501293435
10220,376.7,0.9,153.347590232
10240,373.6,0.8,143.702525191
10260,379.0,0.75,119.400292317
10280,392.45,0.7,104.697431168
10300,390.65,0.6,87.8302373479
10320,429.95,0.8,125.959818322
10340,467.4,0.65,92.9630557567
10360,471.35,0.8,136.294672534
10380,427.6,0.65,91.8375049528
10400,415.4,0.9,152.784319757
10420,462.4,0.85,132.729752516
10440,406.2,0.9,160.597083861
10460,440.2,0.9,153.917733453
10480,433.65,0.9,155.484439934
10500,393.9,0.8,129.832094849
10520,425.3,0.7,107.156308319
10540,429.7,0.9,165.128432566
10560,391.75,0.7,95.7064733546
10580,436.55,0.8,115.787039051
10600,347.2,0.7,117.233306635
10620,331.2,0.7,111.772409574
10640,352.95,0.55,75.8436691501
10660,340.3,0.95,175.658155514
10680,387.1,0.5,80.5099468704
10700,338.5,0.8,145.5600624
10720,307.15,0.75,143.65447256
10740,363.2,0.95,187.987864196
10760,306.8,0.95,197.006557636
10780,290.95,0.75,148.242682251
10800,303.2,0.85,173.728577769
10820,373.55,0.8,153.412297479
10840,351.35,0.75,139.749573764
10860,300.2,0.95,193.313268498
10880,317.0,0.8,160.084820434
10900,305.9,0.95,198.740488468
10920,263.05,0.7,140.724946382
10940,293.6,0.95,195.408876368
10960,258.65,0.85,182.688434629
10980,287.6,0.75,144.014853246
11000,291.45,0.9,187.729542985
11020,314.8,0.8,158.146768656
11040,288.5,0.9,194.941752465
11060,256.15,0.75,158.384349499
11080,311.9,0.75,163.411300939
11100,288.2,0.85,180.859134035
11120,287.2,0.9,184.359446244
11140,288.3,0.7,151.73499715
11160,279.95,0.85,179.79429187
11180,370.65,0.7,134.06739381
11200,330.5,0.9,178.412434284
11220,277.25,0.8,157.965627221
11240,292.4,0.95,202.987030205
11260,290.6,0.85,177.657412204
11280,275.05,0.85,179.497503692
11300,295.0,0.9,182.687104501
11320,320.75,0.95,200.09156605
11340,281.85,0.8,166.270300493
11360,299.1,0.9,182.077811955
11380,339.95,0.95,203.443315219
11400,382.5,0.9,188.998316839
11420,313.45,1.0,204.8974078
11440,297.65,0.9,180.415572045
11460,349.35,0.85,169.756451711
11480,309.0,0.8,165.332197522
11500,338.45,0.9,189.427935144
11520,328.6,0.9,175.251610228
11540,292.35,0.95,205.576424257
11560,376.95,0.85,185.70526743
11580,354.75,0.9,182.442449894
11600,322.3,1.0,203.724240306
11620,317.25,1.0,208.40656923
11640,286.95,0.8,166.457992891
11660,285.1,0.9,185.921333077
11680,298.85,1.0,210.565584921
11700,295.3,0.85,177.17110514
11720,295.7,0.85,172.78262142
11740,335.9,0.85,176.648738745
11760,284.8,0.85,170.962334726
11780,290.2,0.8,153.038246131
11800,278.05,0.9,190.754270799
11820,279.4,0.95,200.056738497
11840,292.85,0.95,205.590090581
11860,298.1,0.95,197.790813569
11880,279.0,0.75,143.409164198
11900,319.85,1.0,216.358930265
11920,289.05,1.0,218.675885972
11940,317.25,0.85,180.202201989
11960,277.75,0.85,168.348052157
11980,279.5,0.9,195.361619131
12000,263.45,0.85,173.43820162
12020,262.65,0.8,161.127504037
12040,300.55,0.9,180.890671981
12060,299.25,0.95,190.499978538
12080,288.45,0.95,208.797702559
12100,264.15,0.9,189.036223369
12120,273.15,0.8,162.250891021
12140,261.45,0.85,181.176080061
12160,252.4,0.75,158.976951293
12180,265.4,0.75,155.431132053
12200,272.5,0.75,147.038218572
12220,298.85,0.95,207.662878622
12240,281.25,0.75,141.002629758
12260,274.35,0.9,192.651834817
12280,306.6,0.85,181.176027699
12300,295.0,0.85,170.49316201
12320,295.7,1.0,217.19827314
12340,275.1,0.8,158.839610676
12360,329.0,0.9,196.74063215
12380,311.8,0.9,190.425345876
12400,275.1,0.9,185.521896145
12420,299.8,0.75,154.8093177
12440,298.6,0.85,170.172840796
12460,343.65,0.9,191.435440451
12480,398.35,0.8,171.69207872
12500,279.8,0.9,190.104286615
12520,312.9,0.85,177.136971455
12540,339.45,0.85,173.150466903
12560,342.1,0.9,186.5058027
12580,342.3,0.85,182.165670011
12600,286.45,0.8,153.073142822
12620,306.8,0.75,148.31201359
12640,301.75,0.85,171.638158969
12660,326.45,0.9,181.301441215
12680,380.9,0.8,162.189896035
12700,299.15,0.85,165.098457554
12720,299.35,0.8,162.385332333
12740,310.85,0.9,186.944523861
12760,388.45,0.85,169.112463129
12780,396.15,0.85,176.978421726
12800,316.5,0.85,169.47159376
12820,397.95,0.9,183.001836453
12840,346.15,0.9,189.684560537
12860,308.15,0.85,161.047947277
12880,327.5,0.9,178.767393118
12900,309.95,0.8,157.837366526
12920,354.3,0.8,158.980371627
12940,295.35,0.85,167.058514884
12960,400.3,0.85,162.853903648
12980,341.25,0.8,164.340790357
13000,311.2,1.0,208.324375942
13020,335.85,0.75,148.320361589
13040,309.7,0.75,130.253321713
13060,362.7,0.65,117.17412032
13080,367.1,0.75,152.7698618
13100,303.15,0.8,154.949263263
13120,314.55,0.9,180.627674535
13140,336.3,0.65,116.563025067
13160,265.9,0.85,178.799011635
13180,358.25,0.7,136.38341945
13200,305.35,0.8,150.286986417
13220,304.6,0.8,148.948641205
13240,329.2,0.75,133.429238854
13260,289.35,0.75,135.664540949
13280,349.85,0.55,102.335956105
13300,270.0,0.8,161.877703086
13320,267.65,0.6,102.653704484
13340,250.1,0.7,132.654670101
13360,282.75,0.65,102.458673377
13380,264.85,0.6,94.2173840158
13400,281.0,0.55,107.903643669
13420,255.7,0.7,131.104689667
13440,269.9,0.55,84.9882299788
13460,266.75,0.75,138.760359585
13480,248.8,0.65,104.553557835
13500,268.4,0.8,155.623032979
13520,286.25,0.5,74.7016355441
13540,249.2,0.55,91.4965890652
13560,334.1,0.65,107.684013631
13580,295.6,0.65,119.21757024
13600,263.15,0.55,91.3055929178
13620,249.65,0.6,105.36078548
13640,270.8,0.8,151.464138884
13660,274.4,0.65,111.739396373
13680,302.85,0.7,133.913630833
13700,288.25,0.75,133.328074094
13720,294.55,0.75,137.958616673
13740,251.8,0.55,82.7601023535
13760,288.3,0.55,88.3416039414
13780,313.65,0.6,100.292986368
13800,293.45,0.55,91.2719900563
13820,290.65,0.6,105.202216285
13840,260.15,0.6,97.8466538563
13860,251.4,0.6,103.505729724
13880,224.1,0.35,34.8359110656
13900,235.2,0.3,26.4746917771
13920,223.25,0.45,59.3434513436
13940,272.4,0.65,104.935836988
13960,210.95,0.35,34.5894767584
13980,287.7,0.5,86.2977765261
14000,239.9,0.7,133.78289029
14020,232.95,0.55,98.5128723776
14040,244.0,0.55,94.7764094174
14060,237.9,0.55,85.8332657564
14080,267.4,0.55,94.0987476102
14100,335.3,0.55,105.879894056
14120,268.3,0.45,59.3440948876
14140,237.2,0.55,92.5785182616
14160,264.0,0.75,139.065895988
14180,285.6,0.75,139.189118494
14200,254.35,0.75,148.53390128
14220,253.3,0.6,107.11916759
14240,251.5,0.7,130.438991614
14260,271.45,0.65,111.352773926
14280,276.35,0.6,106.319116724
14300,277.05,0.55,87.0965471441
14320,279.35,0.7,121.978881637
14340,333.8,0.7,124.390765329
14360,313.05,0.7,129.61141468
14380,348.5,0.7,126.169632506
14400,348.9,0.75,135.754287131
14420,299.9,0.7,106.553762447
14440,295.35,0.7,115.905588099
14460,332.75,0.65,120.857160623
14480,313.15,0.75,123.386405593
14500,340.45,0.7,127.789233199
14520,324.45,0.9,169.561702743
14540,297.35,0.8,141.336820662
14560,336.9,0.75,115.905704969
14580,302.05,0.85,158.115946392
14600,319.35,0.7,127.676573336
14620,363.45,0.65,101.925220907
14640,375.65,0.65,116.597182261
14660,386.95,0.95,168.906162778
14680,314.3,0.65,97.389809791
14700,369.8,0.75,126.753031593
14720,410.75,0.6,99.7262732565
14740,334.6,0.8,136.691350464
14760,345.5,0.7,112.363691982
14780,351.5,0.75,131.264070492
14800,348.1,0.9,145.156106147
14820,291.85,0.65,112.551660813
14840,316.75,0.9,171.907522619
14860,296.7,0.9,171.221952115
14880,346.45,0.95,181.888883876
14900,321.25,0.8,140.38787193
14920,331.15,0.65,111.995483056
14940,311.0,0.6,92.9771367426
14960,365.95,0.95,176.116361186
14980,341.2,0.7,114.87556221
15000,384.9,0.8,144.929847158
15020,284.45,0.6,100.143265257
15040,331.3,0.8,139.031600649
15060,332.6,0.55,89.3430248431
15080,370.8,0.75,152.10745761
15100,342.95,0.8,153.112993091
15120,296.4,0.75,139.050011085
15140,263.85,0.8,151.121816763
15160,279.95,0.7,121.814418805
15180,290.5,0.7,127.247520968
15200,293.1,0.85,160.004975746
15220,318.55,0.75,134.703110557
15240,316.4,0.95,180.097799434
15260,292.65,0.85,163.993242205
15280,309.95,0.9,176.937580866
15300,289.0,0.75,132.813778601
15320,290.65,0.75,129.201191154
15340,313.25,0.7,125.344796528
15360,289.8,0.85,171.650660646
15380,312.55,0.8,160.484369848
15400,320.95,0.65,119.191743546
15420,373.3,0.85,177.346797725
15440,314.4,1.0,202.303259458
15460,331.35,0.7,120.795233483
15480,303.5,0.65,106.016315506
15500,365.25,0.9,164.444714526
15520,276.85,0.65,112.064431625
15540,383.7,0.7,138.03332801
15560,287.65,0.85,165.724004106
15580,305.95,0.85,172.215225146
15600,296.05,0.7,127.13808445
15620,294.95,0.95,193.682759295
15640,355.6,0.8,149.818151841
15660,329.4,0.55,72.4395535264
15680,301.15,0.7,123.61183398
15700,282.6,0.7,131.056249934
15720,349.45,0.8,151.140474057
15740,278.55,0.65,122.316921674
15760,292.1,0.85,162.269637917
15780,284.3,0.85,163.104488983
15800,294.4,0.95,182.823221773
15820,330.35,0.75,129.958820328
15840,313.9,0.9,179.110844822
15860,338.0,0.7,127.920462667
15880,311.75,0.9,175.749715607
15900,270.75,0.75,145.82348112
15920,318.55,0.95,199.824079707
15940,281.15,0.85,167.506160741
15960,263.75,0.85,178.391210037
15980,282.75,0.8,147.566583066
16000,286.6,0.85,175.038892924
16020,254.5,0.75,144.565687076
16040,301.2,0.7,115.038318312
16060,243.7,0.7,138.893550202
16080,266.85,0.75,149.79456248
16100,248.1,0.55,87.2108034603
16120,265.2,0.85,172.79285901
16140,229.15,0.6,106.966154475
16160,248.95,0.65,124.035965127
16180,310.0,0.6,126.433793958
16200,285.0,0.65,137.888278851
16220,253.35,0.4,60.5262143801
16240,255.85,0.75,146.283565729
16260,269.65,0.75,124.704061371
16280,255.8,0.85,163.974119094
16300,271.25,0.85,160.433355482
16320,259.85,0.85,153.571973554
16340,247.35,0.75,140.999597834
16360,263.25,0.6,102.460398931
16380,257.55,0.8,154.520411462
16400,242.6,0.6,107.185866342
16420,281.1,0.7,127.691245583
16440,286.0,0.7,119.13312073
16460,259.7,0.6,98.1878863892
16480,290.5,0.6,101.921140533
16500,284.05,0.6,106.949212101
16520,255.9,0.75,147.888609574
16540,269.2,0.65,107.269419516
16560,290.8,0.85,165.307870802
16580,257.7,0.7,127.164874739
16600,314.45,0.7,130.741660099
16620,288.7,0.75,116.309170882
16640,353.55,0.7,138.759498278
16660,266.75,0.65,109.939536446
16680,285.7,0.7,130.935804577
16700,274.9,0.7,119.465082215
16720,366.3,0.6,106.065460772
16740,275.85,0.8,156.14841525
16760,331.15,0.8,144.448623902
16780,331.4,0.6,108.371210588
16800,282.7,0.9,176.218976171
16820,269.0,0.45,64.7886527926
16840,374.95,0.55,94.9783193521
16860,332.05,0.7,133.905944438
16880,307.75,0.8,154.38265731
16900,347.35,0.55,88.0923315364
16920,308.85,0.85,155.915550794
16940,258.4,0.75,143.108594984
16960,341.75,0.75,136.326507016
16980,249.35,0.65,105.973701824
17000,238.35,0.65,119.115274163
17020,257.45,0.65,116.577572203
17040,252.15,0.7,129.299233374
17060,244.75,0.6,99.9095473663
17080,264.35,0.7,116.05168467
17100,256.2,0.8,147.712607569
17120,275.75,0.7,119.075453269
17140,239.5,0.65,114.796963767
17160,291.45,0.7,122.355502139
17180,234.35,0.55,89.5100846151
17200,316.4,0.75,142.46396012
17220,263.75,0.75,139.953655029
17240,308.7,0.7,132.53733706
17260,330.15,0.45,68.188002717
17280,262.3,0.85,172.131554256
17300,273.7,0.75,136.023282392
17320,252.65,0.8,146.813054781
17340,337.4,0.75,141.296781907
17360,268.1,0.85,170.047885147
17380,339.55,0.7,134.760153877
17400,280.2,0.6,104.299328432
17420,241.6,0.7,116.189228841
17440,257.75,0.7,127.948666848
17460,290.65,0.85,166.220703194
17480,264.4,0.65,113.166803259
17500,285.75,0.75,143.653949102
17520,303.3,0.65,124.02199087
17540,346.35,0.8,143.312195805
17560,251.85,0.65,117.604107129
17580,290.3,0.7,138.604295185
17600,287.8,0.6,98.7746213959
17620,232.85,0.35,42.3147047786
17640,270.55,0.6,107.435398744
17660,359.95,0.7,130.451359066
17680,277.75,0.75,132.431616353
17700,276.7,0.6,89.3763250245
17720,317.05,0.75,130.631883264
17740,328.6,0.75,140.334704742
17760,297.35,0.75,126.670342191
17780,296.4,0.65,92.2387334224
17800,294.25,0.8,143.062087375
17820,271.95,0.75,131.751264755
17840,344.4,0.7,139.37696404
17860,323.85,0.7,131.887343506
17880,316.45,0.8,133.516599632
17900,353.85,0.6,108.237996204
17920,306.6,0.5,72.8120142499
17940,281.75,0.9,174.245516586
17960,398.8,0.85,174.744926578
17980,304.6,0.8,145.377895052
18000,338.85,0.8,156.821736706
18020,287.9,0.75,136.910920715
18040,319.55,0.75,118.28662214
18060,310.7,0.85,159.267350857
18080,337.4,0.85,161.201753555
18100,344.45,0.75,137.305855003
18120,333.7,0.8,142.171828214
18140,358.7,0.75,125.272348082
18160,316.4,0.8,141.78156397
18180,301.3,0.7,108.964737702
18200,332.5,0.9,165.55543839
18220,334.55,0.8,136.911349357
18240,324.3,0.9,166.836059127
18260,319.1,0.9,169.609233
18280,365.75,0.75,130.835901902
18300,410.65,0.85,167.890442989
18320,319.7,0.75,122.340101657
18340,362.95,0.7,118.778164657
18360,378.15,0.8,149.993062701
18380,453.0,0.6,108.584011913
18400,476.7,0.65,109.515317544
18420,377.45,0.9,153.032562009
18440,352.0,0.85,157.110859078
18460,367.5,0.7,109.334890114
18480,391.55,0.95,165.934210997
18500,415.0,0.9,154.513858798
18520,368.6,0.75,116.264852898
18540,361.75,0.8,137.108060742
18560,430.1,0.75,125.461850392
18580,366.3,0.8,129.840898529
18600,417.1,0.75,138.241472652
18620,391.4,0.7,113.425700596
18640,395.0,0.85,141.041202592
18660,405.5,0.6,77.7694353967
18680,422.3,0.8,131.348027747
18700,411.4,0.85,142.116717702
18720,389.65,0.9,163.582851148
18740,440.15,0.8,118.636762916
18760,494.5,0.65,113.555614915
18780,450.25,0.65,105.112689517
18800,435.05,0.8,133.848662689
18820,444.0,0.85,155.390163305
18840,459.35,0.8,148.434394634
18860,463.5,0.8,119.438140654
18880,400.25,0.9,156.315518063
18900,433.2,0.9,158.489827004
18920,428.25,0.6,70.7411976449
18940,448.6,0.8,130.183010689
18960,471.6,0.8,129.567395809
18980,531.25,0.7,96.2999157081
19000,482.8,0.8,139.689546392
19020,421.2,0.85,132.362422109
19040,474.0,0.8,125.663743615
19060,400.2,0.75,110.746803476
19080,416.85,0.8,129.570117784
19100,503.35,0.8,129.248896138
19120,487.5,0.65,93.2807807858
19140,437.1,0.75,135.2268318
19160,412.5,0.8,137.727102246
19180,359.7,0.85,152.261207976
19200,434.45,0.75,128.09415868
19220,407.9,0.65,105.299798323
19240,397.6,0.75,125.967069916
19260,349.85,0.8,138.650117919
19280,322.95,0.9,175.610131236
19300,358.2,0.65,91.7509363773
19320,417.2,0.8,154.863973772
19340,366.35,0.85,158.938463953
19360,328.5,0.65,100.315521897
19380,391.95,0.85,150.020621284
19400,336.35,0.85,163.058712972
19420,354.9,0.9,173.170999996
19440,383.5,0.75,125.720621254
19460,373.15,0.9,165.025542977
19480,377.7,0.95,177.966048867
19500,397.9,0.7,126.648282015
19520,410.9,0.8,139.932915223
19540,374.35,0.85,151.924931761
19560,389.7,0.7,105.386542844
19580,370.35,0.75,124.318944877
19600,367.6,0.8,147.936458636
19620,487.9,0.65,115.814905705
19640,365.4,0.95,169.874870265
19660,372.85,0.8,153.796330422
19680,370.85,0.7,127.673982078
19700,337.95,0.9,158.675532971
19720,407.45,0.7,120.491963391
19740,376.2,0.9,167.102223479
19760,365.4,0.75,121.619212154
19780,323.25,0.85,157.618140071
19800,379.8,0.7,130.44699389
19820,336.55,0.75,122.984150792
19840,311.35,0.85,160.59395166
19860,332.15,1.0,202.135388697
19880,342.25,0.8,156.763555087
19900,288.45,0.85,158.24441126
19920,307.65,0.8,146.021212768
19940,292.5,0.75,128.117679076
19960,311.15,0.75,131.634146545
19980,297.2,0.7,121.980873748
20000,333.05,0.8,142.125089027
20020,305.65,0.75,139.655241326
20040,316.35,0.8,158.199331119
20060,332.25,0.75,146.346168391
20080,314.3,0.75,152.37564233
20100,385.3,0.6,117.996618088
20120,341.4,0.9,179.999826775
20140,334.35,0.9,179.534799789
20160,277.6,0.85,160.863460928
20180,326.6,0.95,182.558142138
20200,291.2,0.7,115.687678608
20220,362.75,0.65,129.5804333
20240,315.8,0.85,167.719192986
20260,299.45,0.75,147.520215091
20280,318.15,0.9,178.094194142
20300,262.85,0.6,98.8344146679
20320,283.8,0.9,170.138987089
20340,274.5,0.85,162.767298902
20360,314.3,0.8,151.479159058
20380,280.25,0.7,128.016359375
20400,287.85,0.85,157.740187162
20420,289.95,0.95,194.576482649
20440,340.45,0.65,125.127635457
20460,313.35,1.0,192.997479338
20480,321.85,0.85,168.55132159
20500,423.3,0.75,159.842950952
20520,302.15,0.7,132.706647414
20540,402.65,0.7,145.812629934
20560,272.9,0.85,161.995969347
20580,378.5,0.75,147.244480871
20600,336.65,0.85,165.505217848
20620,353.75,0.8,163.202288795
20640,293.95,0.95,189.101077264
20660,318.6,0.85,170.939732536
20680,359.9,0.8,167.53341121
20700,289.15,0.85,163.331852804
20720,323.95,0.85,167.344436506
20740,277.65,0.8,149.171360836
20760,300.05,0.75,140.336644338
20780,366.1,0.6,112.927135319
20800,279.35,0.9,183.295833235
20820,317.2,0.9,170.85822986
20840,412.25,0.8,146.596754227
20860,340.4,0.8,161.872805649
20880,306.35,0.65,120.625606106
20900,312.0,0.85,161.257731452
20920,353.15,0.9,186.552977831
20940,291.65,0.8,147.679333643
20960,323.65,0.75,145.639079744
20980,352.9,0.8,156.889874172
21000,298.3,0.9,168.659202072
21020,279.2,0.75,138.468975518
21040,347.4,0.85,161.612560737
21060,346.5,0.7,147.981528192
21080,294.5,0.85,164.913897775
21100,266.2,0.7,120.963061961
21120,361.0,0.75,142.183626795
21140,314.1,0.75,136.943088455
21160,339.05,0.8,152.173588187
21180,313.25,0.85,176.168417205
21200,314.5,0.75,141.568988956
21220,285.6,0.8,149.316984479
21240,375.45,0.6,86.5764528671
21260,342.5,0.75,149.85712126
21280,333.55,0.75,142.290852818
21300,301.5,0.75,133.686515114
21320,278.35,0.6,103.35097463
21340,393.8,0.7,141.22296789
21360,328.2,0.75,151.752405601
21380,344.3,0.85,166.166865888
21400,351.6,0.6,112.239414519
21420,316.0,0.85,156.526752947
21440,317.6,0.85,155.195157854
21460,396.85,0.65,122.883092418
21480,436.65,0.8,155.226483799
21500,304.45,0.6,109.687355265
21520,354.85,0.9,163.631424802
21540,310.7,0.75,135.706511718
21560,323.5,0.85,169.450372293
21580,314.85,0.8,154.708526699
21600,272.25,0.8,146.569779982
21620,332.3,0.9,176.107170511
21640,358.55,0.7,137.148548797
21660,354.8,0.8,147.709754031
21680,291.0,0.8,146.600990667
21700,315.25,0.95,184.863682477
21720,305.45,0.85,167.059725424
21740,295.2,0.85,171.940829681
21760,283.75,0.85,168.177803999
21780,272.25,0.8,156.609145305
21800,395.55,0.85,173.18940864
21820,284.3,0.65,109.428227613
21840,318.7,0.65,120.670227223
21860,289.15,0.75,134.950954975
21880,306.05,0.75,131.334936146
21900,284.75,0.8,146.921047135
21920,304.9,0.7,131.751246865
21940,349.85,0.65,131.881024757
21960,269.5,0.9,175.502360499
21980,304.0,0.85,158.006329926
22000,301.1,0.9,177.353241483
22020,358.8,0.75,150.036992082
22040,291.75,0.75,145.759683847
22060,272.55,0.8,154.050394383
22080,266.3,0.8,152.390924325
22100,323.55,0.75,145.465035679
22120,335.0,0.75,134.124839921
22140,316.85,0.85,151.831416285
22160,312.6,0.95,178.731080006
22180,285.5,0.7,127.596349249
22200,315.95,0.9,179.615277834
22220,259.25,0.65,107.918728978
22240,363.45,0.7,137.858825564
22260,313.0,0.85,153.649544734
22280,272.6,0.75,143.473970843
22300,319.05,0.9,176.517168675
22320,332.65,0.65,112.528963278
22340,366.9,0.85,161.039166748
22360,301.05,0.75,121.720095857
22380,293.3,0.75,126.547424945
22400,394.45,0.75,139.925097023
22420,290.1,0.75,132.689431572
22440,285.5,0.9,180.629305959
22460,335.75,0.95,171.42441684
22480,311.05,0.8,136.835367612
22500,323.7,0.8,151.616514093
22520,333.0,0.85,152.683239376
22540,351.9,0.95,174.475966346
22560,369.1,0.75,150.857563818
22580,282.55,0.85,161.502705524
22600,291.25,0.95,186.551989984
22620,349.75,0.75,129.223840241
22640,364.85,0.65,115.964682935
22660,310.55,0.75,132.749610559
22680,319.4,0.9,186.049118008
22700,313.4,0.75,147.99631106
22720,320.0,0.8,158.18670628
22740,276.4,0.65,105.928635244
22760,310.95,0.8,139.270782117
22780,309.0,0.9,182.106761044
22800,307.65,0.8,147.392376026
22820,350.35,0.8,151.229734148
22840,318.45,0.6,99.4296701473
22860,332.5,0.8,152.551660338
22880,337.7,0.75,117.150311822
22900,293.2,0.7,109.127744503
22920,373.35,0.7,119.392751065
22940,273.2,0.8,152.429415856
22960,382.85,0.85,171.345592714
22980,325.65,0.75,137.355550582
23000,346.9,0.75,135.072550206
23020,314.45,0.5,78.1895741559
23040,342.75,0.75,130.672468902
23060,409.8,0.75,143.02272524
23080,371.05,0.85,158.195148714
23100,320.35,0.7,119.882794955
23120,327.35,0.85,146.233605234
23140,410.4,0.65,117.755729191
23160,348.75,0.8,132.451107
23180,367.45,0.7,119.781727255
23200,384.85,0.75,139.954488896
23220,301.0,0.8,139.973449434
23240,403.05,0.85,151.415384782
23260,378.4,0.95,170.609150188
23280,393.5,0.85,149.819133244
23300,447.2,0.8,127.667157001
23320,426.0,0.8,143.584382546
23340,370.7,0.85,151.23100783
23360,438.55,0.9,147.800886033
23380,402.95,0.85,147.098688219
23400,347.7,0.75,123.192680753
23420,382.45,0.7,101.133713025
23440,469.4,0.85,137.476968944
23460,408.65,0.7,85.3205357489
23480,417.35,0.9,154.108985066
23500,460.3,0.8,118.520017559
23520,417.9,0.85,136.323591303
23540,498.9,0.75,100.903438722
23560,477.4,0.8,127.383670972
23580,534.8,0.75,107.185297527
23600,508.05,0.85,140.109983796
23620,556.7,0.8,134.500781769
23640,469.55,0.8,128.485286142
23660,492.95,0.9,123.775372689
23680,486.7,0.8,119.545029202
23700,488.45,0.65,71.960078424
23720,503.5,0.8,139.422797988
23740,419.7,0.7,105.192561872
23760,374.45,0.85,134.636132165
23780,427.25,0.85,127.369191223
23800,408.65,1.0,178.986154184
23820,388.6,0.9,161.894674694
23840,450.55,0.85,136.084175872
23860,354.25,0.9,155.424634635
23880,398.75,0.85,146.900847037
23900,467.1,0.6,81.34275029
23920,433.2,0.65,97.4756293147
23940,441.8,0.75,114.540059027
23960,417.45,0.7,104.036722512
23980,456.7,0.95,171.905695724
24000,374.3,0.85,135.276517388
24020,441.0,0.9,156.96901634
24040,405.45,0.85,148.250852994
24060,419.55,0.75,119.746498353
24080,406.55,0.75,130.682810213
24100,380.6,0.85,140.751443506
24120,421.3,0.75,140.660500812
24140,374.75,0.75,119.685514495
24160,474.65,0.75,111.53144413
24180,373.75,0.9,161.365605923
24200,392.8,0.9,162.761500118
24220,385.6,0.8,129.213609244
24240,460.6,0.8,139.710498919
24260,391.25,0.65,93.8705320363
24280,422.35,0.9,162.250702387
24300,381.55,0.95,163.324477032
24320,384.25,0.85,147.093662196
24340,444.5,0.7,108.918628215
24360,392.9,0.8,138.243878541
24380,443.6,0.85,141.07764521
24400,391.0,0.7,107.859551082
24420,388.45,0.9,158.187699773
24440,376.45,0.6,64.6584318453
24460,402.1,0.65,113.206584318
24480,393.35,0.8,124.493180557
24500,376.55,0.9,163.059557646
24520,366.1,0.85,156.783194826
24540,479.9,0.65,98.3498964294
24560,500.35,0.7,118.94055374
24580,405.7,0.95,168.834084225
24600,402.95,0.85,146.118121834
24620,410.95,0.95,168.220582057
24640,428.35,0.75,135.549658212
24660,366.1,0.85,148.365654804
24680,409.85,0.65,104.378462157
24700,402.05,0.45,53.6319201026
24720,428.55,0.7,122.721045304
24740,456.6,0.85,148.522868938
24760,370.35,0.9,152.754341372
24780,501.5,0.85,155.188213551
24800,397.9,0.75,131.314916015
24820,429.9,0.85,151.59921276
24840,377.95,0.75,123.605432193
24860,421.15,0.8,131.056154699
24880,394.15,0.9,169.21039509
24900,415.3,0.8,142.18366403
24920,444.1,0.8,141.145649775
24940,448.6,0.9,159.035946407
24960,406.95,0.9,155.106745561
24980,409.8,0.8,139.710129482
25000,477.6,0.8,132.228329316
25020,402.15,0.65,100.927638141
25040,419.2,0.9,160.801770189
25060,386.5,0.9,163.582809058
25080,417.05,0.6,76.9609408131
25100,436.1,0.75,134.077117267
25120,410.65,0.85,139.89514043
25140,382.2,0.85,143.028856024
25160,418.15,0.85,140.170286086
25180,426.45,0.8,129.424057044
25200,394.15,0.8,138.126201167
25220,436.95,0.85,153.17446949
25240,415.25,0.85,155.893658917
25260,409.25,0.85,151.061077941
25280,354.75,0.9,156.236902367
25300,420.75,0.9,148.334168148
25320,457.45,0.85,152.227892981
25340,383.8,0.8,143.897671271
25360,463.55,0.75,127.913590877
25380,408.4,0.85,150.451890136
25400,426.9,0.85,151.889982997
25420,412.95,0.9,155.788170056
25440,447.25,0.9,166.388031759
25460,425.8,0.9,157.201154862
25480,399.95,0.9,161.769685149
25500,460.0,0.85,140.144923181
25520,420.4,0.85,142.137473171
25540,411.8,0.9,155.76984461
25560,447.6,0.8,132.591134406
25580,410.45,0.9,159.695296337
25600,365.0,0.85,147.893661156
25620,397.2,0.8,144.928105452
25640,407.75,0.95,167.106289719
25660,394.7,0.7,92.3853212348
25680,413.85,0.85,139.526880434
25700,389.75,0.85,141.443226137
25720,409.75,0.85,127.394834641
25740,361.85,0.85,147.8092893
25760,366.55,0.9,156.64204094
25780,386.05,0.9,155.284053111
25800,420.8,0.75,140.664626219
25820,338.8,0.7,108.532250467
25840,383.35,0.9,160.688837507
25860,404.65,0.9,171.216283834
25880,446.2,0.6,104.736433997
25900,345.3,0.75,122.875221522
25920,437.9,0.8,150.73550563
25940,405.85,0.95,183.086135614
25960,398.35,0.85,146.837692002
25980,387.55,0.85,149.720634862
26000,391.85,0.85,148.447789607
26020,402.85,0.8,139.94936032
26040,391.25,0.75,127.413487469
26060,389.55,0.85,144.87106564
26080,416.75,0.95,178.232520964
26100,393.0,0.95,189.344953899
26120,354.5,0.9,154.20802725
26140,349.0,0.75,118.562643901
26160,392.35,0.8,143.804540678
26180,434.65,0.75,132.177294283
26200,407.9,0.95,176.317984667
26220,393.45,0.95,165.673166836
26240,401.65,0.75,133.793100656
26260,348.85,0.85,145.684915097
26280,419.7,0.8,141.071212213
26300,415.9,0.9,156.788388454
26320,396.4,0.9,171.18338477
26340,450.9,0.9,178.783178876
26360,366.8,0.65,91.6455226552
26380,442.15,0.75,142.225556102
26400,374.55,0.7,125.365236003
26420,404.6,0.95,173.214813026
26440,355.1,0.8,134.031050271
26460,393.25,0.8,151.94047439
26480,401.3,0.9,169.015549177
26500,355.1,0.85,152.440721389
26520,361.2,0.9,158.167894173
26540,379.1,0.85,147.22786648
26560,387.05,0.9,160.541341654
26580,384.6,0.65,111.607336716
26600,357.6,0.8,135.817437379
26620,389.35,0.8,146.527673104
26640,364.7,0.65,114.854932436
26660,324.85,0.85,151.317940335
26680,340.45,0.8,137.412657657
26700,418.3,0.85,155.451180513
26720,342.25,0.85,157.236593243
26740,405.65,0.85,157.844275819
26760,363.95,0.9,168.053079383
26780,356.35,0.85,160.217887314
26800,400.1,0.95,182.002153258
26820,352.65,0.85,152.48823024
26840,366.55,0.7,110.946924304
26860,395.0,0.8,135.308621447
26880,362.25,0.85,149.892628436
26900,390.85,0.95,187.376280494
26920,352.65,0.7,122.162892287
26940,358.3,0.9,168.828107472
26960,356.35,0.75,129.435446749
26980,378.8,0.9,166.295127758
27000,393.05,0.75,128.957709026
27020,312.2,0.85,157.662786151
27040,343.3,0.85,154.536055633
27060,365.65,0.85,157.522878639
27080,363.15,1.0,177.868123507
27100,354.0,1.0,182.746712724
27120,337.55,0.75,121.246165173
27140,351.3,0.85,144.934667538
27160,337.85,0.8,137.242755105
27180,352.95,0.9,155.011271396
27200,346.6,0.7,111.629836011
27220,409.75,0.75,128.568883879
27240,392.6,0.7,135.733283777
27260,323.7,0.8,143.300550613
27280,347.15,0.85,148.072351688
27300,414.75,0.75,138.502747066
27320,347.05,0.9,155.275203589
27340,337.85,0.85,147.084958929
27360,334.35,0.9,166.629567073
27380,354.85,0.7,115.750660645
27400,349.4,0.95,173.015713333
27420,358.45,0.85,148.698256937
27440,350.4,0.95,178.740768886
27460,355.3,0.85,142.551729005
27480,379.05,0.8,131.432053002
27500,376.5,0.9,170.264015288
27520,454.2,0.7,128.809901181
27540,321.5,0.8,141.21198637
27560,401.1,0.95,182.613543173
27580,342.9,0.75,122.154717382
27600,318.05,0.85,158.880115159
27620,357.3,0.85,151.622155603
27640,431.3,0.9,165.305283318
27660,374.65,0.85,140.730210042
27680,334.1,0.85,150.385765193
27700,320.0,0.8,145.84690483
27720,328.1,0.75,125.909532586
27740,395.2,0.9,158.801452097
27760,343.15,0.95,176.795356271
27780,339.5,0.95,177.609591918
27800,393.05,0.65,113.59516666
27820,343.4,0.8,138.063149448
27840,427.45,0.8,150.809114229
27860,345.7,0.75,128.042575319
27880,408.4,0.85,150.650770203
27900,384.8,0.9,167.556459351
27920,378.9,0.9,158.666217551
27940,351.75,0.8,137.518023399
27960,411.25,0.85,150.833756192
27980,397.15,0.8,140.69840128
28000,382.0,0.8,137.36312527
28020,360.35,0.9,160.582382855
28040,365.2,0.9,161.761903366
28060,364.2,0.65,106.300360913
28080,353.05,0.85,148.145076346
28100,366.15,0.8,131.501177184
28120,332.65,0.85,153.933120951
28140,346.2,0.8,132.91006477
28160,334.05,0.8,140.265141542
28180,323.15,0.65,105.783155161
28200,355.1,0.8,138.570755547
28220,393.85,0.7,106.10432603
28240,378.45,0.85,153.986524036
28260,319.95,0.8,144.87891386
28280,345.8,0.7,113.57813618
28300,371.65,0.9,171.604929155
28320,343.45,0.9,161.045822734
28340,365.75,0.65,101.953958316
28360,343.8,0.65,102.407376866
28380,371.2,0.9,155.674414275
28400,344.9,0.85,156.654430314
28420,363.25,0.9,158.518576788
28440,366.05,0.8,131.660801032
28460,395.15,0.9,153.633970035
28480,367.4,0.55,86.320006837
28500,380.2,0.9,166.945593059
28520,362.7,0.9,157.672401576
28540,465.65,0.8,138.056136552
28560,392.55,0.8,120.515248707
28580,381.15,0.8,129.139210072
28600,385.1,0.85,162.645168088
28620,403.15,0.95,163.780189499
28640,390.0,0.75,125.603432959
28660,410.0,0.8,139.537107624
28680,440.65,0.75,115.942437154
28700,400.4,0.75,121.211152784
28720,389.5,0.8,137.987439327
28740,419.55,0.75,121.450809683
28760,358.95,0.85,144.214741812
28780,371.45,0.85,146.230941585
28800,394.25,0.75,114.54348789
28820,400.1,0.75,117.095232463
28840,404.7,0.9,162.796392923
28860,374.2,0.8,131.442705711
28880,363.65,0.8,135.998096948
28900,426.55,0.85,153.797389585
28920,371.6,0.8,130.161735707
28940,372.7,0.85,149.055276534
28960,418.3,0.75,119.171356968
28980,406.8,0.85,141.487885961
29000,420.8,0.85,150.537187105
29020,425.95,0.75,132.34208839
29040,432.4,0.8,152.401059539
29060,411.05,0.8,133.524869264
29080,465.65,0.9,158.309584975
29100,432.65,0.8,132.98550973
29120,390.55,0.85,141.832531005
29140,383.95,0.95,169.806346765
29160,358.85,0.85,151.520362836
29180,413.0,0.7,115.582618059
29200,457.95,0.7,117.382183181
29220,419.15,0.95,168.967624274
29240,457.0,0.65,100.662353712
29260,422.8,0.7,108.479852617
29280,430.7,0.8,143.266289489
29300,456.65,0.85,158.92136442
29320,418.2,0.9,145.140475682
29340,405.65,0.75,120.126867604
29360,393.25,0.85,140.162669653
29380,482.05,0.8,137.162439863
29400,427.55,0.75,130.285510786
29420,393.45,0.8,135.32213987
29440,424.8,0.9,149.877598663
29460,417.7,0.8,118.996607324
29480,400.4,0.65,90.9102494895
29500,516.8,0.7,107.955092364
29520,529.55,0.5,53.4542306033
29540,482.3,0.8,139.654813319
29560,479.25,0.65,97.6512433816
29580,483.2,0.85,133.166671383
29600,452.8,0.9,157.044400052
29620,471.9,0.9,148.308462676
29640,457.15,0.7,99.9544234423
29660,453.15,0.85,125.509693488
29680,460.5,0.85,131.273548251
29700,450.7,0.9,145.47505966
29720,411.9,0.8,133.473093781
29740,422.35,0.85,137.174345044
29760,482.2,0.75,120.221845768
29780,441.3,0.85,146.523588717
29800,474.55,0.8,151.124773641
29820,450.35,0.8,133.686478062
29840,480.75,0.95,167.714679659
29860,459.5,0.7,126.095874545
29880,485.7,0.8,122.835119284
29900,445.7,0.8,131.834240787
29920,410.55,0.75,109.144613404
29940,456.0,0.9,162.474556382
29960,474.9,0.7,120.179281538
29980,471.2,0.85,153.788653846
30000,415.45,0.85,137.417440152
