20,78.55,0.0,-390.516569265
40,78.0,0.0,-382.466280142
60,79.9,0.0,-309.362468483
80,87.4,0.0,-338.073410994
100,90.95,0.0,-267.526037376
120,96.35,0.0,-245.533712913
140,96.35,0.0,-285.273504017
160,148.0,0.0,-235.621257264
180,117.35,0.0,-292.489355046
200,119.2,0.0,-291.926047417
220,142.5,0.0,-288.317897862
240,131.95,0.0,-281.527231329
260,109.95,0.0,-235.956774088
280,144.8,0.0,-334.338256769
300,138.95,0.0,-302.253956819
320,121.85,0.0,-265.823322764
340,152.55,0.0,-369.035462214
360,148.8,0.0,-381.917697597
380,151.9,0.0,-288.767730766
400,148.75,0.0,-304.860325136
420,153.75,0.0,-259.753991391
440,149.1,0.0,-243.326726951
460,162.8,0.0,-235.195627433
480,145.6,0.0,-219.995692951
500,151.1,0.0,-250.238421382
520,150.5,0.0,-189.881118119
540,185.95,0.0,-165.999863719
560,204.2,0.0,-164.578679547
580,185.05,0.0,-151.654147462
600,198.15,0.0,-203.318293565
620,174.0,0.0,-197.570372353
640,281.95,0.0,-144.251794469
660,212.75,0.0,-170.360135772
680,248.35,0.0,-132.362124736
700,320.15,0.0,-115.282852247
720,326.65,0.0,-132.664467908
740,384.5,0.0,-127.60905699
760,301.5,0.0,-121.987354925
780,352.95,0.0,-76.386308599
800,271.1,0.0,-82.4831655474
820,394.2,0.0,-73.2996180466
840,323.2,0.0,-57.6782578051
860,184.7,0.0,-54.7773226391
880,188.1,0.0,-58.8725426404
900,187.5,0.0,-45.9883398867
920,235.0,0.0,-45.637446788
940,209.5,0.0,-46.3488467291
960,326.8,0.05,-31.1516138859
980,384.1,0.0,-59.298758256
1000,416.65,0.05,-29.899277769
1020,501.1,0.0,-105.846869479
1040,543.95,0.0,-95.9685487938
1060,491.35,0.1,-92.8592920819
1080,633.45,0.15,-57.3510422546
1100,690.7,0.05,-55.0242312986
1120,725.2,0.25,-5.70533674512
1140,644.75,0.25,31.3286006677
1160,558.75,0.25,7.23870592774
1180,599.5,0.25,17.1363115582
1200,568.45,0.5,56.0148488119
1220,528.85,0.3,1.43472092271
1240,601.55,0.55,39.7306450919
1260,515.55,0.35,-3.41512495913
1280,523.6,0.2,-52.7339976628
1300,561.6,0.5,-10.1083001878
1320,653.5,0.55,-2.09121264059
1340,593.7,0.4,-31.489055995
1360,631.05,0.25,-99.9044519526
1380,635.25,0.55,-7.8897704918
1400,665.6,0.4,-34.309525894
1420,706.45,0.5,-13.0248777362
1440,704.6,0.55,-7.15736828024
1460,668.25,0.6,32.0656513183
1480,723.85,0.65,6.71889555163
1500,613.95,0.6,11.2834867851
1520,683.0,0.8,76.1742452166
1540,714.9,0.85,92.2538222914
1560,607.25,0.7,77.0236943814
1580,612.55,0.85,100.543030791
1600,630.95,0.55,59.2480378439
1620,533.05,0.85,127.740467956
1640,646.3,0.5,53.2383170445
1660,498.3,0.55,90.1165078749
1680,471.0,0.75,127.674358394
1700,392.75,0.3,40.9025974818
1720,413.05,0.6,110.875687858
1740,391.2,0.35,61.3491721239
1760,404.95,0.5,100.702699569
1780,472.35,0.55,76.1709687922
1800,524.3,0.45,55.3885858276
1820,448.9,0.5,67.095679881
1840,550.25,0.55,89.8519660954
1860,540.75,0.55,103.516334724
1880,448.1,0.6,102.546844631
1900,557.0,0.5,65.9015074221
1920,476.5,0.7,107.536545512
1940,473.95,0.7,87.4273207242
1960,524.95,0.6,98.6048273962
1980,603.1,0.75,81.9869750201
2000,513.8,0.6,95.4374076091
2020,579.85,0.55,61.0680821719
2040,492.8,0.7,107.174453247
2060,494.75,0.65,95.7754707674
2080,496.0,0.6,57.3538745832
2100,589.15,0.55,71.1751163101
2120,497.4,0.65,82.6063564269
2140,598.55,0.65,80.7813664979
2160,560.3,0.75,110.879557821
2180,461.65,0.65,92.1313826756
2200,388.1,0.6,94.7093596587
2220,456.95,0.8,140.76131568
2240,440.1,0.7,128.979787578
2260,460.8,0.65,59.9857770426
2280,447.7,0.5,51.4461476444
2300,406.55,0.55,82.1170457954
2320,386.2,0.7,114.782492123
2340,469.25,0.65,70.4610058491
2360,430.15,0.45,39.8032205891
2380,432.15,0.45,43.0479885981
2400,297.55,0.3,45.8710756623
2420,471.65,0.45,25.9291049196
2440,412.6,0.55,49.8845726304
2460,405.65,0.6,90.2436199775
2480,289.1,0.35,32.834007322
2500,364.4,0.45,63.965652344
2520,408.25,0.4,48.7337717474
2540,381.7,0.3,37.6754489554
2560,351.25,0.55,90.420571394
2580,478.0,0.6,92.2470661927
2600,450.4,0.75,115.484796402
2620,495.85,0.65,83.6000607162
2640,401.45,0.5,36.7237761794
2660,578.9,0.5,61.8725767687
2680,611.95,0.65,75.9241213737
2700,625.45,0.65,57.88633393
2720,702.15,0.6,43.236049045
2740,700.65,0.55,6.24817172679
2760,716.85,0.45,-15.392496194
2780,804.2,0.3,-35.9619998006
2800,927.45,0.05,-85.2690273036
2820,908.2,0.0,-100.458584096
2840,1000.0,0.0,-89.4111718486
2860,1000.0,0.0,-79.3058541051
2880,1000.0,0.0,-75.8757260669
2900,1000.0,0.0,-61.9602846628
2920,1000.0,0.0,-60.3405258474
2940,1000.0,0.0,-52.5698638604
2960,996.25,0.1,-45.5657906972
2980,897.0,0.6,46.0271506532
3000,874.3,0.6,25.3153168642
3020,782.7,0.65,51.7695916276
3040,773.2,0.6,14.9356186796
3060,654.75,0.95,128.96902874
3080,669.45,0.7,105.263006559
3100,702.55,0.75,105.682234911
3120,627.8,0.9,125.504377164
3140,670.55,0.7,85.4291464338
3160,591.0,0.85,146.89813763
3180,763.3,0.55,81.4893077337
3200,648.05,0.8,112.818541933
3220,610.2,0.75,114.341146174
3240,727.2,0.7,121.201089516
3260,598.45,0.8,132.712493912
3280,622.15,0.8,130.297106494
3300,671.25,0.6,131.608908543
3320,617.95,0.55,94.3159535521
3340,640.7,0.5,88.7936010591
3360,754.6,0.4,83.0213981082
3380,545.9,0.75,128.188338438
3400,613.4,0.7,135.579825672
3420,453.5,0.3,42.1293200323
3440,582.25,0.4,74.8429742408
3460,617.8,0.5,118.845188794
3480,671.0,0.45,99.7566053924
3500,485.05,0.4,72.0631451969
3520,396.75,0.5,92.8944474282
3540,502.2,0.65,135.877839441
3560,621.6,0.55,124.453929011
3580,657.7,0.8,147.388277744
3600,620.5,0.8,139.070685699
3620,717.6,0.65,120.861037942
3640,716.05,0.45,106.858881511
3660,827.85,0.45,122.066456448
3680,746.65,0.5,112.764455348
3700,853.15,0.15,82.0520850749
3720,879.7,0.2,105.588833146
3740,925.3,0.15,80.8389479682
3760,914.15,0.2,94.8181399617
3780,953.3,0.15,78.75354202
3800,975.15,0.1,76.2401125161
3820,987.9,0.1,82.247124553
3840,1000.0,0.0,71.8792264719
3860,1000.0,0.0,69.7476798202
3880,941.05,0.1,85.3345097582
3900,971.95,0.05,91.9436070998
3920,966.1,0.05,81.1954547393
3940,953.7,0.05,71.0072201786
3960,957.45,0.1,91.7791719067
3980,1000.0,0.0,66.8111855498
4000,953.6,0.1,80.41266217
4020,966.35,0.1,93.8928542455
4040,1000.0,0.0,77.9313777684
4060,1000.0,0.0,80.3317958489
4080,1000.0,0.0,92.5799471371
4100,1000.0,0.0,90.3561738968
4120,888.7,0.05,91.8198166435
4140,883.3,0.0,89.4944788307
4160,925.95,0.05,93.1225753787
4180,840.65,0.1,86.0019061712
4200,920.35,0.0,85.9875902158
4220,733.35,0.1,74.0727545504
4240,791.75,0.05,58.8514374425
4260,596.85,0.0,31.286395115
4280,437.75,0.1,27.5262618215
4300,576.8,0.1,60.7947039869
4320,263.75,0.05,-7.37500197011
4340,421.0,0.05,13.3007016401
4360,411.8,0.05,23.8651557962
4380,155.45,0.1,-22.5018463704
4400,318.1,0.05,-11.0255975742
4420,143.25,0.0,-37.1463230339
4440,144.3,0.0,-57.356291997
4460,135.6,0.0,-53.872678551
4480,145.0,0.05,-27.6698223466
4500,130.9,0.0,-58.5364353397
4520,133.0,0.0,-59.6132744161
4540,140.9,0.1,-37.6895416343
4560,132.85,0.0,-54.6793834885
4580,134.25,0.05,-30.5669560179
4600,126.5,0.0,-50.7880663028
4620,154.7,0.1,-21.347401251
4640,155.05,0.15,-10.2797282923
4660,140.65,0.05,-39.2670269808
4680,142.95,0.05,-23.9849067984
4700,138.5,0.0,-39.6101090643
4720,144.2,0.1,-35.8373095317
4740,148.6,0.05,-31.6044872462
4760,209.55,0.1,-19.4829092242
4780,245.3,0.15,11.3522596043
4800,157.9,0.05,-27.1104668414
4820,200.55,0.05,-26.8743870079
4840,276.3,0.3,37.0097410762
4860,163.45,0.15,-20.9097001314
4880,317.8,0.1,-0.474750180185
4900,366.95,0.3,60.1959928833
4920,340.7,0.1,12.2661733653
4940,393.0,0.15,15.6969339905
4960,324.1,0.15,-0.604509973477
4980,438.45,0.3,54.3050139808
5000,745.2,0.15,79.7712682006
5020,616.35,0.1,53.6520134551
5040,585.4,0.3,94.9734727417
5060,696.55,0.05,51.5217818492
5080,730.05,0.1,81.4148103971
5100,867.85,0.15,99.1320133779
5120,925.8,0.05,88.0250354859
5140,926.5,0.05,87.6269592915
5160,965.45,0.05,92.7310496836
5180,924.0,0.0,82.8688080538
5200,962.2,0.05,96.1168149041
5220,851.25,0.25,112.551952621
5240,652.85,0.3,93.0606615502
5260,657.95,0.45,117.658027408
5280,518.7,0.5,107.64689454
5300,472.75,0.15,7.52592325497
5320,508.25,0.3,48.7448628403
5340,525.25,0.3,51.0519422385
5360,606.3,0.25,59.0237643029
5380,483.95,0.25,30.9224275317
5400,513.95,0.45,68.8254005759
5420,703.35,0.15,46.1268362557
5440,686.6,0.25,54.8205518401
5460,599.7,0.4,75.2398344717
5480,663.1,0.35,72.6711947179
5500,718.15,0.35,85.041405518
5520,924.15,0.1,61.4167960137
5540,612.2,0.5,98.6633312616
5560,775.1,0.35,82.6303365318
5580,691.95,0.45,84.0032415899
5600,803.7,0.3,82.6472425995
5620,599.4,0.45,79.9311135618
5640,648.3,0.5,85.5420705543
5660,647.75,0.35,64.6723288041
5680,714.2,0.35,79.5340779172
5700,675.8,0.4,89.9243211879
5720,692.75,0.35,74.6267381926
5740,857.35,0.15,77.5495715463
5760,848.05,0.2,92.5537201599
5780,868.4,0.15,81.8539816762
5800,745.1,0.35,108.800935381
5820,792.25,0.3,116.512851002
5840,940.15,0.1,94.1322338448
5860,837.05,0.3,118.601116913
5880,975.75,0.05,91.5207280882
5900,969.1,0.05,91.9751731731
5920,1000.0,0.0,85.1868401918
5940,1000.0,0.0,76.7616223297
5960,1000.0,0.0,71.9499634373
5980,1000.0,0.0,66.5198365287
6000,1000.0,0.0,68.1679598083
6020,1000.0,0.0,69.6027572722
6040,1000.0,0.0,76.5683542275
6060,1000.0,0.0,66.4068176881
6080,1000.0,0.0,60.5029068934
6100,1000.0,0.0,76.4441717292
6120,1000.0,0.0,71.2634954351
6140,1000.0,0.0,78.8951604324
6160,1000.0,0.0,75.6078156419
6180,1000.0,0.0,89.5891772429
6200,1000.0,0.0,82.7476616752
6220,1000.0,0.0,69.3729746308
6240,1000.0,0.0,76.4601357465
6260,1000.0,0.0,73.1107414968
6280,1000.0,0.0,66.8139837204
6300,949.4,0.25,100.861488477
6320,839.75,0.6,134.097955432
6340,809.5,0.5,125.5892606
6360,760.75,0.55,124.649071075
6380,721.2,0.8,152.641658815
6400,766.05,0.55,118.269305201
6420,808.85,0.45,107.525821772
6440,739.5,0.55,131.936546146
6460,680.05,0.65,150.405348154
6480,775.45,0.5,128.470437509
6500,781.95,0.55,128.089546834
6520,672.2,0.6,150.594859967
6540,802.4,0.55,129.731228875
6560,779.45,0.4,116.699986508
6580,706.25,0.6,153.84251016
6600,693.8,0.6,149.276761982
6620,609.95,0.7,165.361271343
6640,751.85,0.3,103.143533908
6660,617.65,0.5,123.283212173
6680,732.0,0.4,115.32389214
6700,627.15,0.4,99.5599342844
6720,590.85,0.6,142.526976763
6740,643.5,0.6,144.378660883
6760,675.05,0.5,129.777186555
6780,741.55,0.5,127.747435358
6800,733.25,0.7,167.023916582
6820,779.45,0.5,134.293037064
6840,739.6,0.55,142.061001574
6860,688.75,0.55,141.437561488
6880,600.75,0.6,141.457407824
6900,762.6,0.5,142.050614972
6920,601.35,0.85,170.714470802
6940,606.15,0.7,142.134207004
6960,804.35,0.45,121.471353468
6980,767.85,0.55,132.709674564
7000,756.35,0.55,135.055007083
7020,690.55,0.7,151.13141371
7040,752.65,0.6,144.952881632
7060,643.6,0.75,163.897393999
7080,741.15,0.65,150.53874704
7100,649.65,0.8,161.618208908
7120,770.95,0.65,152.309100471
7140,684.85,0.75,155.094090996
7160,627.35,0.8,161.772878204
7180,809.65,0.6,130.008368365
7200,808.0,0.7,149.535797931
7220,828.65,0.4,113.064132529
7240,840.2,0.35,109.738121623
7260,746.55,0.65,145.017838038
7280,615.7,0.75,160.762183035
7300,761.85,0.65,144.916570841
7320,733.4,0.7,151.957917389
7340,795.65,0.55,125.152536728
7360,826.75,0.5,129.053899881
7380,762.2,0.75,151.110409929
7400,725.85,0.85,166.219349043
7420,745.65,0.5,122.21245703
7440,736.25,0.65,141.126233933
7460,798.2,0.55,123.094346012
7480,875.05,0.45,114.743785992
7500,870.2,0.35,104.462773987
7520,882.75,0.4,106.336845309
7540,806.4,0.5,121.659271082
7560,795.9,0.6,135.66848114
7580,766.05,0.45,120.839477347
7600,679.0,0.8,165.539391458
7620,822.3,0.45,120.34503985
7640,791.9,0.6,147.748578285
7660,966.9,0.4,115.28264818
7680,968.45,0.05,84.7389725634
7700,1000.0,0.0,83.8004311433
7720,999.7,0.05,92.2792808642
7740,1000.0,0.0,85.8281519346
7760,1000.0,0.0,85.4694227563
7780,1000.0,0.0,93.6905441548
7800,974.85,0.05,103.396952033
7820,962.7,0.0,102.563522578
7840,923.5,0.05,95.425447732
7860,1000.0,0.0,91.5716353891
7880,964.85,0.05,105.99809959
7900,1000.0,0.0,88.2110140286
7920,955.05,0.0,81.5930885871
7940,979.7,0.1,97.9103945863
7960,885.25,0.4,120.379441431
7980,877.1,0.35,120.383224623
8000,751.05,0.6,151.831957011
8020,751.0,0.65,144.317319473
8040,728.0,0.75,150.650782968
8060,714.6,0.7,147.580158239
8080,638.2,0.7,149.177099306
8100,754.55,0.65,140.238833221
8120,601.1,0.75,163.257974686
8140,832.35,0.5,127.791599708
8160,738.45,0.6,146.282060065
8180,706.65,0.7,160.103781764
8200,700.05,0.65,147.156259278
8220,746.95,0.6,138.073601013
8240,767.6,0.55,133.787313706
8260,774.2,0.6,141.42790293
8280,691.2,0.8,160.606797396
8300,737.2,0.65,143.262007201
8320,786.6,0.6,140.352799469
8340,778.05,0.6,142.664362729
8360,759.95,0.7,144.047109047
8380,681.45,0.8,169.025803522
8400,617.5,0.85,165.008981695
8420,804.65,0.55,135.025966767
8440,686.9,0.6,131.45033097
8460,712.0,0.8,163.116532423
8480,709.15,0.85,164.950918052
8500,698.0,0.8,161.529626868
8520,607.9,0.85,169.921162788
8540,646.5,0.8,158.176986683
8560,721.55,0.75,157.22026065
8580,639.6,0.85,164.353348614
8600,668.65,0.8,166.439625137
8620,598.8,0.95,181.830702535
8640,656.55,0.75,150.932793116
8660,659.85,0.8,166.978658454
8680,648.1,0.9,176.63065357
8700,635.4,0.9,163.935564771
8720,673.9,0.8,162.656027187
8740,649.3,0.8,170.232241831
8760,672.7,0.8,161.40180617
8780,629.7,0.85,160.907450455
8800,597.15,0.9,177.911665271
8820,585.5,0.85,168.453859258
8840,645.55,0.8,160.910860111
8860,631.25,0.75,166.581108701
8880,685.9,0.7,142.344810528
8900,535.7,0.95,182.305355722
8920,650.95,0.75,158.845773517
8940,675.75,0.7,148.505673069
8960,527.2,1.0,194.83958081
8980,549.2,0.9,183.312320076
9000,617.45,0.75,163.811342105
9020,619.1,0.9,175.617323796
9040,573.55,0.8,165.100062485
9060,672.15,0.6,150.64752324
9080,590.55,0.8,159.603287291
9100,563.9,0.85,168.609628086
9120,601.65,0.75,157.352763682
9140,536.45,0.75,157.426452455
9160,598.9,0.7,147.07431005
9180,581.55,0.8,159.820054465
9200,524.45,0.85,164.773507645
9220,619.25,0.75,147.379243385
9240,488.65,0.8,165.490141934
9260,717.65,0.75,166.939144119
9280,590.2,0.85,178.392050097
9300,646.05,0.8,180.06573391
9320,531.15,0.9,186.73230097
9340,495.25,0.9,198.809109262
9360,532.9,0.65,146.548133611
9380,519.0,0.85,159.730861469
9400,405.7,0.6,118.673465925
9420,457.35,0.95,196.480472185
9440,500.15,0.85,183.189128372
9460,595.15,0.8,171.245709419
9480,580.5,0.8,172.307268203
9500,577.15,0.65,158.741641107
9520,503.4,0.85,176.093239202
9540,572.05,0.7,155.170927131
9560,584.75,0.65,147.59101916
9580,675.85,0.65,149.405471355
9600,576.6,0.75,169.323794763
9620,566.35,0.65,140.719361314
9640,569.75,0.8,158.731920333
9660,563.5,0.75,162.41429206
9680,435.35,0.75,144.076633969
9700,535.3,0.85,161.302758957
9720,480.5,0.65,125.269633598
9740,502.95,0.7,142.367844432
9760,545.45,0.5,107.860973594
9780,457.0,0.6,114.511476591
9800,605.15,0.6,134.190341864
9820,494.55,0.7,142.38304073
9840,498.85,0.75,147.394171394
9860,543.75,0.55,119.988839274
9880,539.1,0.6,131.289694928
9900,571.1,0.45,95.6345444298
9920,598.8,0.5,121.065457132
9940,647.4,0.55,127.549544755
9960,549.95,0.65,129.699561429
9980,560.5,0.8,163.283915644
10000,489.35,0.45,88.2284598148
10020,647.85,0.55,125.365121469
10040,623.25,0.55,106.865123604
10060,769.65,0.6,147.558984892
10080,851.75,0.2,95.461440032
10100,698.7,0.45,105.547360705
10120,745.2,0.3,93.344157657
10140,681.4,0.4,104.473751602
10160,769.5,0.2,78.3879660892
10180,937.15,0.1,98.5594282345
10200,798.65,0.0,56.424632118
10220,712.2,0.05,44.9322214717
10240,772.55,0.1,77.5517353442
10260,757.7,0.25,101.05916029
10280,657.45,0.15,67.7988184822
10300,875.95,0.15,99.0206187843
10320,689.15,0.35,118.771856517
10340,720.85,0.2,87.426153488
10360,799.15,0.2,101.688536387
10380,739.85,0.2,99.6884155151
10400,824.25,0.2,108.365249733
10420,637.35,0.4,115.128812736
10440,770.75,0.2,103.415909597
10460,738.35,0.35,125.778393364
10480,859.6,0.25,122.594650812
10500,776.3,0.35,121.419753689
10520,704.35,0.35,102.860195728
10540,800.0,0.25,106.011357081
10560,937.15,0.1,96.3695832929
10580,858.0,0.15,96.1723537199
10600,843.15,0.05,70.4776640948
10620,909.75,0.0,67.4141388458
10640,1000.0,0.0,74.148684536
10660,954.4,0.0,73.6129811079
10680,900.35,0.25,95.6431822651
10700,968.55,0.15,94.6159619116
10720,899.7,0.1,84.2766477836
10740,934.95,0.15,98.4632173213
10760,961.3,0.15,83.2180407099
10780,994.15,0.05,72.0930311309
10800,981.25,0.1,91.4353599924
10820,1000.0,0.0,72.6843428837
10840,990.6,0.05,70.8331915194
10860,984.0,0.05,83.1822246107
10880,1000.0,0.0,72.7514353663
10900,910.6,0.0,67.6209002023
10920,954.85,0.0,64.8675229777
10940,911.05,0.0,69.9772149389
10960,954.5,0.0,85.2480163992
10980,916.55,0.05,92.938972604
11000,960.4,0.05,92.534878056
11020,1000.0,0.0,85.6308372083
11040,1000.0,0.0,94.2740344631
11060,1000.0,0.0,88.771848191
11080,1000.0,0.0,83.7011564754
11100,884.25,0.1,100.504188517
11120,923.9,0.05,88.3291729624
11140,775.75,0.15,89.7968236131
11160,862.1,0.0,72.979919253
11180,831.65,0.05,75.0110306792
11200,843.75,0.1,96.4760711221
11220,860.2,0.15,104.820447442
11240,923.25,0.05,83.128682172
11260,808.45,0.05,67.3211375192
11280,795.55,0.1,83.2299499227
11300,767.05,0.15,94.1993750762
11320,955.65,0.0,81.1043960863
11340,965.25,0.05,84.9198680638
11360,820.55,0.0,66.8353066186
11380,843.35,0.1,94.6541632344
11400,688.95,0.35,121.890490491
11420,775.85,0.35,111.271482764
11440,831.4,0.15,92.3850929104
11460,810.3,0.15,84.6456016884
11480,722.25,0.1,68.1767372409
11500,858.2,0.15,91.4154072746
11520,796.65,0.25,103.341363328
11540,1000.0,0.0,73.231552254
11560,803.65,0.25,101.498141236
11580,827.1,0.25,88.6424805696
11600,531.4,0.5,100.223331553
11620,495.0,0.6,129.590557006
11640,745.2,0.4,120.731341215
11660,678.0,0.5,116.37874273
11680,516.95,0.6,118.332968619
11700,562.9,0.3,67.3748243551
11720,592.0,0.25,66.9960796037
11740,528.0,0.5,104.825269906
11760,637.25,0.4,84.8798670246
11780,541.85,0.25,53.4561890769
11800,510.4,0.35,62.8800320727
11820,530.65,0.35,65.524903177
11840,512.85,0.35,60.2064194081
11860,377.45,0.35,34.6679833967
11880,641.05,0.2,48.3402326594
11900,518.15,0.45,79.5925696574
11920,488.2,0.25,23.9204002808
11940,420.0,0.35,50.878052984
11960,588.6,0.45,87.922575905
11980,447.85,0.45,70.5228610978
12000,483.4,0.4,57.6109978678
12020,430.6,0.45,49.6797497143
12040,435.3,0.4,44.6203021417
12060,498.8,0.25,19.535928727
12080,492.3,0.45,66.4467867462
12100,643.1,0.15,25.2369982305
12120,522.35,0.3,38.0975073821
12140,473.85,0.55,56.8182684133
12160,701.0,0.15,15.3070125664
12180,562.9,0.45,50.9760978353
12200,464.6,0.5,47.2118623931
12220,665.15,0.25,29.2720301616
12240,631.55,0.4,56.6197372255
12260,724.8,0.55,84.2482508146
12280,756.6,0.25,39.1248928926
12300,703.25,0.55,71.6892506755
12320,668.5,0.45,63.1876036041
12340,602.6,0.3,34.6718991854
12360,673.7,0.5,77.1837991383
12380,587.05,0.6,88.1103485308
12400,678.95,0.4,69.5791569036
12420,742.35,0.55,83.092455346
12440,651.0,0.6,89.9372371655
12460,754.2,0.3,47.3833885272
12480,679.4,0.45,81.6790404282
12500,863.45,0.35,86.9960321416
12520,760.05,0.55,105.931206563
12540,755.0,0.6,106.514165999
12560,828.4,0.4,99.0843114388
12580,747.65,0.5,113.071452306
12600,769.9,0.3,72.9987889482
12620,768.7,0.35,77.727020874
12640,928.0,0.15,69.4778600166
12660,793.1,0.15,59.2791733305
12680,857.65,0.2,88.2073878174
12700,857.0,0.15,75.9392038394
12720,556.6,0.45,102.732757338
12740,785.6,0.15,68.6092210329
12760,872.0,0.15,84.0431609155
12780,927.9,0.05,76.1385863202
12800,884.4,0.2,89.5809374392
12820,929.7,0.05,73.3671743927
12840,948.95,0.1,86.6269660631
12860,887.7,0.05,78.9804476891
12880,917.65,0.15,94.3511781563
12900,792.75,0.2,96.4386266176
12920,717.5,0.35,98.0580095409
12940,942.45,0.1,89.4664919864
12960,805.75,0.2,91.2513150163
12980,807.65,0.25,101.936190268
13000,748.7,0.35,113.989350954
13020,711.0,0.45,122.230399546
13040,670.75,0.45,108.983944561
13060,667.3,0.45,117.506220339
13080,578.55,0.5,102.113423455
13100,754.55,0.35,117.440509841
13120,772.85,0.3,103.795849082
13140,618.25,0.35,101.521467631
13160,688.8,0.3,98.0530971111
13180,698.75,0.3,102.826012475
13200,573.9,0.5,127.388365783
13220,787.3,0.25,97.701608276
13240,700.85,0.35,119.415072684
13260,844.5,0.25,121.614553186
13280,798.25,0.15,90.3768355596
13300,887.0,0.05,76.5564662773
13320,883.35,0.0,83.6208690399
13340,924.0,0.05,77.3139202484
13360,891.55,0.0,81.8695371825
13380,870.55,0.0,70.0157320904
13400,837.7,0.1,89.3941632037
13420,733.4,0.15,81.6462345549
13440,881.45,0.0,67.1070009997
13460,785.6,0.0,57.9696164032
13480,593.9,0.0,44.2360652199
13500,657.35,0.1,59.5163118055
13520,620.25,0.1,56.7410652834
13540,417.65,0.3,70.2880403631
13560,448.15,0.3,67.446146528
13580,232.5,0.2,-11.4614739461
13600,379.85,0.3,45.5221094931
13620,352.2,0.25,30.6798395826
13640,408.6,0.25,43.849037036
13660,402.1,0.1,9.11088719277
13680,371.45,0.25,25.3021063521
13700,383.9,0.2,18.723492957
13720,404.7,0.3,48.1436355337
13740,334.5,0.15,0.967562403722
13760,475.85,0.1,9.48839005431
13780,372.2,0.25,12.3940533205
13800,477.05,0.25,44.6052320499
13820,368.85,0.35,38.8963466881
13840,419.1,0.2,11.165995027
13860,475.45,0.35,66.2493671134
13880,514.7,0.1,6.6924621041
13900,527.3,0.25,65.5794932995
13920,460.5,0.2,21.7401893774
13940,325.25,0.5,87.7760513116
13960,510.1,0.35,61.0681016764
13980,523.25,0.5,104.188813154
14000,599.6,0.3,72.9419352886
14020,536.25,0.2,48.3800553928
14040,566.35,0.3,64.2174980587
14060,595.9,0.35,97.6954604459
14080,642.55,0.25,65.0771003475
14100,783.4,0.15,86.0654859659
14120,625.45,0.2,62.7510530524
14140,646.65,0.45,114.674682227
14160,728.95,0.25,81.8932609323
14180,719.95,0.35,88.1122772321
14200,781.25,0.15,75.1946182704
14220,782.3,0.25,102.983655166
14240,894.85,0.2,107.563411403
14260,757.0,0.4,122.820407937
14280,870.3,0.15,99.7639090201
14300,967.3,0.05,91.5997044839
14320,919.3,0.05,86.5451676716
14340,958.65,0.0,81.772669207
14360,921.45,0.05,93.5414049276
14380,969.45,0.05,92.3459936163
14400,933.15,0.1,102.132611589
14420,818.75,0.15,96.2467978274
14440,1000.0,0.0,90.1833035735
14460,836.3,0.0,85.3670909152
14480,913.8,0.0,79.5802234837
14500,913.2,0.0,87.0661509935
14520,889.85,0.1,86.9038944449
14540,955.05,0.0,88.4015838664
14560,955.3,0.0,90.3320620601
14580,955.75,0.0,91.6411902479
14600,916.7,0.0,78.14210778
14620,961.25,0.0,85.5482025519
14640,965.05,0.0,71.825770111
14660,1000.0,0.0,87.5834743899
14680,957.2,0.0,79.2487932
14700,957.55,0.0,80.0040470909
14720,956.0,0.0,81.1721514586
14740,961.85,0.0,79.5745929021
14760,963.8,0.0,82.2139734515
14780,1000.0,0.0,94.7268576334
14800,1000.0,0.0,83.0561424754
14820,954.95,0.0,90.3662972874
14840,1000.0,0.0,103.036363133
14860,1000.0,0.0,93.1935211568
14880,967.0,0.05,86.9905884657
14900,1000.0,0.0,80.1486938242
14920,1000.0,0.0,86.7598559702
14940,964.25,0.0,74.406331388
14960,1000.0,0.0,78.5724752433
14980,1000.0,0.0,80.6647110231
15000,970.85,0.05,90.8036534699
15020,1000.0,0.0,89.0178747031
15040,1000.0,0.0,73.3329857769
15060,953.4,0.15,95.7998607642
15080,738.9,0.7,149.257919606
15100,582.25,0.9,170.42176818
15120,711.65,0.6,142.492559466
15140,692.85,0.65,141.689660495
15160,570.0,0.8,159.288074234
15180,708.25,0.5,117.912291589
15200,666.65,0.7,154.989862082
15220,589.45,0.65,144.359725317
15240,661.05,0.65,147.375428977
15260,693.0,0.55,134.702136109
15280,776.8,0.5,128.179097466
15300,629.8,0.7,159.231362512
15320,811.2,0.45,116.795052825
15340,647.7,0.55,123.207263342
15360,783.3,0.5,130.836277945
15380,675.8,0.65,134.549298781
15400,770.9,0.5,134.891538782
15420,742.4,0.5,121.150727869
15440,776.5,0.5,129.504095219
15460,803.8,0.6,143.679374189
15480,710.45,0.75,156.32728854
15500,806.8,0.6,144.680412517
15520,930.35,0.2,88.4159083182
15540,859.45,0.5,133.543306049
15560,902.55,0.4,122.8074385
15580,925.75,0.4,115.754087284
15600,769.6,0.7,154.619404489
15620,745.5,0.7,150.8857196
15640,770.35,0.65,141.915812179
15660,703.05,0.7,142.979046906
15680,790.75,0.45,114.546234086
15700,674.3,0.65,146.768165643
15720,748.05,0.6,145.598903985
15740,742.05,0.65,146.99935561
15760,725.0,0.6,139.800440311
15780,737.95,0.65,147.616603397
15800,721.95,0.7,149.361369929
15820,827.65,0.55,133.238731589
15840,840.65,0.6,138.149074269
15860,789.3,0.7,160.170285106
15880,806.7,0.55,131.200405709
15900,777.1,0.65,156.662161957
15920,810.3,0.5,134.157510073
15940,805.85,0.45,125.841509799
15960,726.65,0.6,139.916157421
15980,762.8,0.65,147.810266384
16000,745.1,0.8,157.160049155
16020,776.7,0.5,128.399064229
16040,705.05,0.65,140.215692138
16060,755.2,0.6,135.23196166
16080,683.5,0.85,159.411160151
16100,741.55,0.7,157.909753602
16120,919.1,0.45,117.818984405
16140,799.6,0.65,138.615653827
16160,806.1,0.75,168.34255247
16180,793.8,0.7,158.680329764
16200,724.65,0.6,151.829309987
16220,767.6,0.65,154.315111156
16240,803.15,0.55,139.489563721
16260,820.8,0.5,133.818858356
16280,752.15,0.65,136.367189161
16300,716.6,0.7,158.284067503
16320,717.95,0.65,151.501378506
16340,613.8,0.75,164.19343746
16360,701.3,0.65,147.216616884
16380,658.75,0.65,154.940849361
16400,708.1,0.65,141.955613331
16420,658.5,0.65,159.76862193
16440,663.45,0.65,146.292587453
16460,604.6,0.85,177.868707905
16480,654.4,0.65,144.518874755
16500,689.35,0.6,150.581019631
16520,626.15,0.7,159.444974875
16540,731.3,0.6,150.875389135
16560,607.8,0.8,174.942617365
16580,655.8,0.9,169.131368425
16600,646.3,0.9,190.933228328
16620,631.05,0.7,162.678954976
16640,713.75,0.75,162.936738162
16660,637.2,0.65,146.419173176
16680,646.95,0.75,163.309832625
16700,641.35,0.75,166.08440198
16720,647.05,0.65,157.825581019
16740,721.9,0.65,150.958042535
16760,708.5,0.65,150.799987989
16780,735.3,0.55,153.101694558
16800,562.75,0.75,167.451320876
16820,621.2,0.85,178.408231901
16840,708.05,0.7,160.175896069
16860,577.55,0.95,188.584910887
16880,664.8,0.55,144.441060596
16900,559.7,0.55,136.066148294
16920,550.85,0.8,167.051878765
16940,518.8,0.6,136.933778671
16960,636.8,0.55,145.695977241
16980,557.9,0.55,136.735794769
17000,573.6,0.55,123.873589746
17020,711.05,0.45,134.182557841
17040,621.7,0.55,126.904237733
17060,867.7,0.45,129.542975946
17080,553.6,0.7,152.081693105
17100,418.6,0.5,106.751730828
17120,469.85,0.5,118.304394756
17140,360.0,0.5,107.485252182
17160,511.4,0.5,131.744572125
17180,542.95,0.4,103.335351177
17200,611.7,0.7,158.286854239
17220,477.8,0.5,109.098418775
17240,530.6,0.45,99.1966350754
17260,525.7,0.55,134.685055064
17280,501.2,0.5,108.666209899
17300,434.35,0.7,157.965887814
17320,546.85,0.6,149.426765663
17340,541.7,0.65,151.056581297
17360,568.95,0.6,140.247656517
17380,450.1,0.8,166.236332014
17400,788.55,0.3,107.586065914
17420,928.65,0.25,125.071677615
17440,898.9,0.25,109.710925847
17460,816.2,0.3,116.886993243
17480,873.85,0.4,135.043229823
17500,631.05,0.55,130.819640549
17520,510.3,0.7,154.299619094
17540,553.9,0.7,158.400759626
17560,655.2,0.5,126.144161821
17580,603.6,0.55,137.046532608
17600,628.45,0.55,149.720788514
17620,682.7,0.6,149.607138606
17640,556.8,0.75,173.514684902
17660,582.7,0.7,154.894903621
17680,621.3,0.6,147.077327051
17700,644.5,0.6,155.851263876
17720,649.45,0.7,150.157747342
17740,585.75,0.55,132.711179737
17760,622.1,0.7,144.739350283
17780,634.9,0.7,167.733954989
17800,571.75,0.7,161.790735192
17820,502.15,0.9,195.830061377
17840,609.85,0.7,157.677165737
17860,730.55,0.55,155.375470197
17880,872.6,0.55,156.906375735
17900,841.25,0.55,142.184620663
17920,692.75,0.7,164.740688165
17940,633.55,0.65,159.065249326
17960,641.5,0.7,170.356389262
17980,647.55,0.7,172.520689855
18000,566.15,0.7,164.552377261
18020,534.35,0.8,178.342009372
18040,637.6,0.65,155.595789785
18060,543.05,0.85,190.269606959
18080,598.5,0.7,168.187436201
18100,570.8,0.75,166.261292723
18120,683.65,0.65,145.986870074
18140,575.3,0.8,173.118659315
18160,706.35,0.7,153.105482497
18180,984.35,0.1,100.314587156
18200,1000.0,0.0,85.6810247045
18220,917.75,0.0,81.0204105934
18240,960.55,0.0,88.3179502675
18260,1000.0,0.0,93.8083230481
18280,955.0,0.0,96.0659823664
18300,1000.0,0.0,101.880312726
18320,962.6,0.0,93.7727052344
18340,1000.0,0.0,103.375354907
18360,847.35,0.05,87.2363373721
18380,927.6,0.1,111.990515079
18400,849.85,0.1,100.735062245
18420,825.15,0.1,96.5029344424
18440,797.55,0.1,91.1416662408
18460,961.5,0.0,87.6896671478
18480,963.9,0.05,92.8021328452
18500,885.8,0.0,73.7040217301
18520,868.05,0.05,73.3692557734
18540,667.55,0.5,130.113742446
18560,707.85,0.45,150.487006271
18580,812.95,0.1,80.4273509658
18600,732.15,0.3,113.834849276
18620,741.7,0.55,143.152877719
18640,763.3,0.4,132.766341353
18660,693.25,0.5,141.89916786
18680,754.6,0.3,111.543622229
18700,618.1,0.45,128.198253298
18720,731.1,0.45,138.123779998
18740,867.35,0.2,106.091071724
18760,787.3,0.25,122.958901118
18780,872.75,0.2,103.199691614
18800,853.35,0.25,108.402371682
18820,819.1,0.2,84.9659687127
18840,885.15,0.2,106.735422847
18860,830.1,0.3,113.463275278
18880,875.0,0.15,93.6727404558
18900,875.25,0.05,84.6118124237
18920,734.8,0.2,93.3918026724
18940,1000.0,0.0,79.6247829711
18960,939.45,0.05,82.2236112671
18980,816.05,0.3,108.012227323
19000,934.95,0.1,92.8143645779
19020,933.15,0.2,97.5549924461
19040,910.15,0.2,93.3919693952
19060,908.15,0.15,90.9708405011
19080,831.9,0.3,106.177748724
19100,985.2,0.1,93.6704228484
19120,917.75,0.2,103.159907113
19140,899.9,0.25,91.2348354304
19160,957.35,0.2,94.2471796159
19180,900.75,0.35,102.242046817
19200,908.25,0.25,103.949101014
19220,863.85,0.55,133.835117085
19240,947.95,0.2,85.7620413295
19260,886.0,0.2,92.570471344
19280,841.1,0.35,112.779974568
19300,901.35,0.45,119.208323692
19320,787.0,0.3,89.8566745776
19340,755.5,0.4,116.392468318
19360,877.65,0.45,120.417715048
19380,892.6,0.25,96.5361940778
19400,869.15,0.4,112.487939118
19420,894.9,0.3,104.097889594
19440,859.35,0.25,100.274832102
19460,883.85,0.3,117.288069435
19480,835.95,0.25,98.4284258979
19500,793.25,0.25,93.2877443612
19520,856.4,0.25,110.744933683
19540,903.4,0.15,87.3427112444
19560,879.25,0.3,103.825361198
19580,1000.0,0.0,79.0630188745
19600,930.5,0.15,94.8100225203
19620,921.9,0.1,85.8075746215
19640,855.0,0.25,102.690146728
19660,1000.0,0.0,74.2510604175
19680,972.45,0.05,82.2756698448
19700,1000.0,0.0,78.3162448387
19720,1000.0,0.0,75.1436026863
19740,1000.0,0.0,84.7079006247
19760,933.55,0.1,97.570095005
19780,1000.0,0.0,73.1030242904
19800,908.65,0.0,69.4452244557
19820,915.9,0.1,87.3869986637
19840,1000.0,0.0,85.983812872
19860,1000.0,0.0,83.2873107496
19880,967.5,0.05,73.90897399
19900,1000.0,0.0,76.7575457012
19920,963.55,0.05,85.4191407946
19940,923.6,0.05,82.5478924654
19960,1000.0,0.0,75.2645913261
19980,995.55,0.05,81.3334754017
20000,989.65,0.1,91.4954648831
20020,931.1,0.1,81.9897209402
20040,983.05,0.05,86.5001971118
20060,1000.0,0.0,70.8104975025
20080,921.9,0.05,89.6221802435
20100,853.25,0.1,86.585632548
20120,921.9,0.05,89.5436174661
20140,1000.0,0.0,81.3820023713
20160,766.6,0.1,73.5297197399
20180,857.55,0.1,78.3496564742
20200,891.15,0.1,96.9913596298
20220,878.55,0.1,89.5096007517
20240,816.7,0.2,105.103969108
20260,692.4,0.35,124.160776438
20280,804.6,0.1,100.940529823
20300,774.15,0.15,102.1179824
20320,864.1,0.2,114.200357176
20340,931.5,0.1,100.527381207
20360,857.15,0.1,100.209817474
20380,820.1,0.2,113.175892963
20400,716.65,0.05,67.4994672686
20420,887.0,0.05,90.4883660512
20440,732.85,0.1,86.9153741759
20460,804.1,0.05,81.8200742314
20480,754.4,0.05,76.2258089073
20500,802.0,0.05,68.2892728009
20520,922.25,0.0,95.5676042557
20540,838.7,0.0,83.5671959133
20560,875.45,0.05,95.5336693594
20580,875.6,0.0,77.6898534115
20600,841.75,0.0,72.5500626806
20620,1000.0,0.0,95.3264362607
20640,890.9,0.1,104.164289807
20660,923.3,0.0,79.0676128678
20680,926.25,0.05,98.0135020324
20700,915.45,0.0,80.5996846232
20720,961.85,0.0,93.1782150913
20740,928.75,0.1,100.645330606
20760,837.05,0.05,87.6831113673
20780,926.15,0.0,81.276827718
20800,889.6,0.05,84.7801279649
20820,927.95,0.05,74.2376098202
20840,962.75,0.0,83.8045956066
20860,923.0,0.05,91.2237959966
20880,1000.0,0.0,94.6418072329
20900,879.8,0.0,74.0445148866
20920,1000.0,0.0,89.0420594939
20940,880.05,0.05,82.7352996903
20960,880.2,0.0,70.3854243838
20980,932.95,0.1,89.7860016727
21000,836.85,0.05,78.5489371916
21020,857.85,0.1,94.7608072002
21040,894.3,0.1,89.4731361419
21060,888.1,0.1,84.9345662809
21080,797.85,0.05,68.6369016424
21100,922.6,0.05,86.2517203746
21120,763.95,0.1,75.8809550611
21140,689.5,0.05,53.196799264
21160,664.0,0.3,87.68355931
21180,814.7,0.1,76.8107839741
21200,832.35,0.15,73.3884754834
21220,619.3,0.3,87.703434315
21240,629.6,0.5,122.901110469
21260,556.3,0.5,109.780918145
21280,620.25,0.45,98.7207103169
21300,651.8,0.3,89.6506828781
21320,692.0,0.05,31.8835185363
21340,570.65,0.4,92.8650477487
21360,681.5,0.15,51.750863198
21380,658.7,0.45,99.3576650017
21400,623.9,0.35,72.0560214486
21420,617.55,0.35,67.2530729348
21440,562.85,0.3,61.6328158704
21460,685.5,0.4,103.19530872
21480,580.75,0.45,79.3451161138
21500,498.65,0.35,57.9184455208
21520,596.65,0.3,52.3870201715
21540,474.85,0.5,85.3521020477
21560,630.45,0.3,52.7053915353
21580,601.75,0.4,67.6073922882
21600,616.55,0.3,38.6135596763
21620,416.55,0.7,110.860488438
21640,585.8,0.25,45.8310730087
21660,532.0,0.55,74.8784521088
21680,537.15,0.45,79.498876169
21700,427.8,0.35,30.0678450046
21720,518.8,0.4,59.9940731184
21740,532.75,0.3,26.3978747257
21760,624.8,0.25,33.6075363984
21780,511.35,0.35,39.5210631334
21800,630.05,0.35,56.612839572
21820,601.7,0.3,48.8972192474
21840,528.45,0.65,116.121590615
21860,549.1,0.5,71.3434307784
21880,511.75,0.4,54.7112674781
21900,748.0,0.4,86.7785506613
21920,468.0,0.3,38.7423820228
21940,597.15,0.5,90.7496900711
21960,535.25,0.35,49.4262698106
21980,687.05,0.25,54.0557824967
22000,581.85,0.4,67.1769035773
22020,639.6,0.45,95.5280942981
22040,598.0,0.4,79.802727604
22060,620.2,0.25,51.8036747354
22080,460.85,0.3,47.8824615858
22100,525.25,0.25,35.226944278
22120,549.9,0.55,105.648236513
22140,554.1,0.35,46.9942949091
22160,453.55,0.45,62.2716751199
22180,496.75,0.2,11.0406975747
22200,485.0,0.3,37.5245273983
22220,507.1,0.4,60.3285632537
22240,410.9,0.3,17.749109245
22260,576.6,0.2,35.5354811239
22280,656.7,0.15,28.6078540018
22300,549.25,0.3,54.4282763573
22320,600.0,0.4,66.5848718043
22340,610.85,0.2,43.86126841
22360,563.5,0.25,37.9080494728
22380,468.75,0.35,45.0822628164
22400,375.85,0.55,62.2239825956
22420,515.65,0.2,19.1834105819
22440,531.85,0.2,-2.99807837409
22460,536.65,0.45,59.3872210117
22480,457.95,0.45,50.166551611
22500,580.15,0.35,58.4434599187
22520,542.8,0.25,32.0412135287
22540,499.75,0.45,62.3627808215
22560,559.0,0.35,60.0794508482
22580,436.8,0.4,41.4885535038
22600,550.4,0.35,48.8118178162
22620,512.7,0.4,44.9701413027
22640,458.65,0.45,52.835438502
22660,525.0,0.2,34.7681599145
22680,563.9,0.25,35.2524967225
22700,539.2,0.5,96.5576437982
22720,529.25,0.25,39.861209652
22740,568.05,0.4,76.6447857088
22760,577.4,0.2,29.8609040039
22780,443.25,0.5,71.9677059886
22800,555.85,0.4,50.2178849018
22820,581.65,0.35,60.6018305795
22840,558.85,0.5,94.3173828939
22860,519.5,0.65,115.38836157
22880,574.6,0.35,66.2359437569
22900,531.15,0.4,64.5558325545
22920,588.45,0.4,61.5213128683
22940,532.55,0.55,102.077778341
22960,590.5,0.6,110.474421937
22980,534.2,0.75,139.416525521
23000,671.8,0.35,79.3283379816
23020,672.25,0.4,85.6453025547
23040,581.65,0.5,88.4817445421
23060,557.1,0.5,79.3529507308
23080,602.1,0.7,131.167529629
23100,600.0,0.55,107.091890658
23120,621.9,0.3,62.8058705856
23140,652.05,0.45,93.4422821166
23160,540.8,0.5,102.683743751
23180,792.3,0.4,109.18020122
23200,518.15,0.65,126.914318741
23220,740.85,0.55,131.007573217
23240,607.0,0.7,136.855426615
23260,666.1,0.5,114.327656513
23280,604.9,0.7,141.433525318
23300,733.4,0.35,93.8836013929
23320,882.05,0.3,90.5996676387
23340,666.55,0.35,89.0548366164
23360,587.6,0.6,117.245316573
23380,707.05,0.45,116.492182069
23400,669.15,0.55,141.360892142
23420,615.75,0.45,105.252118923
23440,668.65,0.7,137.47359366
23460,695.85,0.5,118.786641228
23480,671.6,0.7,137.876188269
23500,654.5,0.4,92.9815842343
23520,522.95,0.5,96.5722622183
23540,638.4,0.4,89.8329443671
23560,701.9,0.5,113.560284319
23580,650.85,0.45,104.299495632
23600,667.3,0.5,121.402211656
23620,651.6,0.35,79.9074426494
23640,592.65,0.65,136.926598618
23660,578.7,0.55,117.139998488
23680,623.9,0.65,135.965993284
23700,710.85,0.45,115.529276483
23720,699.25,0.45,113.677605819
23740,731.4,0.4,109.239638919
23760,531.4,0.65,129.806353632
23780,612.15,0.45,107.865597711
23800,606.0,0.35,90.854119331
23820,595.8,0.6,127.633857468
23840,591.25,0.5,115.71317349
23860,631.05,0.45,115.751447886
23880,518.45,0.45,88.4388764128
23900,634.85,0.4,101.405790326
23920,634.15,0.4,94.66511841
23940,480.15,0.45,90.0184064002
23960,617.85,0.35,79.2361904062
23980,615.65,0.25,67.2638180363
24000,493.95,0.5,94.4615441122
24020,471.5,0.45,77.4760268864
24040,433.9,0.4,49.070625195
24060,589.1,0.3,77.9836105386
24080,581.3,0.45,97.387247906
24100,515.15,0.3,58.7447864069
24120,542.35,0.2,38.3913441368
24140,435.95,0.5,82.1069217257
24160,529.2,0.2,41.9876725336
24180,534.3,0.4,80.3228836514
24200,589.65,0.35,78.660350503
24220,454.65,0.5,98.4189300143
24240,470.4,0.25,42.0447237185
24260,579.5,0.3,71.3901698405
24280,358.75,0.5,79.5660282258
24300,485.6,0.25,56.0477459583
24320,525.75,0.55,107.441581236
24340,487.5,0.3,57.053975552
24360,520.0,0.35,65.1379253275
24380,521.85,0.45,89.5809140745
24400,427.25,0.45,90.5301693763
24420,466.4,0.45,77.9234346495
24440,573.6,0.45,98.4861679646
24460,348.05,0.2,16.029280015
24480,507.15,0.2,49.588313501
24500,524.0,0.5,96.4726553394
24520,516.1,0.3,74.866392668
24540,494.85,0.35,68.4679553464
24560,555.2,0.3,63.6370633897
24580,507.5,0.25,54.7675545452
24600,513.05,0.3,78.5397136536
24620,569.1,0.45,103.388303494
24640,569.7,0.35,94.195483436
24660,553.9,0.5,109.309337609
24680,420.35,0.3,60.3073332277
24700,718.3,0.2,81.4949635757
24720,486.7,0.5,114.904173493
24740,574.8,0.3,69.9895219174
24760,584.45,0.4,97.1381047116
24780,649.05,0.2,82.360707138
24800,528.5,0.25,69.7785366737
24820,583.75,0.45,115.872314995
24840,572.95,0.5,126.440842132
24860,570.65,0.55,131.982798912
24880,659.7,0.45,124.968049402
24900,674.9,0.3,97.2899367355
24920,654.85,0.2,83.2396845344
24940,536.4,0.45,115.627073188
24960,724.35,0.25,103.237243015
24980,714.1,0.3,103.55261949
25000,683.15,0.3,101.583644068
25020,743.1,0.2,91.6329247281
25040,833.85,0.2,99.1531164983
25060,763.5,0.1,81.7132860271
25080,747.5,0.2,87.8770228275
25100,673.9,0.2,85.0351200477
25120,858.85,0.15,98.6284944149
25140,865.3,0.15,100.375643527
25160,730.0,0.15,80.1539167572
25180,796.85,0.05,71.2584401623
25200,855.55,0.1,81.0467598625
25220,774.45,0.15,82.1029595511
25240,852.9,0.1,86.9446141647
25260,806.95,0.1,90.9556890398
25280,769.35,0.05,73.3221541833
25300,759.25,0.15,91.1890942163
25320,932.05,0.05,79.5595231184
25340,850.2,0.1,82.8727055661
25360,876.9,0.0,56.9152792244
25380,846.55,0.1,85.4319767499
25400,927.7,0.0,66.125787421
25420,841.25,0.05,73.0338177959
25440,886.35,0.0,62.0347979689
25460,919.7,0.0,80.901711457
25480,915.65,0.0,65.8446433401
25500,1000.0,0.0,85.6945951081
25520,931.65,0.05,83.2824642706
25540,848.45,0.05,64.82891261
25560,915.8,0.0,65.9925486547
25580,886.95,0.1,90.3188989706
25600,896.5,0.1,93.4713059471
25620,921.25,0.0,81.616733843
25640,960.2,0.0,79.3767656971
25660,954.5,0.0,83.6573730928
25680,921.45,0.05,94.656204764
25700,794.15,0.2,95.8845808146
25720,834.65,0.2,93.9668496606
25740,851.05,0.05,75.5989771483
25760,724.0,0.35,118.102960813
25780,794.25,0.2,101.919069459
25800,782.5,0.15,90.0594062415
25820,740.95,0.15,89.6736558484
25840,892.05,0.0,63.4467727565
25860,964.0,0.0,87.0409932441
25880,848.45,0.15,102.672983151
25900,836.9,0.25,115.51108392
25920,768.25,0.15,90.5488028817
25940,897.1,0.05,82.9945612198
25960,962.85,0.0,84.3046319298
25980,937.95,0.1,105.108745743
26000,798.95,0.3,118.068422457
26020,928.9,0.05,86.492200835
26040,858.75,0.15,87.2874645091
26060,933.95,0.05,82.4471150863
26080,922.6,0.05,74.7696652772
26100,1000.0,0.0,78.4498229206
26120,934.75,0.05,90.2757789034
26140,884.3,0.0,69.7285865773
26160,969.95,0.05,88.1085915081
26180,838.2,0.2,100.127866459
26200,891.9,0.0,67.878521485
26220,802.4,0.1,86.3289683246
26240,972.15,0.05,88.4508932557
26260,1000.0,0.0,85.5877389295
26280,852.95,0.05,67.527438064
26300,919.65,0.05,87.523038791
26320,852.5,0.05,73.1378058231
26340,889.65,0.05,75.0043566638
26360,924.05,0.05,86.1891703201
26380,863.9,0.1,86.198834008
26400,847.3,0.1,85.9343977318
26420,933.5,0.1,104.058614782
26440,773.5,0.15,87.8896436345
26460,931.25,0.1,100.510964542
26480,925.4,0.05,87.9566588974
26500,958.45,0.0,90.4129635917
26520,969.05,0.05,95.7987772296
26540,925.0,0.05,92.7452744306
26560,886.75,0.05,74.7437919682
26580,907.75,0.15,104.793386608
26600,910.85,0.0,85.9849455646
26620,873.6,0.15,98.0907851494
26640,971.35,0.05,85.0103584009
26660,897.95,0.05,86.4729953336
26680,924.35,0.05,84.4152642527
26700,707.5,0.1,71.9107897357
26720,921.35,0.05,86.0808409162
26740,843.45,0.25,108.748935941
26760,841.85,0.25,130.336196384
26780,657.2,0.3,98.7554789951
26800,683.55,0.3,105.86454156
26820,755.8,0.4,120.798637548
26840,653.3,0.55,141.015737271
26860,617.85,0.45,121.956666614
26880,792.8,0.25,119.52536871
26900,785.75,0.35,113.570088773
26920,818.7,0.15,75.3726264829
26940,778.35,0.2,95.3812746332
26960,836.55,0.2,95.6564003267
26980,619.25,0.5,115.666533531
27000,872.25,0.25,109.330362816
27020,694.7,0.45,127.317580081
27040,861.15,0.15,91.1632507242
27060,890.15,0.05,74.8570611147
27080,967.5,0.05,87.6267829381
27100,891.2,0.1,89.649245617
27120,922.75,0.05,87.0672005777
27140,970.7,0.05,88.740691257
27160,1000.0,0.0,95.1900852641
27180,909.95,0.0,88.6940336491
27200,968.05,0.05,96.6136727535
27220,966.9,0.05,95.3537080561
27240,1000.0,0.0,91.8058403014
27260,954.95,0.0,85.9817695372
27280,1000.0,0.0,82.9681039151
27300,1000.0,0.0,85.8991544847
27320,1000.0,0.0,92.8511869093
27340,954.7,0.0,83.3074111467
27360,954.5,0.0,84.3287922404
27380,1000.0,0.0,90.6860477216
27400,955.5,0.0,77.8582849231
27420,1000.0,0.0,83.8422129564
27440,1000.0,0.0,84.3117624998
27460,1000.0,0.0,77.9146562741
27480,908.6,0.0,76.3372513082
27500,1000.0,0.0,85.4448035461
27520,1000.0,0.0,84.9589717782
27540,1000.0,0.0,83.8030076862
27560,1000.0,0.0,87.4897448909
27580,1000.0,0.0,93.8657539044
27600,1000.0,0.0,83.4930742247
27620,1000.0,0.0,87.9089329504
27640,1000.0,0.0,88.2782773706
27660,960.65,0.0,84.649806841
27680,1000.0,0.0,87.5821481363
27700,1000.0,0.0,84.5067054899
27720,1000.0,0.0,92.2653301106
27740,957.7,0.0,94.7956128754
27760,1000.0,0.0,93.0467897809
27780,956.65,0.0,86.8585721919
27800,926.35,0.0,87.5866725094
27820,917.8,0.0,85.9022954616
27840,954.45,0.0,98.4017374925
27860,962.6,0.0,88.8575375489
27880,1000.0,0.0,98.5513307191
27900,955.2,0.0,93.08473999
27920,1000.0,0.0,106.4531429
27940,1000.0,0.0,95.4701931367
27960,875.25,0.0,88.5939666474
27980,1000.0,0.0,104.327337957
28000,957.6,0.0,103.557816796
28020,964.15,0.05,109.571684734
28040,961.25,0.0,102.452698037
28060,1000.0,0.0,98.5180777468
28080,1000.0,0.0,94.5818449122
28100,1000.0,0.0,90.8017492316
28120,893.25,0.1,102.52918004
28140,890.1,0.15,117.574837593
28160,880.95,0.05,92.5290463183
28180,927.05,0.05,95.4669703469
28200,927.65,0.1,113.30058448
28220,918.05,0.05,103.893516232
28240,919.8,0.0,82.1883734334
28260,962.6,0.0,89.6720576088
28280,914.8,0.05,100.580250725
28300,963.2,0.05,108.094499486
28320,1000.0,0.0,91.7687247978
28340,1000.0,0.0,98.4260493879
28360,1000.0,0.0,95.6950642524
28380,959.9,0.0,94.4127869521
28400,1000.0,0.0,100.91542886
28420,1000.0,0.0,107.271147726
28440,1000.0,0.0,101.62004706
28460,964.8,0.05,106.35423643
28480,962.25,0.0,100.243144384
28500,921.45,0.0,95.9040024864
28520,897.2,0.05,99.7731503657
28540,962.2,0.05,108.832687642
28560,962.3,0.05,98.0397784235
28580,927.9,0.05,105.097072318
28600,923.45,0.0,88.7438251742
28620,943.55,0.05,97.5099006702
28640,916.9,0.0,87.3333071826
28660,961.9,0.0,91.9731808391
28680,914.2,0.0,86.1750107792
28700,961.1,0.0,88.7181633562
28720,833.9,0.0,71.3854544105
28740,957.95,0.0,93.753050401
28760,800.45,0.05,81.6609433583
28780,806.05,0.05,86.8471327684
28800,1000.0,0.0,97.153776593
28820,922.05,0.05,107.240520802
28840,879.9,0.0,91.9664544705
28860,922.1,0.05,106.386300876
28880,1000.0,0.0,100.099207037
28900,919.7,0.05,107.407168439
28920,1000.0,0.0,115.58577024
28940,922.75,0.05,102.838460865
28960,962.15,0.0,98.990488408
28980,923.55,0.0,90.7891114048
29000,879.7,0.05,93.4303603837
29020,957.2,0.0,92.3692048993
29040,877.55,0.0,87.5199817989
29060,963.4,0.05,121.595996398
29080,956.8,0.0,102.241972027
29100,919.75,0.05,104.283839673
29120,1000.0,0.0,103.127847575
29140,909.75,0.0,87.7681653747
29160,912.95,0.0,90.953666192
29180,967.95,0.05,108.213676767
29200,1000.0,0.0,102.522884199
29220,927.85,0.1,109.929454693
29240,936.75,0.1,113.317538663
29260,913.3,0.0,88.3797508214
29280,954.75,0.0,85.1913423957
29300,937.85,0.1,107.303466097
29320,941.95,0.1,111.974829537
29340,1000.0,0.0,97.4534552549
29360,972.85,0.05,103.077007316
29380,1000.0,0.0,94.4384141035
29400,964.2,0.0,80.4600719067
29420,1000.0,0.0,93.303780202
29440,1000.0,0.0,96.9964275831
29460,967.8,0.05,104.527820402
29480,1000.0,0.0,91.4243985924
29500,934.1,0.05,98.0707001919
29520,1000.0,0.0,99.3033370954
29540,1000.0,0.0,95.7398573862
29560,1000.0,0.0,100.362724436
29580,1000.0,0.0,96.8959776236
29600,968.4,0.05,103.673408239
29620,1000.0,0.0,88.7608446974
29640,965.3,0.05,107.844833394
29660,1000.0,0.0,83.974670129
29680,1000.0,0.0,86.8629280042
29700,1000.0,0.0,93.4525102229
29720,964.75,0.0,88.7408313145
29740,1000.0,0.0,82.2305514746
29760,1000.0,0.0,94.0403905107
29780,1000.0,0.0,93.7239603431
29800,1000.0,0.0,93.0324710163
29820,1000.0,0.0,83.3501131201
29840,1000.0,0.0,94.5975281915
29860,1000.0,0.0,90.616393715
29880,1000.0,0.0,83.5259867011
29900,1000.0,0.0,89.6476339633
29920,929.4,0.05,98.3033383812
29940,1000.0,0.0,86.9187023356
29960,1000.0,0.0,82.5583776154
29980,1000.0,0.0,83.9128817773
30000,1000.0,0.0,77.9234910313
30020,1000.0,0.0,84.0019693789
30040,957.35,0.0,74.4695538841
30060,1000.0,0.0,89.1646000737
30080,1000.0,0.0,88.6769650877
30100,1000.0,0.0,86.9221612826
30120,1000.0,0.0,86.7245034293
30140,1000.0,0.0,88.6278830288
30160,961.9,0.0,78.1998960918
30180,1000.0,0.0,77.2001185594
30200,957.4,0.0,89.9625557789
30220,1000.0,0.0,94.1567239054
30240,1000.0,0.0,94.7530724823
30260,969.25,0.05,104.761611709
30280,954.55,0.0,73.6932307735
30300,1000.0,0.0,90.973433599
30320,953.8,0.0,86.5938069613
30340,1000.0,0.0,88.0756729127
30360,1000.0,0.0,86.2359256961
30380,1000.0,0.0,91.0477973144
30400,1000.0,0.0,98.9710036444
30420,1000.0,0.0,85.4622245197
30440,1000.0,0.0,87.7265700266
30460,895.75,0.1,98.7875768895
30480,1000.0,0.0,85.5227236525
30500,1000.0,0.0,90.1282719811
30520,1000.0,0.0,97.089572712
30540,1000.0,0.0,90.2109169872
30560,1000.0,0.0,96.8919099349
30580,934.4,0.1,102.181753035
30600,920.7,0.05,94.5604715038
30620,1000.0,0.0,90.5161084171
30640,1000.0,0.0,86.6060512234
30660,955.8,0.0,80.2732793983
30680,1000.0,0.0,89.4742157856
30700,1000.0,0.0,87.141077266
30720,972.7,0.05,88.9958334651
30740,967.3,0.05,90.1314148705
30760,966.65,0.05,91.1698715384
30780,1000.0,0.0,81.0891373873
30800,1000.0,0.0,97.635832992
30820,852.3,0.1,88.8295426422
30840,970.25,0.05,91.9675387961
30860,963.45,0.05,89.6649578575
30880,822.15,0.2,105.679342431
30900,969.5,0.05,101.272484753
30920,968.85,0.05,104.454713039
30940,967.2,0.05,95.5178562128
30960,935.8,0.1,101.684563652
30980,1000.0,0.0,96.0629795741
31000,964.1,0.05,103.139737844
31020,1000.0,0.0,97.9877140912
31040,1000.0,0.0,96.1497576393
31060,1000.0,0.0,100.798016725
31080,1000.0,0.0,93.7882264782
31100,1000.0,0.0,99.3600419107
31120,1000.0,0.0,92.60577437
31140,954.7,0.0,88.0887833869
31160,960.95,0.0,90.2100580172
31180,954.85,0.0,89.9044056297
31200,911.75,0.0,74.7176335124
31220,1000.0,0.0,90.2984987033
31240,919.5,0.0,84.5460947352
31260,1000.0,0.0,86.3715078202
31280,962.35,0.0,86.7660482211
31300,1000.0,0.0,86.8241463537
31320,1000.0,0.0,89.6806798215
31340,1000.0,0.0,82.8485352021
31360,1000.0,0.0,93.3863761437
31380,1000.0,0.0,86.6155640636
31400,915.8,0.0,74.6812568818
31420,915.7,0.0,80.7641612234
31440,962.75,0.0,80.7622197329
31460,962.05,0.0,84.9993284244
31480,961.1,0.0,85.6480063987
31500,885.4,0.0,80.1416445307
31520,1000.0,0.0,93.6359482917
31540,923.75,0.05,102.321485805
31560,918.55,0.05,105.293527312
31580,954.1,0.0,92.9584560873
31600,914.65,0.0,93.1790395557
31620,1000.0,0.0,94.1726291423
31640,1000.0,0.0,97.4201323955
31660,1000.0,0.0,95.9382467019
31680,963.15,0.0,92.9375669985
31700,957.0,0.0,95.3331056998
31720,967.95,0.05,110.252251029
31740,1000.0,0.0,97.0650042698
31760,908.95,0.0,97.0315746861
31780,968.4,0.05,100.995948047
31800,954.25,0.0,93.3642452981
31820,928.05,0.05,95.4842007917
31840,1000.0,0.0,99.645560232
31860,880.0,0.0,86.2808273051
31880,1000.0,0.0,99.0040557086
31900,923.15,0.0,83.4382716801
31920,921.35,0.05,87.8802977477
31940,882.95,0.05,92.3872822087
31960,966.0,0.05,98.8434757114
31980,921.9,0.0,91.6396765302
32000,929.55,0.05,91.0920665848
32020,1000.0,0.0,95.7619747096
32040,882.4,0.1,103.4988653
32060,931.5,0.05,97.1150187138
32080,866.7,0.15,109.467318323
32100,889.25,0.1,105.198303533
32120,963.5,0.05,107.495956515
32140,917.95,0.0,95.966660272
32160,822.65,0.2,125.851276255
32180,921.2,0.05,99.1951748637
32200,927.25,0.05,99.3670263386
32220,894.85,0.1,99.1226511573
32240,1000.0,0.0,102.957851937
32260,927.65,0.1,108.816520913
32280,1000.0,0.0,101.383001749
32300,840.35,0.05,92.2578500462
32320,777.2,0.15,106.367643995
32340,883.05,0.05,101.595472737
32360,963.2,0.05,106.480733651
32380,917.25,0.0,90.9906699866
32400,883.2,0.05,94.7509308666
32420,889.55,0.0,83.9154001658
32440,918.1,0.0,87.4327755255
32460,961.95,0.0,90.9433448995
32480,1000.0,0.0,98.4606992083
32500,923.5,0.0,91.5208410582
32520,911.2,0.0,90.0815360058
32540,877.55,0.05,91.7723482678
32560,1000.0,0.0,104.926706953
32580,922.95,0.0,86.347927712
32600,962.95,0.0,86.2349187685
32620,1000.0,0.0,101.614803297
32640,962.85,0.05,103.100367348
32660,963.5,0.0,93.3530163186
32680,920.1,0.05,96.6546374675
32700,1000.0,0.0,93.9701115674
32720,1000.0,0.0,92.1500483393
32740,1000.0,0.0,99.9875163908
32760,962.8,0.0,97.8826203184
32780,1000.0,0.0,99.6046362413
32800,1000.0,0.0,91.9701439887
32820,1000.0,0.0,84.6193619237
32840,1000.0,0.0,89.2529841943
32860,954.7,0.0,75.956633992
32880,1000.0,0.0,92.4716449992
32900,1000.0,0.0,96.1025797594
32920,1000.0,0.0,91.9403818804
32940,1000.0,0.0,95.5907076012
32960,1000.0,0.0,95.3062369339
32980,968.45,0.05,100.717889811
33000,1000.0,0.0,95.2504620263
33020,968.45,0.05,96.5343404566
33040,1000.0,0.0,96.9453204823
33060,1000.0,0.0,95.0529482289
33080,1000.0,0.0,88.7011518728
33100,1000.0,0.0,94.1745230218
33120,919.65,0.0,86.7202666006
33140,958.9,0.0,89.7923429662
33160,1000.0,0.0,101.575966381
33180,920.65,0.0,83.8413719247
33200,958.85,0.0,97.34294439
33220,1000.0,0.0,94.9988646434
33240,1000.0,0.0,96.8031218304
33260,1000.0,0.0,91.4454251036
33280,1000.0,0.0,91.3374512942
33300,961.3,0.0,91.0624343636
33320,1000.0,0.0,98.2942434699
33340,1000.0,0.0,90.6903484413
33360,1000.0,0.0,92.0630457979
33380,1000.0,0.0,89.6152799312
33400,1000.0,0.0,81.2749925334
33420,1000.0,0.0,90.6020250203
33440,1000.0,0.0,80.8498133831
33460,963.2,0.0,80.4024763621
33480,1000.0,0.0,85.433843506
33500,1000.0,0.0,88.3838798215
33520,963.3,0.0,75.8319077074
33540,962.8,0.0,80.3417107891
33560,1000.0,0.0,87.9522095014
33580,1000.0,0.0,86.7044399594
33600,1000.0,0.0,86.3926333885
33620,1000.0,0.0,83.5580358217
33640,1000.0,0.0,86.2189271952
33660,1000.0,0.0,87.0173402845
33680,1000.0,0.0,88.7617543147
33700,954.0,0.0,81.879600108
33720,1000.0,0.0,85.2666688858
33740,1000.0,0.0,87.7257384778
33760,1000.0,0.0,90.4295368143
33780,1000.0,0.0,88.3207993657
33800,1000.0,0.0,93.168035673
33820,966.8,0.05,90.5605365165
33840,1000.0,0.0,95.6799459075
33860,1000.0,0.0,96.5988943846
33880,969.7,0.05,100.830825379
33900,1000.0,0.0,97.259264612
33920,1000.0,0.0,87.8543435567
33940,1000.0,0.0,93.6193198917
33960,956.65,0.0,93.3250557664
33980,1000.0,0.0,95.2729147658
34000,968.55,0.05,105.129285514
34020,1000.0,0.0,91.6062215127
34040,967.2,0.05,88.2067905576
34060,1000.0,0.0,102.680835908
34080,1000.0,0.0,90.1198542438
34100,957.9,0.0,88.1569233816
34120,1000.0,0.0,86.7745998858
34140,1000.0,0.0,89.5630652948
34160,1000.0,0.0,89.0997845341
34180,1000.0,0.0,89.7680810483
34200,1000.0,0.0,86.7032076797
34220,1000.0,0.0,83.41839294
34240,1000.0,0.0,87.5972866619
34260,1000.0,0.0,93.8212957032
34280,1000.0,0.0,78.0976257068
34300,1000.0,0.0,82.5697714188
34320,1000.0,0.0,76.802604874
34340,983.45,0.05,99.7496353612
34360,964.15,0.05,81.6699522705
34380,1000.0,0.0,82.2450910422
34400,1000.0,0.0,84.7816357627
34420,960.0,0.05,94.0296493695
34440,1000.0,0.0,78.4140537416
34460,1000.0,0.0,84.9974827599
34480,1000.0,0.0,81.3849077323
34500,1000.0,0.0,90.68619594
34520,1000.0,0.0,86.0741853956
34540,960.2,0.0,92.3593638801
34560,1000.0,0.0,89.3151135558
34580,1000.0,0.0,95.0746679248
34600,1000.0,0.0,93.2403141028
34620,1000.0,0.0,87.3067799316
34640,1000.0,0.0,85.7194482014
34660,1000.0,0.0,88.1327535578
34680,1000.0,0.0,94.2733914881
34700,969.05,0.05,87.0181273686
34720,1000.0,0.0,98.2219210506
34740,964.35,0.0,85.1952510746
34760,1000.0,0.0,93.5068210053
34780,1000.0,0.0,83.7477841009
34800,953.95,0.0,78.6196806652
34820,957.4,0.0,100.83381139
34840,964.45,0.0,86.28155485
34860,1000.0,0.0,89.3531852379
34880,1000.0,0.0,89.3655535338
34900,1000.0,0.0,102.268149606
34920,1000.0,0.0,91.4535005152
34940,1000.0,0.0,91.978603261
34960,960.65,0.0,91.9130660036
34980,1000.0,0.0,87.8317830817
35000,1000.0,0.0,96.4920795206
35020,964.9,0.05,87.934209656
35040,922.25,0.0,86.7269839637
35060,1000.0,0.0,102.100165118
35080,1000.0,0.0,98.5780878627
35100,1000.0,0.0,91.5157124028
35120,963.75,0.0,90.7210381785
35140,1000.0,0.0,97.8433100158
35160,911.8,0.0,91.4969586923
35180,964.6,0.0,87.9893257359
35200,963.0,0.0,89.0845313751
35220,1000.0,0.0,99.6642418222
35240,965.55,0.0,84.9572295724
35260,954.1,0.0,87.5506665039
35280,1000.0,0.0,95.4512459599
35300,966.95,0.05,108.685395202
35320,1000.0,0.0,93.897517723
35340,1000.0,0.0,96.6335548628
35360,919.65,0.0,88.679802664
35380,961.8,0.0,85.0855058603
35400,961.05,0.0,92.7890398262
35420,1000.0,0.0,95.9405905786
35440,1000.0,0.0,95.7550590197
35460,960.1,0.05,94.8827305858
35480,1000.0,0.0,93.3261764119
35500,1000.0,0.0,99.2288559307
35520,1000.0,0.0,93.6878938688
35540,1000.0,0.0,93.9076853794
35560,1000.0,0.0,91.6067700766
35580,1000.0,0.0,88.268066338
35600,1000.0,0.0,87.2364665557
35620,956.05,0.0,94.1130383515
35640,1000.0,0.0,99.0711509417
35660,1000.0,0.0,96.3513838936
35680,1000.0,0.0,102.629289259
35700,1000.0,0.0,99.1489430859
35720,1000.0,0.0,97.2278798376
35740,1000.0,0.0,94.1642984584
35760,1000.0,0.0,98.3907592869
35780,967.65,0.05,97.1302775924
35800,954.6,0.0,84.6902647869
35820,1000.0,0.0,102.750780244
35840,1000.0,0.0,101.019822756
35860,927.7,0.0,86.9036461625
35880,910.3,0.0,86.6667196349
35900,1000.0,0.0,87.6714516705
35920,1000.0,0.0,88.0486413153
35940,954.55,0.0,92.8171068718
35960,1000.0,0.0,99.0757881469
35980,1000.0,0.0,89.5197776922
36000,954.4,0.0,81.9923243095
36020,954.1,0.0,78.6074184519
36040,1000.0,0.0,91.8709902779
36060,954.4,0.0,84.6629030341
36080,1000.0,0.0,87.5187805086
36100,1000.0,0.0,92.849155932
36120,955.25,0.0,86.5342663772
36140,1000.0,0.0,97.4522937874
36160,961.0,0.0,89.681255835
36180,1000.0,0.0,93.012383203
36200,955.25,0.0,93.8768881207
36220,956.6,0.0,92.0947017717
36240,963.35,0.0,85.64668241
36260,957.1,0.0,96.1603349676
36280,1000.0,0.0,103.15588795
36300,1000.0,0.0,100.21392628
36320,1000.0,0.0,95.8292836127
36340,1000.0,0.0,107.447791554
36360,1000.0,0.0,88.8601916361
36380,953.75,0.0,83.6008089171
36400,955.95,0.0,89.2111126645
36420,1000.0,0.0,96.1472219326
36440,1000.0,0.0,96.902917557
36460,1000.0,0.0,98.6127370001
36480,1000.0,0.0,95.9900719867
36500,1000.0,0.0,92.2761289547
36520,956.5,0.0,84.7489413976
36540,1000.0,0.0,89.1689776544
36560,953.85,0.0,83.5539492227
36580,908.05,0.0,82.7617224828
36600,1000.0,0.0,90.1213032662
36620,1000.0,0.0,90.5953451631
36640,1000.0,0.0,99.165866025
36660,966.1,0.05,95.0069871298
36680,1000.0,0.0,91.7484861137
36700,954.25,0.0,77.2345810649
36720,954.8,0.0,84.9482276055
36740,1000.0,0.0,89.5154630184
36760,1000.0,0.0,88.6893793564
36780,1000.0,0.0,96.9505902993
36800,960.7,0.0,92.3785454806
36820,1000.0,0.0,91.7181536375
36840,1000.0,0.0,88.9642281296
36860,1000.0,0.0,91.5164945049
36880,1000.0,0.0,95.984980106
36900,1000.0,0.0,97.2235105806
36920,1000.0,0.0,91.9543422623
36940,953.5,0.0,88.0652207413
36960,959.25,0.0,101.073600504
36980,909.5,0.0,81.7146885121
37000,964.05,0.0,91.1331494297
37020,956.65,0.0,95.5545608528
37040,1000.0,0.0,107.194907047
37060,958.4,0.0,93.7892210322
37080,922.5,0.0,87.2347469166
37100,959.7,0.0,94.8179225111
37120,919.2,0.0,91.0290225757
37140,959.85,0.0,100.075362017
37160,1000.0,0.0,97.3274599612
37180,837.4,0.0,77.0271765414
37200,957.5,0.0,93.7444424131
37220,919.65,0.05,109.407801088
37240,912.75,0.0,92.877973572
37260,1000.0,0.0,108.996050123
37280,924.8,0.0,90.7533993963
37300,960.55,0.0,101.500934195
37320,879.1,0.0,84.4035659525
37340,1000.0,0.0,105.401444284
37360,838.85,0.0,88.2325739688
37380,1000.0,0.0,105.581078249
37400,836.55,0.0,75.824306697
37420,848.75,0.0,73.0544775191
37440,921.05,0.0,96.8853622332
37460,966.0,0.05,105.288559435
37480,879.4,0.05,98.7882660197
37500,792.55,0.0,83.9959813703
37520,878.4,0.0,82.3981728611
37540,960.7,0.0,89.5419623155
37560,887.6,0.0,85.9175349928
37580,963.75,0.0,96.1204701834
37600,954.45,0.0,102.010067916
37620,958.8,0.0,91.1408596367
37640,915.95,0.0,90.4895554015
37660,919.6,0.0,97.6837204918
37680,959.7,0.0,92.5959156337
37700,919.8,0.0,92.8417971718
37720,1000.0,0.0,103.648904335
37740,880.45,0.0,89.0665999008
37760,919.5,0.0,95.1932247376
37780,962.05,0.0,100.670581471
37800,875.95,0.0,92.7773744089
37820,961.55,0.0,102.441582327
37840,877.4,0.0,86.6707123581
37860,919.55,0.0,98.56598526
37880,883.75,0.0,92.549339543
37900,798.9,0.0,85.2764560087
37920,846.0,0.05,97.7020313309
37940,956.75,0.0,103.480480367
37960,959.85,0.0,104.631065107
37980,880.8,0.0,87.8211275053
38000,707.05,0.0,68.6364707728
38020,918.4,0.0,84.2508722508
38040,1000.0,0.0,103.231783866
38060,912.75,0.0,91.0049706373
38080,879.95,0.0,84.3107604225
38100,880.2,0.0,80.5470128412
38120,883.3,0.0,83.1324403239
38140,1000.0,0.0,97.7129263346
38160,881.5,0.0,90.6537250204
38180,958.85,0.0,95.2513547269
38200,843.75,0.0,76.6164191601
38220,1000.0,0.0,97.0768464397
38240,843.3,0.0,80.5636637486
38260,835.65,0.0,84.2366857752
38280,871.95,0.05,96.8249993334
38300,1000.0,0.0,94.5040397059
38320,923.25,0.0,84.4584062462
38340,882.5,0.0,78.7387205089
38360,1000.0,0.0,89.2162250812
38380,960.55,0.0,93.1808059202
38400,919.25,0.0,88.9483628135
38420,801.1,0.0,76.0295982009
38440,961.1,0.0,94.543143872
38460,960.3,0.0,86.9752484782
38480,960.15,0.0,90.6231624626
38500,1000.0,0.0,94.8265252018
38520,957.5,0.0,88.69102136
38540,958.3,0.0,79.1166320878
38560,884.4,0.0,84.0074093513
38580,1000.0,0.0,100.595804026
38600,1000.0,0.0,92.3319391761
38620,1000.0,0.0,92.1363633914
38640,954.95,0.0,77.5236447654
38660,1000.0,0.0,94.0357763617
38680,960.8,0.0,91.7040025641
38700,916.95,0.0,76.4926361489
38720,880.4,0.0,77.5399435347
38740,1000.0,0.0,98.4044827879
38760,923.3,0.0,86.861177647
38780,797.05,0.0,68.6743825186
38800,1000.0,0.0,92.7119814249
38820,954.05,0.0,87.1350524975
38840,923.4,0.0,88.4006424954
38860,1000.0,0.0,85.8025878586
38880,961.35,0.0,91.8941782758
38900,957.1,0.0,82.2089875444
38920,920.25,0.0,88.5467111351
38940,954.95,0.0,91.4753076864
38960,961.4,0.0,90.1782711591
38980,1000.0,0.0,102.297884646
39000,917.8,0.0,93.1219175957
39020,1000.0,0.0,100.180237018
39040,960.65,0.0,100.778771234
39060,1000.0,0.0,97.3132640297
39080,920.65,0.0,90.7559958256
39100,882.05,0.0,87.3908028973
39120,962.7,0.0,101.764082309
39140,921.45,0.0,92.0519818081
39160,961.15,0.0,102.473605749
39180,1000.0,0.0,105.839557853
39200,960.85,0.0,90.4606835339
39220,1000.0,0.0,101.034235347
39240,1000.0,0.0,97.5820915382
39260,875.85,0.05,99.7584384091
39280,1000.0,0.0,98.3208805788
39300,959.25,0.0,95.6322665021
39320,920.35,0.0,90.7992634695
39340,920.0,0.0,96.3983851741
39360,958.2,0.0,93.6936903627
39380,923.2,0.0,89.9633352782
39400,1000.0,0.0,101.317553592
39420,1000.0,0.0,101.94631352
39440,962.3,0.0,104.813277045
39460,916.75,0.0,87.9058106327
39480,955.25,0.0,98.7848614161
39500,962.85,0.0,94.6828487262
39520,872.15,0.05,98.7220447123
39540,962.85,0.0,92.8002802787
39560,881.8,0.05,97.6668435792
39580,1000.0,0.0,109.213816209
39600,954.7,0.0,101.350131836
39620,955.7,0.0,94.1611688537
39640,918.6,0.0,87.8710881709
39660,960.05,0.0,89.7423308971
39680,956.2,0.0,100.274264152
39700,914.9,0.0,87.7075660531
39720,1000.0,0.0,100.488608923
39740,964.75,0.05,104.210222786
39760,953.7,0.0,95.3432547715
39780,912.8,0.0,91.5807177622
39800,925.65,0.05,110.107199667
39820,1000.0,0.0,101.351764379
39840,882.3,0.1,102.949558376
39860,918.7,0.0,93.2911827486
39880,888.7,0.05,102.922227603
39900,957.65,0.0,97.2440766515
39920,920.15,0.05,107.365976237
39940,960.1,0.0,100.868550908
39960,887.85,0.05,96.8579686577
39980,887.0,0.0,87.5213629071
40000,1000.0,0.0,107.588508094
40020,960.15,0.0,89.8571906703
40040,841.65,0.1,96.6839048568
40060,922.7,0.0,90.3392864849
40080,922.15,0.0,107.432826524
40100,962.65,0.0,95.0727230042
40120,1000.0,0.0,102.821922392
40140,881.65,0.0,85.1722311623
40160,953.9,0.0,98.1525404385
40180,916.5,0.0,97.7088847857
40200,879.25,0.0,78.4353782998
40220,923.35,0.0,92.5525363041
40240,1000.0,0.0,100.634552417
40260,956.85,0.0,96.3920664014
40280,1000.0,0.0,92.6851618043
40300,1000.0,0.0,97.9014808679
40320,1000.0,0.0,108.545710952
40340,959.1,0.0,96.5888486006
40360,909.8,0.0,95.5595169603
40380,918.55,0.0,92.8694959685
40400,1000.0,0.0,106.909981642
40420,838.2,0.05,90.5718237716
40440,925.1,0.05,98.6340897095
40460,960.15,0.0,97.1739289806
40480,959.8,0.0,100.550418935
40500,1000.0,0.0,92.2681491117
40520,1000.0,0.0,101.548315657
40540,925.95,0.0,81.6034715455
40560,959.15,0.0,105.545286271
40580,1000.0,0.0,102.474415077
40600,1000.0,0.0,100.947396991
40620,1000.0,0.0,91.70352488
40640,1000.0,0.0,95.6113540789
40660,1000.0,0.0,87.3716099187
40680,962.0,0.0,98.9652047521
40700,959.55,0.0,83.8392642194
40720,1000.0,0.0,95.1146509142
40740,1000.0,0.0,92.789749964
40760,1000.0,0.0,101.782903741
40780,1000.0,0.0,104.358182279
40800,923.65,0.0,79.0031389469
40820,872.9,0.0,76.9942472435
40840,1000.0,0.0,90.5224591854
40860,1000.0,0.0,88.7797727586
40880,915.1,0.0,84.3075654674
40900,958.2,0.0,87.8140861739
40920,962.35,0.0,84.0715052534
40940,1000.0,0.0,88.1685623636
40960,873.4,0.0,73.0693000964
40980,921.35,0.0,78.9589392852
41000,961.45,0.0,81.3350698826
41020,1000.0,0.0,94.7705639535
41040,881.05,0.05,95.0707167366
41060,912.55,0.0,87.1792637695
41080,958.65,0.0,83.5042428788
41100,913.2,0.0,75.249143432
41120,954.1,0.0,84.5568636092
41140,961.9,0.0,84.6077158732
41160,1000.0,0.0,89.0491409712
41180,961.55,0.0,85.9998018795
41200,917.45,0.0,80.911984697
41220,910.3,0.0,80.3259205765
41240,923.15,0.0,76.1219986208
41260,1000.0,0.0,88.3117809851
41280,959.0,0.0,89.9730289795
41300,1000.0,0.0,89.5752135982
41320,878.75,0.05,86.442550153
41340,962.5,0.0,86.7410746458
41360,922.1,0.05,92.186963182
41380,954.9,0.0,88.0049913497
41400,918.3,0.0,72.7732062901
41420,924.05,0.0,83.0432726916
41440,958.2,0.0,75.2919041137
41460,841.1,0.15,97.7116449094
41480,843.3,0.1,89.3147662867
41500,916.8,0.1,93.3132620332
41520,918.8,0.0,82.2508524887
41540,873.65,0.2,114.318324791
41560,879.05,0.15,100.355701612
41580,886.6,0.15,89.5508225583
41600,901.7,0.15,98.4641472525
41620,884.65,0.2,112.244370896
41640,854.35,0.15,98.3453367669
41660,883.3,0.1,89.7150889517
41680,828.05,0.35,130.340152571
41700,700.4,0.3,113.135023822
41720,809.3,0.25,114.154306363
41740,809.7,0.3,120.953977798
41760,841.65,0.25,118.053957697
41780,800.8,0.25,104.350872464
41800,820.55,0.2,105.375897241
41820,816.7,0.3,115.53531014
41840,799.0,0.2,102.633281426
41860,853.4,0.1,86.994934849
41880,912.2,0.15,116.878048031
41900,818.45,0.25,109.245366514
41920,843.75,0.2,100.813696437
41940,809.5,0.3,111.895113078
41960,838.2,0.25,110.057225291
41980,750.75,0.45,139.556206515
42000,866.85,0.15,91.1401375413
42020,958.25,0.1,101.14718192
42040,688.85,0.35,124.862749146
42060,794.2,0.2,108.120099487
42080,735.6,0.3,118.903752442
42100,732.65,0.4,133.470209378
42120,855.9,0.3,123.25930274
42140,797.95,0.3,124.210797248
42160,700.1,0.55,148.209710382
42180,807.3,0.35,130.121284913
42200,880.85,0.35,128.054831609
42220,768.8,0.25,107.267028519
42240,740.9,0.4,128.309040902
42260,827.7,0.3,120.635199318
42280,810.85,0.35,121.765227518
42300,884.6,0.2,112.753064616
42320,745.5,0.3,120.266777053
42340,753.05,0.25,101.73650139
42360,824.35,0.25,114.117221277
42380,811.45,0.2,102.859791298
42400,727.6,0.4,126.449701097
42420,893.5,0.2,106.023603888
42440,708.15,0.4,133.72063225
42460,786.75,0.25,120.323789758
42480,768.65,0.3,119.551598584
42500,744.7,0.25,105.318304697
42520,828.15,0.25,117.495054197
42540,850.05,0.05,69.951162693
42560,876.8,0.1,94.1269134296
42580,743.05,0.4,132.406398963
42600,694.8,0.35,122.121645685
42620,858.0,0.15,105.892866353
42640,812.8,0.4,131.441949225
42660,833.0,0.3,119.588971568
42680,832.05,0.25,117.884976813
42700,690.7,0.35,110.718071916
42720,781.3,0.35,122.159386601
42740,807.5,0.25,104.967599927
42760,859.8,0.2,104.854851622
42780,858.1,0.25,116.18626176
42800,921.4,0.35,115.530669312
42820,718.9,0.25,100.384853375
42840,686.45,0.3,105.228456707
42860,815.15,0.3,107.417374686
42880,836.75,0.25,116.363947303
42900,805.15,0.3,105.694006139
42920,814.85,0.3,121.854269454
42940,825.3,0.2,105.647370498
42960,929.2,0.1,95.2675574744
42980,708.25,0.4,133.682440534
43000,897.05,0.05,86.677569054
43020,817.4,0.15,100.892173256
43040,942.15,0.1,100.186791083
43060,906.7,0.2,108.409301168
43080,955.0,0.1,113.812965588
43100,886.9,0.15,102.798736948
43120,862.4,0.2,104.622454644
43140,929.5,0.1,101.869829172
43160,785.5,0.25,104.263748209
43180,800.05,0.35,126.008501361
43200,898.85,0.2,114.209919657
43220,885.85,0.15,97.23571721
43240,814.2,0.35,119.211078642
43260,747.45,0.4,140.372080593
43280,962.15,0.1,87.2173469177
43300,915.25,0.1,101.849992662
43320,871.0,0.2,102.909913934
43340,814.2,0.3,125.384016032
43360,766.55,0.35,113.42055422
43380,808.5,0.3,117.870523694
43400,761.2,0.3,119.515675392
43420,822.4,0.3,120.284784352
43440,932.4,0.1,94.1365607316
43460,921.15,0.15,107.931657715
43480,915.95,0.15,104.526536572
43500,876.6,0.2,113.693937235
43520,927.9,0.1,99.5140873893
43540,779.65,0.25,110.616232774
43560,837.9,0.25,123.847745573
43580,815.55,0.1,82.892703025
43600,793.3,0.25,112.188874713
43620,950.0,0.1,104.027286256
43640,717.7,0.4,127.214386761
43660,826.55,0.35,126.270668593
43680,819.3,0.2,111.185125967
43700,790.0,0.35,123.755077499
43720,836.75,0.25,123.608803847
43740,858.6,0.2,114.551121729
43760,883.25,0.05,84.1704022585
43780,792.1,0.15,88.7034740525
43800,818.5,0.25,110.026281863
43820,947.85,0.05,79.9473516924
43840,857.15,0.15,89.7511056512
43860,858.25,0.1,97.4233617061
43880,915.55,0.15,95.2441030975
43900,858.7,0.1,90.4914358333
43920,829.8,0.2,116.055799227
43940,875.7,0.15,94.0593246783
43960,924.25,0.05,89.0435204437
43980,894.5,0.15,105.66896014
44000,919.3,0.15,105.436041947
44020,877.85,0.1,86.9955431139
44040,911.45,0.05,92.6957607221
44060,982.8,0.05,92.0560472798
44080,824.1,0.3,120.349238471
44100,924.2,0.0,65.8276981525
44120,887.7,0.05,83.6972160832
44140,921.35,0.1,90.7614349362
44160,814.55,0.05,71.3214177795
44180,820.05,0.1,85.797959838
44200,968.05,0.05,90.7676946035
44220,849.45,0.1,91.2150558547
44240,926.9,0.1,106.317067756
44260,836.0,0.1,90.9650065571
44280,959.1,0.05,90.805314884
44300,953.35,0.1,98.8871125803
44320,929.85,0.05,80.7748175447
44340,912.3,0.05,86.0694037084
44360,1000.0,0.0,86.0323229092
44380,941.8,0.1,101.918788418
44400,989.9,0.05,87.905913104
44420,976.8,0.05,90.7343944902
44440,927.4,0.05,85.0603983054
44460,938.55,0.05,81.594859292
44480,956.1,0.0,85.9377858213
44500,954.25,0.0,77.5832484377
44520,930.2,0.05,85.2071464847
44540,914.6,0.05,87.6482325888
44560,920.05,0.0,76.7620732397
44580,963.95,0.1,102.303494627
44600,960.75,0.05,92.5760170153
44620,918.0,0.0,75.8191586057
44640,984.85,0.05,92.4242481484
44660,1000.0,0.0,85.8301994831
44680,947.3,0.1,96.9158378183
44700,957.55,0.05,96.1149386879
44720,1000.0,0.0,84.6924442651
44740,1000.0,0.0,76.8434246333
44760,977.15,0.05,92.861042661
44780,971.55,0.05,88.2887374047
44800,879.65,0.0,72.6255823508
44820,954.4,0.0,79.3257906466
44840,1000.0,0.0,90.3455690705
44860,988.65,0.05,88.6893740033
44880,961.75,0.0,81.646744667
44900,940.05,0.1,103.721339921
44920,877.1,0.0,76.6780416735
44940,839.15,0.0,71.1247178378
44960,1000.0,0.0,87.6975992505
44980,914.85,0.05,88.3796954939
45000,918.05,0.0,87.8540324417
45020,1000.0,0.0,85.825903421
45040,945.8,0.05,76.6183917886
45060,963.25,0.0,89.8678267144
45080,949.25,0.05,86.4995957232
45100,947.55,0.05,83.995008913
45120,972.15,0.1,95.8019874103
45140,921.35,0.0,83.7832408005
45160,956.9,0.0,89.7358475167
45180,932.9,0.05,90.5306281152
45200,920.95,0.0,84.7517128411
45220,928.4,0.1,94.2728730143
45240,846.8,0.0,70.5180320567
45260,916.25,0.0,73.041317518
45280,1000.0,0.0,80.2970732278
45300,924.9,0.0,81.5837958831
45320,961.55,0.0,90.2200063769
45340,941.15,0.05,89.1144850745
45360,959.35,0.0,86.2069960509
45380,975.5,0.05,95.6014822761
45400,960.95,0.0,76.2014508438
45420,1000.0,0.0,76.5468568389
45440,1000.0,0.0,87.6932275778
45460,917.15,0.0,82.0311956794
45480,875.85,0.0,73.9701476195
45500,955.35,0.05,78.8398563549
45520,961.55,0.0,79.6324473686
45540,1000.0,0.0,84.4331265037
45560,1000.0,0.0,81.6412036835
45580,922.7,0.0,81.1671715459
45600,913.4,0.0,81.6689401419
45620,928.2,0.05,88.1426964597
45640,920.15,0.0,85.0284463555
45660,917.05,0.0,81.930299831
45680,958.85,0.0,88.8828230561
45700,975.4,0.05,96.7811132853
45720,961.85,0.05,95.9681165949
45740,918.5,0.0,78.6940488341
45760,917.85,0.0,80.8684375269
45780,919.6,0.0,80.5043386505
45800,918.05,0.0,80.6422613464
45820,783.5,0.0,65.0624054764
45840,879.45,0.05,87.0291677255
45860,826.9,0.0,68.5909452586
45880,841.05,0.0,77.5973869914
45900,910.6,0.0,85.8173320218
45920,958.0,0.0,90.0224685454
45940,912.35,0.05,93.6088880278
45960,882.3,0.0,73.9712838722
45980,877.85,0.0,75.2869207314
46000,954.45,0.0,81.7468312769
46020,884.35,0.0,77.1114477669
46040,922.55,0.0,83.0946026085
46060,842.6,0.0,65.3315399574
46080,915.2,0.05,86.7462511887
46100,922.75,0.0,78.2163442826
46120,882.65,0.0,80.493459223
46140,829.25,0.0,82.3343341136
46160,1000.0,0.0,89.3505554132
46180,962.15,0.0,75.7505283358
46200,1000.0,0.0,89.714136375
46220,1000.0,0.0,100.531790249
46240,921.55,0.0,86.7047767381
46260,1000.0,0.0,87.9846560585
46280,960.4,0.0,88.8427333437
46300,958.65,0.0,90.8440375118
46320,1000.0,0.0,92.1524363223
46340,915.0,0.0,82.2127898204
46360,1000.0,0.0,86.6489327729
46380,869.45,0.0,76.3908987959
46400,917.5,0.0,75.3172048094
46420,1000.0,0.0,93.4196472378
46440,1000.0,0.0,93.1219589943
46460,1000.0,0.0,88.0263432596
46480,920.2,0.0,87.8689475091
46500,874.45,0.0,79.1607741312
46520,1000.0,0.0,85.7106436923
46540,921.4,0.0,88.3855252028
46560,955.15,0.0,89.6792507228
46580,1000.0,0.0,88.766914591
46600,955.5,0.0,90.1083345721
46620,963.6,0.0,91.682221289
46640,1000.0,0.0,90.5470784855
46660,954.5,0.0,84.6870554294
46680,876.5,0.05,90.2436199621
46700,955.5,0.0,96.1576742952
46720,831.75,0.0,76.1578780523
46740,1000.0,0.0,102.427734569
46760,914.9,0.0,92.817436572
46780,1000.0,0.0,98.6003337989
46800,955.1,0.0,90.1765320319
46820,1000.0,0.0,103.587378981
46840,916.05,0.0,87.7608503161
46860,1000.0,0.0,95.381574911
46880,1000.0,0.0,99.5446608537
46900,954.8,0.0,93.7381690221
46920,1000.0,0.0,102.020992982
46940,962.5,0.0,86.5217879209
46960,1000.0,0.0,95.6700738043
46980,963.3,0.05,83.5058553953
47000,963.4,0.05,111.340574706
47020,1000.0,0.0,91.6902308845
47040,961.0,0.05,109.294920151
47060,1000.0,0.0,87.8401540525
47080,1000.0,0.0,88.7275259562
47100,1000.0,0.0,96.0114086197
47120,1000.0,0.0,97.7585141459
47140,1000.0,0.0,108.330496333
47160,954.5,0.0,94.759024518
47180,1000.0,0.0,90.0839535081
47200,1000.0,0.0,96.8990490878
47220,967.2,0.05,105.34887268
47240,954.85,0.0,85.3712451214
47260,1000.0,0.0,105.507310606
47280,965.1,0.0,93.4439057765
47300,957.95,0.0,85.4855631691
47320,1000.0,0.0,95.2128666566
47340,917.6,0.0,98.1293402752
47360,1000.0,0.0,90.1321201099
47380,1000.0,0.0,95.6070237874
47400,968.4,0.05,101.125950659
47420,1000.0,0.0,103.020709335
47440,1000.0,0.0,97.4797817674
47460,962.7,0.0,96.7138190819
47480,1000.0,0.0,91.7496544511
47500,1000.0,0.0,88.4956057745
47520,1000.0,0.0,96.0837990831
47540,965.2,0.05,105.686180219
47560,954.25,0.0,90.2333631313
47580,919.9,0.05,89.4510920055
47600,1000.0,0.0,93.7763275345
47620,1000.0,0.0,89.5408989961
47640,967.8,0.05,106.877683201
47660,1000.0,0.0,98.59744092
47680,1000.0,0.0,94.5711470839
47700,1000.0,0.0,92.8311128672
47720,1000.0,0.0,94.6712816144
47740,1000.0,0.0,96.9013186609
47760,1000.0,0.0,91.6652811623
47780,1000.0,0.0,95.0403718204
47800,1000.0,0.0,89.6134276682
47820,1000.0,0.0,92.983803931
47840,1000.0,0.0,96.4274261837
47860,1000.0,0.0,99.8559017724
47880,965.95,0.0,99.7841811874
47900,1000.0,0.0,85.9969909756
47920,1000.0,0.0,95.357581611
47940,1000.0,0.0,92.0991349184
47960,1000.0,0.0,89.9654097536
47980,883.85,0.1,103.965843751
48000,954.85,0.0,91.3568502954
48020,968.5,0.05,106.788907462
48040,897.2,0.1,97.282059214
48060,1000.0,0.0,95.8388104761
48080,926.65,0.05,93.7074877322
48100,1000.0,0.0,97.135121776
48120,895.3,0.1,99.4544239364
48140,891.1,0.1,97.9420875846
48160,972.15,0.05,103.834348599
48180,954.1,0.0,95.1500673472
48200,1000.0,0.0,99.0400906947
48220,954.5,0.0,89.8531992167
48240,1000.0,0.0,92.3100950003
48260,971.05,0.05,89.1737319003
48280,1000.0,0.0,96.2623695769
48300,968.0,0.05,95.5065900584
48320,954.15,0.0,86.3024741564
48340,1000.0,0.0,84.386744903
48360,936.25,0.1,99.5536329711
48380,936.1,0.1,99.7693379724
48400,1000.0,0.0,90.1317997686
48420,969.85,0.05,94.9657970102
48440,968.9,0.05,100.498606366
48460,962.5,0.0,88.5419052234
48480,933.15,0.1,93.7302058716
48500,966.5,0.05,108.958500429
48520,855.95,0.1,97.599882835
48540,1000.0,0.0,95.3792256076
48560,967.55,0.05,93.7096929123
48580,991.7,0.05,98.7413049365
48600,1000.0,0.0,87.0844686731
48620,843.65,0.15,106.266421778
48640,933.75,0.1,106.200945492
48660,924.25,0.05,94.1121309436
48680,1000.0,0.0,93.9397732038
48700,930.05,0.05,95.9335465515
48720,967.15,0.05,93.590533149
48740,920.0,0.05,85.7980615785
48760,869.7,0.15,113.412289825
48780,917.0,0.05,96.154443844
48800,949.7,0.05,93.8233260089
48820,964.9,0.0,88.1068882982
48840,936.25,0.1,108.856913478
48860,940.15,0.1,112.377509574
48880,892.45,0.1,107.632448778
48900,861.9,0.2,117.3533057
48920,815.15,0.15,91.0538954031
48940,927.05,0.05,95.6692338789
48960,863.7,0.15,100.176259819
48980,930.9,0.05,100.837444983
49000,949.55,0.1,111.32514347
49020,843.7,0.1,88.9164486121
49040,892.2,0.2,117.837750028
49060,999.9,0.05,101.322395072
49080,945.6,0.1,113.712850006
49100,929.2,0.05,93.4095670594
49120,860.5,0.15,113.715106963
49140,888.85,0.2,112.153593441
49160,734.7,0.15,90.4119439193
49180,959.4,0.1,98.8446100662
49200,933.65,0.1,112.528761274
49220,915.15,0.15,115.58596956
49240,877.2,0.15,94.3124954686
49260,955.35,0.1,110.35632294
49280,967.35,0.05,97.8031403076
49300,965.2,0.05,94.626398963
49320,936.8,0.15,102.917497025
49340,944.65,0.1,104.25787096
49360,962.8,0.0,98.5605739242
49380,875.4,0.2,119.365113168
49400,861.25,0.25,123.151168752
49420,964.95,0.05,95.6345303684
49440,968.05,0.05,99.3076225485
49460,852.7,0.15,107.831187415
49480,904.85,0.1,99.165867735
49500,922.4,0.05,92.0441051635
49520,866.7,0.2,109.148574007
49540,967.5,0.05,109.27990367
49560,883.35,0.05,81.540023735
49580,860.5,0.15,104.58322549
49600,865.95,0.2,122.39532775
49620,864.5,0.1,92.5488208609
49640,752.95,0.2,95.9790004722
49660,892.85,0.2,119.268076852
49680,935.2,0.1,101.09987674
49700,901.2,0.15,106.326883206
49720,895.35,0.1,103.513414211
49740,975.8,0.05,101.539008324
49760,886.5,0.15,105.241793059
49780,852.5,0.15,105.035032859
49800,974.6,0.05,106.495592398
49820,888.8,0.05,95.1022497028
49840,937.85,0.1,105.066271152
49860,750.8,0.25,109.897270387
49880,918.2,0.15,116.235868614
49900,912.8,0.15,113.96174652
49920,867.85,0.15,105.492137761
49940,938.9,0.1,101.71971954
49960,938.6,0.1,117.542481743
49980,924.05,0.15,119.049249558
50000,875.3,0.05,93.2311239349
50020,874.55,0.15,112.421064754
50040,823.1,0.2,113.995242486
50060,1000.0,0.0,104.001915248
50080,856.95,0.15,108.649296962
50100,796.9,0.2,111.897589837
50120,740.25,0.2,101.254505537
50140,929.45,0.1,110.62815893
50160,756.75,0.05,77.6886194282
50180,883.55,0.15,95.3384874838
50200,815.2,0.25,119.970468801
50220,880.7,0.15,109.270951094
50240,909.95,0.1,102.621076092
50260,822.75,0.1,86.6427581354
50280,789.25,0.2,111.384042303
50300,871.5,0.1,90.9893329483
50320,822.5,0.25,121.365239244
50340,760.9,0.25,113.081443021
50360,743.6,0.05,72.9843203971
50380,873.55,0.1,94.002947792
50400,816.0,0.1,89.8660840488
50420,846.5,0.25,122.019613112
50440,874.85,0.15,106.805291146
50460,841.5,0.2,113.621305876
50480,892.8,0.1,102.39853963
50500,710.2,0.25,113.722702244
50520,721.2,0.3,123.569671702
50540,821.65,0.2,109.473345097
50560,827.9,0.15,108.263376705
50580,753.1,0.25,108.136206932
50600,804.75,0.15,109.843727535
50620,855.05,0.15,107.150525518
50640,853.2,0.1,106.046541035
50660,851.3,0.1,93.6116590705
50680,858.3,0.1,95.1585012639
50700,908.7,0.0,83.5086730339
50720,963.1,0.05,97.5876458012
50740,868.15,0.2,114.613735496
50760,794.25,0.2,108.144313029
50780,895.65,0.15,109.327628513
50800,925.85,0.05,105.946985261
50820,886.4,0.1,109.204770752
50840,879.15,0.2,108.045650106
50860,847.55,0.1,100.293222531
50880,953.1,0.1,106.908483386
50900,903.85,0.15,122.440037578
50920,859.25,0.15,118.510694815
50940,968.0,0.05,100.3988172
50960,862.4,0.25,124.527130501
50980,900.0,0.05,101.477676908
51000,894.7,0.1,99.6252445925
51020,929.8,0.05,98.1848177032
51040,933.5,0.1,116.027859341
51060,919.35,0.05,98.6092758608
51080,932.4,0.1,110.033903426
51100,888.75,0.05,91.9324789463
51120,863.15,0.15,109.039515913
51140,931.95,0.1,104.082521855
51160,1000.0,0.0,101.522312024
51180,925.2,0.05,98.1596469626
51200,1000.0,0.0,97.8187047627
51220,953.75,0.0,86.3496049348
51240,963.65,0.0,85.889354616
51260,921.0,0.05,92.9871882101
51280,1000.0,0.0,84.9035006805
51300,898.25,0.1,97.0800501709
51320,968.1,0.05,93.9357416364
51340,954.15,0.0,90.7826927464
51360,923.3,0.05,102.188851758
51380,874.65,0.05,84.0704968183
51400,954.4,0.0,87.7277968983
51420,855.5,0.1,90.9881662439
51440,1000.0,0.0,86.5664170441
51460,972.5,0.05,100.070297826
51480,932.95,0.1,103.174392895
51500,907.55,0.0,85.4758090193
51520,922.15,0.05,89.404754456
51540,925.55,0.15,103.823857215
51560,813.55,0.25,116.220047926
51580,959.55,0.05,92.6173756184
51600,1000.0,0.0,86.5532186338
51620,1000.0,0.0,97.5111311212
51640,972.95,0.05,96.801486428
51660,1000.0,0.0,95.8368633255
51680,867.55,0.15,95.068865344
51700,918.0,0.15,113.793734272
51720,858.55,0.1,93.2127477854
51740,926.0,0.05,78.4517066901
51760,924.55,0.05,85.5572973378
51780,904.25,0.15,112.827301785
51800,910.2,0.1,101.422633573
51820,967.25,0.05,92.8630214591
51840,942.65,0.1,94.5817533043
51860,918.75,0.15,108.811674091
51880,953.2,0.1,95.683732609
51900,916.85,0.15,107.082954732
51920,895.2,0.2,112.235767872
51940,935.35,0.05,84.291221285
51960,1000.0,0.0,84.572378613
51980,971.6,0.05,90.1234389988
52000,933.45,0.05,85.7652593736
52020,880.65,0.25,124.009636729
52040,897.0,0.2,105.067177489
52060,977.5,0.05,96.563877795
52080,880.35,0.15,100.884569403
52100,883.6,0.05,78.7240058744
52120,934.6,0.1,98.3526168037
52140,1000.0,0.0,94.6096514635
52160,907.3,0.15,104.955151986
52180,972.1,0.05,97.9162263722
52200,841.7,0.1,102.94370653
52220,892.25,0.1,101.453162211
52240,1000.0,0.0,94.2623972681
52260,887.25,0.05,86.6625821155
52280,886.15,0.05,88.9619115794
52300,964.05,0.05,109.56000384
52320,954.9,0.0,84.4291726651
52340,1000.0,0.0,91.1891080994
52360,1000.0,0.0,100.334269628
52380,964.65,0.05,106.139178835
52400,967.8,0.05,100.344351627
52420,1000.0,0.0,103.238175815
52440,1000.0,0.0,95.684024941
52460,1000.0,0.0,98.799170782
52480,1000.0,0.0,91.961895583
52500,1000.0,0.0,106.573529596
52520,1000.0,0.0,90.8643358319
52540,1000.0,0.0,89.3654598922
52560,1000.0,0.0,87.5138526039
52580,1000.0,0.0,94.1358506914
52600,1000.0,0.0,103.01060713
52620,956.5,0.0,89.2564439516
52640,1000.0,0.0,100.33073299
52660,1000.0,0.0,94.4170893967
52680,955.5,0.0,92.8855334738
52700,968.0,0.05,99.5818902068
52720,1000.0,0.0,100.707504893
52740,921.65,0.05,95.2441424723
52760,1000.0,0.0,91.1510669268
52780,1000.0,0.0,92.5895816819
52800,1000.0,0.0,90.2759605365
52820,1000.0,0.0,89.5007046877
52840,909.65,0.0,78.240071494
52860,1000.0,0.0,90.415821205
52880,1000.0,0.0,85.2059126839
52900,1000.0,0.0,93.8820885226
52920,1000.0,0.0,87.8416066384
52940,1000.0,0.0,96.0645551483
52960,953.6,0.0,84.4027305349
52980,1000.0,0.0,98.0927402196
53000,955.05,0.0,89.6489557033
53020,1000.0,0.0,99.9459373115
53040,1000.0,0.0,98.4298413329
53060,1000.0,0.0,95.3352718594
53080,1000.0,0.0,100.004886982
53100,1000.0,0.0,93.2078701429
53120,869.45,0.05,90.9550215823
53140,954.9,0.0,95.5354509498
53160,954.15,0.0,96.1267260471
53180,1000.0,0.0,97.5376280352
53200,1000.0,0.0,103.38416326
53220,965.75,0.05,111.470246649
53240,954.95,0.0,92.8292987519
53260,1000.0,0.0,101.093060204
53280,954.75,0.0,92.6068222313
53300,1000.0,0.0,100.354331862
53320,1000.0,0.0,99.0983936072
53340,912.65,0.0,88.2278742582
53360,967.1,0.05,101.324400207
53380,1000.0,0.0,107.865051707
53400,1000.0,0.0,99.4267498569
53420,954.5,0.0,90.9294891244
53440,954.25,0.0,102.705683827
53460,1000.0,0.0,102.928065459
53480,916.4,0.0,94.9944008583
53500,1000.0,0.0,97.3302220917
53520,1000.0,0.0,100.391568665
53540,1000.0,0.0,100.744913861
53560,964.9,0.0,97.7183107066
53580,1000.0,0.0,97.1534291356
53600,1000.0,0.0,103.543664621
53620,1000.0,0.0,102.575030562
53640,890.3,0.05,98.951422034
53660,1000.0,0.0,109.24628378
53680,1000.0,0.0,101.385658224
53700,963.6,0.0,101.134889845
53720,956.15,0.0,95.598442574
53740,922.3,0.0,94.7694781517
53760,913.55,0.0,92.4562112694
53780,957.25,0.0,96.6141394204
53800,1000.0,0.0,102.20548736
53820,875.2,0.0,84.7851308408
53840,1000.0,0.0,106.40423417
53860,963.35,0.0,99.6273439152
53880,954.15,0.0,94.0545585986
53900,956.2,0.0,101.088160197
53920,957.65,0.0,103.708871793
53940,1000.0,0.0,113.398789588
53960,875.55,0.0,90.8406042623
53980,914.5,0.0,96.0384838372
54000,852.6,0.0,84.0202527276
54020,956.7,0.0,101.317983188
54040,928.4,0.0,104.323216469
54060,954.35,0.0,92.5618136452
54080,1000.0,0.0,97.4342892594
54100,922.0,0.0,91.3572776944
54120,961.3,0.0,100.046988253
54140,882.0,0.0,85.6147702327
54160,954.75,0.0,99.0323406326
54180,963.9,0.0,91.3978683089
54200,924.5,0.0,94.2938490894
54220,916.25,0.05,101.46985098
54240,963.15,0.0,100.877764294
54260,1000.0,0.0,97.1557467836
54280,1000.0,0.0,100.629628755
54300,1000.0,0.0,96.5833025714
54320,954.0,0.0,99.3264450457
54340,911.9,0.0,93.7095275035
54360,955.05,0.0,98.698453904
54380,957.6,0.0,97.5455596875
54400,1000.0,0.0,103.971644795
54420,879.05,0.0,84.466161521
54440,959.8,0.0,98.7512131276
54460,1000.0,0.0,97.178095299
54480,1000.0,0.0,102.734991928
54500,1000.0,0.0,100.960798828
54520,1000.0,0.0,88.8242174221
54540,1000.0,0.0,101.543711097
54560,1000.0,0.0,107.347513961
54580,1000.0,0.0,102.656811679
54600,1000.0,0.0,110.868508264
54620,1000.0,0.0,105.659470124
54640,1000.0,0.0,107.689259065
54660,1000.0,0.0,97.0078099107
54680,1000.0,0.0,96.8921238139
54700,878.8,0.05,102.003889952
54720,1000.0,0.0,105.440567303
54740,868.45,0.0,93.9246114465
54760,1000.0,0.0,97.1567523713
54780,962.8,0.0,100.781925322
54800,1000.0,0.0,97.2002311844
54820,1000.0,0.0,95.5270144227
54840,1000.0,0.0,93.0958252658
54860,1000.0,0.0,105.377105012
54880,1000.0,0.0,94.8965034816
54900,954.2,0.0,94.6967457498
54920,956.95,0.0,100.386278503
54940,1000.0,0.0,101.845139834
54960,1000.0,0.0,110.173794966
54980,958.55,0.0,88.9354594476
55000,954.6,0.0,96.6734120174
55020,1000.0,0.0,108.821054277
55040,967.4,0.05,101.310126101
55060,1000.0,0.0,89.4477156359
55080,1000.0,0.0,97.8816606271
55100,912.9,0.0,88.5876399682
55120,961.45,0.0,90.2668473739
55140,954.25,0.0,92.3649068717
55160,964.1,0.0,90.1016390594
55180,963.8,0.0,92.3983791358
55200,1000.0,0.0,98.3285640648
55220,1000.0,0.0,95.4209031643
55240,954.35,0.0,98.7621389662
55260,1000.0,0.0,101.964082132
55280,1000.0,0.0,104.702667433
55300,964.95,0.0,94.3824224939
55320,1000.0,0.0,91.9055814051
55340,953.65,0.0,84.9054737423
55360,964.45,0.05,106.995170738
55380,1000.0,0.0,92.6572465578
55400,963.1,0.05,103.99644839
55420,1000.0,0.0,92.3607166637
55440,1000.0,0.0,95.8048955016
55460,954.55,0.0,91.0865170986
55480,1000.0,0.0,94.812087353
55500,1000.0,0.0,95.8254285095
55520,1000.0,0.0,91.4755868685
55540,1000.0,0.0,104.354797805
55560,929.9,0.05,95.920337728
55580,1000.0,0.0,94.8758849464
55600,1000.0,0.0,93.449652775
55620,1000.0,0.0,103.046697435
55640,1000.0,0.0,109.175005281
55660,1000.0,0.0,90.4527867853
55680,1000.0,0.0,98.9090256408
55700,1000.0,0.0,99.175916672
55720,1000.0,0.0,99.6459718905
55740,1000.0,0.0,109.593399724
55760,954.1,0.0,99.7027184747
55780,914.85,0.0,91.7273637864
55800,956.45,0.0,88.2236523414
55820,1000.0,0.0,99.6191042711
55840,1000.0,0.0,104.74904621
55860,1000.0,0.0,94.7973550971
55880,1000.0,0.0,91.9629011561
55900,881.2,0.05,98.1421172148
55920,1000.0,0.0,99.7879329718
55940,1000.0,0.0,97.7781311432
55960,1000.0,0.0,97.4721856406
55980,965.25,0.0,99.3144866547
56000,1000.0,0.0,98.0863284971
56020,963.7,0.0,104.886860887
56040,1000.0,0.0,103.49997538
56060,1000.0,0.0,92.3376551804
56080,1000.0,0.0,99.2809493409
56100,1000.0,0.0,105.402838055
56120,954.1,0.0,85.4304891054
56140,1000.0,0.0,99.5826324534
56160,954.55,0.0,94.8934948129
56180,954.6,0.0,94.3194749834
56200,954.75,0.0,87.1617106824
56220,955.15,0.0,78.5760089927
56240,1000.0,0.0,105.257702383
56260,1000.0,0.0,92.4758144173
56280,1000.0,0.0,105.420013454
56300,1000.0,0.0,101.055414632
56320,1000.0,0.0,104.52755928
56340,1000.0,0.0,107.490603425
56360,1000.0,0.0,101.11535139
56380,1000.0,0.0,101.050502128
56400,955.1,0.0,90.0199789949
56420,959.95,0.0,94.7870320187
56440,1000.0,0.0,96.9801802346
56460,1000.0,0.0,104.488609157
56480,956.2,0.0,87.8223001451
56500,1000.0,0.0,95.0959114565
56520,910.55,0.0,89.6558983358
56540,1000.0,0.0,103.737139023
56560,958.4,0.0,96.6192751016
56580,1000.0,0.0,102.759896541
56600,954.0,0.0,96.3372978523
56620,1000.0,0.0,90.1694664139
56640,1000.0,0.0,97.2496501782
56660,1000.0,0.0,94.3785779395
56680,1000.0,0.0,93.5746132124
56700,954.8,0.0,93.2600937261
56720,953.7,0.0,99.4096606309
56740,1000.0,0.0,93.7316434991
56760,912.2,0.0,91.1453553414
56780,964.6,0.0,93.9077944755
56800,956.0,0.0,94.4930545607
56820,1000.0,0.0,96.7300808678
56840,1000.0,0.0,97.9650355684
56860,1000.0,0.0,111.320723776
56880,1000.0,0.0,96.1555192612
56900,924.05,0.0,85.6872551656
56920,1000.0,0.0,106.228412849
56940,917.55,0.0,89.2894735917
56960,1000.0,0.0,100.443994529
56980,1000.0,0.0,99.7564882277
57000,1000.0,0.0,108.132567596
57020,1000.0,0.0,99.8438620221
57040,1000.0,0.0,106.931461717
57060,1000.0,0.0,105.185510161
57080,1000.0,0.0,104.70157337
57100,1000.0,0.0,112.793356269
57120,954.05,0.0,99.5366442476
57140,957.9,0.0,96.0560144705
57160,1000.0,0.0,106.582484125
57180,1000.0,0.0,108.55080341
57200,955.05,0.0,99.2305951599
57220,962.55,0.0,101.589014699
57240,1000.0,0.0,100.895639821
57260,1000.0,0.0,104.266355454
57280,961.65,0.0,98.520060095
57300,1000.0,0.0,97.3765153142
57320,1000.0,0.0,106.522236535
57340,925.9,0.0,92.4976045261
57360,956.6,0.0,95.2036685743
57380,1000.0,0.0,99.4461351084
57400,961.35,0.0,99.4009233223
57420,1000.0,0.0,108.04781043
57440,881.6,0.0,89.0545829351
57460,1000.0,0.0,106.357510313
57480,1000.0,0.0,99.0929947583
57500,1000.0,0.0,99.9444110053
57520,955.45,0.0,103.746565698
57540,963.5,0.0,96.9227706398
57560,1000.0,0.0,102.318697006
57580,1000.0,0.0,98.7420433656
57600,963.65,0.0,94.8955001156
57620,957.1,0.0,91.8818807924
57640,955.8,0.0,98.5457174782
57660,1000.0,0.0,99.067372004
57680,1000.0,0.0,102.354009741
57700,956.8,0.0,102.187869979
57720,1000.0,0.0,112.203546928
57740,964.6,0.0,97.434262288
57760,913.75,0.0,94.014318428
57780,1000.0,0.0,105.506546614
57800,1000.0,0.0,96.4803582799
57820,1000.0,0.0,93.9163288413
57840,1000.0,0.0,100.299762592
57860,1000.0,0.0,93.257992019
57880,959.6,0.0,99.6263114854
57900,1000.0,0.0,104.233475899
57920,1000.0,0.0,94.6710398593
57940,1000.0,0.0,99.3791131943
57960,1000.0,0.0,103.986257091
57980,958.35,0.0,89.3591133064
58000,1000.0,0.0,97.8368502084
58020,1000.0,0.0,99.1932589635
58040,1000.0,0.0,95.180214748
58060,964.15,0.0,95.5845069371
58080,1000.0,0.0,97.7547750031
58100,887.7,0.0,81.8696152381
58120,957.15,0.0,94.0953712089
58140,962.45,0.0,106.011612151
58160,961.7,0.0,98.1373111337
58180,925.85,0.0,89.2935149014
58200,1000.0,0.0,108.881390511
58220,871.6,0.0,95.600819322
58240,1000.0,0.0,99.5564741656
58260,962.4,0.0,100.955235343
58280,1000.0,0.0,100.930429437
58300,1000.0,0.0,105.302827799
58320,955.1,0.0,99.184471803
58340,956.45,0.0,92.4352999088
58360,963.1,0.0,101.700358711
58380,1000.0,0.0,93.7773151147
58400,1000.0,0.0,98.2054195698
58420,914.4,0.0,96.6825700422
58440,926.5,0.0,93.5516633532
58460,959.75,0.0,101.690014633
58480,962.95,0.0,85.5863776048
58500,964.1,0.0,98.5482133599
58520,1000.0,0.0,97.9297434325
58540,1000.0,0.0,105.487041368
58560,962.05,0.0,104.779480795
58580,1000.0,0.0,98.9969707486
58600,920.3,0.0,100.594813845
58620,956.75,0.0,98.4300073672
58640,1000.0,0.0,95.0594842015
58660,1000.0,0.0,95.4245209219
58680,1000.0,0.0,103.192517974
58700,1000.0,0.0,98.5182236959
58720,955.4,0.0,93.4185541974
58740,1000.0,0.0,104.413908034
58760,1000.0,0.0,97.4260039437
58780,1000.0,0.0,96.3232647969
58800,913.5,0.0,100.850720966
58820,1000.0,0.0,104.418803174
58840,956.85,0.0,107.236144242
58860,1000.0,0.0,96.3270901081
58880,922.0,0.0,94.3410100247
58900,1000.0,0.0,102.370844812
58920,1000.0,0.0,100.48921709
58940,1000.0,0.0,105.172258883
58960,1000.0,0.0,109.870123607
58980,1000.0,0.0,110.318646608
59000,963.75,0.0,102.107917062
59020,1000.0,0.0,110.14793692
59040,1000.0,0.0,107.242600004
59060,960.5,0.0,97.5238284487
59080,1000.0,0.0,97.1823094686
59100,958.35,0.0,98.3342847873
59120,953.95,0.0,98.4523769266
59140,919.6,0.0,99.8961527148
59160,1000.0,0.0,105.62109507
59180,955.15,0.0,100.001252608
59200,1000.0,0.0,99.9402238191
59220,920.1,0.0,99.3407390707
59240,1000.0,0.0,103.615821613
59260,909.25,0.0,86.8275472576
59280,962.1,0.0,100.858981596
59300,954.5,0.0,100.809736522
59320,1000.0,0.0,113.136399877
59340,954.6,0.0,95.7347189522
59360,1000.0,0.0,106.131389089
59380,955.25,0.0,112.47231928
59400,963.65,0.0,94.1848769424
59420,1000.0,0.0,107.287234861
59440,966.55,0.05,115.68522885
59460,959.75,0.05,115.473837591
59480,959.3,0.0,94.8634625334
59500,1000.0,0.0,101.714016177
59520,956.0,0.0,99.7429341456
59540,1000.0,0.0,104.305704111
59560,918.9,0.0,91.2003020848
59580,920.45,0.0,95.5935220994
59600,1000.0,0.0,109.368268701
59620,965.55,0.05,102.728268798
59640,962.35,0.0,104.837696061
59660,965.8,0.05,114.214554328
59680,1000.0,0.0,109.306517139
59700,1000.0,0.0,101.501468175
59720,958.1,0.0,100.187842254
59740,953.95,0.0,97.307521441
59760,919.9,0.0,94.4666958345
59780,1000.0,0.0,101.078514672
59800,1000.0,0.0,108.699799692
59820,1000.0,0.0,102.2046617
59840,1000.0,0.0,100.381913728
59860,964.5,0.0,94.4234911942
59880,1000.0,0.0,96.8382777689
59900,1000.0,0.0,105.442821008
59920,1000.0,0.0,98.6488255669
59940,1000.0,0.0,105.768094751
59960,919.9,0.05,103.096473858
59980,958.3,0.0,102.690947558
60000,964.7,0.05,103.002714496
