20,81.5,0.0,-281.168767156
40,91.15,0.0,-245.559522476
60,97.9,0.0,-333.642181454
80,99.3,0.0,-268.38576647
100,108.6,0.0,-316.800598332
120,121.2,0.0,-304.499977519
140,116.25,0.0,-318.79259032
160,106.85,0.0,-349.2028977
180,122.05,0.0,-323.617888914
200,115.05,0.0,-283.669083205
220,116.05,0.0,-330.650740714
240,125.0,0.0,-348.459811733
260,130.65,0.0,-305.397287591
280,148.15,0.0,-284.536243392
300,131.1,0.0,-293.443348483
320,145.4,0.0,-297.375760417
340,147.6,0.0,-216.194358536
360,156.3,0.0,-186.096223814
380,138.1,0.0,-244.768803313
400,137.3,0.0,-250.765973637
420,135.65,0.0,-232.414020908
440,119.1,0.0,-186.428307205
460,130.3,0.0,-166.828565726
480,169.3,0.0,-198.699214509
500,130.1,0.0,-151.176798745
520,184.05,0.0,-167.84103049
540,136.6,0.0,-153.990887413
560,134.45,0.0,-168.982398264
580,146.25,0.0,-173.895099302
600,139.1,0.0,-182.063457946
620,241.6,0.0,-142.720778321
640,163.2,0.0,-173.339331899
660,171.4,0.0,-131.381759511
680,202.65,0.0,-123.481865455
700,185.9,0.0,-153.634814006
720,218.7,0.0,-188.721696814
740,256.95,0.0,-218.164801411
760,300.55,0.0,-283.054366995
780,268.9,0.0,-269.552127986
800,277.25,0.0,-241.915195683
820,330.45,0.0,-305.240902525
840,300.65,0.0,-263.189423412
860,338.2,0.0,-228.930177209
880,312.1,0.0,-208.122538766
900,278.1,0.0,-192.30306946
920,319.2,0.0,-192.57851669
940,281.05,0.0,-124.659542434
960,296.65,0.0,-121.963728821
980,279.95,0.0,-105.631099994
1000,204.75,0.0,-63.6690464256
1020,192.85,0.0,-80.2784342077
1040,270.45,0.0,-85.2506829464
1060,184.25,0.0,-68.288849392
1080,181.6,0.0,-56.1203216247
1100,203.85,0.0,-71.4302949757
1120,183.95,0.0,-87.4988488572
1140,227.4,0.0,-55.933112689
1160,404.4,0.0,-74.684966104
1180,326.25,0.0,-97.4397624162
1200,322.9,0.0,-71.1406860336
1220,409.6,0.0,-64.4631196758
1240,446.05,0.0,-48.1479234735
1260,532.9,0.0,-73.8944342784
1280,471.2,0.0,-71.7196823013
1300,580.0,0.0,-50.6552560366
1320,444.9,0.0,-63.2027263514
1340,341.3,0.05,-58.571609451
1360,389.85,0.0,-55.9595410491
1380,212.75,0.0,-49.3006802024
1400,393.95,0.0,-38.7387911616
1420,304.25,0.0,-26.5004897644
1440,237.6,0.05,-29.0923089513
1460,382.7,0.0,-44.954648278
1480,494.45,0.0,-9.81207221144
1500,478.9,0.05,-5.01339903912
1520,373.0,0.0,-26.54999245
1540,478.75,0.0,-43.4250626513
1560,401.1,0.1,-31.1298640613
1580,501.3,0.1,-19.2951276707
1600,513.65,0.1,-34.7755747448
1620,385.05,0.15,-40.609754671
1640,670.9,0.15,-17.040390745
1660,588.55,0.2,-23.5337712656
1680,751.75,0.2,-24.0205165215
1700,687.9,0.2,4.82699338556
1720,629.5,0.5,24.1934315645
1740,646.3,0.3,-6.38473545403
1760,753.9,0.55,57.1279633921
1780,593.0,0.6,64.255987554
1800,469.95,0.6,72.8207643273
1820,539.5,0.6,96.4681430715
1840,533.1,0.55,51.876723047
1860,512.05,0.6,73.5902261479
1880,562.4,0.6,46.4941019689
1900,524.15,0.55,78.4925262856
1920,519.0,0.55,61.6423712728
1940,582.7,0.65,78.9822528577
1960,674.65,0.7,94.5907480101
1980,784.5,0.6,63.7054988369
2000,670.5,0.75,103.85008788
2020,678.55,0.45,45.1322675538
2040,763.5,0.45,57.1351871603
2060,725.65,0.45,70.1826823208
2080,671.25,0.55,70.7112219915
2100,700.4,0.6,88.9163114777
2120,685.25,0.5,81.8515348688
2140,722.9,0.65,106.476669013
2160,689.8,0.35,59.8321256011
2180,710.4,0.5,99.381878613
2200,732.55,0.45,96.012572531
2220,712.7,0.5,121.076427429
2240,760.55,0.35,89.5939608104
2260,655.4,0.4,90.520496008
2280,842.9,0.3,98.4092224888
2300,648.05,0.15,64.5452866539
2320,715.85,0.35,93.4141832879
2340,588.7,0.1,38.6072770316
2360,568.2,0.4,90.397595814
2380,720.7,0.25,82.6422679808
2400,620.65,0.15,51.2398969141
2420,824.6,0.25,94.0881712049
2440,702.65,0.4,97.1681210326
2460,761.75,0.3,87.8600685667
2480,803.9,0.4,100.811224864
2500,798.0,0.25,82.608238975
2520,824.6,0.35,94.7795516492
2540,908.35,0.4,105.134928795
2560,918.15,0.3,99.7795175231
2580,840.75,0.3,98.7346437257
2600,900.95,0.05,68.6843877224
2620,788.6,0.2,78.1433859584
2640,937.2,0.1,96.5596503261
2660,855.2,0.0,71.2952995298
2680,864.7,0.05,66.9090490917
2700,964.45,0.05,92.1966833087
2720,957.25,0.0,72.8968892013
2740,1000.0,0.0,86.0944068573
2760,895.15,0.0,56.9872165703
2780,826.65,0.1,82.3308147105
2800,739.7,0.1,60.4554926569
2820,726.2,0.15,68.6539924827
2840,501.8,0.1,39.6130747473
2860,619.85,0.1,50.9705470725
2880,546.4,0.15,53.594393481
2900,530.4,0.05,25.2389709721
2920,541.05,0.05,35.5653719192
2940,701.8,0.05,56.2336064023
2960,856.0,0.0,68.9511000978
2980,896.85,0.05,86.6998355029
3000,940.95,0.05,85.3483444341
3020,838.65,0.0,70.3238059878
3040,936.05,0.05,85.6381956173
3060,941.0,0.05,82.1771466086
3080,845.0,0.0,63.9262225843
3100,960.35,0.0,74.0543020927
3120,926.8,0.05,83.3740771944
3140,948.4,0.05,81.5808545637
3160,1000.0,0.0,79.9551137724
3180,956.7,0.0,82.8780625677
3200,1000.0,0.0,84.1222610119
3220,899.95,0.0,56.7424647481
3240,963.45,0.0,89.3728262328
3260,968.05,0.0,88.5673459862
3280,926.4,0.0,77.7967345112
3300,1000.0,0.0,95.9716043724
3320,892.15,0.05,85.2413297896
3340,731.2,0.0,47.3186108246
3360,710.4,0.05,72.9367025861
3380,717.0,0.05,69.8706881408
3400,761.45,0.05,72.4328357626
3420,803.2,0.0,73.6968687945
3440,646.2,0.1,55.16518595
3460,686.75,0.1,46.7416430539
3480,672.35,0.05,36.7148312734
3500,798.95,0.1,69.0965385497
3520,678.75,0.2,63.3082961988
3540,696.4,0.1,51.323323443
3560,630.3,0.4,89.3551352909
3580,693.35,0.2,55.7227419087
3600,742.45,0.15,48.7578174253
3620,687.5,0.25,65.694659422
3640,642.3,0.25,13.5137357735
3660,786.3,0.15,13.6908195846
3680,817.75,0.45,67.4949154553
3700,889.55,0.2,32.0678373709
3720,813.95,0.3,45.4791562557
3740,773.7,0.2,-2.34681128202
3760,788.85,0.4,55.7598704662
3780,897.1,0.15,36.827164329
3800,912.7,0.2,49.4362300924
3820,959.1,0.15,70.1217700416
3840,1000.0,0.0,65.7028223668
3860,966.6,0.05,74.3834380287
3880,1000.0,0.0,77.6507511441
3900,934.55,0.0,76.8290972814
3920,964.3,0.0,68.6743596085
3940,962.8,0.0,78.5222852762
3960,883.05,0.0,69.6857651793
3980,897.45,0.05,86.6063964998
4000,921.8,0.0,80.0314244189
4020,893.3,0.05,83.9269636358
4040,959.85,0.0,82.4837515335
4060,927.85,0.0,84.7787375277
4080,928.0,0.0,83.3382785204
4100,890.8,0.0,80.4479993578
4120,885.65,0.0,79.66471695
4140,771.65,0.0,59.7232763673
4160,1000.0,0.0,81.42512417
4180,914.1,0.05,70.8996720546
4200,924.2,0.05,80.0275009174
4220,968.95,0.1,78.8819570706
4240,956.85,0.05,80.9032024374
4260,936.15,0.2,85.6306177706
4280,861.9,0.4,112.211791908
4300,851.05,0.4,106.412803297
4320,821.85,0.25,79.2239624477
4340,784.45,0.45,115.827208416
4360,791.9,0.5,116.275533324
4380,621.8,0.55,120.431745276
4400,843.8,0.45,118.948286545
4420,734.9,0.55,135.867532441
4440,608.5,0.5,113.870250554
4460,756.65,0.5,126.465517166
4480,769.0,0.6,128.551383523
4500,603.1,0.55,126.422712019
4520,663.25,0.4,103.364558342
4540,694.9,0.45,107.017882357
4560,707.25,0.35,95.823492661
4580,697.6,0.45,108.80239744
4600,853.8,0.3,106.624386987
4620,738.25,0.35,100.158211227
4640,727.7,0.4,110.148535583
4660,829.9,0.45,126.381905699
4680,716.45,0.65,147.600222266
4700,772.75,0.45,126.146786866
4720,741.45,0.35,115.255344321
4740,661.2,0.55,129.866343558
4760,726.1,0.5,136.692361316
4780,617.2,0.55,129.713469877
4800,728.7,0.4,115.289685159
4820,637.65,0.6,133.053291997
4840,730.55,0.35,115.63148475
4860,791.45,0.4,124.384702598
4880,720.15,0.45,114.475571295
4900,757.4,0.55,140.386238366
4920,695.7,0.55,130.333987173
4940,781.9,0.25,88.9372801322
4960,885.05,0.35,116.089282989
4980,898.5,0.15,97.2345092698
5000,999.7,0.05,88.7668003697
5020,1000.0,0.0,89.5628602589
5040,1000.0,0.0,87.846672739
5060,922.75,0.0,93.137055053
5080,961.5,0.05,86.4248949735
5100,1000.0,0.0,78.6973048991
5120,1000.0,0.0,82.6252077828
5140,894.4,0.05,74.083313641
5160,888.9,0.05,71.6660295733
5180,961.4,0.0,83.4256653795
5200,890.85,0.05,69.1933451194
5220,930.15,0.1,106.821785837
5240,851.8,0.05,83.2258214128
5260,889.4,0.0,67.8606343758
5280,880.55,0.05,93.1104364765
5300,922.0,0.05,84.662856029
5320,867.05,0.1,102.476506677
5340,854.1,0.1,96.2812020935
5360,740.85,0.1,74.8946994593
5380,703.85,0.1,71.4678236374
5400,737.7,0.15,88.6620917133
5420,620.1,0.1,49.4030756552
5440,598.75,0.25,84.1953163167
5460,791.65,0.1,77.4916945394
5480,754.7,0.05,57.2645751638
5500,627.95,0.15,63.2061435958
5520,554.35,0.25,72.7987926255
5540,787.65,0.1,73.5449582018
5560,774.55,0.3,107.94956724
5580,806.65,0.25,105.668887526
5600,879.15,0.1,93.836139455
5620,929.35,0.05,87.0208748862
5640,948.2,0.05,94.2114820694
5660,916.35,0.0,85.07885028
5680,954.1,0.0,83.8287994289
5700,1000.0,0.0,86.2258524116
5720,1000.0,0.0,85.4418427455
5740,1000.0,0.0,83.5460845543
5760,1000.0,0.0,86.9169308689
5780,1000.0,0.0,82.6978501091
5800,1000.0,0.0,78.5020781531
5820,1000.0,0.0,83.2029280787
5840,1000.0,0.0,77.8105189972
5860,991.05,0.05,93.6498267846
5880,1000.0,0.0,78.7749760711
5900,966.75,0.0,79.7068665105
5920,966.15,0.0,76.1436859416
5940,1000.0,0.0,84.2519269275
5960,1000.0,0.0,82.3791346494
5980,1000.0,0.0,90.1056316789
6000,959.75,0.1,86.7484312366
6020,961.95,0.0,72.0842346764
6040,892.95,0.05,86.2078164599
6060,922.95,0.0,81.2678634963
6080,964.9,0.0,73.5567305102
6100,963.35,0.0,72.3228970141
6120,964.25,0.0,80.5734161926
6140,1000.0,0.0,82.1476200846
6160,1000.0,0.0,87.0357323063
6180,965.55,0.0,86.2125111342
6200,888.55,0.0,71.8386933052
6220,857.05,0.0,57.7852250102
6240,856.7,0.0,65.114396386
6260,858.2,0.1,75.2734802024
6280,927.55,0.15,87.7637018437
6300,819.75,0.25,102.738924457
6320,821.65,0.3,107.61187557
6340,854.95,0.3,100.144004685
6360,735.65,0.4,105.996016358
6380,739.7,0.35,90.1001752024
6400,633.7,0.7,145.922018666
6420,725.05,0.45,101.999187948
6440,692.7,0.6,135.29566129
6460,623.5,0.65,147.489272405
6480,691.6,0.7,153.526326948
6500,829.35,0.45,108.895687636
6520,669.9,0.6,120.875742956
6540,658.05,0.65,136.966979312
6560,597.4,0.8,148.044655161
6580,670.4,0.7,142.388453197
6600,734.05,0.7,136.266513209
6620,693.3,0.7,129.123375109
6640,736.0,0.55,118.032603486
6660,705.35,0.55,127.2275506
6680,629.6,0.7,145.4320854
6700,669.25,0.65,129.254025403
6720,601.8,0.8,144.429763704
6740,634.05,0.7,134.759893231
6760,810.25,0.45,115.398526552
6780,729.4,0.65,130.615724785
6800,622.25,0.7,148.148448709
6820,703.9,0.6,135.757571708
6840,726.95,0.7,150.491640689
6860,638.85,0.75,156.239193239
6880,538.5,0.8,166.4292751
6900,793.9,0.5,123.33561942
6920,587.75,0.75,159.759237967
6940,545.3,0.65,130.246069014
6960,587.15,0.75,155.482158764
6980,719.45,0.45,110.852990202
7000,596.65,0.55,139.965367048
7020,589.3,0.7,142.026380117
7040,617.35,0.6,142.842246172
7060,698.7,0.4,108.123628052
7080,719.7,0.55,139.776460319
7100,606.5,0.8,169.160828287
7120,787.95,0.4,120.659482677
7140,539.3,0.7,142.118590398
7160,692.4,0.65,136.58291488
7180,689.35,0.65,144.098480763
7200,797.9,0.55,131.881653519
7220,614.15,0.75,151.4130886
7240,651.35,0.7,161.014006393
7260,635.05,0.65,148.785331024
7280,620.3,0.4,104.247573294
7300,647.2,0.75,145.547646538
7320,718.7,0.7,153.344620309
7340,664.85,0.75,161.606160718
7360,619.9,0.8,159.889881448
7380,562.8,0.9,173.531642483
7400,591.8,0.65,146.150711087
7420,657.7,0.8,172.82549002
7440,576.15,0.75,156.540864782
7460,490.85,0.8,158.419757095
7480,594.35,0.6,136.324090929
7500,612.2,0.6,121.946862421
7520,571.8,0.6,127.899367661
7540,574.9,0.7,147.232154578
7560,567.05,0.8,170.811789568
7580,600.9,0.65,136.796104652
7600,700.9,0.55,128.130888655
7620,602.75,0.8,162.153104412
7640,614.15,0.7,148.508300495
7660,617.8,0.85,173.99273836
7680,618.25,0.75,158.882956798
7700,529.25,0.85,170.489606927
7720,647.15,0.8,159.490432996
7740,660.1,0.7,154.130577557
7760,635.7,0.8,165.992834395
7780,712.15,0.6,126.973120021
7800,716.5,0.6,134.250293196
7820,676.45,0.5,122.850063788
7840,772.15,0.55,127.265193701
7860,739.05,0.6,133.923992469
7880,796.55,0.4,105.127935105
7900,646.35,0.75,166.707817878
7920,642.0,0.7,154.894610543
7940,588.65,0.8,162.454770178
7960,677.55,0.55,130.544050656
7980,685.25,0.6,142.618890848
8000,735.15,0.75,156.19624791
8020,649.05,0.7,149.322538099
8040,526.0,0.9,186.403374949
8060,557.2,0.7,156.642035808
8080,585.9,0.75,164.228803776
8100,596.0,0.7,148.758599358
8120,539.35,0.85,181.204581948
8140,640.8,0.65,153.519559359
8160,636.75,0.8,157.127608394
8180,498.8,0.8,167.024185609
8200,552.1,0.8,166.583345281
8220,517.55,0.85,179.892737344
8240,644.35,0.55,130.331786252
8260,587.3,0.75,160.460262302
8280,568.0,0.85,178.473083025
8300,523.0,0.8,160.716354342
8320,590.2,0.6,128.902790523
8340,566.9,0.7,151.163381505
8360,568.6,0.75,163.242834911
8380,654.0,0.75,161.22872663
8400,584.55,0.75,159.407146159
8420,569.9,0.85,172.415691459
8440,604.8,0.7,152.287400548
8460,594.4,0.8,160.691873275
8480,662.95,0.8,161.697541257
8500,645.05,0.7,154.843347735
8520,624.2,0.7,145.998321134
8540,716.3,0.6,132.989073058
8560,508.4,0.95,180.241729796
8580,612.3,0.8,154.248498857
8600,595.65,0.8,175.905775068
8620,575.85,0.7,151.217778268
8640,622.9,0.8,168.036432544
8660,688.25,0.65,142.488810926
8680,540.3,0.85,172.863037169
8700,694.15,0.75,157.430133213
8720,620.1,0.85,160.114360334
8740,632.85,0.75,145.393449042
8760,623.6,0.7,152.510921254
8780,730.25,0.5,127.858999819
8800,601.75,0.7,143.924728218
8820,644.25,0.65,140.563406006
8840,731.25,0.65,130.027314599
8860,622.95,0.65,139.359958588
8880,553.45,0.85,180.110972412
8900,715.9,0.6,137.290605669
8920,628.9,0.7,139.317258418
8940,539.75,0.85,172.218705045
8960,679.4,0.65,145.79542211
8980,684.25,0.65,145.480739649
9000,688.8,0.8,165.49340528
9020,752.25,0.65,141.668901154
9040,697.75,0.8,168.033919963
9060,561.3,0.75,146.700076221
9080,607.5,0.8,158.771577123
9100,688.35,0.65,142.998022744
9120,720.45,0.55,128.900604909
9140,646.8,0.65,134.845199137
9160,672.25,0.65,129.509126223
9180,783.05,0.5,110.036795451
9200,773.0,0.6,115.529847686
9220,701.9,0.7,132.358597389
9240,693.4,0.65,128.853835521
9260,759.65,0.65,120.33331749
9280,788.55,0.6,119.914098893
9300,640.45,1.0,173.877339393
9320,781.25,0.65,122.974836607
9340,736.0,0.75,142.276938817
9360,722.75,0.8,135.561202177
9380,739.55,0.7,125.276325429
9400,664.05,0.85,158.118865338
9420,703.5,0.75,143.021127417
9440,757.75,0.6,128.409682873
9460,650.45,0.75,149.999914924
9480,774.05,0.55,128.440281045
9500,629.45,0.75,145.944221337
9520,777.1,0.55,125.775550044
9540,722.45,0.7,136.154168595
9560,694.4,0.65,140.238995954
9580,664.75,0.75,153.0526853
9600,566.45,0.75,151.282234657
9620,526.5,0.95,182.862108823
9640,581.85,0.75,156.428816994
9660,635.65,0.8,167.853739783
9680,619.55,0.8,173.960989003
9700,624.5,0.7,149.089660147
9720,631.3,0.55,125.667440975
9740,601.85,0.6,129.419719272
9760,574.3,0.7,141.631754917
9780,507.25,0.75,154.17583639
9800,659.65,0.75,158.221870859
9820,577.75,0.8,170.25321207
9840,571.2,0.85,172.158114244
9860,618.3,0.75,159.064312054
9880,712.0,0.55,136.947004021
9900,662.45,0.65,139.874535212
9920,611.35,0.9,182.414322241
9940,629.75,0.85,169.796857188
9960,562.05,0.7,149.22716126
9980,577.9,0.65,144.477345273
10000,516.8,0.9,183.587861821
10020,609.15,0.55,127.620654178
10040,627.7,0.65,142.967653287
10060,823.85,0.35,116.76158764
10080,529.55,0.85,172.848293473
10100,700.0,0.7,161.669921096
10120,513.1,0.9,182.308416978
10140,536.9,0.7,143.171997245
10160,452.2,0.85,169.107770254
10180,504.55,0.8,166.526498037
10200,430.65,0.9,177.360293046
10220,479.75,0.6,124.932360965
10240,526.65,0.65,135.409233167
10260,530.05,0.65,130.416255125
10280,503.65,0.7,154.123518105
10300,514.9,0.8,158.239032906
10320,488.9,0.75,160.989664615
10340,520.75,0.6,135.118186959
10360,489.2,0.7,156.451153682
10380,483.25,0.6,127.378545657
10400,432.05,0.6,123.360673731
10420,616.15,0.7,161.509538617
10440,566.5,0.65,146.154348853
10460,535.05,0.9,181.144479999
10480,469.1,0.9,179.905824659
10500,573.35,0.85,178.510061909
10520,556.55,0.65,137.273581233
10540,530.6,0.8,173.716932496
10560,489.7,0.65,137.922624113
10580,528.5,0.65,131.539004602
10600,587.5,0.6,135.785405793
10620,601.95,0.55,126.308588683
10640,564.7,0.6,135.251948585
10660,621.75,0.75,153.632563755
10680,554.45,0.45,105.990395922
10700,553.65,0.8,160.843467282
10720,517.25,0.75,149.836039228
10740,455.05,0.65,137.139782131
10760,702.25,0.55,143.984596493
10780,535.75,0.8,170.260018901
10800,693.75,0.4,112.599952442
10820,527.1,0.55,122.107922799
10840,629.65,0.6,141.245767814
10860,503.3,0.85,168.279000436
10880,561.55,0.6,123.886951677
10900,638.5,0.65,151.606269438
10920,561.6,0.65,146.678406646
10940,731.4,0.45,130.682657128
10960,553.75,0.6,127.400805219
10980,706.9,0.5,128.835718576
11000,679.55,0.45,116.419385527
11020,695.0,0.45,124.212997734
11040,722.05,0.5,133.622287848
11060,548.95,0.75,159.029206267
11080,654.85,0.65,145.354220857
11100,488.2,0.85,181.357321186
11120,560.35,0.65,145.37646457
11140,481.95,0.95,188.479382258
11160,589.4,0.75,152.355504981
11180,672.65,0.65,146.064859661
11200,555.3,0.8,160.128727415
11220,519.0,0.9,167.910331761
11240,477.35,0.95,180.272638393
11260,463.05,0.8,160.383672532
11280,398.3,0.85,168.660397781
11300,507.2,0.85,177.137407874
11320,452.75,0.9,175.03690197
11340,520.1,0.8,169.756491749
11360,514.5,0.8,159.524551407
11380,587.3,0.75,157.105226929
11400,529.35,0.85,179.737265312
11420,487.65,0.85,167.224215015
11440,670.75,0.75,149.97745512
11460,528.7,0.85,172.427765822
11480,522.35,0.85,171.612599791
11500,536.45,0.85,181.430142031
11520,569.8,0.75,154.635044459
11540,535.3,0.85,173.725055617
11560,446.3,0.7,129.327675508
11580,583.5,0.85,170.566294428
11600,503.6,0.9,169.888337526
11620,554.95,0.85,169.377629133
11640,611.15,0.75,158.986498218
11660,612.55,0.85,168.817032357
11680,574.3,0.75,146.578994432
11700,591.15,0.9,176.769623157
11720,674.8,0.8,164.319253096
11740,750.95,0.55,139.030970599
11760,766.3,0.6,141.354398667
11780,633.9,0.85,176.165200154
11800,538.95,0.7,149.9933193
11820,641.6,0.7,153.950908009
11840,620.05,0.8,171.860663995
11860,577.8,0.6,133.592941191
11880,544.8,0.5,121.576803333
11900,716.9,0.65,139.758524012
11920,677.95,0.6,152.753122803
11940,637.55,0.75,149.657138862
11960,589.1,0.75,171.521362348
11980,679.35,0.7,154.352092163
12000,601.15,0.55,118.637258268
12020,611.5,0.75,164.719194997
12040,527.25,0.65,146.50125008
12060,489.25,0.75,149.352329335
12080,579.8,0.8,167.004778666
12100,546.95,0.75,158.993181945
12120,612.35,0.85,170.547044338
12140,547.8,0.75,159.931248349
12160,636.4,0.8,171.773654385
12180,554.9,0.9,184.396152847
12200,604.95,0.75,153.278102767
12220,479.35,0.8,151.290687257
12240,449.55,0.7,142.051468813
12260,599.0,0.9,178.323335647
12280,444.3,0.8,162.329306711
12300,531.6,0.8,172.529672738
12320,502.4,0.85,183.194339441
12340,528.65,0.8,168.368922301
12360,483.8,0.85,179.280833378
12380,477.05,0.75,150.711331235
12400,542.6,0.8,162.412351887
12420,609.75,0.75,164.962125228
12440,567.3,0.7,151.732133876
12460,669.25,0.7,155.848869714
12480,503.2,0.85,168.984129743
12500,541.25,0.85,176.188257386
12520,702.4,0.6,147.462804788
12540,609.7,0.75,168.94460094
12560,673.4,0.65,153.965345785
12580,444.25,0.85,173.247421843
12600,491.65,0.7,142.461228552
12620,599.25,0.65,141.299538181
12640,521.2,0.8,157.631531403
12660,530.5,0.8,158.246160096
12680,589.1,0.8,169.034194249
12700,546.05,0.9,188.018975419
12720,553.35,0.85,167.390999633
12740,691.35,0.75,159.806547122
12760,672.75,0.9,180.633366662
12780,582.5,0.85,176.418296745
12800,501.7,0.9,175.436425087
12820,568.2,0.75,152.435002584
12840,674.3,0.7,160.893004811
12860,671.2,0.65,135.011089881
12880,670.7,0.65,147.338946115
12900,607.7,0.8,163.984096528
12920,591.6,0.7,142.838918918
12940,779.0,0.5,125.068535197
12960,633.05,0.6,138.864191023
12980,735.5,0.5,135.81088301
13000,630.75,0.65,151.547027899
13020,665.75,0.7,153.921017465
13040,654.1,0.55,142.896304502
13060,652.7,0.7,157.756225468
13080,703.25,0.45,131.188410127
13100,705.35,0.6,144.552487993
13120,672.2,0.7,167.106062516
13140,492.75,0.85,179.765299418
13160,589.5,0.85,172.616488795
13180,629.8,0.8,166.863176148
13200,657.15,0.75,167.274516642
13220,657.85,0.7,167.208733362
13240,687.1,0.6,162.691125396
13260,580.75,0.7,154.369515868
13280,549.15,0.65,141.817514173
13300,431.0,0.7,149.749966712
13320,632.15,0.4,102.314714621
13340,644.65,0.6,145.112908143
13360,696.05,0.5,128.620822892
13380,704.9,0.65,152.726196427
13400,622.3,0.6,150.188174551
13420,643.4,0.6,155.990330557
13440,618.2,0.7,148.051587944
13460,627.05,0.75,166.256238427
13480,635.45,0.55,136.855781058
13500,544.55,0.8,175.369443807
13520,468.15,0.95,180.863232992
13540,517.05,0.9,191.012671925
13560,563.2,0.85,178.376911261
13580,558.85,0.85,166.562814144
13600,479.95,0.8,166.458487323
13620,493.4,0.85,163.404187683
13640,556.05,0.8,168.341584423
13660,631.1,0.6,146.031189243
13680,601.05,0.7,158.45580697
13700,461.8,0.75,163.085152161
13720,464.8,1.0,192.347618937
13740,510.2,0.8,170.218735694
13760,570.7,0.75,157.053996611
13780,622.35,0.8,167.43468755
13800,512.6,0.7,140.709803339
13820,547.15,0.85,172.08818481
13840,551.3,0.8,180.494723981
13860,558.65,0.7,158.283834152
13880,380.3,0.6,127.030817834
13900,569.25,0.7,160.340015397
13920,599.15,0.55,139.36617482
13940,526.8,0.7,151.717458082
13960,619.7,0.65,150.743620408
13980,682.35,0.45,118.07769377
14000,572.55,0.5,116.969118086
14020,471.65,0.8,163.598969043
14040,545.3,0.6,133.125492787
14060,349.85,0.65,128.489476431
14080,425.95,0.7,145.270298827
14100,455.85,0.8,163.51751704
14120,459.6,0.75,169.58895114
14140,383.8,0.55,107.523016604
14160,486.9,0.7,139.382781565
14180,370.25,0.6,113.346730215
14200,544.4,0.8,168.85581307
14220,498.9,0.75,150.667416374
14240,321.1,0.7,141.510836869
14260,550.75,0.55,130.804677327
14280,486.65,0.7,146.786575017
14300,488.9,0.75,156.448868632
14320,543.85,0.75,166.009921644
14340,503.6,0.7,145.735451777
14360,595.25,0.55,130.090110801
14380,529.0,0.8,174.467329888
14400,438.0,0.8,153.84911947
14420,520.05,0.5,118.370729407
14440,446.3,0.45,89.3384950195
14460,465.3,0.4,96.1100828252
14480,548.25,0.65,144.52398605
14500,558.35,0.55,118.871976816
14520,436.55,0.6,124.583256734
14540,504.0,0.8,165.972917462
14560,507.95,0.7,145.044073683
14580,411.4,0.65,137.512850327
14600,462.05,0.65,129.140701542
14620,378.4,0.65,121.145126689
14640,578.35,0.5,124.941162071
14660,399.55,0.65,135.506674913
14680,509.0,0.65,145.996951569
14700,556.6,0.45,126.837509518
14720,455.15,0.65,144.222521654
14740,478.0,0.6,128.373786228
14760,441.85,0.8,170.190827775
14780,456.7,0.65,142.000333863
14800,515.65,0.8,162.398756713
14820,395.05,0.75,146.010750334
14840,486.65,0.75,160.316764427
14860,542.6,0.55,134.736222185
14880,397.7,0.7,141.207774913
14900,483.05,0.8,167.631676928
14920,414.85,0.85,159.262467919
14940,619.15,0.55,124.009631536
14960,510.15,0.65,140.677239631
14980,476.45,0.45,107.131535834
15000,445.3,0.7,139.514358324
15020,472.55,0.7,149.507706205
15040,598.45,0.85,179.928904019
15060,456.9,0.7,146.165769905
15080,667.1,0.65,157.868437212
15100,549.35,0.7,146.396507807
15120,602.2,0.65,160.132316491
15140,489.7,0.8,160.942015149
15160,560.15,0.75,156.13705814
15180,640.7,0.65,155.598723218
15200,468.9,0.8,166.187566466
15220,551.9,0.75,161.753353881
15240,544.4,0.7,153.717998234
15260,528.6,0.85,181.14471976
15280,511.15,0.7,152.234150809
15300,522.35,0.65,155.552113028
15320,457.25,0.85,177.334857331
15340,509.8,0.75,160.473338741
15360,501.0,0.65,134.837622801
15380,600.95,0.6,149.357105737
15400,437.5,0.6,133.231477578
15420,561.85,0.5,129.695475161
15440,481.6,0.75,168.290396787
15460,479.35,0.55,118.37889535
15480,508.25,0.65,146.53806887
15500,539.1,0.5,118.505096768
15520,537.0,0.75,169.040183245
15540,475.05,0.7,148.344817906
15560,513.8,0.6,139.651572792
15580,539.65,0.7,162.909938271
15600,428.75,0.8,176.704238532
15620,457.4,0.6,131.740156
15640,454.55,0.75,161.103318183
15660,575.45,0.55,136.780825392
15680,381.6,0.8,148.421584638
15700,457.55,0.65,137.191507306
15720,509.7,0.85,178.517541385
15740,485.85,0.85,173.795635823
15760,500.1,0.85,178.411427239
15780,403.35,0.95,190.48239931
15800,511.4,0.75,164.161658819
15820,641.85,0.65,145.979354521
15840,543.2,0.7,152.952092658
15860,629.55,0.55,132.109197359
15880,605.7,0.5,121.169316685
15900,711.05,0.6,122.345127273
15920,711.5,0.6,140.567222369
15940,636.5,0.65,153.488517068
15960,704.25,0.5,138.107375972
15980,582.15,0.7,151.39218634
16000,524.55,0.9,181.946834188
16020,673.25,0.45,120.354520044
16040,657.2,0.6,142.818937246
16060,739.05,0.5,129.076780215
16080,574.8,0.7,150.740238617
16100,633.95,0.6,157.676487261
16120,683.95,0.35,96.8860765318
16140,619.55,0.65,157.34300895
16160,362.95,0.6,124.294953688
16180,520.0,0.7,159.752037087
16200,572.95,0.55,126.886318052
16220,611.6,0.55,128.725291498
16240,785.35,0.35,102.681786091
16260,858.4,0.2,99.0871710018
16280,837.9,0.15,78.753160446
16300,741.25,0.2,83.283314009
16320,765.75,0.2,85.3833027268
16340,781.5,0.1,77.2465016692
16360,804.8,0.2,109.911107223
16380,733.95,0.15,84.0133339162
16400,661.4,0.25,98.5951484959
16420,779.1,0.15,96.5248333104
16440,687.8,0.2,86.5407661205
16460,664.0,0.45,114.504955822
16480,845.85,0.4,126.059981368
16500,728.1,0.25,87.6470213322
16520,799.1,0.3,124.216178907
16540,620.3,0.25,94.3946511296
16560,702.5,0.3,99.3985619727
16580,717.55,0.05,61.3993150425
16600,714.4,0.05,74.3931173367
16620,662.25,0.2,73.9594867733
16640,762.75,0.1,80.1465839026
16660,760.5,0.05,77.1463101965
16680,689.85,0.15,82.6484670298
16700,771.1,0.15,96.7630812654
16720,635.8,0.1,55.4968889648
16740,700.7,0.0,55.613381047
16760,679.55,0.15,75.3111570605
16780,603.0,0.2,69.3093356399
16800,641.65,0.15,77.1085858464
16820,787.1,0.15,80.3003729048
16840,624.55,0.15,58.0451839286
16860,511.9,0.35,77.799701179
16880,392.95,0.55,122.380430482
16900,398.35,0.35,59.0446339785
16920,468.7,0.4,67.690298158
16940,475.7,0.45,82.7405223024
16960,461.3,0.3,54.4929403997
16980,493.65,0.35,75.0913915519
17000,402.8,0.15,25.7770621922
17020,471.95,0.35,65.5194702543
17040,410.25,0.4,70.0085573903
17060,454.7,0.45,67.2904325973
17080,352.75,0.45,73.370695605
17100,467.15,0.5,94.1812104369
17120,460.95,0.6,114.16191308
17140,518.9,0.45,78.2498306146
17160,717.1,0.25,80.7485630294
17180,534.15,0.4,84.2062913834
17200,547.05,0.3,33.3773717777
17220,602.7,0.35,77.6706281999
17240,464.35,0.35,68.2556228365
17260,590.9,0.6,130.683642873
17280,612.4,0.45,87.0537041807
17300,614.05,0.4,74.3328488527
17320,653.95,0.25,55.6705265729
17340,662.45,0.3,70.3880414528
17360,603.0,0.25,58.5934712287
17380,780.6,0.25,69.4349137959
17400,582.1,0.2,50.2438319636
17420,708.35,0.15,35.5840135538
17440,701.1,0.25,66.844657683
17460,759.55,0.15,60.6214170216
17480,729.1,0.15,43.5453188667
17500,715.4,0.3,78.2878180621
17520,758.45,0.2,58.5212816278
17540,833.7,0.05,71.2379354407
17560,783.45,0.15,67.0813834373
17580,850.05,0.05,54.4439609449
17600,955.15,0.0,66.5601437999
17620,881.75,0.05,68.5974110413
17640,969.7,0.05,71.5069697847
17660,892.35,0.05,59.3323580344
17680,1000.0,0.0,73.57499705
17700,864.15,0.05,74.1961944658
17720,718.05,0.1,45.1672974523
17740,736.3,0.4,92.3118131811
17760,672.0,0.85,164.909569053
17780,555.6,0.75,143.635286654
17800,499.55,0.8,142.132040924
17820,602.95,0.6,132.252817242
17840,537.2,0.65,130.409443676
17860,479.5,0.5,88.8766128626
17880,466.8,0.65,123.872220594
17900,478.1,0.55,112.285025624
17920,544.1,0.8,168.140686835
17940,546.8,0.5,102.978231417
17960,536.3,0.75,149.476595436
17980,401.7,0.75,150.800653958
18000,530.55,0.55,122.358385833
18020,473.55,0.55,113.499823571
18040,506.3,0.65,138.281622471
18060,450.7,0.7,143.18722876
18080,552.95,0.55,126.507543879
18100,509.8,0.9,172.175192395
18120,580.05,0.75,155.632843585
18140,385.6,0.65,130.491389608
18160,435.35,0.45,87.1913719292
18180,561.5,0.5,105.896987968
18200,722.3,0.35,97.4174523759
18220,759.9,0.35,99.4183764984
18240,752.25,0.35,92.7497914517
18260,828.55,0.1,90.910376673
18280,918.55,0.0,70.8814710694
18300,953.8,0.0,72.2204407737
18320,908.75,0.0,73.9021560764
18340,954.95,0.0,69.6069093946
18360,955.2,0.0,79.2279074186
18380,875.75,0.05,71.4595969722
18400,873.3,0.0,59.1962011466
18420,954.95,0.0,76.8526574507
18440,935.85,0.05,85.1841381946
18460,876.65,0.0,67.5668821776
18480,821.3,0.15,87.6465739261
18500,887.1,0.1,95.0134788324
18520,906.65,0.15,98.4618671971
18540,828.1,0.15,73.5287478311
18560,953.55,0.0,64.3991533348
18580,942.55,0.1,91.1106695258
18600,874.0,0.15,92.9938703764
18620,879.0,0.05,69.6603086402
18640,909.1,0.0,71.365006765
18660,1000.0,0.0,70.4108483169
18680,953.85,0.0,72.2538450311
18700,971.85,0.05,78.6417624174
18720,955.25,0.0,71.7698902761
18740,863.95,0.0,70.8824160423
18760,909.4,0.0,71.1876951651
18780,954.8,0.0,71.8797594127
18800,1000.0,0.0,70.6568961838
18820,954.55,0.0,72.5320898128
18840,1000.0,0.0,80.980257109
18860,953.35,0.0,68.6919998538
18880,872.7,0.0,71.0530751192
18900,1000.0,0.0,78.0956910789
18920,912.8,0.05,80.5386268423
18940,1000.0,0.0,71.0458238617
18960,1000.0,0.0,84.734529475
18980,1000.0,0.0,84.8344343008
19000,915.9,0.05,77.4306948812
19020,972.7,0.05,83.024731507
19040,870.05,0.05,66.405798906
19060,954.9,0.0,77.7944563815
19080,955.4,0.0,71.1745966046
19100,954.75,0.0,68.7269031974
19120,955.25,0.0,74.5971311546
19140,912.8,0.0,72.4518884302
19160,953.65,0.0,80.4490355035
19180,1000.0,0.0,81.5124194967
19200,1000.0,0.0,90.2253652488
19220,1000.0,0.0,82.4139470527
19240,1000.0,0.0,84.3383809064
19260,1000.0,0.0,78.0389024109
19280,966.2,0.05,96.9020645948
19300,868.8,0.15,90.1133832593
19320,915.95,0.0,67.6552962506
19340,809.45,0.15,96.7510705382
19360,821.65,0.2,99.3341540207
19380,829.2,0.15,88.408541766
19400,773.45,0.3,119.678448694
19420,869.85,0.05,79.3774801291
19440,772.1,0.1,79.4447622368
19460,719.15,0.3,99.8242581058
19480,931.9,0.1,97.1567585529
19500,791.7,0.2,89.9238208874
19520,753.85,0.15,80.8892399055
19540,583.4,0.4,102.129856795
19560,581.8,0.45,106.55340308
19580,708.45,0.45,138.060265751
19600,467.35,0.5,110.403306994
19620,559.65,0.6,133.419268331
19640,675.05,0.4,116.290733454
19660,607.75,0.55,123.770309226
19680,518.8,0.55,119.749890117
19700,528.3,0.6,135.312996405
19720,600.2,0.45,106.977206389
19740,570.05,0.5,117.08303735
19760,514.65,0.75,162.543795261
19780,575.5,0.55,120.721919772
19800,575.9,0.75,162.148119178
19820,639.2,0.45,100.355625372
19840,709.0,0.65,157.653118213
19860,670.05,0.6,143.406075182
19880,657.95,0.45,122.879952658
19900,771.7,0.6,145.971258713
19920,596.9,0.85,180.108898908
19940,631.3,0.7,158.865204897
19960,681.8,0.4,114.466064627
19980,593.9,0.75,156.203274114
20000,608.6,0.7,146.447070104
20020,664.0,0.55,141.568167014
20040,710.65,0.45,132.772429524
20060,549.95,0.6,126.261627848
20080,632.75,0.65,152.474264494
20100,457.6,0.75,142.062270553
20120,549.3,0.55,114.102478992
20140,570.3,0.8,176.703628614
20160,451.7,0.9,180.540323736
20180,452.85,0.7,134.711202631
20200,474.75,0.7,150.648011578
20220,667.55,0.65,149.316544881
20240,482.65,0.8,173.464030725
20260,718.7,0.65,151.459371159
20280,678.4,0.4,120.785888311
20300,569.9,0.8,178.631745451
20320,533.65,0.7,148.858634417
20340,441.9,0.6,133.626704106
20360,481.8,0.7,146.296192887
20380,727.6,0.6,139.801559926
20400,527.75,0.7,162.68214753
20420,548.3,0.7,146.979228707
20440,590.95,0.6,134.017843588
20460,522.4,0.8,164.94970637
20480,522.4,0.7,149.831183734
20500,656.95,0.7,146.628299214
20520,656.85,0.75,155.211851451
20540,774.0,0.45,124.097282526
20560,716.5,0.6,149.846308778
20580,735.3,0.7,155.753719137
20600,578.25,0.85,165.673568576
20620,628.35,0.8,159.773032428
20640,563.15,0.9,176.01517087
20660,559.45,0.8,161.831158645
20680,613.75,0.5,117.695205872
20700,604.65,0.8,161.630634751
20720,525.15,0.85,171.034799265
20740,652.85,0.75,160.968889305
20760,660.95,0.7,153.041441517
20780,490.15,0.9,171.678755455
20800,565.45,0.9,165.503509949
20820,553.95,0.75,149.711520266
20840,565.8,0.7,145.521893644
20860,778.25,0.55,138.260280485
20880,673.25,0.65,146.327001737
20900,618.85,0.85,165.224175129
20920,594.2,0.65,138.894920035
20940,618.2,0.65,143.004302901
20960,514.4,0.6,128.703316062
20980,572.55,0.6,126.110265985
21000,663.3,0.6,127.312844864
21020,515.05,0.7,141.291125903
21040,720.65,0.4,105.802216237
21060,556.4,0.7,137.914038813
21080,533.25,0.6,138.379398777
21100,569.4,0.5,107.54558673
21120,478.35,0.65,135.855982925
21140,605.45,0.5,109.892749912
21160,542.3,0.6,135.617559828
21180,374.3,0.65,126.28624975
21200,525.85,0.7,157.274450532
21220,483.55,0.65,126.728387694
21240,542.95,0.5,125.795252884
21260,474.05,0.45,93.1622921098
21280,436.2,0.55,100.084147493
21300,479.15,0.7,143.954828266
21320,588.55,0.5,129.337134531
21340,450.05,0.55,106.886411267
21360,498.7,0.55,111.019231197
21380,591.8,0.4,88.1362089994
21400,448.25,0.75,147.585516097
21420,389.6,0.6,102.760868316
21440,512.9,0.65,143.087142742
21460,612.0,0.35,86.8071735947
21480,417.3,0.65,117.400881582
21500,356.95,0.55,103.177758808
21520,441.25,0.6,118.597786628
21540,627.25,0.45,120.24617099
21560,481.0,0.5,110.563802017
21580,467.0,0.75,154.232727507
21600,503.55,0.55,105.167277891
21620,611.2,0.55,126.011781513
21640,529.25,0.45,92.4584757229
21660,607.75,0.45,107.000843334
21680,600.75,0.6,134.319133944
21700,593.25,0.45,105.112261881
21720,530.0,0.65,124.778014799
21740,595.75,0.55,119.369381816
21760,652.2,0.4,99.145135157
21780,764.6,0.4,104.426349744
21800,780.15,0.2,88.9134330335
21820,701.6,0.4,108.866343166
21840,748.2,0.5,128.786587512
21860,601.95,0.7,151.54469079
21880,575.25,0.75,149.628823406
21900,582.3,0.8,157.987452175
21920,531.3,0.6,119.2095593
21940,618.85,0.65,138.829698696
21960,491.65,0.7,136.000163573
21980,538.85,0.45,103.716146847
22000,480.45,0.7,149.315268716
22020,472.1,0.65,134.120973702
22040,577.7,0.4,96.8658158749
22060,552.85,0.55,125.628377351
22080,537.05,0.55,112.223086769
22100,609.5,0.55,121.315570441
22120,491.8,0.6,105.025597125
22140,518.35,0.75,147.187894179
22160,543.2,0.35,89.0861709352
22180,461.2,0.55,102.253418172
22200,507.2,0.6,129.235125085
22220,474.4,0.55,117.57729942
22240,746.1,0.45,127.317612195
22260,652.55,0.5,127.034898163
22280,494.75,0.65,128.863823408
22300,526.45,0.6,128.075391142
22320,649.9,0.55,125.546032991
22340,564.25,0.55,115.138390303
22360,547.85,0.45,102.849649646
22380,608.65,0.45,103.92857072
22400,467.9,0.6,111.027656189
22420,449.5,0.55,106.05009794
22440,534.75,0.5,110.01556846
22460,593.4,0.6,130.900576051
22480,589.7,0.5,128.256866982
22500,479.65,0.55,110.102528339
22520,493.1,0.7,142.05008201
22540,627.8,0.4,101.535409747
22560,595.35,0.5,118.638693511
22580,468.95,0.55,110.041422537
22600,616.35,0.4,82.6046983903
22620,635.55,0.55,120.631689558
22640,632.75,0.65,127.999309751
22660,659.2,0.55,137.630286729
22680,726.95,0.35,88.6415510411
22700,587.95,0.7,148.25180052
22720,653.05,0.65,142.54363192
22740,577.55,0.8,165.60644632
22760,488.55,0.7,122.568436024
22780,612.35,0.7,142.181777434
22800,552.25,0.8,153.027742488
22820,634.2,0.7,142.595122658
22840,570.15,0.75,137.944381756
22860,538.75,0.65,123.286464879
22880,628.25,0.75,144.624357493
22900,626.0,0.7,124.837143485
22920,582.75,0.75,147.017323028
22940,471.8,0.75,144.126289825
22960,486.8,0.8,154.540679122
22980,562.9,0.65,129.092872238
23000,516.2,0.85,178.487755738
23020,527.2,0.85,170.277011996
23040,593.6,0.8,154.128737828
23060,594.05,0.7,144.489892051
23080,516.4,0.9,163.836331366
23100,590.15,0.8,162.103294906
23120,636.3,0.6,132.012683846
23140,521.25,0.9,168.298139273
23160,484.1,0.85,169.002393502
23180,617.3,0.6,143.214534163
23200,591.3,0.75,153.341878145
23220,526.15,0.55,128.563678567
23240,631.5,0.8,158.612062789
23260,738.45,0.6,141.496409594
23280,625.7,0.7,151.877616638
23300,539.35,0.9,176.808086738
23320,626.8,0.6,136.308364093
23340,597.05,0.75,149.939118325
23360,525.85,0.65,143.019537635
23380,580.6,0.65,141.340354639
23400,606.2,0.6,151.319064215
23420,575.65,0.55,121.755287071
23440,533.25,0.6,134.72075833
23460,488.25,0.85,155.124907775
23480,605.2,0.45,123.213556082
23500,502.1,0.9,185.516279493
23520,464.7,0.95,180.0761826
23540,517.1,0.7,138.762890084
23560,479.65,0.65,126.126700141
23580,502.95,0.75,156.837548022
23600,417.2,0.55,106.589944564
23620,619.0,0.7,155.424971561
23640,463.4,0.65,127.801088439
23660,535.1,0.8,163.511310215
23680,494.95,0.6,135.158639525
23700,487.7,0.65,143.263728466
23720,534.05,0.7,144.754053271
23740,454.05,0.6,127.10287774
23760,536.4,0.7,145.373342353
23780,528.1,0.65,143.383538533
23800,533.05,0.45,100.311669122
23820,352.25,0.55,93.1113117647
23840,595.35,0.65,142.012110442
23860,481.2,0.6,133.048940247
23880,585.0,0.55,123.893138505
23900,575.2,0.6,129.075942802
23920,569.35,0.6,121.433079274
23940,348.05,0.8,147.45572645
23960,474.1,0.5,94.6126597035
23980,520.15,0.6,122.421943392
24000,551.95,0.55,105.576403886
24020,527.05,0.6,128.853514537
24040,515.9,0.35,86.4837110448
24060,530.8,0.35,84.3067391157
24080,471.85,0.4,74.6910813783
24100,456.55,0.6,113.31687374
24120,524.75,0.55,131.704214609
24140,434.55,0.5,112.543123031
24160,640.65,0.6,142.38236166
24180,575.0,0.35,91.3475874269
24200,530.3,0.5,122.703136508
24220,357.5,0.6,129.103617058
24240,537.7,0.5,104.998039078
24260,564.1,0.55,126.890260544
24280,536.95,0.55,142.158527033
24300,540.4,0.35,87.2918760598
24320,559.1,0.4,98.0823259264
24340,576.4,0.45,118.936465697
24360,465.2,0.35,78.1821495288
24380,454.9,0.55,112.250465594
24400,458.8,0.6,119.625778375
24420,515.0,0.3,74.8029206304
24440,434.75,0.55,119.931273705
24460,512.2,0.35,85.6461425393
24480,568.05,0.5,121.72536139
24500,428.6,0.55,114.258987804
24520,496.75,0.35,66.9426233467
24540,455.15,0.6,129.923395712
24560,441.7,0.45,87.7682563942
24580,512.4,0.55,109.799662121
24600,603.85,0.45,113.536836697
24620,475.95,0.55,105.453375594
24640,509.95,0.5,109.205024627
24660,521.9,0.5,118.746761308
24680,566.95,0.6,126.917891229
24700,677.65,0.55,140.663850372
24720,564.7,0.55,100.816960163
24740,479.15,0.6,108.754400155
24760,539.4,0.5,116.637226787
24780,518.4,0.55,114.898817296
24800,572.25,0.5,120.114750012
24820,470.5,0.8,157.978658021
24840,525.6,0.6,118.569130579
24860,648.7,0.5,114.883335885
24880,516.8,0.5,88.062097017
24900,427.3,0.65,124.199060813
24920,426.45,0.6,113.030088721
24940,387.45,0.65,126.128063321
24960,595.8,0.6,143.379991051
24980,548.9,0.55,119.612266802
25000,491.15,0.6,122.624277382
25020,375.0,0.65,126.825658519
25040,486.4,0.3,77.8778175588
25060,469.35,0.55,110.392319961
25080,467.8,0.55,114.110072409
25100,479.05,0.35,84.2361608234
25120,562.95,0.55,131.124418762
25140,476.05,0.55,130.69349296
25160,352.35,0.8,150.967474587
25180,485.7,0.55,123.882597937
25200,393.2,0.85,164.111880272
25220,475.6,0.65,139.795674123
25240,512.05,0.55,132.759946183
25260,521.75,0.6,121.733896065
25280,623.3,0.6,144.393868122
25300,370.25,0.65,142.206996119
25320,520.4,0.6,127.43366839
25340,548.6,0.7,151.648306395
25360,454.4,0.5,110.225566068
25380,471.8,0.55,111.380228196
25400,518.95,0.6,130.774434026
25420,538.85,0.65,144.452497445
25440,523.0,0.65,140.029071927
25460,507.9,0.65,143.068918084
25480,467.9,0.55,121.009965028
25500,430.3,0.45,86.3376443348
25520,688.6,0.6,150.310414281
25540,531.0,0.45,103.799170895
25560,715.1,0.4,121.126245222
25580,551.9,0.55,133.649381695
25600,557.25,0.55,124.136621158
25620,591.9,0.6,141.004687921
25640,611.4,0.5,132.786718095
25660,574.2,0.45,106.213882407
25680,464.4,0.6,137.409468819
25700,514.2,0.4,95.6952049439
25720,564.4,0.5,123.368219928
25740,614.0,0.65,160.140103774
25760,546.6,0.4,102.99730901
25780,603.85,0.7,168.457958355
25800,430.9,0.5,104.336195178
25820,504.5,0.85,174.234668135
25840,510.7,0.45,101.602859977
25860,518.2,0.7,155.551263835
25880,418.6,0.8,163.06427997
25900,482.8,0.55,130.112703469
25920,548.35,0.6,128.245372249
25940,552.7,0.55,130.244835752
25960,479.3,0.7,142.01828412
25980,631.35,0.45,120.383329266
26000,513.9,0.55,124.264368278
26020,415.45,0.35,70.5284962774
26040,458.0,0.5,116.077122779
26060,399.85,0.7,129.190671501
26080,592.8,0.65,144.706989118
26100,555.65,0.5,105.139549087
26120,505.65,0.65,137.009620119
26140,530.8,0.55,119.74909396
26160,562.05,0.6,132.922413706
26180,419.95,0.55,106.140658885
26200,500.25,0.75,152.419368986
26220,554.45,0.45,104.521302257
26240,560.45,0.55,125.534448942
26260,563.35,0.6,127.060823466
26280,548.0,0.7,151.115969434
26300,616.85,0.35,88.8764436749
26320,537.45,0.6,127.582705639
26340,585.2,0.6,123.467924103
26360,523.8,0.6,111.138510158
26380,653.9,0.6,135.782595228
26400,486.6,0.8,154.943132589
26420,580.45,0.65,123.736292556
26440,633.85,0.45,98.7437220144
26460,589.9,0.6,101.996867703
26480,546.5,0.55,91.1545968571
26500,673.6,0.6,125.676988698
26520,630.2,0.55,104.412597865
26540,645.35,0.6,128.871859582
26560,627.2,0.65,131.816184139
26580,578.85,0.8,164.302229905
26600,649.95,0.5,117.440075226
26620,425.1,0.65,122.032305709
26640,562.9,0.55,103.259190091
26660,542.6,0.8,150.471404609
26680,554.75,0.7,123.680075231
26700,516.35,0.75,149.858749282
26720,661.05,0.6,139.307316617
26740,606.1,0.6,108.736555562
26760,618.65,0.5,103.497757458
26780,672.7,0.65,128.351220526
26800,642.95,0.55,120.787587544
26820,616.5,0.55,109.143110951
26840,594.5,0.8,141.488307249
26860,665.65,0.45,86.5743774155
26880,491.1,0.55,91.6796758457
26900,489.35,0.45,97.4294351005
26920,615.5,0.6,144.374876656
26940,631.35,0.35,84.2077760141
26960,666.95,0.55,122.303443947
26980,780.25,0.2,74.5743517081
27000,736.05,0.25,77.9091819613
27020,854.15,0.2,89.0082714853
27040,971.15,0.05,84.2490456722
27060,863.7,0.1,77.9800208615
27080,907.2,0.15,97.0381569167
27100,924.6,0.1,71.6350132028
27120,802.9,0.25,109.884461458
27140,839.7,0.3,119.690233507
27160,863.05,0.15,84.4856885031
27180,881.35,0.2,98.3939533441
27200,828.75,0.15,77.2628713609
27220,900.6,0.1,77.5324658926
27240,923.15,0.05,82.9304298586
27260,791.55,0.05,73.6967227481
27280,1000.0,0.0,81.4387230218
27300,923.2,0.05,75.7458348037
27320,831.3,0.0,58.1947695022
27340,970.25,0.05,86.5971473246
27360,973.8,0.05,90.5048842452
27380,908.85,0.0,81.435522491
27400,1000.0,0.0,71.5248469782
27420,910.6,0.0,72.7930200845
27440,898.45,0.1,80.601777637
27460,895.95,0.1,81.3258002545
27480,879.75,0.2,103.417708111
27500,849.9,0.1,77.8481392332
27520,824.95,0.25,100.697545846
27540,867.4,0.15,93.3947531585
27560,783.85,0.35,109.224475208
27580,704.8,0.35,111.529032293
27600,916.7,0.15,97.8349708593
27620,876.2,0.2,101.59785701
27640,824.35,0.1,71.6279812044
27660,887.65,0.25,110.556033411
27680,834.2,0.3,109.138803163
27700,783.55,0.3,109.651853827
27720,813.15,0.25,102.960197961
27740,936.9,0.05,89.9869940572
27760,729.1,0.4,129.094022515
27780,767.95,0.25,100.736909084
27800,628.15,0.3,78.7407100132
27820,835.95,0.15,83.3703155207
27840,567.2,0.35,96.2266434803
27860,935.8,0.1,98.0880918642
27880,781.35,0.4,123.681344229
27900,830.85,0.3,112.459953194
27920,823.5,0.25,106.74791564
27940,611.9,0.3,96.7818989844
27960,519.2,0.4,106.073927454
27980,612.45,0.5,120.310571739
28000,754.75,0.25,101.247983422
28020,679.4,0.4,113.048933714
28040,701.45,0.15,82.3851023406
28060,682.25,0.25,99.0209274905
28080,870.8,0.15,101.103201714
28100,902.4,0.1,87.5435600362
28120,766.1,0.3,121.345185049
28140,848.85,0.25,114.792059609
28160,804.75,0.1,97.3625974271
28180,857.1,0.1,95.8521473516
28200,866.8,0.15,101.765631996
28220,931.7,0.1,94.7966783532
28240,822.2,0.2,103.497607493
28260,799.6,0.25,103.040513065
28280,880.4,0.2,105.296348324
28300,923.55,0.05,86.6449781135
28320,893.95,0.05,68.6397096723
28340,800.95,0.2,85.2567219899
28360,795.05,0.2,96.8101478571
28380,864.1,0.15,97.0472681765
28400,826.75,0.25,106.892773518
28420,760.1,0.3,92.3400436513
28440,805.25,0.2,95.6882232833
28460,810.75,0.25,106.817929198
28480,755.0,0.3,103.243772618
28500,907.3,0.1,94.3920637238
28520,921.6,0.05,78.4490002666
28540,904.7,0.05,68.7044085683
28560,866.1,0.15,96.273912857
28580,896.2,0.1,86.6044206858
28600,839.2,0.15,92.2731355063
28620,963.9,0.0,75.5043363329
28640,935.9,0.05,81.6707513151
28660,850.8,0.1,89.9288385012
28680,844.3,0.25,119.495686044
28700,769.5,0.3,110.905174196
28720,784.1,0.35,131.363163249
28740,919.2,0.05,90.0799292644
28760,782.4,0.15,88.1660422555
28780,764.0,0.35,127.182937457
28800,872.25,0.05,65.4781861405
28820,968.0,0.05,94.9190534353
28840,955.95,0.0,80.5926810027
28860,903.95,0.15,106.865621239
28880,933.0,0.05,79.5863153504
28900,929.85,0.05,82.0733910719
28920,1000.0,0.0,85.6175452082
28940,1000.0,0.0,82.4827106302
28960,1000.0,0.0,97.761920796
28980,910.75,0.0,84.4354875437
29000,1000.0,0.0,86.7835394837
29020,971.9,0.05,107.960647665
29040,911.0,0.0,76.1860026671
29060,1000.0,0.0,84.587102972
29080,1000.0,0.0,96.0194055627
29100,1000.0,0.0,80.8351342655
29120,957.35,0.0,80.5559301704
29140,955.5,0.0,86.806325308
29160,954.9,0.0,90.634952887
29180,908.95,0.0,81.7165787974
29200,919.1,0.05,90.0060807715
29220,1000.0,0.0,86.4116218119
29240,954.75,0.0,86.2679847168
29260,911.3,0.0,76.7571069495
29280,921.6,0.05,86.3092011027
29300,910.9,0.0,83.863056156
29320,875.55,0.0,82.6957008567
29340,967.55,0.05,99.7621184611
29360,963.3,0.05,110.76645543
29380,955.4,0.0,89.5746886885
29400,895.35,0.05,95.3268113585
29420,865.25,0.0,69.9152318961
29440,955.5,0.0,95.283002704
29460,879.25,0.05,98.05802819
29480,880.4,0.05,105.089609066
29500,890.7,0.05,101.355948015
29520,1000.0,0.0,96.4594470867
29540,820.65,0.0,77.6236256418
29560,893.15,0.1,105.36732247
29580,910.95,0.0,96.3468635106
29600,926.6,0.05,97.7872843921
29620,872.75,0.0,83.5269817162
29640,913.1,0.0,81.9015571636
29660,954.55,0.0,94.1147864502
29680,886.4,0.05,96.6391908057
29700,869.8,0.0,75.8429440171
29720,862.9,0.05,85.7739128658
29740,882.9,0.05,96.738400724
29760,831.85,0.0,78.6882725086
29780,959.2,0.0,94.1595155418
29800,1000.0,0.0,97.2211251129
29820,882.95,0.05,100.559670311
29840,909.65,0.0,93.8526600159
29860,794.05,0.0,77.3299836187
29880,1000.0,0.0,102.505958424
29900,828.6,0.0,79.7224204171
29920,916.2,0.0,93.2675859597
29940,1000.0,0.0,102.464097333
29960,882.6,0.05,94.1653256676
29980,919.4,0.05,97.4542275764
30000,740.2,0.05,80.1801018119
