20,123.7,0.0,-385.513723167
40,76.2,0.0,-364.579268601
60,80.8,0.0,-324.901988746
80,76.75,0.0,-262.218592205
100,90.65,0.0,-229.803667503
120,84.55,0.0,-202.347926899
140,98.05,0.0,-233.427834167
160,88.8,0.0,-202.159402207
180,106.05,0.0,-222.748405544
200,103.2,0.0,-256.757156314
220,113.85,0.0,-233.415992625
240,132.85,0.0,-261.023417924
260,142.75,0.0,-219.152975135
280,146.9,0.0,-198.084715068
300,145.85,0.0,-213.803399317
320,175.65,0.0,-214.727791159
340,173.8,0.0,-203.084466232
360,187.05,0.0,-189.950309708
380,222.9,0.0,-174.720377674
400,202.05,0.0,-139.377367516
420,158.15,0.0,-101.284276408
440,248.0,0.0,-87.0148118208
460,182.25,0.0,-134.041904979
480,229.2,0.0,-134.692371072
500,221.4,0.0,-84.6827690799
520,217.65,0.0,-106.96892402
540,255.05,0.0,-111.163508394
560,266.9,0.0,-140.662077286
580,264.05,0.0,-146.974327772
600,324.55,0.0,-156.544029244
620,404.55,0.0,-206.395306092
640,410.65,0.0,-143.924602585
660,419.2,0.0,-118.54100148
680,455.1,0.0,-100.804468694
700,529.65,0.0,-88.6553740606
720,525.35,0.0,-52.0327339832
740,399.65,0.0,-63.6324217788
760,405.4,0.0,-57.4888875426
780,474.45,0.0,-67.3771917026
800,350.5,0.0,-44.6984571144
820,283.45,0.0,-50.9186287271
840,454.7,0.0,-33.3361026909
860,428.55,0.0,-41.9305831415
880,356.65,0.0,-29.0661054314
900,456.2,0.0,-37.898163918
920,388.9,0.0,-65.5771598631
940,454.75,0.0,-38.6484112181
960,686.35,0.0,-37.1640306333
980,663.0,0.0,-50.3775627199
1000,725.1,0.0,-36.2490022413
1020,883.6,0.0,-31.1172363893
1040,768.75,0.0,-34.9451466635
1060,685.15,0.0,-48.551912287
1080,748.55,0.0,-24.7413922537
1100,484.35,0.0,-57.2207364947
1120,542.15,0.1,-12.8824636466
1140,434.95,0.2,-12.1831029018
1160,413.35,0.3,7.39048335278
1180,304.85,0.2,-6.0683673102
1200,353.8,0.35,3.06010328446
1220,326.0,0.4,37.0531954964
1240,358.85,0.3,-19.7471154527
1260,373.6,0.55,57.5704428286
1280,371.1,0.4,12.2825798284
1300,440.5,0.45,28.6161695937
1320,456.15,0.3,-40.5058347824
1340,426.45,0.3,-24.9297173457
1360,433.65,0.45,-5.62008095485
1380,473.15,0.5,-10.1663363748
1400,437.7,0.5,1.9817940026
1420,554.05,0.55,20.7093437474
1440,590.4,0.55,11.369289866
1460,737.3,0.7,17.8587123285
1480,804.05,0.6,9.66497271306
1500,889.05,0.2,-80.206146601
1520,994.85,0.1,-60.2039581013
1540,989.85,0.05,-62.2651272172
1560,980.45,0.1,-61.5402651436
1580,962.45,0.25,-48.8549574246
1600,807.15,0.8,35.9643687764
1620,706.65,0.75,45.9595355206
1640,610.65,0.6,33.5503039502
1660,586.9,0.8,79.0245727651
1680,550.65,0.75,82.5611280256
1700,470.5,0.7,109.000830161
1720,639.85,0.35,3.60902287761
1740,515.95,0.8,128.036547248
1760,421.0,0.65,86.1155682347
1780,466.15,0.7,102.013861794
1800,549.7,0.45,39.0928477985
1820,513.75,0.75,112.163717267
1840,446.3,0.7,99.637912347
1860,509.3,0.8,104.412658181
1880,499.8,0.85,128.279350076
1900,588.05,0.85,109.866660985
1920,520.35,0.7,82.7881771348
1940,553.4,0.55,31.8687772659
1960,504.55,0.5,44.1198023835
1980,517.0,0.7,84.8471138705
2000,663.2,0.65,30.7534521987
2020,602.5,0.85,109.573982279
2040,598.2,0.6,46.6567638414
2060,673.75,0.65,67.7998948405
2080,592.55,0.75,69.9379597545
2100,477.3,0.55,48.4557033838
2120,517.05,0.7,91.4302970077
2140,485.1,0.7,89.9766256603
2160,529.3,0.55,40.79078831
2180,485.3,0.65,62.4471617955
2200,474.0,0.5,49.4106323499
2220,550.3,0.6,52.0642791737
2240,458.95,0.6,72.6462635663
2260,506.25,0.7,77.5674294803
2280,626.4,0.7,54.5047316802
2300,693.85,0.75,72.8895862083
2320,648.5,0.65,67.9072530874
2340,696.6,0.65,79.6985354764
2360,719.65,0.75,94.9997658689
2380,698.25,0.35,33.0979541928
2400,629.7,0.55,71.6275018461
2420,594.7,0.65,95.4132743901
2440,649.3,0.85,142.932607921
2460,693.0,0.55,82.2374121466
2480,699.85,0.75,130.547845506
2500,770.2,0.6,96.0392130422
2520,735.45,0.75,130.006291686
2540,720.35,0.65,119.240985203
2560,726.7,0.7,132.289127971
2580,802.9,0.6,104.004450075
2600,797.1,0.6,101.617651684
2620,799.45,0.6,92.9915958515
2640,832.9,0.5,78.218372322
2660,730.15,0.75,119.917862537
2680,752.05,0.75,121.599932326
2700,713.95,0.6,116.332799015
2720,698.85,0.85,154.226366123
2740,646.8,0.7,119.802548864
2760,751.6,0.5,120.361398378
2780,819.3,0.5,103.878465065
2800,717.15,0.25,69.7827752203
2820,687.95,0.4,87.183341583
2840,665.8,0.45,95.3986564702
2860,654.9,0.4,81.200388708
2880,603.4,0.45,77.0210440447
2900,538.45,0.3,31.3407546375
2920,573.55,0.45,57.3856484905
2940,488.2,0.45,46.1510216863
2960,509.15,0.35,11.9101264439
2980,559.7,0.4,42.780667367
3000,636.9,0.5,69.8359876865
3020,596.85,0.5,66.5343358782
3040,568.7,0.45,58.1261730207
3060,672.65,0.55,105.773143356
3080,578.35,0.15,13.0876306299
3100,629.1,0.5,72.4038914497
3120,579.75,0.6,114.348467192
3140,765.9,0.35,79.6263873823
3160,714.45,0.2,69.3043267545
3180,794.6,0.25,87.698771273
3200,805.9,0.3,94.4415024105
3220,884.35,0.2,89.8119286804
3240,897.2,0.0,66.2362793308
3260,881.05,0.1,84.2412107327
3280,971.55,0.1,91.7966091615
3300,969.65,0.05,79.4936102002
3320,784.75,0.25,96.6410022394
3340,866.85,0.2,96.2799293496
3360,882.25,0.15,84.7670618681
3380,832.5,0.1,82.157822247
3400,776.6,0.25,85.0348691458
3420,738.55,0.1,53.0851569344
3440,746.45,0.3,102.602862093
3460,779.95,0.2,94.884664633
3480,640.65,0.15,59.3549244813
3500,667.7,0.1,65.2647337614
3520,696.5,0.1,70.0602804438
3540,599.1,0.25,77.343459439
3560,543.05,0.2,74.6620082851
3580,694.7,0.15,73.2195573001
3600,633.85,0.2,84.3778338289
3620,664.0,0.15,78.9139000598
3640,687.5,0.15,71.8566454534
3660,754.95,0.05,58.1840694913
3680,654.7,0.25,82.2812967915
3700,626.85,0.25,79.8714636562
3720,704.45,0.3,98.095389111
3740,569.6,0.65,142.197081934
3760,637.95,0.2,68.4729069626
3780,657.9,0.4,114.47213743
3800,665.65,0.55,139.913891101
3820,697.95,0.45,125.307073809
3840,715.3,0.5,133.646169222
3860,724.4,0.35,104.251699043
3880,699.65,0.6,130.208356547
3900,884.55,0.3,100.730039476
3920,737.7,0.5,122.673490278
3940,505.9,0.45,95.8804125366
3960,746.8,0.25,79.6350542012
3980,583.8,0.6,116.721968606
4000,655.0,0.6,125.603439822
4020,792.35,0.25,76.4527816274
4040,747.25,0.2,63.0788198738
4060,524.8,0.2,22.7424526927
4080,773.2,0.15,58.7062452442
4100,637.9,0.45,80.2082028137
4120,464.3,0.15,16.7682951301
4140,475.4,0.55,85.491464618
4160,473.4,0.25,30.6586747852
4180,426.9,0.45,62.3929069519
4200,430.05,0.15,6.11419644515
4220,494.9,0.35,46.5047707123
4240,549.2,0.35,65.9982248063
4260,543.15,0.35,44.6192276716
4280,550.3,0.3,52.4742211591
4300,450.3,0.4,58.2977070162
4320,496.15,0.3,45.3277074302
4340,536.45,0.3,42.1318847535
4360,435.35,0.5,68.3683713969
4380,609.5,0.4,68.0777254446
4400,528.7,0.45,76.5121246767
4420,572.6,0.45,62.4255352955
4440,591.65,0.45,80.1425599058
4460,687.75,0.35,60.2848181494
4480,525.55,0.4,36.572005907
4500,730.85,0.4,59.8452530734
4520,754.1,0.35,59.9496561008
4540,620.9,0.55,54.5698809452
4560,794.5,0.35,71.3252833721
4580,889.4,0.3,73.4010890523
4600,912.4,0.25,68.2579302301
4620,908.5,0.25,84.647314812
4640,840.1,0.35,108.455036597
4660,936.15,0.05,62.4009722805
4680,947.4,0.15,75.6297620708
4700,877.9,0.2,93.2368034922
4720,914.85,0.2,93.7834222452
4740,864.7,0.25,94.2483616456
4760,934.05,0.15,85.1323045128
4780,886.35,0.2,97.2223324844
4800,882.75,0.05,69.9303083106
4820,804.6,0.15,82.3532353995
4840,859.65,0.2,95.4407481415
4860,798.6,0.25,102.556860388
4880,857.9,0.15,93.6472934261
4900,889.05,0.1,80.2881291209
4920,743.4,0.45,132.670612372
4940,797.7,0.15,81.9627703927
4960,870.1,0.05,67.1423379119
4980,781.45,0.15,81.8191870345
5000,875.15,0.15,97.3793415692
5020,868.35,0.1,89.4331788262
5040,895.4,0.1,86.8197900809
5060,901.45,0.1,89.3116978299
5080,867.35,0.2,117.862611941
5100,959.4,0.0,92.1329347235
5120,878.9,0.1,96.5939656407
5140,846.4,0.2,108.298993703
5160,1000.0,0.0,69.7098218258
5180,897.55,0.15,112.006816565
5200,944.65,0.05,76.5595847082
5220,928.2,0.1,99.2160340234
5240,856.85,0.1,85.937740879
5260,922.7,0.15,104.577029925
5280,782.15,0.15,83.6294000528
5300,717.6,0.2,84.6976709713
5320,824.2,0.3,112.917672721
5340,774.3,0.2,93.9089097324
5360,639.05,0.35,86.7271157688
5380,720.9,0.2,80.1737810561
5400,701.55,0.2,73.0312950295
5420,815.45,0.3,107.994035928
5440,830.05,0.2,110.530986696
5460,847.0,0.05,76.1620022046
5480,804.65,0.05,82.9583632207
5500,747.3,0.15,97.8860282082
5520,883.0,0.05,96.7949352573
5540,741.7,0.15,101.528199712
5560,903.95,0.1,110.48706169
5580,881.35,0.0,83.6304938511
5600,837.95,0.0,83.0857598281
5620,634.7,0.05,56.4550850084
5640,713.5,0.05,65.5496233426
5660,746.45,0.15,85.759257404
5680,645.55,0.25,90.6221003471
5700,603.7,0.15,77.3316426624
5720,595.3,0.15,76.4047843447
5740,566.7,0.1,52.1550200401
5760,592.6,0.5,114.061772168
5780,601.4,0.35,103.446985026
5800,571.8,0.25,66.6822521607
5820,696.45,0.2,85.5931821795
5840,563.9,0.45,124.417763239
5860,664.85,0.25,70.1115199864
5880,737.2,0.2,80.5052544949
5900,620.55,0.35,113.174620397
5920,575.2,0.3,74.9749947532
5940,528.15,0.35,101.338376316
5960,597.2,0.35,90.4529553983
5980,488.6,0.35,74.0598703541
6000,690.3,0.25,73.7504841148
6020,470.5,0.15,33.3222271284
6040,625.4,0.3,85.0150646192
6060,626.65,0.15,50.8299887009
6080,515.35,0.3,71.40112448
6100,547.85,0.1,36.1330394755
6120,581.7,0.25,50.7990906076
6140,514.5,0.15,32.7704997222
6160,557.85,0.4,75.3650349799
6180,684.55,0.2,53.6719103742
6200,508.45,0.2,12.680631237
6220,610.8,0.3,38.3621703419
6240,491.5,0.25,21.9645911919
6260,552.65,0.4,51.5522665658
6280,583.1,0.3,38.6661973992
6300,613.5,0.4,58.3390877899
6320,726.2,0.2,24.5916170012
6340,632.8,0.25,26.4436928312
6360,714.65,0.25,44.5164568092
6380,582.0,0.35,31.1692901756
6400,627.95,0.55,97.4140269455
6420,595.9,0.4,66.139568468
6440,687.75,0.35,80.5755626249
6460,750.0,0.35,84.7094089213
6480,788.85,0.4,103.67769303
6500,729.55,0.45,107.563107764
6520,750.55,0.25,83.9563452855
6540,742.85,0.4,111.89670554
6560,806.1,0.35,108.490199948
6580,869.9,0.1,68.7095509577
6600,874.95,0.25,95.2559150408
6620,948.55,0.05,72.662187178
6640,872.8,0.25,107.679715565
6660,915.2,0.1,78.3433615524
6680,914.25,0.2,95.9400167454
6700,963.95,0.1,95.1593491054
6720,939.55,0.1,93.0260298063
6740,984.9,0.05,91.2377096337
6760,1000.0,0.0,93.2648340346
6780,1000.0,0.0,90.2173983039
6800,1000.0,0.0,99.6534076457
6820,1000.0,0.0,93.479328674
6840,978.65,0.05,100.670388653
6860,916.1,0.0,83.3239193345
6880,799.0,0.0,64.337724218
6900,837.6,0.0,78.0725376168
6920,814.55,0.05,86.1836698882
6940,797.1,0.0,76.6707398926
6960,837.65,0.0,78.1020795818
6980,853.35,0.05,89.4109694732
7000,753.4,0.0,68.4055544092
7020,706.05,0.0,71.2990247768
7040,758.45,0.0,63.461245656
7060,796.75,0.05,87.8472530858
7080,919.3,0.05,103.583797706
7100,917.9,0.0,90.4642654763
7120,1000.0,0.0,100.170051693
7140,962.6,0.0,97.0534799929
7160,1000.0,0.0,105.322374302
7180,963.75,0.0,93.9923955008
7200,956.9,0.0,95.0780177138
7220,976.5,0.05,106.116686255
7240,989.35,0.05,97.8969583823
7260,982.6,0.05,101.148025368
7280,1000.0,0.0,84.8896805404
7300,1000.0,0.0,88.7760133834
7320,970.65,0.1,85.7287997813
7340,985.3,0.05,94.1888160719
7360,1000.0,0.0,79.1165807339
7380,976.7,0.05,76.564046285
7400,952.75,0.1,84.1142705718
7420,1000.0,0.0,71.7270875564
7440,986.15,0.05,71.9455876987
7460,1000.0,0.0,71.5250293368
7480,984.6,0.05,64.5972235883
7500,981.0,0.05,77.8650947099
7520,1000.0,0.0,62.4770551346
7540,1000.0,0.0,83.4009251968
7560,1000.0,0.0,76.5622023489
7580,941.15,0.05,86.1561744778
7600,1000.0,0.0,89.4239786014
7620,930.25,0.1,98.5084680568
7640,979.4,0.1,92.4046693086
7660,895.95,0.1,93.3650032754
7680,928.65,0.1,101.13063411
7700,856.55,0.05,94.8356781682
7720,896.15,0.05,93.8667964188
7740,812.65,0.05,84.968501013
7760,795.2,0.2,111.782088972
7780,744.85,0.1,83.0907963585
7800,677.3,0.15,90.8571856788
7820,481.75,0.05,46.0662459516
7840,472.55,0.05,51.4411718453
7860,548.35,0.05,53.2281313066
7880,501.7,0.0,42.1737344833
7900,522.45,0.05,42.8627610237
7920,502.6,0.0,41.1398733242
7940,713.5,0.0,65.5471685789
7960,610.1,0.15,83.9355972764
7980,635.65,0.0,50.9684838053
8000,775.2,0.05,82.3416428521
8020,818.95,0.1,96.5460800758
8040,863.15,0.05,80.2598797717
8060,776.05,0.1,92.2618550711
8080,799.55,0.1,89.0472500612
8100,922.8,0.0,85.1275987444
8120,921.55,0.0,83.1191356998
8140,922.3,0.0,83.8708847736
8160,976.7,0.05,92.2652398941
8180,1000.0,0.0,97.9698435117
8200,1000.0,0.0,97.8081864874
8220,961.0,0.0,95.852597007
8240,868.6,0.1,104.805518612
8260,887.75,0.25,122.765547145
8280,967.4,0.05,106.281936895
8300,807.5,0.3,123.766297847
8320,865.0,0.25,114.701600234
8340,873.45,0.1,91.6573888281
8360,887.0,0.25,104.815280287
8380,780.85,0.35,123.999606431
8400,788.7,0.4,134.681525315
8420,833.95,0.15,91.6768047638
8440,775.75,0.4,134.504184007
8460,762.3,0.35,125.996790284
8480,711.8,0.4,115.974561668
8500,715.6,0.4,130.348181331
8520,794.15,0.2,90.2394999553
8540,890.55,0.1,89.6699477429
8560,747.85,0.25,99.116916521
8580,748.3,0.3,94.6180863471
8600,813.6,0.25,86.9942474103
8620,609.7,0.45,100.880243656
8640,713.85,0.3,91.5531434503
8660,624.5,0.45,100.777018983
8680,703.35,0.5,126.465048395
8700,533.15,0.35,70.1399592399
8720,720.35,0.35,84.1947180227
8740,509.15,0.45,79.9982156719
8760,676.6,0.3,80.1639115363
8780,506.15,0.35,67.3192470901
8800,644.85,0.2,51.5229954151
8820,582.45,0.2,45.7436287237
8840,483.55,0.1,13.4942477908
8860,548.1,0.4,87.0159111719
8880,647.5,0.3,89.0500042823
8900,601.8,0.2,60.5073107054
8920,614.85,0.3,64.3909763126
8940,629.8,0.25,67.3497429725
8960,621.45,0.45,105.380730448
8980,705.15,0.25,60.2280841665
9000,416.4,0.5,77.400461623
9020,537.8,0.5,107.937360004
9040,483.15,0.3,57.9775802823
9060,598.45,0.45,103.405197749
9080,630.5,0.3,82.4718711651
9100,701.25,0.35,89.0101473281
9120,663.65,0.4,117.99619534
9140,762.45,0.4,126.746260628
9160,693.9,0.4,115.05007446
9180,732.35,0.2,82.4863128395
9200,717.85,0.4,117.995619519
9220,810.8,0.2,90.7283847499
9240,842.8,0.2,91.8841207555
9260,871.6,0.1,82.7840747283
9280,766.5,0.25,99.833304062
9300,834.0,0.2,95.8854575754
9320,735.15,0.25,93.3879847311
9340,930.9,0.1,95.6086495375
9360,862.0,0.2,98.7483470496
9380,838.15,0.2,91.6679838285
9400,914.45,0.15,106.511783048
9420,856.0,0.2,117.791805358
9440,1000.0,0.0,88.5412713908
9460,949.8,0.05,85.1551499139
9480,967.15,0.05,90.762558625
9500,940.0,0.1,109.677730408
9520,962.9,0.0,96.4277117719
9540,880.6,0.0,92.5642677384
9560,1000.0,0.0,105.598203241
9580,918.05,0.0,96.6583929168
9600,757.85,0.0,74.1073724839
9620,879.0,0.0,82.1796545734
9640,918.4,0.0,94.035810878
9660,959.0,0.0,91.7970810139
9680,960.4,0.0,89.5922519115
9700,925.3,0.0,87.3485606499
9720,927.65,0.05,104.676513229
9740,1000.0,0.0,96.0555273224
9760,1000.0,0.0,98.1525225734
9780,964.85,0.0,86.8487180948
9800,1000.0,0.0,90.9048591343
9820,1000.0,0.0,94.057008837
9840,1000.0,0.0,89.4032112214
9860,1000.0,0.0,77.3729140533
9880,1000.0,0.0,87.3799519386
9900,1000.0,0.0,63.9151680789
9920,1000.0,0.0,67.0687658062
9940,1000.0,0.0,72.6832117881
9960,1000.0,0.0,71.6887190079
9980,1000.0,0.0,73.4983787567
10000,1000.0,0.0,61.2335702974
10020,1000.0,0.0,51.0291171161
10040,1000.0,0.0,49.9419394885
10060,1000.0,0.0,57.6925420587
10080,1000.0,0.0,57.0576964149
10100,1000.0,0.0,56.5146321458
10120,1000.0,0.0,52.8471303144
10140,1000.0,0.0,57.7497160653
10160,1000.0,0.0,53.6051949443
10180,1000.0,0.0,65.8912024964
10200,1000.0,0.0,66.4488233014
10220,1000.0,0.0,68.2180678721
10240,1000.0,0.0,65.9941898116
10260,1000.0,0.0,81.2950692844
10280,1000.0,0.0,86.1890519759
10300,1000.0,0.0,79.9298009548
10320,1000.0,0.0,84.693750584
10340,1000.0,0.0,95.6780958378
10360,1000.0,0.0,97.1922895752
10380,1000.0,0.0,93.9407073788
10400,965.05,0.0,89.509504114
10420,1000.0,0.0,103.696061668
10440,1000.0,0.0,91.613140654
10460,1000.0,0.0,94.4246263985
10480,1000.0,0.0,106.722958865
10500,962.4,0.0,103.546079383
10520,1000.0,0.0,93.1021302049
10540,1000.0,0.0,102.033661919
10560,965.15,0.0,93.1023330276
10580,1000.0,0.0,101.63048972
10600,962.75,0.0,94.106894347
10620,888.95,0.0,85.3356474483
10640,963.95,0.0,102.403613646
10660,962.85,0.0,106.223867101
10680,843.65,0.0,91.6830805508
10700,805.2,0.0,81.2247172038
10720,884.3,0.0,97.8690038463
10740,770.75,0.0,83.8268457975
10760,764.9,0.0,85.8412044964
10780,771.4,0.0,71.2757101793
10800,713.35,0.05,80.9001232185
10820,787.4,0.05,92.7496492476
10840,688.9,0.1,93.935760888
10860,596.2,0.1,71.8020266119
10880,669.4,0.05,76.6724319103
10900,583.75,0.05,65.9062729981
10920,548.45,0.3,106.556301022
10940,481.6,0.45,119.22842993
10960,481.45,0.45,123.991232226
10980,513.45,0.45,129.26148517
11000,338.2,0.55,120.001894862
11020,339.7,0.55,123.492060091
11040,302.85,0.6,138.371572256
11060,320.95,0.7,167.937356026
11080,304.9,0.6,135.612201346
11100,264.0,0.7,154.139918652
11120,326.95,0.5,113.414462682
11140,312.9,0.65,137.732371733
11160,345.25,0.6,134.319517276
11180,314.4,0.65,151.151757725
11200,328.9,0.65,149.014923101
11220,256.65,0.7,156.804856429
11240,298.0,0.75,164.962389524
11260,322.0,0.65,132.316827697
11280,341.45,0.55,130.82073874
11300,331.65,0.9,195.495305361
11320,293.8,0.6,134.469965535
11340,387.2,0.5,129.234915486
11360,305.55,0.75,161.075375293
11380,277.8,0.85,192.27098661
11400,273.05,0.55,118.797302548
11420,298.35,1.0,222.598041681
11440,303.65,0.9,194.106497596
11460,285.15,0.85,186.844604436
11480,356.2,0.75,174.482654925
11500,292.75,0.9,195.21111975
11520,342.55,0.9,196.269046665
11540,363.65,0.95,210.706855019
11560,325.75,1.0,207.894213034
11580,311.85,0.95,197.498750446
11600,403.0,0.9,192.523649455
11620,356.45,0.9,183.127045132
11640,376.05,0.8,170.548136794
11660,301.15,0.8,165.175590455
11680,332.9,0.9,200.85316363
11700,349.55,0.9,189.476737295
11720,348.15,0.9,189.756770704
11740,394.95,0.9,197.021142067
11760,359.75,0.95,200.279896958
11780,338.05,0.95,214.911133916
11800,351.75,0.9,187.575293348
11820,334.1,0.9,206.056355657
11840,352.5,0.95,205.166866339
11860,354.2,0.95,204.300806432
11880,453.45,0.8,184.375667525
11900,343.95,0.9,194.622307167
11920,316.05,1.0,218.319235583
11940,345.1,0.9,205.095474692
11960,347.6,0.9,204.051749281
11980,344.05,1.0,213.991225816
12000,308.05,1.0,214.725759985
12020,327.4,1.0,210.666312305
12040,317.9,1.0,210.684411326
12060,319.65,1.0,208.81444589
12080,324.75,0.95,215.287792078
12100,357.35,0.9,199.113445027
12120,352.5,0.9,189.958131076
12140,364.5,0.95,203.37692515
12160,365.8,0.9,194.596279284
12180,330.6,1.0,209.956994615
12200,451.35,0.8,189.185253411
12220,428.85,0.85,197.422145721
12240,388.55,0.9,197.21378059
12260,319.3,0.85,178.8665248
12280,346.0,0.85,180.430270192
12300,381.7,0.85,193.272968456
12320,356.8,0.9,193.641794206
12340,381.9,0.85,181.719238374
12360,435.85,0.8,172.372538496
12380,450.45,0.8,166.737582041
12400,416.75,0.8,165.224121358
12420,461.85,0.7,147.979910756
12440,502.45,0.7,165.088025548
12460,474.5,0.75,159.957704422
12480,437.75,0.95,196.79820829
12500,499.05,0.65,143.836614902
12520,500.15,0.8,174.871532051
12540,421.5,0.95,195.101315973
12560,563.6,0.7,151.461370238
12580,487.1,0.85,174.180032131
12600,472.0,0.85,165.555194614
12620,457.0,0.95,186.722123857
12640,568.8,0.7,144.133923404
12660,426.8,0.95,191.280623708
12680,479.75,0.7,137.322668029
12700,392.15,0.95,198.576598248
12720,479.65,0.65,131.994944248
12740,363.2,0.95,189.68351741
12760,481.4,0.75,162.256032625
12780,424.65,0.85,184.301449175
12800,447.0,0.75,167.814519572
12820,432.35,0.75,164.557886895
12840,442.9,0.8,171.140444397
12860,399.3,0.85,174.526406943
12880,444.5,0.8,168.18846581
12900,351.7,0.8,168.076881524
12920,344.1,0.9,192.674571246
12940,357.65,0.95,219.524616423
12960,404.65,0.9,196.992686758
12980,396.55,0.85,186.656985214
13000,322.65,1.0,209.060060916
13020,345.7,0.9,189.098795632
13040,325.3,0.85,193.505559931
13060,329.3,0.95,210.7552255
13080,366.95,0.85,200.150505322
13100,388.5,0.9,191.813591636
13120,337.45,0.95,211.744911521
13140,294.9,0.9,199.993294006
13160,337.5,0.9,186.11758185
13180,340.4,0.95,200.732614039
13200,298.45,0.9,185.383281324
13220,299.0,0.9,184.540462732
13240,308.1,0.65,141.205641055
13260,327.25,0.85,184.292462039
13280,320.3,0.8,169.983807122
13300,330.85,0.85,183.307512791
13320,300.5,0.85,183.260819141
13340,394.4,0.75,174.387754624
13360,401.75,0.75,172.183916682
13380,325.2,0.8,173.157749133
13400,277.2,0.85,185.339170477
13420,368.3,0.75,174.918115546
13440,290.3,0.8,169.655693804
13460,301.1,0.8,164.858253783
13480,363.95,0.8,175.306726707
13500,363.5,0.85,186.331421599
13520,329.2,0.9,193.921555742
13540,392.15,0.75,178.281565275
13560,360.5,0.65,140.332302852
13580,347.8,0.95,208.616855791
13600,302.55,0.85,178.082497377
13620,372.5,0.7,166.634079482
13640,300.7,0.85,191.375418525
13660,285.8,0.95,210.29755781
13680,343.65,0.75,174.889428541
13700,284.55,0.9,201.588922288
13720,283.35,0.9,191.724297218
13740,316.25,0.9,196.919512397
13760,326.55,0.9,200.609664526
13780,328.95,0.95,204.948997846
13800,323.1,0.95,203.450459328
13820,400.45,0.85,197.89470662
13840,290.8,0.85,174.800414513
13860,395.4,0.9,197.106013692
13880,359.8,0.85,178.189176433
13900,418.65,0.85,192.648404026
13920,343.25,0.95,215.277838363
13940,317.6,0.95,195.381549117
13960,348.55,0.95,206.383829269
13980,360.95,0.9,186.736493907
14000,355.75,0.95,204.241715741
14020,378.4,0.95,199.237480916
14040,366.5,0.95,200.036870701
14060,341.75,1.0,210.167885078
14080,386.7,0.95,201.510026902
14100,356.5,1.0,199.339534825
14120,382.7,0.95,192.787936524
14140,359.3,1.0,198.007154636
14160,396.55,0.9,186.914404501
14180,410.8,0.95,201.181240056
14200,400.2,0.95,196.080635864
14220,381.4,0.95,203.346778424
14240,400.0,0.95,191.748085459
14260,438.4,0.9,188.632985262
14280,392.65,1.0,202.682896973
14300,407.7,1.0,204.857313807
14320,384.95,1.0,196.498945405
14340,414.35,0.95,193.978648437
14360,448.95,0.9,190.84158032
14380,419.4,0.95,192.402971903
14400,389.9,1.0,198.147526275
14420,415.9,0.95,188.629774056
14440,409.75,0.9,184.873815862
14460,371.5,1.0,194.843438097
14480,373.45,1.0,196.96885313
14500,391.25,0.95,197.115607829
14520,377.6,0.9,188.93169491
14540,351.35,1.0,208.350770934
14560,378.8,0.9,188.168816797
14580,338.0,1.0,211.506046965
14600,367.3,0.9,188.273116356
14620,399.75,0.9,203.625980783
14640,388.95,0.85,190.076346101
14660,392.2,0.8,174.970078581
14680,414.75,0.7,150.467925519
14700,379.9,0.85,183.498518156
14720,342.8,0.85,175.875943555
14740,346.65,0.85,182.845964862
14760,336.2,0.7,150.826220057
14780,356.8,0.85,182.485237727
14800,418.45,0.65,136.883019325
14820,344.65,0.85,176.703743257
14840,331.25,0.75,156.859254589
14860,331.65,0.8,174.174278414
14880,376.2,0.8,173.930071423
14900,386.95,0.85,192.850056712
14920,380.95,0.8,177.027281155
14940,370.15,0.65,134.949453917
14960,433.1,0.75,175.877701643
14980,283.4,0.65,127.142219821
15000,340.45,0.85,168.857442827
15020,327.9,0.75,151.064051598
15040,360.05,0.65,140.697786017
15060,442.45,0.75,170.63351136
15080,398.85,0.65,132.617472058
15100,317.2,0.6,117.467518465
15120,402.1,0.75,155.908077767
15140,296.4,0.75,155.846938753
15160,359.2,0.5,105.473667205
15180,393.0,0.65,142.013046888
15200,324.05,0.4,75.6301309575
15220,378.1,0.65,135.826817761
15240,257.35,0.6,121.990372338
15260,347.2,0.5,103.956952315
15280,354.9,0.45,89.2693124758
15300,277.4,0.5,80.0789088029
15320,342.65,0.4,80.3759367458
15340,327.1,0.65,123.261118916
15360,271.45,0.7,131.411394316
15380,323.15,0.6,111.147951051
15400,288.3,0.55,93.6972378521
15420,398.95,0.45,92.3447969548
15440,344.5,0.8,170.680991045
15460,314.45,0.65,121.704601963
15480,395.0,0.65,120.944341297
15500,329.85,0.55,91.5174982925
15520,339.75,0.45,68.630201619
15540,344.2,0.65,113.896375212
15560,409.45,0.55,124.132288978
15580,377.5,0.6,115.596760556
15600,351.0,0.45,76.4394547051
15620,262.2,0.55,102.063093081
15640,406.8,0.55,98.610935425
15660,379.7,0.55,98.0860739835
15680,361.3,0.55,96.6443178781
15700,461.25,0.55,98.479846083
15720,382.45,0.35,54.3696162428
15740,346.2,0.7,121.83885201
15760,412.25,0.45,84.5375588583
15780,355.25,0.55,92.9605866684
15800,400.5,0.75,131.695178847
15820,400.5,0.6,102.845597719
15840,456.0,0.55,107.514143907
15860,333.8,0.6,79.0650175888
15880,395.4,0.7,115.172017719
15900,486.25,0.45,79.7582233301
15920,480.55,0.7,123.300761291
15940,470.7,0.7,119.412181301
15960,384.6,0.7,121.211436878
15980,517.6,0.65,133.899962035
16000,445.7,0.6,100.861563762
16020,397.55,0.6,92.474316266
16040,481.5,0.55,100.434315286
16060,433.8,0.55,96.3748576691
16080,391.65,0.65,112.63839453
16100,389.9,0.65,102.362088884
16120,411.0,0.6,101.128305192
16140,485.75,0.4,78.9733109735
16160,376.8,0.85,156.390634449
16180,475.15,0.5,83.861849798
16200,345.0,0.7,123.870645985
16220,364.4,0.8,152.935775602
16240,377.55,0.6,105.086721153
16260,373.5,0.6,107.442742492
16280,348.7,0.75,131.47077525
16300,343.55,0.7,132.37037983
16320,355.65,0.7,139.474189884
16340,403.4,0.55,111.472079973
16360,309.5,0.85,163.006937052
16380,376.85,0.75,128.780960563
16400,321.3,0.6,97.3218152853
16420,325.4,0.65,107.87665137
16440,408.9,0.7,127.329298085
16460,308.85,0.75,152.099041842
16480,298.9,0.75,142.115906023
16500,349.45,1.0,198.345632415
16520,396.15,0.7,125.267768648
16540,314.1,0.7,128.06276513
16560,335.95,0.75,142.467840767
16580,328.05,0.65,122.43113954
16600,326.85,0.9,181.111816733
16620,319.05,0.9,181.716912234
16640,389.0,0.8,159.390646801
16660,349.8,0.8,149.978326432
16680,353.25,0.9,175.274767173
16700,343.65,0.75,155.353466214
16720,321.15,0.7,137.643569
16740,312.7,0.75,145.396223991
16760,327.3,0.65,134.468604809
16780,430.35,0.6,118.689525911
16800,305.85,0.65,123.842716214
16820,311.85,0.65,118.2520561
16840,401.25,0.85,185.375338547
16860,310.4,0.55,100.05452116
16880,383.65,0.55,111.542455129
16900,333.1,0.7,139.017393941
16920,372.65,0.8,165.971811316
16940,296.6,0.7,136.06944675
16960,306.6,0.85,180.530081521
16980,335.85,0.85,174.674259127
17000,312.6,0.75,154.515270738
17020,293.65,0.75,157.693729873
17040,310.55,0.8,156.440103225
17060,319.9,0.8,159.794977985
17080,360.55,0.75,161.442687849
17100,272.5,0.75,153.577941869
17120,309.85,0.85,185.614035896
17140,387.25,0.6,128.583323094
17160,328.7,0.9,196.836014552
17180,291.3,0.95,216.074889901
17200,311.25,0.7,149.750248603
17220,376.55,0.6,130.06933735
17240,318.35,0.95,212.361621735
17260,274.45,0.85,181.040873994
17280,288.0,0.85,175.107844334
17300,326.7,0.9,196.632682148
17320,372.95,0.85,183.341899118
17340,277.35,0.95,201.349826364
17360,338.75,0.95,200.353861276
17380,398.5,0.8,185.015524837
17400,438.75,0.75,178.341278959
17420,365.65,0.9,198.827582634
17440,313.5,0.85,186.824136029
17460,365.7,0.85,186.865448216
17480,286.0,0.95,202.640966346
17500,341.85,0.9,198.252033385
17520,346.45,0.7,148.38238854
17540,328.05,0.9,191.779486898
17560,325.9,0.95,212.876149687
17580,334.05,0.95,209.749051445
17600,437.75,0.75,172.646804066
17620,332.35,0.85,182.34421641
17640,290.65,0.7,149.853467265
17660,289.4,0.95,204.086347588
17680,354.05,0.85,192.778698127
17700,279.35,0.95,194.057977317
17720,294.25,0.95,202.684147145
17740,320.2,0.8,184.196269623
17760,337.4,0.7,161.98072641
17780,347.55,0.8,185.274252907
17800,372.65,0.8,180.301516876
17820,321.95,0.95,201.871853648
17840,415.1,0.75,177.334779016
17860,296.05,0.8,172.49554722
17880,422.0,0.7,164.175616939
17900,334.45,0.9,198.729616002
17920,301.2,0.75,164.035287149
17940,269.95,0.8,166.265785531
17960,456.95,0.75,168.381399757
17980,347.25,0.75,176.249743488
18000,328.0,0.7,145.750953751
18020,353.3,0.7,155.82178411
18040,375.95,0.8,175.581552281
18060,286.6,0.9,191.081652284
18080,331.05,0.75,176.921238906
18100,383.3,0.8,177.650288721
18120,288.8,0.8,168.64352768
18140,310.55,0.7,146.846346033
18160,421.0,0.65,159.402653628
18180,363.8,0.75,163.408159289
18200,498.1,0.65,150.359173741
18220,310.5,0.65,134.766378781
18240,321.95,0.9,199.847723417
18260,336.25,0.75,162.842358944
18280,294.8,0.7,153.391912466
18300,286.8,0.8,159.284912056
18320,432.7,0.7,151.513289217
18340,377.1,0.55,112.340062321
18360,432.75,0.6,137.712008208
18380,373.4,0.7,154.889064237
18400,381.75,0.65,143.671134378
18420,393.35,0.8,164.662628724
18440,405.95,0.85,188.685203577
18460,416.85,0.7,158.623950506
18480,440.35,0.75,155.561879847
18500,405.45,0.7,146.07064586
18520,372.8,0.8,173.433731607
18540,447.6,0.65,153.461023818
18560,330.95,0.7,140.023014795
18580,388.15,0.85,186.926539371
18600,459.8,0.75,169.834315564
18620,405.25,0.6,134.654343935
18640,392.15,0.65,143.349296652
18660,329.05,0.7,145.526760957
18680,341.4,0.9,191.608378202
18700,385.6,0.8,173.016999114
18720,369.7,0.9,190.329739227
18740,356.8,0.7,150.792343985
18760,440.3,0.75,177.214860721
18780,523.15,0.6,143.397683885
18800,310.5,0.85,183.626772597
18820,406.85,0.85,187.333081571
18840,398.35,0.6,123.652433501
18860,472.7,0.8,176.656979706
18880,339.3,0.8,170.166743922
18900,373.15,0.6,121.701748711
18920,410.35,0.75,159.43132641
18940,442.85,0.65,144.882221779
18960,415.95,0.65,140.521749959
18980,413.1,0.85,181.509872124
19000,389.8,0.8,167.472733234
19020,499.55,0.7,157.346438719
19040,491.05,0.7,154.554965383
19060,416.25,0.75,161.412747329
19080,451.2,0.75,177.223517012
19100,407.3,0.7,141.61712947
19120,459.1,0.8,176.218829152
19140,408.7,0.9,184.794745877
19160,415.25,0.85,177.388941875
19180,526.75,0.65,160.162707808
19200,391.75,0.85,167.85970563
19220,466.15,0.8,160.328169758
19240,439.4,0.8,160.185622188
19260,462.35,0.85,161.807104676
19280,420.05,1.0,189.79244171
19300,490.05,0.85,157.123061221
19320,541.7,0.85,162.049186556
19340,503.65,0.95,172.097002989
19360,592.8,0.8,142.044340964
19380,522.75,0.8,131.167930305
19400,556.0,0.9,157.421793305
19420,536.7,0.85,154.165496692
19440,522.85,0.95,152.161604224
19460,516.35,1.0,177.225170982
19480,546.8,0.95,159.727697253
19500,546.3,0.95,161.312085524
19520,507.95,1.0,178.276580011
19540,479.75,1.0,183.369009287
19560,491.5,1.0,174.889721925
19580,549.8,0.9,161.611052999
19600,538.05,0.9,158.094346144
19620,464.3,1.0,183.849658606
19640,426.65,1.0,201.730593982
19660,434.7,1.0,187.31630825
19680,398.3,1.0,203.824097784
19700,388.3,1.0,197.743320819
19720,404.25,0.95,190.545803892
19740,367.4,1.0,199.718848806
19760,383.65,1.0,201.014797649
19780,362.5,1.0,210.241234077
19800,416.5,0.9,193.897896281
19820,453.35,0.85,185.054402525
19840,422.05,0.9,192.28175523
19860,343.2,0.95,196.416087486
19880,444.05,0.85,184.820199493
19900,339.5,1.0,217.005163461
19920,350.65,1.0,207.984551253
19940,320.1,1.0,204.329608849
19960,318.8,0.95,195.095026606
19980,303.05,1.0,229.666990156
20000,303.45,1.0,217.841610951
20020,297.95,1.0,211.009346837
20040,310.2,1.0,215.847900734
20060,297.6,1.0,224.135801788
20080,295.1,1.0,223.421866756
20100,296.2,1.0,213.145773093
20120,291.5,1.0,220.333991613
20140,291.5,1.0,215.663269664
20160,363.8,0.9,205.636114252
20180,285.05,0.95,209.846711974
20200,284.3,0.95,210.868996889
20220,321.9,0.95,213.938559202
20240,274.15,0.9,198.503092432
20260,286.1,1.0,220.907809861
20280,298.05,1.0,222.049709985
20300,269.1,1.0,227.514815194
20320,310.95,0.85,193.72796773
20340,275.2,1.0,220.855917581
20360,317.6,0.95,206.156987845
20380,320.65,0.9,201.827493445
20400,284.0,0.95,211.497036366
20420,277.95,1.0,225.51458615
20440,285.15,0.95,210.596441202
20460,361.9,0.85,197.451453567
20480,292.15,0.95,203.37340608
20500,314.95,0.95,210.563355403
20520,302.15,0.95,218.015312381
20540,368.55,0.75,160.455846752
20560,372.35,0.9,203.49060651
20580,315.05,0.8,170.591145555
20600,299.8,0.9,195.696899767
20620,370.75,0.85,194.969266718
20640,346.35,0.65,146.981464287
20660,324.6,0.75,149.638064315
20680,330.2,0.9,192.29862613
20700,280.8,0.85,176.778799812
20720,315.65,0.8,171.104251606
20740,370.2,0.7,155.31816236
20760,413.7,0.75,171.833111656
20780,366.3,0.75,165.902471914
20800,279.3,0.85,185.337809919
20820,377.95,0.75,171.600750761
20840,387.8,0.75,176.385364601
20860,326.1,0.8,175.849205425
20880,308.3,0.8,162.291458377
20900,350.8,0.7,147.388030641
20920,451.15,0.75,168.043908764
20940,370.35,0.7,148.255076115
20960,367.55,0.8,178.902904683
20980,332.7,0.85,182.042069946
21000,394.45,0.7,158.000818763
21020,365.65,0.75,160.092591493
21040,434.15,0.7,148.51289208
21060,410.3,0.6,124.574648525
21080,311.55,0.8,163.125308232
21100,403.05,0.6,121.59658997
21120,297.2,0.8,161.702302215
21140,391.6,0.85,174.763844149
21160,393.75,0.6,133.1131769
21180,353.1,0.65,118.044578965
21200,294.15,0.7,143.582272022
21220,354.55,0.8,166.614106231
21240,391.2,0.65,139.388216005
21260,525.7,0.6,140.008273806
21280,423.65,0.8,169.401669725
21300,432.2,0.8,177.08741367
21320,572.8,0.6,143.30578214
21340,420.45,0.8,163.30531815
21360,345.4,1.0,218.90425249
21380,340.5,0.95,186.852247763
21400,498.6,0.8,174.083745582
21420,375.05,0.85,178.346451078
21440,382.7,0.9,180.372403704
21460,354.9,0.95,192.060725599
21480,380.95,0.95,191.723405507
21500,396.9,0.95,198.255638477
21520,425.15,0.9,195.14787431
21540,428.65,0.9,183.381254684
21560,455.2,0.85,182.70876708
21580,378.05,0.95,202.312753356
21600,391.45,0.85,164.931578079
21620,448.5,0.85,184.146413709
21640,414.6,0.85,182.938468755
21660,444.95,0.8,171.958186938
21680,413.8,0.9,185.830709109
21700,403.0,0.9,194.393797096
21720,323.45,0.95,194.09813073
21740,365.7,0.95,201.827239387
21760,336.05,0.95,193.92925365
21780,481.3,0.8,185.505504102
21800,406.8,0.9,186.624446029
21820,371.95,0.95,199.712701378
21840,374.05,0.95,191.9072531
21860,413.6,0.9,198.414159375
21880,446.45,0.85,186.288952344
21900,444.3,0.8,166.987437776
21920,433.7,0.9,190.937325207
21940,422.85,0.9,185.901365767
21960,353.5,1.0,203.84468205
21980,405.45,0.8,163.237208427
22000,555.4,0.7,160.248836172
22020,441.0,0.85,178.007574009
22040,465.8,0.85,181.583734203
22060,409.7,0.95,189.787717237
22080,379.6,0.85,183.044395429
22100,392.7,0.8,161.288813345
22120,363.1,0.95,184.466796088
22140,363.0,0.85,171.488701506
22160,445.7,0.75,156.449346964
22180,445.6,0.85,172.985590499
22200,454.2,0.8,162.37232205
22220,374.45,0.9,190.115975013
22240,453.6,0.8,169.768560853
22260,383.75,0.9,188.916631091
22280,338.0,0.85,175.148341545
22300,471.7,0.8,169.229750769
22320,351.4,0.95,187.186815341
22340,452.15,0.85,188.19638263
22360,509.6,0.7,159.152179622
22380,449.7,0.8,175.018134585
22400,360.15,1.0,203.143095555
22420,372.35,0.95,195.534632389
22440,359.45,1.0,205.712370838
22460,417.75,0.9,187.852477595
22480,347.85,1.0,201.187969863
22500,325.85,1.0,212.552103752
22520,336.7,1.0,213.877856705
22540,337.75,1.0,197.200945438
22560,325.3,1.0,203.629110682
22580,314.2,1.0,215.598759395
22600,314.35,1.0,211.22462485
22620,313.9,1.0,213.520264832
22640,339.1,0.9,202.769590433
22660,346.7,0.9,187.669245656
22680,375.0,0.9,202.518797794
22700,332.95,1.0,200.629121315
22720,392.1,0.9,199.604245656
22740,380.4,0.9,197.439092665
22760,374.5,0.85,187.836859876
22780,335.65,0.95,206.453440532
22800,339.75,0.8,168.770091682
22820,380.7,0.9,206.26638945
22840,416.65,0.75,167.563325869
22860,308.6,1.0,211.607372416
22880,330.5,0.8,177.500395992
22900,331.85,0.85,177.45218799
22920,332.15,0.9,191.310270679
22940,357.2,0.75,164.068080974
22960,345.65,0.85,184.067659075
22980,327.55,1.0,212.789595867
23000,377.15,0.9,189.783836152
23020,367.55,0.75,163.126910143
23040,324.8,0.8,175.589673905
23060,333.2,0.85,195.242018413
23080,395.7,0.75,164.522946906
23100,282.8,0.8,167.381384156
23120,355.45,0.7,150.497347132
23140,394.55,0.75,151.84986871
23160,355.45,0.75,179.447018276
23180,282.5,0.75,150.586289259
23200,358.6,0.7,154.588184214
23220,271.55,0.75,162.364016043
23240,319.05,0.85,184.793535274
23260,466.6,0.65,156.011702979
23280,318.25,0.8,169.870238662
23300,299.25,0.8,175.864923675
23320,279.65,0.75,157.737062831
23340,255.2,0.55,114.267065687
23360,270.35,0.7,148.205689636
23380,300.85,0.65,137.209372206
23400,382.7,0.7,163.957449851
23420,359.2,0.85,179.331241953
23440,358.2,0.85,193.042454568
23460,339.0,0.85,180.429992501
23480,355.5,0.75,172.859952002
23500,378.15,0.85,197.438804377
23520,324.85,0.8,174.764841192
23540,365.65,0.8,191.268944924
23560,374.8,0.85,194.531416187
23580,367.4,0.85,174.908939905
23600,523.2,0.65,156.734394475
23620,397.7,0.65,137.282723623
23640,391.15,0.85,184.915088446
23660,314.95,1.0,207.459882515
23680,395.95,0.7,147.696217755
23700,351.5,0.8,166.80675854
23720,544.8,0.45,118.289128329
23740,451.65,0.8,172.516321546
23760,469.05,0.55,128.668896456
23780,307.45,0.8,163.644047222
23800,342.2,0.8,180.604695482
23820,410.95,0.8,181.503262514
23840,416.3,0.8,173.478202941
23860,444.05,0.8,178.373398908
23880,398.7,0.9,196.110460161
23900,366.65,0.8,173.991984978
23920,314.55,1.0,218.341225455
23940,360.65,0.9,193.51104853
23960,351.8,0.9,193.724344838
23980,315.45,0.95,201.784822021
24000,321.0,0.95,190.889756931
24020,336.75,0.95,209.541965173
24040,352.7,0.85,182.215887185
24060,301.15,0.85,183.198505996
24080,295.45,0.85,181.907070624
24100,315.05,1.0,208.316894241
24120,353.7,0.95,213.966166304
24140,349.25,0.9,194.529454317
24160,304.6,1.0,219.34926831
24180,378.3,0.95,203.359518252
24200,290.5,0.9,187.257257368
24220,366.95,0.8,179.994291751
24240,309.2,1.0,221.846753799
24260,368.75,0.85,192.211046827
24280,341.65,0.9,197.613525052
24300,342.65,0.95,210.721236112
24320,395.35,0.75,173.037275367
24340,348.75,0.9,193.208626022
24360,366.25,0.8,179.235343
24380,312.2,1.0,210.912597118
24400,376.35,0.9,203.653330867
24420,334.35,0.9,198.149178957
24440,342.6,0.9,196.910948478
24460,331.6,0.8,173.652757237
24480,302.0,0.9,195.922744076
24500,306.8,0.95,211.36228421
24520,388.65,0.9,197.20999768
24540,343.9,0.85,183.294392094
24560,357.0,0.95,205.586337355
24580,324.85,1.0,210.350269493
24600,323.4,1.0,208.572187293
24620,371.8,0.95,200.257816217
24640,354.4,0.95,214.115084386
24660,408.35,0.9,190.146717577
24680,403.65,0.85,190.155546808
24700,383.4,0.9,182.759321135
24720,403.2,0.85,181.567202214
24740,469.85,0.8,173.992231988
24760,369.9,0.95,206.261877762
24780,366.05,0.9,187.896210138
24800,334.7,1.0,211.776176218
24820,337.35,0.95,192.124771668
24840,370.4,0.95,205.055979075
24860,377.35,0.95,195.039337751
24880,343.6,1.0,205.989842093
24900,374.2,0.95,194.341952737
24920,382.25,0.95,195.258267765
24940,413.05,0.9,196.43468527
24960,351.25,1.0,205.568278552
24980,379.0,0.95,196.422969781
25000,434.3,0.85,195.29106405
25020,368.6,0.95,197.129934911
25040,342.5,1.0,198.17092327
25060,341.65,1.0,205.273822969
25080,336.7,1.0,218.674110545
25100,348.7,1.0,208.594113743
25120,354.25,1.0,202.009140381
25140,343.8,1.0,206.430468881
25160,331.75,1.0,199.85610483
25180,366.2,0.95,200.152933583
25200,363.4,0.95,205.201520807
25220,318.45,1.0,211.587410237
25240,360.55,0.95,204.870643582
25260,317.5,1.0,205.199013173
25280,328.25,1.0,209.865512829
25300,352.75,0.9,195.760935992
25320,317.7,1.0,204.434654836
25340,340.45,0.95,209.028456139
25360,318.2,1.0,223.019915194
25380,360.45,0.95,201.357175073
25400,336.85,0.95,201.025801912
25420,334.8,0.95,212.243462226
25440,304.75,1.0,214.395944557
25460,338.2,0.95,214.437257123
25480,342.9,0.95,208.668714866
25500,293.4,1.0,217.320258062
25520,289.4,1.0,218.83523047
25540,292.6,1.0,219.383339204
25560,331.6,0.95,206.78246371
25580,288.75,1.0,217.319413734
25600,285.35,1.0,220.490512949
25620,296.25,1.0,219.055620874
25640,289.2,1.0,221.671685905
25660,285.0,0.95,211.340942102
25680,325.15,0.9,205.161368867
25700,286.3,1.0,220.878984516
25720,271.1,1.0,233.530437709
25740,269.75,1.0,225.799924843
25760,291.95,1.0,224.821597355
25780,281.2,0.9,197.652866
25800,291.8,1.0,220.248958728
25820,278.95,1.0,227.285354499
25840,275.2,1.0,221.150269527
25860,277.5,0.95,218.97795995
25880,265.85,0.95,215.3146131
25900,267.3,0.85,190.3697052
25920,310.05,0.9,202.663461617
25940,277.3,0.95,204.113355785
25960,278.1,0.95,220.713011643
25980,275.95,0.95,212.334615955
26000,303.6,0.9,211.538941617
26020,277.05,1.0,222.635376765
26040,279.5,1.0,227.863856256
26060,276.95,0.95,214.644078249
26080,275.9,0.95,214.497460729
26100,295.6,0.8,186.315338057
26120,278.75,1.0,219.776789823
26140,269.2,1.0,216.965314286
26160,273.5,1.0,231.48198842
26180,278.75,0.9,198.747998551
26200,298.5,0.85,203.705723978
26220,265.6,0.95,219.215216768
26240,269.65,0.9,194.709003706
26260,266.1,1.0,224.049009695
26280,267.05,0.9,199.975738618
26300,291.7,0.8,189.926822964
26320,260.05,0.9,210.353811185
26340,246.8,0.75,168.628206055
26360,252.35,0.85,188.58126492
26380,247.7,0.7,161.077003764
26400,266.1,0.9,202.472044404
26420,257.65,0.95,215.200680079
26440,266.2,0.9,200.878245828
26460,249.75,0.9,203.296902297
26480,279.8,0.75,166.430429265
26500,292.8,0.85,199.619925565
26520,250.45,0.85,188.061225793
26540,258.05,0.95,217.946146549
26560,254.0,0.85,187.295165854
26580,256.75,0.9,207.885690038
26600,252.65,0.8,189.336689841
26620,263.15,0.95,218.471672771
26640,299.95,0.8,187.69820476
26660,314.6,0.75,178.650923067
26680,259.95,0.9,209.899205819
26700,282.3,0.9,216.710102174
26720,262.55,0.95,216.522573194
26740,293.25,0.95,225.527262797
26760,247.0,0.9,213.3375055
26780,264.5,0.95,221.206630343
26800,292.55,0.8,180.761638786
26820,263.05,1.0,226.302599487
26840,298.55,0.95,216.045258627
26860,270.45,1.0,222.743520422
26880,261.35,0.95,220.588486556
26900,306.25,0.95,219.231995245
26920,275.75,1.0,218.220902173
26940,276.65,1.0,222.887253289
26960,306.3,0.95,218.995861542
26980,262.7,0.95,210.333400924
27000,264.6,0.95,215.083609774
27020,262.0,0.9,202.298146654
27040,269.8,1.0,222.903342247
27060,307.05,0.9,211.107630936
27080,279.0,0.95,213.534118905
27100,269.2,1.0,217.662215375
27120,302.75,0.9,210.596877361
27140,270.0,0.9,207.717958857
27160,273.4,1.0,233.327955258
27180,273.8,0.95,216.480687896
27200,273.9,1.0,234.27481829
27220,266.85,0.95,216.619216756
27240,273.55,0.95,213.513746107
27260,263.1,0.95,213.922529567
27280,294.75,0.9,211.860791332
27300,254.0,0.9,209.909116152
27320,318.95,1.0,219.064202306
27340,258.85,0.9,202.901068514
27360,263.1,0.95,220.504921881
27380,264.45,0.95,213.837472546
27400,258.85,1.0,220.718146332
27420,247.95,0.9,204.994869761
27440,261.55,1.0,235.480268243
27460,257.45,0.95,212.045524412
27480,256.25,1.0,223.329328662
27500,251.7,0.9,207.996116459
27520,269.15,1.0,227.235696444
27540,256.0,0.9,213.372802947
27560,256.7,0.95,220.202414288
27580,257.15,1.0,223.556228858
27600,311.5,0.9,207.293514268
27620,255.85,0.9,211.51517797
27640,309.0,0.95,222.265083233
27660,256.7,1.0,230.462247893
27680,260.3,0.9,208.598145097
27700,253.15,0.9,201.864521032
27720,250.1,0.95,216.483339733
27740,253.45,1.0,228.200612642
27760,246.15,0.9,209.987041131
27780,247.2,0.9,202.105249836
27800,273.05,1.0,220.078450791
27820,256.95,0.95,213.028380926
27840,277.85,0.85,201.124580693
27860,247.9,0.85,197.493517021
27880,289.55,0.8,185.294005992
27900,250.05,0.9,211.749440987
27920,271.55,0.7,177.717082356
27940,273.45,0.75,179.540426052
27960,247.5,0.85,199.671465822
27980,260.15,0.95,213.012957286
28000,250.1,1.0,227.353197638
28020,285.2,0.85,196.472472365
28040,242.15,0.85,197.861236381
28060,261.75,0.9,208.292538672
28080,244.55,0.8,177.266594277
28100,283.3,0.9,208.982078206
28120,285.95,0.8,184.19697802
28140,296.4,0.95,222.52332459
28160,299.25,0.95,224.17127608
28180,277.75,0.75,177.683966106
28200,265.25,0.95,223.755095901
28220,249.85,0.95,219.363070077
28240,248.9,1.0,237.195997902
28260,265.5,0.95,217.480451668
28280,294.05,0.85,200.378648689
28300,249.15,0.9,204.156056982
28320,256.4,0.9,201.16958309
28340,287.9,0.9,212.010626615
28360,252.5,0.9,206.548724994
28380,252.05,0.95,220.468691256
28400,246.05,0.9,208.918469705
28420,243.55,0.85,188.064568959
28440,278.35,0.85,200.212784702
28460,228.8,0.7,164.455756967
28480,242.95,0.75,178.011044989
28500,255.45,0.9,203.821049332
28520,312.1,0.7,163.573025441
28540,251.0,0.9,207.215430882
28560,238.5,0.75,168.30425254
28580,283.55,0.85,200.738909737
28600,306.65,0.7,172.756412467
28620,275.6,0.7,163.121882669
28640,249.8,0.85,189.875841127
28660,252.05,0.9,199.903668368
28680,243.55,0.85,190.02823622
28700,236.05,0.75,177.191485389
28720,262.4,1.0,229.23092965
28740,289.6,0.75,179.682680237
28760,288.9,0.8,185.830705321
28780,289.45,0.95,218.965191114
28800,285.2,0.8,189.917239457
28820,264.45,0.9,201.468467432
28840,296.9,0.9,206.645164133
28860,291.0,0.9,209.926385221
28880,311.1,0.9,201.102708153
28900,270.55,0.95,210.993936749
28920,290.7,0.85,193.717534331
28940,327.6,0.8,188.399402392
28960,268.65,1.0,236.15745303
28980,255.75,0.9,199.826852727
29000,263.55,1.0,224.467294098
29020,272.35,1.0,220.461581057
29040,299.6,0.9,207.104311391
29060,258.6,0.95,217.401960535
29080,260.8,1.0,226.409355323
29100,274.25,0.9,206.523642416
29120,310.7,0.95,218.533837879
29140,263.7,0.95,219.696354975
29160,269.15,1.0,213.217832626
29180,264.3,0.9,209.226439368
29200,310.3,0.9,200.417602049
29220,304.2,0.9,206.72280569
29240,265.95,1.0,217.732405458
29260,267.4,0.95,211.601373337
29280,254.95,0.95,217.673430478
29300,297.6,0.9,212.70080056
29320,307.85,0.95,219.000665897
29340,260.4,0.9,193.524201627
29360,258.05,1.0,226.129441884
29380,251.0,0.85,200.488427277
29400,297.8,0.9,200.539709612
29420,257.2,0.9,195.771034233
29440,291.7,0.8,190.501934529
29460,290.8,0.95,213.893857252
29480,283.7,0.95,214.749253646
29500,252.1,0.9,201.773030581
29520,325.45,0.85,202.217936652
29540,288.25,0.8,188.44641613
29560,375.1,0.8,196.960273325
29580,241.9,0.8,185.017480623
29600,252.25,1.0,226.486026451
29620,337.7,0.85,205.673689545
29640,239.75,0.85,200.519732516
29660,259.7,0.9,207.702599453
29680,246.15,0.85,197.511916188
29700,286.05,0.8,187.955326578
29720,290.5,0.95,219.212924904
29740,265.05,0.85,192.446766556
29760,283.85,0.85,195.085783045
29780,323.65,0.85,200.141811791
29800,251.1,0.95,210.808261213
29820,256.25,1.0,232.227698905
29840,317.25,0.85,204.026111054
29860,256.85,0.85,193.816117509
29880,299.95,0.9,210.373687863
29900,288.1,0.9,215.064969536
29920,229.95,0.7,154.258535114
29940,259.7,0.9,201.815063257
29960,264.45,0.9,209.37035281
29980,244.4,0.9,199.155304357
30000,254.5,0.95,215.578423944
