20,142.8,0.0,-317.331801831
40,121.5,0.0,-196.907548309
60,114.75,0.0,-217.760817096
80,133.6,0.0,-294.791460199
100,128.3,0.0,-218.66424251
120,134.6,0.0,-194.732115306
140,133.4,0.0,-206.788713418
160,129.5,0.0,-144.731060936
180,129.0,0.0,-154.561649014
200,128.4,0.0,-123.578953302
220,127.55,0.0,-129.461203147
240,158.05,0.0,-163.684099804
260,192.1,0.0,-161.851748249
280,275.55,0.0,-185.292543873
300,240.1,0.0,-193.195957796
320,360.35,0.0,-268.336791225
340,297.0,0.0,-251.79425991
360,328.65,0.0,-287.881130957
380,316.0,0.0,-222.808691312
400,316.75,0.0,-162.712319966
420,397.8,0.0,-181.081325556
440,412.05,0.0,-187.191493248
460,411.4,0.0,-144.577622606
480,266.5,0.0,-96.4197235777
500,282.3,0.0,-93.0569582438
520,275.2,0.0,-91.1390371721
540,303.65,0.0,-99.7726707588
560,327.05,0.0,-104.94602365
580,332.6,0.0,-94.3778083754
600,309.0,0.0,-96.4944431178
620,238.25,0.0,-69.7616662133
640,269.55,0.0,-58.7339610421
660,437.45,0.0,-62.2953916926
680,400.2,0.0,-59.6924774498
700,524.1,0.0,-110.200941239
720,535.4,0.0,-68.4123078342
740,618.2,0.0,-71.678266696
760,389.45,0.0,-57.6498596041
780,339.5,0.0,-52.1423344745
800,558.45,0.0,-21.7121860717
820,330.9,0.0,-54.4656653686
840,241.1,0.0,-68.0595436507
860,506.4,0.0,-53.6988505157
880,552.45,0.0,-50.7305615382
900,568.25,0.0,-34.6478047502
920,555.55,0.05,-30.7522542068
940,592.3,0.0,-48.8689076111
960,768.5,0.05,-11.5455361077
980,859.5,0.0,-26.4962015269
1000,725.35,0.0,-41.7137424626
1020,827.65,0.0,-36.0537658766
1040,706.05,0.0,-9.11373775452
1060,719.65,0.05,-18.0295401628
1080,714.1,0.0,6.34873235211
1100,550.2,0.0,-34.4000920142
1120,872.45,0.0,14.182650136
1140,753.8,0.05,20.5979329575
1160,803.05,0.05,24.211274718
1180,726.25,0.1,20.4596663274
1200,724.65,0.1,32.0514464326
1220,822.25,0.2,64.9434296413
1240,765.65,0.2,65.8183467905
1260,699.5,0.5,82.9685327463
1280,674.0,0.65,105.5862428
1300,547.25,0.8,109.523230537
1320,578.4,0.65,72.3492252827
1340,591.0,0.95,149.585237619
1360,564.95,0.85,118.73884604
1380,505.05,0.95,169.026756379
1400,458.1,0.5,54.4525700443
1420,426.6,0.75,122.126776267
1440,426.85,0.85,161.558374041
1460,395.35,0.8,156.665471347
1480,430.55,0.85,155.585783378
1500,401.2,0.8,155.076788202
1520,411.1,1.0,189.004488365
1540,385.15,0.85,165.912836491
1560,356.55,0.9,183.44956318
1580,366.35,0.8,145.596793801
1600,349.7,0.85,154.961182757
1620,353.3,0.8,154.769216494
1640,323.65,0.75,151.732442833
1660,315.25,0.9,184.357834014
1680,296.65,0.75,147.176718336
1700,302.1,0.65,125.627388224
1720,331.65,0.9,178.855245953
1740,371.35,0.8,139.22929171
1760,339.95,0.95,189.79149974
1780,340.2,0.75,139.530469805
1800,389.3,0.95,179.696579249
1820,435.05,1.0,199.33005571
1840,417.95,0.95,179.784870563
1860,427.1,0.9,169.608686732
1880,422.75,1.0,183.934419906
1900,440.1,0.95,173.417524971
1920,450.25,1.0,180.312242152
1940,489.2,0.9,163.042670777
1960,446.65,1.0,187.841685494
1980,420.9,0.95,176.709579312
2000,418.25,0.95,185.13944015
2020,389.3,0.9,168.672879148
2040,354.05,0.75,134.211412333
2060,366.5,0.75,154.008143169
2080,385.8,0.8,142.684534253
2100,382.35,0.85,154.40094449
2120,348.95,0.8,152.380252186
2140,366.2,0.75,131.546880079
2160,341.5,0.55,87.349074935
2180,378.25,0.85,162.13306956
2200,369.4,0.85,163.712086487
2220,392.5,0.95,192.567808757
2240,354.55,0.75,137.495820838
2260,359.5,0.9,183.71933534
2280,377.65,0.75,137.282031999
2300,341.95,0.8,153.293643142
2320,380.7,0.9,162.510217237
2340,368.15,0.75,133.484680886
2360,362.0,0.7,125.527072213
2380,364.4,0.7,110.952884666
2400,397.5,0.7,97.1986999184
2420,379.65,0.6,73.0590128961
2440,417.8,0.7,88.3817909712
2460,414.7,0.6,69.1493447673
2480,413.0,0.75,104.926872513
2500,437.35,0.6,60.9895620097
2520,485.45,0.65,48.2736296806
2540,606.55,0.55,7.94245330544
2560,620.05,0.55,12.5181714748
2580,853.8,0.35,-27.7699315781
2600,927.5,0.1,-73.7722740567
2620,852.0,0.4,-17.3371856367
2640,732.25,0.6,38.5848428714
2660,560.1,0.9,125.434465908
2680,509.0,1.0,168.834706616
2700,460.4,1.0,186.598171214
2720,408.7,0.9,171.313762076
2740,384.05,0.85,161.127670462
2760,355.95,0.7,120.481621799
2780,352.4,0.65,98.8455333166
2800,312.4,0.3,13.9643777706
2820,315.8,0.5,61.6547357478
2840,336.7,0.7,101.90131118
2860,313.35,0.45,43.1656838807
2880,308.7,0.4,13.8658538586
2900,359.2,0.75,110.879397733
2920,326.3,0.55,52.9569814946
2940,348.7,0.7,92.9219487955
2960,342.35,0.5,36.8685693354
2980,357.75,0.4,25.5078399135
3000,385.35,0.75,90.2871872341
3020,407.3,0.6,63.3268439182
3040,471.6,0.75,81.6500651355
3060,450.55,0.4,3.5405115073
3080,535.7,0.7,60.0738930975
3100,573.05,0.6,38.8332246047
3120,670.75,0.9,100.10218823
3140,661.6,0.75,44.1141666691
3160,732.6,0.85,62.1584875692
3180,846.05,0.65,28.4704474862
3200,878.75,0.35,-43.3305351219
3220,910.5,0.3,-48.4036940751
3240,989.95,0.1,-64.2973771229
3260,1000.0,0.0,-84.2267097339
3280,1000.0,0.0,-69.3451125612
3300,1000.0,0.0,-68.4305454982
3320,1000.0,0.0,-79.1737247849
3340,1000.0,0.0,-63.6211461153
3360,999.9,0.05,-54.6711049911
3380,961.1,0.35,-8.27639271363
3400,702.7,0.95,124.270384081
3420,626.0,0.85,99.7738042734
3440,559.4,0.6,40.7028745858
3460,413.85,0.8,109.925003748
3480,415.2,0.7,69.8708006863
3500,425.85,0.7,88.2569324962
3520,341.1,0.75,113.355980019
3540,263.9,0.35,-8.05409722337
3560,292.5,0.5,20.4269357013
3580,247.35,0.35,15.2172138126
3600,232.15,0.3,-31.4664347778
3620,220.7,0.4,8.07341774465
3640,223.25,0.45,18.9084732353
3660,219.15,0.3,-25.3769326742
3680,235.8,0.5,43.18390695
3700,232.5,0.35,-26.1944723107
3720,201.4,0.25,-30.1687556875
3740,205.0,0.25,-32.3163707122
3760,231.25,0.3,-31.3744481296
3780,287.1,0.55,35.9682824773
3800,206.55,0.2,-47.5477340303
3820,212.4,0.25,-35.8243651545
3840,269.65,0.4,-4.99781005131
3860,236.1,0.55,26.5190074097
3880,267.0,0.5,30.1889725104
3900,311.6,0.75,76.7913927327
3920,330.5,0.55,39.1990258499
3940,292.85,0.6,75.1356483996
3960,352.4,0.65,49.9897155911
3980,337.85,0.65,60.0502693039
4000,281.75,0.5,44.8550871098
4020,279.65,0.65,91.2449460599
4040,346.65,0.6,62.368421066
4060,340.05,0.65,90.7074169434
4080,318.0,0.65,74.3418034114
4100,384.7,0.75,95.1348404643
4120,384.45,0.85,123.912241341
4140,418.75,0.8,103.225716986
4160,348.45,0.6,72.6491812222
4180,392.2,0.75,97.3861717656
4200,373.3,0.85,119.308752463
4220,383.95,0.85,120.651434879
4240,386.25,0.75,88.839318241
4260,360.25,0.8,130.034372254
4280,363.35,0.9,152.575622647
4300,396.9,0.75,101.04777441
4320,368.85,0.8,124.457649843
4340,330.7,0.85,155.892019624
4360,378.3,0.85,152.525499704
4380,359.15,0.85,156.434904004
4400,373.3,0.95,183.62240036
4420,362.95,0.8,146.142932884
4440,407.2,0.95,170.363543572
4460,363.05,0.95,179.764730618
4480,318.2,0.9,185.357086176
4500,348.0,0.95,184.291800283
4520,407.1,0.9,161.398838185
4540,367.2,0.85,153.628160746
4560,375.35,0.95,181.513318126
4580,359.2,0.9,173.417986842
4600,324.85,0.9,179.344161644
4620,377.95,0.85,157.043893056
4640,353.2,0.85,163.42291536
4660,317.65,0.85,169.509193918
4680,318.45,0.9,184.522023764
4700,343.2,0.8,166.883648848
4720,340.0,0.95,187.028083259
4740,318.0,1.0,208.324339611
4760,329.15,0.95,194.762990461
4780,353.75,0.95,181.538759583
4800,348.75,0.95,192.790982353
4820,347.8,1.0,205.391298286
4840,374.35,0.9,174.550250271
4860,352.9,1.0,209.244251813
4880,391.85,0.95,178.874461023
4900,357.35,1.0,201.342344612
4920,422.35,0.8,147.980224908
4940,408.1,0.95,179.183635763
4960,444.4,0.95,177.836143492
4980,395.75,1.0,192.388350685
5000,412.8,0.95,183.590037064
5020,405.55,1.0,201.074619681
5040,379.25,0.95,180.035099007
5060,365.6,1.0,212.040880815
5080,381.1,0.95,191.545129992
5100,363.65,0.95,190.656216168
5120,355.45,1.0,208.443576534
5140,346.2,1.0,203.349797992
5160,354.85,0.95,192.972144546
5180,342.0,0.95,188.771063314
5200,363.65,0.85,182.453487689
5220,377.7,0.95,185.788111559
5240,356.25,1.0,200.199778934
5260,333.9,0.95,196.215119578
5280,398.5,0.95,183.880148582
5300,378.9,1.0,192.769692201
5320,353.45,0.95,197.81349081
5340,392.85,0.95,175.661773505
5360,358.35,0.9,174.74282486
5380,377.1,1.0,199.881830169
5400,427.3,0.9,172.87095501
5420,364.95,0.95,199.943151394
5440,358.55,0.95,200.50216096
5460,373.95,1.0,209.204103665
5480,394.5,1.0,196.982416718
5500,381.6,1.0,201.469301703
5520,390.35,0.95,189.310816861
5540,351.85,0.95,194.594326989
5560,393.6,1.0,193.996291662
5580,346.65,0.9,183.346786087
5600,380.3,0.95,185.777856213
5620,392.05,1.0,197.482411598
5640,388.2,1.0,197.091526165
5660,370.6,0.9,178.658151836
5680,378.5,1.0,202.807749196
5700,375.5,0.95,189.491740959
5720,396.05,0.95,186.536013757
5740,362.95,0.95,191.307093334
5760,357.75,0.9,180.489659993
5780,384.35,0.8,161.718881351
5800,386.0,0.85,173.061985848
5820,361.2,1.0,207.370463692
5840,385.75,0.8,157.769311952
5860,396.55,0.9,174.776709352
5880,395.25,0.9,188.106715379
5900,337.15,0.8,155.056814568
5920,416.55,0.8,163.727297427
5940,454.2,0.8,162.673366041
5960,401.8,0.9,180.715076916
5980,345.95,0.8,148.860715056
6000,356.85,0.75,144.180906962
6020,375.0,0.75,145.867532141
6040,357.7,0.9,175.992742455
6060,427.7,0.85,177.496060283
6080,356.95,0.8,152.865842531
6100,334.0,0.6,116.429659126
6120,314.5,0.85,177.466276896
6140,328.8,0.7,144.021499673
6160,352.2,0.9,196.366424258
6180,354.85,0.9,191.902280683
6200,355.1,0.9,184.164374321
6220,392.0,0.8,150.452153971
6240,362.5,0.85,177.58473445
6260,388.0,0.8,171.454061292
6280,342.55,1.0,209.088967225
6300,382.45,0.7,141.617170732
6320,330.85,0.95,199.33799777
6340,355.85,0.9,185.171517804
6360,312.9,0.75,141.208978319
6380,420.9,0.85,191.62953403
6400,356.5,0.9,185.649510498
6420,323.7,0.95,191.550933238
6440,320.65,0.95,188.872308056
6460,355.25,0.9,175.835408587
6480,355.7,0.8,162.532225121
6500,374.0,0.8,158.495977254
6520,321.25,1.0,210.743639049
6540,340.05,0.8,154.56635592
6560,312.55,0.85,165.996104962
6580,325.2,0.9,177.197173007
6600,336.0,0.7,129.568477171
6620,301.6,0.75,141.863897914
6640,364.45,0.85,171.662306915
6660,356.85,1.0,213.338827845
6680,320.15,0.85,158.215361099
6700,349.45,0.8,167.771841939
6720,306.45,0.95,199.907960699
6740,305.7,0.9,185.711156664
6760,309.7,0.8,153.688287888
6780,352.85,0.95,188.970947348
6800,358.75,0.8,133.831475472
6820,332.3,1.0,200.416970652
6840,369.4,0.95,174.248996382
6860,338.6,0.95,187.097635387
6880,318.75,0.75,135.341303349
6900,393.75,0.95,197.48492345
6920,425.75,0.55,91.3977272862
6940,317.5,0.8,139.061895502
6960,400.65,0.85,154.319111328
6980,377.85,0.85,162.778228207
7000,337.95,0.6,98.8533967102
7020,330.6,0.95,185.847700457
7040,317.75,0.8,159.328771709
7060,387.05,1.0,186.971249523
7080,328.6,0.85,172.342418853
7100,397.05,0.9,179.362388546
7120,390.45,0.8,158.13392697
7140,415.95,0.85,155.234147281
7160,377.9,0.9,177.71338299
7180,375.05,0.95,186.903198572
7200,355.55,0.95,184.10343436
7220,345.2,1.0,195.116870651
7240,350.75,0.9,168.844408895
7260,405.2,0.9,170.595823795
7280,381.2,0.9,159.295960355
7300,364.45,0.75,132.11081725
7320,448.45,0.8,136.803672736
7340,381.3,0.9,150.806586268
7360,420.0,0.9,155.313586597
7380,454.2,0.85,136.105950369
7400,399.5,0.85,141.02646651
7420,402.4,0.8,145.743269617
7440,492.55,0.9,156.574882625
7460,532.6,0.7,85.5944835694
7480,569.7,0.75,117.044127867
7500,485.9,0.8,119.510666136
7520,563.75,0.9,151.673086797
7540,597.45,0.75,119.193283305
7560,637.5,0.55,90.3458563315
7580,564.1,0.7,93.054020758
7600,491.5,0.75,115.921418416
7620,539.65,0.75,116.265721135
7640,571.8,0.9,155.603339023
7660,587.4,0.7,126.706763501
7680,469.45,0.85,144.358694147
7700,469.95,0.75,129.828654442
7720,525.85,0.65,105.042071412
7740,497.75,0.7,112.963183245
7760,392.0,0.6,83.7532863204
7780,381.35,0.8,124.62592914
7800,411.85,0.8,117.278118288
7820,415.6,0.6,75.4876791734
7840,412.2,0.9,157.628776478
7860,426.05,0.8,131.495878898
7880,505.45,0.6,93.4667174516
7900,388.1,0.9,152.779979728
7920,423.0,0.75,118.942852248
7940,369.95,0.85,156.045150487
7960,472.25,0.8,151.758903235
7980,416.3,0.6,100.019381718
8000,467.7,0.8,155.788561335
8020,400.65,0.9,181.915164147
8040,363.85,0.85,164.574711952
8060,393.05,0.85,158.389476542
8080,403.2,0.85,175.739413614
8100,395.4,0.9,178.078144799
8120,537.2,0.75,163.156141376
8140,342.1,0.9,169.056493363
8160,350.65,0.9,177.923593358
8180,336.55,0.85,153.259472149
8200,406.0,0.85,172.32988804
8220,365.35,0.95,191.578280262
8240,372.0,1.0,195.976575529
8260,411.9,0.8,158.56516876
8280,469.8,0.9,184.574434672
8300,386.2,1.0,198.42453584
8320,399.45,0.95,187.154972602
8340,370.6,0.9,172.321185982
8360,368.3,0.8,159.889778405
8380,372.6,0.85,169.19261841
8400,391.7,0.9,185.321711272
8420,417.7,0.9,187.780744109
8440,405.3,0.7,140.618083433
8460,406.3,0.8,165.75066636
8480,344.4,0.9,178.028237384
8500,334.2,0.85,164.854886322
8520,316.95,0.8,154.13128099
8540,325.7,0.9,176.569013894
8560,363.1,0.9,167.314742204
8580,354.55,0.9,183.990226648
8600,323.25,0.75,140.95405592
8620,301.55,0.85,164.969665736
8640,316.95,0.85,167.36467486
8660,286.1,0.75,147.469555791
8680,304.15,0.9,175.843721849
8700,357.05,0.9,173.4324875
8720,303.35,0.9,174.672307755
8740,308.1,0.8,156.108590881
8760,341.65,0.7,137.684819261
8780,331.1,0.75,150.65514205
8800,317.65,0.8,158.419804507
8820,311.8,0.95,181.82407291
8840,341.95,0.65,115.190393295
8860,298.6,0.7,124.043361623
8880,359.75,0.55,103.785955519
8900,282.7,0.7,117.545424205
8920,293.95,0.7,117.61106565
8940,282.75,0.75,137.926728657
8960,355.55,0.8,137.18706895
8980,301.8,0.7,134.034638112
9000,367.3,0.65,125.113004423
9020,303.8,0.7,118.216748203
9040,295.45,0.8,130.607306972
9060,300.05,0.85,154.874155121
9080,304.05,0.55,83.5349510682
9100,316.85,0.85,150.834864156
9120,341.7,0.85,151.481344719
9140,346.6,0.9,153.463543093
9160,341.75,0.9,151.925515851
9180,395.85,0.9,161.943973663
9200,372.05,0.8,137.791030657
9220,410.9,0.8,134.991612472
9240,392.5,0.85,153.787899603
9260,467.8,0.9,165.324574663
9280,415.25,0.75,125.145347093
9300,403.85,0.95,173.899114964
9320,399.5,1.0,188.613538087
9340,433.2,0.9,165.937716743
9360,483.5,0.85,168.725602739
9380,441.15,0.9,162.268071574
9400,552.5,0.75,134.283648473
9420,468.2,0.95,170.91787503
9440,510.55,0.9,158.660139714
9460,474.5,1.0,174.382107621
9480,507.3,0.95,161.78971048
9500,524.9,0.9,152.745063863
9520,647.15,0.7,115.170930318
9540,460.95,0.85,152.21832275
9560,561.5,0.75,130.515219964
9580,490.25,0.8,118.290909437
9600,467.0,0.8,133.956864112
9620,431.45,0.9,165.59607603
9640,479.75,0.8,121.162920525
9660,441.75,0.85,146.186538727
9680,477.3,0.9,153.44508465
9700,354.55,0.8,147.57939398
9720,401.35,0.85,144.83691783
9740,436.35,0.75,122.349874228
9760,378.55,0.8,124.770041377
9780,367.05,0.85,155.728358228
9800,413.9,0.85,163.843005893
9820,374.85,0.8,142.00041508
9840,377.75,0.9,165.815442152
9860,358.45,0.95,183.233321215
9880,383.95,0.95,177.962632885
9900,364.75,0.9,169.177364873
9920,378.4,0.95,171.367796913
9940,359.9,0.85,164.414013096
9960,376.1,1.0,191.341586647
9980,434.65,0.85,149.797795007
10000,401.25,0.95,169.936385657
10020,409.35,0.85,150.354649523
10040,430.0,0.95,171.639804547
10060,443.4,1.0,180.677017946
10080,410.25,0.9,162.387417483
10100,443.6,0.95,170.960650505
10120,457.65,1.0,182.531759806
10140,457.0,0.95,172.811415427
10160,445.25,1.0,189.17551112
10180,419.0,0.95,181.708117441
10200,454.2,0.95,169.590193335
10220,436.7,1.0,182.409293871
10240,421.45,1.0,187.475156407
10260,432.25,0.85,154.211840648
10280,463.2,0.95,169.853520355
10300,430.25,0.95,170.609811906
10320,488.9,0.9,158.053023613
10340,437.9,0.95,172.880052779
10360,436.05,0.9,163.582854955
10380,446.4,1.0,183.762405708
10400,389.25,0.9,160.693401531
10420,408.9,1.0,187.975384615
10440,423.6,0.95,171.835757355
10460,432.65,0.95,172.218688419
10480,403.3,1.0,190.473190752
10500,412.85,1.0,181.916034741
10520,387.05,0.95,177.480126713
10540,386.05,0.85,155.011917463
10560,395.2,0.95,175.695108945
10580,353.4,0.9,181.445027026
10600,358.75,1.0,202.213246144
10620,372.9,0.95,187.53131644
10640,377.1,0.95,182.57656903
10660,324.6,0.8,160.872944156
10680,365.05,0.95,187.629167067
10700,357.85,1.0,206.999371268
10720,324.7,0.9,192.291397843
10740,346.3,0.85,171.636494585
10760,344.5,1.0,205.635727806
10780,349.4,0.8,153.197660046
10800,357.65,0.9,184.715838618
10820,354.7,0.9,177.64625693
10840,340.85,0.9,178.482193018
10860,353.75,0.95,192.178513667
10880,332.35,0.95,184.161856051
10900,382.3,0.85,175.463082635
10920,340.65,0.9,180.179271233
10940,379.45,0.9,184.065513339
10960,362.5,0.95,179.653260994
10980,445.1,0.85,170.280175893
11000,401.25,0.95,187.054310411
11020,435.45,0.95,178.139001881
11040,473.65,0.85,179.975629879
11060,421.25,0.9,172.790583492
11080,501.8,0.85,167.290439257
11100,456.65,0.9,171.037444631
11120,415.7,0.9,177.654120151
11140,418.7,0.95,184.226681206
11160,464.65,0.9,174.465805661
11180,433.85,0.95,199.03857835
11200,471.9,0.95,178.225430549
11220,452.65,0.95,177.777665524
11240,493.4,0.9,173.020626521
11260,458.0,0.95,180.509368314
11280,424.0,0.9,165.39997694
11300,475.65,0.95,178.820093221
11320,472.7,1.0,176.82282249
11340,483.2,1.0,188.667090989
11360,584.55,0.85,149.817747672
11380,499.05,1.0,171.179843008
11400,519.4,1.0,164.706602121
11420,544.5,0.95,167.950671908
11440,599.15,0.9,141.13726118
11460,610.6,0.8,127.426724743
11480,642.3,0.85,144.93792518
11500,586.15,0.9,140.085440827
11520,568.05,0.9,151.257801307
11540,617.4,0.75,115.914784753
11560,586.85,0.8,136.582236078
11580,573.9,0.85,145.0319322
11600,547.5,0.9,166.41509803
11620,582.45,0.9,139.770296817
11640,508.05,1.0,170.598462672
11660,510.25,0.95,173.100785795
11680,582.9,0.85,148.450818425
11700,540.55,0.95,156.559022608
11720,564.85,0.95,160.126884554
11740,583.45,0.85,149.811938209
11760,489.0,1.0,166.974317799
11780,485.1,1.0,171.62505913
11800,522.3,0.85,146.796147472
11820,557.9,0.9,157.826731889
11840,546.7,0.85,152.026502265
11860,599.95,0.8,146.12390462
11880,538.5,0.85,147.916308718
11900,537.7,0.85,132.826084383
11920,575.75,0.65,102.548674258
11940,540.75,0.85,152.03050321
11960,462.7,0.9,160.156485858
11980,465.7,0.85,144.394885924
12000,542.35,0.75,136.651773786
12020,478.9,1.0,181.268046439
12040,475.1,0.7,125.191953317
12060,427.35,0.85,153.900893315
12080,443.85,0.95,174.166376101
12100,442.35,0.85,159.584366415
12120,505.7,0.7,132.872562865
12140,438.15,0.85,149.067777244
12160,455.6,0.95,178.737382921
12180,395.35,0.95,181.17536473
12200,406.05,0.95,180.629351946
12220,428.45,0.9,178.29233872
12240,431.85,0.9,177.198873888
12260,434.7,0.9,179.785643412
12280,410.7,0.9,166.024295572
12300,414.0,0.95,192.397831748
12320,439.35,0.9,174.857599338
12340,408.4,0.85,162.551312225
12360,405.9,0.75,142.332082511
12380,390.6,0.95,189.013029374
12400,427.1,0.95,192.453905555
12420,374.55,1.0,194.611606033
12440,402.65,0.85,172.615567665
12460,390.95,0.95,182.673919862
12480,419.95,0.8,169.157093434
12500,407.95,0.85,179.061336043
12520,365.45,0.95,186.747562296
12540,437.15,0.8,166.295394792
12560,396.9,0.95,185.998515834
12580,408.55,0.75,138.591498604
12600,373.9,0.8,147.711605543
12620,399.7,0.8,160.238463714
12640,428.8,0.85,177.016389279
12660,390.7,0.9,176.929510084
12680,362.4,0.95,191.994000577
12700,368.85,0.8,150.79458664
12720,392.3,0.85,165.902611483
12740,394.1,0.85,171.429822782
12760,364.05,0.95,181.348335035
12780,398.65,0.85,161.575940225
12800,378.35,0.75,141.460132501
12820,396.45,0.85,171.73877381
12840,369.35,0.95,181.189666132
12860,376.1,0.85,172.623708844
12880,377.6,0.9,188.45940391
12900,387.7,0.95,192.395792952
12920,343.5,0.95,188.753278938
12940,405.15,0.95,172.60147394
12960,353.55,1.0,203.856804234
12980,363.1,0.85,167.383091167
13000,369.85,1.0,190.443410753
13020,356.15,0.85,151.937719142
13040,381.0,0.75,133.302003391
13060,381.35,0.9,176.882705918
13080,377.6,0.8,138.49150338
13100,420.15,0.75,129.880121153
13120,357.35,0.85,148.966280639
13140,351.0,0.9,171.110369418
13160,379.05,0.5,70.8330920092
13180,340.0,0.8,140.442720162
13200,334.7,0.75,116.771441165
13220,374.5,0.85,162.246450904
13240,358.6,0.9,159.773501079
13260,362.35,0.85,142.18584609
13280,351.65,0.7,117.272886388
13300,400.4,0.85,148.895217463
13320,386.45,0.95,174.837402432
13340,363.1,0.75,119.581587345
13360,358.15,0.7,109.661198624
13380,391.85,0.85,146.126538998
13400,384.9,0.9,159.06989108
13420,382.3,0.85,146.463839246
13440,395.9,0.9,153.176805206
13460,359.6,0.8,133.83993729
13480,363.75,0.85,142.739715853
13500,403.3,0.7,97.8193298169
13520,476.85,0.9,158.236974082
13540,450.7,0.6,72.405662166
13560,427.55,0.7,86.1429043629
13580,465.9,0.8,100.044898699
13600,449.45,0.65,72.1481355896
13620,464.8,0.75,90.5619192659
13640,492.75,0.85,111.874632674
13660,470.75,0.7,92.1306786771
13680,448.1,0.7,83.3121305373
13700,483.4,0.75,122.173221865
13720,583.55,0.7,88.9780141759
13740,548.75,0.7,87.8343498605
13760,438.45,0.6,80.4616626362
13780,518.05,0.8,106.659702267
13800,544.85,0.9,133.04288753
13820,512.5,0.6,57.4010291491
13840,467.05,0.9,126.959690427
13860,470.6,0.9,123.231201433
13880,482.95,0.65,85.1379546291
13900,540.4,0.8,125.035667619
13920,435.05,0.9,161.241104988
13940,483.35,0.8,132.026839855
13960,466.2,0.95,153.407786969
13980,459.8,0.75,125.108790623
14000,463.15,0.85,158.033529854
14020,494.65,0.8,149.191224232
14040,405.25,0.95,179.577742675
14060,361.95,1.0,194.994058324
14080,404.75,0.9,178.01512648
14100,365.65,0.85,153.35634423
14120,446.6,0.8,154.337137429
14140,417.75,0.9,180.139953238
14160,449.45,0.8,145.477302437
14180,421.15,0.95,177.071889326
14200,450.5,0.85,165.758689974
14220,446.5,0.9,177.341707666
14240,448.85,0.8,154.179157627
14260,505.5,0.8,161.452481543
14280,407.25,0.95,177.54892341
14300,412.75,0.95,171.697153088
14320,377.95,1.0,189.754235947
14340,541.45,0.75,142.43013045
14360,387.5,0.9,165.455245591
14380,441.35,0.9,175.943146325
14400,418.75,0.95,181.584760356
14420,453.95,0.9,173.474165153
14440,450.25,0.7,127.329209598
14460,473.3,0.65,116.920203055
14480,369.9,0.85,142.353985388
14500,387.05,0.9,151.260905912
14520,505.75,0.75,141.32259217
14540,488.15,0.85,156.857274196
14560,480.85,0.8,146.105508848
14580,476.85,0.85,162.222032155
14600,468.75,0.75,114.054861301
14620,422.95,0.95,180.4790043
14640,483.15,0.75,133.938681285
14660,511.8,0.7,139.547770518
14680,483.85,0.85,143.692361512
14700,503.4,0.75,135.474796657
14720,524.75,0.75,159.442207426
14740,513.75,0.65,113.409269235
14760,465.1,0.85,152.573501372
14780,477.3,0.85,162.889296798
14800,442.75,0.8,144.977661844
14820,453.15,0.8,144.798371802
14840,443.8,0.8,152.093109367
14860,435.9,0.8,148.850197716
14880,417.45,0.85,170.266591024
14900,382.65,0.8,148.391464366
14920,459.75,0.75,153.926638631
14940,432.35,0.85,164.886729418
14960,453.9,0.95,194.525879076
14980,397.8,0.85,169.891143328
15000,370.55,0.8,156.020031191
15020,403.15,0.85,176.127771902
15040,344.15,0.95,192.469454148
15060,344.85,0.95,185.070601756
15080,308.05,0.75,122.75334551
15100,444.85,0.75,162.270708419
15120,328.45,0.95,189.268099255
15140,373.1,0.75,152.713959555
15160,358.9,0.8,149.651268337
15180,374.0,0.65,109.379470858
15200,420.7,0.8,157.744697606
15220,332.55,0.95,189.173791958
15240,320.5,0.85,164.259390255
15260,350.2,0.65,129.594593055
15280,482.45,0.75,164.265120225
15300,357.75,0.9,173.596154344
15320,377.95,0.7,137.999509304
15340,382.65,0.9,179.747223104
15360,381.6,0.75,151.758778117
15380,406.35,0.8,168.157608607
15400,320.05,0.8,153.928174862
15420,366.15,0.75,142.074513428
15440,455.2,0.65,128.771094221
15460,371.1,0.8,164.199083098
15480,356.15,0.7,127.400245364
15500,432.5,0.85,167.39068617
15520,358.55,0.8,162.47899769
15540,367.25,0.85,164.712771289
15560,360.25,0.8,157.245843012
15580,401.85,0.8,160.505333044
15600,340.25,0.8,152.959400278
15620,350.9,0.8,154.206884244
15640,340.8,0.75,136.617790014
15660,347.75,0.8,138.782813194
15680,317.3,0.9,168.014742963
15700,308.6,0.85,168.484744165
15720,295.15,0.75,136.822261534
15740,341.8,0.95,183.487047604
15760,350.7,0.7,131.613495406
15780,440.5,0.75,156.915858754
15800,346.45,0.8,165.196801231
15820,298.95,0.85,168.278624134
15840,415.45,0.7,129.387054283
15860,312.1,0.85,164.13476178
15880,529.45,0.8,168.21202826
15900,420.05,0.8,149.944608037
15920,417.65,0.85,157.894397243
15940,366.7,0.9,166.249730299
15960,375.55,0.95,192.465609382
15980,494.1,0.65,125.798770117
16000,376.95,0.65,127.543462152
16020,422.75,0.8,154.56193878
16040,344.2,0.8,147.629857011
16060,383.25,0.75,137.760214029
16080,384.9,0.9,184.042450922
16100,388.25,0.75,142.071531489
16120,342.95,0.85,172.625672633
16140,439.85,0.85,169.98989068
16160,359.05,0.8,152.188145178
16180,323.45,0.7,130.703933291
16200,434.6,0.6,121.084387741
16220,335.2,0.8,152.371557072
16240,433.35,0.6,119.415847047
16260,301.0,0.9,172.187553341
16280,392.05,0.7,131.979033965
16300,391.5,0.85,167.90848934
16320,328.0,0.85,169.027143053
16340,372.55,0.9,194.673115305
16360,332.05,0.95,180.554177288
16380,305.25,0.95,196.780205105
16400,314.05,0.95,184.316857242
16420,416.05,0.8,174.676045905
16440,407.0,0.7,148.885610985
16460,341.45,0.9,190.876689257
16480,339.1,0.9,185.169603485
16500,295.2,1.0,203.769795818
16520,472.25,0.75,167.893745293
16540,328.35,0.85,172.522579412
16560,379.15,0.75,158.720429581
16580,367.95,0.8,176.525749963
16600,348.9,0.75,153.257729994
16620,316.95,0.85,161.758715902
16640,357.95,0.95,198.072858071
16660,390.9,0.85,184.331792961
16680,368.8,0.9,187.953547325
16700,312.95,0.85,165.688175739
16720,408.5,0.85,186.574055526
16740,366.15,0.85,168.028996052
16760,374.8,0.95,184.684025573
16780,369.4,0.85,168.888495268
16800,352.0,1.0,202.626019666
16820,430.0,0.9,189.709121638
16840,431.5,0.85,170.840402229
16860,411.65,0.95,187.940356116
16880,408.0,0.9,169.669092227
16900,374.35,1.0,195.942948476
16920,406.75,0.9,178.187960337
16940,397.95,0.9,172.813615171
16960,401.8,0.9,178.799018031
16980,413.15,0.95,190.113583956
17000,497.85,0.9,173.135885988
17020,390.85,0.9,175.183411232
17040,365.9,1.0,201.089488001
17060,387.5,0.8,154.598026566
17080,471.35,0.85,171.443587458
17100,383.2,0.9,187.651567925
17120,334.85,1.0,201.846336592
17140,407.55,0.9,193.043923356
17160,325.1,0.85,169.964227906
17180,389.85,0.95,195.559842012
17200,429.4,0.7,145.941734773
17220,367.15,0.9,185.91862635
17240,367.05,0.85,173.225827334
17260,373.7,0.85,170.030837694
17280,420.7,0.75,166.470509849
17300,442.5,0.8,177.107930737
17320,396.45,0.8,164.362210598
17340,441.8,0.85,177.677455332
17360,358.0,0.85,170.116584894
17380,500.35,0.75,174.184637989
17400,407.1,0.9,179.444210233
17420,391.2,0.9,188.664389334
17440,497.65,0.8,168.663139425
17460,325.7,0.9,178.293920558
17480,335.85,0.85,161.609448402
17500,473.25,0.8,172.0348414
17520,364.85,0.95,187.332230666
17540,415.85,0.8,178.878283942
17560,422.55,0.8,148.535537184
17580,323.3,0.85,155.980905273
17600,302.05,0.8,162.966166414
17620,368.15,0.85,174.45248694
17640,402.05,0.8,169.246867539
17660,424.2,0.8,171.659520162
17680,347.15,0.9,185.134291088
17700,351.2,0.85,172.725503388
17720,389.0,0.7,137.678400523
17740,398.6,0.75,160.546070458
17760,488.1,0.65,145.906918845
17780,336.5,0.75,151.285072554
17800,383.85,0.85,185.225347767
17820,317.75,1.0,205.020765092
17840,315.25,0.95,192.038645517
17860,421.35,0.85,179.054270701
17880,361.0,0.85,166.268827077
17900,297.65,0.8,164.050766798
17920,423.8,0.8,176.46894679
17940,314.65,0.95,187.943017582
17960,391.1,0.9,186.207662794
17980,306.6,0.75,142.672850218
18000,342.3,1.0,195.238869655
18020,402.0,0.85,171.365974606
18040,395.25,0.75,160.734929642
18060,334.2,0.95,189.134672276
18080,452.75,0.7,149.075562938
18100,411.5,0.8,154.023991429
18120,414.9,0.75,147.452299958
18140,428.0,0.8,168.032853337
18160,417.25,0.9,184.180325527
18180,343.7,0.95,181.587572601
18200,435.65,0.75,153.278057093
18220,395.75,0.9,172.21758395
18240,494.95,0.8,170.419978111
18260,453.45,0.9,182.683124601
18280,383.6,0.9,181.290896855
18300,369.65,0.95,171.121061858
18320,452.7,0.85,183.475822488
18340,432.85,0.9,189.033702733
18360,401.7,0.9,179.676157586
18380,343.8,0.9,178.758687092
18400,421.65,0.9,179.456914656
18420,373.15,0.85,169.356432533
18440,336.15,0.85,168.117625843
18460,394.45,0.95,195.457720994
18480,416.8,0.95,194.488964716
18500,399.5,0.95,187.333978448
18520,368.55,0.85,172.083384131
18540,400.6,0.95,190.125839124
18560,391.75,0.9,176.881329449
18580,462.7,0.85,183.166095226
18600,394.45,0.75,152.600611703
18620,431.65,0.7,142.470843469
18640,435.55,0.8,168.863972091
18660,435.85,0.8,158.548989315
18680,443.9,0.9,187.000207153
18700,431.8,0.8,181.380623202
18720,394.8,0.75,157.079710576
18740,367.7,0.85,168.75570178
18760,391.9,0.9,174.877284051
18780,324.6,0.95,192.359813543
18800,367.35,0.9,189.278765783
18820,392.4,0.85,174.305221402
18840,420.45,0.8,166.896142966
18860,414.2,0.75,167.094526334
18880,328.75,0.75,144.535772911
18900,430.75,0.7,153.874730787
18920,353.7,0.85,172.164607807
18940,354.15,0.9,186.607382614
18960,304.25,0.85,165.66083136
18980,363.0,0.65,129.241510189
19000,328.7,0.75,154.641308242
19020,348.95,0.75,156.082688782
19040,319.05,0.75,156.022932711
19060,328.85,0.7,143.158828976
19080,371.95,0.7,141.838608122
19100,359.3,0.6,114.143399019
19120,309.95,0.85,159.579516716
19140,348.2,0.85,167.896755077
19160,394.3,0.85,175.983783141
19180,308.65,0.9,173.168847664
19200,340.45,0.85,172.260297374
19220,384.9,0.7,136.009984277
19240,332.45,0.7,127.717414015
19260,355.9,0.9,171.661388096
19280,318.0,0.65,118.77976226
19300,280.1,0.75,138.931611272
19320,342.4,0.95,177.798176749
19340,394.65,0.75,156.603143474
19360,371.05,0.75,149.615748989
19380,296.8,0.85,148.451339891
19400,323.8,0.7,133.853283762
19420,341.55,0.8,153.366471534
19440,290.35,0.8,140.586819263
19460,416.45,0.75,152.170332937
19480,352.55,0.7,130.625190521
19500,388.25,0.8,158.179651737
19520,512.7,0.6,128.560372249
19540,382.55,0.7,130.989500123
19560,424.6,0.65,127.141686913
19580,424.1,0.6,125.647010218
19600,427.65,0.75,139.983907327
19620,403.05,0.8,150.622845876
19640,408.25,0.8,152.212053901
19660,385.8,0.8,150.833625416
19680,407.4,0.9,182.226385283
19700,357.15,0.95,185.530515607
19720,421.8,0.85,157.953113472
19740,357.65,0.95,175.097942856
19760,398.2,1.0,191.385369002
19780,532.9,0.8,157.489377987
19800,405.35,0.85,154.698715731
19820,439.15,0.9,168.866521786
19840,422.4,0.9,168.912502067
19860,480.0,0.9,173.105108413
19880,427.95,0.95,188.447313186
19900,476.05,0.8,156.405952196
19920,410.85,1.0,186.830550617
19940,426.2,1.0,184.826657613
19960,439.15,0.85,147.680000771
19980,449.15,0.95,181.563633445
20000,438.45,1.0,188.85792634
20020,456.1,0.9,170.882548213
20040,469.25,1.0,189.181648189
20060,431.9,1.0,181.265260036
20080,427.5,1.0,190.224940039
20100,430.55,1.0,188.199900924
20120,463.7,0.85,154.005018664
20140,455.45,0.9,169.543836053
20160,435.2,1.0,186.923458944
20180,481.0,1.0,176.892039096
20200,462.4,0.95,180.539861897
20220,436.2,1.0,187.712840882
20240,448.4,0.95,162.437809834
20260,428.65,1.0,186.660469787
20280,493.6,0.95,177.617869852
20300,438.75,0.9,175.132759866
20320,403.15,1.0,201.654409874
20340,428.4,0.85,147.189390647
20360,489.8,0.85,166.072131346
20380,398.05,0.95,181.12007023
20400,421.35,1.0,187.286176456
20420,450.85,0.85,154.323521421
20440,435.55,0.8,125.901703625
20460,426.75,0.9,161.084730546
20480,442.05,0.9,177.546635588
20500,387.7,0.9,163.945088042
20520,422.0,0.75,125.32351959
20540,351.8,0.75,133.108434652
20560,427.9,0.8,144.742376659
20580,402.0,0.95,174.58974458
20600,377.3,0.75,109.482913124
20620,451.6,0.9,162.540255903
20640,411.3,0.8,134.206927279
20660,323.45,0.7,120.958771845
20680,373.7,0.85,143.574244114
20700,444.1,0.65,114.208801407
20720,395.5,0.85,146.725913663
20740,353.25,0.9,170.527293975
20760,349.4,0.7,108.597736111
20780,360.15,0.85,159.633497813
20800,397.15,0.75,129.222803172
20820,396.95,0.85,148.097869088
20840,346.3,0.7,106.377354935
20860,505.55,0.7,138.711115437
20880,426.15,0.8,153.29449364
20900,358.3,0.95,177.797792714
20920,383.6,0.75,132.433250108
20940,460.45,0.6,107.851163967
20960,490.5,0.6,100.382790526
20980,412.9,0.75,136.149884221
21000,425.55,0.8,153.791189726
21020,346.5,0.75,124.613255545
21040,398.55,0.75,122.352684847
21060,386.05,0.75,123.200697145
21080,499.05,0.65,123.240704174
21100,439.3,0.7,121.017821024
21120,456.8,0.85,173.811525549
21140,466.3,0.65,110.853485228
21160,426.85,0.85,152.588242942
21180,427.65,0.7,124.006914717
21200,416.0,0.7,121.635929945
21220,393.75,0.9,168.022848972
21240,433.45,0.85,148.923565611
21260,352.05,0.8,125.200464922
21280,376.85,0.8,127.726450542
21300,395.95,0.9,167.080954934
21320,367.65,0.8,127.420876021
21340,434.0,0.8,145.163482657
21360,384.25,0.95,166.451620996
21380,434.5,0.7,111.359156653
21400,368.45,0.9,153.577829155
21420,461.6,0.9,154.283627488
21440,403.6,0.7,126.549727892
21460,358.7,0.65,95.6980003621
21480,385.3,0.85,161.984200881
21500,349.95,0.8,139.358703826
21520,344.15,0.8,142.273516388
21540,374.55,0.65,93.8541505351
21560,442.6,0.9,164.50524837
21580,350.4,0.9,165.183089945
21600,338.2,0.85,148.918382725
21620,385.6,0.65,106.341063104
21640,393.25,0.85,155.748626605
21660,386.45,0.8,150.251251283
21680,348.8,0.8,141.885116311
21700,382.05,0.9,164.653140741
21720,386.3,0.65,113.426660827
21740,375.15,0.8,134.480437927
21760,466.1,0.85,165.080607583
21780,412.35,0.8,140.136329558
21800,462.6,0.7,123.861717914
21820,465.55,0.75,148.262419527
21840,434.35,0.9,166.824686835
21860,447.1,0.8,158.058535497
21880,469.35,0.8,152.999177468
21900,493.05,0.8,154.464004081
21920,420.8,0.85,160.128771148
21940,379.9,0.9,166.471397044
21960,424.75,0.9,165.973258327
21980,430.1,0.95,175.026011969
22000,376.8,0.8,147.69594808
22020,468.65,0.75,131.950511787
22040,386.3,0.8,129.591595321
22060,396.45,0.65,98.7581910875
22080,390.8,0.85,164.967807272
22100,373.05,0.85,160.274173093
22120,450.6,0.7,139.515416063
22140,416.95,0.7,135.891682022
22160,435.55,0.8,146.345229045
22180,362.1,0.8,137.672295218
22200,362.95,0.9,162.859722466
22220,382.0,0.9,163.592337687
22240,358.85,0.95,183.932155561
22260,390.4,0.75,136.976429483
22280,446.0,0.75,139.90769098
22300,367.1,0.75,140.664742822
22320,358.25,0.8,158.01171348
22340,422.45,0.75,137.908703093
22360,446.3,0.75,160.642569371
22380,379.75,0.85,160.613179921
22400,354.65,1.0,196.928997785
22420,380.3,0.95,181.898788031
22440,404.0,0.85,166.197047326
22460,415.05,0.7,129.420188778
22480,393.25,0.85,157.725036002
22500,366.4,1.0,201.170442613
22520,366.15,0.9,171.963873232
22540,453.3,0.85,164.68553807
22560,345.55,0.8,156.769128473
22580,355.95,1.0,188.434140829
22600,426.4,0.85,162.906969943
22620,425.2,0.8,148.711936021
22640,420.65,0.8,150.631744558
22660,342.85,0.9,169.080487317
22680,349.0,0.95,186.704918613
22700,503.3,0.75,158.664454375
22720,370.35,0.8,146.836730338
22740,354.35,0.95,183.554876436
22760,436.95,0.9,180.556915122
22780,392.45,0.75,145.239764102
22800,369.85,0.95,187.978721935
22820,351.55,0.9,167.31591566
22840,401.2,0.8,151.937617929
22860,407.75,0.85,165.166132514
22880,423.4,0.9,170.302700796
22900,369.9,0.9,167.798901821
22920,408.95,0.9,181.138238991
22940,451.9,0.7,136.808348356
22960,378.3,0.85,159.756382658
22980,410.0,0.9,180.03967571
23000,464.5,0.7,137.447878284
23020,353.65,0.95,178.285962589
23040,456.45,0.85,172.492892389
23060,433.75,0.85,180.707813956
23080,431.35,0.85,161.705117598
23100,396.9,0.9,169.853991762
23120,425.85,0.9,177.841114842
23140,337.2,0.95,182.33050816
23160,398.95,0.8,161.021124162
23180,409.75,0.75,151.792018264
23200,359.65,0.85,173.166022753
23220,339.95,0.85,161.199592069
23240,339.2,1.0,194.387062666
23260,378.05,0.8,165.449446306
23280,412.45,0.8,156.43178318
23300,366.7,0.9,191.35753168
23320,495.85,0.6,132.959947793
23340,326.75,1.0,212.369885231
23360,319.7,0.85,173.171618844
23380,351.95,1.0,194.775185263
23400,319.7,0.9,180.1730987
23420,330.2,0.95,190.90802894
23440,352.15,0.85,172.556725961
23460,397.5,0.85,172.107798245
23480,364.75,0.95,197.112796997
23500,336.0,0.95,203.853421108
23520,334.0,1.0,190.994451277
23540,398.75,0.85,175.400342882
23560,350.45,0.9,182.989300309
23580,357.35,0.9,163.205551773
23600,442.2,0.85,178.523106237
23620,363.95,0.85,166.00250832
23640,408.3,0.85,172.208751929
23660,357.3,0.9,176.111499217
23680,350.75,0.95,181.702162768
23700,431.15,0.75,148.004218725
23720,357.6,1.0,194.276342327
23740,431.35,0.9,180.827780218
23760,484.9,0.8,155.25528188
23780,433.6,0.85,168.288946475
23800,495.35,0.8,159.684698497
23820,386.6,0.75,133.077139281
23840,376.6,0.95,169.766233379
23860,475.4,0.85,149.505750962
23880,382.75,0.95,172.083857304
23900,450.1,0.8,145.965452281
23920,437.55,0.8,154.630806159
23940,627.65,0.65,139.507496386
23960,537.7,0.8,153.695710958
23980,466.7,0.95,184.011881722
24000,429.8,0.85,149.387796477
24020,468.5,0.9,159.166733352
24040,466.0,0.75,134.075453995
24060,489.5,0.9,164.752856412
24080,583.8,0.75,155.235047536
24100,422.6,0.9,151.417175108
24120,472.15,0.9,160.508081953
24140,420.0,0.85,141.541890684
24160,616.35,0.8,150.143104005
24180,531.5,0.8,146.576502809
24200,472.15,0.9,167.700727079
24220,531.35,0.8,162.495605559
24240,494.85,0.85,159.469465302
24260,430.55,0.95,177.383851897
24280,451.4,0.75,133.383346532
24300,471.5,0.9,179.073996866
24320,394.45,1.0,186.884854605
24340,442.25,0.95,184.592927142
24360,505.9,0.85,176.152679636
24380,453.9,0.95,179.281734179
24400,407.15,0.95,180.676095648
24420,427.0,1.0,188.398229283
24440,462.75,0.95,184.624699348
24460,428.9,1.0,198.454420721
24480,403.55,0.9,166.494029415
24500,434.5,1.0,183.039915452
24520,441.9,0.95,182.849949835
24540,434.95,1.0,191.613841011
24560,439.6,0.95,183.847363946
24580,436.55,1.0,191.383934092
24600,395.95,1.0,188.758609863
24620,391.65,0.95,178.249714072
24640,388.55,0.95,187.097336148
24660,404.6,1.0,198.702292081
24680,429.35,0.95,188.909271116
24700,404.9,0.95,184.692374458
24720,399.45,0.95,173.735214695
24740,409.35,0.9,174.254207214
24760,381.2,1.0,193.443235632
24780,401.6,0.85,163.117761059
24800,383.75,0.95,191.24439212
24820,384.75,0.95,200.695024212
24840,354.15,0.95,192.191372142
24860,401.2,0.8,150.626624764
24880,381.3,0.95,195.742961541
24900,356.05,1.0,193.727045116
24920,373.5,0.95,198.623821507
24940,330.25,0.9,182.46289925
24960,339.4,0.8,156.914942633
24980,333.85,0.85,168.430510285
25000,366.05,0.8,147.948003618
25020,323.85,0.95,191.48174373
25040,330.7,0.95,183.969663041
25060,340.1,0.85,156.642341527
25080,349.6,0.9,176.391621047
25100,375.65,0.95,199.380202779
25120,328.3,0.95,196.376147249
25140,326.95,0.95,190.699231402
25160,398.5,0.9,180.596425346
25180,402.85,0.8,168.765112355
25200,371.75,0.8,161.579611052
25220,348.15,0.85,172.656094495
25240,354.5,0.85,177.428531161
25260,349.6,0.8,167.020213113
25280,364.75,0.8,170.197679653
25300,311.0,0.75,152.032074329
25320,377.3,0.85,178.509401607
25340,313.7,0.95,199.50514438
25360,322.25,0.9,176.986858541
25380,348.75,0.8,159.700779078
25400,363.25,0.75,150.398627516
25420,363.2,0.95,200.473437292
25440,405.95,0.9,180.734221512
25460,401.9,0.9,190.029230966
25480,373.75,0.8,168.064479875
25500,368.05,0.9,192.297411902
25520,300.6,0.85,168.989601812
25540,406.35,0.8,173.548596166
25560,305.65,0.85,166.09539576
25580,308.15,0.95,194.913637716
25600,343.8,1.0,204.288804678
25620,355.45,0.75,145.148332077
25640,301.3,0.85,166.29141616
25660,355.7,0.85,174.771824942
25680,377.2,0.95,203.101593995
25700,349.2,0.85,175.862709756
25720,342.55,0.85,175.083318258
25740,363.15,0.8,162.448930228
25760,323.6,0.9,183.365505533
25780,395.2,0.8,176.330184935
25800,355.8,0.85,178.727031057
25820,352.35,0.9,187.312363346
25840,330.65,0.75,158.21842552
25860,319.6,0.9,178.111380231
25880,369.1,0.9,175.78889757
25900,395.1,0.75,162.573532408
25920,366.35,0.85,171.63302246
25940,346.05,0.95,183.928729546
25960,362.5,0.9,182.706080377
25980,326.1,0.9,184.243119657
26000,368.85,0.85,167.703563068
26020,355.25,0.9,181.968520717
26040,386.6,0.9,181.857159309
26060,339.8,1.0,208.057851924
26080,335.1,0.95,187.746685624
26100,348.55,0.8,166.056160007
26120,380.8,0.75,144.617209921
26140,341.65,0.9,187.844182729
26160,368.95,0.95,196.984730761
26180,359.15,0.95,176.843523083
26200,338.8,0.85,170.906468882
26220,365.55,0.95,191.190965782
26240,315.8,0.95,186.275879375
26260,361.85,0.95,195.169665138
26280,362.55,0.95,183.011069134
26300,425.6,0.85,179.916381691
26320,328.55,0.95,193.33504117
26340,449.8,0.75,160.182493324
26360,321.45,0.95,189.593018671
26380,354.0,1.0,201.434574311
26400,409.65,0.9,194.284997989
26420,379.05,0.75,153.406459521
26440,377.25,0.9,191.392561473
26460,380.5,0.95,196.051607096
26480,531.1,0.7,151.893078713
26500,379.35,0.9,185.064333673
26520,397.55,0.9,185.569040696
26540,371.05,0.95,201.672305452
26560,372.9,0.95,198.167111884
26580,369.65,0.95,186.532598668
26600,368.95,0.9,185.1535614
26620,373.1,0.95,195.318142483
26640,332.3,0.9,179.555368025
26660,347.85,1.0,211.588561112
26680,358.4,0.85,172.525363327
26700,390.8,0.95,189.532059941
26720,338.7,0.95,187.164099973
26740,435.6,0.8,176.695987549
26760,420.6,0.95,185.387136735
26780,339.8,0.95,189.447550563
26800,326.1,0.85,174.639678668
26820,417.3,0.85,175.886469355
26840,335.9,0.9,173.565582251
26860,338.8,1.0,200.688572082
26880,336.95,0.95,185.90057053
26900,338.8,0.85,150.474769854
26920,374.5,0.95,187.96455194
26940,369.05,0.85,173.311363295
26960,328.35,0.9,178.303303016
26980,377.95,0.95,176.852572236
27000,360.65,0.75,139.206748452
27020,399.3,0.75,149.292505938
27040,386.85,0.9,172.349145714
27060,341.8,0.75,129.831497585
27080,395.1,0.8,147.579003137
27100,350.65,0.85,151.909084853
27120,409.4,0.95,181.764206495
27140,466.9,0.8,154.207621379
27160,374.5,0.95,172.416157369
27180,409.1,0.75,131.512122001
27200,372.85,0.95,176.998391644
27220,439.65,0.8,153.587089845
27240,460.65,0.75,129.21580283
27260,365.8,0.9,160.136807027
27280,468.55,0.8,165.636150197
27300,409.1,0.85,162.716298053
27320,351.65,0.85,163.214176348
27340,410.35,0.8,147.958978522
27360,427.9,0.95,181.347772516
27380,412.1,0.95,173.926728763
27400,437.05,0.8,157.084377943
27420,402.5,0.85,165.174579221
27440,344.5,0.85,160.98670032
27460,410.8,0.9,166.159909316
27480,390.85,0.85,139.91163935
27500,368.9,0.75,123.274066139
27520,380.1,0.85,171.087619841
27540,399.55,0.85,165.276771856
27560,356.6,0.95,171.667239852
27580,441.3,0.7,126.925702021
27600,425.4,0.9,187.32835835
27620,448.25,0.9,178.146745551
27640,368.7,0.95,175.314890768
27660,373.5,0.9,163.639515543
27680,390.35,0.9,181.577125512
27700,389.4,0.9,160.258910432
27720,367.65,0.85,154.045241995
27740,412.1,0.8,166.092073505
27760,371.85,0.85,158.698910297
27780,457.65,0.7,148.718607089
27800,395.25,0.75,156.084155913
27820,363.95,0.9,173.079185187
27840,402.6,0.9,180.468054855
27860,423.65,0.9,181.719876177
27880,401.55,0.95,193.248112031
27900,375.3,0.95,183.036254325
27920,373.5,0.95,173.069726741
27940,430.15,0.9,174.403907028
27960,512.95,0.85,163.647095133
27980,396.5,0.9,176.85100814
28000,436.2,0.85,164.190136207
28020,422.3,0.9,170.952748843
28040,356.55,0.85,158.706037179
28060,421.05,0.95,172.640213549
28080,359.65,0.9,167.527581172
28100,415.65,0.85,164.889965199
28120,479.6,0.8,168.082632267
28140,400.05,1.0,197.454896581
28160,377.4,0.95,202.087027326
28180,456.25,0.9,179.903643055
28200,368.4,0.85,168.044640887
28220,382.0,0.85,173.349301911
28240,381.25,0.95,180.348484613
28260,422.5,0.9,161.166470541
28280,449.2,0.95,170.397410467
28300,471.3,0.8,145.287978275
28320,418.35,1.0,168.994968365
28340,392.85,0.85,163.253170627
28360,382.3,0.9,181.127988978
28380,363.75,1.0,200.166077789
28400,388.15,0.9,160.83514491
28420,410.8,0.75,128.515250747
28440,411.25,0.8,143.03227759
28460,375.3,0.85,151.597264322
28480,386.55,0.95,179.513312541
28500,466.6,0.8,155.205760967
28520,407.85,1.0,185.482022819
28540,420.55,1.0,191.86857488
28560,405.9,0.95,183.536382766
28580,387.9,1.0,194.808552773
28600,391.1,1.0,192.757383782
28620,411.8,0.95,188.304670359
28640,409.35,1.0,181.718937801
28660,448.65,0.9,185.545971391
28680,397.05,0.95,173.140063231
28700,456.85,0.9,177.362717558
28720,406.0,1.0,190.100712624
28740,454.65,0.95,187.279175913
28760,412.8,0.95,173.520486662
28780,420.75,1.0,192.772076642
28800,559.8,0.75,162.38880649
28820,452.85,0.85,163.054805646
28840,437.35,0.95,183.543370868
28860,434.7,0.9,178.864117159
28880,399.55,1.0,190.815851131
28900,397.55,0.95,187.093548942
28920,416.8,0.9,155.081012137
28940,420.1,0.95,183.727711182
28960,481.5,0.8,167.467989694
28980,437.05,0.9,157.719574751
29000,538.3,0.85,161.33252335
29020,518.4,0.8,157.323098268
29040,462.5,0.9,172.038010451
29060,400.75,0.95,167.030978144
29080,460.55,0.9,161.343677291
29100,529.0,0.8,146.378878018
29120,493.6,0.75,140.752817607
29140,488.2,0.8,158.846357411
29160,488.15,0.8,152.287948276
29180,414.6,0.8,141.265534335
29200,492.75,0.85,164.055511128
29220,484.75,0.8,148.06012411
29240,474.6,0.85,157.03905589
29260,424.85,0.85,176.239374644
29280,430.2,0.9,184.123945318
29300,386.7,1.0,206.773972319
29320,375.35,0.95,181.746430017
29340,401.85,0.95,183.146889381
29360,430.7,0.85,162.97537201
29380,346.1,0.9,176.361838004
29400,399.7,0.85,170.365890566
29420,442.0,0.75,153.642252372
29440,374.95,0.85,167.057975312
29460,404.85,0.8,169.407384716
29480,381.0,0.9,180.215955679
29500,420.3,0.9,182.955319964
29520,391.8,0.85,160.938865045
29540,390.2,0.75,157.300529269
29560,420.7,0.85,176.68203242
29580,343.35,0.85,146.952545247
29600,407.8,0.8,163.202121455
29620,407.4,0.85,173.008357208
29640,366.05,0.85,162.975841047
29660,399.65,0.7,144.218700592
29680,421.9,0.85,164.08150611
29700,373.3,0.8,159.619182854
29720,391.4,0.8,145.64494911
29740,380.45,0.8,134.092035388
29760,363.05,0.8,157.897904079
29780,349.15,0.8,155.682987414
29800,457.65,0.7,142.489702923
29820,401.9,0.65,132.884470436
29840,417.65,0.7,125.072152359
29860,400.85,0.9,168.368139871
29880,467.85,0.65,120.714278109
29900,340.55,0.8,143.669285368
29920,371.85,0.9,169.115533317
29940,437.75,0.85,160.327047402
29960,418.4,0.65,112.357595682
29980,326.25,0.75,115.719779428
30000,424.0,0.7,124.996889036
