20,78.25,0.0,-244.231337765
40,78.75,0.0,-255.344982247
60,94.35,0.0,-244.819978173
80,96.05,0.0,-289.032976917
100,101.75,0.0,-327.829111536
120,125.8,0.0,-525.317451293
140,121.15,0.0,-446.714569945
160,151.95,0.0,-533.650119337
180,153.45,0.0,-584.552075117
200,161.45,0.0,-536.658414927
220,145.75,0.0,-518.609177773
240,156.85,0.0,-484.553470649
260,185.9,0.0,-452.637206811
280,224.4,0.0,-424.091421764
300,153.65,0.0,-226.193042352
320,154.35,0.0,-203.451341063
340,178.9,0.0,-226.443401823
360,134.9,0.0,-134.006390031
380,130.8,0.0,-151.924246194
400,115.95,0.0,-160.104427986
420,127.75,0.0,-123.187718868
440,109.0,0.0,-100.004981871
460,155.9,0.0,-129.009159383
480,137.85,0.0,-124.639899773
500,118.45,0.0,-107.431765827
520,134.2,0.0,-101.424589753
540,187.3,0.0,-95.6958553188
560,171.35,0.0,-101.206172749
580,191.15,0.0,-146.059517907
600,356.15,0.0,-106.526913333
620,513.15,0.0,-116.664639916
640,424.45,0.0,-100.856016707
660,426.1,0.0,-91.0815710136
680,284.15,0.0,-113.425356771
700,366.1,0.0,-109.817453571
720,288.1,0.0,-114.934334741
740,356.7,0.0,-122.537565747
760,530.85,0.0,-131.735647437
780,564.9,0.0,-91.8909077769
800,627.0,0.0,-82.4079920612
820,837.6,0.0,-65.132139331
840,823.45,0.0,-88.9509492749
860,563.8,0.0,-65.2521917489
880,619.75,0.0,-37.408854193
900,585.2,0.0,-35.8396933358
920,448.45,0.0,-14.7568136928
940,327.7,0.0,-26.4004346133
960,525.8,0.0,-15.1168178468
980,533.05,0.0,-16.3047669374
1000,728.45,0.0,-10.0630648008
1020,696.6,0.05,20.4480767821
1040,756.6,0.0,-3.44099379793
1060,666.6,0.05,16.2959138378
1080,542.8,0.0,-6.26144687433
1100,703.45,0.0,-0.814966749649
1120,501.45,0.05,-30.3166847103
1140,411.9,0.15,-44.788254475
1160,491.1,0.05,-37.3875687317
1180,716.75,0.15,18.0527607812
1200,548.2,0.3,-16.0543856317
1220,461.3,0.45,27.4234448284
1240,664.5,0.3,9.08874833785
1260,582.8,0.35,31.5771777958
1280,435.2,0.5,24.790882496
1300,493.5,0.5,32.1816841552
1320,414.05,0.4,-10.9127833895
1340,607.95,0.25,-28.4067592508
1360,476.25,0.4,-12.2782219376
1380,445.25,0.3,-1.0713643195
1400,460.6,0.6,55.4284042907
1420,564.35,0.5,42.0393111417
1440,631.05,0.55,46.7051213766
1460,492.0,0.7,95.5693958742
1480,676.5,0.35,42.4580686539
1500,589.95,0.6,85.8436012945
1520,600.65,0.4,37.2443836244
1540,537.15,0.45,43.506966627
1560,584.75,0.3,17.3924561489
1580,502.35,0.45,49.9142800048
1600,750.1,0.45,76.9413425182
1620,659.95,0.35,44.5683882036
1640,672.25,0.25,33.5150365412
1660,723.3,0.15,36.8955832949
1680,866.75,0.3,96.9516258423
1700,855.1,0.25,85.6973165313
1720,850.6,0.2,95.5948339759
1740,914.25,0.1,89.5307046298
1760,956.95,0.0,91.2343308002
1780,961.65,0.05,91.2410868433
1800,921.35,0.05,90.9092496737
1820,920.4,0.0,79.1677995324
1840,959.45,0.0,92.2557003455
1860,878.6,0.0,86.8864763531
1880,922.35,0.05,93.7220112935
1900,676.45,0.1,87.5117906981
1920,554.3,0.05,47.0522411119
1940,503.55,0.05,39.6040919795
1960,731.8,0.05,75.9623926244
1980,582.85,0.0,46.7290681131
2000,713.2,0.0,53.5573341892
2020,661.75,0.0,51.9570293589
2040,790.5,0.0,68.9844574053
2060,802.8,0.05,88.6184033525
2080,850.75,0.1,88.7082693181
2100,797.3,0.15,93.4136234685
2120,936.3,0.15,114.088311084
2140,970.35,0.05,88.1554083923
2160,954.8,0.0,81.8378309785
2180,931.25,0.05,103.841638214
2200,896.85,0.05,93.7460823522
2220,1000.0,0.0,85.2589395215
2240,957.1,0.0,89.5497905984
2260,966.45,0.05,106.829933534
2280,1000.0,0.0,97.3803794361
2300,1000.0,0.0,91.9350485061
2320,1000.0,0.0,89.3423513061
2340,1000.0,0.0,93.2863391804
2360,1000.0,0.0,93.7449877815
2380,966.75,0.05,96.4899189745
2400,884.8,0.1,97.2334703259
2420,938.45,0.1,98.2174510113
2440,806.1,0.15,91.7750108888
2460,774.2,0.35,127.025512945
2480,748.65,0.25,105.864798288
2500,546.0,0.4,104.94546507
2520,737.55,0.15,87.1440823235
2540,636.9,0.35,112.797548973
2560,818.45,0.25,112.976637865
2580,904.0,0.15,108.054444827
2600,961.5,0.0,90.8639014151
2620,949.35,0.05,104.510316816
2640,1000.0,0.0,101.291176018
2660,958.6,0.0,79.0232297752
2680,896.6,0.05,80.2038137613
2700,782.9,0.45,117.16251242
2720,737.7,0.5,124.430296902
2740,710.4,0.45,125.966128291
2760,649.45,0.55,124.313241921
2780,647.5,0.75,151.152367815
2800,708.8,0.45,113.621783889
2820,675.6,0.5,122.420967194
2840,814.75,0.3,104.325230883
2860,629.35,0.45,110.275815858
2880,717.35,0.5,133.565961229
2900,694.1,0.5,111.688861186
2920,827.25,0.45,121.173016514
2940,712.1,0.5,123.021472051
2960,598.75,0.6,148.0547833
2980,802.0,0.55,148.976262246
3000,599.95,0.55,130.414154231
3020,545.15,0.4,98.0205440908
3040,497.4,0.55,117.389299096
3060,520.9,0.5,112.514213465
3080,599.15,0.45,123.19059266
3100,586.8,0.5,119.778357528
3120,637.1,0.55,128.493442383
3140,608.1,0.6,140.217730063
3160,624.45,0.35,93.555408845
3180,527.75,0.2,38.1702717543
3200,651.6,0.35,81.7372179395
3220,456.9,0.5,108.277454568
3240,404.85,0.55,111.674416445
3260,448.05,0.4,83.5354044015
3280,505.1,0.55,112.704978503
3300,415.6,0.65,131.111743443
3320,604.85,0.55,123.88622968
3340,608.1,0.6,138.232314387
3360,696.0,0.65,148.707515708
3380,962.25,0.0,68.1216116953
3400,930.95,0.05,91.4528519545
3420,1000.0,0.0,91.7774833088
3440,916.75,0.0,88.0171728757
3460,1000.0,0.0,93.6965597912
3480,1000.0,0.0,89.5450568204
3500,776.55,0.55,137.935536427
3520,726.3,0.55,135.91882855
3540,463.75,0.65,153.784270884
3560,458.4,0.65,137.472035544
3580,405.6,0.75,157.944241244
3600,414.9,0.6,128.049160907
3620,330.95,0.5,99.6432090665
3640,213.1,0.45,77.0189296786
3660,241.2,0.4,55.8474687081
3680,284.7,0.45,70.5121276896
3700,221.55,0.25,8.36519016638
3720,189.7,0.15,-3.16561454352
3740,174.2,0.2,-6.53028198917
3760,241.7,0.05,-23.0618151624
3780,161.45,0.1,-16.7450717061
3800,294.1,0.2,17.8631346069
3820,187.75,0.1,-21.950708625
3840,152.75,0.05,-21.9227241291
3860,308.2,0.25,40.8451868547
3880,278.35,0.1,-16.3628023294
3900,300.4,0.3,24.0980651574
3920,224.0,0.3,22.9205349032
3940,278.8,0.3,21.2682347852
3960,425.5,0.15,12.8329190457
3980,229.6,0.3,27.6307020733
4000,222.4,0.35,22.9322131967
4020,371.75,0.45,50.3365641443
4040,344.95,0.5,81.151912948
4060,406.0,0.3,40.9967888314
4080,424.4,0.4,68.7534363713
4100,312.25,0.3,28.7619815698
4120,436.85,0.4,73.5531452808
4140,457.15,0.45,78.1570819292
4160,361.95,0.45,67.834318586
4180,419.35,0.3,51.6443223291
4200,396.85,0.55,94.4107523517
4220,435.7,0.55,102.33655569
4240,562.05,0.65,129.337993907
4260,381.8,0.45,63.8850003515
4280,466.75,0.4,60.0807930841
4300,501.75,0.4,65.3002063611
4320,396.3,0.45,58.0523174487
4340,439.85,0.45,78.7286441353
4360,490.75,0.45,67.6726382613
4380,370.6,0.3,24.5230213989
4400,399.75,0.6,100.108032574
4420,497.4,0.45,78.8705583091
4440,460.95,0.4,64.0125606764
4460,556.55,0.35,72.1971833878
4480,424.3,0.3,46.6483954376
4500,333.9,0.3,47.141329151
4520,501.45,0.5,103.058352708
4540,507.15,0.35,72.0834847413
4560,554.75,0.65,136.162735831
4580,409.9,0.65,120.103363437
4600,515.95,0.6,116.560257588
4620,566.15,0.45,101.70516599
4640,652.9,0.65,131.185713395
4660,678.6,0.45,100.772872868
4680,673.1,0.6,124.963322088
4700,749.8,0.45,112.26491098
4720,663.2,0.5,108.178817365
4740,686.9,0.25,65.7824833604
4760,689.0,0.45,115.904394403
4780,777.0,0.3,96.9113186019
4800,786.5,0.35,99.899934351
4820,677.4,0.35,103.516701118
4840,767.15,0.35,119.940172341
4860,790.8,0.35,110.090600853
4880,753.1,0.4,112.894546913
4900,677.35,0.65,148.934008339
4920,716.25,0.45,127.122239807
4940,892.7,0.25,107.083374979
4960,888.65,0.15,95.9673691408
4980,829.3,0.25,111.689330377
5000,961.65,0.05,98.8155850242
5020,985.8,0.1,86.5882363244
5040,956.4,0.0,81.4815093741
5060,911.0,0.0,67.8305686574
5080,1000.0,0.0,82.8960269919
5100,956.2,0.0,67.9965107087
5120,968.75,0.05,87.530416029
5140,956.45,0.0,78.6970343243
5160,964.85,0.05,94.3787603401
5180,1000.0,0.0,83.2292390485
5200,942.75,0.1,91.5223470965
5220,966.4,0.05,83.3526310664
5240,926.9,0.05,93.9300774157
5260,966.15,0.05,102.011368707
5280,967.6,0.05,99.2598262137
5300,892.35,0.2,126.935286747
5320,971.8,0.05,90.2353276282
5340,956.25,0.0,92.0406266999
5360,949.4,0.25,105.422867404
5380,864.45,0.45,122.067032846
5400,818.15,0.45,131.203662015
5420,813.0,0.5,125.794591527
5440,942.4,0.2,105.261524928
5460,790.8,0.35,115.720111759
5480,1000.0,0.0,85.3967939922
5500,964.35,0.0,88.2702707614
5520,1000.0,0.0,88.5815628355
5540,1000.0,0.0,89.4327290754
5560,1000.0,0.0,82.4332938106
5580,1000.0,0.0,86.2011688707
5600,1000.0,0.0,85.1544153925
5620,1000.0,0.0,90.160788439
5640,1000.0,0.0,89.2921255905
5660,1000.0,0.0,82.4798675854
5680,1000.0,0.0,69.1083957566
5700,1000.0,0.0,78.6266693311
5720,1000.0,0.0,79.6569326445
5740,1000.0,0.0,77.76524499
5760,1000.0,0.0,74.1073365965
5780,1000.0,0.0,74.83545262
5800,1000.0,0.0,76.1524452228
5820,1000.0,0.0,70.4938162008
5840,1000.0,0.0,66.8046775707
5860,1000.0,0.0,69.0404761425
5880,1000.0,0.0,77.2118247735
5900,1000.0,0.0,70.5152189527
5920,1000.0,0.0,72.9233067369
5940,1000.0,0.0,80.9857060669
5960,1000.0,0.0,77.1864895513
5980,1000.0,0.0,90.7391475036
6000,1000.0,0.0,81.7363513424
6020,1000.0,0.0,79.0579651824
6040,970.6,0.05,87.8179381318
6060,1000.0,0.0,77.1819578313
6080,1000.0,0.0,84.5046105791
6100,945.95,0.1,86.5964052407
6120,882.05,0.2,98.8593743254
6140,972.45,0.05,91.7324811496
6160,916.3,0.15,107.252124945
6180,1000.0,0.0,84.3215986511
6200,931.7,0.1,96.1850797408
6220,918.5,0.15,93.5299409529
6240,957.15,0.1,95.4023875497
6260,905.9,0.45,114.222082998
6280,893.95,0.15,91.6402914717
6300,1000.0,0.0,85.7426807616
6320,977.3,0.05,90.8303463455
6340,972.35,0.05,96.1137986646
6360,980.85,0.05,98.1495186074
6380,962.8,0.0,81.8991380312
6400,964.55,0.0,95.1960934293
6420,967.2,0.05,106.056659273
6440,973.3,0.05,105.352063225
6460,924.75,0.05,102.129732538
6480,1000.0,0.0,95.9133589131
6500,928.95,0.05,104.102755144
6520,926.3,0.05,96.2439641222
6540,1000.0,0.0,91.6435917605
6560,924.9,0.05,106.592475909
6580,1000.0,0.0,88.9884298265
6600,994.75,0.05,84.3388294065
6620,918.05,0.2,103.100853254
6640,689.5,0.5,130.574706658
6660,681.4,0.4,115.35630015
6680,605.9,0.3,90.9494452527
6700,710.7,0.45,131.045799427
6720,710.55,0.15,72.8424320908
6740,666.45,0.35,101.874808687
6760,836.1,0.1,84.0948882665
6780,710.5,0.2,84.0376090154
6800,772.85,0.3,112.144542286
6820,738.8,0.35,109.61137344
6840,814.35,0.3,101.174809711
6860,697.65,0.1,67.4961024878
6880,880.4,0.35,126.938759676
6900,709.05,0.3,100.071764536
6920,793.25,0.3,99.2823151772
6940,816.25,0.35,120.022343528
6960,727.65,0.3,97.9889553295
6980,877.15,0.2,97.5416877979
7000,758.8,0.4,111.838902291
7020,879.65,0.3,116.259487221
7040,780.25,0.5,132.182921494
7060,742.9,0.4,114.935147165
7080,797.75,0.3,112.826392058
7100,802.9,0.4,129.359199841
7120,706.2,0.3,104.631913663
7140,763.25,0.35,114.19360226
7160,761.05,0.25,109.190167088
7180,804.95,0.4,139.32305614
7200,775.25,0.5,127.740011349
7220,884.2,0.2,107.766518044
7240,866.65,0.2,108.168249131
7260,870.3,0.25,114.714136954
7280,729.9,0.5,142.940589288
7300,779.6,0.4,132.709561909
7320,821.4,0.2,98.4706874304
7340,660.4,0.6,151.539110045
7360,770.65,0.35,123.6654788
7380,768.15,0.4,125.715783264
7400,736.8,0.4,123.327802347
7420,696.7,0.15,76.401882502
7440,737.15,0.3,100.568763078
7460,760.6,0.3,108.870356304
7480,887.45,0.35,127.250795456
7500,837.35,0.3,116.060423934
7520,767.3,0.45,141.322335835
7540,650.3,0.55,140.462984536
7560,774.75,0.4,124.966374863
7580,844.8,0.5,137.760490763
7600,764.75,0.55,146.219966734
7620,725.95,0.65,151.658581121
7640,735.6,0.6,146.145984678
7660,820.9,0.4,122.239382932
7680,740.45,0.65,158.351860324
7700,802.25,0.4,115.701827839
7720,895.15,0.3,108.722944635
7740,886.45,0.3,110.346849154
7760,849.55,0.35,115.360572236
7780,856.45,0.35,118.147161622
7800,774.8,0.6,144.698037659
7820,791.95,0.45,123.148824295
7840,931.6,0.3,105.895082722
7860,741.65,0.8,159.898448104
7880,683.9,0.65,143.046002682
7900,833.3,0.4,115.216399559
7920,932.45,0.2,100.54687062
7940,795.45,0.5,134.72542057
7960,849.15,0.25,91.5431619456
7980,948.65,0.15,87.4006606976
8000,917.05,0.25,108.677950891
8020,857.25,0.3,113.302617162
8040,685.95,0.6,139.320141664
8060,813.75,0.4,127.573347325
8080,815.55,0.45,121.560492156
8100,643.1,0.75,160.068830567
8120,764.7,0.55,153.024485918
8140,729.8,0.7,152.731752935
8160,838.55,0.45,129.281661316
8180,812.35,0.4,124.472734505
8200,761.75,0.55,143.402932085
8220,664.65,0.8,168.853672786
8240,717.7,0.55,140.205556155
8260,739.85,0.55,145.497194913
8280,730.65,0.55,151.00530757
8300,769.35,0.4,125.731773947
8320,666.65,0.5,128.744228335
8340,708.95,0.6,149.904240747
8360,661.6,0.65,137.587591225
8380,783.35,0.5,135.480787268
8400,648.45,0.75,166.911461331
8420,572.65,0.7,161.335143242
8440,535.85,0.9,191.196986731
8460,629.75,0.75,162.349699186
8480,592.2,0.7,155.339268487
8500,590.9,0.75,169.713062571
8520,656.8,0.7,164.146941317
8540,735.1,0.5,159.014719678
8560,589.15,0.75,175.870367956
8580,542.6,0.65,154.4105579
8600,586.3,0.85,184.007859119
8620,635.45,0.7,161.914124076
8640,752.75,0.45,136.730278749
8660,747.8,0.6,154.509863295
8680,653.45,0.55,146.866626546
8700,728.5,0.45,131.841804172
8720,653.65,0.45,122.65786711
8740,616.25,0.6,156.841137941
8760,679.7,0.5,139.242547318
8780,535.85,0.65,154.7231674
8800,561.25,0.6,143.024915888
8820,785.55,0.3,116.829907347
8840,774.85,0.4,130.376155292
8860,755.3,0.45,134.381419325
8880,678.95,0.65,157.958737044
8900,571.6,0.65,151.835575328
8920,592.75,0.8,178.044976865
8940,653.65,0.8,178.316430748
8960,751.25,0.65,155.227431877
8980,819.95,0.45,123.028345849
9000,688.95,0.55,147.881386117
9020,626.8,0.65,156.47717386
9040,725.6,0.5,130.125181896
9060,698.4,0.65,147.111481819
9080,629.45,0.7,160.239552728
9100,753.2,0.55,149.978792981
9120,543.45,0.95,191.9059824
9140,640.0,0.75,170.110821007
9160,698.4,0.6,147.315524873
9180,529.6,0.85,182.390998747
9200,576.6,0.75,159.522682645
9220,662.25,0.6,148.691171001
9240,522.7,0.7,148.047780721
9260,628.1,0.7,159.473018757
9280,648.3,0.75,165.686253225
9300,582.0,0.85,178.785382856
9320,539.15,1.0,190.004954897
9340,594.7,0.8,180.248270827
9360,610.1,0.7,165.668382358
9380,836.35,0.35,115.398803935
9400,860.0,0.4,119.096665715
9420,806.4,0.45,124.764883385
9440,922.3,0.15,99.5267197392
9460,918.3,0.2,111.949644816
9480,873.1,0.3,110.782265691
9500,762.4,0.4,122.726956258
9520,793.75,0.5,139.169195473
9540,830.45,0.3,114.633490684
9560,746.75,0.55,135.460198821
9580,641.8,0.8,164.681448298
9600,704.1,0.7,154.858425753
9620,726.0,0.85,173.890459546
9640,849.6,0.45,120.849731263
9660,699.45,0.9,187.213481411
9680,665.75,0.85,166.530299817
9700,659.2,0.75,167.875385035
9720,774.9,0.5,129.048214672
9740,732.9,0.45,126.648812127
9760,640.2,0.7,145.449354034
9780,737.9,0.7,151.171613099
9800,732.25,0.65,149.409780122
9820,697.65,0.9,173.178842042
9840,840.5,0.6,135.458027716
9860,782.05,0.65,129.895060281
9880,829.1,0.65,125.779100895
9900,732.55,0.85,162.139823212
9920,708.9,0.75,147.312820065
9940,729.25,0.85,146.385093286
9960,749.7,0.7,144.081319855
9980,795.05,0.6,118.838547459
10000,682.15,0.95,168.140894472
10020,730.15,0.7,137.727349817
10040,809.1,0.6,123.24904294
10060,805.55,0.5,111.452215459
10080,826.1,0.45,108.658109677
10100,757.0,0.6,137.103744802
10120,660.95,0.85,162.467485018
10140,718.05,0.65,150.012837263
10160,688.1,0.8,157.190302608
10180,571.85,1.0,190.89764143
10200,678.55,0.75,162.840657501
10220,670.6,0.65,145.132610891
10240,606.7,0.75,151.712649431
10260,640.1,0.8,177.04259991
10280,704.75,0.6,153.859873803
10300,696.4,0.65,144.317307743
10320,761.15,0.5,138.857162134
10340,629.7,0.8,160.892005352
10360,739.5,0.6,153.440090827
10380,714.5,0.55,129.665381449
10400,691.95,0.7,153.408803269
10420,727.55,0.6,141.71565466
10440,845.7,0.55,132.826991169
10460,938.2,0.4,118.0224813
10480,900.75,0.45,121.297105801
10500,719.75,0.65,152.818082851
10520,687.65,0.7,166.904422412
10540,769.8,0.5,138.375475332
10560,700.8,0.65,159.425224592
10580,709.0,0.55,131.717662248
10600,855.85,0.35,113.616907258
10620,859.95,0.35,113.087395805
10640,912.55,0.2,96.5038412143
10660,698.2,0.55,125.671110724
10680,874.3,0.2,89.9471693417
10700,774.7,0.45,120.918397049
10720,826.05,0.3,104.396073118
10740,833.0,0.15,88.3552164972
10760,918.55,0.15,87.7447028476
10780,789.5,0.35,118.980777823
10800,847.45,0.4,127.718938014
10820,889.85,0.2,90.6722835556
10840,738.3,0.4,129.769894143
10860,828.4,0.35,123.037202311
10880,720.55,0.5,123.649470796
10900,826.95,0.3,107.61288038
10920,783.4,0.4,117.684169076
10940,626.0,0.65,146.879841769
10960,813.55,0.5,142.023264499
10980,768.35,0.4,117.467816841
11000,816.35,0.35,113.936450352
11020,627.3,0.6,130.311947117
11040,626.95,0.65,138.836335518
11060,767.25,0.45,122.240971584
11080,705.95,0.55,136.385987901
11100,600.1,0.6,145.037733475
11120,675.5,0.4,110.332441937
11140,625.15,0.45,111.957842456
11160,786.6,0.1,80.6229848248
11180,617.3,0.25,80.6898172474
11200,767.65,0.3,96.2199792748
11220,717.0,0.2,81.7680963972
11240,746.35,0.35,100.677174829
11260,798.95,0.45,131.015475615
11280,848.4,0.2,98.8406172361
11300,678.4,0.35,107.340289242
11320,825.55,0.25,92.5832646482
11340,710.45,0.3,102.693522759
11360,742.7,0.5,140.224755187
11380,730.95,0.5,132.520682193
11400,653.75,0.6,148.270240758
11420,693.55,0.3,82.1198223693
11440,670.85,0.6,138.376708982
11460,640.5,0.4,91.2118564152
11480,583.45,0.55,117.534309677
11500,619.3,0.5,112.766820091
11520,829.75,0.25,93.1065894965
11540,633.2,0.4,105.652977768
11560,773.25,0.25,84.2069680111
11580,686.4,0.45,116.772766313
11600,552.1,0.35,82.0490863493
11620,700.4,0.65,148.550669287
11640,753.0,0.6,147.314191863
11660,764.65,0.4,107.896715281
11680,680.9,0.65,150.183568027
11700,723.7,0.4,106.081600356
11720,662.15,0.5,120.630395595
11740,728.6,0.5,130.761669454
11760,608.8,0.55,113.492075179
11780,690.75,0.75,159.203038572
11800,697.9,0.7,145.848431949
11820,518.3,0.85,155.904586944
11840,530.65,0.8,158.437222842
11860,609.35,0.8,158.736120358
11880,632.35,0.6,117.632162733
11900,597.75,0.55,111.93273632
11920,714.85,0.4,101.688560341
11940,601.35,0.55,122.1775907
11960,687.75,0.5,120.330454501
11980,705.6,0.35,79.3768812718
12000,661.9,0.35,69.3938307135
12020,664.55,0.5,103.916207941
12040,577.25,0.65,116.837131867
12060,513.65,0.6,86.5288271744
12080,474.4,0.55,84.119116312
12100,516.35,0.75,111.173975518
12120,574.5,0.45,57.1709405396
12140,478.65,0.5,68.4711030372
12160,536.05,0.45,55.1982868531
12180,552.2,0.45,66.9669193995
12200,743.4,0.35,69.9723348048
12220,528.0,0.45,54.0485788335
12240,534.45,0.55,92.2008349027
12260,520.15,0.3,36.4229508183
12280,432.15,0.6,63.3928883714
12300,406.55,0.6,81.0927302068
12320,449.75,0.4,44.3749814135
12340,458.15,0.65,86.5317668049
12360,437.15,0.6,80.0916456557
12380,550.3,0.5,77.2360151495
12400,474.4,0.5,74.0146683879
12420,465.75,0.35,43.9522517394
12440,503.25,0.65,111.619893139
12460,475.35,0.65,96.1592945062
12480,521.05,0.55,97.2973726733
12500,460.15,0.45,60.9703866918
12520,566.85,0.4,68.7316859559
12540,548.6,0.6,96.2719348203
12560,428.3,0.55,71.8555677567
12580,516.65,0.5,74.4521046021
12600,582.5,0.6,99.4471905782
12620,609.4,0.45,65.9122382167
12640,548.85,0.45,65.7516778556
12660,551.4,0.55,96.8518519687
12680,495.25,0.5,82.6305964207
12700,456.2,0.55,68.3233348983
12720,447.75,0.6,78.3633595207
12740,519.6,0.45,67.272561758
12760,419.9,0.75,101.563794757
12780,454.7,0.75,109.013968575
12800,458.3,0.7,98.4763889505
12820,483.05,0.45,54.361315768
12840,660.8,0.55,106.984376645
12860,453.6,0.7,131.590064565
12880,453.5,0.65,96.4973154115
12900,479.8,0.55,83.2351991657
12920,481.95,0.55,80.4085245287
12940,541.4,0.55,99.9923964579
12960,409.15,0.55,87.7757782523
12980,514.1,0.5,90.5966519566
13000,389.4,0.7,103.45756457
13020,471.8,0.4,56.3562134339
13040,531.45,0.65,115.32080159
13060,382.45,0.7,116.000848945
13080,434.1,0.55,76.4179147912
13100,405.95,0.45,62.0948613061
13120,513.15,0.3,54.0706403907
13140,496.5,0.35,64.7854885787
13160,474.65,0.6,111.281532396
13180,420.4,0.4,75.0718198859
13200,353.2,0.5,84.0632310737
13220,496.65,0.35,90.4965653917
13240,470.55,0.4,65.5919744675
13260,369.9,0.65,128.809491863
13280,513.8,0.45,91.7785032845
13300,524.4,0.45,73.7037747854
13320,375.0,0.65,114.768891229
13340,432.7,0.55,101.528401791
13360,470.9,0.65,120.392559869
13380,414.9,0.45,58.2460812531
13400,356.45,0.6,92.9259122822
13420,382.6,0.6,103.804930723
13440,433.45,0.65,125.659614048
13460,438.15,0.55,106.736391309
13480,299.2,0.4,47.3721761348
13500,500.35,0.55,113.362006836
13520,403.95,0.55,92.6376958603
13540,441.45,0.65,115.234774445
13560,294.6,0.7,114.830230805
13580,370.55,0.45,68.2692999709
13600,415.7,0.5,69.6190342418
13620,364.25,0.7,113.287145237
13640,345.9,0.45,54.7860764337
13660,472.9,0.5,84.2790819048
13680,428.5,0.5,88.0148261181
13700,350.3,0.5,81.4272359624
13720,383.1,0.45,62.9298032987
13740,296.25,0.7,112.204642786
13760,379.25,0.65,120.98931164
13780,365.65,0.4,62.4981593886
13800,381.15,0.5,81.1696528701
13820,420.3,0.65,106.349240239
13840,347.6,0.45,61.2625343197
13860,398.6,0.35,39.5734832622
13880,417.8,0.7,126.148054333
13900,406.95,0.7,122.642718475
13920,316.85,0.6,105.34202777
13940,392.05,0.4,58.0090265865
13960,417.1,0.7,125.083677887
13980,382.2,0.45,74.7849190491
14000,417.9,0.45,81.7542608878
14020,320.05,0.55,83.6815584743
14040,370.15,0.5,92.7130454619
14060,344.25,0.45,80.4711077031
14080,394.2,0.45,65.9955397297
14100,264.15,0.4,46.7644994072
14120,333.15,0.65,120.303514935
14140,253.65,0.4,60.3966148127
14160,271.5,0.3,28.2369482211
14180,341.7,0.65,106.730998093
14200,356.05,0.25,39.2564133219
14220,388.45,0.55,93.8385815575
14240,289.2,0.65,110.267790599
14260,375.05,0.45,84.2779737003
14280,478.85,0.5,100.473139093
14300,313.35,0.25,33.3977504951
14320,363.15,0.5,89.9665153516
14340,458.45,0.4,68.4207764723
14360,460.35,0.5,95.5875023704
14380,355.6,0.5,77.9814577794
14400,347.55,0.55,85.6312953734
14420,334.95,0.6,92.1899908013
14440,301.65,0.45,60.3736638458
14460,303.25,0.65,112.414421106
14480,380.2,0.55,93.7385727839
14500,307.05,0.6,87.8262067431
14520,327.2,0.45,66.0067078812
14540,294.95,0.55,85.6116587037
14560,352.3,0.6,96.7335897801
14580,500.65,0.45,87.9669938486
14600,406.8,0.55,89.575634604
14620,380.4,0.7,120.014092247
14640,319.55,0.45,61.1492894974
14660,400.2,0.65,105.008840895
14680,354.75,0.7,100.238904981
14700,369.2,0.6,107.733632122
14720,405.95,0.55,77.1768853497
14740,499.2,0.3,42.1123236655
14760,402.3,0.75,122.777303013
14780,582.75,0.5,109.800805697
14800,480.5,0.55,89.410647557
14820,368.7,0.85,140.829401094
14840,477.85,0.55,93.7783991264
14860,571.25,0.45,77.8383321375
14880,477.7,0.45,72.579866409
14900,435.65,0.5,88.0349206611
14920,470.45,0.55,72.843377307
14940,577.9,0.45,78.020361544
14960,520.55,0.45,85.5404045105
14980,406.55,0.7,105.464772007
15000,528.2,0.65,100.372161712
15020,416.2,0.5,69.9834995735
15040,489.05,0.55,94.7016630567
15060,386.9,0.85,134.623644513
15080,417.15,0.7,117.497945808
15100,565.5,0.5,85.6114869395
15120,506.05,0.65,117.579139475
15140,399.1,0.65,94.2408622597
15160,463.0,0.6,99.7076201395
15180,411.95,0.75,108.236680306
15200,526.3,0.4,65.8984252132
15220,390.2,0.75,106.375790165
15240,492.3,0.35,49.2468673282
15260,482.45,0.7,122.083894239
15280,710.7,0.45,111.469548589
15300,471.6,0.75,142.756384232
15320,494.7,0.65,115.988480009
15340,434.05,0.75,106.683190295
15360,495.8,0.6,108.044827921
15380,438.75,0.55,79.1535906561
15400,431.55,0.6,89.8735106626
15420,516.7,0.75,124.096868425
15440,479.3,0.65,103.259683013
15460,595.3,0.65,121.736591049
15480,501.0,0.65,117.75452777
15500,454.05,0.55,101.483412942
15520,512.6,0.75,143.596186499
15540,428.9,0.65,107.839930233
15560,503.45,0.8,152.173336439
15580,556.05,0.6,121.969074083
15600,432.6,0.55,105.634425064
15620,474.95,0.75,133.054372421
15640,528.8,0.65,112.316680183
15660,592.9,0.6,138.650736143
15680,524.8,0.6,135.136404776
15700,491.25,0.65,132.615042861
15720,536.8,0.6,116.215548642
15740,554.35,0.7,160.444518128
15760,587.0,0.55,110.880320422
15780,518.5,0.5,92.242044856
15800,447.95,0.5,100.322272415
15820,516.75,0.75,156.907550259
15840,414.15,0.7,133.528178491
15860,550.25,0.35,84.5951477904
15880,366.95,0.55,102.767216164
15900,595.65,0.7,143.673535085
15920,601.4,0.5,109.477897373
15940,456.5,0.65,120.121188056
15960,510.5,0.6,119.346195519
15980,546.05,0.55,122.884564547
16000,559.5,0.6,133.82324987
16020,483.55,0.5,112.510406556
16040,480.05,0.6,111.765404824
16060,464.15,0.8,166.982292379
16080,604.7,0.6,129.413676597
16100,516.15,0.65,126.73130678
16120,350.85,0.75,150.335912902
16140,502.4,0.65,141.043835273
16160,503.1,0.65,113.237236373
16180,454.8,0.65,118.167523433
16200,536.0,0.6,122.258379937
16220,596.95,0.6,140.750085389
16240,513.6,0.7,138.617993757
16260,481.8,0.85,168.434126209
16280,525.9,0.75,154.8712551
16300,422.85,0.75,121.84446741
16320,459.85,0.8,151.991211765
16340,544.75,0.55,108.31099702
16360,496.8,0.8,158.662694184
16380,509.75,0.55,103.470494369
16400,492.8,0.85,160.840707035
16420,557.75,0.8,155.205023517
16440,558.9,0.85,169.620871405
16460,480.1,0.5,105.842880563
16480,512.65,0.75,148.195319691
16500,460.15,0.9,166.279771028
16520,629.65,0.6,112.571727155
16540,509.5,0.7,134.175865152
16560,481.0,0.9,171.242967872
16580,552.4,0.7,140.031152906
16600,542.95,0.7,135.741171746
16620,460.75,0.8,143.028039141
16640,478.0,0.85,162.833796835
16660,500.0,0.9,162.050622651
16680,592.85,0.75,165.520861009
16700,514.8,0.9,177.671959239
16720,532.7,0.85,161.841652019
16740,584.9,0.75,145.515980231
16760,587.7,0.8,170.133434023
16780,478.75,0.85,153.361362882
16800,470.05,0.95,175.700393439
16820,559.4,0.75,144.422220356
16840,563.25,0.85,150.76869657
16860,583.7,0.85,161.676472426
16880,448.95,0.95,169.93083685
16900,601.05,0.8,148.415596171
16920,562.6,0.85,159.500364615
16940,580.3,0.85,161.431534336
16960,643.15,0.65,114.487821932
16980,553.9,0.9,161.372814302
17000,591.35,0.8,167.893583864
17020,610.9,0.85,148.946675812
17040,551.85,1.0,183.888414953
17060,631.65,0.85,158.684963888
17080,535.2,0.9,158.957235893
17100,679.95,0.7,141.956122761
17120,622.35,0.75,144.052663095
17140,630.8,0.8,161.637740124
17160,578.9,0.95,157.737359806
17180,643.2,0.8,150.943007106
17200,605.0,0.85,157.236065887
17220,673.0,0.75,151.083374233
17240,596.15,0.85,157.806038572
17260,781.4,0.55,127.996171685
17280,665.95,0.85,159.314225452
17300,690.4,0.6,125.775960437
17320,694.5,0.65,150.176715832
17340,616.85,0.8,168.035628173
17360,709.1,0.75,147.995534157
17380,645.05,0.7,153.009534714
17400,710.25,0.6,142.054025547
17420,632.35,0.85,159.31242011
17440,783.15,0.55,131.550979265
17460,734.35,0.7,140.348054012
17480,845.9,0.35,101.419022919
17500,818.9,0.4,110.976242543
17520,810.4,0.45,113.125934342
17540,769.95,0.45,122.772763359
17560,801.1,0.45,113.907390968
17580,826.7,0.2,88.8090678138
17600,906.0,0.2,89.4130792235
17620,903.2,0.25,98.603780069
17640,851.65,0.3,112.99897379
17660,838.5,0.3,114.850928429
17680,970.5,0.15,97.1388585837
17700,967.35,0.1,95.8592230169
17720,824.5,0.45,124.101917398
17740,901.85,0.25,100.452658887
17760,849.8,0.3,95.8495992897
17780,894.05,0.2,99.1085907502
17800,658.7,0.65,159.010930821
17820,727.25,0.55,142.704419554
17840,601.35,0.65,149.699108891
17860,671.05,0.6,153.700576328
17880,662.1,0.65,168.334643088
17900,595.85,0.7,164.01520637
17920,515.05,0.7,162.886559605
17940,556.45,0.6,145.902058873
17960,815.45,0.35,120.453849478
17980,533.95,0.8,167.529160229
18000,638.65,0.6,152.346038618
18020,632.55,0.55,148.30977214
18040,628.1,0.6,158.240080322
18060,664.45,0.6,158.003765439
18080,671.65,0.55,152.988609581
18100,744.7,0.45,142.615845547
18120,585.3,0.55,143.998858972
18140,538.85,0.75,160.774466775
18160,728.9,0.5,143.934416316
18180,674.7,0.6,158.028641121
18200,740.2,0.45,135.381668679
18220,632.7,0.45,120.479901238
18240,707.95,0.4,125.271856974
18260,664.65,0.55,166.799061354
18280,695.55,0.6,152.666782085
18300,807.8,0.35,136.026637313
18320,595.55,0.75,176.35280192
18340,570.1,0.6,148.25296423
18360,763.85,0.45,146.805805454
18380,649.1,0.55,149.676271813
18400,682.05,0.55,156.914250489
18420,624.35,0.4,130.559459473
18440,675.0,0.45,137.078419697
18460,722.55,0.4,135.694540311
18480,703.4,0.4,133.093420356
18500,696.9,0.45,124.980901818
18520,748.75,0.35,133.311550171
18540,838.45,0.25,125.234599778
18560,797.1,0.4,138.390172858
18580,847.5,0.25,122.747890246
18600,817.35,0.25,121.738910034
18620,895.95,0.1,104.855508219
18640,887.75,0.15,116.803820646
18660,939.6,0.1,112.567041627
18680,846.35,0.1,100.15374129
18700,862.75,0.2,107.743665796
18720,965.65,0.05,111.95886991
18740,747.0,0.35,132.530878226
18760,885.7,0.2,127.086955292
18780,700.35,0.5,143.713486616
18800,733.2,0.35,134.886827903
18820,641.65,0.5,147.1881188
18840,642.05,0.35,118.038477985
18860,715.1,0.35,134.278201291
18880,657.1,0.45,147.04889965
18900,713.0,0.35,134.429222765
18920,733.8,0.3,114.388633523
18940,620.0,0.3,103.747494574
18960,687.95,0.4,138.34217993
18980,888.2,0.05,94.4284956372
19000,717.55,0.2,87.8907066621
19020,684.95,0.2,99.4111689612
19040,733.75,0.1,97.6586118675
19060,810.55,0.25,114.737884371
19080,725.8,0.3,122.830847751
19100,555.7,0.45,134.554191515
19120,616.6,0.3,111.806866345
19140,629.7,0.3,109.057134042
19160,683.25,0.35,119.633418733
19180,533.25,0.3,105.266740871
19200,663.15,0.4,132.751941987
19220,689.05,0.35,125.705520039
19240,617.9,0.45,129.155083744
19260,585.1,0.3,100.030316825
19280,575.5,0.4,114.976884547
19300,680.85,0.3,126.499497669
19320,624.4,0.3,110.712955623
19340,604.75,0.25,99.8192858362
19360,630.55,0.1,75.8620941758
19380,753.45,0.1,85.5756828258
19400,563.6,0.15,71.313204853
19420,776.85,0.0,80.4400875572
19440,672.45,0.15,94.4063114054
19460,716.65,0.1,86.2070891447
19480,678.05,0.15,95.0787980139
19500,788.55,0.05,86.1182328984
19520,788.7,0.05,88.0550948572
19540,809.8,0.15,100.343820568
19560,740.4,0.15,108.06642692
19580,737.85,0.15,102.155365654
19600,865.0,0.1,103.422559807
19620,830.85,0.0,84.2773247941
19640,859.4,0.1,105.341503359
19660,785.0,0.0,80.9482998393
19680,790.1,0.0,72.6746642094
19700,813.9,0.1,91.4200817276
19720,881.4,0.05,87.8756111033
19740,928.85,0.1,101.226006828
19760,881.7,0.2,113.320934917
19780,934.5,0.1,102.868788046
19800,971.95,0.05,97.2122102511
19820,980.95,0.05,101.288660953
19840,900.15,0.15,111.679369539
19860,942.55,0.1,97.7859768477
19880,1000.0,0.0,92.6120559777
19900,979.25,0.05,98.7698983879
19920,1000.0,0.0,92.240968649
19940,956.7,0.1,96.8030448192
19960,886.25,0.25,105.938029473
19980,908.05,0.15,104.805746053
20000,966.0,0.05,89.9760437541
20020,946.4,0.1,93.9245942245
20040,907.45,0.15,97.9622343714
20060,921.0,0.15,99.2390669061
20080,909.55,0.15,104.226011362
20100,921.2,0.2,107.163464727
20120,877.75,0.25,110.24878258
20140,920.4,0.15,94.1051376921
20160,923.55,0.2,115.742855072
20180,885.3,0.2,109.3086751
20200,849.35,0.25,112.23035705
20220,763.8,0.5,138.221156389
20240,711.85,0.6,153.49925832
20260,885.85,0.3,108.588539456
20280,909.25,0.15,101.304340167
20300,947.25,0.25,106.032080231
20320,966.9,0.1,98.8231721995
20340,881.15,0.25,109.78339651
20360,868.3,0.25,107.890636071
20380,874.95,0.25,110.683281435
20400,765.45,0.4,116.078896843
20420,878.3,0.2,98.4128744223
20440,968.55,0.1,78.5799544354
20460,895.05,0.3,113.814784717
20480,934.35,0.15,98.3017196212
20500,929.95,0.2,106.128898738
20520,954.8,0.2,102.526755177
20540,949.1,0.15,101.680338136
20560,818.65,0.3,104.801054921
20580,950.85,0.15,103.178426329
20600,889.8,0.25,107.213199965
20620,812.45,0.3,113.402137764
20640,792.95,0.4,124.590966997
20660,929.1,0.15,95.1712362354
20680,746.25,0.4,127.791868133
20700,796.65,0.4,121.09489115
20720,657.75,0.5,133.711877453
20740,642.5,0.6,148.753423739
20760,568.45,0.7,157.145943204
20780,552.9,0.7,166.615316781
20800,641.6,0.55,147.079196515
20820,486.35,0.8,175.167175544
20840,589.85,0.65,153.294512247
20860,633.25,0.55,144.702714665
20880,557.05,0.75,173.169170721
20900,550.1,0.6,145.686177673
20920,532.85,0.75,168.014788927
20940,534.45,0.75,162.370660372
20960,548.45,0.6,151.748396762
20980,643.2,0.55,138.270154631
21000,546.4,0.55,144.361492653
21020,486.7,0.8,178.442225683
21040,399.3,0.85,183.18532217
21060,638.05,0.5,143.580717028
21080,538.8,0.6,144.344761582
21100,596.7,0.45,128.372525912
21120,514.65,0.75,154.382809963
21140,505.25,0.55,132.085145248
21160,402.35,0.8,162.765705583
21180,441.1,0.65,144.129695728
21200,528.45,0.7,164.484146499
21220,520.35,0.65,147.604707915
21240,548.75,0.6,133.301272151
21260,562.6,0.7,179.18606931
21280,479.25,0.65,158.287052661
21300,537.45,0.65,151.186768895
21320,535.4,0.65,154.400744189
21340,536.5,0.7,163.412593794
21360,660.35,0.5,137.346651178
21380,527.65,0.7,159.777119235
21400,488.05,0.75,175.231501424
21420,492.05,0.8,178.622919033
21440,501.45,0.6,147.862006861
21460,509.0,0.65,158.593507221
21480,469.05,0.8,174.971021791
21500,456.25,0.55,112.485594939
21520,720.6,0.55,144.823216415
21540,630.3,0.55,140.774478636
21560,754.4,0.4,122.265593198
21580,808.8,0.4,124.773556647
21600,487.6,0.7,155.226526225
21620,580.6,0.6,141.78375634
21640,653.8,0.55,132.422197183
21660,584.6,0.7,158.111739113
21680,630.3,0.5,117.085645942
21700,565.85,0.65,148.557721093
21720,578.95,0.6,141.436485065
21740,599.3,0.65,153.771829393
21760,584.35,0.65,146.302574497
21780,710.2,0.55,141.543046496
21800,585.15,0.7,145.720647343
21820,513.85,0.7,159.772124285
21840,634.5,0.55,137.45736872
21860,645.35,0.6,145.561350838
21880,639.3,0.6,140.277956482
21900,586.9,0.5,119.237546746
21920,625.7,0.6,131.246534713
21940,704.85,0.5,124.402726046
21960,707.0,0.5,133.422840104
21980,568.3,0.7,158.793239544
22000,608.45,0.6,151.642978214
22020,415.35,0.85,171.966919881
22040,659.2,0.45,119.388459165
22060,731.8,0.55,145.476364282
22080,548.35,0.75,166.252383169
22100,553.05,0.7,162.19450863
22120,681.05,0.55,144.524295098
22140,688.45,0.5,140.847721182
22160,585.75,0.7,162.124758519
22180,549.05,0.75,166.288251038
22200,766.15,0.4,125.114846007
22220,672.95,0.7,164.391154281
22240,724.15,0.5,140.408959678
22260,565.0,0.6,143.367777954
22280,623.9,0.5,136.627661635
22300,670.65,0.55,139.813654702
22320,564.05,0.55,139.68937086
22340,800.8,0.35,122.920391849
22360,563.25,0.7,159.342825115
22380,575.7,0.7,156.965075653
22400,649.1,0.55,144.63713253
22420,564.65,0.7,145.864104061
22440,631.3,0.55,143.553659164
22460,520.85,0.7,159.696415705
22480,480.4,0.65,144.695672016
22500,606.8,0.55,147.264599488
22520,545.05,0.55,132.446441065
22540,598.2,0.55,139.65985129
22560,489.6,0.75,163.416769881
22580,643.7,0.45,143.737398672
22600,526.5,0.7,162.286597565
22620,589.7,0.6,160.333974789
22640,602.35,0.55,135.466215027
22660,478.6,0.65,145.550121998
22680,632.7,0.35,113.038942027
22700,660.5,0.55,146.027481146
22720,551.7,0.7,155.171096746
22740,702.1,0.45,136.464981509
22760,529.2,0.5,117.848843639
22780,613.6,0.5,141.281693704
22800,433.75,0.8,173.139214237
22820,667.65,0.5,148.820783699
22840,442.4,0.7,163.858905349
22860,603.5,0.45,127.913379734
22880,508.0,0.65,147.917394693
22900,566.5,0.5,128.382642862
22920,691.0,0.45,136.79848714
22940,504.25,0.7,147.379482047
22960,626.0,0.55,145.722866604
22980,452.05,0.8,175.266143919
23000,451.05,0.55,123.830008298
23020,608.4,0.65,153.107216283
23040,664.2,0.55,151.377404349
23060,616.7,0.6,146.112842273
23080,665.5,0.45,131.860622826
23100,706.45,0.5,149.339458867
23120,674.0,0.55,151.313527681
23140,701.2,0.55,151.479121066
23160,581.15,0.5,131.08528599
23180,776.8,0.45,136.395760411
23200,679.9,0.65,152.476297904
23220,760.15,0.6,150.773404696
23240,692.4,0.65,155.973080248
23260,795.15,0.6,157.519813736
23280,855.7,0.25,119.732574425
23300,813.3,0.5,145.540881598
23320,868.95,0.15,106.212625162
23340,746.7,0.25,120.65644466
23360,841.4,0.3,125.046138923
23380,822.7,0.15,111.107925463
23400,922.1,0.05,90.8714103105
23420,955.35,0.0,97.9120743456
23440,847.4,0.05,98.3645038061
23460,963.0,0.05,111.019479535
23480,837.75,0.05,98.9773768541
23500,878.35,0.0,91.8942810501
23520,954.55,0.0,99.0877916731
23540,867.75,0.0,86.9575474164
23560,954.2,0.0,100.358817257
23580,756.75,0.0,62.0325444235
23600,955.45,0.0,90.8143124665
23620,914.8,0.0,87.5259706262
23640,959.8,0.0,87.5202577898
23660,955.0,0.0,82.9527128954
23680,915.55,0.0,98.6490131596
23700,954.7,0.0,82.803431984
23720,866.6,0.0,79.1539631023
23740,876.25,0.0,87.7309123067
23760,865.85,0.0,80.9784825734
23780,954.65,0.0,90.4411498402
23800,963.35,0.0,89.3094351059
23820,961.65,0.0,98.7925527138
23840,1000.0,0.0,97.7844743966
23860,1000.0,0.0,97.4862815481
23880,960.8,0.05,108.189854197
23900,913.05,0.0,84.8291988676
23920,913.95,0.0,92.5460243856
23940,909.2,0.0,86.0860822337
23960,964.8,0.05,112.518282095
23980,785.35,0.0,86.2446826215
24000,1000.0,0.0,100.331270768
24020,867.15,0.0,84.9308673276
24040,1000.0,0.0,101.057452176
24060,955.45,0.0,103.635138821
24080,1000.0,0.0,94.1302588061
24100,913.7,0.0,92.0704902664
24120,1000.0,0.0,94.7425214109
24140,1000.0,0.0,99.5045001799
24160,955.2,0.0,83.5403164584
24180,1000.0,0.0,95.1293604417
24200,910.15,0.0,92.0626031915
24220,1000.0,0.0,96.7358833288
24240,1000.0,0.0,97.1056795686
24260,953.8,0.0,83.4007274138
24280,910.5,0.0,84.4222472914
24300,1000.0,0.0,95.0496393343
24320,1000.0,0.0,92.0776775186
24340,1000.0,0.0,97.5392151228
24360,1000.0,0.0,88.8822900217
24380,911.9,0.0,78.0311828733
24400,1000.0,0.0,91.9265343709
24420,1000.0,0.0,96.8441398919
24440,1000.0,0.0,91.2392945532
24460,1000.0,0.0,93.9646848627
24480,1000.0,0.0,95.2467462793
24500,914.9,0.0,84.1794231016
24520,954.45,0.0,86.9618990291
24540,916.0,0.0,84.2926452425
24560,955.9,0.0,93.2984463691
24580,957.45,0.0,89.6406495569
24600,916.35,0.0,83.1185315452
24620,1000.0,0.0,87.9117542045
24640,1000.0,0.0,93.4838601653
24660,1000.0,0.0,87.457203506
24680,955.35,0.0,87.6355812494
24700,965.95,0.05,94.1744666373
24720,1000.0,0.0,96.6716077231
24740,960.65,0.05,99.2466624201
24760,958.15,0.0,87.9101802463
24780,876.8,0.05,86.7718055602
24800,969.2,0.05,91.4216044111
24820,829.2,0.2,116.281954705
24840,919.35,0.05,88.6916464681
24860,942.55,0.1,94.6708877501
24880,845.9,0.2,101.012504986
24900,919.7,0.15,110.296310463
24920,905.15,0.15,96.2812802808
24940,781.55,0.15,87.2315280513
24960,803.6,0.25,112.876445288
24980,957.85,0.0,83.3384454027
25000,851.55,0.25,120.450987963
25020,779.9,0.35,128.075616786
25040,923.65,0.05,84.5454972697
25060,945.8,0.1,92.6351704582
25080,917.3,0.15,101.563337782
25100,847.4,0.2,98.2521493522
25120,942.9,0.1,89.9570075598
25140,919.45,0.15,101.16415751
25160,999.4,0.1,87.0194330301
25180,858.1,0.1,84.6641821012
25200,936.95,0.1,82.0706278417
25220,910.6,0.0,70.1874345192
25240,956.4,0.0,76.1249210658
25260,913.9,0.0,61.4464264151
25280,1000.0,0.0,71.7120702338
25300,1000.0,0.0,61.8202049331
25320,1000.0,0.0,60.3349270001
25340,923.65,0.05,66.8836099092
25360,1000.0,0.0,73.4438636647
25380,924.05,0.05,79.2540751546
25400,916.1,0.05,61.6735182269
25420,877.4,0.25,107.535397143
25440,977.05,0.05,77.4896065673
25460,954.7,0.1,87.7313053884
25480,933.55,0.1,79.4040108871
25500,1000.0,0.0,72.5868363105
25520,960.55,0.05,85.9098955604
25540,967.8,0.05,81.1361863537
25560,1000.0,0.0,79.8039703221
25580,962.45,0.05,86.5877023941
25600,957.2,0.0,78.7808498161
25620,1000.0,0.0,78.9325772462
25640,938.7,0.1,94.938211078
25660,1000.0,0.0,86.8694196388
25680,964.2,0.05,90.7941426211
25700,1000.0,0.0,91.0420177877
25720,1000.0,0.0,87.8011744615
25740,1000.0,0.0,85.0326639204
25760,1000.0,0.0,86.7508587894
25780,1000.0,0.0,91.3817444067
25800,1000.0,0.0,86.1548435764
25820,1000.0,0.0,89.653198593
25840,1000.0,0.0,82.1338108473
25860,1000.0,0.0,91.066649086
25880,1000.0,0.0,76.2328584441
25900,1000.0,0.0,86.5835321363
25920,1000.0,0.0,96.4822311001
25940,965.85,0.05,91.6447190866
25960,1000.0,0.0,88.0856627468
25980,1000.0,0.0,93.6208403949
26000,1000.0,0.0,88.1323640017
26020,1000.0,0.0,79.727704163
26040,1000.0,0.0,81.3562712026
26060,1000.0,0.0,88.6450003576
26080,957.9,0.0,83.9782097083
26100,1000.0,0.0,88.2025671766
26120,1000.0,0.0,96.1670910486
26140,1000.0,0.0,87.8892053222
26160,1000.0,0.0,85.7375679207
26180,1000.0,0.0,85.9355305259
26200,1000.0,0.0,84.6808253168
26220,1000.0,0.0,87.459050212
26240,1000.0,0.0,95.6944636876
26260,914.65,0.0,79.8625074373
26280,961.1,0.05,95.9979318044
26300,1000.0,0.0,84.798626943
26320,1000.0,0.0,90.4854157075
26340,1000.0,0.0,87.9847603545
26360,1000.0,0.0,93.7751780647
26380,1000.0,0.0,95.9652096779
26400,1000.0,0.0,88.2845355344
26420,919.5,0.05,84.0427872578
26440,1000.0,0.0,82.1224050805
26460,1000.0,0.0,85.7811440218
26480,1000.0,0.0,93.3011175896
26500,1000.0,0.0,91.643941676
26520,957.4,0.0,94.1536704234
26540,1000.0,0.0,83.2446916706
26560,1000.0,0.0,85.0346013758
26580,944.05,0.05,86.7377014933
26600,988.8,0.05,93.4558984807
26620,967.5,0.05,90.4791238521
26640,945.65,0.1,95.4169099219
26660,933.95,0.05,82.3719997166
26680,1000.0,0.0,76.871752526
26700,1000.0,0.0,76.8374708244
26720,1000.0,0.0,82.2350403056
26740,963.05,0.0,71.743469255
26760,1000.0,0.0,79.0445844388
26780,1000.0,0.0,79.4971393514
26800,1000.0,0.0,77.9746915815
26820,955.15,0.0,72.5073595168
26840,1000.0,0.0,61.1635584478
26860,1000.0,0.0,72.6392199096
26880,940.05,0.05,81.5746513746
26900,960.05,0.0,64.0897928911
26920,958.8,0.0,54.3241863193
26940,970.8,0.05,75.4232141864
26960,928.9,0.2,89.4647870009
26980,965.4,0.15,77.4315434963
27000,833.7,0.55,118.53370368
27020,661.35,0.75,146.146106085
27040,678.9,0.8,162.403202503
27060,599.15,0.8,155.776308332
27080,637.65,0.8,160.888639943
27100,590.1,0.8,158.143484924
27120,612.85,0.85,164.100514563
27140,769.8,0.55,123.01622749
27160,753.55,0.6,127.40122126
27180,771.0,0.5,116.192512683
27200,872.35,0.35,97.2083626533
27220,839.05,0.35,106.906104397
27240,785.95,0.45,106.357715239
27260,782.15,0.5,106.541761807
27280,763.55,0.5,112.734049738
27300,709.55,0.6,120.153701208
27320,674.6,0.7,142.532811834
27340,711.7,0.7,136.025990921
27360,569.75,0.8,159.747982854
27380,551.85,1.0,176.805553346
27400,587.2,0.75,148.160418403
27420,673.2,0.75,152.420445374
27440,603.65,0.7,134.516326463
27460,594.1,0.9,169.208100345
27480,663.45,0.8,150.220914259
27500,663.35,0.7,143.690151766
27520,711.75,0.75,148.575528344
27540,735.4,0.65,130.55153871
27560,762.3,0.75,146.145357463
27580,694.85,0.7,137.288415095
27600,667.05,0.85,162.991145767
27620,619.15,0.8,142.416038321
27640,516.85,0.9,174.324356275
27660,588.3,0.85,158.446296628
27680,559.2,0.8,153.973248272
27700,544.1,0.8,159.361473103
27720,640.0,0.75,157.727860736
27740,548.05,0.8,154.916438394
27760,597.25,0.6,141.746564153
27780,595.65,0.7,146.816009897
27800,506.35,0.75,146.354053839
27820,564.65,0.75,170.887688807
27840,646.2,0.75,153.94638175
27860,720.3,0.65,151.974012362
27880,494.15,0.85,170.37633614
27900,600.6,0.8,163.023006717
27920,563.5,0.8,158.317974941
27940,598.5,0.7,155.87967004
27960,527.7,0.9,182.536856887
27980,554.3,0.8,170.967108733
28000,444.85,1.0,199.188823147
28020,538.2,0.9,181.069768986
28040,500.5,0.9,180.805697195
28060,531.45,0.85,172.177307618
28080,596.2,0.7,151.847914232
28100,559.4,0.9,184.674366636
28120,640.2,0.75,164.804189034
28140,625.9,0.55,125.218772939
28160,558.95,0.75,150.961402164
28180,624.85,0.75,162.974746544
28200,614.85,0.85,173.045639469
28220,570.75,0.8,173.511980764
28240,660.4,0.65,147.398565312
28260,645.55,0.65,141.193370454
28280,581.25,0.7,153.672747494
28300,621.65,0.6,146.102877403
28320,725.05,0.6,132.674639721
28340,653.5,0.7,164.401235969
28360,587.95,0.7,152.939618872
28380,608.1,0.9,169.140453312
28400,595.25,0.7,161.841566868
28420,552.4,0.75,157.154052286
28440,571.55,0.8,175.661029689
28460,418.1,0.75,140.944250823
28480,585.25,0.8,162.174709849
28500,575.3,0.75,165.8289765
28520,563.75,0.8,165.059336021
28540,463.25,0.9,172.819546036
28560,548.9,0.85,174.896303813
28580,617.75,0.75,167.304405853
28600,561.15,0.75,156.986771572
28620,602.8,0.75,143.22788355
28640,527.45,0.85,185.561953796
28660,584.4,0.8,164.860608115
28680,616.1,0.7,157.977695954
28700,531.6,0.9,175.184736632
28720,576.1,0.8,161.111605797
28740,483.2,1.0,194.862189992
28760,505.6,0.85,174.065524635
28780,512.3,1.0,189.824488309
28800,540.45,0.55,124.045813492
28820,615.45,0.7,159.372086229
28840,585.2,0.85,181.41623595
28860,525.05,0.9,187.620643542
28880,460.4,0.65,137.124377757
28900,605.9,0.65,153.862838061
28920,557.45,0.85,172.790520055
28940,663.3,0.7,158.823992176
28960,574.0,0.8,171.302931809
28980,569.3,0.8,174.080019147
29000,594.0,0.65,149.719894844
29020,609.75,0.55,139.08125392
29040,509.9,0.85,176.145541875
29060,558.55,0.75,165.958602788
29080,578.3,0.85,172.582755
29100,580.15,0.8,179.028138347
29120,551.95,0.7,156.035725791
29140,473.25,0.85,177.841406395
29160,540.55,0.85,187.646083985
29180,654.7,0.7,151.49643801
29200,561.6,0.85,168.304674558
29220,676.25,0.65,135.487563222
29240,540.0,0.85,182.307856785
29260,635.65,0.7,167.993700723
29280,483.35,0.85,180.536115468
29300,518.95,0.8,166.015864614
29320,515.5,0.85,185.086372506
29340,578.4,0.75,172.994560675
29360,457.75,0.85,182.309431684
29380,589.8,0.75,172.664458496
29400,487.3,0.85,175.973515812
29420,698.85,0.55,137.811179274
29440,547.1,0.7,161.019108937
29460,480.4,0.9,180.779124628
29480,445.05,0.95,199.722601849
29500,639.0,0.55,140.815175111
29520,610.8,0.7,166.891284702
29540,715.0,0.6,159.013520898
29560,531.8,0.75,166.800972638
29580,543.4,0.7,153.05690403
29600,496.35,0.95,190.37185497
29620,567.65,0.75,166.321235556
29640,576.55,0.75,160.740054971
29660,619.1,0.75,164.160600986
29680,614.6,0.8,181.84483099
29700,598.9,0.95,182.331929727
29720,553.75,0.85,182.696031314
29740,628.15,0.8,162.379626914
29760,606.75,0.9,185.012168498
29780,649.85,0.65,148.66650436
29800,616.85,0.8,166.438192289
29820,582.35,0.85,178.503909793
29840,529.05,0.9,190.885684388
29860,442.65,0.85,162.161515651
29880,518.05,0.9,181.189811843
29900,613.95,0.7,167.216589221
29920,559.05,0.85,176.272922522
29940,526.25,0.8,166.014278834
29960,538.55,0.8,171.969127097
29980,655.95,0.6,144.284113228
30000,531.25,0.9,190.430014047
