20,116.3,0.0,-358.425613255
40,115.0,0.0,-312.625359922
60,108.55,0.0,-310.581789829
80,98.65,0.0,-401.657782263
100,99.25,0.0,-305.099982922
120,122.3,0.0,-425.820268321
140,127.0,0.0,-383.099689784
160,128.0,0.0,-363.362361454
180,133.8,0.0,-297.368258894
200,118.1,0.0,-258.271305781
220,117.0,0.0,-292.940862721
240,157.2,0.0,-279.938829951
260,108.2,0.0,-224.980984495
280,120.15,0.0,-287.334949089
300,114.75,0.0,-287.913529641
320,118.95,0.0,-282.713889186
340,134.65,0.0,-245.296447413
360,114.9,0.0,-259.079558179
380,112.25,0.0,-194.412068833
400,125.3,0.0,-278.54392066
420,181.45,0.0,-245.353032057
440,144.75,0.0,-296.557107
460,151.35,0.0,-347.416635237
480,164.45,0.0,-388.337507976
500,158.15,0.0,-329.099684674
520,231.35,0.0,-329.808687549
540,178.35,0.0,-342.526165566
560,187.8,0.0,-354.078837615
580,176.05,0.0,-345.573028857
600,191.8,0.0,-435.514733643
620,177.25,0.0,-353.534516397
640,226.45,0.0,-441.835151397
660,181.95,0.0,-293.128724175
680,177.5,0.0,-305.023658519
700,164.65,0.0,-309.590831739
720,180.7,0.0,-281.816894858
740,210.7,0.0,-202.333373592
760,178.05,0.0,-245.310928536
780,151.65,0.0,-199.407254156
800,159.55,0.0,-217.851961148
820,174.55,0.0,-221.423452944
840,253.6,0.0,-156.603532771
860,160.5,0.0,-128.635411636
880,165.3,0.0,-179.593142782
900,166.1,0.0,-137.114689894
920,223.0,0.0,-115.263311589
940,193.85,0.0,-145.958572608
960,205.2,0.0,-114.10034514
980,220.15,0.0,-142.317535102
1000,161.9,0.0,-107.024330976
1020,218.5,0.0,-146.457118432
1040,296.15,0.0,-92.9875495475
1060,317.35,0.0,-79.4739987929
1080,168.05,0.0,-74.1732341309
1100,228.5,0.0,-96.1219948831
1120,237.55,0.0,-92.2171410484
1140,170.4,0.0,-86.2900656531
1160,391.9,0.0,-98.0953038658
1180,410.9,0.0,-108.749144258
1200,443.75,0.0,-80.5005013331
1220,581.5,0.0,-65.9220779542
1240,624.95,0.0,-102.119809539
1260,617.65,0.0,-79.0819142251
1280,484.4,0.0,-62.8688454667
1300,704.0,0.0,-48.5319737957
1320,545.45,0.0,-58.0504352766
1340,527.9,0.0,-51.7163114844
1360,438.1,0.0,-73.0147692987
1380,476.7,0.0,-40.5202902279
1400,316.2,0.0,-62.1232409573
1420,408.7,0.05,-38.5110333666
1440,406.8,0.0,-73.0592583917
1460,669.65,0.0,-46.7196205701
1480,479.15,0.0,-81.8434489429
1500,539.15,0.0,-37.8005636333
1520,681.95,0.0,-64.3572720719
1540,836.85,0.0,-76.0786012449
1560,843.9,0.0,-84.1687139223
1580,926.0,0.0,-61.3561789752
1600,832.2,0.0,-87.0635588442
1620,840.85,0.0,-49.0151336964
1640,883.75,0.0,-58.9375065018
1660,926.45,0.05,-57.9598821446
1680,843.2,0.05,-56.5942673802
1700,967.2,0.05,-1.09358777603
1720,686.1,0.55,33.7170108446
1740,456.2,0.3,10.6484494588
1760,366.2,0.2,-19.8920508529
1780,275.2,0.25,8.56317988829
1800,310.2,0.15,-6.72528233318
1820,273.0,0.1,-6.63662049111
1840,253.55,0.2,11.120331847
1860,237.75,0.1,-13.0266670155
1880,242.85,0.15,3.63688298281
1900,293.6,0.25,8.40867725956
1920,302.05,0.35,42.8132825629
1940,332.25,0.35,40.8372721603
1960,374.8,0.3,29.7874330069
1980,463.2,0.6,58.4303402486
2000,507.6,0.65,63.3327921005
2020,543.85,0.75,101.969252113
2040,704.65,0.6,17.771904738
2060,827.95,0.5,-9.74139409111
2080,864.55,0.45,17.2180020877
2100,820.2,0.65,11.0442393422
2120,730.1,0.7,37.4281072827
2140,751.75,0.5,-5.13851021388
2160,670.4,0.85,67.297405237
2180,593.45,0.8,62.567662011
2200,476.75,0.8,113.230644909
2220,510.05,0.65,44.2530719651
2240,486.4,0.6,57.0865391526
2260,526.4,0.7,70.6632002348
2280,530.85,0.6,27.9952099384
2300,531.3,0.7,64.593045897
2320,514.8,0.65,52.4194891618
2340,548.15,0.5,12.6882753116
2360,501.65,0.75,110.605665029
2380,437.4,0.4,19.7564956036
2400,566.7,0.35,-9.42720097517
2420,441.35,0.55,65.2137719839
2440,519.5,0.5,47.8162353763
2460,465.0,0.4,16.5498115781
2480,447.8,0.6,83.4650799402
2500,543.4,0.35,4.58273166388
2520,513.35,0.75,103.783237456
2540,516.6,0.8,97.5972535354
2560,465.5,0.7,100.235251606
2580,496.95,0.8,113.024874743
2600,527.8,0.35,-17.0015947899
2620,564.95,0.4,12.1874297791
2640,533.85,0.55,44.6519914263
2660,592.75,0.7,78.0873301255
2680,481.25,0.6,51.6354805497
2700,553.0,0.75,105.573860563
2720,483.7,0.55,49.0583608486
2740,554.5,0.75,113.038250699
2760,597.65,0.6,37.1928674879
2780,747.3,0.6,89.2284637441
2800,758.45,0.55,81.8803182526
2820,617.65,0.65,109.294198876
2840,792.7,0.4,70.5979489558
2860,692.65,0.55,102.030543537
2880,785.6,0.45,99.3871581094
2900,778.05,0.25,61.5723773279
2920,952.75,0.05,64.179752273
2940,848.55,0.15,84.0033359223
2960,898.6,0.05,83.0382460437
2980,925.4,0.1,83.8375414049
3000,870.1,0.05,82.2532465936
3020,764.1,0.05,68.2694444293
3040,643.1,0.05,55.1365352052
3060,591.25,0.0,25.0223135767
3080,443.6,0.1,34.5850133372
3100,361.55,0.05,-11.4048216316
3120,477.15,0.0,0.0582411856319
3140,479.1,0.1,30.6164179313
3160,593.55,0.0,22.4400569505
3180,559.8,0.05,36.6951449057
3200,498.95,0.1,37.3775271384
3220,457.95,0.05,5.3637111753
3240,571.5,0.05,33.2471867385
3260,534.95,0.4,92.7170329686
3280,586.25,0.1,33.3027083753
3300,696.05,0.15,59.7270616148
3320,709.85,0.15,72.0871978878
3340,700.55,0.05,44.0702517981
3360,963.3,0.0,82.1768622552
3380,883.6,0.05,77.495736482
3400,796.6,0.15,76.1813665859
3420,804.6,0.25,96.1376848637
3440,841.8,0.2,77.7776245818
3460,823.75,0.3,95.2846874179
3480,638.9,0.5,103.723825129
3500,684.05,0.4,97.9064910276
3520,708.15,0.35,82.2264061475
3540,656.55,0.4,88.7544431412
3560,495.45,0.75,137.016490247
3580,708.45,0.55,109.206286041
3600,724.35,0.5,119.919573017
3620,823.2,0.35,96.5153942513
3640,881.1,0.35,107.746062864
3660,891.05,0.25,93.4948509736
3680,928.95,0.15,83.0265893193
3700,924.65,0.2,88.2855773285
3720,772.85,0.35,98.3482165837
3740,766.7,0.3,86.9122651124
3760,814.2,0.2,75.8717653908
3780,780.35,0.2,71.3222279191
3800,691.55,0.45,106.79464616
3820,494.1,0.35,54.999990057
3840,460.8,0.75,148.305391554
3860,609.45,0.25,65.5011520692
3880,389.0,0.4,60.4282955292
3900,470.65,0.4,72.6318198685
3920,350.55,0.25,8.55335501272
3940,304.35,0.25,6.33754499913
3960,422.85,0.45,75.6153758888
3980,396.7,0.35,45.0236913481
4000,242.9,0.1,-23.5417516567
4020,354.95,0.45,59.5981910039
4040,344.85,0.3,32.0858821151
4060,497.9,0.3,53.2220563525
4080,245.9,0.45,54.1838886447
4100,419.55,0.35,61.9914138651
4120,365.75,0.3,22.6298206386
4140,364.6,0.25,14.4262572637
4160,335.25,0.25,23.2654213009
4180,362.85,0.35,43.033862319
4200,395.05,0.3,33.1041997059
4220,439.35,0.4,64.7896248534
4240,274.55,0.2,-14.6142338739
4260,353.35,0.55,85.340661675
4280,435.95,0.55,85.5995388539
4300,563.3,0.15,25.3004416798
4320,574.3,0.3,65.9974702997
4340,455.1,0.3,43.423352699
4360,513.65,0.3,66.8899918321
4380,631.55,0.35,57.0891507697
4400,575.25,0.5,96.2070945475
4420,548.65,0.6,128.777108936
4440,646.95,0.45,89.4273979535
4460,597.55,0.75,148.23116052
4480,743.25,0.5,114.286465258
4500,622.65,0.65,139.93807387
4520,752.55,0.5,129.623819788
4540,677.65,0.5,119.638638533
4560,747.5,0.65,145.619535806
4580,846.9,0.45,106.79341586
4600,797.2,0.55,126.173346902
4620,860.15,0.5,126.624826407
4640,822.65,0.35,100.342573003
4660,978.5,0.05,74.8009609473
4680,905.4,0.1,75.4722773707
4700,924.4,0.15,96.9934887058
4720,858.25,0.2,106.622066818
4740,900.25,0.15,84.4357385393
4760,802.35,0.25,100.626203913
4780,791.15,0.2,102.042231218
4800,738.9,0.2,94.3175406166
4820,707.6,0.2,88.9190019945
4840,674.4,0.2,85.180253628
4860,725.45,0.4,119.883689938
4880,715.1,0.3,95.723602122
4900,438.25,0.65,146.246272434
4920,684.0,0.3,93.1559967237
4940,542.85,0.5,108.998352627
4960,390.65,0.7,149.305273825
4980,562.7,0.5,122.917705454
5000,643.1,0.45,130.41486053
5020,525.25,0.6,132.612659405
5040,746.7,0.4,114.111090874
5060,625.9,0.45,119.185354528
5080,662.05,0.35,111.73261083
5100,778.85,0.25,99.8835360721
5120,619.1,0.0,51.7243674992
5140,620.15,0.0,46.5289048877
5160,614.95,0.0,53.7309009872
5180,535.55,0.05,55.6917931472
5200,571.7,0.0,54.8931987991
5220,447.2,0.0,33.9479245541
5240,341.05,0.0,14.8222060046
5260,339.75,0.0,15.3144877557
5280,400.25,0.05,40.2125177294
5300,351.25,0.0,25.5144314002
5320,340.6,0.0,17.0399090363
5340,516.95,0.0,44.828194919
5360,308.85,0.05,37.5951214649
5380,349.55,0.0,21.4322019526
5400,446.6,0.05,49.9849150913
5420,656.45,0.05,75.5357751745
5440,789.95,0.1,95.9909275235
5460,742.95,0.0,58.8006992284
5480,960.2,0.05,99.5462555321
5500,960.1,0.0,90.3703773575
5520,954.3,0.0,92.2123618362
5540,1000.0,0.0,92.7997028283
5560,741.2,0.05,77.2878953035
5580,916.05,0.05,100.102325301
5600,910.9,0.0,86.0369005078
5620,908.55,0.0,72.0046480503
5640,954.5,0.0,90.7387181392
5660,955.7,0.0,85.7350384921
5680,1000.0,0.0,87.6614447873
5700,954.9,0.0,75.7354354297
5720,965.7,0.05,92.4557677726
5740,965.75,0.05,91.1199949702
5760,876.4,0.05,82.4003322725
5780,922.6,0.05,98.6953709475
5800,955.75,0.0,86.7182445527
5820,910.3,0.0,80.5414325146
5840,956.75,0.0,86.9957945623
5860,835.6,0.05,82.3866886392
5880,955.0,0.0,84.4814643229
5900,955.4,0.0,90.3788048027
5920,1000.0,0.0,84.3049036515
5940,1000.0,0.0,86.5660508026
5960,910.9,0.0,89.7958180017
5980,964.35,0.05,102.470191257
6000,1000.0,0.0,101.250708972
6020,1000.0,0.0,96.6341046423
6040,845.8,0.1,95.4516854282
6060,929.2,0.1,100.944147304
6080,832.45,0.05,93.9693991677
6100,904.1,0.15,101.428805534
6120,776.05,0.15,85.7700474824
6140,710.25,0.5,144.881511165
6160,640.7,0.45,131.522168227
6180,697.8,0.55,137.009231024
6200,778.3,0.3,101.51535236
6220,424.6,0.75,156.791705992
6240,550.65,0.55,132.265096912
6260,644.45,0.55,131.396966712
6280,638.4,0.55,124.878595192
6300,527.65,0.5,111.051007603
6320,726.95,0.4,122.122255899
6340,563.45,0.6,128.116876715
6360,600.4,0.55,125.132283238
6380,452.55,0.55,113.548084675
6400,611.7,0.6,136.213866142
6420,600.15,0.45,123.123928409
6440,618.05,0.45,124.951393356
6460,710.85,0.25,111.587372985
6480,651.1,0.55,153.207218909
6500,632.3,0.45,123.381171986
6520,537.95,0.6,152.69326883
6540,737.45,0.35,123.053958798
6560,789.4,0.5,135.117554867
6580,619.45,0.5,131.646429423
6600,666.9,0.5,138.079812295
6620,709.0,0.6,148.265169468
6640,639.15,0.65,160.067572006
6660,574.45,0.55,141.626778289
6680,696.05,0.4,128.757428969
6700,501.5,0.45,115.531860145
6720,576.8,0.75,168.134346237
6740,683.5,0.45,136.424986802
6760,503.4,0.6,144.872463676
6780,413.35,0.65,146.930988018
6800,563.45,0.65,147.696078804
6820,537.45,0.5,133.334313328
6840,447.4,0.5,113.250291874
6860,380.15,0.45,111.47521521
6880,408.7,0.8,167.223203059
6900,386.9,0.4,94.2925306272
6920,634.85,0.25,83.1442758603
6940,645.5,0.25,92.3251877967
6960,602.95,0.3,97.7165067436
6980,589.65,0.2,75.3406774734
7000,616.35,0.2,79.850373144
7020,623.6,0.3,98.100012957
7040,506.25,0.5,109.621385129
7060,438.95,0.6,131.757044051
7080,571.1,0.3,88.2655462087
7100,391.9,0.4,82.1434449705
7120,530.75,0.4,99.8186176944
7140,446.75,0.5,116.225237808
7160,442.15,0.5,105.981797517
7180,548.5,0.5,107.219237225
7200,400.0,0.65,137.465743175
7220,421.7,0.35,69.3084280369
7240,367.05,0.45,85.8828879182
7260,484.6,0.25,73.8739998577
7280,718.3,0.3,107.089614422
7300,711.0,0.2,93.3709680698
7320,734.85,0.15,83.920312375
7340,690.2,0.2,85.9457454633
7360,578.2,0.25,86.8166312685
7380,737.45,0.2,100.119623666
7400,592.2,0.2,91.2776215122
7420,667.15,0.4,132.481874667
7440,678.3,0.3,115.958553402
7460,718.95,0.3,125.93807529
7480,661.2,0.3,117.756891589
7500,803.1,0.15,102.752056296
7520,955.0,0.0,99.1379158587
7540,628.25,0.1,81.8142247142
7560,811.45,0.2,120.552191969
7580,856.5,0.15,112.729910771
7600,920.45,0.05,106.475179314
7620,782.95,0.15,95.3308396963
7640,651.05,0.5,150.089476762
7660,751.5,0.3,123.449894132
7680,764.15,0.3,141.013350376
7700,764.5,0.35,132.494096536
7720,706.95,0.4,130.804463638
7740,933.25,0.15,107.719610357
7760,776.25,0.35,134.90975756
7780,828.0,0.25,131.115637822
7800,810.45,0.2,113.283868441
7820,796.2,0.25,123.967593473
7840,831.4,0.15,108.21669961
7860,596.45,0.5,135.554897957
7880,725.15,0.3,117.879716923
7900,814.05,0.15,103.253089367
7920,722.2,0.4,130.65081185
7940,893.1,0.2,112.104401562
7960,747.55,0.3,120.926189854
7980,796.45,0.3,116.662123067
8000,638.1,0.4,114.2630262
8020,634.65,0.5,142.59816689
8040,671.55,0.5,131.045117753
8060,640.7,0.65,151.005775307
8080,662.95,0.55,138.270814684
8100,662.85,0.65,148.433233726
8120,616.0,0.7,144.217619067
8140,632.95,0.6,124.067283719
8160,685.55,0.6,143.563381909
8180,627.85,0.6,152.025482999
8200,733.75,0.5,133.499007647
8220,856.75,0.25,105.284690975
8240,732.95,0.4,118.869292998
8260,734.15,0.5,130.003370991
8280,825.6,0.4,119.357357575
8300,831.5,0.3,107.516944496
8320,892.55,0.25,103.434114577
8340,966.6,0.05,86.3476282246
8360,975.4,0.05,77.990643134
8380,978.65,0.05,72.5378000004
8400,955.75,0.0,66.4961264378
8420,955.35,0.0,70.0945806853
8440,966.15,0.05,85.3302050388
8460,1000.0,0.0,81.250357404
8480,1000.0,0.0,86.3350875379
8500,955.5,0.0,86.2857126157
8520,1000.0,0.0,85.7030349911
8540,1000.0,0.0,79.4982052437
8560,1000.0,0.0,78.8684388469
8580,1000.0,0.0,82.7980230577
8600,1000.0,0.0,86.1869302196
8620,955.2,0.0,90.3260343687
8640,955.45,0.0,90.0698723324
8660,1000.0,0.0,85.8150587851
8680,955.7,0.0,92.0500306821
8700,917.75,0.05,92.641684937
8720,1000.0,0.0,84.342714759
8740,1000.0,0.0,75.718069018
8760,957.5,0.0,92.6471556667
8780,1000.0,0.0,89.0176899119
8800,961.95,0.0,96.6961125006
8820,955.15,0.0,86.9766259072
8840,895.9,0.1,105.684867615
8860,879.9,0.1,104.168196738
8880,917.85,0.05,103.491681257
8900,1000.0,0.0,93.6519459014
8920,959.45,0.1,117.949646604
8940,841.35,0.1,103.067289311
8960,923.55,0.1,111.906516622
8980,900.9,0.1,105.763366293
9000,877.25,0.05,91.3980046089
9020,851.0,0.15,108.660319073
9040,903.3,0.1,102.074457738
9060,887.45,0.1,107.853693164
9080,931.65,0.05,100.435392995
9100,978.2,0.05,96.9275111675
9120,931.35,0.1,107.203133497
9140,965.15,0.05,89.1154237157
9160,1000.0,0.0,91.6432373104
9180,966.75,0.05,92.0283586068
9200,966.6,0.0,79.5562471882
9220,1000.0,0.0,90.6517821405
9240,885.35,0.05,75.9526367673
9260,950.9,0.1,90.1851510177
9280,1000.0,0.0,84.6755360601
9300,1000.0,0.0,92.4917522004
9320,966.3,0.05,97.1832122102
9340,937.95,0.1,94.7047219909
9360,1000.0,0.0,91.0664204725
9380,779.85,0.15,100.024456349
9400,955.8,0.0,95.2258693517
9420,1000.0,0.0,88.616844536
9440,969.5,0.05,87.0012691091
9460,1000.0,0.0,82.955578569
9480,868.25,0.15,108.764495107
9500,955.6,0.1,106.859571975
9520,1000.0,0.0,85.6930371695
9540,939.45,0.05,84.1994012492
9560,923.3,0.15,102.382798108
9580,954.6,0.1,89.9720186239
9600,848.15,0.1,96.982332194
9620,836.6,0.3,108.940692636
9640,953.45,0.1,90.0045010189
9660,805.15,0.25,102.157330545
9680,862.65,0.3,115.839403522
9700,829.9,0.25,96.6778209038
9720,881.2,0.05,72.3414429658
9740,892.95,0.2,88.5316969152
9760,871.75,0.15,90.4982434116
9780,827.15,0.25,89.1298983449
9800,946.1,0.1,82.4447525784
9820,892.95,0.1,71.2474083994
9840,951.65,0.1,82.168576944
9860,891.65,0.2,94.6233765414
9880,807.35,0.4,117.676648979
9900,899.5,0.2,95.6235403824
9920,950.7,0.1,94.2154447743
9940,836.9,0.2,104.783992113
9960,971.55,0.05,83.6482594046
9980,915.05,0.15,99.9499590811
10000,869.0,0.15,107.194540579
10020,897.65,0.1,99.5815397876
10040,1000.0,0.0,81.8420242212
10060,911.75,0.15,93.2416528971
10080,976.8,0.05,94.25336466
10100,1000.0,0.0,82.8094308163
10120,958.8,0.0,89.0044144798
10140,1000.0,0.0,90.9559148835
10160,1000.0,0.0,89.6741960376
10180,970.4,0.05,107.225007125
10200,1000.0,0.0,85.4723737987
10220,1000.0,0.0,96.1630947976
10240,919.15,0.05,104.775175385
10260,1000.0,0.0,94.4299976841
10280,1000.0,0.0,94.6496054896
10300,1000.0,0.0,101.209864949
10320,913.2,0.0,88.3649735584
10340,957.75,0.0,101.146379513
10360,957.0,0.0,101.602415941
10380,1000.0,0.0,98.9530415357
10400,958.15,0.0,103.335230707
10420,955.75,0.0,106.374199318
10440,1000.0,0.0,110.521314717
10460,919.6,0.0,94.4123489558
10480,1000.0,0.0,102.670320751
10500,956.45,0.0,98.1345510564
10520,873.25,0.0,92.5237331665
10540,873.5,0.0,94.5272112239
10560,838.75,0.0,89.898973611
10580,910.85,0.0,101.479039347
10600,837.9,0.0,79.0871243826
10620,838.25,0.0,87.1402582083
10640,795.9,0.1,105.872919964
10660,1000.0,0.0,99.5999851528
10680,855.45,0.1,94.9901831615
10700,883.35,0.05,102.860240034
10720,792.0,0.15,99.3965165482
10740,880.45,0.0,85.6544922055
10760,761.5,0.05,79.9715282912
10780,1000.0,0.0,99.0489180693
10800,835.4,0.0,85.428941305
10820,918.45,0.0,100.107549702
10840,795.75,0.0,76.4027794819
10860,875.7,0.0,89.889118171
10880,919.75,0.0,92.8012448938
10900,1000.0,0.0,94.359516981
10920,749.2,0.0,72.9193484061
10940,920.55,0.0,78.3529023219
10960,845.35,0.05,83.1875246206
10980,967.05,0.05,93.6658115662
11000,867.3,0.1,87.8288417646
11020,757.9,0.35,124.170477128
11040,903.8,0.15,98.0735906193
11060,744.85,0.2,93.582503434
11080,653.45,0.45,137.685402874
11100,744.0,0.35,116.472263721
11120,618.05,0.4,121.020289033
11140,643.7,0.2,86.8969391617
11160,560.0,0.55,137.988563932
11180,703.25,0.3,121.709277864
11200,711.95,0.3,117.720842623
11220,695.2,0.35,122.151171403
11240,689.55,0.4,133.553965231
11260,787.95,0.2,105.805260499
11280,887.7,0.15,108.13204421
11300,965.05,0.05,85.7202479453
11320,1000.0,0.0,97.8411003782
11340,939.95,0.05,91.2311627174
11360,965.05,0.05,93.9694642922
11380,968.1,0.05,87.0971574929
11400,1000.0,0.0,94.6914542256
11420,1000.0,0.0,90.8439581502
11440,962.65,0.0,95.2112096473
11460,1000.0,0.0,96.4180552301
11480,1000.0,0.0,97.6133568227
11500,1000.0,0.0,113.050645599
11520,962.3,0.0,96.7589441242
11540,959.35,0.0,94.6994366816
11560,1000.0,0.0,96.6661211413
11580,961.2,0.05,101.68819341
11600,916.15,0.0,108.206321565
11620,1000.0,0.0,101.855738825
11640,1000.0,0.0,105.11810919
11660,918.6,0.05,98.9349660095
11680,919.45,0.05,109.230973369
11700,1000.0,0.0,111.544893543
11720,843.1,0.1,110.645746544
11740,957.7,0.0,101.562024074
11760,878.65,0.05,107.496919118
11780,618.2,0.0,61.6986171561
11800,957.9,0.0,99.6784468104
11820,746.95,0.05,88.0431259383
11840,791.5,0.05,83.4893540449
11860,923.05,0.05,103.679490393
11880,792.25,0.15,105.043409941
11900,723.5,0.15,99.1841856609
11920,765.5,0.1,88.5407543703
11940,710.45,0.1,78.2241224539
11960,821.85,0.05,87.9088357871
11980,777.65,0.1,88.7898143318
12000,663.35,0.1,82.5057978321
12020,686.1,0.05,76.8808282866
12040,646.45,0.1,80.1432361337
12060,708.05,0.1,91.1769370835
12080,699.7,0.05,74.5405303519
12100,661.15,0.05,71.728128606
12120,658.2,0.05,69.4038502714
12140,569.8,0.1,71.5605743333
12160,834.35,0.05,94.9947427104
12180,567.0,0.0,52.9413513204
12200,695.35,0.0,64.649653316
12220,659.15,0.05,74.7456987581
12240,524.65,0.05,53.7813710543
12260,741.15,0.0,77.339121017
12280,696.7,0.05,78.7905409288
12300,779.1,0.0,78.9523205773
12320,826.3,0.0,81.9549611669
12340,708.9,0.1,93.7354194786
12360,744.15,0.05,87.6769558189
12380,833.5,0.05,87.4444721103
12400,695.95,0.0,69.0166073176
12420,750.65,0.1,95.339098457
12440,826.5,0.0,87.370266137
12460,791.3,0.05,92.1235593908
12480,693.1,0.0,65.3353675476
12500,828.9,0.05,87.2809722332
12520,779.4,0.0,78.424592628
12540,696.5,0.0,73.8720059482
12560,693.2,0.0,73.4440809133
12580,739.1,0.0,74.4844219902
12600,956.5,0.0,106.363191277
12620,581.65,0.15,82.3022201093
12640,740.9,0.05,84.5175242992
12660,519.4,0.05,59.1867054011
12680,735.15,0.0,70.5073802432
12700,878.55,0.1,105.33228896
12720,745.55,0.1,93.1076779974
12740,867.8,0.0,90.6377152991
12760,779.8,0.0,78.0594333071
12780,647.8,0.0,60.2871070816
12800,824.0,0.0,78.6444700018
12820,737.4,0.0,64.2712485189
12840,703.55,0.15,95.6212415138
12860,663.0,0.15,84.6759960086
12880,512.7,0.0,39.906243761
12900,604.1,0.0,60.003366602
12920,608.4,0.0,59.9531917401
12940,540.05,0.25,92.8624373835
12960,600.0,0.0,55.7668998274
12980,653.2,0.05,66.7573034273
13000,824.75,0.0,75.8757627728
13020,477.95,0.05,41.1024492432
13040,564.95,0.05,55.4760384831
13060,619.55,0.1,85.4509213186
13080,702.95,0.05,76.3041806835
13100,566.5,0.0,36.4765963196
13120,573.6,0.1,71.6830524134
13140,383.45,0.1,48.9336662111
13160,654.3,0.05,69.260167313
13180,612.85,0.1,67.6895661295
13200,785.55,0.1,91.7474998555
13220,693.7,0.0,60.6369162896
13240,711.7,0.15,99.6977309907
13260,618.15,0.1,71.1578826668
13280,561.55,0.0,45.301239359
13300,740.4,0.1,93.3100736535
13320,558.6,0.0,51.2758044376
13340,692.55,0.05,77.3055775564
13360,601.4,0.0,51.6109044183
13380,646.15,0.0,62.6089777835
13400,603.95,0.0,41.0618746578
13420,622.75,0.15,86.6544155011
13440,824.9,0.0,79.7226171998
13460,558.3,0.0,48.7826386191
13480,690.3,0.0,71.4121598162
13500,741.1,0.05,82.7183590235
13520,647.0,0.0,53.5506864365
13540,557.55,0.0,40.655889209
13560,560.25,0.05,51.5429121215
13580,551.55,0.0,39.3469490616
13600,468.3,0.0,26.7390178003
13620,691.2,0.0,62.6366450924
13640,592.85,0.0,46.5929135552
13660,381.95,0.05,34.7333175636
13680,734.55,0.0,66.2402116008
13700,469.35,0.0,38.6283844076
13720,690.2,0.0,64.0144208295
13740,565.05,0.0,46.3432238374
13760,684.75,0.0,53.1800657559
13780,600.95,0.0,52.6122805053
13800,515.1,0.0,42.8004613983
13820,687.4,0.0,56.9457949121
13840,637.25,0.0,46.1945588975
13860,689.55,0.0,58.1812991266
13880,692.8,0.0,57.9369538154
13900,776.7,0.05,83.2305473336
13920,653.35,0.05,68.2557447856
13940,707.15,0.05,80.9254208307
13960,672.2,0.05,68.3588322032
13980,692.55,0.05,70.2537926369
14000,559.9,0.0,45.7751666069
14020,604.8,0.05,62.533996581
14040,646.45,0.05,65.9630329194
14060,690.15,0.0,53.8794820656
14080,746.85,0.05,75.926297359
14100,567.3,0.1,67.3824253866
14120,730.3,0.0,71.4877240853
14140,692.45,0.05,72.3015580118
14160,604.25,0.05,66.1357759101
14180,825.05,0.0,74.3800643993
14200,563.0,0.05,53.8672771737
14220,658.25,0.1,83.2933775244
14240,697.55,0.1,79.1138871404
14260,780.6,0.0,72.8795752375
14280,783.65,0.05,82.3382322053
14300,821.95,0.05,88.7890861926
14320,625.1,0.2,101.163601906
14340,612.4,0.1,75.6404826135
14360,609.3,0.1,79.2526982243
14380,743.2,0.1,77.0831212552
14400,595.8,0.3,112.141491537
14420,436.75,0.35,93.874538909
14440,688.85,0.25,113.554931574
14460,617.65,0.2,92.1312040641
14480,683.35,0.2,101.002435762
14500,679.95,0.1,65.2551525499
14520,722.75,0.15,94.4586509572
14540,631.4,0.2,87.0151762865
14560,541.4,0.15,61.7466633067
14580,674.7,0.05,66.4174043214
14600,617.2,0.15,76.4127068873
14620,747.25,0.1,84.1635427344
14640,691.55,0.0,65.9023199544
14660,712.65,0.15,90.9992839932
14680,739.3,0.05,82.1063001782
14700,564.7,0.05,46.5001782924
14720,779.45,0.05,82.0984807195
14740,607.9,0.1,67.5604317291
14760,693.35,0.0,57.9199677881
14780,599.85,0.0,50.2734268609
14800,470.55,0.05,46.0651324902
14820,469.15,0.05,46.5090948527
14840,610.5,0.05,60.4697318377
14860,514.2,0.05,48.0287084035
14880,600.65,0.0,41.7406526415
14900,648.65,0.0,53.8652643281
14920,473.25,0.05,36.4570102422
14940,432.2,0.05,36.1840151434
14960,599.5,0.0,42.6793958228
14980,389.7,0.05,36.8733657612
15000,381.05,0.05,31.4601130014
15020,421.55,0.0,15.3725975566
15040,387.2,0.05,24.9602071951
15060,423.55,0.0,26.4234528505
15080,570.9,0.05,53.4619880773
15100,469.5,0.1,45.0918897462
15120,349.65,0.1,39.8215557105
15140,499.25,0.15,67.367156034
15160,380.95,0.0,24.6387668642
15180,559.8,0.0,50.1309796361
15200,513.15,0.05,41.6882738721
15220,648.2,0.05,59.554435026
15240,648.8,0.0,58.6427261449
15260,558.45,0.0,36.3658782323
15280,377.15,0.0,16.7471751201
15300,516.8,0.05,52.1145882286
15320,468.35,0.0,34.8140409094
15340,426.95,0.05,35.9530692912
15360,644.55,0.0,56.9985089587
15380,617.05,0.1,72.5040195854
15400,559.45,0.0,37.5673115106
15420,525.1,0.05,52.9696871168
15440,601.4,0.0,43.4289861358
15460,538.5,0.15,76.2645884141
15480,732.2,0.0,63.8180436009
15500,646.85,0.0,50.0911724234
15520,474.65,0.05,44.5876882213
15540,506.55,0.0,41.530726107
15560,645.7,0.0,48.407712923
15580,742.1,0.0,66.7755324532
15600,601.15,0.0,41.4987033288
15620,652.15,0.0,53.0341361603
15640,864.55,0.0,85.6424933923
15660,695.7,0.05,74.9722814059
15680,780.1,0.0,70.5451083931
15700,560.9,0.0,45.1195913205
15720,607.25,0.0,56.847474027
15740,557.6,0.0,44.8677440953
15760,656.1,0.05,74.3747388582
15780,648.4,0.0,55.1963213417
15800,693.8,0.0,64.5274288514
15820,695.95,0.05,73.5648546224
15840,865.0,0.0,79.3701433349
15860,699.5,0.05,73.8681034964
15880,862.3,0.0,70.1774512928
15900,781.3,0.0,75.3305896022
15920,779.1,0.05,77.2681739413
15940,649.2,0.0,59.2680433242
15960,739.65,0.0,74.3721568338
15980,819.2,0.0,79.6878711163
16000,931.7,0.1,115.429962166
16020,815.75,0.1,98.3018226965
16040,655.55,0.2,90.4932461338
16060,803.85,0.15,103.864394151
16080,789.35,0.1,86.594136999
16100,676.55,0.15,82.9147579303
16120,889.65,0.1,98.0182026094
16140,732.15,0.2,107.222965672
16160,819.8,0.05,81.1059796665
16180,658.2,0.1,78.0413732009
16200,660.15,0.15,80.4309535834
16220,480.9,0.05,41.7365381523
16240,570.4,0.1,67.9779459022
16260,623.5,0.15,82.7007387142
16280,521.65,0.05,54.2003725704
16300,659.9,0.1,82.1110792875
16320,688.8,0.2,94.6678310114
16340,609.5,0.05,60.8745895897
16360,461.35,0.15,64.5331982512
16380,490.8,0.05,44.936562601
16400,489.15,0.2,72.0789187313
16420,496.45,0.35,101.681965533
16440,279.2,0.1,18.9034787586
16460,485.4,0.3,83.4656289309
16480,467.4,0.35,96.7332734446
16500,432.7,0.2,68.7341668572
16520,555.55,0.2,85.6740045162
16540,486.5,0.1,57.6020793095
16560,475.9,0.05,48.9528263616
16580,654.15,0.1,72.2822693703
16600,516.65,0.1,59.4480059808
16620,521.45,0.05,52.5392063956
16640,653.2,0.05,68.9971964113
16660,494.7,0.2,67.4266957493
16680,665.8,0.05,59.9333777501
16700,563.3,0.1,71.4345012665
16720,560.65,0.05,54.5557478512
16740,711.6,0.25,113.303672693
16760,694.65,0.05,66.4648154825
16780,526.3,0.1,68.0118431441
16800,699.65,0.1,76.9974645485
16820,616.85,0.2,92.6115969514
16840,688.75,0.05,68.0736114957
16860,648.25,0.0,53.9265932551
16880,663.65,0.1,74.7866232141
16900,710.15,0.15,96.5457979237
16920,754.75,0.2,108.665022211
16940,746.7,0.15,96.4439749838
16960,764.0,0.2,110.858229029
16980,739.15,0.1,84.2713017775
17000,734.1,0.0,69.8374564303
17020,747.7,0.1,95.6159847966
17040,875.3,0.1,103.56774396
17060,791.5,0.1,93.815197336
17080,834.3,0.1,104.296056295
17100,832.15,0.05,92.5548635403
17120,923.75,0.1,109.007597833
17140,1000.0,0.0,100.134721439
17160,761.65,0.25,125.980333675
17180,794.35,0.15,104.968350585
17200,796.35,0.15,108.614033768
17220,838.95,0.15,114.803052652
17240,757.7,0.15,103.24965528
17260,716.6,0.3,130.345700701
17280,747.1,0.1,95.2020191523
17300,845.0,0.15,118.701652515
17320,859.4,0.15,113.653057289
17340,804.35,0.25,133.806724594
17360,796.05,0.1,99.2997228427
17380,961.1,0.05,116.410391546
17400,833.55,0.1,107.668246744
17420,798.95,0.15,109.201157992
17440,692.6,0.05,77.4068157459
17460,745.95,0.1,94.6095362875
17480,784.65,0.05,90.593019909
17500,744.1,0.1,92.5688977442
17520,835.8,0.15,108.118136433
17540,738.5,0.05,80.1472648079
17560,868.05,0.0,94.9201578525
17580,794.7,0.15,109.974767638
17600,800.25,0.1,97.9080277306
17620,830.6,0.05,95.9297542096
17640,748.15,0.15,107.78271387
17660,866.0,0.0,91.7170235352
17680,716.5,0.15,104.980932098
17700,836.5,0.05,96.4475673961
17720,833.6,0.1,110.611778413
17740,880.6,0.1,113.9355813
17760,915.65,0.05,109.184757518
17780,771.15,0.25,124.991960891
17800,845.65,0.2,126.858950657
17820,812.5,0.2,129.052582599
17840,835.6,0.1,112.55317636
17860,872.2,0.05,90.8242914105
17880,749.15,0.15,103.274820435
17900,919.5,0.05,93.2540619822
17920,834.8,0.1,107.577410711
17940,823.45,0.0,78.4590174492
17960,838.4,0.1,104.747893173
17980,873.0,0.05,93.7725002131
18000,881.7,0.1,110.564792108
18020,930.85,0.1,115.757382058
18040,837.05,0.1,115.311249625
18060,834.95,0.15,113.508995942
18080,758.05,0.2,117.881530963
18100,915.95,0.0,95.94522012
18120,918.95,0.0,103.770101238
18140,836.65,0.1,104.921058715
18160,798.85,0.1,107.155578001
18180,959.2,0.0,97.9632174884
18200,832.95,0.05,91.7247744126
18220,836.0,0.1,106.199642167
18240,835.0,0.1,109.2018631
18260,911.45,0.0,92.0943141122
18280,915.85,0.0,103.672633813
18300,953.75,0.0,103.725084371
18320,910.2,0.0,99.5380060292
18340,875.5,0.0,84.0514157604
18360,920.7,0.1,115.863501244
18380,918.6,0.05,99.7339444839
18400,792.15,0.05,87.1617543128
18420,798.35,0.15,105.394189879
18440,958.5,0.0,85.4572138309
18460,808.1,0.15,106.467979118
18480,863.6,0.25,106.310030451
18500,662.5,0.25,105.71829744
18520,884.2,0.3,129.959850677
18540,744.3,0.3,118.803045046
18560,762.3,0.3,110.217896044
18580,577.9,0.35,106.426334726
18600,607.15,0.55,143.282841218
18620,682.6,0.3,113.424469007
18640,576.75,0.35,104.641325703
18660,624.2,0.5,146.780420968
18680,754.1,0.2,96.1445647083
18700,579.1,0.4,117.808167104
18720,695.35,0.15,73.6009304113
18740,559.65,0.35,96.6399986113
18760,726.9,0.5,144.757189906
18780,623.15,0.45,140.047015599
18800,480.6,0.4,98.7751580488
18820,713.35,0.45,136.36698881
18840,468.55,0.5,101.71677317
18860,612.55,0.5,125.903094201
18880,679.95,0.3,111.195916276
18900,543.85,0.4,108.849320201
18920,660.9,0.25,89.4006962448
18940,706.95,0.1,76.9895808758
18960,603.65,0.3,95.1348265156
18980,605.35,0.4,122.62447782
19000,712.8,0.15,78.9087634391
19020,831.05,0.0,70.6251999089
19040,858.0,0.2,109.163227388
19060,898.95,0.15,101.490482835
19080,831.0,0.25,116.981238737
19100,668.55,0.1,68.779760937
19120,747.3,0.05,73.7578683376
19140,769.6,0.1,77.8180942774
19160,784.05,0.25,107.743471605
19180,774.35,0.25,99.3988696998
19200,861.3,0.15,101.052742443
19220,704.2,0.2,98.5062491381
19240,618.8,0.45,128.409026857
19260,594.0,0.25,90.4761958317
19280,758.85,0.3,113.996379118
19300,665.6,0.35,117.993349113
19320,662.55,0.5,137.362144625
19340,537.3,0.55,138.797661126
19360,573.4,0.3,88.1267102725
19380,517.7,0.4,99.7001387737
19400,451.95,0.3,76.582294907
19420,447.15,0.55,126.151411065
19440,492.4,0.5,106.12760023
19460,529.95,0.55,136.081520532
19480,592.9,0.5,130.721356947
19500,627.15,0.45,132.380197842
19520,504.35,0.45,112.627759656
19540,470.3,0.35,95.7662980766
19560,639.6,0.55,145.039814617
19580,724.25,0.3,112.336598848
19600,488.85,0.55,145.755980849
19620,621.5,0.3,104.79747093
19640,564.65,0.45,129.744929588
19660,645.95,0.4,120.991677983
19680,631.65,0.45,134.663736595
19700,529.8,0.5,118.058678721
19720,570.9,0.45,112.675521359
19740,723.2,0.4,140.453125724
19760,744.05,0.35,121.056531508
19780,679.0,0.45,132.692687901
19800,676.85,0.45,121.737491099
19820,834.8,0.4,129.352669806
19840,604.4,0.55,128.204103547
19860,535.2,0.6,147.999120659
19880,616.8,0.75,168.385160111
19900,534.0,0.8,181.721273333
19920,662.2,0.65,172.117973361
19940,694.05,0.6,148.287784062
19960,707.05,0.55,144.54913213
19980,688.35,0.75,181.171968998
20000,551.4,0.8,164.440504407
20020,704.25,0.55,149.157805176
20040,584.4,0.65,153.492300792
20060,659.95,0.6,141.532272826
20080,689.35,0.55,150.015349946
20100,587.95,0.7,170.061205381
20120,622.0,0.65,167.49317005
20140,716.5,0.6,165.253359995
20160,689.6,0.6,170.433778505
20180,810.35,0.35,121.551531755
20200,852.85,0.3,126.242573604
20220,642.45,0.65,170.551193692
20240,566.65,0.8,191.654100455
20260,724.1,0.4,125.448841215
20280,649.0,0.6,149.615696394
20300,794.0,0.5,136.618585948
20320,797.9,0.4,126.943895784
20340,865.15,0.35,116.09114612
20360,660.25,0.6,152.944072595
20380,712.2,0.5,134.995426071
20400,639.5,0.7,164.727653806
20420,642.55,0.5,127.8345946
20440,632.2,0.45,133.958224933
20460,501.1,0.8,174.391501987
20480,554.7,0.8,182.57335599
20500,571.5,0.65,168.172100573
20520,639.5,0.75,171.376104043
20540,756.05,0.55,157.415986356
20560,871.35,0.3,117.609665564
20580,689.45,0.6,144.082739214
20600,610.9,0.75,171.17925632
20620,636.75,0.7,166.989550355
20640,615.05,0.6,144.240500416
20660,746.8,0.55,141.528015858
20680,758.35,0.6,145.917548383
20700,723.35,0.65,152.241104193
20720,708.75,0.55,144.058777622
20740,660.15,0.65,144.431053579
20760,681.1,0.65,158.401588822
20780,640.45,0.7,165.362990934
20800,621.7,0.75,173.015363864
20820,575.1,0.8,176.702323789
20840,749.65,0.55,150.901800107
20860,726.2,0.65,157.904914821
20880,636.8,0.65,152.547510125
20900,595.0,0.85,178.151707167
20920,514.95,0.9,187.196358017
20940,523.3,0.65,151.847493199
20960,697.35,0.65,152.508997315
20980,650.35,0.7,148.438850544
21000,639.9,0.75,162.832117439
21020,715.95,0.55,138.471540247
21040,686.25,0.65,145.2852503
21060,758.65,0.55,142.345443313
21080,572.3,0.8,171.357193234
21100,623.45,0.7,166.070635981
21120,596.9,0.65,157.341999803
21140,577.1,0.75,172.832395982
21160,741.8,0.5,146.980881388
21180,943.0,0.2,109.685167534
21200,749.05,0.45,134.322414174
21220,723.0,0.45,126.705401357
21240,794.35,0.4,133.627495463
21260,493.95,0.85,182.487692602
21280,497.55,0.6,137.244917786
21300,442.15,0.9,186.459309254
21320,621.3,0.8,177.351509244
21340,663.85,0.6,141.539002128
21360,537.3,0.8,180.281732103
21380,698.35,0.55,148.821790395
21400,700.15,0.55,150.944411542
21420,645.35,0.6,140.8579179
21440,585.75,0.6,149.692382574
21460,642.15,0.6,145.425928815
21480,564.45,0.7,162.321615047
21500,603.9,0.7,167.832423409
21520,549.35,0.55,137.717687504
21540,514.5,0.7,157.248317124
21560,534.75,0.7,158.395502836
21580,556.6,0.65,157.898263663
21600,619.1,0.65,160.49002553
21620,579.3,0.75,161.639041469
21640,720.45,0.6,153.923152963
21660,791.4,0.55,156.969719327
21680,869.15,0.4,137.83268126
21700,926.15,0.25,111.917503169
21720,946.0,0.15,116.002628646
21740,874.85,0.05,77.7538951091
21760,923.95,0.1,113.834579503
21780,913.45,0.0,89.7889772433
21800,916.05,0.05,97.8370419534
21820,918.5,0.05,98.4517241312
21840,909.5,0.0,83.6567405487
21860,954.3,0.0,94.8197627726
21880,954.0,0.0,99.1376081404
21900,862.35,0.0,91.29390787
21920,1000.0,0.0,108.604795847
21940,1000.0,0.0,104.396379887
21960,1000.0,0.0,99.3441260064
21980,1000.0,0.0,104.839820455
22000,954.5,0.0,99.3093084064
22020,1000.0,0.0,98.1789688106
22040,954.1,0.0,106.02259156
22060,1000.0,0.0,101.359202428
22080,912.3,0.0,90.4165082709
22100,1000.0,0.0,102.644374335
22120,1000.0,0.0,98.8313588747
22140,1000.0,0.0,107.115380135
22160,1000.0,0.0,96.4736173872
22180,953.6,0.0,89.4997191797
22200,1000.0,0.0,95.6833367482
22220,867.85,0.1,101.757091275
22240,978.75,0.05,98.0823931288
22260,973.8,0.05,98.548729299
22280,844.9,0.1,91.6557432703
22300,953.35,0.0,93.8781073793
22320,841.4,0.1,93.1717614381
22340,918.75,0.05,96.1890255598
22360,906.15,0.0,87.6670028333
22380,1000.0,0.0,97.9994321274
22400,856.2,0.15,113.139393838
22420,895.35,0.1,103.819940327
22440,953.4,0.0,92.9470565809
22460,1000.0,0.0,108.361737812
22480,915.45,0.05,97.5635193169
22500,906.7,0.0,90.2314078832
22520,919.6,0.05,97.7122376155
22540,919.55,0.05,93.1987220432
22560,894.8,0.1,103.277414822
22580,1000.0,0.0,100.223093924
22600,978.05,0.05,106.754174016
22620,841.9,0.1,100.825872672
22640,893.75,0.15,121.766488798
22660,860.6,0.0,76.4924190405
22680,861.1,0.0,85.671487452
22700,907.5,0.0,90.7428342714
22720,1000.0,0.0,100.436597786
22740,1000.0,0.0,96.9428440875
22760,764.25,0.1,89.9181577076
22780,845.8,0.1,96.9664877799
22800,787.6,0.05,83.1034724874
22820,907.45,0.0,87.7745487556
22840,1000.0,0.0,87.6336113739
22860,974.85,0.05,98.351468833
22880,915.5,0.0,77.3079417178
22900,954.45,0.0,87.8971984255
22920,1000.0,0.0,91.6356891627
22940,954.2,0.0,97.5551441012
22960,884.25,0.1,88.7865351058
22980,946.8,0.05,92.9010636992
23000,1000.0,0.0,95.9579845988
23020,961.75,0.25,105.259411661
23040,785.4,0.6,151.767017428
23060,744.95,0.7,160.854952688
23080,711.75,0.7,158.588298551
23100,692.7,0.75,158.662125355
23120,759.05,0.5,132.031753322
23140,758.15,0.45,131.005242914
23160,765.0,0.5,130.786331193
23180,746.75,0.5,131.243964803
23200,792.2,0.3,108.351901235
23220,776.3,0.45,128.432537938
23240,900.95,0.15,87.6881868641
23260,858.65,0.3,114.977701918
23280,759.75,0.55,133.540459957
23300,815.35,0.5,147.032357573
23320,635.9,0.7,152.716895752
23340,642.75,0.8,166.507158794
23360,709.25,0.7,162.661825958
23380,591.75,0.85,172.378291797
23400,731.2,0.75,167.469669414
23420,663.7,0.85,178.530075889
23440,564.6,1.0,207.276153103
23460,567.35,0.85,185.051833254
23480,492.8,0.85,177.048920751
23500,634.35,0.7,165.804511582
23520,591.95,0.8,171.297828553
23540,585.75,0.8,178.844481342
23560,581.55,0.8,175.924179889
23580,560.45,0.85,180.499309426
23600,563.55,0.85,183.988812641
23620,571.6,0.95,191.499795303
23640,517.65,0.95,187.941066433
23660,636.1,0.7,167.444844545
23680,506.3,0.8,168.927000132
23700,658.65,0.65,158.750267595
23720,773.1,0.45,135.664238138
23740,779.05,0.55,147.220085834
23760,701.25,0.6,148.634248359
23780,741.6,0.5,141.014669907
23800,799.65,0.55,141.202960461
23820,727.2,0.55,147.649149388
23840,656.1,0.75,162.347574549
23860,571.15,0.8,171.436221929
23880,580.9,0.7,155.925314238
23900,583.0,0.85,176.462828064
23920,557.8,1.0,192.2215224
23940,664.0,0.85,168.659951971
23960,800.45,0.65,144.460156856
23980,854.15,0.65,157.597603957
24000,900.05,0.5,135.891183539
24020,806.45,0.85,165.812880845
24040,792.0,0.65,152.285447743
24060,651.5,0.8,167.58005474
24080,717.5,0.8,169.389423101
24100,611.0,0.9,179.30841135
24120,694.0,0.6,142.273042724
24140,596.8,0.6,138.258036625
24160,732.6,0.65,153.186061393
24180,700.45,0.8,165.116333845
24200,828.1,0.7,160.680652864
24220,991.75,0.05,87.3179690503
24240,959.3,0.0,96.4731530878
24260,954.0,0.0,95.701795056
24280,953.7,0.0,93.0228230574
24300,1000.0,0.0,98.5079748408
24320,913.5,0.0,89.8619201672
24340,1000.0,0.0,96.9910705841
24360,924.9,0.05,97.0181846454
24380,907.3,0.15,116.394092547
24400,879.0,0.05,95.0718390793
24420,858.5,0.15,105.164573599
24440,909.0,0.0,89.9424158277
24460,887.1,0.05,86.2703428269
24480,917.35,0.15,106.78647744
24500,896.5,0.15,105.847114601
24520,861.5,0.3,109.244656557
24540,810.4,0.45,135.277527581
24560,765.0,0.4,128.339602885
24580,706.2,0.55,145.546492985
24600,778.85,0.35,124.530387049
24620,740.2,0.3,107.74474985
24640,830.75,0.3,114.46719262
24660,854.9,0.25,112.31875313
24680,820.6,0.3,117.129722593
24700,767.2,0.4,130.406706442
24720,766.25,0.35,116.884024009
24740,597.45,0.7,160.646839494
24760,726.45,0.35,115.384992076
24780,697.65,0.6,147.582908802
24800,687.65,0.55,137.312663577
24820,645.15,0.6,149.866964662
24840,509.85,0.75,150.291781189
24860,763.15,0.5,139.002034334
24880,649.55,0.45,117.284153641
24900,611.3,0.55,134.27318948
24920,696.95,0.45,121.960985284
24940,663.8,0.6,156.356471641
24960,576.25,0.8,176.47638305
24980,675.4,0.75,160.753729646
25000,537.15,0.75,167.124273465
25020,592.7,0.8,163.626750047
25040,535.65,0.75,163.602333922
25060,607.0,0.7,158.998510245
25080,556.5,0.8,166.622181303
25100,543.95,0.8,163.059606097
25120,557.8,0.85,172.839518581
25140,626.05,0.65,150.105841061
25160,594.15,0.7,142.752600912
25180,551.95,0.75,162.563769009
25200,633.55,0.65,156.260135347
25220,652.3,0.5,122.262156571
25240,655.65,0.7,163.619595475
25260,550.5,0.75,161.69461105
25280,637.65,0.6,148.722125464
25300,623.9,0.6,139.832866698
25320,623.25,0.7,156.531408994
25340,694.25,0.6,139.352512579
25360,736.8,0.55,142.883002074
25380,712.55,0.6,139.918685395
25400,611.65,0.6,141.291353776
25420,617.65,0.55,139.186081132
25440,630.95,0.75,159.546288875
25460,561.1,0.7,158.088077598
25480,574.6,0.8,166.039418431
25500,586.7,0.75,166.703411979
25520,608.3,0.7,152.895818059
25540,678.75,0.65,149.000564811
25560,621.6,0.7,156.241079352
25580,466.15,0.95,184.785273693
25600,591.0,0.8,174.475156641
25620,636.95,0.55,142.783587326
25640,584.65,0.65,155.362970269
25660,583.05,0.75,166.523133821
25680,595.15,0.7,158.970463423
25700,603.9,0.75,162.303197608
25720,637.75,0.7,166.389905377
25740,682.35,0.6,144.817656864
25760,776.75,0.45,120.230845015
25780,729.0,0.35,107.600149192
25800,690.35,0.55,147.997704787
25820,837.15,0.3,97.1220067768
25840,715.05,0.5,123.471974346
25860,685.45,0.55,124.861698731
25880,747.25,0.45,128.407411882
25900,562.15,0.7,150.294414911
25920,756.0,0.45,122.044833195
25940,709.4,0.55,140.683241508
25960,572.9,0.7,158.936398762
25980,580.7,0.65,146.421816765
26000,717.9,0.55,127.524907516
26020,630.95,0.7,156.366752
26040,550.2,0.85,166.630618177
26060,642.15,0.75,161.903802929
26080,649.9,0.5,124.762244105
26100,644.15,0.55,128.481327763
26120,655.55,0.65,155.226155341
26140,650.65,0.65,146.555669588
26160,654.55,0.75,154.23508033
26180,519.7,0.75,150.090500526
26200,742.8,0.6,142.579441787
26220,694.15,0.65,145.707964853
26240,702.9,0.65,140.142794873
26260,610.6,0.7,128.511512191
26280,625.75,0.65,141.000515412
26300,664.65,0.55,123.14259351
26320,712.9,0.5,122.241338602
26340,590.55,0.8,158.486300425
26360,582.05,0.65,141.619564807
26380,648.75,0.7,134.211944901
26400,580.4,0.75,149.573372783
26420,640.85,0.5,115.850347619
26440,688.65,0.75,158.943381824
26460,602.85,0.75,144.175066271
26480,663.0,0.65,139.31465422
26500,625.2,0.55,118.671851199
26520,699.55,0.55,122.676988964
26540,605.05,0.75,153.990321692
26560,694.45,0.6,135.816675574
26580,678.3,0.55,130.719190462
26600,642.95,0.6,132.755898494
26620,628.3,0.6,123.422418851
26640,656.45,0.7,154.444136497
26660,598.9,0.65,143.801394243
26680,700.25,0.55,142.069265404
26700,657.7,0.55,128.00173205
26720,830.9,0.35,106.586100566
26740,675.85,0.5,111.589306658
26760,806.55,0.35,105.313455393
26780,812.25,0.5,123.16749852
26800,725.3,0.6,127.956014528
26820,604.9,0.65,141.145424909
26840,506.95,0.85,168.341834428
26860,672.25,0.5,129.318604831
26880,641.75,0.55,131.435365899
26900,658.95,0.6,136.765737145
26920,657.9,0.5,121.586510551
26940,503.2,0.8,161.537862335
26960,629.05,0.65,161.211673997
26980,659.6,0.7,154.13443121
27000,681.75,0.6,151.309653908
27020,678.65,0.6,130.048089112
27040,636.45,0.55,123.632456641
27060,692.55,0.55,156.245230011
27080,635.95,0.65,142.045407527
27100,674.35,0.4,108.437907065
27120,630.15,0.7,155.441263122
27140,606.55,0.45,119.290736571
27160,530.15,0.7,152.738225204
27180,546.8,0.55,135.793002553
27200,585.25,0.45,106.863594884
27220,582.1,0.6,143.414474379
27240,696.1,0.3,100.546558317
27260,603.35,0.6,147.088355594
27280,477.8,0.85,178.839492969
27300,575.7,0.6,139.293853771
27320,579.65,0.45,125.291684748
27340,577.55,0.7,162.630777434
27360,445.5,0.7,139.133956438
27380,499.5,0.7,142.643362923
27400,543.35,0.75,161.488886965
27420,457.95,0.9,184.079650893
27440,690.75,0.6,146.046479862
27460,565.6,0.75,163.731111908
27480,607.45,0.6,146.693929801
27500,748.55,0.4,120.422331494
27520,585.25,0.65,162.422594203
27540,682.0,0.45,122.025890547
27560,627.15,0.6,147.087997707
27580,688.5,0.5,146.214129388
27600,602.35,0.5,123.914892322
27620,706.3,0.55,152.744008236
27640,488.45,0.9,186.443577428
27660,474.45,0.8,169.902612526
27680,668.25,0.65,154.252455452
27700,612.65,0.8,170.721791378
27720,565.8,0.6,144.865656122
27740,686.35,0.5,130.998000692
27760,668.6,0.6,148.912657551
27780,529.2,0.75,166.257696977
27800,634.1,0.7,166.344369516
27820,534.0,0.8,180.887716106
27840,486.7,0.9,186.987409736
27860,551.1,0.7,154.384656617
27880,714.1,0.5,136.42937678
27900,612.45,0.6,143.039640313
27920,738.95,0.45,143.115665465
27940,688.2,0.55,143.790088402
27960,613.2,0.6,144.851075111
27980,641.95,0.65,152.261779917
28000,620.05,0.6,149.063695992
28020,629.45,0.7,167.217774668
28040,619.4,0.7,169.086246336
28060,581.8,0.8,175.433865407
28080,655.2,0.6,160.45083604
28100,767.6,0.45,146.009462071
28120,775.05,0.45,136.137587907
28140,830.8,0.4,131.562577675
28160,676.25,0.45,130.180891989
28180,609.05,0.7,172.499551309
28200,646.15,0.6,154.292988906
28220,611.95,0.65,147.286187371
28240,647.1,0.55,153.591183452
28260,752.65,0.4,131.132894668
28280,623.85,0.5,132.616144169
28300,719.75,0.4,130.951581673
28320,703.2,0.5,148.117672562
28340,589.05,0.55,144.473967676
28360,721.1,0.3,120.415124552
28380,788.75,0.35,123.942106946
28400,679.95,0.35,117.799498171
28420,684.85,0.55,150.488126971
28440,726.15,0.4,121.757451662
28460,626.2,0.5,148.081365855
28480,646.55,0.5,137.105868469
28500,658.4,0.55,145.698748916
28520,510.25,0.8,176.989988932
28540,489.15,0.8,179.928281273
28560,447.0,0.85,191.070570998
28580,483.5,0.85,193.989498881
28600,589.8,0.7,169.122851858
28620,630.2,0.55,150.785719305
28640,490.35,0.5,128.875575534
28660,675.7,0.55,158.78762429
28680,551.25,0.7,172.929956009
28700,668.35,0.4,129.15521692
28720,746.2,0.45,142.108803441
28740,663.8,0.5,139.343624527
28760,812.65,0.3,111.466421476
28780,724.2,0.45,140.818180814
28800,706.15,0.4,116.704851491
28820,658.25,0.5,137.446417792
28840,769.4,0.4,129.291175065
28860,591.35,0.75,176.013747563
28880,524.9,0.7,167.055145072
28900,610.6,0.7,165.17068575
28920,576.85,0.65,158.358401723
28940,537.4,0.75,175.347160479
28960,562.3,0.75,186.303588873
28980,525.1,0.85,194.322731715
29000,480.7,0.95,201.883228806
29020,532.85,0.8,179.489628525
29040,605.4,0.75,176.550772895
29060,574.85,0.8,180.66953015
29080,422.35,1.0,207.998653681
29100,568.1,0.75,181.043708949
29120,590.35,0.75,172.441847039
29140,548.15,0.8,188.552121758
29160,684.1,0.65,163.386274064
29180,611.2,0.6,160.569121936
29200,395.3,1.0,215.551921689
29220,580.1,0.7,169.691219197
29240,569.65,0.65,160.542158141
29260,623.95,0.7,168.822152872
29280,625.0,0.7,168.575212173
29300,704.3,0.35,128.976446933
29320,580.9,0.75,170.076675897
29340,506.85,0.85,186.066798425
29360,628.1,0.6,139.938864568
29380,567.0,0.8,192.30900644
29400,668.35,0.6,162.872553751
29420,559.8,0.85,179.214788935
29440,660.05,0.6,154.883203457
29460,585.6,0.75,171.826883038
29480,567.0,0.7,163.734546464
29500,616.7,0.75,169.027556811
29520,575.4,0.75,169.203654576
29540,510.5,0.75,168.289447806
29560,516.5,0.8,183.762492098
29580,533.8,0.85,181.277208678
29600,629.85,0.75,186.908109922
29620,579.6,0.7,166.615844048
29640,571.15,0.65,158.234128594
29660,508.55,0.85,190.206831668
29680,603.5,0.7,171.892060109
29700,583.0,0.65,154.338620727
29720,619.4,0.6,153.470358665
29740,640.65,0.55,143.652770577
29760,461.4,0.8,181.375078657
29780,673.2,0.4,133.598552989
29800,610.45,0.65,163.357794071
29820,570.05,0.7,167.997705376
29840,635.95,0.6,161.879199441
29860,619.75,0.55,147.945500422
29880,545.4,0.65,165.727865267
29900,545.3,0.7,159.501106894
29920,617.35,0.6,157.173319737
29940,504.25,0.75,182.00806339
29960,542.4,0.55,128.252617232
29980,500.05,0.8,194.358457667
30000,607.1,0.5,132.787566316
