20,79.45,0.0,-481.457616607
40,87.75,0.0,-348.974444963
60,87.2,0.0,-403.96538697
80,97.95,0.0,-325.791248485
100,97.1,0.0,-311.850866048
120,100.2,0.0,-261.611218699
140,105.7,0.0,-221.604332901
160,105.75,0.0,-208.973146297
180,147.1,0.0,-198.562059996
200,146.85,0.0,-225.769009477
220,143.85,0.0,-257.579825179
240,199.15,0.0,-194.516711292
260,178.1,0.0,-243.270834807
280,210.8,0.0,-264.429232072
300,239.6,0.0,-279.642285944
320,271.5,0.0,-315.116860685
340,282.85,0.0,-264.706619545
360,270.7,0.0,-217.918977106
380,246.75,0.0,-192.637380266
400,221.9,0.0,-151.79887204
420,266.95,0.0,-135.42474072
440,195.4,0.0,-165.510463239
460,156.55,0.0,-96.1333530557
480,161.7,0.0,-83.2199834979
500,283.95,0.0,-55.9414930468
520,197.3,0.0,-72.2291478146
540,273.35,0.0,-58.0422937808
560,292.15,0.0,-71.8478010338
580,318.35,0.0,-59.1630019814
600,303.3,0.0,-79.4760500101
620,296.35,0.0,-61.9237839214
640,345.65,0.0,-79.025903955
660,457.7,0.0,-55.6870743524
680,616.5,0.0,-67.443568846
700,340.25,0.0,-43.6509784028
720,258.8,0.0,-35.1373276895
740,402.5,0.0,-49.4665097019
760,348.5,0.05,-25.5207598754
780,240.05,0.05,-22.6114368876
800,256.25,0.1,-24.9100950483
820,222.05,0.1,-13.1525929466
840,296.85,0.15,-8.90420121486
860,310.35,0.05,-22.3626689891
880,340.4,0.2,-3.49859136716
900,385.75,0.2,19.7376180646
920,459.3,0.25,-3.20922920612
940,615.7,0.45,16.6276476539
960,396.15,0.25,-12.8838685197
980,776.6,0.3,-5.91357466349
1000,553.4,0.2,-29.1561313593
1020,794.15,0.25,-23.6687588808
1040,879.4,0.3,-23.0285966006
1060,864.35,0.35,8.54320757207
1080,772.1,0.1,-38.8351819342
1100,772.1,0.2,9.48422241951
1120,765.15,0.45,64.4890059488
1140,779.45,0.45,88.3217667348
1160,588.45,0.25,20.4205992637
1180,698.85,0.3,55.1145518856
1200,572.25,0.35,55.8920298684
1220,509.9,0.05,4.6352248511
1240,627.75,0.25,46.7591626045
1260,581.9,0.1,29.4141178705
1280,538.4,0.05,24.0776178293
1300,485.4,0.05,16.1627092969
1320,601.3,0.0,36.2389240931
1340,466.2,0.05,17.6995898054
1360,640.05,0.05,31.3915872558
1380,715.95,0.15,65.9806425038
1400,870.65,0.05,57.8369134286
1420,719.6,0.2,54.5686768206
1440,791.0,0.0,34.2756486971
1460,826.75,0.1,53.3847478065
1480,780.3,0.25,75.4792322279
1500,769.3,0.2,57.751231582
1520,923.75,0.05,64.1597132156
1540,894.75,0.3,95.8486506371
1560,858.3,0.25,87.2527057264
1580,795.2,0.3,82.8147386388
1600,631.2,0.15,47.2943471783
1620,661.15,0.25,54.9627418926
1640,462.1,0.05,-3.72514594459
1660,490.6,0.3,49.9474703687
1680,419.15,0.25,2.11818253943
1700,574.8,0.2,5.94052635809
1720,542.7,0.55,54.8841419229
1740,417.15,0.4,6.30822985803
1760,617.9,0.55,32.8297401101
1780,609.95,0.5,0.53645497332
1800,495.45,0.35,-11.8518832393
1820,713.95,0.35,-50.1296263865
1840,853.4,0.15,-77.3497241551
1860,887.1,0.05,-79.3473077401
1880,903.3,0.0,-89.7491735115
1900,1000.0,0.0,-87.8990369828
1920,1000.0,0.0,-71.9004151759
1940,1000.0,0.0,-59.3926899137
1960,998.15,0.05,-31.1887914589
1980,1000.0,0.0,14.0952951084
2000,962.75,0.2,63.4204575141
2020,931.9,0.1,57.858058863
2040,921.5,0.25,80.5186798837
2060,940.45,0.1,78.3966504842
2080,869.9,0.1,85.6547782179
2100,888.85,0.0,70.5161280047
2120,886.1,0.0,82.8169301978
2140,801.1,0.0,72.8349792484
2160,654.35,0.0,53.8981938645
2180,684.95,0.1,77.6791419765
2200,611.35,0.05,45.8489402146
2220,492.2,0.0,27.5008273285
2240,677.85,0.05,58.4987386544
2260,691.55,0.15,67.991603312
2280,629.65,0.05,46.9531764384
2300,915.65,0.3,108.616309018
2320,949.35,0.05,76.6682242542
2340,988.25,0.05,76.1307467624
2360,962.9,0.15,94.4705202145
2380,890.45,0.15,76.010064395
2400,912.7,0.1,90.1151642489
2420,881.7,0.1,73.0788665821
2440,926.35,0.05,72.3611364284
2460,897.95,0.3,105.289262056
2480,1000.0,0.0,84.5285589209
2500,990.0,0.05,81.4414253057
2520,947.55,0.1,87.3943695629
2540,1000.0,0.0,77.5869706537
2560,968.2,0.0,74.3483756466
2580,1000.0,0.0,79.9641367954
2600,897.9,0.0,74.4342593222
2620,965.25,0.0,85.1224291576
2640,965.15,0.0,92.7689437353
2660,955.7,0.0,84.3323263856
2680,928.95,0.0,81.2643744712
2700,858.2,0.0,68.7514730213
2720,817.3,0.0,63.4600629474
2740,894.4,0.0,81.8377787923
2760,866.2,0.05,81.6272002658
2780,927.95,0.0,85.2240871652
2800,882.9,0.0,77.2930885939
2820,922.95,0.0,81.6374980597
2840,923.5,0.0,82.0848555411
2860,775.7,0.0,61.4355940143
2880,849.5,0.0,75.9218161404
2900,847.8,0.0,79.2384594177
2920,728.25,0.0,61.7982564302
2940,921.95,0.0,90.8808152802
2960,805.25,0.0,76.787943667
2980,616.55,0.0,49.6136933005
3000,919.8,0.0,83.6707926373
3020,842.3,0.0,83.9177441311
3040,850.0,0.0,80.5024494244
3060,883.8,0.0,88.1395865293
3080,845.7,0.0,85.4614509973
3100,963.25,0.0,92.69502034
3120,886.2,0.0,78.7576393393
3140,960.45,0.0,93.5203191689
3160,1000.0,0.0,97.6502703025
3180,960.6,0.0,85.1593042304
3200,961.15,0.0,90.8350402792
3220,960.35,0.0,91.3230379978
3240,1000.0,0.0,103.174849212
3260,965.0,0.0,89.8299856152
3280,961.2,0.0,94.8153148097
3300,962.55,0.0,96.4258113133
3320,964.25,0.0,94.3762424571
3340,967.35,0.0,91.598042238
3360,1000.0,0.0,97.8208661124
3380,1000.0,0.0,101.577272823
3400,1000.0,0.0,97.6531807526
3420,1000.0,0.0,95.2569824942
3440,1000.0,0.0,93.8642903987
3460,965.25,0.0,93.7864809759
3480,963.25,0.0,89.5433252846
3500,1000.0,0.0,107.486768275
3520,1000.0,0.0,101.715586854
3540,1000.0,0.0,102.95965917
3560,1000.0,0.0,97.4787459874
3580,963.2,0.0,98.7696779071
3600,957.6,0.0,100.093782
3620,962.3,0.0,95.5750927124
3640,923.65,0.0,96.7211958794
3660,924.3,0.0,92.2913002042
3680,1000.0,0.0,108.71926708
3700,924.75,0.0,97.7891593045
3720,965.6,0.05,114.533640661
3740,882.65,0.0,94.3700472617
3760,882.0,0.0,95.5392884487
3780,881.15,0.0,85.8047514751
3800,962.45,0.0,109.023065587
3820,810.7,0.0,82.6000012697
3840,916.85,0.0,109.883572249
3860,884.4,0.05,94.2077405953
3880,901.95,0.05,110.204067157
3900,962.8,0.0,108.26973875
3920,994.4,0.1,123.480910721
3940,887.55,0.3,130.519975748
3960,726.85,0.5,153.312728043
3980,717.05,0.8,191.907593111
4000,414.8,0.9,190.643701221
4020,392.4,1.0,212.020712901
4040,349.3,0.95,202.508372495
4060,337.35,0.75,162.367512507
4080,353.25,0.9,199.522287556
4100,390.7,0.7,147.410950525
4120,335.75,0.8,167.468182178
4140,279.1,0.7,153.095272369
4160,372.25,0.9,177.501746852
4180,309.45,0.75,155.409829189
4200,357.95,1.0,209.200244206
4220,354.5,0.7,147.687760681
4240,293.2,0.75,160.771294198
4260,265.85,0.6,124.905872044
4280,341.1,0.7,138.387824772
4300,349.35,0.7,146.596255039
4320,366.35,0.8,166.982091385
4340,355.75,0.75,165.79954737
4360,369.35,0.95,190.58973498
4380,282.2,0.65,132.869691899
4400,364.7,0.65,144.870149876
4420,317.15,0.85,170.159822984
4440,371.65,0.8,161.059482715
4460,310.3,0.75,165.506921384
4480,327.1,0.7,146.246097149
4500,333.55,0.95,198.942644294
4520,331.1,1.0,221.742234099
4540,331.8,0.9,186.034862349
4560,290.8,0.75,158.799108433
4580,321.9,0.85,179.137317884
4600,323.65,0.95,208.664248985
4620,323.0,0.9,184.776136879
4640,313.55,0.8,174.706242518
4660,281.75,0.8,175.719698863
4680,310.55,1.0,216.281378826
4700,289.65,0.85,173.624386859
4720,365.35,0.95,197.63904671
4740,302.9,0.9,189.612113695
4760,301.45,0.8,176.723242181
4780,322.5,0.85,172.012280599
4800,324.7,0.85,178.437109431
4820,377.35,0.9,186.222075772
4840,356.8,0.9,184.956241318
4860,335.9,0.85,166.667303022
4880,355.8,1.0,197.256310677
4900,335.1,0.9,185.95553685
4920,327.0,0.7,122.744887841
4940,345.4,0.9,184.202435646
4960,417.85,0.9,177.61806032
4980,349.35,0.9,182.472833538
5000,380.95,0.95,200.633608309
5020,385.55,0.85,171.53570891
5040,328.45,1.0,200.537049656
5060,338.8,0.95,195.863132902
5080,353.45,1.0,208.233179332
5100,324.6,0.95,200.390236907
5120,358.15,0.95,199.452067242
5140,345.8,0.9,174.715630245
5160,327.95,0.9,187.181496493
5180,315.55,1.0,218.645982525
5200,329.0,0.95,194.327877798
5220,317.7,1.0,205.472380561
5240,332.5,0.8,169.010230534
5260,298.95,0.9,183.385450628
5280,292.65,0.9,188.827444205
5300,335.25,0.75,154.379988278
5320,311.35,0.95,194.787241137
5340,311.9,0.75,153.977386995
5360,365.1,0.85,171.815577301
5380,405.9,0.85,163.901279081
5400,339.0,0.7,145.068876167
5420,363.65,0.75,146.439473585
5440,331.35,0.7,120.264302782
5460,336.8,0.8,156.692605194
5480,309.15,0.8,159.472439657
5500,376.55,0.8,161.559858255
5520,382.15,0.6,73.5345164213
5540,370.2,0.7,110.249337965
5560,338.3,0.5,63.575431143
5580,383.4,0.9,149.720028439
5600,370.25,0.7,107.681716904
5620,400.3,0.75,122.070684014
5640,389.1,0.75,119.642566366
5660,464.05,0.6,66.8777705065
5680,471.4,0.7,71.0178466349
5700,621.9,0.65,36.8500823717
5720,578.25,0.55,6.11593924073
5740,666.4,0.45,-36.2430854011
5760,890.75,0.35,-38.5951566012
5780,919.1,0.15,-67.9839143903
5800,1000.0,0.0,-90.6370469532
5820,997.9,0.0,-95.1373728295
5840,982.0,0.05,-71.6046132949
5860,1000.0,0.0,-91.2431763095
5880,952.2,0.1,-48.7731077575
5900,954.65,0.25,-33.4800551797
5920,834.15,0.75,61.1872141401
5940,669.3,0.75,88.7342233055
5960,659.1,0.85,110.479684306
5980,578.95,0.8,124.236953435
6000,471.95,1.0,184.301402797
6020,441.6,0.95,169.765955107
6040,401.8,0.95,182.702028459
6060,384.9,1.0,197.339547112
6080,358.8,1.0,204.762158175
6100,338.5,0.95,204.000173296
6120,317.6,0.85,181.392634137
6140,323.85,0.9,195.919911642
6160,304.5,0.85,187.220955753
6180,303.7,0.9,192.844941632
6200,300.6,0.95,204.50478351
6220,389.25,0.55,127.268309511
6240,373.35,0.45,100.223269914
6260,246.8,0.55,106.119256797
6280,252.45,0.6,133.6298793
6300,294.85,0.55,116.685716532
6320,246.45,0.5,96.2332129084
6340,272.85,0.25,38.3633614759
6360,285.55,0.4,82.065634153
6380,296.65,0.45,78.3326227268
6400,248.6,0.45,77.6676167835
6420,293.65,0.35,56.1713906491
6440,260.25,0.55,99.5335797987
6460,308.8,0.55,111.685369326
6480,339.45,0.6,121.177161433
6500,312.3,0.5,91.0163347312
6520,262.8,0.45,78.6192050044
6540,359.05,0.55,99.5599702851
6560,453.7,0.6,118.716576256
6580,380.55,0.6,120.09653789
6600,358.45,0.8,156.66049303
6620,458.55,0.7,143.595651434
6640,398.95,0.9,172.504870401
6660,482.25,0.75,139.73189572
6680,401.7,0.85,150.838060822
6700,416.5,0.75,144.896731403
6720,496.15,0.65,120.810216259
6740,523.5,0.65,129.104637247
6760,490.15,0.85,158.721105176
6780,479.35,0.9,164.679443086
6800,473.4,0.85,149.995233206
6820,451.15,0.95,159.643695395
6840,544.0,0.8,149.718202516
6860,456.2,0.95,174.707546632
6880,446.15,0.95,180.883320531
6900,443.1,0.95,179.415102143
6920,414.65,0.95,186.249686679
6940,392.15,1.0,199.851725406
6960,355.65,0.95,196.045642832
6980,371.8,0.95,207.018547964
7000,367.75,0.95,205.532569391
7020,324.6,0.95,204.212976599
7040,320.0,1.0,216.388093977
7060,310.1,1.0,207.506263055
7080,298.9,1.0,215.994594191
7100,287.6,0.95,202.799481429
7120,283.6,0.8,171.051306268
7140,290.55,1.0,212.445659376
7160,269.8,0.9,204.833340762
7180,272.05,0.8,174.856509566
7200,292.4,1.0,221.659233016
7220,285.05,0.9,195.178903893
7240,246.7,0.65,141.957120574
7260,264.3,0.8,174.901404306
7280,285.55,0.8,171.230829353
7300,271.15,0.9,194.441183741
7320,277.25,0.9,192.502704349
7340,265.15,0.85,186.806012453
7360,272.35,0.9,204.127891416
7380,287.45,0.9,187.370209184
7400,277.95,1.0,205.351334985
7420,276.3,0.95,208.765335914
7440,317.5,0.95,209.949063239
7460,276.75,1.0,218.772123093
7480,307.55,0.95,205.238189962
7500,294.0,0.9,189.756246177
7520,278.8,0.9,197.16275665
7540,308.7,0.95,207.427803032
7560,278.85,0.85,189.161589858
7580,318.0,1.0,211.993727466
7600,289.9,0.95,208.834158483
7620,289.3,1.0,220.689418022
7640,284.65,0.95,205.216225394
7660,282.55,0.95,209.646909057
7680,285.9,1.0,218.445840737
7700,298.75,1.0,212.17788682
7720,305.0,0.95,198.791588333
7740,286.55,0.95,218.736609883
7760,282.6,1.0,219.655978664
7780,300.35,0.9,188.661504911
7800,286.95,0.95,206.035128317
7820,321.9,0.95,213.404851969
7840,305.5,0.85,199.461685127
7860,307.35,0.9,192.113730621
7880,296.2,1.0,219.984692044
7900,287.2,0.95,203.553799845
7920,348.6,0.75,174.611556384
7940,308.75,0.55,121.962314683
7960,259.35,0.75,168.078327195
7980,284.6,0.7,164.18320473
8000,244.25,0.75,159.47895486
8020,293.35,0.7,150.316489177
8040,229.75,0.45,90.6489177562
8060,265.3,0.7,143.200151076
8080,246.6,0.35,59.3982926522
8100,271.45,0.5,87.4503561644
8120,213.75,0.35,61.1786346556
8140,225.7,0.4,55.395462164
8160,291.5,0.25,33.2701693618
8180,317.8,0.5,95.8513383077
8200,267.3,0.35,53.6313086285
8220,354.1,0.5,96.1113504435
8240,279.75,0.4,59.7844549342
8260,255.4,0.45,62.0023417998
8280,277.2,0.6,97.5414023426
8300,297.1,0.6,102.501662959
8320,320.1,0.7,120.339634774
8340,291.35,0.4,53.0626323708
8360,331.4,0.85,174.050684149
8380,307.75,0.7,132.50854963
8400,361.65,0.55,98.7706683784
8420,299.3,0.5,90.0556719403
8440,288.05,0.7,118.770632725
8460,289.5,0.7,134.381302623
8480,395.1,0.65,130.474389415
8500,338.9,0.65,138.860135575
8520,301.4,0.55,104.915698769
8540,324.65,0.65,138.093238224
8560,406.8,0.55,122.195805918
8580,295.3,0.7,141.763968202
8600,327.7,0.5,78.6790046363
8620,382.75,0.55,105.058340098
8640,326.45,0.6,106.51616061
8660,331.75,0.65,118.105728123
8680,343.7,0.75,140.663002982
8700,297.35,0.65,112.734290899
8720,328.0,0.85,155.682578599
8740,387.95,0.7,129.626051997
8760,362.5,0.75,134.915094415
8780,299.55,0.6,98.66201047
8800,388.15,0.65,129.099053629
8820,456.65,0.75,148.5542044
8840,319.1,0.65,106.878668175
8860,340.65,0.65,115.051723589
8880,454.7,0.65,117.313596722
8900,505.35,0.6,102.22441847
8920,371.1,0.65,103.47422489
8940,388.4,0.8,129.712295925
8960,420.7,0.85,141.470418403
8980,448.3,0.65,88.1562791008
9000,459.15,0.7,114.476556485
9020,572.3,0.6,96.4761086768
9040,547.55,0.55,99.8755110265
9060,487.85,0.7,133.494296932
9080,457.25,0.5,81.0133436375
9100,483.75,0.8,148.23558877
9120,435.55,0.7,117.150514666
9140,523.65,0.75,135.905910302
9160,478.6,0.75,137.073012066
9180,510.8,0.8,136.785049291
9200,497.35,0.85,165.256408409
9220,503.85,0.9,165.6474553
9240,492.65,0.9,155.141479396
9260,431.05,1.0,182.500608768
9280,442.5,1.0,190.704244935
9300,423.6,1.0,189.773991769
9320,418.0,0.95,185.190828724
9340,433.6,0.95,190.44911001
9360,394.2,1.0,193.859997927
9380,389.75,1.0,200.751282803
9400,366.55,1.0,207.026497217
9420,362.6,1.0,207.954847091
9440,349.75,1.0,196.709944838
9460,344.2,1.0,208.319997228
9480,328.75,0.9,188.071301571
9500,317.45,1.0,204.876799269
9520,320.65,1.0,206.496205164
9540,320.75,1.0,211.255131352
9560,309.0,1.0,213.701258806
9580,308.1,0.8,164.102882113
9600,286.4,0.9,195.652760428
9620,298.9,0.95,204.306201335
9640,279.4,0.7,135.984121946
9660,277.3,0.85,174.290811717
9680,281.15,0.85,177.934263812
9700,291.4,0.8,164.420542548
9720,258.75,0.5,90.6385135898
9740,268.6,0.6,117.798363605
9760,294.95,0.8,167.629958296
9780,282.5,0.7,145.565496329
9800,272.45,0.55,107.879016272
9820,279.45,0.8,162.777415866
9840,259.8,0.45,81.5518513368
9860,255.4,0.45,88.5411681087
9880,290.9,0.75,141.051003651
9900,270.05,0.65,121.228001635
9920,289.8,0.7,134.695227391
9940,275.6,0.6,110.732970522
9960,286.9,0.6,108.915685612
9980,273.0,0.65,114.30022315
10000,298.7,0.8,156.780927036
10020,324.45,0.75,149.132088222
10040,313.35,0.8,145.221985442
10060,310.65,0.7,133.993071217
10080,320.55,0.75,142.370554215
10100,339.9,0.65,114.761934524
10120,325.7,0.55,81.1964169469
10140,333.55,0.5,75.0822607585
10160,386.5,0.65,94.2616530899
10180,407.45,0.8,134.874323089
10200,367.2,0.6,77.7070336546
10220,380.5,0.7,81.9108952014
10240,411.85,0.65,93.841850255
10260,369.5,0.4,22.4833383203
10280,419.45,0.3,12.1515184041
10300,451.95,0.55,64.7319550124
10320,432.35,0.6,49.8143093258
10340,432.0,0.75,97.492825221
10360,443.2,0.7,82.2560323037
10380,449.9,0.55,48.2078992384
10400,465.85,0.5,14.5507732655
10420,449.4,0.6,48.8495927566
10440,482.9,0.6,51.280632689
10460,523.65,0.5,20.5850527975
10480,521.1,0.65,68.0810830723
10500,485.25,0.65,51.4624659069
10520,492.0,0.55,24.3230770105
10540,469.0,0.55,28.0080127653
10560,478.25,0.65,63.0036061078
10580,480.6,0.45,27.3740690536
10600,506.45,0.65,57.2761018315
10620,522.7,0.7,72.8734790532
10640,527.2,0.65,61.1465991798
10660,497.55,0.7,91.9447547921
10680,455.95,0.55,60.3105932131
10700,496.3,0.7,90.507450258
10720,467.6,0.75,109.341677289
10740,495.55,0.7,106.50548933
10760,503.3,0.7,98.4524086229
10780,499.0,0.65,85.9577055792
10800,423.85,0.55,67.5074396406
10820,467.05,0.75,119.70132207
10840,546.0,0.95,159.14445832
10860,426.05,0.85,155.498326349
10880,409.05,0.95,196.367327158
10900,397.6,0.85,148.713927367
10920,381.2,1.0,193.12278479
10940,375.05,0.95,189.430655521
10960,358.35,1.0,212.413330929
10980,344.6,0.95,201.513084993
11000,350.9,0.9,179.366888472
11020,341.95,0.95,198.741934046
11040,328.5,1.0,207.066269094
11060,336.8,1.0,210.891015936
11080,336.5,0.95,196.303864153
11100,305.7,0.85,176.443166398
11120,310.2,0.95,193.22012575
11140,315.7,1.0,207.462878843
11160,303.15,0.95,195.049063026
11180,296.15,0.8,162.347959725
11200,282.2,0.8,170.748960108
11220,308.05,0.8,160.874849053
11240,285.15,0.75,146.826714906
11260,293.1,0.85,174.613102827
11280,279.25,0.65,115.090820207
11300,289.9,0.85,175.838677048
11320,287.15,0.8,160.806652748
11340,280.8,0.7,134.431766018
11360,312.7,0.8,163.22025592
11380,316.7,0.9,175.145758347
11400,270.55,0.8,155.296648914
11420,280.95,0.75,156.164160635
11440,266.25,0.6,107.372310549
11460,277.0,0.7,136.852257745
11480,269.6,0.65,125.669626762
11500,262.05,0.65,122.962217062
11520,297.25,0.9,193.353112724
11540,273.6,0.7,132.948092904
11560,254.7,0.45,69.6125375461
11580,293.65,0.8,157.296505831
11600,317.65,0.85,165.212982438
11620,322.65,0.65,124.74454731
11640,271.85,0.5,83.9670402017
11660,286.85,0.7,126.641708894
11680,277.5,0.55,96.7244663607
11700,326.3,0.8,159.86409324
11720,301.25,0.85,167.685095246
11740,303.8,0.75,151.294347069
11760,332.4,0.8,154.002160988
11780,305.65,0.95,192.241775773
11800,307.75,0.8,159.280379236
11820,308.25,0.75,134.785103503
11840,364.55,0.9,184.790343156
11860,325.9,1.0,203.466935526
11880,321.0,0.9,180.270251915
11900,350.45,0.9,178.82336937
11920,409.7,0.85,166.849004363
11940,359.05,1.0,200.541980418
11960,375.1,0.95,189.251564207
11980,336.75,0.95,202.494408547
12000,345.45,1.0,216.052740872
12020,374.85,0.85,168.012346317
12040,436.05,0.9,181.800246751
12060,336.75,0.95,190.121822218
12080,370.25,0.9,179.953990576
12100,378.9,0.85,173.411436366
12120,376.75,0.9,186.062381375
12140,356.25,0.9,178.660912879
12160,381.0,0.9,181.524317291
12180,334.6,0.95,195.427713485
12200,340.05,0.95,187.344471918
12220,371.75,0.95,203.405596593
12240,313.75,0.8,149.5869593
12260,332.7,0.95,189.666523492
12280,342.2,1.0,197.667255636
12300,333.1,0.95,194.996329013
12320,383.45,0.6,116.126983491
12340,320.65,0.9,183.196803387
12360,409.6,0.85,181.917848291
12380,350.15,0.75,137.609972072
12400,308.85,0.8,151.941978617
12420,346.4,0.8,157.161440021
12440,379.6,0.85,194.71872305
12460,301.0,0.85,162.359465771
12480,307.35,0.85,165.38609379
12500,300.15,0.85,171.874233463
12520,318.6,0.75,147.797384061
12540,324.2,0.75,147.745386192
12560,305.95,0.9,181.837141443
12580,310.3,0.9,185.101962494
12600,331.0,0.75,160.595110817
12620,345.5,0.9,188.719422036
12640,357.05,0.6,117.859975943
12660,366.2,0.75,153.042511843
12680,389.3,0.9,198.432132532
12700,322.75,0.9,188.665800782
12720,312.35,0.7,142.166848439
12740,300.8,0.9,189.48953357
12760,308.25,0.65,134.945534642
12780,333.7,0.75,148.209014809
12800,272.35,0.8,160.364487153
12820,289.55,0.9,187.391002336
12840,292.55,0.55,114.76124254
12860,262.7,0.75,158.000282138
12880,303.45,0.9,181.450491302
12900,286.0,0.95,193.886001572
12920,263.55,0.8,169.013270963
12940,275.45,0.85,177.624447682
12960,271.05,0.7,135.447444057
12980,361.15,0.7,143.053147012
13000,327.6,0.6,134.888443389
13020,303.8,0.85,173.738158894
13040,261.05,0.8,157.240456555
13060,283.1,0.9,191.095486518
13080,277.6,0.75,142.665641036
13100,286.45,0.85,171.495349924
13120,262.3,0.7,121.783419934
13140,380.95,0.65,148.080225941
13160,279.8,0.75,148.845820975
13180,324.5,0.8,157.938529429
13200,352.5,0.6,114.961530777
13220,329.5,0.8,159.27751242
13240,333.45,0.6,114.488151273
13260,279.55,0.8,158.295019439
13280,391.45,0.8,161.765079434
13300,402.9,0.7,152.048039938
13320,362.15,0.65,131.349489288
13340,400.05,0.7,138.012200354
13360,322.9,0.7,136.538226414
13380,337.2,0.85,172.501715561
13400,366.4,0.8,171.927452841
13420,355.0,0.8,161.318056708
13440,445.05,0.7,153.050120334
13460,311.85,0.85,173.242983735
13480,356.1,0.85,184.557941518
13500,452.0,0.8,183.611493701
13520,362.95,0.8,156.644156099
13540,347.35,0.75,152.253778048
13560,339.3,0.9,192.552546194
13580,302.4,0.85,167.27353723
13600,364.65,0.9,194.452355954
13620,310.05,0.75,150.294206941
13640,333.3,0.75,150.591911111
13660,370.7,0.85,189.764977616
13680,297.45,0.9,184.218242471
13700,325.5,0.85,177.482795254
13720,374.05,0.9,196.197386235
13740,327.9,1.0,206.584609033
13760,301.65,0.9,187.603647826
13780,331.25,0.8,167.496692995
13800,349.25,0.9,185.705175824
13820,346.9,0.95,203.2196306
13840,388.65,0.8,171.977032369
13860,309.3,0.9,191.004118379
13880,339.45,0.85,178.637654135
13900,349.0,0.95,205.285668732
13920,324.1,1.0,207.916213351
13940,345.4,0.9,186.84173115
13960,322.2,1.0,206.582525651
13980,311.95,1.0,214.10738893
14000,340.15,0.95,200.402553548
14020,342.6,0.85,173.728782379
14040,289.2,0.9,188.462266465
14060,331.65,0.95,204.133561311
14080,288.9,0.85,170.412056746
14100,330.75,0.8,168.58913841
14120,271.45,0.8,160.738992139
14140,355.25,0.8,162.85468196
14160,270.75,0.65,123.729878064
14180,290.85,0.6,122.003772354
14200,271.6,0.7,141.270009482
14220,282.25,0.85,176.51909483
14240,278.25,0.8,159.082121962
14260,335.8,0.65,131.670773297
14280,260.35,0.8,158.293435734
14300,268.9,0.9,182.105002239
14320,294.25,0.75,161.616810056
14340,304.35,0.75,154.100726547
14360,286.9,0.9,182.189375392
14380,252.15,0.65,134.729056444
14400,256.7,0.85,171.0288389
14420,287.6,0.6,112.560626716
14440,283.95,0.6,113.864779106
14460,305.25,0.5,88.9763385248
14480,343.4,0.45,91.6124202829
14500,280.95,0.6,119.464954487
14520,274.5,0.8,161.885724952
14540,246.25,0.65,119.710789334
14560,280.5,0.75,150.732797724
14580,252.1,0.65,120.301316269
14600,285.95,0.65,124.076305112
14620,241.7,0.65,134.883445125
14640,248.0,0.65,117.493604065
14660,291.8,0.65,115.153229179
14680,247.5,0.7,128.835285604
14700,280.5,0.5,97.783896579
14720,282.75,0.55,107.71103316
14740,311.6,0.6,110.54056267
14760,251.05,0.6,107.358790606
14780,335.1,0.6,125.367850137
14800,332.45,0.6,117.949815514
14820,316.75,0.75,153.083103596
14840,295.85,0.9,179.622093123
14860,340.7,0.85,175.785986034
14880,296.15,0.75,147.743339601
14900,294.6,0.85,173.72585227
14920,355.85,0.6,104.348051512
14940,287.45,0.45,77.2217883342
14960,359.95,0.5,84.25375413
14980,295.75,0.95,189.296897329
15000,380.4,0.8,153.618904981
15020,324.3,0.8,154.936330122
15040,376.3,0.55,111.281830404
15060,267.15,0.75,140.622309182
15080,305.1,0.75,145.672491807
15100,332.1,0.65,97.3115068635
15120,336.85,0.75,150.785471116
15140,321.0,0.75,150.769949384
15160,299.55,0.7,129.10330344
15180,310.5,0.65,109.032575341
15200,336.05,0.45,80.165999482
15220,347.85,0.7,136.90150019
15240,278.9,0.65,115.391757996
15260,345.75,0.55,100.594372854
15280,317.95,0.7,128.821878838
15300,351.8,0.8,162.195549237
15320,382.8,0.7,149.352019391
15340,311.15,0.75,144.112339404
15360,341.45,0.75,140.319552994
15380,276.55,0.65,101.384006408
15400,306.3,0.55,95.0604767021
15420,322.85,0.7,122.309622457
15440,337.85,0.75,131.961674681
15460,357.95,0.7,137.776220158
15480,349.55,0.65,118.532333336
15500,339.35,0.6,101.762490497
15520,395.4,0.65,114.142462321
15540,308.65,0.85,151.718309524
15560,321.35,0.7,116.740693552
15580,402.5,0.65,110.733751395
15600,354.15,0.95,192.362629624
15620,393.1,0.65,125.260729795
15640,347.3,0.7,126.854991361
15660,322.9,0.55,76.2998615254
15680,319.1,0.75,124.492190116
15700,369.3,0.8,143.942653301
15720,342.2,0.8,144.305215611
15740,379.9,0.9,175.043121955
15760,373.5,0.9,161.957129849
15780,371.1,0.85,151.082107929
15800,348.85,0.85,153.367478584
15820,447.6,0.75,138.409205192
15840,426.1,0.7,127.282836548
15860,421.8,0.75,124.428365178
15880,417.55,0.85,159.387473121
15900,400.0,0.6,90.5368182148
15920,523.4,0.65,114.001351386
15940,497.45,0.7,115.933966805
15960,367.55,0.7,113.593575327
15980,525.4,0.6,68.6603253801
16000,483.95,0.8,126.281488192
16020,407.55,0.85,131.710569658
16040,412.7,0.85,121.01804958
16060,400.85,0.8,114.132972578
16080,434.8,0.55,64.0507264594
16100,410.55,0.75,96.5572464739
16120,502.6,0.85,119.523895879
16140,499.4,0.65,95.1739713037
16160,499.0,0.65,94.3420491306
16180,436.35,0.6,77.8254130125
16200,377.3,0.7,117.43332414
16220,392.75,0.75,96.3449649854
16240,401.1,0.6,72.2911460881
16260,332.7,0.6,87.2932369146
16280,375.95,0.65,81.6716201871
16300,387.1,0.65,68.3409184306
16320,318.5,0.5,41.8918562735
16340,439.35,0.55,65.2978324253
16360,401.15,0.6,68.1086434929
16380,457.35,0.7,101.373108112
16400,498.45,0.6,85.6749890734
16420,375.1,0.45,24.4062494024
16440,425.45,0.65,71.4689989122
16460,378.2,0.55,70.7556174289
16480,342.1,0.6,73.3532865077
16500,400.25,0.65,78.1156576913
16520,473.7,0.55,72.9176324711
16540,446.9,0.6,44.7384720214
16560,467.4,0.6,71.7110704835
16580,467.45,0.3,21.6263779912
16600,435.95,0.6,73.9278742972
16620,429.5,0.5,45.5537743919
16640,416.35,0.45,30.5412971123
16660,451.0,0.5,50.9771453832
16680,395.85,0.55,39.1595017788
16700,512.5,0.3,-28.8902933662
16720,467.25,0.4,17.2631867523
16740,428.8,0.4,-6.35198603756
16760,390.75,0.4,-27.4250584444
16780,419.5,0.4,-2.19863189099
16800,399.35,0.45,8.35896655036
16820,477.0,0.45,7.02833808596
16840,472.95,0.45,-0.755042112199
16860,508.35,0.4,21.7071524919
16880,425.3,0.4,-9.55581168092
16900,503.3,0.35,-29.2740049638
16920,473.35,0.4,-9.31963949555
16940,392.65,0.5,32.682922864
16960,432.75,0.5,43.9127610667
16980,508.95,0.6,78.9139418887
17000,445.75,0.55,57.4784370351
17020,397.35,0.8,123.981372034
17040,405.3,0.55,63.6588652882
17060,417.75,0.8,122.925079715
17080,391.7,0.8,116.501622053
17100,391.75,0.7,101.406318594
17120,344.95,0.6,76.0949905719
17140,366.35,0.75,118.625429112
17160,420.9,0.75,124.01082042
17180,368.9,0.6,86.2787877876
17200,411.6,0.75,120.310282785
17220,348.35,0.8,132.956254171
17240,371.85,0.75,121.764200788
17260,379.6,0.8,143.802989038
17280,486.55,0.25,28.4626986965
17300,407.5,0.75,131.607300261
17320,296.4,0.55,81.3484330162
17340,322.1,0.7,111.212170804
17360,414.25,0.75,134.897249218
17380,393.9,0.65,104.867197184
17400,398.45,0.6,104.855148428
17420,374.0,0.65,117.355545465
17440,402.45,0.55,94.9695724292
17460,340.15,0.55,88.4999583219
17480,407.7,0.7,130.761363453
17500,367.35,0.65,117.477720786
17520,351.75,0.75,137.136042208
17540,279.1,0.5,79.5946444364
17560,279.4,0.7,121.784400532
17580,328.5,0.65,108.186834307
17600,286.1,0.6,99.7081596386
17620,363.25,0.45,68.6802488651
17640,382.5,0.5,89.0757427494
17660,322.9,0.45,58.3019012571
17680,320.45,0.55,94.9855600507
17700,314.55,0.65,102.38241143
17720,325.6,0.45,67.0286957635
17740,320.15,0.7,127.25026212
17760,349.1,0.55,97.6297617694
17780,330.85,0.7,126.249266008
17800,299.6,0.6,94.9324541443
17820,280.85,0.55,85.4350446293
17840,397.7,0.65,123.564817855
17860,374.95,0.7,130.852322254
17880,276.15,0.6,90.7860574069
17900,316.6,0.65,120.910714918
17920,339.35,0.5,84.8464245816
17940,343.5,0.7,124.067386594
17960,318.85,0.65,106.307772539
17980,371.9,0.55,86.8408147313
18000,401.4,0.6,116.860071604
18020,347.5,0.5,78.3591742817
18040,373.45,0.65,112.972624527
18060,374.35,0.55,96.6715455585
18080,450.75,0.5,78.1886646476
18100,335.6,0.65,93.6417026894
18120,383.85,0.55,88.1749387816
18140,320.15,0.7,111.97467126
18160,369.95,0.65,87.9800883698
18180,404.45,0.7,129.144875312
18200,463.4,0.55,98.5263141047
18220,393.3,0.7,111.902264459
18240,414.0,0.3,29.0906954364
18260,359.5,0.9,156.663490797
18280,354.1,0.7,112.141327886
18300,459.3,0.65,104.435262446
18320,366.35,0.7,108.0363748
18340,408.15,0.8,122.359541182
18360,448.9,0.65,97.3496289067
18380,412.55,0.5,49.7757771143
18400,357.45,0.7,88.2698388724
18420,399.85,0.6,79.7374730585
18440,438.0,0.8,126.530561882
18460,455.9,0.55,76.4548403513
18480,371.3,0.8,124.078866878
18500,404.55,0.65,88.1517813864
18520,425.35,0.8,112.816254688
18540,461.65,0.9,137.255160839
18560,494.3,0.6,93.9526992973
18580,413.7,0.45,56.523935161
18600,407.0,0.75,101.882459543
18620,451.0,0.75,119.208557428
18640,449.35,0.65,80.8363133023
18660,406.65,0.55,55.2611140256
18680,499.75,0.55,74.155457974
18700,393.7,0.75,114.048448839
18720,405.9,0.55,67.0112775464
18740,397.1,0.6,46.6108459794
18760,424.95,0.65,99.6415719656
18780,397.55,0.45,40.1156376572
18800,405.5,0.55,46.878493564
18820,355.45,0.5,38.2062959497
18840,444.0,0.65,110.285709362
18860,412.95,0.55,72.0316776683
18880,380.65,0.65,109.178665899
18900,471.5,0.6,99.3308256
18920,383.3,0.8,128.30545607
18940,426.4,0.7,122.546784654
18960,399.4,0.75,115.310198057
18980,399.95,0.7,113.527856823
19000,376.7,0.7,118.579836444
19020,313.8,0.75,125.66731568
19040,327.6,0.75,112.928242397
19060,348.15,0.55,51.978905958
19080,296.1,0.65,92.7000756993
19100,370.6,0.55,44.4153210651
19120,427.2,0.75,123.953358884
19140,378.6,0.5,47.6484593398
19160,401.95,0.4,32.65534392
19180,338.5,0.5,49.9498880581
19200,377.25,0.6,81.6806912313
19220,444.95,0.6,87.367475541
19240,329.25,0.65,81.4763638856
19260,376.8,0.7,108.387060187
19280,468.55,0.7,109.428662418
19300,430.6,0.45,51.3406503022
19320,424.05,0.65,72.9649850236
19340,500.1,0.7,117.39786128
19360,416.15,0.7,88.017966082
19380,417.45,0.55,73.434984278
19400,566.4,0.6,82.5093415382
19420,481.75,0.75,95.8457696264
19440,500.7,0.7,92.6313271202
19460,551.05,0.7,126.658166705
19480,555.8,0.6,84.0415851867
19500,626.5,0.65,106.19052322
19520,442.25,0.75,95.7657601854
19540,546.6,0.75,98.4320599383
19560,559.85,0.75,102.598532579
19580,585.3,0.75,111.033865321
19600,604.25,0.55,56.7242227076
19620,605.9,0.85,112.56012972
19640,661.2,0.7,93.5234577699
19660,709.25,0.5,63.626443897
19680,588.2,0.85,114.78480991
19700,623.2,0.5,40.39427249
19720,617.9,0.85,114.175726692
19740,634.8,0.85,112.89244982
19760,662.2,0.65,62.4342186573
19780,612.6,0.75,75.972418955
19800,603.15,0.55,37.5280656272
19820,656.0,0.65,56.939000226
19840,663.85,0.5,36.2240186224
19860,716.8,0.45,36.2208575398
19880,681.35,0.4,19.0507104295
19900,634.95,0.65,69.6851172975
19920,634.35,0.55,61.6357755766
19940,587.45,0.65,53.3938368365
19960,614.05,0.7,95.2990862822
19980,563.85,0.65,84.9569850221
20000,523.0,0.8,116.089197788
20020,605.0,0.8,125.716971508
20040,548.45,0.95,153.970194572
20060,597.8,0.75,130.751576165
20080,510.3,0.9,143.961649297
20100,568.95,0.65,92.116535471
20120,528.75,0.9,159.996367271
20140,470.45,0.85,156.585928709
20160,531.95,0.8,145.657044711
20180,437.25,1.0,177.65871004
20200,472.25,0.8,140.020217072
20220,434.8,0.7,111.737206577
20240,467.1,0.8,150.757202708
20260,451.8,0.75,137.055523075
20280,399.9,0.8,126.950554925
20300,467.4,0.75,131.680891143
20320,408.8,0.85,143.770943714
20340,414.7,0.95,165.804154931
20360,421.75,0.85,151.611635609
20380,443.35,0.75,130.455191312
20400,416.45,0.75,131.024593477
20420,476.0,0.75,138.584395546
20440,393.2,0.9,157.761912734
20460,417.2,0.75,135.244176954
20480,476.3,0.7,123.830295564
20500,489.6,0.65,114.260693866
20520,456.4,0.75,119.121045973
20540,385.9,0.65,99.7723137031
20560,403.45,0.8,141.058519518
20580,493.45,0.8,140.113651709
20600,429.55,0.75,137.448402643
20620,389.6,0.8,149.018598041
20640,414.95,0.7,117.156464841
20660,441.35,0.7,127.041584933
20680,392.95,0.55,92.3319818407
20700,381.75,0.7,121.19770394
20720,388.75,0.75,117.718170871
20740,412.95,0.7,116.240488759
20760,452.65,0.7,127.18487907
20780,383.75,0.75,135.665986075
20800,419.45,0.65,102.258559593
20820,355.85,0.8,153.602205195
20840,326.25,0.65,100.823143228
20860,337.15,0.75,121.071876131
20880,380.55,0.75,130.573166887
20900,355.85,0.85,150.763538719
20920,328.05,0.85,158.285322119
20940,351.75,0.55,88.5267212006
20960,364.5,0.9,168.514781988
20980,375.8,0.7,116.820194576
21000,397.25,0.65,98.4571335593
21020,388.9,0.85,156.48533546
21040,367.85,0.85,146.960049617
21060,404.4,0.75,110.540134985
21080,348.0,0.75,130.088637713
21100,370.9,0.5,75.7873367191
21120,386.25,0.7,123.513114699
21140,425.7,0.7,125.149302514
21160,386.7,0.8,137.203402091
21180,395.85,0.5,73.7773064775
21200,369.0,0.5,62.2526492779
21220,345.25,0.6,83.0194855547
21240,412.9,0.75,138.3542392
21260,409.5,0.5,64.8453783461
21280,400.15,0.85,159.316773432
21300,374.25,0.35,38.9354970235
21320,450.2,0.5,85.7815613412
21340,377.0,0.7,115.812522035
21360,325.65,0.8,142.453196678
21380,451.55,0.5,88.5879095042
21400,372.9,0.75,127.691012106
21420,379.35,0.65,109.003099967
21440,343.7,0.9,164.306568666
21460,353.1,0.5,78.001757362
21480,376.7,0.9,174.498361596
21500,388.25,0.75,119.228513957
21520,407.65,0.6,110.579286532
21540,365.95,0.85,152.676364527
21560,360.85,0.7,116.145439832
21580,400.9,0.6,122.531388483
21600,407.35,0.6,99.7147574359
21620,384.85,0.75,121.873933862
21640,362.6,0.75,128.061848334
21660,379.3,0.7,110.896700344
21680,342.6,0.55,83.7606378702
21700,371.4,0.8,144.425264392
21720,347.7,0.75,119.009065549
21740,396.4,0.7,129.353850919
21760,363.6,0.65,101.438460371
21780,391.95,0.75,142.131723724
21800,359.9,0.8,145.636656279
21820,398.95,0.75,141.1881722
21840,496.5,0.55,87.9028137546
21860,419.15,0.6,86.8330729014
21880,380.45,0.75,128.883966507
21900,352.7,0.55,69.0538118307
21920,374.45,0.8,152.283110447
21940,425.5,0.5,55.2717760837
21960,412.9,0.85,156.756393971
21980,394.15,0.55,88.9075022238
22000,432.65,0.65,118.899207062
22020,389.6,0.7,124.68472151
22040,444.0,0.6,85.7640254218
22060,360.2,0.55,66.0101888267
22080,361.45,0.8,148.279415205
22100,387.65,0.85,156.249943097
22120,425.15,0.75,131.118319579
22140,419.35,0.75,122.331336059
22160,396.95,0.6,94.5116912896
22180,369.35,0.75,108.605150968
22200,436.45,0.7,105.848462098
22220,479.95,0.65,109.147973779
22240,397.9,0.85,128.398601697
22260,387.5,0.75,124.486431582
22280,399.6,0.65,123.896686204
22300,406.5,0.6,92.4911776623
22320,386.3,0.6,90.8642102761
22340,395.7,0.5,73.252440186
22360,347.1,0.75,130.771066397
22380,405.55,0.7,106.620494676
22400,432.15,0.6,85.568502847
22420,401.05,0.75,140.887251327
22440,423.7,0.75,118.664549569
22460,348.6,0.7,119.505883171
22480,422.7,0.8,133.912131311
22500,405.55,0.8,137.110850245
22520,453.7,0.65,95.6145757104
22540,391.4,0.8,144.216022814
22560,347.15,0.6,85.6127652861
22580,374.5,0.8,146.602026499
22600,407.9,0.7,119.134317347
22620,408.4,0.65,99.5219217132
22640,411.85,0.85,144.101922319
22660,397.05,0.85,151.90812895
22680,435.5,0.7,133.167586501
22700,466.0,0.65,106.048327451
22720,445.7,0.8,148.458509991
22740,377.3,0.6,89.4782808196
22760,399.8,0.75,116.423261954
22780,333.55,0.75,119.574697346
22800,501.2,0.65,106.166251534
22820,385.6,0.85,136.397917979
22840,387.15,0.6,91.4706809953
22860,405.35,0.7,113.308281159
22880,474.2,0.8,135.458902633
22900,355.85,0.65,104.75859866
22920,363.8,0.6,85.3765949754
22940,340.7,0.6,92.0315745088
22960,386.5,0.6,93.0481450616
22980,415.8,0.65,104.40207116
23000,406.2,0.55,74.91587077
23020,478.15,0.7,103.273183679
23040,382.45,0.55,74.0761011845
23060,371.1,0.55,78.7404761419
23080,473.65,0.7,108.980340249
23100,446.05,0.8,126.406821044
23120,420.3,0.75,127.721722071
23140,363.85,0.55,71.2774758449
23160,421.5,0.8,151.050510305
23180,341.0,0.85,153.195572166
23200,361.35,0.8,123.983089585
23220,508.3,0.55,91.0029429617
23240,441.45,0.7,107.26417082
23260,461.3,0.7,117.750270308
23280,460.8,0.7,122.987830629
23300,348.6,0.6,85.9368732348
23320,398.55,0.65,103.746063508
23340,433.7,0.65,96.8550173221
23360,394.0,0.65,91.3937207055
23380,411.4,0.7,116.012208977
23400,336.2,0.7,111.244703382
23420,417.85,0.8,152.825873195
23440,406.65,0.7,123.60693161
23460,336.55,0.7,119.301894705
23480,353.05,0.7,106.262201679
23500,381.95,0.75,127.398019752
23520,385.7,0.7,126.260140685
23540,436.15,0.65,120.37754031
23560,400.55,0.6,82.5000550748
23580,410.15,0.65,114.721753381
23600,347.45,0.65,93.8044949725
23620,479.7,0.65,126.995985675
23640,438.95,0.55,97.761431541
23660,380.45,0.7,106.686624838
23680,334.7,0.7,107.275980115
23700,363.9,0.9,158.295843758
23720,337.9,0.6,87.4660309549
23740,393.9,0.7,127.801797936
23760,382.9,0.75,122.671749454
23780,384.25,0.75,121.367263593
23800,381.1,0.6,87.9432321098
23820,376.85,0.8,125.021394367
23840,401.85,0.85,146.700150229
23860,408.65,0.65,113.08808736
23880,379.75,0.75,105.527480151
23900,372.0,0.8,133.418498695
23920,470.1,0.7,129.493930444
23940,438.8,0.8,130.751564087
23960,462.45,0.65,111.676972646
23980,440.65,0.7,113.88546747
24000,424.3,0.6,112.975360733
24020,445.75,0.7,114.861041153
24040,421.55,0.75,118.944468213
24060,387.2,0.6,93.9708892143
24080,468.05,0.75,108.594340384
24100,413.95,0.7,111.795636185
24120,420.85,0.75,110.083282383
24140,427.8,0.6,92.1151133636
24160,441.85,0.75,114.543058681
24180,408.3,0.5,54.614823352
24200,449.6,0.55,73.7806518756
24220,406.2,0.55,83.8840167091
24240,400.8,0.65,104.396500816
24260,488.8,0.7,94.9217561331
24280,417.2,0.65,86.5993769985
24300,461.25,0.55,64.6889387999
24320,560.2,0.5,81.3296144149
24340,505.65,0.7,88.0904985235
24360,616.75,0.5,44.0465840161
24380,545.3,0.5,32.041042338
24400,437.35,0.8,136.095805371
24420,496.3,0.55,60.4441006149
24440,607.15,0.55,42.6052479236
24460,505.75,0.7,96.06710793
24480,568.9,0.6,59.9343621571
24500,443.0,0.6,68.6275014804
24520,585.55,0.6,40.98866061
24540,525.85,0.65,82.1139988508
24560,512.35,0.8,130.306243757
24580,572.4,0.6,55.8977767842
24600,524.5,0.75,127.472994806
24620,505.2,0.55,29.1709141176
24640,470.95,0.7,81.446850238
24660,494.65,0.65,80.6373891078
24680,608.4,0.6,80.5419352724
24700,584.55,0.5,54.2215497713
24720,494.95,0.7,80.1306073873
24740,563.15,0.75,79.6450586411
24760,547.6,0.7,84.490031575
24780,614.55,0.7,89.2528290877
24800,564.05,0.55,60.0638097286
24820,618.85,0.7,102.16783507
24840,613.9,0.55,52.2284143069
24860,618.5,0.6,55.2058291156
24880,582.7,0.7,65.4982969719
24900,565.25,0.5,31.3987942455
24920,595.55,0.65,69.6108189646
24940,587.15,0.75,85.9000162836
24960,638.25,0.6,82.9712558745
24980,643.3,0.55,41.6504433066
25000,602.75,0.6,58.2786029648
25020,620.05,0.45,5.89119702179
25040,679.1,0.5,-6.70984411455
25060,588.3,0.7,98.4191297969
25080,598.7,0.75,92.9082953834
25100,626.2,0.6,31.9626822682
25120,494.75,0.6,52.4723776059
25140,593.55,0.7,66.1260487941
25160,691.35,0.55,36.7837837447
25180,577.35,0.7,91.0278234552
25200,690.05,0.65,55.44362934
25220,536.25,0.75,75.3133234709
25240,679.75,0.6,41.126324887
25260,723.8,0.45,10.6848092012
25280,571.4,0.65,73.1881250452
25300,633.4,0.6,57.9083051871
25320,607.15,0.5,-6.19324590358
25340,632.9,0.5,51.4697829616
25360,607.05,0.7,81.9531813838
25380,561.1,0.65,56.6179944767
25400,491.9,0.65,67.5951396253
25420,498.2,0.7,87.2229111184
25440,571.85,0.75,82.0454810188
25460,545.15,0.65,77.5743583298
25480,492.9,0.8,124.253765407
25500,545.35,0.65,86.0122247989
25520,436.9,0.75,112.390303339
25540,517.0,0.7,124.984934058
25560,598.45,0.6,97.0578203893
25580,462.95,0.9,166.437091292
25600,436.35,0.8,146.166366536
25620,445.05,0.8,132.895106252
25640,448.65,0.8,139.542614829
25660,505.8,0.7,142.77636606
25680,457.4,0.8,160.459644758
25700,432.0,0.8,153.539591745
25720,506.2,0.75,140.335913233
25740,452.4,0.9,170.017951946
25760,396.25,0.9,173.152684349
25780,411.65,0.85,161.176936293
25800,389.25,0.85,154.216852926
25820,373.05,0.85,157.563505509
25840,485.25,0.85,176.846341758
25860,471.55,0.7,138.36863427
25880,369.5,0.65,110.076373489
25900,353.8,0.65,102.652562906
25920,424.9,0.9,168.594872502
25940,377.7,0.75,132.111872138
25960,405.7,0.9,183.841105106
25980,473.55,0.8,161.517601041
26000,336.3,0.7,129.936158843
26020,403.05,0.9,174.689382553
26040,434.1,0.8,160.1836822
26060,459.7,0.7,150.766563536
26080,383.45,0.8,152.287036971
26100,345.55,0.85,162.27349523
26120,419.75,0.9,175.783894528
26140,365.7,0.95,186.235766436
26160,428.3,0.65,129.577348287
26180,373.3,0.75,139.699223216
26200,399.6,0.75,146.425916654
26220,409.95,0.8,172.339790652
26240,367.65,0.85,154.69577211
26260,433.95,0.85,171.780071932
26280,359.5,0.7,127.619084593
26300,402.0,0.7,136.697256494
26320,408.45,0.8,164.597612474
26340,375.85,0.85,168.53811501
26360,371.35,0.95,185.181940387
26380,335.85,0.7,131.497484804
26400,387.9,0.8,159.867555245
26420,347.35,0.9,174.241270526
26440,354.0,0.8,150.223382805
26460,362.75,0.75,147.88381093
26480,339.95,0.85,157.047161063
26500,408.85,0.8,170.781104555
26520,322.15,0.8,148.293612944
26540,368.85,1.0,198.973527106
26560,381.8,0.85,172.302345685
26580,364.5,0.8,159.371231627
26600,347.55,0.85,152.674325615
26620,321.5,0.85,160.267190823
26640,352.5,0.7,133.521878652
26660,327.85,0.8,143.64739535
26680,337.75,0.85,160.149210203
26700,316.55,0.6,109.182267437
26720,333.05,0.7,127.346720631
26740,369.25,0.75,154.668172258
26760,361.7,0.8,151.967790389
26780,367.55,0.8,149.707342088
26800,328.15,0.85,163.661850232
26820,362.5,0.75,139.902432316
26840,333.6,0.9,175.410188561
26860,359.95,0.75,155.266481993
26880,388.45,0.85,170.885986112
26900,389.35,0.9,181.60173459
26920,335.75,0.8,148.410542932
26940,357.6,0.95,185.682063147
26960,365.25,0.85,161.484882498
26980,388.0,0.8,146.244207312
27000,406.95,0.9,174.22926585
27020,361.8,0.85,166.385419468
27040,379.6,0.9,171.049701645
27060,415.55,0.95,190.01477651
27080,353.85,0.8,147.086733128
27100,394.55,0.85,158.537544074
27120,431.05,0.8,156.992045454
27140,383.1,0.95,183.551879032
27160,434.45,0.8,161.731150187
27180,469.4,0.9,191.745243011
27200,423.8,0.75,148.175810558
27220,402.6,0.65,122.208851555
27240,404.35,0.8,158.428041138
27260,416.35,0.85,163.344310476
27280,360.8,0.7,132.493551483
27300,392.0,0.9,180.451822306
27320,372.6,0.9,173.846674145
27340,368.75,0.7,142.513639267
27360,421.6,0.8,164.54877969
27380,421.9,0.95,190.370506051
27400,436.1,0.9,190.621461204
27420,466.65,0.75,156.533978982
27440,438.75,0.8,164.014854323
27460,412.45,0.75,152.627659064
27480,412.4,0.95,186.831293498
27500,405.1,0.85,177.825383844
27520,377.35,0.8,149.614521272
27540,385.8,0.75,151.342289895
27560,376.25,0.8,160.101080192
27580,418.05,0.8,161.553300341
27600,469.2,0.7,140.274933878
27620,350.55,0.8,161.152833471
27640,384.4,0.95,196.241216769
27660,430.65,0.7,157.512109571
27680,424.6,0.75,162.154623262
27700,362.9,0.85,171.340034877
27720,438.45,0.85,175.017254262
27740,318.4,0.8,152.575983472
27760,370.4,0.65,131.318167825
27780,350.7,0.9,180.818758288
27800,390.25,0.85,181.877094586
27820,359.05,0.75,143.142216692
27840,412.55,0.8,159.514932441
27860,334.05,0.8,164.438951771
27880,363.35,0.65,121.102231889
27900,342.6,0.85,170.318311617
27920,385.45,0.6,109.008439941
27940,359.5,0.85,165.291383174
27960,387.8,0.65,126.186129307
27980,361.05,0.75,151.017582247
28000,323.95,0.9,173.273046238
28020,353.95,0.9,174.520658544
28040,422.95,0.7,147.378074603
28060,319.45,0.65,116.96157434
28080,385.55,0.7,129.383390636
28100,360.7,0.85,174.720004416
28120,347.7,0.85,175.628708722
28140,318.75,0.9,179.830210179
28160,322.25,0.95,191.5163757
28180,363.45,0.6,121.129006027
28200,329.9,0.65,135.942658076
28220,346.65,0.75,153.145125096
28240,297.9,0.7,129.5546802
28260,362.65,0.75,162.985750132
28280,268.8,0.55,107.166509018
28300,376.25,0.6,125.1073304
28320,323.4,0.75,157.43248584
28340,329.5,0.65,128.429012836
28360,347.6,0.45,89.4627150397
28380,292.25,0.75,149.251674397
28400,319.7,0.55,108.231022969
28420,291.8,0.85,174.578473097
28440,276.3,0.55,98.7281005427
28460,417.4,0.7,156.012510127
28480,294.85,0.75,144.351459714
28500,363.85,0.85,174.840480943
28520,292.25,0.85,175.685234074
28540,289.7,0.7,133.097478958
28560,414.15,0.7,148.286643021
28580,305.0,0.9,177.664580293
28600,408.15,0.65,142.594004937
28620,303.2,0.8,161.216970575
28640,396.45,0.6,128.979256992
28660,330.2,0.75,147.665039321
28680,347.15,0.85,174.879029916
28700,386.1,0.75,159.56929517
28720,358.9,0.85,175.992575934
28740,340.5,0.9,181.429796643
28760,330.0,0.95,195.004173291
28780,300.35,0.75,144.896519612
28800,339.1,0.75,151.99292408
28820,325.2,0.7,137.793089173
28840,335.2,0.8,160.301139719
28860,329.35,0.75,155.506696058
28880,338.65,0.75,147.370534036
28900,310.55,0.85,173.570093848
28920,311.65,0.65,121.154015057
28940,320.6,0.9,187.504496039
28960,293.7,0.8,160.02051197
28980,370.0,0.65,125.894088912
29000,457.85,0.75,159.269690067
29020,320.95,0.8,156.278864237
29040,407.05,0.75,160.10410664
29060,322.05,0.95,195.332394613
29080,333.1,0.9,177.409586808
29100,322.45,0.9,182.70660564
29120,303.75,0.8,159.163873189
29140,335.6,0.75,150.694604162
29160,313.55,0.85,163.782370361
29180,312.05,0.8,157.64773461
29200,333.95,0.8,160.66505018
29220,374.65,0.9,176.97057484
29240,304.7,0.8,159.805250437
29260,377.6,0.8,163.663445545
29280,349.5,0.85,175.69567732
29300,353.7,0.75,147.930680859
29320,341.3,0.65,118.750171898
29340,323.85,0.85,166.25862237
29360,337.25,0.7,136.527361575
29380,542.8,0.65,156.107286904
29400,314.0,0.8,157.327116261
29420,437.3,0.8,171.449089456
29440,408.95,0.85,172.291970918
29460,327.05,0.95,187.716736714
29480,403.4,0.8,167.038736888
29500,371.85,0.8,167.710804595
29520,383.4,0.9,184.532386313
29540,517.65,0.75,167.961227532
29560,396.45,0.9,182.106761151
29580,484.8,0.8,180.401387168
29600,429.05,0.8,165.068774698
29620,452.05,0.55,117.854285359
29640,376.3,0.8,156.382474983
29660,397.9,0.95,195.67836695
29680,370.1,0.9,185.423935196
29700,491.35,0.7,152.304831799
29720,394.15,0.6,114.78394212
29740,426.1,0.85,171.321935637
29760,382.15,0.85,169.587828363
29780,428.25,0.8,162.549474631
29800,353.25,0.95,189.476270168
29820,417.5,0.7,137.433145694
29840,413.2,0.8,166.191918209
29860,515.8,0.75,152.304796662
29880,396.9,0.85,169.380623301
29900,489.35,0.8,168.459984103
29920,459.85,0.7,143.36515971
29940,482.65,0.7,148.291738242
29960,427.75,0.8,154.163468619
29980,357.15,0.85,162.711576262
30000,391.45,0.7,143.586736623
