20,75.6,0.0,-427.676189131
40,78.5,0.0,-482.775327632
60,79.95,0.0,-367.245886294
80,83.0,0.0,-456.54503857
100,84.55,0.0,-406.529465183
120,79.35,0.0,-333.042878097
140,91.45,0.0,-359.383533977
160,94.9,0.0,-312.832941596
180,95.1,0.0,-296.521589394
200,101.7,0.0,-281.298615543
220,92.1,0.0,-207.013557382
240,111.8,0.0,-214.732152437
260,108.6,0.0,-199.421014662
280,113.15,0.0,-246.829336778
300,123.45,0.0,-245.461479667
320,114.65,0.0,-218.382819774
340,123.7,0.0,-223.744192893
360,125.9,0.0,-266.028429501
380,164.25,0.0,-296.033842535
400,222.9,0.0,-255.241653286
420,144.3,0.0,-169.993709392
440,163.8,0.0,-228.898137166
460,172.4,0.0,-268.127802896
480,146.6,0.0,-193.042874955
500,134.05,0.0,-236.909965259
520,161.05,0.0,-201.578465899
540,149.1,0.0,-159.02837818
560,129.1,0.0,-195.31192388
580,193.25,0.0,-130.261780881
600,151.8,0.0,-159.57943315
620,197.8,0.0,-160.278149139
640,158.4,0.0,-147.75248813
660,229.7,0.0,-150.827953907
680,196.65,0.0,-179.634222414
700,278.65,0.0,-172.137471629
720,220.5,0.0,-201.445062022
740,262.45,0.0,-218.041151888
760,319.1,0.0,-123.882713036
780,347.05,0.0,-146.383398193
800,232.25,0.0,-126.825684306
820,230.25,0.0,-94.5341285353
840,370.5,0.0,-84.5070587864
860,208.8,0.0,-79.6318965187
880,295.65,0.0,-59.8152071598
900,288.55,0.0,-64.1163531868
920,587.8,0.0,-52.40253814
940,409.95,0.0,-57.1831033927
960,396.25,0.0,-62.3142289264
980,689.25,0.0,-51.6475867136
1000,667.75,0.0,-39.0294705035
1020,528.95,0.0,-30.5157610165
1040,638.6,0.0,-21.6592929635
1060,663.1,0.0,-52.0555353587
1080,709.85,0.0,-46.5106752546
1100,701.95,0.05,-19.139098569
1120,647.75,0.0,-49.8773374746
1140,454.15,0.0,-38.3459278556
1160,708.6,0.05,-11.0034503385
1180,621.65,0.0,-69.2368066601
1200,577.0,0.05,-36.5549562797
1220,694.25,0.05,-9.93387292007
1240,724.3,0.0,-11.4432325328
1260,600.1,0.0,-47.0688727806
1280,765.4,0.05,-7.22998374684
1300,719.55,0.2,2.36394445168
1320,781.85,0.1,11.2480126788
1340,684.85,0.1,4.76648324652
1360,727.35,0.2,30.8160538845
1380,757.6,0.05,27.2615462191
1400,766.8,0.05,26.4349637818
1420,817.2,0.0,38.1279491843
1440,967.8,0.0,73.0402552336
1460,837.2,0.0,51.1222987938
1480,753.5,0.05,43.5397410908
1500,723.7,0.0,26.4769074663
1520,881.5,0.05,70.2696327754
1540,683.65,0.2,37.2700485637
1560,626.7,0.2,37.2189096466
1580,764.4,0.35,85.0537778292
1600,641.45,0.55,124.17723354
1620,522.4,0.75,149.394909516
1640,478.3,0.9,177.318812925
1660,515.95,0.75,149.785223463
1680,350.85,0.7,138.058507606
1700,373.7,0.5,73.8408754562
1720,383.6,0.7,118.226831935
1740,381.35,0.8,143.651551645
1760,361.05,0.55,93.5358836004
1780,346.25,0.55,89.8116466427
1800,343.85,0.8,137.6040867
1820,300.5,0.55,83.2207421153
1840,325.75,0.65,124.555588716
1860,308.6,0.55,89.559755088
1880,332.5,0.75,130.672004868
1900,266.25,0.5,79.4800847036
1920,298.65,0.5,72.9243380961
1940,259.5,0.4,77.9102216174
1960,290.9,0.55,107.128419376
1980,316.75,0.75,137.221886911
2000,338.95,0.9,166.381221257
2020,317.15,0.65,124.603485782
2040,322.35,0.9,187.895260566
2060,327.6,1.0,205.410201116
2080,339.55,1.0,210.218059122
2100,329.0,0.85,169.947776916
2120,338.45,0.95,198.272926313
2140,322.0,0.9,183.173201853
2160,294.95,0.95,196.309053169
2180,311.8,1.0,201.038953232
2200,278.2,0.9,193.086807094
2220,299.4,0.8,167.779355675
2240,267.5,0.8,166.881498638
2260,282.3,0.9,182.036314627
2280,277.75,0.95,205.082785036
2300,281.8,0.85,184.924060858
2320,260.75,0.85,182.766400992
2340,296.95,0.7,155.263891673
2360,262.15,0.9,197.288963115
2380,275.25,0.75,155.532635459
2400,292.65,0.8,164.188824356
2420,294.2,0.85,163.933526428
2440,273.85,0.8,159.962578947
2460,325.15,0.9,177.428637396
2480,328.65,0.75,135.621012081
2500,353.2,0.9,165.790848905
2520,353.6,0.9,166.256886271
2540,338.95,0.85,157.744446791
2560,340.4,1.0,204.935327108
2580,329.4,0.95,197.267237221
2600,347.75,0.95,192.408713777
2620,351.55,0.95,186.629471295
2640,347.9,0.85,168.213844925
2660,356.3,1.0,194.459716131
2680,348.75,1.0,206.505715101
2700,331.85,0.95,190.007165165
2720,325.1,0.9,185.746661729
2740,319.05,0.85,165.0672103
2760,317.45,0.95,192.585698095
2780,344.2,0.95,190.515551777
2800,306.6,0.9,191.646275896
2820,293.25,0.85,178.445507794
2840,304.1,0.85,167.770091886
2860,294.85,0.9,183.19680601
2880,291.35,0.95,213.348185738
2900,273.75,0.75,155.446255131
2920,287.9,0.65,119.883264884
2940,291.7,0.85,172.431874049
2960,315.65,0.9,185.486253021
2980,312.35,0.75,145.587949958
3000,298.8,0.6,101.316895626
3020,315.8,0.8,150.340618865
3040,339.35,0.8,144.746762809
3060,327.1,0.9,179.600653209
3080,331.75,0.7,119.73203749
3100,378.7,0.9,158.976245336
3120,395.2,0.75,103.43644923
3140,399.05,0.85,148.217379093
3160,382.9,0.7,116.642784967
3180,329.5,0.55,81.5445037486
3200,349.7,0.85,154.153524269
3220,333.75,0.75,136.072986192
3240,356.85,0.75,129.98192172
3260,369.0,0.85,163.925386057
3280,312.0,0.55,89.6090817999
3300,348.0,0.7,119.640407084
3320,309.95,0.5,71.7164276287
3340,329.25,0.65,109.113438407
3360,323.6,0.65,109.29583481
3380,352.2,0.8,133.492003819
3400,349.0,0.85,156.184239941
3420,357.5,0.95,175.772883719
3440,350.85,0.8,147.337970265
3460,327.2,0.9,177.328376218
3480,307.1,0.65,120.901178556
3500,297.4,0.75,145.432648634
3520,296.45,0.75,152.280891669
3540,323.85,0.95,193.910490364
3560,289.3,0.8,163.511373972
3580,268.2,0.7,148.726532646
3600,291.7,0.75,150.946138921
3620,272.6,0.7,143.196725441
3640,271.6,0.75,155.628485287
3660,263.6,0.75,156.492647987
3680,256.9,0.55,103.927246281
3700,272.4,0.7,139.808382332
3720,231.25,0.35,57.1430380879
3740,282.85,0.85,167.31443505
3760,255.15,0.55,103.249182928
3780,322.85,0.85,160.851515093
3800,304.1,0.85,161.211755563
3820,280.05,0.65,103.290839222
3840,287.75,0.7,120.200835033
3860,309.6,0.8,146.374095669
3880,294.95,0.55,85.0055001077
3900,313.85,0.6,87.4207219549
3920,329.7,0.55,70.8783881213
3940,348.5,0.6,98.2319454747
3960,354.25,0.55,69.4300832827
3980,386.05,0.95,185.419588365
4000,392.95,0.9,173.347638751
4020,425.2,0.85,144.749500517
4040,443.45,1.0,186.444637896
4060,435.85,0.85,145.502693144
4080,382.3,0.95,182.942140104
4100,384.95,1.0,191.672990533
4120,392.15,1.0,192.435748809
4140,360.65,0.95,183.862745344
4160,381.05,0.95,185.068329195
4180,369.6,0.95,189.525391057
4200,361.45,0.9,181.749101555
4220,384.55,0.85,151.79050892
4240,347.4,0.9,182.078862852
4260,365.15,1.0,201.104523724
4280,380.7,0.85,154.963832423
4300,397.7,0.85,149.080644586
4320,373.45,0.8,137.615417095
4340,390.6,0.95,177.635715638
4360,447.6,0.75,111.368925331
4380,412.0,0.85,149.093874796
4400,427.45,0.85,136.765871979
4420,427.0,0.7,105.465159168
4440,418.85,0.75,120.74323917
4460,417.85,0.55,56.9343989968
4480,455.9,0.5,9.65554632667
4500,511.15,0.8,89.316523038
4520,565.2,0.55,26.3587552977
4540,775.9,0.7,46.3162135573
4560,667.0,0.55,8.11210368455
4580,809.6,0.15,-94.0775723162
4600,914.65,0.1,-109.609644554
4620,924.5,0.3,-51.2072929321
4640,873.0,0.45,-18.137087755
4660,764.95,0.6,42.091327837
4680,779.9,0.55,-9.75378929561
4700,613.15,0.7,59.1478395508
4720,586.6,0.8,101.703024226
4740,424.0,0.65,82.0823050266
4760,423.85,0.6,62.6722430953
4780,405.5,0.85,143.658491229
4800,374.7,0.75,114.170191487
4820,354.95,0.6,77.1038637521
4840,310.95,0.65,99.1960677848
4860,314.55,0.5,64.4284124651
4880,292.6,0.6,107.458638837
4900,317.35,0.7,121.794552452
4920,319.8,0.7,110.239708844
4940,285.7,0.55,89.2452479199
4960,307.85,0.6,100.7267826
4980,297.0,0.65,125.80539989
5000,291.95,0.7,124.041084014
5020,308.65,0.6,99.7541511539
5040,288.65,0.55,94.7139983436
5060,302.2,0.75,140.02884379
5080,274.6,0.55,75.5004938681
5100,266.5,0.55,92.5286251948
5120,285.6,0.5,80.2878764832
5140,288.75,0.8,154.72666289
5160,311.8,0.65,121.178698043
5180,306.05,0.85,172.775205139
5200,316.35,0.8,147.096981991
5220,296.95,0.7,130.953773047
5240,292.1,0.85,175.200207387
5260,307.0,0.8,154.026122486
5280,352.2,0.8,135.516443463
5300,326.45,0.8,152.674387866
5320,325.35,0.7,108.790874544
5340,308.3,0.75,132.598276228
5360,356.8,0.8,145.255158728
5380,312.5,0.5,71.3483121648
5400,348.7,0.9,161.164991021
5420,364.45,0.8,141.448867818
5440,348.15,0.75,132.155292544
5460,365.8,0.6,98.7915512933
5480,384.0,0.8,136.853154884
5500,310.6,0.65,107.50374199
5520,299.3,0.75,143.209948073
5540,359.15,0.55,78.439701762
5560,324.4,0.75,136.175059397
5580,354.1,0.9,175.441984732
5600,349.55,0.6,84.907447035
5620,316.3,0.75,134.014788309
5640,334.85,0.8,146.743810952
5660,352.15,0.85,163.187418708
5680,340.0,0.9,180.303258867
5700,333.85,0.85,164.387663843
5720,312.25,0.85,160.220573986
5740,341.5,0.9,190.541659673
5760,292.55,0.8,163.875445829
5780,296.9,0.8,153.217029616
5800,320.95,0.85,171.188875023
5820,321.15,0.85,161.448382412
5840,343.85,0.8,152.891459728
5860,343.8,0.85,168.691678901
5880,318.8,0.85,178.912901201
5900,331.35,0.9,176.145568365
5920,336.4,1.0,220.620913036
5940,348.6,0.85,162.84765349
5960,353.3,1.0,196.060750176
5980,346.45,0.95,189.336516699
6000,351.2,0.85,154.647768443
6020,348.35,0.85,163.173019112
6040,359.95,1.0,198.046799875
6060,349.9,0.95,195.345663644
6080,380.3,0.95,187.267985448
6100,352.7,1.0,201.44308378
6120,365.7,0.9,173.70301007
6140,371.7,1.0,208.827580005
6160,339.55,0.85,169.502905771
6180,366.75,0.9,168.070565537
6200,337.55,0.85,149.988390596
6220,334.8,0.9,186.380410258
6240,320.85,0.7,124.854855475
6260,334.95,0.7,130.9478211
6280,332.3,0.85,158.837085072
6300,323.9,0.9,172.162333983
6320,315.85,0.8,157.366194185
6340,321.8,0.85,155.351938445
6360,296.45,0.7,128.214377988
6380,352.15,0.6,92.9192070464
6400,349.05,0.85,160.687775377
6420,378.45,0.85,151.663101964
6440,325.95,0.55,65.3851594244
6460,336.25,0.65,101.182101853
6480,375.0,0.65,93.9467970758
6500,345.7,0.8,130.371763326
6520,357.9,0.7,110.487628876
6540,372.0,0.55,52.9311822861
6560,379.0,0.8,120.614554154
6580,385.05,0.6,57.6821564245
6600,371.3,0.6,67.1921341835
6620,398.45,0.75,110.827414152
6640,442.5,0.65,84.5166013462
6660,441.35,0.65,71.6219760407
6680,450.55,0.6,55.9738757896
6700,498.7,0.75,100.446956073
6720,553.2,0.6,34.5232207441
6740,574.95,0.65,58.2231595952
6760,581.0,0.85,119.349627411
6780,598.2,0.8,91.1825382328
6800,643.15,0.75,61.9456585103
6820,681.25,0.6,27.2582819744
6840,676.8,0.75,56.3057449834
6860,642.6,0.75,80.3221132809
6880,663.5,0.85,91.2566240817
6900,621.9,0.9,112.795860182
6920,658.65,0.9,118.034436672
6940,631.3,0.85,112.840264406
6960,558.5,0.95,140.591843656
6980,568.25,0.85,113.027234593
7000,554.3,0.95,148.196790921
7020,484.0,1.0,173.581485837
7040,452.2,0.9,158.005028974
7060,454.75,1.0,184.099039901
7080,396.35,1.0,187.087226788
7100,385.05,1.0,202.31353716
7120,385.0,1.0,192.651879417
7140,388.1,1.0,194.623293519
7160,367.85,0.85,159.969666747
7180,369.45,0.95,184.966230854
7200,374.8,0.85,156.084912743
7220,326.55,0.85,165.034300327
7240,375.8,0.8,140.802179766
7260,335.85,0.8,152.826730255
7280,322.65,0.9,168.351432439
7300,280.65,0.55,87.3599565542
7320,308.35,0.75,146.240848108
7340,326.35,0.85,166.512170579
7360,355.4,0.75,121.688548456
7380,322.8,0.6,94.6866948117
7400,281.1,0.4,35.1934027009
7420,312.15,0.5,59.3428550145
7440,358.25,0.9,159.062157368
7460,351.45,0.8,121.17985387
7480,318.0,0.55,69.2355972523
7500,337.4,0.65,86.1402756525
7520,383.8,0.95,158.954057549
7540,341.55,0.5,45.2650520468
7560,364.25,0.85,134.93662908
7580,354.85,0.7,106.928074045
7600,395.55,0.7,84.8209014761
7620,346.2,0.6,64.778410664
7640,403.7,0.8,125.148670117
7660,410.3,0.65,75.0140322135
7680,410.3,0.85,139.789601428
7700,435.35,0.85,119.290826162
7720,408.45,0.85,141.815335954
7740,442.65,0.9,164.106355387
7760,447.15,0.9,151.198486339
7780,448.8,1.0,176.852000268
7800,457.6,0.95,173.774465352
7820,462.85,1.0,183.40942847
7840,465.85,1.0,181.489774811
7860,459.1,1.0,185.248686888
7880,450.7,0.9,162.979121688
7900,466.5,0.95,167.199117682
7920,531.95,0.85,131.151211805
7940,505.9,0.75,98.6567282936
7960,475.25,0.75,102.005847405
7980,497.25,0.75,102.068268715
8000,502.8,0.65,69.2203383722
8020,464.75,0.55,43.4370486127
8040,454.25,0.75,99.4255910999
8060,481.95,0.75,90.8068659399
8080,462.2,0.65,76.566859817
8100,437.55,0.65,68.6978554059
8120,434.85,0.65,77.1703552834
8140,422.95,0.65,81.9509521037
8160,410.55,0.55,45.1051263993
8180,400.05,0.7,112.118027609
8200,408.2,0.7,96.6342830718
8220,399.75,0.8,138.422131103
8240,381.0,0.6,91.3920573668
8260,427.65,0.85,146.741747947
8280,382.9,0.75,131.987214838
8300,377.1,0.75,125.097114428
8320,407.1,0.7,104.235999401
8340,419.35,0.65,91.4136934904
8360,379.6,0.75,127.10211931
8380,366.75,0.75,130.013222719
8400,370.8,1.0,197.930590203
8420,357.2,0.8,151.916488835
8440,385.2,0.95,189.812800901
8460,338.5,0.8,146.039826695
8480,344.9,0.9,181.451845
8500,331.7,0.8,152.507611192
8520,337.45,0.8,154.046504152
8540,327.6,0.8,147.666026221
8560,366.5,0.8,159.866640234
8580,323.9,0.8,165.285327189
8600,322.7,0.85,178.620210787
8620,344.65,0.8,158.200299467
8640,315.45,0.75,154.480817414
8660,349.4,0.75,148.890279243
8680,329.25,0.95,197.237565464
8700,339.4,0.9,178.793326695
8720,319.5,0.9,190.09190872
8740,322.55,0.85,172.170461967
8760,318.9,0.85,176.563113364
8780,358.0,0.9,170.060429948
8800,328.65,0.7,133.002586757
8820,345.75,0.8,153.333973309
8840,314.0,0.8,160.122336226
8860,315.3,0.7,119.468958495
8880,322.05,0.6,85.7163296108
8900,310.2,0.45,38.5608029623
8920,329.45,0.55,90.2025635763
8940,325.25,0.75,137.690957043
8960,331.0,0.55,73.7055147964
8980,326.95,0.75,136.968047391
9000,358.75,0.8,140.189092645
9020,369.85,0.9,158.943270236
9040,340.35,0.75,122.9830152
9060,374.15,0.7,103.191752832
9080,356.9,0.85,147.952283752
9100,408.35,0.85,144.466348499
9120,397.05,1.0,186.989500726
9140,419.55,0.95,177.58034557
9160,391.65,0.9,167.62653692
9180,431.05,0.95,173.681103242
9200,395.0,0.85,150.997194153
9220,394.4,0.9,175.039017446
9240,406.6,0.95,186.726755558
9260,405.8,0.9,169.590023124
9280,383.9,0.95,176.410658042
9300,398.95,1.0,200.648179107
9320,394.05,1.0,199.178116958
9340,397.25,0.95,185.028502672
9360,404.7,1.0,189.571360201
9380,422.65,1.0,199.878945399
9400,391.05,1.0,198.864221068
9420,411.65,1.0,195.412850179
9440,390.4,0.9,173.775144776
9460,392.45,1.0,190.347068908
9480,390.15,0.95,194.445454619
9500,376.65,0.95,184.507344647
9520,373.9,0.95,178.220332903
9540,362.5,1.0,206.742721198
9560,360.55,1.0,199.659371988
9580,369.65,0.95,193.110999434
9600,368.8,0.95,195.812092292
9620,359.55,0.9,177.866539429
9640,368.5,1.0,207.636633022
9660,345.85,0.95,195.357392821
9680,339.6,0.9,174.605698222
9700,321.0,0.9,185.602507808
9720,314.5,0.8,158.230417443
9740,342.4,0.95,186.448048205
9760,316.6,0.9,185.019641051
9780,315.05,1.0,205.511096104
9800,364.3,0.7,138.431661098
9820,316.6,0.9,186.082921256
9840,326.35,0.85,168.616364662
9860,322.8,0.85,169.135199491
9880,305.1,0.7,136.131330243
9900,347.7,1.0,206.890461924
9920,343.2,0.75,153.537715106
9940,330.3,0.85,176.101112882
9960,309.95,0.75,155.269101978
9980,326.0,0.85,161.641464171
10000,329.45,0.8,160.634004609
10020,311.65,0.9,187.026993425
10040,293.7,0.7,140.539781257
10060,346.85,0.8,155.458167696
10080,359.7,0.75,146.714173189
10100,293.45,0.7,130.531523471
10120,295.95,0.8,162.597099175
10140,300.45,0.8,164.786025626
10160,323.5,0.9,188.474915021
10180,352.25,0.9,180.672678228
10200,302.85,0.9,190.517544901
10220,314.55,0.9,182.945600655
10240,314.4,0.85,175.087423231
10260,321.3,0.95,190.960841417
10280,349.5,0.9,182.619546311
10300,358.45,1.0,197.476986198
10320,415.7,0.9,176.570427012
10340,346.0,0.9,179.684038769
10360,397.3,0.95,174.392150235
10380,374.6,1.0,191.165713476
10400,414.0,0.85,158.065141555
10420,368.55,1.0,191.649973667
10440,346.5,0.75,130.910836723
10460,394.05,1.0,192.530225234
10480,366.5,0.9,172.661523298
10500,345.55,0.9,168.252300136
10520,382.35,1.0,195.665494422
10540,400.4,0.85,143.484447454
10560,370.5,1.0,207.315212432
10580,342.55,1.0,196.921651759
10600,353.35,0.95,192.817345604
10620,347.45,1.0,200.284728129
10640,361.75,1.0,201.668962799
10660,369.5,1.0,195.97039879
10680,362.0,0.95,192.046617903
10700,331.55,1.0,203.958692769
10720,334.85,1.0,203.964486778
10740,319.35,1.0,204.179802723
10760,384.95,0.85,161.604060459
10780,325.5,0.9,180.600960771
10800,354.1,0.9,164.201732522
10820,313.75,0.95,194.489484098
10840,323.9,0.95,196.24833088
10860,324.25,1.0,215.810026894
10880,359.95,0.9,189.629411475
10900,343.25,0.95,189.023068042
10920,334.7,0.85,168.521195969
10940,326.8,0.95,200.91912242
10960,309.8,0.9,187.510701858
10980,355.45,0.9,189.216731029
11000,318.15,0.9,189.38479085
11020,320.65,0.9,182.163361503
11040,334.55,0.9,180.256401945
11060,342.7,0.85,165.213489401
11080,360.6,0.9,176.587552734
11100,329.85,0.85,167.354805383
11120,341.2,0.85,172.031284268
11140,395.7,0.8,148.619142589
11160,352.9,0.9,177.840559282
11180,365.9,0.9,178.387957041
11200,406.4,0.9,172.347225424
11220,371.25,0.95,187.979612444
11240,380.0,0.9,174.640986296
11260,380.1,0.95,176.842804072
11280,393.6,1.0,191.201090785
11300,385.65,1.0,191.481451326
11320,399.4,0.9,168.59060081
11340,375.25,0.95,188.096361263
11360,383.15,1.0,191.722806274
11380,386.55,1.0,195.904279844
11400,412.1,1.0,187.867917684
11420,410.05,1.0,197.743129302
11440,386.2,0.95,185.658098501
11460,377.05,0.9,180.048699166
11480,391.3,0.9,168.795573608
11500,384.9,0.85,158.880669481
11520,394.7,0.85,147.271488237
11540,400.85,1.0,194.200335175
11560,443.1,0.9,167.734988303
11580,392.7,0.95,185.501960333
11600,387.6,1.0,193.609266025
11620,405.15,1.0,197.857075541
11640,400.35,1.0,200.387331393
11660,420.65,1.0,197.363474606
11680,400.25,1.0,195.257859842
11700,400.95,0.95,180.924541497
11720,459.5,0.95,178.542998151
11740,424.95,1.0,194.201521055
11760,453.15,0.9,163.120478377
11780,415.45,0.95,178.199488371
11800,428.0,0.95,183.056660166
11820,416.4,1.0,189.795403807
11840,465.3,0.95,173.895287554
11860,428.35,0.85,155.992668876
11880,402.3,0.95,176.810608752
11900,393.15,0.85,158.366137481
11920,392.0,0.9,156.756797445
11940,394.4,0.9,169.117567468
11960,398.95,0.85,158.676773887
11980,346.95,0.75,136.922816787
12000,403.9,0.95,168.961096144
12020,354.3,0.7,114.045344719
12040,346.0,0.65,99.8404579592
12060,339.9,0.75,124.245664861
12080,354.45,0.9,169.342971492
12100,332.8,0.75,123.501763475
12120,311.5,0.45,65.8680014795
12140,322.5,0.75,114.472627203
12160,340.55,0.45,65.468103974
12180,321.8,0.7,101.796332247
12200,318.15,0.55,65.9968068969
12220,338.2,0.6,92.1100294943
12240,346.95,0.55,70.2938048401
12260,371.8,0.6,89.3478847779
12280,339.2,0.7,119.210131404
12300,330.55,0.7,108.791894971
12320,315.1,0.5,47.9585175439
12340,318.6,0.7,102.722154216
12360,348.8,0.85,145.970960027
12380,337.35,0.6,80.2411050638
12400,288.8,0.45,53.694943972
12420,315.45,0.7,118.661898917
12440,327.8,0.65,87.9430281734
12460,324.2,0.65,101.534824509
12480,321.4,0.7,120.015877178
12500,313.9,0.5,69.8124137062
12520,400.05,0.85,144.16906771
12540,337.2,0.55,83.9634346452
12560,341.0,0.6,81.448410061
12580,344.0,0.75,124.757532354
12600,335.7,0.95,183.064348464
12620,349.95,0.65,101.787597258
12640,315.35,0.4,31.4515117386
12660,372.0,0.7,117.408612122
12680,395.3,0.9,148.316367261
12700,363.6,0.75,133.957712884
12720,374.7,0.7,114.68788373
12740,373.15,0.8,130.84713939
12760,416.0,0.7,78.6295377256
12780,388.6,0.6,75.0414561383
12800,405.55,0.8,120.336758852
12820,434.35,0.8,124.739807763
12840,440.15,0.6,60.1359044884
12860,424.6,0.75,115.533490832
12880,427.1,0.65,72.3760902656
12900,414.85,0.7,95.6520233062
12920,431.8,0.85,125.971217179
12940,420.4,0.75,93.6485511848
12960,438.5,0.75,101.476084478
12980,432.95,0.75,101.853967313
13000,472.45,0.75,105.530396163
13020,431.4,0.75,100.202298815
13040,424.2,0.65,76.5563075482
13060,443.95,0.9,142.832919467
13080,426.05,0.7,93.8611149414
13100,431.1,0.7,99.4112969013
13120,420.8,0.7,84.0743963265
13140,421.35,0.75,110.371436899
13160,432.4,0.8,119.188353886
13180,421.8,0.8,127.734112032
13200,434.8,0.9,158.17467907
13220,413.5,0.75,110.407387795
13240,392.7,0.8,143.552769083
13260,406.35,0.9,158.172215965
13280,412.05,0.9,173.83203849
13300,374.65,0.9,168.649286113
13320,365.6,0.95,183.266497867
13340,379.95,0.85,157.106320313
13360,367.05,0.85,162.057337899
13380,407.65,0.95,183.180880711
13400,404.3,0.8,131.410675548
13420,420.85,0.9,154.958743821
13440,386.6,0.8,144.632448632
13460,407.1,0.8,150.105016386
13480,381.85,0.85,151.235133519
13500,378.35,0.85,155.312704013
13520,382.8,0.9,177.691191761
13540,379.35,0.9,166.203204516
13560,355.45,0.95,195.661522392
13580,368.3,0.8,141.130113282
13600,354.0,0.8,155.932913094
13620,352.55,0.9,164.383280356
13640,355.05,0.85,167.114879569
13660,384.75,0.9,160.109199558
13680,355.85,0.55,78.1684767737
13700,375.7,0.9,172.075027599
13720,352.35,1.0,193.364837078
13740,334.05,0.85,157.731812277
13760,338.65,0.9,176.116723741
13780,364.5,0.9,178.568126437
13800,341.75,1.0,201.773285368
13820,318.15,0.9,184.019258141
13840,331.9,0.9,174.225282074
13860,325.4,0.9,185.72453938
13880,361.95,1.0,189.554681769
13900,342.1,0.9,168.052914656
13920,325.05,0.85,163.927580048
13940,348.8,0.95,192.613039481
13960,318.5,0.9,189.338576587
13980,356.6,0.85,178.118670599
14000,294.4,0.85,168.794025088
14020,316.95,0.9,195.286960555
14040,318.0,1.0,207.845838108
14060,282.35,0.85,186.468115881
14080,309.2,0.85,174.44427533
14100,275.7,0.95,208.877609816
14120,316.15,0.9,199.46138101
14140,298.35,0.85,175.492139759
14160,263.65,0.9,197.212626417
14180,276.5,0.9,199.890653338
14200,286.9,0.9,191.602783787
14220,283.35,0.9,194.133423218
14240,316.65,1.0,216.631001409
14260,267.35,0.9,198.782161464
14280,276.4,0.8,163.497954557
14300,269.1,0.75,168.039267865
14320,274.45,0.9,193.888357397
14340,288.45,0.85,178.46944803
14360,257.9,0.7,150.476021038
14380,286.1,0.85,176.468840477
14400,278.4,0.85,177.417488228
14420,262.5,0.85,183.019846131
14440,267.85,0.9,193.716265943
14460,285.15,0.75,156.125604841
14480,277.9,0.8,163.30200303
14500,253.75,0.8,170.803799874
14520,276.45,0.95,204.37739486
14540,278.7,0.85,185.749107697
14560,272.95,0.85,182.702725289
14580,280.4,0.8,171.284708608
14600,284.85,0.95,201.957149159
14620,303.5,0.9,193.211561718
14640,294.65,1.0,210.140163796
14660,293.95,0.85,180.335969263
14680,296.75,1.0,205.586749825
14700,299.2,0.9,182.324998392
14720,309.05,0.9,186.438012172
14740,293.8,0.85,182.988482903
14760,306.15,0.8,166.503956845
14780,313.5,0.85,178.695407322
14800,318.85,0.9,183.929287902
14820,308.15,0.85,168.602822688
14840,324.05,0.8,141.504938892
14860,314.85,0.9,181.172604762
14880,332.75,0.95,187.12650785
14900,320.65,0.8,160.360084419
14920,348.0,0.85,159.643449348
14940,326.55,0.85,170.44420894
14960,343.8,0.8,148.47840922
14980,366.8,0.85,157.300334024
15000,348.2,0.9,175.672553951
15020,332.2,0.85,164.984092087
15040,338.6,0.85,163.232071841
15060,309.85,0.9,172.693117632
15080,308.95,0.9,192.726491968
15100,325.5,0.85,161.947175669
15120,334.55,0.95,191.877756682
15140,318.25,0.9,183.859726907
15160,302.05,0.9,184.73313016
15180,314.0,0.8,152.110981587
15200,329.05,0.75,143.752965498
15220,357.5,0.85,177.716174066
15240,320.6,0.85,171.438723151
15260,299.85,0.85,181.686172763
15280,292.55,0.9,192.491786103
15300,280.65,0.7,138.78789569
15320,297.35,0.8,161.675310292
15340,303.5,0.9,189.394186122
15360,305.65,0.95,191.672025217
15380,312.8,0.8,156.911882474
15400,297.3,0.8,153.260850728
15420,344.15,0.85,153.357115098
15440,335.85,0.8,145.367028962
15460,319.55,0.8,141.910955121
15480,310.65,0.7,119.224636038
15500,337.6,0.55,74.1288856006
15520,332.55,0.5,60.5028910526
15540,332.15,0.55,66.6751482327
15560,331.35,0.65,95.2340246588
15580,366.4,0.55,62.7525459213
15600,384.0,0.8,127.849597236
15620,347.5,0.5,24.1544771822
15640,378.25,0.75,102.034033619
15660,364.25,0.5,37.2276753927
15680,362.85,0.45,15.0202068553
15700,403.9,0.6,77.3371591941
15720,388.45,0.7,83.4349325691
15740,383.4,0.65,69.0149912304
15760,424.8,0.65,65.6521479987
15780,441.55,0.85,120.020957744
15800,385.45,0.7,81.1971932029
15820,417.05,0.85,108.854148365
15840,434.65,0.6,51.0920335874
15860,430.6,0.6,64.6249317192
15880,367.0,0.45,15.8796678271
15900,428.3,0.75,86.106467909
15920,426.2,0.75,98.9477144189
15940,422.35,0.55,36.9465437868
15960,416.4,0.65,70.3361064498
15980,409.5,0.7,88.2539541482
16000,467.6,0.9,138.65099911
16020,393.1,0.7,85.7242685797
16040,434.95,0.7,95.8350307281
16060,421.7,0.8,116.931077664
16080,421.85,0.6,63.9373578881
16100,429.5,0.75,107.08658136
16120,412.5,0.8,114.796801239
16140,392.55,0.6,57.9127573948
16160,411.1,0.65,82.4805188237
16180,465.65,0.85,121.549693736
16200,432.8,0.75,81.041234324
16220,463.85,0.8,100.479346209
16240,490.6,0.8,105.349900823
16260,466.35,0.6,51.9225883685
16280,465.5,0.85,116.361533673
16300,491.2,0.8,96.2001313664
16320,487.3,0.85,109.700592868
16340,515.6,0.6,32.4879961172
16360,555.65,0.8,87.4212857039
16380,515.75,0.7,60.9851421979
16400,536.9,0.75,84.1868562427
16420,545.05,0.8,82.8814010062
16440,599.25,0.65,53.149490433
16460,557.35,0.7,66.5566085132
16480,534.7,0.7,61.96376152
16500,534.45,0.8,104.147855204
16520,527.3,0.7,66.7711562796
16540,558.35,0.65,46.685370822
16560,562.75,0.65,55.0340737554
16580,586.35,0.8,80.1612442382
16600,587.1,0.75,79.2792065318
16620,588.7,0.8,87.4632113828
16640,560.9,0.75,86.7424146275
16660,564.65,0.85,107.355719245
16680,538.95,0.7,83.4499220244
16700,539.5,0.6,58.3808958086
16720,547.05,0.7,79.6923748121
16740,546.45,0.85,123.119916489
16760,567.55,0.85,125.495622861
16780,568.05,1.0,148.571238493
16800,567.0,0.95,156.111678867
16820,518.1,0.9,156.80850837
16840,501.25,1.0,175.627735258
16860,516.0,0.95,173.760131078
16880,487.85,1.0,186.33161013
16900,494.45,1.0,182.383689213
16920,474.25,1.0,190.958858958
16940,465.45,1.0,187.591505914
16960,466.5,1.0,181.510779916
16980,466.2,1.0,193.813745477
17000,452.6,1.0,181.638867441
17020,447.2,1.0,184.848489302
17040,437.7,1.0,193.574255368
17060,440.45,1.0,185.042393518
17080,422.4,1.0,198.342564338
17100,411.95,1.0,196.736666087
17120,399.8,1.0,194.105677794
17140,389.4,1.0,204.267905021
17160,405.7,1.0,196.48583274
17180,395.65,1.0,202.148777907
17200,380.5,1.0,210.175156797
17220,381.75,1.0,197.702515728
17240,372.5,1.0,205.354233431
17260,372.85,1.0,202.815751304
17280,377.3,0.95,186.712161673
17300,350.25,1.0,214.825483847
17320,349.45,1.0,208.019708293
17340,343.55,1.0,198.321352238
17360,346.25,1.0,206.367401826
17380,351.9,1.0,206.293761119
17400,350.25,1.0,207.41644337
17420,343.2,1.0,205.32122235
17440,345.9,1.0,208.24388377
17460,356.35,1.0,202.003283639
17480,347.25,1.0,206.805337599
17500,359.6,1.0,199.672116208
17520,354.05,1.0,200.978660514
17540,350.2,1.0,206.188270528
17560,348.1,1.0,205.96320811
17580,343.2,1.0,205.162032586
17600,373.4,1.0,196.188264346
17620,352.0,0.9,175.244917861
17640,350.6,0.95,194.456750111
17660,338.0,1.0,209.421584906
17680,344.2,0.95,192.097072097
17700,371.9,0.95,206.766496471
17720,344.35,1.0,205.780570553
17740,351.6,0.95,195.797874066
17760,359.65,1.0,211.482854934
17780,350.6,1.0,205.418928418
17800,374.5,1.0,198.867192233
17820,362.4,1.0,209.106135686
17840,383.45,1.0,207.632443926
17860,398.7,1.0,193.267742762
17880,404.75,1.0,197.866449785
17900,427.3,1.0,188.393628867
17920,444.05,1.0,185.645143318
17940,443.75,1.0,180.53504154
17960,472.65,0.95,171.526772019
17980,432.55,0.95,170.682469402
18000,455.45,0.95,169.162173104
18020,436.15,0.95,163.242261902
18040,498.6,0.95,141.951316385
18060,419.75,0.85,129.578830113
18080,481.0,0.95,154.695811966
18100,453.5,0.8,118.123250067
18120,462.95,0.9,153.017990564
18140,414.55,0.9,151.056462284
18160,448.05,1.0,174.930712137
18180,424.7,0.95,157.690682864
18200,457.1,0.8,116.982496238
18220,448.3,0.95,152.102128342
18240,435.6,0.9,144.975010088
18260,438.05,0.8,109.357642219
18280,479.9,0.95,151.112648958
18300,469.8,0.95,146.726823717
18320,511.2,0.9,118.52237907
18340,474.35,0.95,136.684353289
18360,435.85,0.6,64.5681670116
18380,499.05,0.7,76.6920093543
18400,480.35,0.75,83.7112612022
18420,481.65,0.75,81.778227914
18440,520.25,0.8,87.7369692149
18460,497.6,0.65,47.2227558295
18480,535.7,0.7,47.3429423286
18500,584.45,0.8,78.655667122
18520,550.8,0.65,39.5835646795
18540,563.2,0.6,16.0199114762
18560,611.75,0.75,43.9099156773
18580,641.4,0.9,80.3439104706
18600,645.5,0.8,62.928660843
18620,644.35,0.45,-13.1833311062
18640,698.95,0.7,17.4784081637
18660,659.4,0.85,90.4354398049
18680,669.8,0.95,101.1975136
18700,717.85,0.95,117.582918934
18720,630.0,0.95,129.908426415
18740,647.1,0.95,120.615069589
18760,599.45,1.0,148.452313847
18780,611.15,1.0,147.192831728
18800,630.05,1.0,145.24524326
18820,625.65,0.9,126.81727186
18840,567.75,1.0,158.655649227
18860,575.7,0.9,137.847853478
18880,507.7,1.0,173.088154368
18900,486.2,1.0,171.538298959
18920,447.2,1.0,183.070887311
18940,482.7,0.95,165.74366284
18960,458.95,0.95,167.539319763
18980,401.05,1.0,190.182331225
19000,457.35,0.95,165.578282007
19020,375.75,1.0,202.937584883
19040,371.95,1.0,197.741413896
19060,375.2,1.0,196.119991197
19080,368.8,1.0,203.442773473
19100,422.0,0.95,178.640800078
19120,388.7,1.0,194.353189581
19140,382.15,1.0,197.936342529
19160,400.65,0.9,177.035171441
19180,319.35,0.9,201.067210352
19200,357.15,0.9,191.901218228
19220,336.1,1.0,212.414482592
19240,329.05,0.9,181.925153266
19260,327.15,0.85,173.804764506
19280,330.55,1.0,204.021206441
19300,325.55,1.0,208.44269051
19320,334.2,0.95,191.977689011
19340,366.6,0.95,198.678897827
19360,384.35,1.0,183.967656459
19380,366.7,1.0,192.038450968
19400,365.95,1.0,196.229117188
19420,342.6,0.95,196.598896319
19440,386.8,0.95,178.405576887
19460,374.0,1.0,187.736589644
19480,377.1,1.0,197.912241917
19500,350.55,1.0,195.677937015
19520,373.2,0.8,156.806902628
19540,356.15,1.0,199.643497485
19560,342.2,0.95,187.920894923
19580,391.25,0.95,182.061700479
19600,353.3,0.95,185.438709424
19620,346.35,0.95,192.280564706
19640,327.05,0.9,188.442308747
19660,374.75,1.0,202.935539057
19680,345.3,0.9,176.160063071
19700,330.85,1.0,203.796764092
19720,321.7,0.9,178.528417225
19740,360.9,1.0,212.785920389
19760,323.7,0.85,171.930308123
19780,328.7,1.0,201.867813193
19800,302.15,0.95,204.534776312
19820,322.25,0.95,187.288148126
19840,324.5,0.95,189.172079024
19860,300.0,0.85,182.073177985
19880,323.0,1.0,197.461136799
19900,310.65,1.0,209.509500579
19920,350.3,0.95,197.776988799
19940,291.45,0.9,195.335445489
19960,319.45,1.0,199.068453888
19980,318.5,0.95,190.438054603
20000,315.0,0.9,182.888771815
20020,290.5,0.85,187.625159392
20040,343.85,0.9,189.201516401
20060,297.55,0.95,203.906363725
20080,301.65,0.95,205.107687879
20100,303.0,0.8,160.880229836
20120,317.15,0.9,187.192230432
20140,305.75,1.0,213.947704497
20160,308.6,0.95,204.941521444
20180,313.75,0.9,190.225346848
20200,300.5,1.0,215.583829135
20220,296.3,1.0,212.140807592
20240,317.3,0.95,201.772618648
20260,287.15,0.85,177.426700617
20280,297.95,0.85,180.032850541
20300,302.5,0.9,182.931121717
20320,318.8,1.0,211.764215252
20340,309.5,0.95,198.661149581
20360,335.25,1.0,209.375714375
20380,325.05,1.0,207.939590426
20400,307.05,0.9,193.700418413
20420,348.65,1.0,204.856435875
20440,308.2,1.0,221.084515039
20460,333.3,1.0,213.411565849
20480,318.15,1.0,200.63931342
20500,322.55,1.0,221.26791247
20520,325.7,1.0,202.566713914
20540,337.45,0.95,186.27673946
20560,329.7,1.0,204.127615878
20580,317.85,0.95,197.602220851
20600,333.55,1.0,209.721744151
20620,313.4,1.0,212.061573443
20640,322.45,0.9,176.178249427
20660,348.85,1.0,199.575568898
20680,334.6,1.0,208.150721146
20700,325.35,0.95,204.082043168
20720,353.65,0.85,172.313910465
20740,315.8,0.9,187.188318312
20760,320.05,0.95,193.966089999
20780,304.95,0.95,203.992683541
20800,312.2,1.0,208.239814219
20820,343.7,1.0,200.33315632
20840,368.2,0.95,202.600040971
20860,316.05,1.0,203.258485333
20880,308.85,1.0,211.189945337
20900,354.05,0.9,180.356959971
20920,308.7,1.0,213.4345695
20940,384.55,0.9,190.321684467
20960,332.55,1.0,209.78520087
20980,320.2,1.0,208.254226943
21000,338.2,1.0,201.497129049
21020,301.2,0.9,190.045711735
21040,322.35,0.95,190.999746733
21060,312.05,1.0,222.487733882
21080,373.95,0.95,178.367144434
21100,308.6,1.0,216.071229608
21120,305.4,1.0,204.178264911
21140,308.6,1.0,210.878635316
21160,312.65,0.95,199.855460536
21180,341.15,1.0,218.090558179
21200,293.8,1.0,207.281930776
21220,295.55,1.0,222.351285773
21240,290.8,1.0,217.692697177
21260,318.1,1.0,215.90677124
21280,306.85,1.0,204.462615183
21300,314.9,1.0,213.448071576
21320,318.2,1.0,211.401636511
21340,336.6,1.0,204.084167716
21360,319.5,1.0,212.205327884
21380,329.0,1.0,212.683927184
21400,294.5,1.0,223.659042837
21420,307.2,1.0,221.46373881
21440,330.3,1.0,214.709429612
21460,341.7,1.0,208.819212543
21480,303.4,1.0,218.315583545
21500,287.55,0.95,207.310429291
21520,299.55,0.9,188.653154711
21540,339.3,0.9,185.217192093
21560,285.85,1.0,219.953387964
21580,298.7,1.0,208.023705118
21600,312.25,1.0,205.30370182
21620,311.25,0.9,190.564113233
21640,300.35,1.0,211.286129841
21660,302.85,1.0,223.281849692
21680,334.55,0.95,196.732422081
21700,310.85,1.0,207.043462123
21720,298.15,0.9,185.270653441
21740,303.5,0.85,176.139301468
21760,284.65,0.85,176.379693169
21780,322.15,1.0,209.197258529
21800,300.0,0.9,189.076426116
21820,308.8,0.85,172.292696878
21840,288.7,0.8,173.384302158
21860,300.05,0.85,176.428888093
21880,290.6,0.8,161.198793969
21900,297.35,0.9,190.704096451
21920,281.55,0.6,113.255777252
21940,307.9,0.6,117.791469461
21960,338.85,0.9,191.880344339
21980,289.4,0.75,143.42829463
22000,304.45,0.7,129.620358373
22020,300.05,0.65,111.577761228
22040,350.75,0.85,161.512271487
22060,319.9,0.65,121.927783321
22080,289.25,0.7,129.433593038
22100,304.15,0.7,131.759718582
22120,324.1,0.65,117.994518252
22140,287.45,0.7,121.340154247
22160,303.4,0.65,115.133348034
22180,287.55,0.7,134.376547807
22200,304.5,0.65,103.946022884
22220,334.15,0.9,179.493239863
22240,297.85,0.7,120.628174333
22260,300.0,0.75,145.892421408
22280,330.5,0.75,138.814998294
22300,337.25,0.7,125.741649481
22320,327.35,0.85,168.448049241
22340,330.3,0.65,108.019605098
22360,358.5,0.8,155.882104538
22380,320.9,0.85,160.506782463
22400,302.0,0.85,164.866167509
22420,322.9,0.75,139.821386477
22440,291.55,0.7,132.909960038
22460,315.1,0.75,128.951513288
22480,329.7,0.85,161.889838503
22500,328.0,0.9,184.853116021
22520,309.75,0.8,152.291686073
22540,314.2,0.85,163.149064683
22560,312.7,0.75,146.199420302
22580,312.65,0.65,110.735669959
22600,351.65,0.55,98.3946529361
22620,321.3,0.7,128.858236355
22640,327.4,0.85,167.735985817
22660,317.15,0.75,145.691052019
22680,294.45,0.65,115.575572404
22700,280.35,0.7,135.654662619
22720,309.3,0.9,184.69609717
22740,297.15,0.65,118.55428351
22760,287.8,0.85,164.800477252
22780,344.65,0.9,180.387677187
22800,304.25,0.75,138.831451342
22820,276.7,0.7,145.606246094
22840,342.9,0.8,157.07931483
22860,310.65,0.8,156.052589089
22880,313.65,0.8,157.741202313
22900,265.85,0.65,110.128360941
22920,262.8,0.75,150.531546691
22940,279.55,0.9,188.417784914
22960,283.7,0.7,132.915089405
22980,268.2,0.8,162.496745369
23000,239.75,0.6,132.287811395
23020,283.25,0.85,162.408804143
23040,248.05,0.75,154.028649723
23060,261.9,0.85,175.075378903
23080,338.35,0.8,146.483895272
23100,296.15,0.95,191.79613355
23120,299.45,0.75,145.681340744
23140,312.2,1.0,202.20143269
23160,307.65,0.85,157.849329462
23180,269.25,0.8,166.015888272
23200,276.35,0.75,145.138085417
23220,282.7,0.65,118.306181162
23240,253.9,0.7,131.676473092
23260,269.75,0.65,118.077641357
23280,287.25,0.6,103.508642626
23300,253.55,0.65,110.513467688
23320,306.45,0.85,155.227833387
23340,302.4,0.7,129.676168666
23360,262.95,0.55,93.4478380997
23380,292.5,0.75,142.909070223
23400,251.0,0.5,89.1037217769
23420,305.7,0.8,152.650946319
23440,271.4,0.5,68.5336961854
23460,298.35,0.7,113.45026942
23480,320.15,0.85,166.660063753
23500,317.75,0.65,106.11979125
23520,278.65,0.65,111.763293053
23540,264.8,0.6,102.505578395
23560,311.55,0.9,163.012236548
23580,285.9,0.65,111.532086618
23600,318.6,0.7,124.021831491
23620,292.35,0.75,138.142241757
23640,333.3,0.75,124.07396313
23660,297.1,0.85,160.678319914
23680,300.3,0.85,160.755423216
23700,320.6,0.75,143.887040505
23720,313.7,0.8,149.029246868
23740,339.9,0.65,106.766557257
23760,345.05,0.7,123.064514767
23780,377.7,0.75,146.677423862
23800,316.1,0.7,120.095397859
23820,299.6,0.85,168.255465971
23840,295.0,0.7,134.685909793
23860,295.35,0.7,125.641869711
23880,318.85,0.9,161.873000104
23900,340.25,0.7,136.449840858
23920,291.75,0.8,152.348634728
23940,322.45,0.7,103.612345024
23960,335.0,0.7,126.201745703
23980,308.65,0.75,148.953125823
24000,330.65,0.8,145.001763244
24020,314.35,0.75,129.503765366
24040,324.1,0.5,67.7286533724
24060,296.55,0.65,99.9001012297
24080,321.9,0.7,126.241768301
24100,321.9,0.8,140.503836492
24120,285.6,0.75,146.172790258
24140,308.8,0.7,122.57770182
24160,316.6,0.9,175.274122294
24180,324.2,0.85,163.525956128
24200,317.5,0.8,130.099907723
24220,306.2,0.8,153.800004047
24240,305.1,0.65,117.31457323
24260,357.95,0.65,107.08471441
24280,318.7,0.8,145.425659081
24300,314.65,0.85,154.926281212
24320,339.0,0.85,146.968090275
24340,349.5,0.6,94.3442004267
24360,315.15,0.75,135.31537282
24380,366.95,0.9,171.378761763
24400,367.6,0.8,165.302897206
24420,304.2,0.8,157.479650555
24440,283.05,0.8,163.808921165
24460,361.25,0.85,172.583293578
24480,379.1,0.9,168.954072558
24500,319.1,0.75,133.914050611
24520,319.6,0.9,168.841915753
24540,335.75,0.7,130.481564491
24560,317.3,0.85,155.926288729
24580,290.0,0.75,155.129710139
24600,279.1,0.85,186.866414143
24620,289.7,0.9,182.797475301
24640,297.55,0.85,167.996971465
24660,308.85,0.95,205.213864562
24680,287.9,0.95,203.699501477
24700,287.4,0.85,177.64169067
24720,274.4,0.9,191.806038388
24740,288.4,0.9,186.148320049
24760,265.6,0.65,118.025865941
24780,274.2,0.6,106.78811441
24800,287.65,0.95,204.796543119
24820,286.25,0.85,180.055864236
24840,331.85,0.85,165.090086439
24860,289.65,0.85,173.717061031
24880,279.5,0.75,146.485360676
24900,334.95,0.75,147.661474794
24920,279.45,0.8,155.006635139
24940,309.4,0.8,156.225169833
24960,281.05,0.65,124.068341515
24980,276.7,1.0,206.370060759
25000,315.7,0.9,175.638458435
25020,295.7,0.85,170.31713132
25040,306.1,0.95,194.427990389
25060,282.0,0.75,153.090038039
25080,291.35,0.9,190.616003418
25100,303.9,0.85,169.696915036
25120,294.5,0.85,173.271447193
25140,296.0,0.8,157.980888612
25160,276.1,0.7,138.943494761
25180,261.65,0.65,123.763335847
25200,313.95,0.9,178.556452182
25220,294.2,0.8,152.160392992
25240,294.0,0.9,180.200639517
25260,314.8,0.8,160.60049493
25280,289.6,0.9,183.84983084
25300,308.8,0.9,186.059857748
25320,302.25,0.85,163.320518513
25340,303.6,0.8,154.029717999
25360,307.7,0.85,164.878347364
25380,299.4,0.85,173.420471059
25400,328.35,0.95,180.812326945
25420,346.35,0.8,146.570221185
25440,300.85,0.85,168.52896308
25460,323.95,0.85,174.893165556
25480,292.75,0.85,166.841936608
25500,309.0,0.95,189.219779267
25520,286.2,0.75,148.508991545
25540,337.0,0.8,171.415955875
25560,313.3,0.9,175.712030183
25580,313.4,0.95,195.967567913
25600,304.6,0.9,182.082552191
25620,320.5,0.8,150.442282554
25640,322.4,0.8,162.890287176
25660,288.25,0.9,186.791902766
25680,327.65,0.95,193.820077988
25700,305.55,0.85,169.286146264
25720,303.75,0.7,135.496059408
25740,310.65,0.8,155.945363642
25760,292.0,0.7,124.65260426
25780,348.1,0.9,164.289027896
25800,296.85,0.9,186.691509105
25820,324.0,0.75,141.521767278
25840,290.95,0.7,125.604695112
25860,302.5,0.85,161.709610595
25880,260.35,0.65,126.734201482
25900,334.9,0.7,113.426817755
25920,313.8,0.65,101.383166733
25940,334.4,0.75,129.941218474
25960,343.4,0.85,147.106982169
25980,336.65,0.8,139.989221634
26000,361.55,0.85,142.270030622
26020,338.8,0.9,160.608767636
26040,352.8,0.8,136.814225063
26060,331.6,0.85,153.189649001
26080,405.6,0.9,158.031099738
26100,337.25,0.7,97.7028453143
26120,352.1,0.7,101.856460501
26140,401.05,0.8,119.978873431
26160,352.9,0.85,157.639527944
26180,343.7,0.8,129.333825826
26200,383.9,0.9,153.405294102
26220,355.3,0.9,163.50438219
26240,357.65,0.8,127.197382975
26260,345.25,0.65,99.9392778608
26280,341.9,0.8,142.302862301
26300,349.9,0.6,67.7144280323
26320,364.9,0.85,156.155423116
26340,363.9,0.6,98.1620835861
26360,354.7,0.75,121.918208837
26380,329.75,1.0,196.294714053
26400,350.9,0.9,169.445983547
26420,329.05,0.8,145.311005579
26440,339.95,0.95,184.922766788
26460,381.5,0.85,168.714933641
26480,347.45,0.95,187.149052618
26500,323.9,0.95,191.211339321
26520,316.25,0.75,153.493335921
26540,320.25,0.95,194.936654654
26560,324.65,1.0,214.436347299
26580,306.2,0.9,176.530884056
26600,312.65,0.85,164.193291155
26620,299.55,0.95,198.739947447
26640,305.45,0.8,160.721407026
26660,297.9,0.95,196.898029145
26680,341.0,0.8,165.500445219
26700,306.75,0.85,163.499603873
26720,316.0,1.0,210.115197833
26740,302.1,0.8,162.910256149
26760,317.8,0.95,197.351352525
26780,315.45,0.9,169.029991557
26800,342.65,0.9,171.083483839
26820,315.8,0.85,174.574214469
26840,303.7,0.9,177.07943997
26860,307.9,0.8,147.702535233
26880,322.05,1.0,207.894656676
26900,320.1,0.8,156.699255895
26920,332.05,0.9,186.088973631
26940,287.3,0.95,197.605250885
26960,336.3,0.85,171.916212036
26980,279.75,0.8,162.650649999
27000,287.05,0.9,191.593785785
27020,359.9,0.85,177.18269123
27040,286.2,0.95,202.283380253
27060,283.4,1.0,219.166028318
27080,333.05,0.9,181.934633999
27100,287.2,1.0,201.290459471
27120,311.15,0.9,180.660565545
27140,293.4,0.8,162.831788883
27160,295.4,0.9,192.285073109
27180,363.85,0.9,169.23974835
27200,340.15,0.8,143.017489263
27220,292.85,0.85,161.598266559
27240,283.1,0.7,134.598093498
27260,307.7,0.9,183.260562908
27280,303.6,0.9,183.905407206
27300,299.05,0.8,155.862391052
27320,325.75,0.7,127.933988648
27340,311.55,0.75,141.883746221
27360,317.95,1.0,199.248762417
27380,294.1,0.85,169.47286197
27400,300.85,0.85,164.917397926
27420,319.15,0.8,145.662631005
27440,320.2,0.9,178.317516447
27460,346.65,0.9,172.110467461
27480,349.85,0.85,158.215959216
27500,333.55,0.9,176.290326893
27520,303.25,0.7,138.576402543
27540,287.05,0.85,174.764781021
27560,325.0,0.85,170.036241547
27580,328.45,0.7,119.268313097
27600,278.7,0.7,135.114741668
27620,288.1,0.85,167.762832201
27640,284.15,0.65,115.639186121
27660,292.4,0.75,139.84837465
27680,317.55,0.75,141.678903917
27700,354.25,1.0,203.192585791
27720,311.25,0.75,132.190549303
27740,309.55,0.7,126.579638438
27760,282.2,0.8,142.515230806
27780,264.6,0.75,140.154884507
27800,274.45,0.7,137.048420871
27820,305.9,0.65,109.104341598
27840,310.0,0.65,103.373400593
27860,312.75,0.9,174.387488342
27880,321.25,1.0,200.555554498
27900,334.8,0.8,154.09004939
27920,313.6,0.85,151.72934286
27940,306.65,0.8,146.788984176
27960,315.1,0.8,133.049768041
27980,320.35,0.8,152.136345642
28000,322.55,0.85,153.731575021
28020,314.85,0.75,128.923214604
28040,314.75,0.7,107.133687822
28060,319.3,0.8,158.058398875
28080,330.95,0.85,150.028825675
28100,307.5,0.8,137.921127959
28120,290.4,0.8,126.608775025
28140,305.15,0.8,148.935127667
28160,357.85,0.9,168.740215124
28180,302.75,0.7,113.557853519
28200,340.75,0.85,150.645999781
28220,367.95,0.9,156.050527679
28240,330.45,0.7,113.591219313
28260,308.5,0.8,145.506457641
28280,387.35,0.85,149.473912337
28300,332.9,1.0,196.245643733
28320,363.9,0.7,118.254264734
28340,347.9,0.75,117.659657996
28360,369.5,0.7,114.388572529
28380,412.6,0.8,127.162175208
28400,394.2,0.85,151.550891752
28420,374.05,0.95,180.738605675
28440,412.45,0.85,147.995553614
28460,415.7,0.95,162.935312522
28480,404.55,0.95,158.278948126
28500,381.1,0.85,154.127218103
28520,399.15,0.75,114.80681501
28540,413.7,0.9,152.10699623
28560,382.2,0.8,144.748003734
28580,407.7,0.8,129.591623558
28600,359.3,0.8,151.649794069
28620,399.05,0.8,141.592671329
28640,455.7,0.85,134.963600974
28660,361.35,0.85,148.199884654
28680,412.15,0.9,176.093974244
28700,428.4,0.9,156.995406262
28720,429.6,0.8,123.765310037
28740,422.0,0.9,150.016218289
28760,409.1,0.9,163.2219878
28780,459.0,0.9,143.910574217
28800,432.6,0.75,117.840648456
28820,433.4,0.8,125.915554776
28840,446.1,0.95,167.636638908
28860,439.05,0.95,162.91087868
28880,469.65,0.75,94.3498480268
28900,481.3,0.95,170.801417368
28920,492.2,0.85,129.411439138
28940,469.4,0.85,124.840042171
28960,493.0,0.9,138.724728265
28980,473.1,0.75,99.4040604378
29000,478.3,0.7,97.7751900982
29020,433.1,0.85,144.784627031
29040,455.6,0.8,121.267815501
29060,441.55,0.85,139.111346347
29080,447.75,0.8,129.374575707
29100,402.75,0.8,143.991582354
29120,487.35,1.0,163.078486301
29140,422.55,0.95,168.074941942
29160,524.85,0.95,164.054743986
29180,412.75,0.8,149.152355415
29200,425.2,0.9,161.670601049
29220,445.0,0.85,141.854838632
29240,398.4,0.95,178.660016254
29260,477.6,0.95,171.107085918
29280,369.6,0.95,187.667712948
29300,425.35,1.0,189.349163213
29320,429.1,0.95,174.976072201
29340,463.15,0.95,177.900356544
29360,425.2,0.95,183.238445676
29380,392.7,0.95,186.39296251
29400,431.05,1.0,178.2099307
29420,397.25,0.95,180.357471144
29440,372.65,0.9,175.975627635
29460,377.2,0.95,194.075940817
29480,441.05,0.85,158.468350819
29500,383.0,1.0,198.683938141
29520,356.3,0.95,192.77429776
29540,416.6,0.95,184.645384773
29560,390.65,1.0,194.108173078
29580,381.3,0.95,183.768165317
29600,391.0,0.9,181.684283693
29620,430.65,1.0,189.087650682
29640,354.7,0.85,172.587124173
29660,391.75,0.95,180.789004214
29680,359.1,0.85,168.28667595
29700,375.65,1.0,202.534728953
29720,441.8,0.95,167.847675017
29740,387.55,0.95,176.78952635
29760,369.6,0.95,181.678644994
29780,398.25,1.0,181.992476005
29800,409.45,0.9,162.120370911
29820,401.4,0.95,181.423319694
29840,360.3,0.95,179.552732671
29860,372.15,0.95,184.490959205
29880,364.7,0.95,178.766976475
29900,355.1,0.95,193.931105019
29920,333.5,0.95,203.216391702
29940,341.4,0.95,197.31533416
29960,359.0,0.9,178.608679414
29980,354.3,1.0,206.530350783
30000,370.95,0.95,183.903700041
