20,107.4,0.0,-304.82910472
40,117.9,0.0,-349.12613018
60,125.25,0.0,-341.815415655
80,130.95,0.0,-389.405606042
100,131.8,0.0,-349.701414972
120,136.0,0.0,-275.677506901
140,119.25,0.0,-309.477308729
160,114.2,0.0,-260.662487445
180,116.95,0.0,-198.977366614
200,110.7,0.0,-279.822342529
220,119.55,0.0,-299.337048656
240,107.05,0.0,-233.894565862
260,123.6,0.0,-220.843666215
280,110.35,0.0,-265.462819516
300,118.45,0.0,-269.045109191
320,132.3,0.0,-204.971462623
340,132.9,0.0,-244.855751291
360,141.35,0.0,-250.160121485
380,144.3,0.0,-278.789268123
400,144.85,0.0,-234.051171965
420,195.6,0.0,-226.595011151
440,168.7,0.0,-218.529252541
460,157.45,0.0,-156.526541836
480,154.35,0.0,-294.848198943
500,206.05,0.0,-164.047416708
520,147.6,0.0,-161.691609118
540,214.85,0.0,-171.106169427
560,224.55,0.0,-184.624016345
580,241.75,0.0,-212.919586124
600,252.15,0.0,-195.962090762
620,229.1,0.0,-212.734357469
640,209.2,0.0,-207.304215348
660,276.35,0.0,-191.184802516
680,266.5,0.0,-204.995676927
700,297.85,0.0,-209.175647455
720,310.95,0.0,-225.394944853
740,309.25,0.0,-198.085940505
760,297.35,0.05,-155.340192744
780,306.25,0.0,-209.127596058
800,273.35,0.0,-86.3019648298
820,272.3,0.0,-103.793168081
840,260.55,0.0,-90.8530351151
860,256.9,0.0,-64.0682734844
880,265.55,0.1,-77.8663473102
900,284.7,0.1,-56.0184045464
920,297.2,0.0,-60.302720498
940,254.15,0.0,-65.0943888778
960,310.95,0.0,-64.8650776041
980,342.9,0.0,-66.7496812703
1000,347.15,0.0,-60.8941219556
1020,495.05,0.05,-57.1643634538
1040,453.2,0.1,-46.4927367134
1060,449.5,0.05,-75.7581281514
1080,382.45,0.2,-60.693633096
1100,475.55,0.2,-98.2807040135
1120,470.85,0.1,-120.217135035
1140,548.1,0.15,-127.085443234
1160,447.45,0.0,-200.616797726
1180,422.45,0.0,-214.265667028
1200,559.55,0.0,-222.255592569
1220,633.6,0.05,-168.393848462
1240,572.05,0.2,-101.617445006
1260,407.6,0.05,-94.5594188194
1280,452.2,0.3,-25.8511118614
1300,436.05,0.3,-15.0319881729
1320,525.45,0.45,3.48879083939
1340,531.7,0.3,-12.2936722448
1360,566.9,0.65,37.5474997037
1380,612.9,0.65,26.288825701
1400,599.5,0.65,45.1773258753
1420,720.3,0.35,-35.7240875383
1440,714.35,0.6,7.73292264016
1460,826.05,0.45,-7.69130545187
1480,873.8,0.3,-24.2600567998
1500,960.85,0.2,-43.4738173363
1520,862.5,0.4,8.35209095058
1540,804.75,0.4,30.5048821908
1560,751.45,0.4,17.3268839764
1580,782.25,0.35,20.7092168562
1600,756.15,0.25,29.306770543
1620,787.05,0.35,70.7897610643
1640,854.3,0.2,49.8187667713
1660,777.45,0.2,62.904485444
1680,775.15,0.0,31.0418276905
1700,733.1,0.05,46.5675490612
1720,899.4,0.0,63.6344068954
1740,619.25,0.0,20.2686448272
1760,758.85,0.0,18.2019512775
1780,800.6,0.1,68.1631362883
1800,865.15,0.1,59.1362333017
1820,826.5,0.0,43.9613150051
1840,898.15,0.0,51.4562765905
1860,842.1,0.05,51.3659701667
1880,963.7,0.0,68.8622927451
1900,901.9,0.0,58.00044023
1920,918.45,0.05,63.5473688333
1940,805.95,0.1,58.9135375544
1960,645.45,0.35,60.4549554839
1980,583.85,0.2,21.0239345576
2000,622.95,0.35,54.4976909327
2020,700.75,0.15,12.4455174036
2040,678.05,0.15,24.1888502556
2060,713.35,0.25,64.4714030745
2080,581.45,0.45,84.6389335392
2100,644.1,0.7,145.18853039
2120,693.95,0.55,131.304438657
2140,815.75,0.25,77.8774666914
2160,933.3,0.15,78.5977916953
2180,894.8,0.15,79.5665232711
2200,1000.0,0.0,76.6813825544
2220,704.4,0.15,57.4890102021
2240,841.15,0.05,63.4963889504
2260,806.4,0.2,87.584628278
2280,819.9,0.0,40.9216852882
2300,681.1,0.25,75.5878921343
2320,705.1,0.1,56.0093731831
2340,693.65,0.3,95.6682079675
2360,714.25,0.15,58.1854551912
2380,636.45,0.15,58.1904091244
2400,627.65,0.2,75.5932023038
2420,531.4,0.2,56.6925850902
2440,596.15,0.15,57.197346651
2460,436.05,0.2,50.8362483849
2480,691.35,0.1,66.6921241872
2500,501.6,0.15,39.8660630394
2520,606.8,0.1,47.2113969142
2540,513.2,0.45,96.8036465334
2560,629.75,0.0,23.0090990208
2580,511.4,0.35,85.4840942044
2600,365.95,0.25,42.1331282729
2620,367.2,0.35,72.7236709945
2640,658.45,0.35,102.692455421
2660,667.95,0.4,114.301917018
2680,560.15,0.55,126.531848099
2700,746.3,0.4,110.947448932
2720,697.9,0.45,118.661387053
2740,518.95,0.55,122.26552806
2760,799.95,0.25,85.5505869355
2780,780.55,0.3,101.368408999
2800,858.4,0.1,79.6629255989
2820,825.05,0.1,77.152852722
2840,924.15,0.05,96.9319757173
2860,847.45,0.05,83.9192500767
2880,879.5,0.0,76.6876503849
2900,920.35,0.05,90.9440074637
2920,880.95,0.0,73.8395843966
2940,809.0,0.1,89.4576151705
2960,754.05,0.15,83.3151332474
2980,889.95,0.1,96.230095847
3000,891.3,0.1,93.3009183624
3020,961.1,0.0,81.0084662324
3040,810.75,0.05,74.6491462375
3060,884.3,0.05,87.4688635566
3080,894.55,0.1,99.0880119235
3100,903.85,0.15,108.909730909
3120,827.0,0.1,88.7856471236
3140,992.7,0.05,99.1068253644
3160,965.75,0.05,103.457360261
3180,862.9,0.05,80.9780866423
3200,994.8,0.05,97.5704823975
3220,944.75,0.05,80.6064299219
3240,1000.0,0.0,86.8097138991
3260,992.4,0.05,95.022526148
3280,1000.0,0.0,92.1233731274
3300,1000.0,0.0,86.6073534543
3320,960.95,0.0,85.584020588
3340,1000.0,0.0,85.426233088
3360,967.2,0.05,90.364051863
3380,982.35,0.05,99.7316797212
3400,969.0,0.05,100.438885928
3420,1000.0,0.0,88.1822167824
3440,991.0,0.05,85.841974907
3460,1000.0,0.0,88.6977630996
3480,966.9,0.05,87.5590098292
3500,961.75,0.1,88.3512795613
3520,966.65,0.05,82.5846193774
3540,1000.0,0.0,87.204044016
3560,965.85,0.05,81.3719264817
3580,913.7,0.05,81.4324225076
3600,964.0,0.0,91.6151799301
3620,1000.0,0.0,86.9217233476
3640,927.95,0.05,90.606738103
3660,1000.0,0.0,90.5391409767
3680,964.7,0.05,103.204102568
3700,851.4,0.1,92.2366057724
3720,895.9,0.15,92.2159091262
3740,737.3,0.1,68.531435097
3760,672.5,0.1,69.2305563333
3780,679.4,0.1,74.0214428461
3800,752.7,0.0,62.1441737408
3820,765.3,0.2,101.326912176
3840,715.7,0.05,64.3595527035
3860,520.35,0.1,44.522649383
3880,510.5,0.1,52.6138596908
3900,734.6,0.1,83.6866152623
3920,716.2,0.1,70.1468454672
3940,510.95,0.05,50.4848285041
3960,706.9,0.0,59.7406386646
3980,544.35,0.05,53.8903973186
4000,625.0,0.0,43.179577686
4020,709.8,0.05,75.4568748502
4040,797.65,0.05,75.3512288808
4060,677.4,0.05,75.6985373981
4080,637.35,0.05,69.6532586094
4100,825.0,0.05,88.7731341304
4120,641.85,0.15,84.861224335
4140,640.8,0.1,76.7796897714
4160,690.6,0.1,82.8438534896
4180,861.7,0.2,126.447740792
4200,893.55,0.1,110.926244582
4220,961.6,0.05,110.341486301
4240,882.5,0.05,95.2964764613
4260,962.3,0.1,113.121858214
4280,924.0,0.05,99.1457122886
4300,1000.0,0.0,96.9836350548
4320,935.65,0.05,90.8603085771
4340,1000.0,0.0,81.6148012236
4360,973.35,0.05,76.2482736051
4380,967.6,0.0,56.8556653947
4400,970.75,0.05,63.3423593955
4420,977.45,0.05,61.5745091999
4440,981.5,0.05,70.4001102983
4460,980.45,0.1,75.6272420443
4480,896.75,0.1,80.7203476732
4500,952.2,0.1,85.7526148342
4520,1000.0,0.0,72.7764478099
4540,1000.0,0.0,73.7818102755
4560,1000.0,0.0,85.6122853812
4580,1000.0,0.0,81.8719768316
4600,956.85,0.0,86.8674543242
4620,934.55,0.1,96.4453607852
4640,965.55,0.05,91.5754561909
4660,941.35,0.1,97.2257617741
4680,1000.0,0.0,90.7013822108
4700,1000.0,0.0,83.6395382919
4720,956.85,0.0,74.0223371471
4740,1000.0,0.0,74.352877973
4760,1000.0,0.0,83.088370704
4780,1000.0,0.0,72.4529939315
4800,1000.0,0.0,73.0112472538
4820,1000.0,0.0,67.3987784183
4840,1000.0,0.0,78.6922043901
4860,1000.0,0.0,63.6365476079
4880,1000.0,0.0,62.8775573505
4900,1000.0,0.0,64.8035203753
4920,1000.0,0.0,65.8883526134
4940,1000.0,0.0,66.9096643262
4960,993.25,0.05,70.6535192185
4980,858.85,0.25,92.7789445979
5000,939.0,0.1,72.5627070077
5020,826.0,0.4,108.658026714
5040,816.9,0.25,101.606378505
5060,792.5,0.3,109.227328803
5080,881.55,0.3,115.349104633
5100,609.15,0.55,131.821721265
5120,689.25,0.3,92.1788828877
5140,798.8,0.15,78.4027018715
5160,618.45,0.5,132.987177687
5180,710.3,0.15,65.9433188679
5200,449.8,0.15,51.0567956804
5220,729.8,0.35,117.79991748
5240,737.2,0.15,92.6373707787
5260,830.3,0.15,90.1521810822
5280,746.35,0.25,104.404530424
5300,899.15,0.05,77.3913524039
5320,712.85,0.0,52.3900703022
5340,761.25,0.1,74.2657980287
5360,798.65,0.0,66.1605926964
5380,720.4,0.0,54.7827938968
5400,844.6,0.05,79.6072910849
5420,881.3,0.05,90.9295975373
5440,756.2,0.05,73.4812438375
5460,768.85,0.1,80.5282256334
5480,656.2,0.15,73.4827728027
5500,681.7,0.05,55.2555162915
5520,769.05,0.1,80.7359856846
5540,517.55,0.05,34.0993345175
5560,687.55,0.2,87.0972802287
5580,653.9,0.2,91.7093737369
5600,583.4,0.0,33.6239517202
5620,687.6,0.1,75.0054766801
5640,880.35,0.0,81.4631647627
5660,846.2,0.1,86.4409263012
5680,607.55,0.1,63.3275697126
5700,681.85,0.0,52.9047726423
5720,742.05,0.1,84.091975656
5740,853.6,0.1,102.50032622
5760,876.45,0.0,77.3269280183
5780,915.3,0.0,83.1214866551
5800,807.7,0.05,79.55265576
5820,883.35,0.05,85.1535452616
5840,808.45,0.1,100.136268763
5860,634.6,0.1,60.9528425506
5880,656.85,0.2,90.9564760962
5900,730.05,0.1,88.1579104581
5920,644.35,0.1,73.9091156935
5940,671.75,0.05,62.718863171
5960,690.45,0.1,70.3343817767
5980,710.3,0.1,78.8459362145
6000,629.25,0.2,86.5109829367
6020,710.9,0.2,96.3551016016
6040,564.75,0.25,100.638639227
6060,659.15,0.1,69.5034499871
6080,700.9,0.1,79.4748140365
6100,783.7,0.15,89.6405675803
6120,879.2,0.05,91.8333222147
6140,794.2,0.2,104.349619174
6160,730.75,0.15,94.7992066349
6180,743.95,0.15,88.2207551595
6200,872.2,0.1,98.6553982095
6220,831.4,0.15,100.265640741
6240,722.25,0.15,75.2839511236
6260,756.1,0.2,90.7584483916
6280,673.65,0.3,94.626105577
6300,638.45,0.1,53.0174800979
6320,670.4,0.3,98.3391767179
6340,434.0,0.3,51.2679405491
6360,525.95,0.35,76.3390169407
6380,603.95,0.15,51.5975042023
6400,622.65,0.3,77.0866808762
6420,464.45,0.35,68.3230908372
6440,581.25,0.35,86.7936245511
6460,458.35,0.35,57.175763767
6480,549.7,0.2,48.4268508938
6500,561.35,0.3,70.3802092746
6520,505.75,0.3,64.2789478616
6540,675.7,0.2,80.316615512
6560,517.7,0.15,37.9772322051
6580,746.6,0.15,86.6863014965
6600,836.75,0.25,101.994588304
6620,497.4,0.4,88.1973907293
6640,674.95,0.4,116.163531014
6660,509.0,0.25,51.0538686894
6680,630.7,0.35,100.553458333
6700,612.9,0.15,50.498493499
6720,498.1,0.55,105.909454769
6740,469.15,0.25,35.3582377048
6760,510.3,0.4,79.0432340206
6780,564.1,0.3,70.3220306858
6800,398.75,0.6,110.469160359
6820,460.9,0.4,61.8522937905
6840,472.35,0.45,62.4990346628
6860,509.35,0.3,57.2491313896
6880,513.65,0.3,56.357226082
6900,400.05,0.45,76.2989869152
6920,410.6,0.4,61.2721671212
6940,383.4,0.5,72.9800405353
6960,441.65,0.5,98.9834251727
6980,414.85,0.45,76.602781237
7000,519.45,0.2,56.8392356809
7020,456.6,0.4,81.9155170339
7040,488.5,0.4,85.1689383524
7060,550.05,0.4,88.8624590025
7080,585.2,0.25,64.4700958239
7100,561.55,0.35,83.7270116504
7120,602.55,0.5,115.446312291
7140,447.0,0.25,46.1103196931
7160,542.0,0.3,80.7614225783
7180,508.25,0.3,77.3041598233
7200,690.5,0.25,86.8876919105
7220,342.1,0.35,53.5125884808
7240,414.8,0.4,80.3580442834
7260,666.55,0.25,73.6268911649
7280,638.2,0.3,85.3687135733
7300,731.45,0.2,82.7168747546
7320,738.0,0.15,82.6023445252
7340,818.2,0.2,101.470293439
7360,676.2,0.25,93.6574658798
7380,875.45,0.2,104.439396681
7400,658.35,0.25,92.1642666694
7420,624.9,0.4,96.6741688833
7440,776.7,0.25,97.2459895939
7460,636.1,0.3,89.5451032222
7480,735.35,0.3,99.3608130479
7500,723.55,0.25,90.9604043802
7520,604.8,0.25,75.7078948338
7540,759.5,0.3,109.634431038
7560,579.05,0.45,112.208602314
7580,763.2,0.35,116.688692692
7600,894.85,0.15,95.7135651346
7620,788.15,0.3,106.450046836
7640,891.95,0.05,92.8146177734
7660,822.15,0.15,106.250485168
7680,956.55,0.05,86.27052114
7700,934.75,0.1,112.928594998
7720,809.1,0.25,121.810107567
7740,894.75,0.1,94.9158746834
7760,983.0,0.05,94.5531566796
7780,1000.0,0.0,91.19443746
7800,1000.0,0.0,83.6694411474
7820,967.35,0.05,95.4289821671
7840,1000.0,0.0,91.1344187453
7860,998.45,0.05,90.2680450375
7880,931.6,0.1,97.0136324374
7900,1000.0,0.0,83.3866241965
7920,1000.0,0.0,81.8282434077
7940,926.0,0.05,102.261653229
7960,900.35,0.15,110.982847224
7980,979.75,0.05,102.282311719
8000,875.85,0.15,98.0645583399
8020,932.3,0.15,119.644759994
8040,900.2,0.1,97.2372331527
8060,836.9,0.15,100.889949856
8080,691.2,0.3,97.2793147602
8100,889.4,0.1,97.1844103643
8120,801.05,0.05,62.0958266603
8140,769.4,0.1,77.6285179289
8160,773.4,0.15,81.4148221566
8180,775.45,0.15,88.2846225378
8200,884.9,0.05,86.3312905028
8220,592.45,0.2,67.0278283954
8240,657.2,0.15,69.7494488604
8260,720.5,0.2,97.1287652459
8280,748.85,0.25,105.532577326
8300,712.5,0.3,106.132316756
8320,723.75,0.2,93.8247692892
8340,620.2,0.1,44.8611668662
8360,664.45,0.3,110.263399023
8380,654.65,0.2,80.6297269171
8400,679.35,0.05,53.6936445701
8420,725.0,0.05,79.8869772229
8440,881.7,0.05,92.2029162078
8460,767.55,0.1,75.7298042559
8480,811.3,0.1,76.0478947231
8500,792.4,0.2,110.19254899
8520,959.55,0.1,97.4351980057
8540,808.6,0.15,89.560748485
8560,841.65,0.1,86.8420765694
8580,894.55,0.15,103.827054585
8600,746.75,0.35,120.891407727
8620,952.05,0.1,109.778789297
8640,869.9,0.15,110.36722341
8660,924.9,0.1,98.9231648926
8680,855.55,0.25,128.593426605
8700,964.1,0.05,101.254367435
8720,871.4,0.2,111.934837479
8740,894.25,0.2,118.851465028
8760,928.7,0.05,98.5857709206
8780,979.85,0.1,109.826577271
8800,922.85,0.15,122.680683361
8820,927.5,0.2,123.781741048
8840,916.4,0.15,115.128017722
8860,885.9,0.2,119.502196984
8880,973.35,0.05,104.287120596
8900,905.2,0.15,112.460717573
8920,964.85,0.05,107.687900424
8940,901.9,0.15,117.408765977
8960,955.95,0.05,98.8791065042
8980,944.4,0.05,99.373395526
9000,937.35,0.05,102.481433894
9020,820.35,0.1,83.1993588837
9040,972.2,0.05,93.5336750599
9060,770.5,0.15,102.925918355
9080,921.65,0.0,80.4064825021
9100,869.5,0.25,123.629326172
9120,802.5,0.2,105.409280255
9140,732.35,0.15,92.3900775107
9160,847.2,0.1,94.7297592215
9180,845.25,0.1,94.8336365047
9200,817.1,0.1,96.4072612808
9220,962.85,0.05,93.8621066233
9240,774.95,0.25,116.91096072
9260,962.35,0.0,92.5441480164
9280,877.6,0.0,78.4134440419
9300,749.45,0.05,79.8736751887
9320,749.25,0.2,105.095195709
9340,869.4,0.0,86.5765228533
9360,690.95,0.15,87.1212930738
9380,941.5,0.1,114.48142003
9400,806.35,0.15,102.854342478
9420,754.3,0.15,89.6144520307
9440,870.65,0.0,82.0463533602
9460,846.25,0.1,87.5527284072
9480,799.4,0.1,85.3272375031
9500,724.05,0.1,75.589081441
9520,885.1,0.1,98.7459762151
9540,778.6,0.3,127.784925611
9560,721.1,0.15,75.9170963655
9580,558.8,0.45,120.233515685
9600,688.5,0.4,122.994521091
9620,631.65,0.25,76.436331872
9640,709.05,0.35,115.236092245
9660,563.6,0.3,84.3406515606
9680,555.2,0.45,111.147609656
9700,625.35,0.3,87.5693595278
9720,372.75,0.45,69.6449413552
9740,454.95,0.45,81.4492323175
9760,514.3,0.35,81.8299236841
9780,764.95,0.1,67.1199127491
9800,661.1,0.25,90.643367537
9820,630.85,0.2,70.2421676246
9840,546.9,0.3,77.9377016155
9860,656.2,0.25,86.7727655063
9880,711.1,0.3,115.363607927
9900,702.95,0.2,80.7944292183
9920,735.2,0.2,85.1063684531
9940,701.6,0.25,99.0254804998
9960,717.35,0.15,80.6263446177
9980,695.45,0.25,98.3618078849
10000,842.25,0.1,101.360130391
10020,720.05,0.25,106.112031564
10040,868.65,0.15,113.699817074
10060,916.85,0.0,92.1070034678
10080,810.55,0.1,84.3736285888
10100,928.2,0.1,106.410801016
10120,924.1,0.05,99.1677255611
10140,961.65,0.0,84.3062988569
10160,879.75,0.2,120.66341547
10180,905.8,0.15,114.500472826
10200,820.45,0.1,91.7034759106
10220,930.7,0.1,102.516009552
10240,983.85,0.05,102.538092658
10260,1000.0,0.0,89.258041664
10280,1000.0,0.0,101.927915861
10300,933.75,0.1,104.221676225
10320,923.35,0.05,100.756852179
10340,896.9,0.15,115.664580152
10360,936.6,0.05,98.0140014436
10380,915.6,0.1,108.913742715
10400,962.35,0.15,115.733836035
10420,924.75,0.05,94.2334813185
10440,1000.0,0.0,96.8783706539
10460,964.1,0.05,101.828934234
10480,893.15,0.1,95.1873272714
10500,762.0,0.25,110.099736668
10520,759.35,0.55,140.595806169
10540,637.2,0.6,133.944693975
10560,645.0,0.75,157.956036163
10580,694.5,0.45,122.40841961
10600,573.25,0.65,144.911745406
10620,684.5,0.4,99.2525089764
10640,618.1,0.45,103.667442307
10660,595.9,0.55,115.212550841
10680,581.55,0.7,143.440000001
10700,580.6,0.45,91.8464874462
10720,623.7,0.65,132.663408209
10740,565.3,0.5,110.996288548
10760,416.3,0.75,152.361801541
10780,579.75,0.5,100.826434163
10800,569.25,0.6,129.766158406
10820,674.0,0.5,108.804632609
10840,640.3,0.55,131.389941628
10860,635.95,0.45,106.183370724
10880,741.1,0.4,113.77990505
10900,581.25,0.55,131.9218044
10920,557.4,0.6,131.171429521
10940,605.1,0.7,146.899618484
10960,685.75,0.45,111.620317934
10980,760.35,0.35,100.554511384
11000,862.75,0.15,85.0434036625
11020,783.4,0.55,134.010027871
11040,709.85,0.35,114.859728138
11060,838.3,0.2,94.3745174212
11080,855.4,0.15,102.297269117
11100,895.1,0.1,97.2699485193
11120,916.5,0.15,102.055964553
11140,901.9,0.15,107.676911773
11160,1000.0,0.0,93.2448617499
11180,962.5,0.1,106.549444001
11200,944.9,0.1,107.012504851
11220,963.55,0.05,98.0607662016
11240,962.95,0.05,93.7568230444
11260,1000.0,0.0,89.7678388249
11280,1000.0,0.0,91.4714830796
11300,965.85,0.05,104.407356131
11320,1000.0,0.0,100.966755784
11340,965.85,0.05,97.7227283793
11360,1000.0,0.0,91.0747327245
11380,1000.0,0.0,86.7417653314
11400,1000.0,0.0,86.8904254033
11420,947.2,0.15,104.22584583
11440,1000.0,0.0,87.9037237997
11460,872.75,0.15,100.530837562
11480,972.5,0.05,104.434497249
11500,943.5,0.1,117.762840886
11520,933.0,0.1,97.2373435985
11540,956.65,0.0,82.7304057847
11560,929.1,0.1,107.285607581
11580,788.85,0.2,103.834443326
11600,759.2,0.3,116.698827356
11620,771.1,0.35,124.122712547
11640,904.25,0.15,100.582165767
11660,791.45,0.25,110.003294071
11680,727.75,0.25,98.8439295415
11700,730.85,0.3,113.968637849
11720,871.0,0.2,118.678382831
11740,913.35,0.15,105.668752284
11760,756.95,0.3,119.729908197
11780,792.8,0.2,94.7169020036
11800,896.55,0.1,88.6187441719
11820,829.35,0.3,121.558375006
11840,558.45,0.3,87.9508240194
11860,798.0,0.3,124.473274254
11880,775.9,0.3,110.474256895
11900,861.95,0.2,113.665049711
11920,801.0,0.2,96.0976053071
11940,798.4,0.15,92.396881519
11960,820.9,0.2,101.903346346
11980,790.45,0.25,101.520826475
12000,962.5,0.05,93.4944675595
12020,921.95,0.05,93.0400772241
12040,959.75,0.0,82.8773080032
12060,992.8,0.05,95.5631778834
12080,920.05,0.05,100.86298977
12100,965.2,0.05,112.475493907
12120,881.15,0.25,132.885196636
12140,1000.0,0.0,103.004353407
12160,891.8,0.1,113.739306514
12180,902.35,0.2,115.461524959
12200,902.8,0.2,118.148637146
12220,893.0,0.15,101.477008828
12240,1000.0,0.0,82.549633448
12260,714.45,0.25,107.246536257
12280,726.9,0.2,90.3368698168
12300,719.6,0.3,109.933012371
12320,523.85,0.35,86.9448709441
12340,553.1,0.25,67.9417845673
12360,607.05,0.2,67.2669096708
12380,654.3,0.15,39.4393828842
12400,515.6,0.5,115.53781605
12420,386.3,0.5,97.2476440049
12440,670.35,0.3,90.7080462362
12460,361.7,0.3,39.7184583243
12480,483.55,0.35,74.1376736013
12500,524.55,0.35,81.8833579175
12520,435.5,0.3,53.8986696518
12540,441.9,0.35,72.8853726221
12560,384.0,0.45,69.9605820173
12580,393.45,0.4,70.4099220781
12600,447.25,0.4,74.6474368003
12620,468.05,0.55,105.409528736
12640,544.25,0.35,78.6180115077
12660,409.75,0.35,52.3742459282
12680,507.65,0.5,94.8293576486
12700,379.45,0.4,66.3905226683
12720,696.9,0.2,74.3949713712
12740,574.9,0.4,92.1338329374
12760,509.15,0.45,89.8648229064
12780,516.0,0.25,64.3924876912
12800,414.45,0.25,29.9877361635
12820,687.65,0.35,106.927000003
12840,651.7,0.2,65.6180520296
12860,601.3,0.35,91.6074309738
12880,809.95,0.25,94.1646333828
12900,799.2,0.2,84.8660980341
12920,776.7,0.2,72.3765576299
12940,729.65,0.3,110.26240116
12960,754.4,0.35,109.200080061
12980,857.95,0.15,94.6259825017
13000,794.15,0.25,93.0300457524
13020,728.1,0.45,116.004113864
13040,814.95,0.3,111.096424816
13060,679.1,0.65,125.233401848
13080,699.6,0.45,108.910010497
13100,791.6,0.5,126.429375884
13120,613.85,0.65,135.411409064
13140,668.7,0.4,87.0866071047
13160,730.65,0.45,115.008194016
13180,592.2,0.6,116.093981745
13200,713.5,0.55,121.347227479
13220,713.4,0.6,127.030593531
13240,573.6,0.6,128.387484405
13260,577.25,0.75,142.94084779
13280,760.8,0.65,144.760461507
13300,734.05,0.55,128.269053187
13320,702.0,0.5,131.73883714
13340,819.75,0.6,138.385223788
13360,799.85,0.35,113.643782963
13380,819.05,0.45,116.25387936
13400,859.85,0.35,110.733306097
13420,761.65,0.45,128.885251094
13440,930.85,0.3,107.150078379
13460,876.95,0.35,123.254098176
13480,766.05,0.55,143.132371438
13500,857.65,0.4,122.227461287
13520,852.45,0.35,116.216067958
13540,895.1,0.15,94.4302681856
13560,847.75,0.3,108.39826924
13580,986.4,0.15,92.2658251239
13600,935.8,0.25,107.165161248
13620,955.25,0.1,92.3497172231
13640,1000.0,0.0,79.0553455308
13660,967.1,0.1,98.4518254833
13680,956.45,0.0,80.9975107553
13700,943.8,0.1,92.7700455747
13720,1000.0,0.0,88.4129786619
13740,958.9,0.05,100.674836858
13760,962.0,0.0,87.0194114918
13780,893.7,0.05,90.5904212898
13800,891.9,0.1,100.334018755
13820,875.95,0.05,96.3284344202
13840,965.05,0.05,88.7687791764
13860,736.3,0.2,96.1506867721
13880,852.85,0.15,113.36313766
13900,920.65,0.0,82.9265240764
13920,618.4,0.25,89.0477572212
13940,803.05,0.25,115.493155097
13960,628.3,0.3,106.66859556
13980,691.55,0.15,73.3811369649
14000,789.5,0.3,127.597494397
14020,709.4,0.5,135.837271708
14040,629.3,0.4,127.683401014
14060,593.65,0.3,96.247520469
14080,679.6,0.3,98.1422787911
14100,549.2,0.5,116.774533627
14120,710.75,0.4,115.410710116
14140,674.05,0.4,119.595006605
14160,649.5,0.45,117.744840705
14180,575.5,0.5,115.296398458
14200,689.55,0.4,125.124616503
14220,698.75,0.35,115.260090538
14240,738.35,0.15,90.4728189711
14260,658.05,0.2,84.0030556038
14280,754.7,0.3,112.447922094
14300,782.45,0.2,115.599542554
14320,831.55,0.2,101.855267092
14340,723.9,0.15,92.6328224204
14360,777.1,0.15,95.8332123602
14380,765.5,0.1,75.7954274162
14400,816.3,0.15,108.783889539
14420,918.95,0.15,111.9914088
14440,875.8,0.2,107.32382318
14460,852.7,0.1,93.0476787045
14480,768.3,0.15,84.6768599747
14500,738.5,0.25,114.211737449
14520,693.2,0.35,117.764778987
14540,584.65,0.4,111.803243929
14560,783.1,0.15,81.0084165089
14580,702.65,0.25,102.272461249
14600,772.25,0.15,93.1876171583
14620,676.65,0.25,89.2786403877
14640,493.5,0.5,114.363456177
14660,594.0,0.3,89.7211868134
14680,644.2,0.35,105.170501271
14700,685.5,0.3,101.826522253
14720,735.7,0.3,107.991219786
14740,696.6,0.2,83.4504967238
14760,676.15,0.35,119.32623158
14780,848.85,0.1,92.8070320156
14800,639.35,0.4,120.292173399
14820,707.4,0.3,100.901450191
14840,749.55,0.3,119.874902212
14860,670.4,0.35,109.138423818
14880,669.0,0.55,142.205583616
14900,932.9,0.1,102.693740512
14920,861.0,0.2,128.852021574
14940,723.3,0.4,147.441973638
14960,790.6,0.2,101.973845086
14980,817.3,0.25,112.229660579
15000,831.2,0.25,127.735184132
15020,896.95,0.15,106.452365722
15040,823.0,0.15,99.6200811195
15060,894.3,0.1,107.711203231
15080,895.45,0.15,108.854109481
15100,933.55,0.1,104.448008128
15120,936.1,0.1,103.594937016
15140,1000.0,0.0,88.3467324812
15160,956.95,0.0,87.7537388639
15180,964.6,0.05,94.4647777431
15200,1000.0,0.0,93.7584402811
15220,1000.0,0.0,84.4678472699
15240,964.3,0.05,78.6624999914
15260,1000.0,0.0,82.9288063101
15280,1000.0,0.0,71.0971604577
15300,1000.0,0.0,72.5833738053
15320,1000.0,0.0,84.7861670811
15340,935.1,0.1,92.9987647193
15360,1000.0,0.0,87.3119832923
15380,957.7,0.0,87.066065497
15400,1000.0,0.0,89.1387012731
15420,963.95,0.05,93.2740064891
15440,930.35,0.1,102.739126409
15460,935.85,0.1,108.788885252
15480,1000.0,0.0,92.7857373341
15500,945.6,0.1,106.178027018
15520,1000.0,0.0,100.005403702
15540,1000.0,0.0,100.963211313
15560,933.5,0.1,103.824680964
15580,929.05,0.05,81.9054830555
15600,1000.0,0.0,94.7829166775
15620,965.75,0.05,99.6148817257
15640,933.8,0.1,106.967082318
15660,863.8,0.2,111.486429347
15680,1000.0,0.0,90.4214614266
15700,1000.0,0.0,94.9230714999
15720,930.4,0.1,100.163582022
15740,909.65,0.15,114.535491267
15760,946.05,0.1,116.235781208
15780,927.2,0.05,100.785660628
15800,928.15,0.05,102.275790154
15820,962.1,0.0,101.554477436
15840,1000.0,0.0,90.6586065041
15860,1000.0,0.0,94.5172084526
15880,1000.0,0.0,92.6950607269
15900,961.15,0.0,93.5882632196
15920,1000.0,0.0,104.402705104
15940,960.85,0.0,95.8506648411
15960,866.9,0.0,90.7879579642
15980,1000.0,0.0,102.445975497
16000,910.95,0.0,90.3175616603
16020,1000.0,0.0,92.9299708603
16040,833.95,0.05,97.5855165932
16060,917.75,0.0,90.7003016713
16080,894.0,0.05,91.8683382873
16100,957.1,0.0,101.639611444
16120,920.55,0.0,94.2584886941
16140,882.8,0.0,86.1770649779
16160,926.25,0.05,104.366943721
16180,751.55,0.1,94.599158281
16200,756.35,0.05,86.5687020732
16220,800.75,0.05,82.343062925
16240,960.1,0.0,97.7639357222
16260,895.6,0.1,106.952425274
16280,875.25,0.0,82.3610195531
16300,962.75,0.05,104.572283579
16320,792.7,0.05,83.0398666497
16340,840.9,0.05,89.8991073749
16360,833.75,0.05,88.0577701642
16380,796.65,0.05,80.7798251227
16400,926.15,0.1,113.708591748
16420,915.9,0.0,91.9026521845
16440,916.8,0.0,87.0140949338
16460,913.6,0.0,85.5187049331
16480,874.1,0.0,75.3442928073
16500,959.6,0.0,90.6562160705
16520,956.6,0.0,91.6768068004
16540,917.25,0.0,95.8502025892
16560,915.15,0.0,91.7366969008
16580,954.55,0.0,92.1713207661
16600,792.85,0.0,73.0577804022
16620,868.5,0.0,85.4915143659
16640,916.6,0.0,92.9625891304
16660,1000.0,0.0,97.0820230912
16680,925.3,0.05,97.2671585297
16700,867.4,0.0,75.442296452
16720,910.7,0.0,86.1065827188
16740,917.25,0.0,83.2671432558
16760,1000.0,0.0,91.3448594332
16780,955.15,0.0,101.645877569
16800,1000.0,0.0,94.6066646129
16820,954.4,0.0,89.6032897723
16840,908.3,0.0,76.276771431
16860,958.45,0.0,86.8488049239
16880,1000.0,0.0,96.9337126546
16900,913.1,0.0,89.1471653912
16920,959.85,0.0,92.0483284773
16940,1000.0,0.0,92.8027848375
16960,953.8,0.0,86.786488025
16980,835.3,0.0,69.4607094837
17000,920.75,0.0,88.3017545629
17020,954.6,0.0,95.4363893246
17040,865.55,0.0,80.3549595586
17060,915.55,0.0,93.2343007239
17080,862.7,0.0,83.4548083031
17100,916.35,0.0,93.1386878049
17120,910.75,0.0,88.3718341539
17140,874.8,0.05,89.8104519421
17160,956.95,0.0,96.8494773513
17180,954.2,0.0,93.8046619735
17200,915.2,0.0,91.30497353
17220,869.2,0.0,84.0738876039
17240,757.7,0.1,87.3131116445
17260,879.75,0.05,92.4872579135
17280,879.85,0.0,81.2774728706
17300,864.65,0.0,74.532676096
17320,875.55,0.0,86.4235325385
17340,959.2,0.0,91.1197310866
17360,953.85,0.0,84.9028652589
17380,909.0,0.0,88.5045233749
17400,785.95,0.05,87.3283649364
17420,1000.0,0.0,102.421772593
17440,1000.0,0.0,100.238075846
17460,915.0,0.0,91.1069903177
17480,955.2,0.0,92.9346913092
17500,1000.0,0.0,101.800063959
17520,867.15,0.0,83.2224165208
17540,1000.0,0.0,99.8363605529
17560,954.4,0.0,86.6027654777
17580,1000.0,0.0,104.862348373
17600,1000.0,0.0,91.4040536435
17620,1000.0,0.0,84.4819878921
17640,913.55,0.0,73.0855545414
17660,1000.0,0.0,87.8559049463
17680,1000.0,0.0,82.2954166405
17700,1000.0,0.0,80.3730050055
17720,1000.0,0.0,81.897864215
17740,1000.0,0.0,80.5719961429
17760,1000.0,0.0,84.8022864277
17780,1000.0,0.0,80.3821506358
17800,1000.0,0.0,83.6830335508
17820,969.7,0.05,85.6709866693
17840,1000.0,0.0,94.9441796172
17860,1000.0,0.0,88.3548871491
17880,1000.0,0.0,84.6061727836
17900,1000.0,0.0,84.0730919662
17920,968.9,0.05,96.3530737404
17940,1000.0,0.0,97.081166758
17960,1000.0,0.0,82.3607830773
17980,838.4,0.25,110.276521813
18000,980.65,0.05,88.2534694286
18020,1000.0,0.0,93.7765228944
18040,1000.0,0.0,82.5048464293
18060,954.9,0.0,79.3070003695
18080,1000.0,0.0,85.2137862321
18100,959.15,0.0,74.2410253004
18120,1000.0,0.0,78.4933194765
18140,1000.0,0.0,79.5252190492
18160,1000.0,0.0,77.0020320346
18180,1000.0,0.0,72.2391779944
18200,985.45,0.05,81.9532165999
18220,940.6,0.1,80.1210862848
18240,1000.0,0.0,77.9745153242
18260,1000.0,0.0,61.9168599232
18280,1000.0,0.0,81.7705270511
18300,965.25,0.05,89.060791077
18320,936.65,0.1,89.7685010258
18340,930.65,0.05,76.6457384348
18360,996.1,0.05,76.8835148986
18380,990.65,0.05,72.0876944486
18400,939.15,0.05,80.4214424624
18420,966.55,0.05,81.9988152405
18440,1000.0,0.0,74.4333475719
18460,888.25,0.1,87.4442939054
18480,1000.0,0.0,76.4507953276
18500,1000.0,0.0,77.3574783996
18520,1000.0,0.0,75.7046293166
18540,1000.0,0.0,69.7757159537
18560,938.35,0.1,84.4575844954
18580,1000.0,0.0,71.8148891874
18600,1000.0,0.0,81.8913328273
18620,988.75,0.05,83.6297785617
18640,1000.0,0.0,73.9612992232
18660,1000.0,0.0,76.9657059972
18680,1000.0,0.0,82.7246950413
18700,924.9,0.05,88.8361185349
18720,933.3,0.1,91.1363504677
18740,1000.0,0.0,80.0708040793
18760,959.95,0.0,93.7436933338
18780,1000.0,0.0,78.8335320084
18800,1000.0,0.0,90.0864344007
18820,1000.0,0.0,85.2115963595
18840,1000.0,0.0,89.000076637
18860,1000.0,0.0,94.7158958283
18880,1000.0,0.0,89.1711132068
18900,1000.0,0.0,91.0551393705
18920,1000.0,0.0,99.7298980721
18940,1000.0,0.0,96.8111573795
18960,966.5,0.05,105.877268041
18980,1000.0,0.0,95.2571594768
19000,913.5,0.0,93.0785333493
19020,1000.0,0.0,103.045076925
19040,954.65,0.0,86.4112437932
19060,1000.0,0.0,92.9830050021
19080,1000.0,0.0,96.3106046539
19100,1000.0,0.0,101.61755941
19120,1000.0,0.0,101.388033402
19140,983.55,0.05,106.325283835
19160,919.3,0.0,91.3970177282
19180,957.85,0.0,98.0332796305
19200,915.15,0.0,85.3530972704
19220,880.5,0.0,86.0698674269
19240,828.3,0.0,76.5591525976
19260,959.15,0.0,96.133237792
19280,879.75,0.0,85.3521239703
19300,708.1,0.0,62.7118298521
19320,829.8,0.0,86.4921961721
19340,959.0,0.0,92.5482645
19360,796.35,0.0,72.2735508926
19380,833.95,0.0,74.6891265966
19400,959.35,0.0,99.2309982524
19420,912.5,0.0,101.09265626
19440,910.05,0.0,86.2068646737
19460,880.25,0.0,90.0562052833
19480,1000.0,0.0,106.093686984
19500,958.45,0.0,91.565478587
19520,913.8,0.05,104.410224644
19540,920.7,0.0,89.352135734
19560,921.4,0.05,99.9694198083
19580,1000.0,0.0,105.878924267
19600,911.2,0.0,86.2863968664
19620,870.55,0.0,80.9118893028
19640,915.2,0.0,92.0658257274
19660,921.45,0.0,86.3475237325
19680,912.55,0.0,85.985205331
19700,871.4,0.0,85.8754000176
19720,962.55,0.0,86.8269863438
19740,843.0,0.05,82.490987795
19760,915.85,0.0,92.4276995503
19780,837.25,0.0,81.0882140382
19800,954.4,0.0,95.3181194683
19820,871.8,0.05,90.2724975185
19840,923.25,0.05,100.36986992
19860,832.2,0.05,88.1616366766
19880,909.95,0.0,83.0308902338
19900,961.35,0.0,94.9105375931
19920,954.3,0.0,95.136553459
19940,1000.0,0.0,99.984505238
19960,954.25,0.0,82.827994601
19980,909.35,0.0,79.1940316755
20000,954.65,0.0,88.5436720561
20020,961.55,0.0,85.8311404192
20040,1000.0,0.0,93.042189736
20060,912.45,0.0,82.8580025209
20080,911.15,0.0,91.699327325
20100,961.3,0.0,87.3764219594
20120,959.05,0.0,91.1213901455
20140,908.75,0.0,79.1506645887
20160,1000.0,0.0,103.62880485
20180,1000.0,0.0,96.5027517712
20200,911.6,0.0,79.5697508061
20220,1000.0,0.0,91.3028050208
20240,916.0,0.0,87.169404012
20260,825.4,0.0,83.3633516125
20280,869.35,0.0,78.3488316014
20300,954.05,0.0,102.908287414
20320,908.85,0.0,83.8188847624
20340,861.9,0.0,79.4232828834
20360,870.2,0.0,87.1029674102
20380,867.0,0.0,78.4676878514
20400,874.35,0.0,84.4013381284
20420,838.85,0.0,76.5777908942
20440,695.25,0.0,51.3856977604
20460,584.6,0.0,46.8144091122
20480,668.65,0.0,66.6681300766
20500,807.2,0.05,88.1003391929
20520,874.4,0.0,81.223822029
20540,752.55,0.0,66.6866289862
20560,569.9,0.0,43.7784777399
20580,496.6,0.0,33.9715635055
20600,545.3,0.0,38.3777018675
20620,617.55,0.0,47.0720114267
20640,485.65,0.0,35.5713181144
20660,405.2,0.0,19.5265728176
20680,628.85,0.05,64.4556627388
20700,617.65,0.0,48.9023529657
20720,527.4,0.0,39.694147737
20740,535.05,0.0,37.2330458491
20760,495.5,0.05,48.57123861
20780,574.0,0.0,36.58488346
20800,580.65,0.0,51.0740273517
20820,531.0,0.0,29.6441284123
20840,616.55,0.0,46.5666667306
20860,526.5,0.0,39.4619880358
20880,666.15,0.1,63.8725669532
20900,743.75,0.0,62.9768715295
20920,732.85,0.0,55.2230982106
20940,830.15,0.0,67.3292858823
20960,706.75,0.05,72.8706524881
20980,795.9,0.0,69.3674147737
21000,753.65,0.05,71.8753226217
21020,788.0,0.0,66.9520208426
21040,1000.0,0.0,99.9347061908
21060,880.7,0.0,86.7803484994
21080,875.85,0.05,89.5437679917
21100,963.2,0.05,109.249930962
21120,911.85,0.0,88.0686196018
21140,873.55,0.0,77.8817470852
21160,786.05,0.05,57.6892789995
21180,741.45,0.05,77.8359725801
21200,740.5,0.0,56.1661942
21220,861.5,0.0,82.4423566934
21240,868.65,0.05,97.8996504037
21260,967.2,0.05,111.231153198
21280,953.7,0.0,97.4684637462
21300,750.1,0.05,57.7618585909
21320,733.95,0.0,61.8106033744
21340,872.75,0.0,84.3325292917
21360,922.15,0.05,101.315057784
21380,964.8,0.05,110.631937892
21400,873.6,0.0,85.7805303431
21420,919.8,0.0,90.9092178192
21440,877.7,0.05,88.779662162
21460,920.95,0.0,80.7981892588
21480,875.7,0.1,106.243900162
21500,801.3,0.1,95.21079126
21520,1000.0,0.0,99.6341683275
21540,927.25,0.05,99.0874399479
21560,841.15,0.15,106.599206082
21580,954.25,0.0,98.3243614951
21600,937.7,0.1,116.610618665
21620,916.6,0.05,91.745681159
21640,959.0,0.05,103.914113094
21660,953.85,0.0,94.1440799999
21680,870.3,0.0,87.0669317702
21700,874.1,0.05,90.6574861073
21720,940.35,0.1,110.074286107
21740,919.0,0.05,95.9312408525
21760,845.9,0.05,87.9869152188
21780,954.2,0.0,84.814963411
21800,887.75,0.1,105.460680682
21820,846.0,0.1,97.063673468
21840,777.3,0.0,59.6228130655
21860,915.85,0.05,90.187963823
21880,923.8,0.05,96.8228488351
21900,834.05,0.1,96.040939555
21920,954.35,0.0,89.3941368144
21940,851.9,0.1,91.5703239176
21960,913.65,0.05,93.7521503036
21980,886.45,0.05,85.1070093651
22000,828.5,0.05,68.9531518468
22020,781.15,0.05,70.3399942414
22040,908.8,0.0,83.1431356346
22060,880.9,0.05,83.7097900533
22080,893.3,0.15,105.362891843
22100,926.85,0.05,91.1223170039
22120,791.65,0.05,70.7133847207
22140,752.35,0.25,98.6340002276
22160,961.65,0.0,86.1003001991
22180,891.15,0.05,81.4826976717
22200,858.25,0.1,85.0594034603
22220,682.9,0.25,86.3063656345
22240,959.9,0.15,110.966138402
22260,762.1,0.1,65.3190103138
22280,667.75,0.2,67.3540214296
22300,719.2,0.05,38.9290359626
22320,726.85,0.15,76.7637458739
22340,698.25,0.05,58.2905645663
22360,892.3,0.05,75.1362560983
22380,840.85,0.1,72.7713639501
22400,744.0,0.15,65.6778650074
22420,745.35,0.15,54.0215021738
22440,706.45,0.15,57.7528411805
22460,739.95,0.2,79.258723737
22480,712.65,0.35,110.296852529
22500,564.05,0.25,54.999523405
22520,463.75,0.35,54.6731378427
22540,741.3,0.15,57.5918826911
22560,479.1,0.45,92.5234952634
22580,594.55,0.35,82.5554641675
22600,732.0,0.1,58.3844124222
22620,606.65,0.2,74.1601037626
22640,659.6,0.35,94.1356809567
22660,595.65,0.25,50.002497741
22680,713.95,0.25,84.621267141
22700,562.8,0.2,52.3670262029
22720,626.65,0.15,58.5956999923
22740,365.8,0.6,107.583379622
22760,526.65,0.55,134.342181494
22780,506.05,0.25,63.4888286915
22800,710.0,0.3,101.778089378
22820,705.3,0.25,106.447073728
22840,831.2,0.05,75.1399858585
22860,777.85,0.0,50.1160829891
22880,794.05,0.05,69.5941896179
22900,835.0,0.1,83.8070699869
22920,907.6,0.0,88.4473466634
22940,844.75,0.1,85.1738039075
22960,831.5,0.05,83.2873927341
22980,825.7,0.05,78.9975644891
23000,883.95,0.15,109.042670242
23020,838.2,0.1,79.8033633517
23040,621.8,0.15,64.2188234221
23060,962.1,0.05,100.617556888
23080,819.65,0.05,74.9079055315
23100,954.9,0.0,83.5888299428
23120,790.65,0.0,64.4697990274
23140,875.6,0.0,79.2083351891
23160,838.0,0.0,60.2595926582
23180,959.05,0.0,83.7324189806
23200,848.7,0.1,91.103353947
23220,873.55,0.05,83.0053565629
23240,870.8,0.05,80.9083932796
23260,916.8,0.05,95.1003709612
23280,915.15,0.0,88.6289124394
23300,690.9,0.05,56.6268531378
23320,813.75,0.0,53.0699376223
23340,681.05,0.0,20.1076408413
23360,914.55,0.0,79.7517982197
23380,740.1,0.0,46.9277654201
23400,883.35,0.0,67.8539854561
23420,863.4,0.0,77.2342012703
23440,778.15,0.05,69.3768121101
23460,864.8,0.0,64.1324539952
23480,745.35,0.05,63.4811408663
23500,909.35,0.0,73.0606493072
23520,694.85,0.05,51.8549306193
23540,654.75,0.1,53.9519577875
23560,592.6,0.05,22.7439939832
23580,742.1,0.05,49.5765857198
23600,918.7,0.05,100.365318457
23620,823.1,0.0,71.8766016143
23640,953.05,0.0,78.7277496558
23660,908.75,0.0,79.5871469669
23680,877.0,0.0,67.0333054884
23700,917.0,0.0,82.6755282105
23720,829.5,0.0,55.8308553279
23740,837.7,0.1,85.9139941811
23760,748.25,0.1,66.7638483297
23780,869.35,0.0,59.0645990394
23800,803.45,0.15,96.6199897543
23820,666.2,0.05,38.8104125591
23840,696.8,0.15,54.0314454298
23860,530.6,0.3,63.1821405255
23880,542.95,0.2,47.131117285
23900,524.5,0.4,83.4267201951
23920,465.65,0.65,115.758611622
23940,479.4,0.4,81.1018846951
23960,615.8,0.45,119.652535403
23980,468.65,0.55,120.679888996
24000,501.4,0.4,88.5259276147
24020,503.95,0.45,93.5159366393
24040,412.6,0.5,90.3096015311
24060,404.3,0.45,85.6230543163
24080,376.9,0.5,69.4713223539
24100,380.45,0.45,56.8370534733
24120,411.7,0.55,90.3218574248
24140,469.2,0.5,101.507107798
24160,489.45,0.5,101.343500259
24180,461.5,0.5,103.409263825
24200,592.75,0.45,106.117043461
24220,660.75,0.5,126.080497241
24240,516.2,0.4,83.0260341265
24260,640.75,0.4,106.939496586
24280,475.9,0.5,74.8799691215
24300,492.35,0.7,144.980030689
24320,584.55,0.35,75.9275395958
24340,517.9,0.55,110.727352252
24360,606.15,0.4,86.6909836947
24380,404.7,0.4,58.5335232894
24400,462.6,0.6,118.637403046
24420,730.2,0.15,67.4325363694
24440,591.6,0.45,107.963209548
24460,677.85,0.25,69.6023925598
24480,518.0,0.25,32.9440946605
24500,748.35,0.1,46.0473445179
24520,851.6,0.1,86.5136443689
24540,720.3,0.1,54.9153858351
24560,619.5,0.25,60.988663096
24580,793.15,0.05,48.8545199741
24600,760.9,0.1,62.9743178796
24620,512.55,0.1,6.24010119499
24640,538.3,0.15,30.4158357733
24660,725.6,0.0,36.5961512355
24680,761.25,0.15,62.9420569618
24700,790.55,0.25,86.9258053785
24720,631.9,0.3,70.3363242918
24740,638.5,0.15,53.8524824525
24760,712.55,0.1,41.8199883116
24780,727.9,0.15,61.9366897598
24800,496.8,0.2,6.12605397535
24820,518.8,0.45,87.957510796
24840,458.25,0.2,16.8882800541
24860,374.35,0.55,78.0911871477
24880,598.1,0.45,115.205137659
24900,589.3,0.3,46.2290114027
24920,639.95,0.5,111.75158533
24940,550.1,0.5,106.115344673
24960,517.3,0.15,26.2012868904
24980,608.65,0.35,85.5853678101
25000,609.65,0.25,69.2586085529
25020,398.85,0.35,48.5213640138
25040,443.05,0.3,44.0217628581
25060,606.9,0.35,89.7645612281
25080,506.7,0.55,111.50949221
25100,371.05,0.25,26.0891752939
25120,553.05,0.3,58.3215452856
25140,482.9,0.25,47.2867450414
25160,749.5,0.45,126.456318705
25180,374.95,0.4,47.2525773287
25200,509.45,0.3,46.1888069473
25220,635.9,0.4,92.2021979562
25240,424.5,0.45,71.8921925295
25260,514.85,0.45,92.3291152085
25280,656.15,0.3,71.8627577608
25300,479.85,0.5,89.765422307
25320,457.0,0.3,50.6913376235
25340,554.15,0.4,90.384063686
25360,722.2,0.2,89.5608533901
25380,594.8,0.2,58.7537471843
25400,762.0,0.1,58.4176919406
25420,806.95,0.1,77.1944625047
25440,813.5,0.0,38.2092335013
25460,862.8,0.0,56.6439307004
25480,669.85,0.1,49.4009727525
25500,724.5,0.15,70.9208554516
25520,841.2,0.05,49.1496779056
25540,740.2,0.05,36.8195295252
25560,762.1,0.1,69.3099899035
25580,752.15,0.1,61.4305286924
25600,647.5,0.05,17.6216514142
25620,768.3,0.0,29.8772104276
25640,716.9,0.15,64.8308581377
25660,798.25,0.1,67.9197122992
25680,628.9,0.15,52.3283404439
25700,758.85,0.1,65.3751404065
25720,503.2,0.2,30.3253750081
25740,785.65,0.1,71.4909362128
25760,707.45,0.1,45.1193903768
25780,693.45,0.15,63.930862115
25800,785.7,0.2,85.7384839971
25820,805.05,0.3,122.992043063
25840,624.1,0.2,59.3353784475
25860,869.8,0.0,58.7746590794
25880,908.35,0.0,63.9883532464
25900,862.25,0.0,49.8989254547
25920,754.4,0.1,66.1339633878
25940,908.1,0.0,70.3689500246
25960,725.1,0.0,33.7994551062
25980,724.8,0.0,42.1837051174
26000,872.85,0.05,78.4844862812
26020,862.2,0.0,62.085871736
26040,861.15,0.0,61.6366874362
26060,864.2,0.05,78.9004501821
26080,866.3,0.0,75.4644387865
26100,649.1,0.0,34.5434555461
26120,870.85,0.05,89.9456949165
26140,816.7,0.0,57.128667057
26160,772.55,0.05,68.2941099131
26180,787.95,0.05,68.2088063639
26200,907.3,0.0,85.9054942951
26220,818.8,0.05,65.7644760414
26240,907.2,0.0,71.5980122586
26260,918.85,0.05,81.9759677682
26280,830.8,0.05,69.9629110832
26300,771.3,0.0,57.5575328956
26320,876.5,0.05,87.5316239001
26340,815.5,0.0,57.7218562195
26360,824.35,0.0,70.9195676858
26380,824.2,0.05,70.3612464205
26400,910.4,0.0,78.2824995028
26420,822.55,0.0,61.9899875019
26440,871.0,0.0,72.4029780022
26460,869.25,0.0,67.9421765976
26480,914.45,0.0,79.4886039437
26500,783.7,0.05,67.2986137182
26520,769.35,0.0,43.3525244419
26540,770.45,0.0,51.9932965415
26560,917.4,0.0,76.7544400852
26580,733.25,0.05,52.9346628856
26600,768.0,0.0,48.3908305991
26620,912.3,0.0,69.3693454628
26640,864.4,0.0,69.6904230483
26660,818.95,0.0,60.0139583304
26680,817.05,0.0,68.7553542116
26700,863.35,0.0,61.4207992973
26720,913.45,0.0,67.3427657961
26740,821.8,0.0,58.983895475
26760,772.0,0.0,47.7246841657
26780,821.05,0.0,56.4592604459
26800,908.55,0.0,75.8151899868
26820,908.05,0.0,67.7078805279
26840,639.3,0.0,15.6690447065
26860,864.55,0.0,70.42195372
26880,860.5,0.0,65.4244883791
26900,953.65,0.0,80.1835270726
26920,956.3,0.0,86.1793837041
26940,915.5,0.0,81.6537968918
26960,778.7,0.0,45.0869544764
26980,953.9,0.0,80.5776883376
27000,784.2,0.05,61.8994473302
27020,953.5,0.0,85.706903455
27040,825.05,0.0,65.4196864869
27060,913.7,0.0,68.7560539782
27080,862.85,0.1,83.341452258
27100,787.35,0.05,59.2813169603
27120,833.95,0.0,64.2029771131
27140,743.4,0.05,54.5626825402
27160,918.35,0.05,86.4387103715
27180,909.35,0.0,68.838886667
27200,1000.0,0.0,89.5962914998
27220,915.5,0.05,85.0730397236
27240,736.55,0.05,48.5092440242
27260,880.25,0.1,92.3675265867
27280,909.75,0.0,68.7853980861
27300,817.65,0.0,52.0455119583
27320,908.55,0.0,57.6842779327
27340,908.9,0.0,54.7296803199
27360,734.35,0.05,37.6067448452
27380,823.8,0.0,52.6408106456
27400,953.9,0.0,74.6920357651
27420,907.8,0.0,75.2392914133
27440,880.25,0.05,69.8484413694
27460,911.25,0.0,73.8001515985
27480,966.15,0.05,76.2657231357
27500,780.55,0.05,60.8493566641
27520,1000.0,0.0,85.5407611528
27540,908.95,0.0,54.3366961449
27560,814.25,0.0,41.1846447515
27580,815.9,0.0,46.6303550278
27600,616.6,0.05,27.5586437488
27620,884.45,0.1,82.5635022757
27640,736.8,0.0,31.3621685175
27660,818.4,0.0,43.9327478467
27680,917.75,0.0,71.2448319389
27700,862.75,0.0,57.3425307947
27720,907.9,0.0,56.9904869925
27740,954.8,0.0,72.3481516188
27760,1000.0,0.0,71.2467910043
27780,815.05,0.0,44.4942656327
27800,769.85,0.1,63.1912344217
27820,861.35,0.0,54.5450324161
27840,886.2,0.1,89.1027087697
27860,961.45,0.0,70.0900822487
27880,907.95,0.0,65.3902562358
27900,909.2,0.0,71.641280744
27920,961.25,0.0,74.4231393943
27940,854.0,0.15,92.0990930217
27960,891.85,0.1,71.8684897172
27980,882.6,0.1,84.7094837667
28000,907.45,0.0,68.7556785602
28020,971.5,0.05,91.9105142942
28040,832.25,0.05,67.5187687693
28060,824.8,0.0,51.6015543932
28080,875.85,0.05,76.7667543872
28100,916.25,0.0,67.6950615602
28120,953.7,0.0,76.6295248469
28140,1000.0,0.0,89.40626043
28160,879.05,0.05,69.2152491821
28180,839.55,0.05,65.0803308294
28200,794.45,0.1,76.1599132121
28220,908.95,0.0,79.1115366218
28240,887.75,0.1,91.2242652016
28260,917.6,0.05,69.4610755175
28280,915.25,0.05,74.4611577157
28300,870.4,0.0,62.1243760322
28320,747.1,0.05,47.8318751729
28340,953.65,0.0,70.1748712366
28360,915.75,0.05,74.0550420377
28380,919.85,0.05,76.6627500984
28400,824.75,0.05,65.8597480599
28420,954.1,0.0,78.5643624868
28440,907.4,0.0,69.8821486592
28460,963.6,0.05,100.146286155
28480,909.9,0.0,67.0926675923
28500,871.5,0.05,73.6534938892
28520,873.9,0.0,62.3314496867
28540,953.85,0.0,80.933650984
28560,907.35,0.0,61.938501274
28580,909.2,0.0,63.520439022
28600,957.1,0.0,75.9107742504
28620,908.2,0.0,72.9633178773
28640,1000.0,0.0,80.1332701042
28660,835.75,0.05,75.2664944852
28680,752.8,0.05,53.3969311242
28700,918.4,0.0,77.1391905698
28720,800.75,0.1,65.1662783326
28740,875.6,0.0,61.5558310331
28760,907.25,0.0,76.028881787
28780,876.15,0.05,72.2877161398
28800,874.25,0.0,71.2207930915
28820,914.1,0.0,69.0168211253
28840,954.45,0.0,75.1453673588
28860,832.65,0.05,67.3822244212
28880,781.7,0.0,49.7597172823
28900,914.85,0.0,77.0991298837
28920,876.0,0.05,74.4871364638
28940,876.55,0.05,70.0194438959
28960,750.05,0.05,52.2045865876
28980,909.5,0.0,78.7975389634
29000,759.0,0.1,63.4199046751
29020,864.9,0.0,60.3024242093
29040,953.65,0.0,69.7249697803
29060,941.85,0.1,93.0410892501
29080,880.2,0.05,69.3395586735
29100,926.5,0.05,81.7640408206
29120,931.25,0.1,93.1291639775
29140,955.35,0.0,77.9001624447
29160,831.75,0.05,70.5554262895
29180,703.7,0.05,36.2535403412
29200,759.7,0.1,65.8328633655
29220,869.3,0.0,63.9486314601
29240,870.1,0.0,61.5012902714
29260,825.8,0.05,61.8858187354
29280,831.5,0.05,72.5763042864
29300,909.05,0.0,64.9635583253
29320,776.3,0.15,78.3687092909
29340,787.75,0.1,73.9730567759
29360,869.5,0.0,59.0838077072
29380,823.0,0.0,62.3413182981
29400,862.95,0.2,100.73734329
29420,871.05,0.2,97.6725791674
29440,835.05,0.05,50.5194635931
29460,876.45,0.05,64.4097770944
29480,792.2,0.05,60.7341619611
29500,913.5,0.05,73.4490308117
29520,804.65,0.1,56.6378639427
29540,835.7,0.1,73.4178722087
29560,804.2,0.05,50.2401395768
29580,879.4,0.05,76.9072023854
29600,805.05,0.1,61.7739891269
29620,845.0,0.05,63.3118291088
29640,852.95,0.2,90.1990733109
29660,887.15,0.1,78.9911977594
29680,912.4,0.0,66.9367967255
29700,863.1,0.0,48.1510836009
29720,928.8,0.05,71.9778488603
29740,830.4,0.0,51.5779364481
29760,908.7,0.0,65.0653130955
29780,926.35,0.05,77.1462087832
29800,750.25,0.05,50.1638472187
29820,870.45,0.0,56.5002859727
29840,738.7,0.05,46.8546217676
29860,865.75,0.1,67.3595274595
29880,845.1,0.05,62.488421022
29900,901.05,0.05,77.421551795
29920,851.25,0.1,68.3417971717
29940,837.55,0.05,68.5911085008
29960,954.3,0.0,73.7987145801
29980,954.4,0.0,72.0689253648
30000,756.75,0.05,52.1068080091
