20,108.55,0.0,-273.217486146
40,109.2,0.0,-249.425965646
60,130.4,0.0,-189.439483858
80,140.5,0.0,-208.911244237
100,160.85,0.0,-189.454229327
120,135.1,0.0,-203.133298279
140,151.2,0.0,-133.21345316
160,147.4,0.0,-169.694037414
180,147.7,0.0,-131.829222222
200,195.15,0.0,-126.19109248
220,172.9,0.0,-135.937755417
240,203.3,0.0,-100.413646155
260,176.4,0.0,-100.380370707
280,267.1,0.0,-93.0265620767
300,206.3,0.0,-95.701650956
320,287.0,0.0,-100.548250075
340,569.75,0.0,-124.894731432
360,415.7,0.0,-99.9943748344
380,471.6,0.0,-77.4536448238
400,565.6,0.0,-86.2491296186
420,471.2,0.0,-53.9244721133
440,347.25,0.0,-80.2678466184
460,286.55,0.0,-47.5564454773
480,551.5,0.0,-44.0368172754
500,399.3,0.0,-94.920021687
520,278.4,0.05,-80.1438241806
540,398.75,0.15,-42.7725184473
560,324.9,0.05,-92.6311851292
580,404.55,0.1,-96.863595052
600,390.95,0.2,-48.5667812829
620,557.4,0.2,-34.2187277711
640,593.85,0.3,-52.929387817
660,571.25,0.35,-4.65275128003
680,572.3,0.25,-18.2930359259
700,785.3,0.4,-9.79241872865
720,754.0,0.2,-56.7586939785
740,643.4,0.25,-39.8391471127
760,684.6,0.4,3.04460878022
780,705.65,0.15,-13.3002693813
800,671.55,0.45,57.665823416
820,685.25,0.35,35.3362219721
840,712.8,0.3,30.0757883683
860,533.35,0.15,-4.46641251014
880,615.2,0.3,36.4220017055
900,630.3,0.4,71.2702785938
920,629.5,0.25,35.0557580082
940,601.9,0.2,19.1783440002
960,722.1,0.3,46.962547972
980,531.55,0.45,60.8816016124
1000,750.9,0.35,83.083902545
1020,684.1,0.35,73.9964922056
1040,709.95,0.05,35.8990378108
1060,816.35,0.0,45.7526078489
1080,846.55,0.15,75.3024778076
1100,888.05,0.0,72.0351589842
1120,639.2,0.2,44.003916114
1140,554.6,0.25,16.0991112286
1160,578.3,0.3,50.2708835372
1180,550.05,0.4,34.7455603072
1200,476.25,0.4,15.0320857455
1220,640.05,0.6,61.087006455
1240,749.8,0.45,35.0865954737
1260,778.55,0.3,17.1844905721
1280,754.4,0.45,7.63867932188
1300,775.35,0.45,4.93611556789
1320,748.15,0.3,-12.2060882658
1340,875.75,0.45,22.718583015
1360,903.05,0.25,16.9069831775
1380,874.0,0.5,60.5091345986
1400,903.75,0.45,74.2062159198
1420,977.55,0.15,54.1628360643
1440,1000.0,0.0,57.2311382707
1460,962.4,0.1,95.495783626
1480,740.85,0.05,44.6014170253
1500,714.25,0.15,62.0472430464
1520,540.95,0.1,23.5390098765
1540,599.05,0.15,56.4685254313
1560,612.55,0.05,33.7860581481
1580,344.25,0.0,18.0751592039
1600,388.95,0.05,29.1105455596
1620,277.25,0.15,37.2553903838
1640,340.65,0.0,10.9736500319
1660,301.7,0.05,21.2430636259
1680,439.35,0.05,39.8101872392
1700,591.25,0.0,44.7468559427
1720,486.8,0.05,35.5421829529
1740,759.45,0.0,64.3140993615
1760,626.7,0.05,63.8595491436
1780,820.5,0.15,102.154171564
1800,918.75,0.1,95.1007082611
1820,876.6,0.0,78.4362156412
1840,957.3,0.0,84.6105847634
1860,1000.0,0.0,86.3268901018
1880,922.8,0.0,74.0387705073
1900,1000.0,0.0,75.6143345265
1920,1000.0,0.0,76.7316225572
1940,990.55,0.05,77.313485502
1960,978.3,0.05,77.1787948489
1980,1000.0,0.0,68.2321780375
2000,1000.0,0.0,74.4349031714
2020,923.65,0.1,91.2091632055
2040,933.9,0.05,88.5401444882
2060,963.7,0.0,88.0714202877
2080,963.4,0.0,92.6745997931
2100,1000.0,0.0,89.3887496435
2120,1000.0,0.0,97.2136245283
2140,1000.0,0.0,94.7873697197
2160,961.45,0.1,98.019700262
2180,891.15,0.1,94.0460081408
2200,763.3,0.1,79.1859167108
2220,868.0,0.1,92.1008359516
2240,940.15,0.1,91.0925925103
2260,906.15,0.05,92.7510005516
2280,729.35,0.25,104.25175791
2300,824.8,0.15,93.1216495751
2320,901.8,0.05,74.9791461996
2340,765.15,0.05,79.0038655721
2360,592.8,0.15,67.6235651015
2380,880.95,0.0,83.3885666913
2400,845.15,0.0,69.0772799724
2420,939.45,0.15,119.348870439
2440,888.7,0.05,97.3655652511
2460,766.55,0.05,78.3395785401
2480,886.6,0.05,84.8973173541
2500,950.0,0.05,90.9556131507
2520,841.6,0.0,66.3432353029
2540,917.9,0.1,86.7119734138
2560,822.3,0.15,80.581375363
2580,865.9,0.15,86.6283446192
2600,928.2,0.05,92.2593492598
2620,924.4,0.0,81.3838015734
2640,965.5,0.0,87.0116461494
2660,975.45,0.05,100.409029263
2680,841.45,0.1,85.7054049038
2700,963.6,0.0,77.4775045744
2720,932.25,0.05,73.9971792385
2740,893.4,0.2,108.374234326
2760,674.8,0.3,80.2761559014
2780,576.5,0.5,106.263572822
2800,546.05,0.55,120.676781427
2820,602.8,0.45,105.144304545
2840,457.9,0.4,80.2528435214
2860,513.6,0.45,88.0253797646
2880,472.95,0.4,72.9591689965
2900,478.7,0.2,18.7276311236
2920,356.15,0.25,16.5519309099
2940,294.05,0.45,62.8848003528
2960,396.85,0.3,29.8453386324
2980,524.9,0.25,46.4764404023
3000,419.55,0.3,35.3972083796
3020,448.6,0.2,8.70924565892
3040,418.25,0.45,59.8309539843
3060,383.9,0.35,35.0422682599
3080,466.85,0.25,23.770054744
3100,513.1,0.5,92.0573744463
3120,493.25,0.6,119.39517891
3140,586.4,0.45,108.153608551
3160,478.25,0.3,45.474269812
3180,685.6,0.4,103.427192306
3200,496.15,0.4,86.6485591365
3220,571.5,0.45,111.24222569
3240,485.85,0.4,92.8614810589
3260,632.8,0.25,69.9684898605
3280,691.75,0.15,77.9892082969
3300,766.0,0.1,86.3363363951
3320,667.4,0.2,83.6548459879
3340,800.8,0.25,101.448350312
3360,922.55,0.05,95.9916578285
3380,881.55,0.05,89.2222240935
3400,922.2,0.05,94.7597713967
3420,963.85,0.0,89.4509805147
3440,961.45,0.0,90.3349226119
3460,959.05,0.0,93.2362415614
3480,923.65,0.0,79.9168943096
3500,1000.0,0.0,90.2748044642
3520,959.35,0.0,84.4367266061
3540,1000.0,0.0,98.8236689438
3560,1000.0,0.0,99.9960333517
3580,1000.0,0.0,87.0904250916
3600,958.9,0.0,84.2080440077
3620,916.2,0.0,90.979197264
3640,958.6,0.0,83.9259494119
3660,837.5,0.0,74.3299724876
3680,913.45,0.0,94.3815170601
3700,777.35,0.15,103.048868016
3720,820.35,0.1,98.7063900871
3740,879.0,0.0,79.8247461089
3760,958.25,0.0,94.8564331954
3780,778.1,0.15,103.7736081
3800,918.6,0.0,82.805704246
3820,958.7,0.0,85.9704234214
3840,959.75,0.0,82.0311248077
3860,925.6,0.05,81.2262963782
3880,995.55,0.05,94.9060163034
3900,957.6,0.05,87.3859810618
3920,932.15,0.1,94.4765641995
3940,967.0,0.15,91.2152132504
3960,949.7,0.2,104.574384556
3980,910.35,0.25,95.1882252344
4000,891.55,0.35,117.487752833
4020,882.05,0.25,108.544040216
4040,895.45,0.3,106.948711444
4060,846.9,0.25,92.4332632689
4080,877.6,0.3,97.1152956438
4100,936.3,0.2,75.9968597563
4120,909.65,0.2,81.155745938
4140,979.2,0.1,65.5556816089
4160,919.85,0.25,86.1389458611
4180,983.7,0.05,53.0510778071
4200,965.05,0.15,75.3801314931
4220,927.9,0.25,93.760844202
4240,1000.0,0.0,74.226212876
4260,962.85,0.0,76.9974007349
4280,1000.0,0.0,83.2838850444
4300,921.85,0.0,85.7531634983
4320,929.0,0.1,108.343179276
4340,926.2,0.1,98.5172398483
4360,492.05,0.05,41.2576601456
4380,651.4,0.15,76.2027418046
4400,619.2,0.25,88.3784251933
4420,665.35,0.2,76.2233939699
4440,661.25,0.15,75.0880646432
4460,662.1,0.2,85.9628049602
4480,650.9,0.2,83.6970105332
4500,639.2,0.2,79.3076945685
4520,628.2,0.35,106.694469941
4540,757.0,0.2,94.0946568252
4560,742.15,0.05,58.843120646
4580,826.7,0.15,86.5156882241
4600,803.5,0.25,105.349157905
4620,645.85,0.25,99.1058419708
4640,819.3,0.2,92.0565334649
4660,845.7,0.15,85.891853787
4680,724.2,0.25,89.8629975365
4700,836.95,0.1,72.3359793098
4720,797.2,0.1,65.4806818963
4740,802.15,0.2,76.9206291296
4760,817.15,0.2,78.931183422
4780,782.05,0.15,60.1273723379
4800,877.2,0.1,64.0077760582
4820,849.95,0.15,69.0955382052
4840,933.3,0.1,72.3244089873
4860,811.3,0.2,62.7098135972
4880,810.5,0.2,74.0565493638
4900,767.4,0.1,43.7978483641
4920,856.85,0.25,103.282072285
4940,728.8,0.25,68.4368049769
4960,906.1,0.1,77.192251997
4980,746.35,0.1,60.6674584846
5000,758.9,0.1,56.5565385648
5020,888.25,0.15,90.3228898328
5040,722.4,0.2,77.4589379555
5060,640.5,0.4,108.389308476
5080,732.8,0.2,83.4087512751
5100,829.3,0.1,86.9029925681
5120,818.35,0.15,87.6093394061
5140,816.6,0.1,78.0285016149
5160,805.25,0.0,65.1276891093
5180,816.75,0.1,88.7699359063
5200,803.4,0.0,65.0075583486
5220,779.15,0.1,77.5749505861
5240,784.95,0.1,77.3921772525
5260,847.5,0.1,88.3536829306
5280,779.7,0.2,107.610573681
5300,691.85,0.2,94.4131821623
5320,709.85,0.15,79.2357623478
5340,771.5,0.1,78.0095663755
5360,835.4,0.05,73.7795485076
5380,621.9,0.25,87.0561341777
5400,814.15,0.15,92.3291197373
5420,659.25,0.05,50.6226318085
5440,666.2,0.15,68.0225265565
5460,654.6,0.25,89.3400637856
5480,658.2,0.1,54.897234468
5500,770.4,0.1,67.5843177464
5520,865.25,0.05,74.287368897
5540,800.3,0.1,79.8943255915
5560,841.6,0.2,99.6284876298
5580,721.55,0.2,88.5073265073
5600,743.3,0.2,95.4057913787
5620,767.95,0.2,87.621829333
5640,882.45,0.0,71.2090767572
5660,840.85,0.05,82.740753363
5680,845.45,0.05,88.7335239037
5700,873.55,0.1,103.417680909
5720,889.3,0.05,93.7675167594
5740,845.75,0.05,90.8508593552
5760,801.1,0.0,69.2216710192
5780,800.35,0.0,79.2570502499
5800,881.65,0.0,86.9082116376
5820,840.1,0.0,77.3772848674
5840,842.65,0.0,77.6167920191
5860,805.95,0.05,84.5251210857
5880,681.8,0.0,50.7605904748
5900,720.4,0.0,62.8414583878
5920,732.95,0.05,72.5908492032
5940,957.85,0.0,89.9115310379
5960,961.55,0.0,76.3892307651
5980,925.25,0.0,72.3697455726
6000,882.85,0.0,66.8580439728
6020,897.75,0.15,94.3261092524
6040,946.15,0.1,92.136123519
6060,845.85,0.15,88.5618838649
6080,887.65,0.1,97.4892504771
6100,787.0,0.1,81.1032201375
6120,883.65,0.0,73.1362910472
6140,769.0,0.05,64.5434586257
6160,1000.0,0.0,89.3985575802
6180,885.75,0.05,100.977866773
6200,959.4,0.0,94.6782998863
6220,874.1,0.0,86.4361055249
6240,959.45,0.0,97.4030492862
6260,924.45,0.05,91.9370772869
6280,919.8,0.0,93.5847766435
6300,1000.0,0.0,84.3458925065
6320,919.95,0.0,81.4154598813
6340,879.25,0.0,78.1357696992
6360,1000.0,0.0,85.9197048494
6380,921.6,0.0,76.5066822673
6400,960.75,0.0,79.4647359354
6420,959.6,0.0,93.4740817129
6440,925.8,0.05,89.6091107455
6460,1000.0,0.0,85.6113578913
6480,1000.0,0.0,93.8744574034
6500,1000.0,0.0,100.345545499
6520,860.75,0.05,83.2257633711
6540,849.15,0.05,86.6719838828
6560,920.35,0.0,82.6473063417
6580,920.15,0.0,83.3449835308
6600,895.2,0.15,113.205754869
6620,970.35,0.05,100.609043546
6640,959.0,0.0,81.8840462185
6660,1000.0,0.0,85.4622288238
6680,921.85,0.0,76.8962467347
6700,928.0,0.05,81.1757192076
6720,1000.0,0.0,85.3981947812
6740,961.45,0.0,84.3020229818
6760,963.95,0.0,77.8739734957
6780,1000.0,0.0,87.9657981511
6800,962.55,0.0,69.5969517039
6820,927.75,0.05,72.2205096686
6840,932.05,0.05,64.1734643081
6860,1000.0,0.0,67.3446652049
6880,926.45,0.05,77.1684861496
6900,963.2,0.0,83.4330143581
6920,921.8,0.0,79.5137637698
6940,920.5,0.0,82.6940003448
6960,886.6,0.05,90.3575441554
6980,749.35,0.2,100.214882166
7000,617.95,0.05,55.3228240344
7020,841.85,0.15,106.592928713
7040,723.6,0.05,67.9871912736
7060,596.65,0.05,47.0672863192
7080,550.7,0.05,50.3922135114
7100,763.15,0.1,78.689098023
7120,624.95,0.0,44.8572078832
7140,709.9,0.05,64.3673904815
7160,769.0,0.15,87.3207155143
7180,793.85,0.0,73.8422296627
7200,836.75,0.0,80.4063100126
7220,798.15,0.05,76.3205423912
7240,633.2,0.05,54.1638707925
7260,798.05,0.05,76.8371036914
7280,639.35,0.2,82.534514425
7300,599.35,0.1,53.1621177889
7320,598.45,0.1,65.4183767196
7340,766.15,0.05,79.5511355155
7360,613.9,0.1,61.6481495585
7380,710.45,0.15,78.33163049
7400,681.85,0.1,61.845845253
7420,679.0,0.1,62.129985663
7440,592.85,0.3,74.4341086013
7460,570.6,0.45,128.907321195
7480,498.1,0.45,113.462708715
7500,633.3,0.45,118.890736034
7520,649.2,0.45,123.228905
7540,384.0,0.4,88.4389447756
7560,589.85,0.35,100.202169387
7580,593.25,0.5,138.195254944
7600,486.55,0.6,130.723198603
7620,489.55,0.35,85.1255825781
7640,558.0,0.5,125.729186425
7660,548.05,0.45,113.862570129
7680,412.2,0.55,102.548120207
7700,613.05,0.55,137.288541985
7720,695.6,0.25,73.1365746526
7740,593.3,0.5,127.073069071
7760,345.95,0.5,77.1463962704
7780,382.3,0.7,138.129820728
7800,460.15,0.6,134.759215206
7820,448.5,0.4,91.3744790387
7840,589.8,0.3,99.6406394853
7860,640.8,0.4,125.942046198
7880,554.55,0.45,112.235913551
7900,518.6,0.35,89.5584101686
7920,740.85,0.1,72.9155344641
7940,510.35,0.35,100.05322141
7960,741.55,0.2,99.0167711738
7980,569.2,0.25,81.8461932475
8000,713.4,0.3,94.3083711561
8020,759.6,0.15,79.6494133507
8040,652.6,0.2,84.3345258291
8060,640.25,0.35,106.261371809
8080,805.1,0.1,98.2853500526
8100,920.65,0.0,86.4754165996
8120,878.55,0.0,79.7049016881
8140,877.65,0.0,85.9178713321
8160,895.0,0.15,98.8568958095
8180,934.3,0.05,90.2363991007
8200,1000.0,0.0,86.0005698217
8220,958.3,0.0,84.7453023351
8240,966.1,0.05,88.0556794261
8260,960.65,0.0,80.7039112908
8280,927.4,0.05,81.6093077938
8300,920.45,0.05,77.5722482935
8320,963.25,0.05,83.7069165546
8340,881.5,0.15,88.1852675416
8360,916.65,0.05,69.4722547877
8380,884.95,0.05,82.3923459199
8400,941.9,0.1,81.2583857083
8420,887.1,0.1,87.5135561886
8440,856.6,0.1,80.9300656757
8460,889.45,0.05,69.0655296247
8480,791.6,0.2,86.2394369119
8500,778.35,0.1,72.8789383816
8520,862.75,0.2,108.625058969
8540,763.5,0.25,105.184079798
8560,775.1,0.25,88.2548765102
8580,601.55,0.3,83.5812091448
8600,667.85,0.25,84.8915448388
8620,815.85,0.1,82.9260603872
8640,627.2,0.2,75.5326180561
8660,810.55,0.15,95.7741540754
8680,709.85,0.2,71.4107013244
8700,818.9,0.05,68.3942933501
8720,809.0,0.1,73.8328079037
8740,705.45,0.35,105.409398658
8760,761.2,0.3,102.949778166
8780,678.1,0.25,79.2572114535
8800,708.95,0.15,60.0913706492
8820,553.95,0.45,91.4734047357
8840,715.15,0.15,56.5810562561
8860,438.15,0.4,75.4411142196
8880,598.85,0.35,87.0659863885
8900,391.6,0.2,23.6207511256
8920,547.15,0.1,29.1597238847
8940,529.7,0.25,52.9611904146
8960,605.3,0.3,76.4475208777
8980,596.75,0.3,77.4034676095
9000,432.35,0.3,58.5756191033
9020,390.7,0.45,86.4094636418
9040,501.95,0.3,56.3779722092
9060,559.85,0.3,56.0585745535
9080,486.4,0.35,63.4044339175
9100,594.7,0.3,65.8059541434
9120,450.8,0.25,44.5910113675
9140,532.0,0.1,22.6589042838
9160,616.65,0.3,61.016545744
9180,462.85,0.35,44.8689639364
9200,445.1,0.2,12.4340604277
9220,511.65,0.1,13.7672851766
9240,272.35,0.3,24.5243815789
9260,342.15,0.45,51.2350522286
9280,359.9,0.2,-5.39540346922
9300,523.0,0.45,81.5699297205
9320,548.4,0.25,40.107195118
9340,456.85,0.3,45.1421806946
9360,465.6,0.25,23.6391023771
9380,580.4,0.25,41.5837671822
9400,508.45,0.2,22.8193202463
9420,667.55,0.4,105.057066644
9440,686.7,0.2,71.3400543006
9460,558.75,0.35,60.5977067154
9480,483.3,0.25,27.6991332754
9500,518.95,0.4,71.9509091625
9520,506.15,0.2,17.1358357471
9540,583.15,0.2,44.6746248295
9560,440.15,0.4,65.7065600712
9580,559.2,0.3,58.0153960436
9600,591.85,0.25,57.887990425
9620,411.0,0.2,1.07067319417
9640,465.55,0.25,35.7457607565
9660,593.3,0.2,52.3397209999
9680,536.9,0.35,74.8732582031
9700,620.35,0.25,86.1582174111
9720,381.4,0.3,32.4881566184
9740,667.7,0.2,67.9728206586
9760,590.95,0.2,43.5769791338
9780,664.2,0.1,51.879202001
9800,586.15,0.2,64.8516054283
9820,700.9,0.2,79.6502584807
9840,611.85,0.35,95.1942940428
9860,706.9,0.15,78.2352831464
9880,608.45,0.1,61.942884891
9900,708.55,0.15,59.9205021999
9920,745.15,0.2,94.3273090611
9940,855.95,0.05,70.2962991423
9960,880.15,0.2,105.359598523
9980,1000.0,0.0,92.52439611
10000,959.6,0.0,75.416998703
10020,927.45,0.05,89.4406151529
10040,952.15,0.1,87.870306433
10060,1000.0,0.0,82.9807809661
10080,938.6,0.1,94.7544434131
10100,958.15,0.0,92.8097889679
10120,945.1,0.1,96.0935874132
10140,1000.0,0.0,91.0907184074
10160,1000.0,0.0,93.7362927648
10180,963.1,0.05,107.281725238
10200,960.1,0.0,68.8854438481
10220,967.0,0.05,100.178188944
10240,942.85,0.1,108.722591405
10260,1000.0,0.0,88.4233213699
10280,1000.0,0.0,89.0756381146
10300,971.1,0.05,88.3391672821
10320,975.8,0.05,90.268768817
10340,963.45,0.05,85.8899073803
10360,1000.0,0.0,90.0649903951
10380,1000.0,0.0,91.526667173
10400,937.1,0.1,89.1703244446
10420,1000.0,0.0,87.7161547375
10440,1000.0,0.0,89.106061688
10460,986.8,0.05,94.1291895981
10480,969.9,0.05,92.8658504763
10500,1000.0,0.0,98.8853878049
10520,967.35,0.05,96.4813344342
10540,1000.0,0.0,83.5304470164
10560,1000.0,0.0,91.2628419178
10580,1000.0,0.0,88.902207836
10600,1000.0,0.0,83.5115099079
10620,1000.0,0.0,90.6073600637
10640,1000.0,0.0,85.118928133
10660,927.4,0.05,98.0092662084
10680,932.05,0.05,88.3614087396
10700,1000.0,0.0,101.336552508
10720,1000.0,0.0,89.057261269
10740,965.7,0.05,101.162261773
10760,931.35,0.05,91.2953430283
10780,933.5,0.1,103.885150736
10800,936.75,0.05,85.9340973085
10820,947.85,0.05,88.5171541004
10840,931.8,0.05,95.8570263747
10860,881.8,0.2,108.47028364
10880,904.3,0.15,115.047495198
10900,918.8,0.15,98.4051334435
10920,847.15,0.15,94.7028237742
10940,892.6,0.15,90.790231611
10960,863.15,0.2,102.253432133
10980,975.05,0.05,92.0026093469
11000,1000.0,0.0,101.501834427
11020,1000.0,0.0,91.220014306
11040,944.4,0.1,97.9627463977
11060,896.3,0.15,101.693238998
11080,1000.0,0.0,93.9602975461
11100,961.4,0.0,77.7956642751
11120,960.2,0.0,85.8244506465
11140,1000.0,0.0,84.9522770196
11160,961.05,0.0,77.4776967015
11180,891.8,0.05,80.3911418931
11200,922.2,0.0,83.5423355146
11220,850.25,0.1,90.6288553319
11240,926.25,0.05,101.31443394
11260,928.95,0.05,94.6195555211
11280,792.75,0.1,78.246058562
11300,845.65,0.1,84.9106092249
11320,667.9,0.2,91.3287755548
11340,685.25,0.25,102.310358073
11360,672.9,0.2,81.1056582054
11380,871.65,0.1,99.2080263693
11400,842.95,0.05,80.7040417034
11420,767.45,0.05,74.2293197039
11440,772.65,0.15,87.310342352
11460,734.15,0.15,80.7038217722
11480,690.85,0.2,83.3148021463
11500,848.7,0.1,84.8723795915
11520,770.6,0.15,98.9208013185
11540,847.7,0.05,69.5057595882
11560,716.9,0.2,94.5893926686
11580,886.65,0.05,82.8724592462
11600,899.7,0.1,94.7779374397
11620,741.85,0.2,100.145611443
11640,923.1,0.05,95.1303721782
11660,884.5,0.05,88.652955167
11680,912.35,0.1,99.3458017209
11700,920.5,0.0,90.4131042336
11720,851.1,0.1,93.480726382
11740,961.35,0.0,91.3350023605
11760,1000.0,0.0,101.085726936
11780,909.5,0.05,98.5084531103
11800,875.6,0.0,76.4247149033
11820,880.9,0.0,83.2415834713
11840,960.0,0.0,97.242023049
11860,887.2,0.05,82.682211811
11880,878.0,0.0,83.4692991437
11900,923.65,0.05,83.9636974872
11920,923.2,0.05,94.064926796
11940,879.75,0.0,72.3566087502
11960,926.95,0.1,91.6873031184
11980,800.95,0.0,68.2310672354
12000,959.0,0.0,80.8984763604
12020,848.1,0.05,82.2719888191
12040,887.0,0.05,84.6732914551
12060,960.05,0.0,92.6791197203
12080,897.05,0.1,97.6039597965
12100,766.25,0.05,64.7306448977
12120,752.55,0.3,114.7522337
12140,778.8,0.2,99.6342301612
12160,825.25,0.15,94.1653603294
12180,761.9,0.25,99.6299498829
12200,733.85,0.25,105.623663845
12220,797.5,0.35,120.527862299
12240,654.6,0.55,142.766267522
12260,831.45,0.25,117.295433474
12280,1000.0,0.0,85.0535888842
12300,839.65,0.2,109.148892305
12320,757.5,0.2,94.1116277327
12340,965.3,0.0,71.9380170298
12360,937.75,0.1,100.669869135
12380,904.1,0.1,97.1291046027
12400,837.0,0.2,94.7999048047
12420,861.0,0.15,95.0570153799
12440,938.45,0.1,99.4872826402
12460,928.95,0.05,86.6150128493
12480,966.8,0.05,81.8395915843
12500,923.4,0.05,78.3353141365
12520,1000.0,0.0,89.3965264516
12540,970.35,0.05,89.0183010697
12560,926.8,0.05,88.3734988168
12580,938.65,0.1,96.5080258853
12600,867.9,0.15,94.139626519
12620,866.25,0.15,97.3792828089
12640,939.9,0.05,81.2351315265
12660,937.4,0.1,90.8900822221
12680,848.95,0.2,96.213175667
12700,931.05,0.1,93.3115858408
12720,1000.0,0.0,97.5308016952
12740,1000.0,0.0,92.1326931506
12760,954.5,0.0,76.2723099198
12780,1000.0,0.0,82.6286148713
12800,1000.0,0.0,80.0589682406
12820,1000.0,0.0,82.2550353876
12840,1000.0,0.0,85.6281752704
12860,1000.0,0.0,79.340147894
12880,1000.0,0.0,81.3147999154
12900,957.25,0.0,74.3045581972
12920,1000.0,0.0,66.0271208543
12940,1000.0,0.0,66.2715587387
12960,1000.0,0.0,69.915835951
12980,1000.0,0.0,80.4715732337
13000,1000.0,0.0,78.6082880855
13020,1000.0,0.0,70.5439272981
13040,1000.0,0.0,72.176253876
13060,1000.0,0.0,80.6751147195
13080,947.25,0.1,79.2109933972
13100,1000.0,0.0,69.5048699259
13120,1000.0,0.0,74.413135746
13140,1000.0,0.0,68.0208089198
13160,960.3,0.05,86.993270859
13180,1000.0,0.0,70.5159540801
13200,970.25,0.05,75.367932482
13220,992.95,0.05,78.4140182703
13240,951.55,0.1,89.9448698247
13260,950.3,0.05,81.323962959
13280,892.4,0.2,108.969022088
13300,1000.0,0.0,88.2281365198
13320,866.2,0.15,93.2150704599
13340,1000.0,0.0,81.6114624902
13360,930.9,0.05,97.5555070256
13380,900.55,0.1,102.603020178
13400,905.4,0.1,98.7236254032
13420,890.05,0.1,98.0087110283
13440,898.4,0.1,107.239019395
13460,913.8,0.15,104.166668455
13480,966.2,0.05,86.3417254389
13500,974.3,0.05,95.2201184674
13520,1000.0,0.0,84.7276799697
13540,900.5,0.1,88.9798755482
13560,940.1,0.1,103.435715757
13580,901.15,0.1,92.4085673516
13600,821.8,0.2,108.29267548
13620,668.2,0.5,128.271973779
13640,844.85,0.25,104.806319597
13660,771.05,0.35,113.059596611
13680,755.8,0.25,101.385585491
13700,915.75,0.2,116.132789168
13720,864.15,0.15,109.937388412
13740,966.3,0.05,105.112801203
13760,980.65,0.05,103.137648914
13780,953.6,0.05,82.9587043131
13800,965.45,0.05,98.1531411303
13820,971.3,0.05,100.522819736
13840,931.1,0.05,86.0429453665
13860,970.5,0.05,96.216961722
13880,928.0,0.0,82.4345338349
13900,965.3,0.05,106.996655021
13920,959.9,0.0,85.1519280735
13940,1000.0,0.0,84.740105237
13960,1000.0,0.0,87.6465586249
13980,1000.0,0.0,86.4404085286
14000,956.65,0.0,77.0038622669
14020,921.0,0.0,78.4662180535
14040,1000.0,0.0,81.6421300077
14060,1000.0,0.0,88.6473380809
14080,1000.0,0.0,75.7025328788
14100,966.45,0.0,79.4907481188
14120,1000.0,0.0,90.6183285764
14140,960.95,0.0,80.2933186116
14160,1000.0,0.0,88.1954305458
14180,1000.0,0.0,82.4133312856
14200,1000.0,0.0,93.6544547996
14220,1000.0,0.0,89.4948901262
14240,1000.0,0.0,95.7117328837
14260,957.2,0.0,97.7302106269
14280,927.85,0.0,81.1084075576
14300,1000.0,0.0,87.8575574628
14320,919.8,0.0,101.256894662
14340,890.0,0.0,77.1678755133
14360,885.8,0.0,85.772703789
14380,1000.0,0.0,93.7483532018
14400,1000.0,0.0,100.71896028
14420,884.95,0.0,75.2968153778
14440,925.15,0.0,86.6480641208
14460,879.3,0.0,78.5897780478
14480,766.2,0.0,70.0040650565
14500,768.45,0.0,72.6715347823
14520,841.7,0.0,87.2013541025
14540,770.05,0.0,59.6192580536
14560,881.05,0.0,83.8289846611
14580,918.1,0.0,87.2648994339
14600,728.6,0.05,81.7777173992
14620,837.0,0.0,70.075419727
14640,763.55,0.0,61.5324967443
14660,805.95,0.0,67.5794322607
14680,884.8,0.0,78.0975213048
14700,835.0,0.0,79.8655194496
14720,920.65,0.0,87.9475406514
14740,685.3,0.0,63.4708384637
14760,771.15,0.0,70.0151888969
14780,1000.0,0.0,89.7345618718
14800,960.15,0.0,88.535242863
14820,878.4,0.0,76.7669313502
14840,886.6,0.0,66.6708714734
14860,923.5,0.0,85.4062017722
14880,1000.0,0.0,83.7865158793
14900,1000.0,0.0,91.5899138568
14920,1000.0,0.0,95.4683867186
14940,960.95,0.0,88.2004247394
14960,960.5,0.0,93.7085871123
14980,1000.0,0.0,93.0898910959
15000,1000.0,0.0,100.900702741
15020,955.35,0.0,86.0843984962
15040,957.1,0.0,84.7336412239
15060,1000.0,0.0,83.3517553008
15080,1000.0,0.0,90.9252746895
15100,956.6,0.0,83.7259392134
15120,963.85,0.05,85.6606543781
15140,984.45,0.05,82.0679106628
15160,983.25,0.05,75.8194826793
15180,909.3,0.3,110.183841327
15200,623.8,0.8,147.231240788
15220,692.5,0.55,121.936724108
15240,601.5,0.75,144.951053329
15260,747.6,0.45,100.469604359
15280,764.6,0.55,119.463683293
15300,851.55,0.3,89.2802299326
15320,721.2,0.65,126.223314213
15340,875.4,0.35,89.9994906315
15360,830.45,0.45,100.61859786
15380,842.75,0.5,98.0621575315
15400,788.45,0.55,105.478703127
15420,754.6,0.6,117.047633116
15440,842.7,0.4,90.5490218371
15460,887.5,0.3,78.1668278832
15480,818.75,0.6,110.704571674
15500,820.6,0.65,115.957022496
15520,781.95,0.65,113.31673475
15540,857.35,0.6,109.747335138
15560,817.2,0.7,123.95613438
15580,917.0,0.4,79.6242970251
15600,980.3,0.15,54.5589408084
15620,938.55,0.2,58.2784818071
15640,1000.0,0.0,43.8383398042
15660,1000.0,0.0,53.1312387203
15680,1000.0,0.0,55.2708994191
15700,1000.0,0.0,56.6969862516
15720,1000.0,0.0,61.3189919319
15740,974.05,0.05,71.266592541
15760,958.25,0.1,92.0280775159
15780,968.1,0.0,64.6085756067
15800,1000.0,0.0,94.3286963343
15820,1000.0,0.0,87.5143219374
15840,957.45,0.0,78.6996481786
15860,1000.0,0.0,88.9685420851
15880,1000.0,0.0,89.6983182958
15900,1000.0,0.0,77.8835573062
15920,1000.0,0.0,83.5322688293
15940,1000.0,0.0,91.8932476067
15960,1000.0,0.0,79.9230468275
15980,1000.0,0.0,77.4538627568
16000,1000.0,0.0,77.2415870405
16020,1000.0,0.0,82.8096895367
16040,1000.0,0.0,87.8881587771
16060,1000.0,0.0,88.6631526912
16080,956.85,0.0,87.0600142445
16100,1000.0,0.0,72.1045134224
16120,1000.0,0.0,85.2851810773
16140,1000.0,0.0,90.0765655602
16160,1000.0,0.0,81.2163721127
16180,1000.0,0.0,87.3788587789
16200,1000.0,0.0,91.887043616
16220,1000.0,0.0,78.8005367488
16240,963.35,0.0,85.2256566052
16260,1000.0,0.0,75.6221944093
16280,1000.0,0.0,82.318062141
16300,1000.0,0.0,86.8372200325
16320,1000.0,0.0,83.876241422
16340,914.1,0.0,78.3962756019
16360,1000.0,0.0,87.048498204
16380,1000.0,0.0,88.1490538596
16400,981.95,0.05,92.6965715664
16420,1000.0,0.0,91.8509418286
16440,963.4,0.0,79.5587793448
16460,970.8,0.05,93.1638635593
16480,956.45,0.0,72.389484284
16500,980.3,0.05,100.000262704
16520,1000.0,0.0,86.7858211417
16540,964.4,0.0,81.341269423
16560,1000.0,0.0,90.0808620953
16580,967.5,0.05,82.2304356479
16600,1000.0,0.0,80.3242445461
16620,1000.0,0.0,85.018741977
16640,966.45,0.05,94.415863455
16660,1000.0,0.0,83.5048315766
16680,1000.0,0.0,76.0831623386
16700,1000.0,0.0,83.8741220481
16720,1000.0,0.0,83.096717589
16740,955.55,0.0,78.4058006064
16760,1000.0,0.0,71.4824214995
16780,957.3,0.0,80.4727715343
16800,1000.0,0.0,80.9349743034
16820,966.25,0.05,83.6482343147
16840,1000.0,0.0,74.3789067814
16860,1000.0,0.0,82.8957268271
16880,1000.0,0.0,76.3436884488
16900,1000.0,0.0,79.0070082675
16920,1000.0,0.0,95.1348356833
16940,1000.0,0.0,69.6186991213
16960,1000.0,0.0,93.8792950513
16980,956.5,0.0,82.3220910363
17000,957.35,0.0,76.8349552093
17020,956.3,0.0,78.9490636779
17040,1000.0,0.0,80.7095164603
17060,956.35,0.0,68.0871831089
17080,1000.0,0.0,87.8052613415
17100,1000.0,0.0,67.1510020348
17120,1000.0,0.0,79.4911080413
17140,957.4,0.0,76.8662196207
17160,1000.0,0.0,83.5340471595
17180,1000.0,0.0,74.6475613524
17200,1000.0,0.0,77.743632402
17220,1000.0,0.0,84.4995942805
17240,1000.0,0.0,76.6707406484
17260,1000.0,0.0,80.3121074951
17280,1000.0,0.0,78.706237621
17300,1000.0,0.0,83.2439174057
17320,1000.0,0.0,79.8888267626
17340,1000.0,0.0,79.081496626
17360,1000.0,0.0,78.1850756231
17380,1000.0,0.0,94.578821196
17400,962.4,0.0,64.2118685669
17420,963.4,0.0,86.9287711544
17440,1000.0,0.0,95.7424925684
17460,964.65,0.0,84.6350553489
17480,926.25,0.0,81.1602669113
17500,956.3,0.0,86.1978010804
17520,845.75,0.0,70.3773342075
17540,757.1,0.0,64.5173842314
17560,817.25,0.0,51.523763528
17580,883.25,0.1,84.8695562615
17600,781.7,0.05,58.2031981298
17620,746.6,0.0,53.3226873249
17640,798.3,0.25,104.530171797
17660,695.05,0.3,100.163573962
17680,635.85,0.4,112.341585406
17700,733.85,0.4,117.94788079
17720,753.2,0.25,82.200517348
17740,676.35,0.45,125.301649979
17760,651.65,0.3,93.3510980258
17780,824.5,0.3,103.014440573
17800,741.35,0.25,85.1233417717
17820,769.35,0.2,79.5061639873
17840,692.75,0.4,121.887379811
17860,647.05,0.45,123.01075529
17880,734.55,0.35,113.765628946
17900,881.95,0.05,77.731256472
17920,840.05,0.2,89.1396328911
17940,783.55,0.35,128.017060064
17960,900.5,0.1,88.9515502455
17980,885.2,0.25,111.049361183
18000,842.0,0.15,89.2027402745
18020,811.55,0.3,103.641985044
18040,825.3,0.05,72.7567702752
18060,881.95,0.2,86.6895343894
18080,884.25,0.1,78.7193314173
18100,848.75,0.15,88.150152984
18120,915.7,0.05,87.076017142
18140,883.15,0.05,78.1692681584
18160,944.3,0.05,78.4381861135
18180,963.3,0.0,78.4543437139
18200,985.35,0.05,75.2855415208
18220,964.0,0.0,77.2649755803
18240,906.4,0.05,87.3173856159
18260,847.95,0.0,62.294451139
18280,884.4,0.0,75.4031260928
18300,877.75,0.0,75.6528825428
18320,919.75,0.0,80.8174108242
18340,924.85,0.0,83.6485294697
18360,1000.0,0.0,89.803807157
18380,815.2,0.0,59.6974652562
18400,928.4,0.0,72.8892561118
18420,922.2,0.0,85.3503212289
18440,885.9,0.05,89.1087544332
18460,892.55,0.05,82.1514419348
18480,964.75,0.0,78.0292212494
18500,1000.0,0.0,89.346745332
18520,918.9,0.0,85.850818344
18540,1000.0,0.0,99.1221380815
18560,963.0,0.0,92.657568428
18580,1000.0,0.0,94.7458371366
18600,1000.0,0.0,87.1957262114
18620,928.45,0.0,80.3898794436
18640,961.4,0.0,87.8260589295
18660,1000.0,0.0,81.3517446081
18680,1000.0,0.0,73.4507705828
18700,1000.0,0.0,81.9654393973
18720,917.25,0.0,79.2999837075
18740,963.65,0.0,83.9482899876
18760,927.2,0.0,81.2571796784
18780,921.35,0.0,80.2460914985
18800,928.6,0.0,69.8639048546
18820,1000.0,0.0,88.6960053182
18840,840.25,0.0,62.4570930083
18860,1000.0,0.0,79.320018301
18880,808.6,0.0,68.5606879108
18900,916.4,0.0,73.2139911176
18920,881.65,0.0,69.6643832838
18940,920.8,0.0,77.3237935982
18960,883.65,0.0,74.4447017793
18980,923.25,0.0,86.1469561143
19000,879.8,0.0,67.9692682271
19020,915.8,0.0,80.3157648748
19040,888.6,0.0,83.85595428
19060,838.6,0.0,78.759897686
19080,964.15,0.0,89.2441977801
19100,768.5,0.0,67.706365367
19120,659.3,0.0,50.9119927758
19140,962.2,0.05,112.032283426
19160,834.45,0.0,82.9814230855
19180,923.15,0.0,87.0527867476
19200,882.35,0.0,83.7412306535
19220,927.05,0.0,91.3264281429
19240,929.15,0.05,97.4280319607
19260,800.6,0.05,86.4169369546
19280,802.15,0.0,69.9398108567
19300,763.7,0.05,78.8509396942
19320,855.7,0.05,85.8633519334
19340,922.5,0.0,87.850571613
19360,843.3,0.0,70.1794703945
19380,955.45,0.0,83.1904077189
19400,762.15,0.0,63.5422207065
19420,798.95,0.0,71.341889672
19440,801.9,0.0,72.7404373347
19460,801.5,0.0,73.4965077842
19480,769.7,0.05,80.8838923792
19500,715.75,0.0,69.4411692806
19520,793.2,0.0,86.7174924933
19540,680.05,0.0,71.6104698125
19560,840.25,0.0,85.6569135181
19580,799.5,0.0,72.6360743174
19600,791.9,0.0,71.7601705705
19620,762.65,0.0,65.4635430116
19640,719.15,0.0,73.3748093254
19660,881.75,0.0,87.8758587452
19680,757.0,0.0,72.8013133922
19700,808.8,0.0,81.2262966586
19720,794.95,0.0,80.2754396131
19740,837.6,0.0,78.9645341819
19760,798.4,0.0,69.9848838812
19780,802.25,0.0,70.0900114586
19800,685.0,0.0,60.7577662035
19820,809.1,0.0,73.5149201932
19840,715.2,0.0,61.5038583824
19860,801.95,0.0,64.3508890712
19880,725.0,0.05,69.9139548427
19900,674.85,0.0,59.2463182197
19920,790.3,0.0,74.3508034307
19940,646.3,0.0,55.485003525
19960,799.25,0.0,67.1056946046
19980,831.65,0.0,75.323958137
20000,848.25,0.05,76.3185749061
20020,829.8,0.0,66.84810568
20040,789.05,0.0,69.9616205237
20060,797.45,0.0,71.5217983029
20080,881.0,0.0,80.8563977763
20100,790.3,0.0,69.5488431471
20120,880.15,0.0,79.3450833667
20140,834.6,0.0,69.4956220066
20160,883.7,0.0,71.0700632163
20180,922.5,0.0,69.2752902944
20200,826.45,0.0,76.2996161794
20220,875.75,0.0,78.768256925
20240,957.55,0.0,98.5099866459
20260,806.4,0.05,74.0072510152
20280,792.35,0.0,76.3595052869
20300,921.25,0.0,88.9136806467
20320,956.15,0.0,88.5925249522
20340,963.15,0.0,88.2884324374
20360,917.15,0.0,90.1024704512
20380,1000.0,0.0,102.743396325
20400,961.35,0.0,93.7826014364
20420,963.1,0.0,99.8277096136
20440,955.45,0.0,97.7779312707
20460,956.8,0.0,92.2008444635
20480,1000.0,0.0,92.157955287
20500,911.35,0.0,84.3552147512
20520,1000.0,0.0,89.8591283022
20540,917.3,0.0,81.814950139
20560,1000.0,0.0,93.2059203384
20580,870.7,0.0,90.2634079508
20600,1000.0,0.0,90.4037668126
20620,913.85,0.0,81.3114203952
20640,918.2,0.05,99.4706324734
20660,1000.0,0.0,98.8855368424
20680,956.55,0.0,93.4935565597
20700,1000.0,0.0,97.3511061431
20720,956.6,0.0,94.1911662098
20740,921.05,0.0,78.6831440643
20760,955.45,0.0,86.6290840435
20780,911.25,0.0,82.702757562
20800,956.9,0.0,99.2087210807
20820,962.35,0.0,84.7757746802
20840,870.9,0.0,84.4315788959
20860,869.3,0.0,88.0951041069
20880,1000.0,0.0,92.540951479
20900,955.9,0.0,89.0752333649
20920,961.45,0.0,95.8439138089
20940,957.1,0.0,82.6759268352
20960,1000.0,0.0,95.36470762
20980,1000.0,0.0,100.81533198
21000,954.45,0.0,80.374246259
21020,1000.0,0.0,98.168746709
21040,912.9,0.0,83.3197393442
21060,1000.0,0.0,84.7926335952
21080,1000.0,0.0,97.5155245532
21100,1000.0,0.0,88.1181669716
21120,1000.0,0.0,88.8900125901
21140,1000.0,0.0,83.3914794231
21160,1000.0,0.0,93.0836207542
21180,1000.0,0.0,90.5125798147
21200,954.7,0.0,78.459852964
21220,956.65,0.0,72.8934913901
21240,1000.0,0.0,82.6826661044
21260,1000.0,0.0,73.8220657616
21280,1000.0,0.0,86.1453076721
21300,956.15,0.0,75.7814303163
21320,1000.0,0.0,88.2511497025
21340,914.15,0.0,80.228808141
21360,1000.0,0.0,89.143987363
21380,1000.0,0.0,86.1708898276
21400,957.25,0.0,85.2379103346
21420,956.9,0.0,86.5934555324
21440,1000.0,0.0,91.4609871359
21460,1000.0,0.0,95.9099157811
21480,956.45,0.0,84.0226174888
21500,1000.0,0.0,89.3726849458
21520,956.9,0.0,78.6835753174
21540,957.15,0.0,90.354820642
21560,955.7,0.0,82.103219738
21580,1000.0,0.0,95.4843212205
21600,911.75,0.0,79.5115959542
21620,920.45,0.0,71.5755508646
21640,1000.0,0.0,83.722206044
21660,911.85,0.0,88.135090137
21680,954.55,0.0,76.288177604
21700,910.35,0.0,81.8348452339
21720,1000.0,0.0,92.4284614396
21740,956.2,0.0,91.7085764742
21760,954.6,0.0,84.4432824033
21780,955.25,0.0,85.5937315885
21800,826.4,0.05,92.2416273469
21820,910.15,0.0,89.2676953925
21840,868.6,0.0,81.0731690746
21860,914.35,0.0,85.3531226803
21880,954.55,0.0,84.1164918069
21900,962.35,0.0,97.4088660964
21920,874.05,0.05,97.4457353748
21940,911.2,0.0,79.8338606075
21960,880.45,0.0,79.4490027425
21980,955.75,0.0,99.4004823551
22000,923.15,0.0,85.8739681848
22020,878.0,0.0,70.5348728682
22040,825.75,0.0,71.8349080662
22060,832.55,0.0,78.1651551948
22080,784.1,0.0,68.7281005696
22100,788.25,0.0,67.9449389263
22120,908.45,0.0,80.7167895017
22140,826.8,0.0,85.1401839422
22160,745.3,0.0,65.8370668034
22180,954.6,0.0,85.1078036989
22200,910.5,0.0,89.7611238777
22220,913.8,0.0,88.1640592634
22240,827.7,0.0,79.7400853807
22260,1000.0,0.0,96.0126003404
22280,962.55,0.0,92.2401601028
22300,909.5,0.0,78.5386387734
22320,821.1,0.0,71.1630913516
22340,786.6,0.0,63.0898231076
22360,786.2,0.0,69.3723765857
22380,783.25,0.0,76.9993745871
22400,954.3,0.0,84.5623579328
22420,913.25,0.0,90.0228628221
22440,955.55,0.0,98.031768492
22460,824.75,0.0,66.6699000027
22480,827.7,0.0,77.6201698677
22500,955.85,0.0,87.8136906311
22520,963.55,0.0,90.1309886144
22540,954.6,0.0,95.9721538079
22560,748.75,0.0,74.9181792429
22580,821.45,0.0,78.5812574176
22600,956.45,0.0,95.4423154533
22620,918.45,0.0,85.4816929828
22640,881.1,0.0,83.1696265599
22660,796.0,0.0,78.284717298
22680,835.7,0.0,69.726640053
22700,836.4,0.0,81.3194856072
22720,795.8,0.0,79.1135221674
22740,954.5,0.0,91.8385969288
22760,704.05,0.0,64.7438331068
22780,838.05,0.0,77.9965611554
22800,757.0,0.0,66.5579012334
22820,831.25,0.0,86.5262604813
22840,877.9,0.0,86.9168498088
22860,915.85,0.0,97.0652907918
22880,741.55,0.0,68.9705469484
22900,796.65,0.0,72.5898019162
22920,922.0,0.0,91.6263338571
22940,791.5,0.0,64.5212404364
22960,764.15,0.0,73.2856048019
22980,819.2,0.0,78.3707250797
23000,715.0,0.0,72.1606716566
23020,704.35,0.0,65.8691316255
23040,826.4,0.0,78.9981482802
23060,913.8,0.0,95.9715064324
23080,792.05,0.0,73.267065622
23100,872.7,0.0,94.7761209145
23120,956.05,0.0,98.3752834139
23140,834.2,0.0,84.4483612637
23160,786.8,0.0,74.9717008408
23180,955.25,0.0,90.5559013616
23200,635.1,0.0,56.6968327712
23220,832.1,0.0,89.0261186346
23240,913.5,0.0,93.5856157107
23260,954.3,0.0,94.1701440655
23280,960.7,0.0,89.2650963219
23300,881.2,0.0,85.5306667916
23320,957.95,0.0,90.0586143342
23340,954.6,0.0,95.3529751758
23360,917.65,0.0,92.3884465589
23380,878.15,0.0,96.9369474609
23400,823.2,0.0,92.2387384307
23420,1000.0,0.0,96.2338171165
23440,874.8,0.0,93.6234968363
23460,1000.0,0.0,105.972394192
23480,911.4,0.0,90.5734753794
23500,911.45,0.0,83.0241362639
23520,781.4,0.0,76.3493561902
23540,1000.0,0.0,98.0583561392
23560,954.55,0.0,86.7866366297
23580,1000.0,0.0,90.8386745881
23600,1000.0,0.0,94.7173503837
23620,821.85,0.0,80.8250319003
23640,1000.0,0.0,95.687838441
23660,912.1,0.0,89.8107610856
23680,961.3,0.0,85.2310341234
23700,873.55,0.0,85.0446152704
23720,928.85,0.05,97.825624793
23740,910.95,0.0,87.9635155513
23760,843.6,0.05,88.1279664524
23780,913.95,0.0,95.1430594889
23800,957.2,0.0,86.043958952
23820,1000.0,0.0,97.1936001032
23840,954.4,0.0,87.70344493
23860,1000.0,0.0,96.2992658858
23880,956.65,0.0,93.5294302831
23900,920.95,0.05,78.3264223916
23920,957.2,0.0,90.2280799566
23940,913.4,0.0,78.5345067435
23960,1000.0,0.0,85.9027863749
23980,912.85,0.0,79.7452588836
24000,957.05,0.0,84.2461656288
24020,920.95,0.0,81.3421107031
24040,1000.0,0.0,91.0000853636
24060,1000.0,0.0,93.6993833215
24080,910.95,0.0,80.8330435396
24100,912.1,0.0,87.369239467
24120,1000.0,0.0,100.952684703
24140,955.9,0.0,88.453683596
24160,912.5,0.0,84.2459279693
24180,954.9,0.0,90.1667217029
24200,870.25,0.0,86.6069383641
24220,928.55,0.05,90.0842480794
24240,1000.0,0.0,90.6978406596
24260,1000.0,0.0,92.5760484805
24280,1000.0,0.0,90.9183334911
24300,1000.0,0.0,93.9057762813
24320,955.0,0.0,87.9939560689
24340,823.1,0.0,77.9987453596
24360,965.35,0.0,83.3979541747
24380,866.45,0.0,78.6195914432
24400,1000.0,0.0,101.464270441
24420,1000.0,0.0,88.9780514716
24440,913.95,0.0,91.6478811172
24460,956.25,0.0,83.0811492278
24480,864.35,0.0,71.402990752
24500,1000.0,0.0,101.995783654
24520,954.75,0.0,83.3364446689
24540,1000.0,0.0,97.9980297159
24560,957.5,0.0,91.9326715258
24580,1000.0,0.0,97.3101213306
24600,1000.0,0.0,99.5983623016
24620,913.3,0.0,81.6879576698
24640,956.35,0.0,95.3319916476
24660,917.0,0.0,80.5431471629
24680,956.8,0.0,86.5263263168
24700,1000.0,0.0,91.4881440765
24720,1000.0,0.0,96.4903560783
24740,1000.0,0.0,98.7253049418
24760,910.3,0.0,82.3531911938
24780,1000.0,0.0,98.1829360447
24800,1000.0,0.0,96.7597593279
24820,1000.0,0.0,97.8490963864
24840,911.7,0.0,83.9642997814
24860,920.7,0.0,74.4102238904
24880,914.6,0.0,87.6479142206
24900,910.4,0.0,83.4574651842
24920,878.6,0.0,80.5616004473
24940,1000.0,0.0,96.5371281037
24960,1000.0,0.0,92.8736888609
24980,1000.0,0.0,96.8603657242
25000,958.05,0.0,88.1467937837
25020,1000.0,0.0,95.2383689115
25040,912.65,0.0,76.3231388181
25060,1000.0,0.0,87.6477400605
25080,924.8,0.05,100.260665873
25100,954.0,0.0,85.1659169394
25120,921.1,0.0,89.9170484537
25140,955.2,0.0,97.8490068999
25160,955.15,0.0,86.5865275574
25180,958.05,0.0,97.5799082667
25200,962.6,0.0,94.7147468634
25220,921.0,0.0,82.5958137251
25240,962.8,0.0,89.6129439153
25260,924.0,0.05,89.6387709608
25280,1000.0,0.0,94.1375092438
25300,954.05,0.0,88.5406102116
25320,1000.0,0.0,88.0426781996
25340,962.95,0.0,96.6321947664
25360,921.75,0.05,98.0644068976
25380,918.45,0.05,100.166025593
25400,1000.0,0.0,98.5103577594
25420,924.8,0.0,92.3097228009
25440,917.15,0.0,87.0179276339
25460,870.95,0.0,81.4342794658
25480,912.75,0.0,91.6234307032
25500,954.35,0.0,97.325708563
25520,921.35,0.15,118.433247793
25540,1000.0,0.0,93.4559648982
25560,1000.0,0.0,92.2745036831
25580,890.55,0.1,110.344619439
25600,884.2,0.05,89.1441307297
25620,922.4,0.05,84.897081416
25640,1000.0,0.0,100.50451173
25660,923.5,0.05,100.363656475
25680,913.6,0.0,98.1785912074
25700,926.15,0.05,106.044512198
25720,919.25,0.05,97.0216393558
25740,929.85,0.1,111.852644736
25760,872.35,0.0,82.7573489265
25780,1000.0,0.0,88.4070727138
25800,843.0,0.1,99.130754993
25820,909.05,0.0,92.6800212835
25840,924.0,0.0,84.180855399
25860,924.05,0.05,91.836816395
25880,956.95,0.0,85.1991254543
25900,1000.0,0.0,95.6896168588
25920,933.0,0.1,103.638247475
25940,965.3,0.05,92.6035294962
25960,939.4,0.1,119.280722357
25980,964.4,0.05,99.7505258635
26000,961.5,0.0,88.5904572461
26020,965.1,0.05,99.2361616208
26040,963.65,0.05,94.3893436634
26060,1000.0,0.0,87.9469958763
26080,1000.0,0.0,83.5161622944
26100,1000.0,0.0,103.80794187
26120,927.3,0.0,84.4197957183
26140,1000.0,0.0,96.0081625659
26160,1000.0,0.0,93.7918735053
26180,893.05,0.05,93.8380679736
26200,1000.0,0.0,95.8021870612
26220,1000.0,0.0,96.8685634401
26240,1000.0,0.0,87.4078923753
26260,1000.0,0.0,86.9779820239
26280,957.7,0.0,83.7816786355
26300,1000.0,0.0,76.3364240296
26320,1000.0,0.0,84.1324400698
26340,1000.0,0.0,78.9850537261
26360,1000.0,0.0,77.2776118935
26380,1000.0,0.0,86.165717756
26400,1000.0,0.0,79.9640074009
26420,958.05,0.0,70.7550214037
26440,954.85,0.0,69.7556005798
26460,1000.0,0.0,81.7067535074
26480,1000.0,0.0,70.8271732843
26500,1000.0,0.0,80.4954728173
26520,1000.0,0.0,72.9544463716
26540,1000.0,0.0,73.8492176964
26560,1000.0,0.0,76.8110885513
26580,1000.0,0.0,75.00876355
26600,1000.0,0.0,82.0125010247
26620,1000.0,0.0,85.1830034585
26640,959.0,0.0,73.4407674162
26660,1000.0,0.0,69.7395587015
26680,1000.0,0.0,73.8576491023
26700,1000.0,0.0,85.9291533937
26720,955.75,0.0,67.5990670634
26740,1000.0,0.0,79.4212227531
26760,1000.0,0.0,81.7361827408
26780,1000.0,0.0,78.7916591827
26800,1000.0,0.0,83.0675991757
26820,956.0,0.0,76.2828898781
26840,1000.0,0.0,91.8467913528
26860,957.35,0.0,70.6765097001
26880,1000.0,0.0,83.9935802415
26900,958.7,0.0,79.0213922655
26920,916.5,0.0,73.0817448682
26940,1000.0,0.0,72.965564811
26960,1000.0,0.0,86.4103242003
26980,1000.0,0.0,88.0191806549
27000,955.3,0.0,71.7039488114
27020,955.05,0.0,79.4725082174
27040,1000.0,0.0,88.239389102
27060,1000.0,0.0,89.9751187226
27080,1000.0,0.0,82.3789790893
27100,1000.0,0.0,79.5641084096
27120,916.75,0.0,79.2324898577
27140,923.65,0.0,78.0523196442
27160,910.45,0.0,77.2491781834
27180,965.55,0.0,79.2741477552
27200,1000.0,0.0,85.296376386
27220,954.75,0.0,83.6282597809
27240,963.4,0.0,82.301332752
27260,910.7,0.0,80.4121358221
27280,916.45,0.0,91.6185735529
27300,917.45,0.0,84.6978255281
27320,962.05,0.0,90.3474001437
27340,1000.0,0.0,91.8578076537
27360,1000.0,0.0,89.0137287609
27380,958.45,0.0,83.7096302903
27400,919.85,0.0,91.9099340805
27420,1000.0,0.0,92.0491001402
27440,1000.0,0.0,89.4791942613
27460,916.0,0.0,74.0933994214
27480,917.5,0.0,86.8671348271
27500,830.9,0.0,76.2285437889
27520,962.55,0.0,95.0645052562
27540,953.8,0.0,86.4421436866
27560,956.2,0.0,97.3183721801
27580,964.1,0.0,98.8433282992
27600,953.9,0.0,90.1422247288
27620,910.6,0.0,87.2059122541
27640,958.6,0.0,104.787737156
27660,827.05,0.0,71.673750482
27680,960.6,0.0,95.7603485729
27700,827.15,0.0,82.762688319
27720,964.25,0.0,99.1262473418
27740,962.9,0.0,87.5365147665
27760,963.6,0.0,95.6409448232
27780,922.05,0.0,93.796511764
27800,918.15,0.0,93.9086010347
27820,959.5,0.0,94.5745191405
27840,866.7,0.0,84.7534532518
27860,927.0,0.05,97.1066417241
27880,954.3,0.0,92.6716548284
27900,1000.0,0.0,93.9533146079
27920,877.45,0.0,83.7520394245
27940,1000.0,0.0,96.8585275145
27960,750.4,0.0,68.9967363613
27980,884.0,0.0,80.3459223859
28000,791.25,0.0,70.2290127405
28020,884.3,0.0,77.4407526567
28040,883.7,0.0,74.719941778
28060,831.55,0.0,72.3567833916
28080,877.25,0.0,88.3485566685
28100,884.1,0.0,80.7897386347
28120,834.0,0.0,73.9236606915
28140,922.85,0.0,77.1984107597
28160,724.5,0.05,66.5832707045
28180,841.6,0.0,70.332096134
28200,794.6,0.0,69.5607878551
28220,834.05,0.0,70.8337929974
28240,797.05,0.0,66.2397760541
28260,867.15,0.0,69.5014355485
28280,880.45,0.0,68.6414113863
28300,747.7,0.0,61.5637070181
28320,748.95,0.0,62.0387235836
28340,713.2,0.0,63.6535171407
28360,764.95,0.0,69.1485852394
28380,839.35,0.0,70.4257945189
28400,675.65,0.0,58.2963114458
28420,791.4,0.0,63.5950370963
28440,622.75,0.0,57.1668167728
28460,915.65,0.0,87.5932842968
28480,831.8,0.0,73.4102441254
28500,879.25,0.0,86.5270282954
28520,791.4,0.0,61.2022161901
28540,716.5,0.0,60.3023138664
28560,757.35,0.0,63.6088038978
28580,829.2,0.0,66.5065668889
28600,754.7,0.0,67.7774642903
28620,684.45,0.0,65.8683099784
28640,718.0,0.0,68.335256335
28660,802.65,0.0,65.8169447141
28680,919.1,0.0,82.7446163395
28700,712.05,0.0,65.3544091213
28720,831.3,0.0,79.0091873822
28740,839.45,0.0,81.9006721332
28760,787.35,0.0,70.9369880931
28780,586.05,0.0,55.6021042982
28800,798.8,0.0,83.8614682508
28820,868.95,0.0,76.8832693603
28840,841.3,0.0,78.8664342506
28860,878.8,0.0,90.148525713
28880,801.2,0.0,77.3071894291
28900,875.8,0.0,77.3670548655
28920,830.05,0.0,83.4446976271
28940,793.45,0.0,69.9750109662
28960,707.3,0.0,62.4804065575
28980,758.85,0.0,72.049001227
29000,792.65,0.0,69.0659077086
29020,796.65,0.0,69.0813703418
29040,834.25,0.0,80.4331465884
29060,878.3,0.0,86.3638689329
29080,837.45,0.0,75.0031299464
29100,833.0,0.0,72.2583569527
29120,835.65,0.0,81.1151156783
29140,710.65,0.0,66.2930857944
29160,839.6,0.0,82.9422151297
29180,787.5,0.0,72.87453138
29200,914.85,0.0,81.1479117466
29220,749.85,0.0,71.9779741774
29240,660.9,0.0,59.3838577485
29260,831.85,0.0,84.8252914196
29280,828.3,0.0,69.5906317791
29300,877.2,0.0,86.446232441
29320,831.8,0.0,83.4526150073
29340,757.25,0.0,73.5907246467
29360,832.4,0.0,79.3446941778
29380,838.6,0.0,85.3306268313
29400,961.4,0.0,92.1195320249
29420,832.0,0.0,79.3661332178
29440,868.15,0.0,86.0453236195
29460,918.35,0.0,90.0622298217
29480,874.65,0.0,92.7343959288
29500,1000.0,0.0,103.450161906
29520,871.6,0.0,83.2886399743
29540,869.75,0.0,77.8347871365
29560,1000.0,0.0,98.3475783474
29580,961.3,0.0,83.4012557558
29600,921.3,0.0,94.7409684657
29620,916.75,0.0,88.2131046933
29640,829.35,0.0,78.2997618414
29660,962.0,0.0,85.4281906497
29680,832.0,0.0,74.6660710327
29700,917.5,0.0,94.7396588636
29720,790.0,0.0,57.4379794503
29740,954.4,0.0,89.5722945964
29760,916.3,0.05,98.595879625
29780,1000.0,0.0,100.970707558
29800,876.3,0.0,86.3918924509
29820,964.2,0.0,91.8636743012
29840,914.45,0.0,94.8996013229
29860,963.55,0.05,103.10002991
29880,923.65,0.0,91.2192400298
29900,953.65,0.0,93.8035981221
29920,1000.0,0.0,104.897827981
29940,1000.0,0.0,100.069668167
29960,919.65,0.05,98.7921394152
29980,963.0,0.0,90.7083036565
30000,954.75,0.0,104.313634987
30020,961.35,0.0,95.8456532567
30040,916.45,0.05,102.960308361
30060,912.7,0.0,85.0932906237
30080,917.15,0.0,89.4533012588
30100,838.75,0.0,76.2727577407
30120,834.9,0.0,79.6245635219
30140,960.7,0.0,94.7318912068
30160,868.35,0.0,79.1528795894
30180,953.8,0.0,93.3914276964
30200,881.9,0.0,89.1038228687
30220,916.0,0.0,97.3073568166
30240,918.65,0.0,96.0355876384
30260,960.25,0.0,85.3606675013
30280,954.75,0.0,101.32913347
30300,783.65,0.0,75.7232112264
30320,959.9,0.0,92.4102551764
30340,914.55,0.0,89.2607124454
30360,907.4,0.0,80.8686357387
30380,954.2,0.0,92.0575053738
30400,958.8,0.0,99.5988013544
30420,867.6,0.05,98.8819895999
30440,953.75,0.0,86.1000030761
30460,908.0,0.0,83.5904715217
30480,1000.0,0.0,100.915756315
30500,1000.0,0.0,101.196769181
30520,1000.0,0.0,96.891129713
30540,965.75,0.05,108.919697465
30560,960.6,0.0,96.7090675562
30580,913.1,0.0,86.0851522552
30600,870.2,0.0,85.7311396319
30620,1000.0,0.0,108.624560972
30640,918.65,0.05,105.457103037
30660,962.4,0.0,100.075510775
30680,1000.0,0.0,100.381046798
30700,1000.0,0.0,98.5097675591
30720,953.7,0.0,92.8425182147
30740,1000.0,0.0,98.0447004939
30760,1000.0,0.0,100.910039286
30780,1000.0,0.0,101.848555269
30800,955.0,0.0,98.5945310896
30820,1000.0,0.0,97.9897558133
30840,1000.0,0.0,102.442914338
30860,955.1,0.0,92.2668203272
30880,909.2,0.0,88.8567853823
30900,953.75,0.0,92.6421797707
30920,1000.0,0.0,90.8120185098
30940,1000.0,0.0,106.733930331
30960,1000.0,0.0,99.2450248579
30980,912.1,0.0,80.5261285053
31000,1000.0,0.0,92.7281806232
31020,909.6,0.0,89.2893200115
31040,1000.0,0.0,93.8802589695
31060,954.25,0.0,96.5102734631
31080,911.8,0.0,91.5547918092
31100,1000.0,0.0,96.4945379485
31120,954.35,0.0,90.0156534579
31140,1000.0,0.0,100.623345952
31160,1000.0,0.0,103.617257679
31180,955.35,0.0,93.2313202422
31200,954.1,0.0,81.9082724634
31220,954.25,0.0,88.4295661194
31240,962.75,0.05,101.1144698
31260,998.9,0.05,98.4889400396
31280,957.0,0.0,95.1108678314
31300,1000.0,0.0,93.1336379799
31320,954.4,0.0,88.1358038751
31340,953.9,0.0,83.687984003
31360,908.05,0.0,84.6541723666
31380,1000.0,0.0,95.4650609942
31400,1000.0,0.0,92.6661073294
31420,865.05,0.0,74.599835996
31440,1000.0,0.0,86.5057439976
31460,942.75,0.05,96.0692956789
31480,954.7,0.0,88.5432247045
31500,1000.0,0.0,96.9635917412
31520,1000.0,0.0,85.2068151476
31540,923.0,0.05,90.8523230528
31560,1000.0,0.0,85.1451360812
31580,961.4,0.0,82.9605939315
31600,1000.0,0.0,87.4612431937
31620,957.6,0.0,86.0594907624
31640,908.65,0.0,84.0763355264
31660,1000.0,0.0,101.630500281
31680,954.1,0.0,85.381277461
31700,875.2,0.0,73.6640656647
31720,1000.0,0.0,90.2260603808
31740,1000.0,0.0,89.1607769384
31760,888.9,0.1,106.385770697
31780,908.05,0.0,81.3587016941
31800,966.55,0.05,103.567709696
31820,908.3,0.0,78.8936025354
31840,727.85,0.0,57.53350971
31860,914.35,0.0,79.2413176218
31880,955.05,0.0,79.255471093
31900,954.25,0.0,87.2417272291
31920,1000.0,0.0,88.8516846497
31940,1000.0,0.0,91.8732007098
31960,954.05,0.0,88.4750704413
31980,908.8,0.0,82.45466542
32000,1000.0,0.0,89.5074469695
32020,1000.0,0.0,83.9394993281
32040,953.75,0.0,82.9520485479
32060,839.85,0.05,79.2966388024
32080,1000.0,0.0,89.7744906095
32100,910.15,0.0,78.800591281
32120,968.75,0.05,109.353608488
32140,1000.0,0.0,88.7219706533
32160,965.8,0.05,92.171453143
32180,954.1,0.0,82.3290933908
32200,955.65,0.0,94.4452512147
32220,1000.0,0.0,100.487529803
32240,915.7,0.0,89.7518106036
32260,869.1,0.0,82.8012364415
32280,954.65,0.0,92.4767894294
32300,912.35,0.0,93.7106367357
32320,915.95,0.05,96.9241203235
32340,954.75,0.0,101.077000403
32360,1000.0,0.0,93.2358930132
32380,954.4,0.0,89.5399970656
32400,824.15,0.0,74.4602355099
32420,953.35,0.0,81.801829694
32440,911.0,0.0,94.6507237588
32460,907.9,0.0,92.4430457794
32480,1000.0,0.0,100.212586831
32500,910.6,0.0,91.6251401436
32520,868.35,0.0,77.4279162582
32540,975.25,0.05,107.164591984
32560,861.65,0.0,76.263124168
32580,958.75,0.0,90.4717540596
32600,917.05,0.0,93.7154079563
32620,1000.0,0.0,105.399025859
32640,880.05,0.0,84.5384426348
32660,909.85,0.0,78.9767410352
32680,824.95,0.0,76.4829858726
32700,909.65,0.0,85.9963181327
32720,864.25,0.0,78.0176445046
32740,961.9,0.0,94.6819939111
32760,1000.0,0.0,97.2673984505
32780,954.15,0.0,98.4195393751
32800,866.45,0.0,82.904487451
32820,869.55,0.0,79.9541824477
32840,956.4,0.0,98.0021170233
32860,1000.0,0.0,103.905906751
32880,964.0,0.0,90.7453802409
32900,823.45,0.0,77.2497368865
32920,912.95,0.0,87.6602335228
32940,910.45,0.0,88.5246563581
32960,911.35,0.0,97.1790373232
32980,866.15,0.0,79.7482522189
33000,826.85,0.0,75.4995275749
33020,778.05,0.0,64.5439046084
33040,954.15,0.0,91.9631981366
33060,821.3,0.0,70.0611528441
33080,911.8,0.0,90.2554689201
33100,871.05,0.0,82.3846936103
33120,1000.0,0.0,99.9745801634
33140,824.75,0.0,78.9052712052
33160,1000.0,0.0,107.949875501
33180,922.35,0.0,86.6401089
33200,956.95,0.0,96.7291393296
33220,954.35,0.0,90.3723384877
33240,1000.0,0.0,94.9491197658
33260,916.55,0.0,78.1169753785
33280,911.3,0.0,99.5484048484
33300,861.9,0.0,84.5824930734
33320,862.25,0.0,82.6636540394
33340,863.4,0.0,77.8658488119
33360,866.9,0.0,85.6787180373
33380,908.3,0.0,79.4249403929
33400,909.35,0.0,89.0129034036
33420,953.85,0.0,92.195974716
33440,911.1,0.0,88.7363133138
33460,1000.0,0.0,96.0044101801
33480,953.7,0.0,89.0662163831
33500,865.7,0.0,80.9532660282
33520,911.6,0.0,85.5410178717
33540,960.85,0.0,87.7473744603
33560,1000.0,0.0,93.0753056811
33580,872.0,0.0,82.2431282595
33600,861.85,0.0,75.8861508253
33620,956.95,0.0,92.976109933
33640,954.9,0.0,81.4386629453
33660,1000.0,0.0,97.1361220376
33680,820.2,0.0,71.8197254808
33700,847.65,0.05,75.9472719194
33720,909.8,0.0,84.9799881969
33740,957.5,0.0,83.1730418975
33760,835.8,0.05,82.7060129404
33780,908.6,0.0,81.6877198469
33800,957.5,0.0,81.2402470941
33820,953.6,0.0,74.5934482596
33840,868.0,0.0,68.2232729068
33860,909.0,0.0,76.8856601965
33880,953.4,0.0,79.0085031477
33900,863.2,0.0,70.3036374262
33920,863.65,0.0,71.5077826874
33940,927.95,0.05,82.9435830878
33960,1000.0,0.0,82.370233815
33980,955.4,0.0,85.1540409871
34000,920.5,0.0,71.6515771587
34020,867.6,0.0,80.7964208191
34040,954.5,0.0,74.5869821245
34060,832.65,0.05,82.7478725704
34080,953.95,0.0,73.7024969149
34100,908.45,0.0,77.3874126875
34120,867.15,0.0,70.5345607374
34140,818.7,0.0,57.8449832478
34160,1000.0,0.0,88.550331234
34180,954.0,0.0,79.5289139766
34200,1000.0,0.0,90.5926332279
34220,1000.0,0.0,75.2867598522
34240,953.7,0.0,67.2119459528
34260,864.1,0.0,76.1775627406
34280,910.95,0.0,79.5322190945
34300,907.1,0.05,74.5908738019
34320,862.45,0.0,65.6895650942
34340,1000.0,0.0,77.2708112403
34360,954.3,0.0,74.1310291701
34380,821.35,0.0,59.3379979907
34400,837.45,0.05,70.9912626414
34420,775.6,0.0,47.1442661149
34440,908.5,0.0,60.3695237409
34460,1000.0,0.0,71.7562158449
34480,932.35,0.05,89.3895550164
34500,864.75,0.0,62.3621829308
34520,907.8,0.0,64.5470863063
34540,865.0,0.0,65.4745897741
34560,995.85,0.05,94.8963554341
34580,954.5,0.0,74.3705713781
34600,954.4,0.0,71.5777700906
34620,1000.0,0.0,86.1030699944
34640,957.3,0.0,83.9354223882
34660,907.8,0.0,77.1247903874
34680,864.75,0.0,68.1180467514
34700,909.25,0.0,80.0543334674
34720,954.7,0.0,82.981245369
34740,953.9,0.0,73.2060420633
34760,954.05,0.0,85.9390006824
34780,862.5,0.0,60.458564517
34800,909.7,0.0,68.8168352002
34820,961.75,0.0,73.4605909652
34840,876.7,0.05,66.6402823257
34860,918.65,0.05,86.8840474004
34880,786.75,0.05,49.0225894071
34900,848.7,0.1,81.0218612259
34920,914.45,0.0,81.7665667539
34940,1000.0,0.0,74.2849543452
34960,878.55,0.05,78.6125755672
34980,891.05,0.1,96.5493756514
35000,907.5,0.0,60.9787810972
35020,966.45,0.05,84.795250975
35040,955.25,0.0,73.5066239617
35060,1000.0,0.0,82.0912877645
35080,953.85,0.0,79.8064334302
35100,924.5,0.0,72.2820881874
35120,954.85,0.0,80.0173194634
35140,820.05,0.0,63.2815842501
35160,895.95,0.05,73.2065957046
35180,908.05,0.0,73.149335361
35200,957.2,0.0,72.1178651572
35220,864.85,0.0,68.7550292161
35240,909.3,0.0,73.2406637985
35260,913.6,0.05,87.4004667831
35280,911.8,0.0,75.9970372139
35300,1000.0,0.0,80.9583840041
35320,940.45,0.1,98.6765573758
35340,880.55,0.05,65.2308648514
35360,922.55,0.05,74.872802393
35380,874.5,0.05,79.581731569
35400,831.4,0.05,69.4110841738
35420,911.9,0.0,60.3147114402
35440,975.8,0.05,80.8210731965
35460,1000.0,0.0,74.0196770782
35480,857.0,0.15,90.2624616106
35500,957.15,0.0,63.4387838375
35520,929.65,0.05,67.9895200282
35540,957.4,0.0,71.1914961822
35560,816.8,0.1,70.9973959296
35580,913.45,0.0,71.4448997251
35600,1000.0,0.0,77.1094012319
35620,954.55,0.0,71.9305242078
35640,965.85,0.05,95.9265457413
35660,908.7,0.0,67.9227729075
35680,957.9,0.0,72.0699836433
35700,957.5,0.0,77.8442113807
35720,1000.0,0.0,91.9897974773
35740,1000.0,0.0,78.1381875261
35760,731.3,0.0,53.0994042754
35780,865.55,0.0,58.6747500797
35800,1000.0,0.0,81.6925935482
35820,911.55,0.0,68.1604387908
35840,1000.0,0.0,79.4948755823
35860,917.9,0.0,73.4707430122
35880,908.85,0.0,76.4944809253
35900,1000.0,0.0,89.6476362726
35920,1000.0,0.0,77.6772063241
35940,954.15,0.0,77.0552860464
35960,830.65,0.05,74.2932036072
35980,1000.0,0.0,88.0768183362
36000,957.6,0.0,83.624194456
36020,868.1,0.0,69.2463923405
36040,1000.0,0.0,81.0130682836
36060,967.5,0.05,93.667838426
36080,912.2,0.0,62.388223678
36100,911.0,0.0,66.4096367604
36120,1000.0,0.0,72.8011429866
36140,902.8,0.1,89.021334004
36160,908.3,0.1,91.5819087221
36180,955.35,0.0,69.4163088892
36200,882.8,0.05,83.7035526105
36220,863.4,0.0,64.41389264
36240,954.3,0.0,81.384136583
36260,941.85,0.05,89.961537341
36280,833.75,0.05,72.8951328676
36300,723.5,0.1,76.2443632921
36320,927.65,0.05,90.1486786196
36340,969.85,0.05,94.078205154
36360,924.75,0.05,78.3446053143
36380,954.15,0.0,75.3226559704
36400,947.1,0.1,94.109645413
36420,915.5,0.0,67.6240780212
36440,863.4,0.1,78.9629710348
36460,867.75,0.0,70.8270795673
36480,1000.0,0.0,82.1334907874
36500,1000.0,0.0,83.1615967638
36520,908.6,0.0,79.1595262672
36540,833.35,0.05,71.8760332954
36560,1000.0,0.0,76.1392599737
36580,872.05,0.0,70.6835152325
36600,954.9,0.0,67.5661436363
36620,985.25,0.05,86.1438216786
36640,883.5,0.1,90.7366824731
36660,912.55,0.0,62.4778372406
36680,834.55,0.0,63.1382571571
36700,882.0,0.05,74.0286729274
36720,954.45,0.0,67.5261780876
36740,958.0,0.0,71.6838131908
36760,867.6,0.0,65.4955968209
36780,908.9,0.0,60.2937311582
36800,997.4,0.05,83.7586367812
36820,910.8,0.0,75.6002226326
36840,954.75,0.0,68.3964527102
36860,865.6,0.0,67.9820232819
36880,913.15,0.0,63.4127889192
36900,914.45,0.0,71.3062062937
36920,955.2,0.0,76.5021252691
36940,955.1,0.0,59.210751349
36960,956.95,0.0,89.0515417507
36980,917.9,0.0,62.4818611896
37000,843.75,0.05,75.0729369761
37020,1000.0,0.0,66.8992952449
37040,869.3,0.0,54.4492423062
37060,954.7,0.0,63.4930199589
37080,912.1,0.0,63.3215128142
37100,888.5,0.05,63.3917680195
37120,956.25,0.0,69.0448465866
37140,1000.0,0.0,72.9711614955
37160,1000.0,0.0,64.951458759
37180,1000.0,0.0,66.9960548871
37200,957.2,0.0,70.8702693331
37220,887.65,0.05,63.4730739118
37240,954.9,0.0,63.9985569978
37260,1000.0,0.0,76.5901251137
37280,912.45,0.0,56.984689047
37300,957.85,0.0,64.9570870029
37320,1000.0,0.0,79.8216081154
37340,1000.0,0.0,67.4491454245
37360,1000.0,0.0,70.7411808243
37380,914.8,0.0,73.2562898531
37400,1000.0,0.0,76.2165165364
37420,912.65,0.0,68.3483586696
37440,1000.0,0.0,81.7464327711
37460,867.0,0.0,64.7119444155
37480,916.4,0.0,82.0128704892
37500,955.4,0.0,72.8056870166
37520,954.3,0.0,73.7085439627
37540,1000.0,0.0,70.6622723406
37560,886.95,0.0,64.787282395
37580,1000.0,0.0,83.0072082369
37600,1000.0,0.0,89.1149907877
37620,920.9,0.05,92.0107739441
37640,956.45,0.0,86.6773850448
37660,1000.0,0.0,66.9717100679
37680,1000.0,0.0,76.4927313648
37700,874.9,0.0,69.8966070465
37720,912.8,0.0,76.5015931013
37740,1000.0,0.0,69.9160888608
37760,957.75,0.0,89.7264010673
37780,957.75,0.0,79.7903116892
37800,956.8,0.0,69.3851676013
37820,870.15,0.0,63.1977176589
37840,957.8,0.0,78.5046950866
37860,958.05,0.0,69.5473248124
37880,1000.0,0.0,72.4368646034
37900,956.65,0.0,68.8904374871
37920,956.85,0.0,81.2009816692
37940,912.9,0.0,68.9704978073
37960,955.75,0.0,66.0207063238
37980,957.7,0.0,67.354314716
38000,1000.0,0.0,75.6059016407
38020,957.2,0.0,76.3958638946
38040,958.4,0.0,66.4089367117
38060,1000.0,0.0,73.5754405524
38080,956.75,0.0,82.4761235957
38100,956.3,0.0,74.2793027761
38120,1000.0,0.0,79.7276378044
38140,962.05,0.05,85.9624149326
38160,1000.0,0.0,76.8487034309
38180,957.1,0.0,73.2640596454
38200,1000.0,0.0,78.1212221846
38220,958.55,0.0,57.1579282714
38240,955.8,0.0,76.3633447321
38260,1000.0,0.0,76.8283995471
38280,1000.0,0.0,67.3977131174
38300,1000.0,0.0,71.1127753146
38320,787.55,0.0,60.2569216098
38340,1000.0,0.0,66.1483852397
38360,955.5,0.0,65.9097470489
38380,955.3,0.0,57.5279423008
38400,914.7,0.0,62.3965398096
38420,974.75,0.05,80.3370093413
38440,914.95,0.0,61.7233719049
38460,1000.0,0.0,70.2126537568
38480,954.9,0.0,70.9313478527
38500,958.9,0.0,66.0193818163
38520,920.8,0.05,86.1936062064
38540,955.1,0.0,67.8690903586
38560,1000.0,0.0,77.4822274638
38580,958.3,0.0,68.5233026566
38600,1000.0,0.0,67.8276847506
38620,957.9,0.0,76.9188151716
38640,1000.0,0.0,75.7212406054
38660,869.55,0.0,70.6077274345
38680,880.1,0.05,88.9033470418
38700,923.25,0.05,80.5622509529
38720,913.65,0.0,71.3595933652
38740,1000.0,0.0,95.4813094336
38760,956.9,0.0,84.2427318282
38780,1000.0,0.0,87.2981251657
38800,871.0,0.0,78.4753400621
38820,752.05,0.05,77.9338331303
38840,972.95,0.05,90.0202376737
38860,954.85,0.0,77.6299793846
38880,909.6,0.0,67.6217188563
38900,1000.0,0.0,82.5913843967
38920,969.75,0.05,93.2536899427
38940,889.1,0.1,96.6417944503
38960,956.5,0.0,78.2925829698
38980,958.05,0.0,83.2410647744
39000,955.25,0.0,77.1976451176
39020,1000.0,0.0,81.9080057789
39040,975.4,0.05,85.083569181
39060,893.75,0.1,88.6323808785
39080,967.05,0.05,86.3142185697
39100,967.95,0.05,73.6076693095
39120,1000.0,0.0,86.4194119948
39140,955.75,0.0,78.2778713224
39160,1000.0,0.0,73.6618763149
39180,865.9,0.0,77.0401227256
39200,957.0,0.0,67.8813540526
39220,957.9,0.0,86.5899319888
39240,955.5,0.0,67.5048735498
39260,957.35,0.0,87.2862787146
39280,1000.0,0.0,87.402362558
39300,1000.0,0.0,82.63500068
39320,957.55,0.0,86.4976971201
39340,957.35,0.0,89.927714212
39360,955.85,0.0,93.9639062628
39380,960.5,0.0,89.704045778
39400,914.6,0.0,84.1364483287
39420,1000.0,0.0,86.3369799826
39440,910.8,0.0,83.1821443797
39460,1000.0,0.0,78.9980930039
39480,1000.0,0.0,91.1864509983
39500,1000.0,0.0,85.9925954568
39520,825.95,0.0,70.4651321253
39540,958.3,0.0,92.7118525763
39560,954.9,0.0,75.4381087659
39580,1000.0,0.0,91.7694687679
39600,869.3,0.0,63.314055605
39620,823.2,0.0,61.0654202753
39640,841.75,0.05,70.146502792
39660,1000.0,0.0,93.2550154396
39680,910.9,0.0,71.6439279889
39700,1000.0,0.0,83.4227514627
39720,1000.0,0.0,80.3914544644
39740,956.1,0.0,78.2977468496
39760,912.0,0.0,91.9492083153
39780,912.45,0.0,77.3889073919
39800,957.75,0.0,83.311077207
39820,1000.0,0.0,89.198783679
39840,966.55,0.0,92.5032399683
39860,914.65,0.0,79.7846951443
39880,912.4,0.0,83.3841500363
39900,1000.0,0.0,92.3677004481
39920,1000.0,0.0,84.6600618838
39940,1000.0,0.0,84.7102613408
39960,965.2,0.0,81.2506573059
39980,956.15,0.0,87.7656017499
40000,921.5,0.0,86.4718436596
40020,927.35,0.05,84.1026471274
40040,1000.0,0.0,92.2696297878
40060,885.9,0.0,61.0009467
40080,1000.0,0.0,91.3179842507
40100,910.5,0.0,71.1586924231
40120,1000.0,0.0,76.4573030684
40140,942.75,0.05,91.0936059917
40160,1000.0,0.0,81.6200827683
40180,1000.0,0.0,81.2320477765
40200,826.5,0.0,74.2165007114
40220,911.4,0.0,79.17073312
40240,956.25,0.0,87.1126376187
40260,958.15,0.0,86.404335728
40280,1000.0,0.0,84.2446718727
40300,1000.0,0.0,93.1755348723
40320,1000.0,0.0,86.7240383818
40340,956.35,0.0,88.8471766971
40360,1000.0,0.0,83.5652199761
40380,1000.0,0.0,80.3883922486
40400,868.9,0.0,75.8600166469
40420,963.9,0.05,92.6992271479
40440,1000.0,0.0,80.3656217584
40460,958.05,0.0,86.8059610346
40480,1000.0,0.0,82.1684664149
40500,1000.0,0.0,82.7104453692
40520,956.65,0.0,86.315021004
40540,956.95,0.0,89.8365524774
40560,1000.0,0.0,89.4968596575
40580,1000.0,0.0,89.7584604362
40600,1000.0,0.0,83.992363887
40620,958.3,0.0,88.3130123598
40640,885.7,0.1,102.610540672
40660,1000.0,0.0,86.4099208905
40680,1000.0,0.0,81.8237028902
40700,1000.0,0.0,84.7486981543
40720,1000.0,0.0,81.0225277991
40740,1000.0,0.0,85.2777409862
40760,1000.0,0.0,85.5958049895
40780,1000.0,0.0,91.6414962219
40800,1000.0,0.0,87.7965618392
40820,959.8,0.0,91.9563545626
40840,957.05,0.0,89.9150027471
40860,1000.0,0.0,91.3347151731
40880,1000.0,0.0,99.3675318451
40900,957.1,0.0,86.6434227495
40920,957.35,0.0,87.5345352502
40940,1000.0,0.0,94.0012623777
40960,1000.0,0.0,88.6328368368
40980,1000.0,0.0,91.201988397
41000,1000.0,0.0,86.6874707058
41020,1000.0,0.0,81.9515205443
41040,1000.0,0.0,85.4081604677
41060,1000.0,0.0,92.4134155291
41080,1000.0,0.0,93.6921723688
41100,1000.0,0.0,82.9314128744
41120,913.0,0.0,78.8823833517
41140,1000.0,0.0,83.0403911797
41160,957.05,0.0,88.4863270878
41180,957.05,0.0,78.4434440477
41200,957.4,0.0,94.8570775591
41220,1000.0,0.0,83.2390958629
41240,957.05,0.0,88.7223234679
41260,1000.0,0.0,83.8833672304
41280,1000.0,0.0,86.7842877308
41300,1000.0,0.0,92.2265076817
41320,1000.0,0.0,93.7252602242
41340,1000.0,0.0,92.1219977259
41360,1000.0,0.0,92.5524399155
41380,957.55,0.0,83.0637896873
41400,1000.0,0.0,101.746802593
41420,1000.0,0.0,92.610770679
41440,958.8,0.0,96.9646616655
41460,1000.0,0.0,100.56995726
41480,917.85,0.0,89.7481050398
41500,958.15,0.0,93.5056093154
41520,879.3,0.0,79.3408124088
41540,956.45,0.0,86.851523041
41560,1000.0,0.0,90.7042722888
41580,871.15,0.0,91.0009343978
41600,1000.0,0.0,90.8063558007
41620,957.3,0.0,87.0131547607
41640,923.0,0.0,79.4697309882
41660,957.05,0.0,96.9199903206
41680,1000.0,0.0,103.68903778
41700,1000.0,0.0,95.0848855998
41720,964.05,0.0,90.4600991289
41740,1000.0,0.0,95.7253523586
41760,1000.0,0.0,95.699024199
41780,962.45,0.0,90.1632158727
41800,963.0,0.0,91.3245220899
41820,960.35,0.0,100.457747904
41840,1000.0,0.0,99.8655742713
41860,1000.0,0.0,95.9448954283
41880,1000.0,0.0,99.8276703243
41900,924.9,0.0,92.6973457231
41920,1000.0,0.0,102.500254644
41940,917.3,0.0,96.7354120409
41960,957.5,0.0,91.583470632
41980,962.15,0.0,93.6757817361
42000,962.45,0.0,95.2870866365
42020,1000.0,0.0,103.802105542
42040,962.0,0.0,100.319211152
42060,958.3,0.0,91.0430055296
42080,962.7,0.0,99.4041837926
42100,1000.0,0.0,107.898342519
42120,916.1,0.0,92.0949216227
42140,964.2,0.0,107.439799987
42160,1000.0,0.0,101.354477882
42180,1000.0,0.0,99.130584798
42200,927.8,0.0,82.3642760671
42220,962.9,0.0,94.8138923107
42240,955.7,0.0,91.8521232865
42260,919.9,0.0,89.3678543092
42280,921.0,0.0,97.1361842266
42300,923.2,0.0,88.9153809035
42320,1000.0,0.0,92.5826131331
42340,963.7,0.0,95.3529158119
42360,1000.0,0.0,98.7289754997
42380,956.2,0.0,87.0197843697
42400,1000.0,0.0,103.838614191
42420,963.2,0.0,87.6753210954
42440,1000.0,0.0,100.52087074
42460,957.75,0.0,90.7184869783
42480,960.05,0.0,98.006555948
42500,1000.0,0.0,97.2227767762
42520,956.85,0.0,88.2556807759
42540,923.6,0.0,87.1992208721
42560,955.8,0.0,85.4303427051
42580,1000.0,0.0,96.1034847828
42600,1000.0,0.0,104.574669069
42620,1000.0,0.0,100.097289814
42640,926.6,0.0,85.7269740264
42660,1000.0,0.0,100.848147023
42680,925.0,0.0,94.0940178281
42700,870.3,0.0,88.3412988211
42720,963.1,0.0,91.1820057166
42740,1000.0,0.0,97.3740641804
42760,962.0,0.0,98.6373611335
42780,963.1,0.0,102.093622227
42800,921.65,0.0,98.431034851
42820,1000.0,0.0,94.9920677711
42840,1000.0,0.0,97.4613416267
42860,1000.0,0.0,98.7362141509
42880,962.6,0.0,90.1584799327
42900,914.15,0.0,89.0393260482
42920,963.6,0.0,88.6285806364
42940,916.2,0.0,92.6012079774
42960,958.0,0.0,99.4347060484
42980,1000.0,0.0,96.7580916883
43000,926.45,0.0,82.5090810965
43020,923.95,0.0,79.1001985914
43040,919.0,0.0,89.4448667822
43060,959.5,0.0,91.7649671491
43080,957.9,0.0,92.5211981643
43100,843.95,0.0,74.5348223705
43120,925.85,0.0,91.2308605684
43140,925.55,0.0,90.1436557249
43160,914.35,0.0,91.8669690502
43180,1000.0,0.0,96.977219752
43200,877.45,0.0,78.9246537614
43220,956.5,0.0,91.6915723514
43240,882.6,0.0,77.3165759395
43260,959.5,0.0,90.5246984665
43280,916.3,0.0,98.1396954927
43300,883.75,0.0,91.3471468268
43320,957.45,0.0,95.1942382112
43340,914.3,0.0,95.7297742336
43360,920.5,0.0,85.564620495
43380,878.25,0.0,82.9017247642
43400,1000.0,0.0,91.5031300189
43420,1000.0,0.0,101.497879027
43440,964.15,0.0,88.5517523893
43460,869.25,0.0,81.0096669425
43480,925.65,0.05,114.485547247
43500,963.2,0.0,97.8722548437
43520,965.25,0.0,90.9820546754
43540,962.25,0.0,97.8850312475
43560,1000.0,0.0,97.5742134863
43580,956.05,0.0,91.083998389
43600,1000.0,0.0,106.264383751
43620,879.15,0.0,84.7079121557
43640,913.25,0.0,90.3350308208
43660,961.2,0.0,101.609949057
43680,1000.0,0.0,100.124964381
43700,924.25,0.0,95.0760314745
43720,912.5,0.0,94.8489163198
43740,1000.0,0.0,103.236946622
43760,881.75,0.0,84.7983683581
43780,961.4,0.0,90.3642009814
43800,956.1,0.0,100.457884236
43820,922.4,0.0,94.6710937684
43840,923.35,0.0,93.5298320943
43860,919.75,0.0,85.0716058763
43880,918.5,0.0,88.8951866322
43900,874.9,0.0,84.2819916602
43920,960.6,0.0,100.496974817
43940,954.75,0.0,85.8554852362
43960,920.6,0.0,101.504618004
43980,1000.0,0.0,99.6859252901
44000,958.45,0.0,99.1456699216
44020,920.15,0.0,92.8547835306
