20,88.7,0.0,-370.981148198
40,91.95,0.0,-363.62199452
60,96.85,0.0,-318.406493459
80,88.35,0.0,-253.487456953
100,106.05,0.0,-373.295938617
120,100.55,0.0,-333.227063115
140,107.05,0.0,-358.536662452
160,120.8,0.0,-316.874291054
180,137.7,0.0,-381.457885871
200,115.6,0.0,-326.606237407
220,127.1,0.0,-365.335786933
240,144.95,0.0,-323.788386055
260,137.4,0.0,-302.248719898
280,132.35,0.0,-235.452778894
300,122.8,0.0,-268.890563305
320,129.7,0.0,-203.833366484
340,125.7,0.0,-182.632597722
360,118.2,0.0,-191.676662449
380,154.0,0.0,-205.311532554
400,160.15,0.0,-157.746299263
420,122.2,0.0,-207.831792939
440,113.7,0.0,-232.481748191
460,114.7,0.0,-163.965273894
480,111.6,0.0,-168.600722425
500,128.6,0.0,-188.844975051
520,124.65,0.0,-216.774869715
540,118.15,0.0,-196.48277437
560,119.45,0.0,-192.750688444
580,145.2,0.0,-202.877088374
600,142.45,0.0,-216.318964736
620,186.0,0.0,-246.407222129
640,136.1,0.0,-199.886398365
660,141.1,0.0,-208.563798325
680,177.55,0.0,-232.92853647
700,181.35,0.0,-200.22875933
720,199.0,0.0,-250.740335737
740,181.05,0.0,-188.820795451
760,166.1,0.0,-185.461376637
780,221.25,0.0,-175.442378567
800,198.55,0.0,-175.184615289
820,238.4,0.0,-145.489449983
840,176.25,0.0,-154.888699024
860,218.8,0.0,-194.162502115
880,216.25,0.0,-155.995741005
900,316.15,0.0,-198.719913751
920,243.75,0.0,-136.937862549
940,302.7,0.0,-126.891758545
960,373.5,0.0,-117.618030237
980,329.25,0.0,-128.35758981
1000,336.55,0.0,-65.3485556684
1020,405.95,0.0,-97.9780096642
1040,591.3,0.0,-74.7067206398
1060,461.0,0.0,-111.158832813
1080,436.05,0.0,-92.2712941858
1100,405.7,0.0,-45.9123196892
1120,489.6,0.0,-64.6930393082
1140,317.2,0.0,-71.4998638352
1160,331.05,0.0,-44.4242311186
1180,398.15,0.0,-76.0156073634
1200,330.1,0.0,-42.1223636851
1220,412.35,0.05,-37.8681898762
1240,528.75,0.0,-24.9077765162
1260,704.95,0.0,-31.8199708939
1280,679.75,0.05,-32.8734406898
1300,652.5,0.0,-49.2940162683
1320,560.2,0.1,-49.9775413053
1340,645.45,0.15,-75.8652478036
1360,557.2,0.25,-34.0722499881
1380,620.2,0.25,-34.1240615112
1400,606.8,0.5,15.0295406171
1420,648.05,0.3,-15.8125243269
1440,584.15,0.55,22.6735794089
1460,514.7,0.2,-60.3930998987
1480,620.2,0.45,-1.93830679532
1500,750.45,0.3,-75.7017249582
1520,729.6,0.45,-50.3208075261
1540,851.2,0.5,-13.6174035461
1560,815.9,0.5,-52.2790025459
1580,759.65,0.4,-34.8936581307
1600,655.75,0.4,-14.8154797941
1620,760.0,0.5,-16.8536272449
1640,790.7,0.7,51.1031617914
1660,755.75,0.45,3.26435041836
1680,752.1,0.6,5.73029720698
1700,686.55,0.65,20.5102035194
1720,670.15,0.75,56.2682875434
1740,699.65,0.5,19.9721162295
1760,661.35,0.65,60.286554269
1780,625.3,0.8,101.371743289
1800,618.7,0.6,68.6649713486
1820,664.55,0.7,72.7978184598
1840,626.25,0.7,64.2495609759
1860,609.9,0.85,111.517295275
1880,632.1,0.55,30.4682772157
1900,632.65,0.65,76.5040587919
1920,631.6,0.6,38.3094917367
1940,549.35,0.55,51.7957147863
1960,530.2,0.7,111.29817457
1980,480.3,0.75,106.361533594
2000,420.0,0.4,30.3219571305
2020,402.6,0.55,54.0148161977
2040,460.2,0.6,51.0537581848
2060,427.15,0.5,42.1792989266
2080,445.0,0.55,50.6973206517
2100,542.35,0.8,82.436311579
2120,608.65,0.8,96.9409588846
2140,554.35,0.85,121.31724612
2160,567.3,0.7,59.8224256519
2180,652.15,0.75,52.7233722533
2200,624.95,0.7,64.0476643345
2220,695.8,0.7,57.7872385013
2240,660.45,0.75,59.8302833569
2260,700.6,0.7,42.1668015075
2280,594.65,0.65,63.4596258701
2300,647.1,0.65,69.9023350982
2320,659.35,0.75,107.613644537
2340,584.45,0.8,119.280221312
2360,712.2,0.65,86.4335987595
2380,613.45,0.65,115.662590538
2400,674.2,0.65,110.780291446
2420,768.15,0.65,122.685778724
2440,768.7,0.55,111.695572498
2460,778.05,0.3,71.777931421
2480,818.25,0.3,83.8736952067
2500,701.4,0.3,78.3284308188
2520,632.45,0.4,84.7343346589
2540,606.4,0.1,39.2268781395
2560,598.85,0.3,67.4656566661
2580,566.65,0.2,62.9382074033
2600,576.5,0.1,50.803985873
2620,689.1,0.15,76.196053934
2640,682.55,0.0,49.8430033203
2660,688.75,0.0,51.0520713158
2680,869.85,0.05,81.2668634846
2700,799.35,0.3,102.787265062
2720,849.0,0.25,83.8741915817
2740,777.55,0.35,93.6092641449
2760,775.0,0.35,83.8074544553
2780,850.9,0.2,77.7423645504
2800,881.3,0.2,87.7658862795
2820,838.25,0.3,86.6362367775
2840,905.85,0.2,92.2330511372
2860,898.75,0.35,113.460300799
2880,869.95,0.35,112.664795505
2900,861.9,0.3,107.355717282
2920,732.9,0.3,93.7511697146
2940,919.4,0.2,95.9541715465
2960,628.85,0.25,76.6179569283
2980,705.25,0.3,91.0330464374
3000,623.0,0.45,108.097243552
3020,715.8,0.25,73.9971781558
3040,551.85,0.35,77.3721946967
3060,576.8,0.3,63.679503265
3080,703.75,0.3,89.5992165869
3100,590.8,0.5,101.604455279
3120,641.65,0.3,67.5915030002
3140,535.35,0.15,47.2098389494
3160,701.5,0.25,74.0593708076
3180,560.3,0.4,71.8938345458
3200,636.55,0.25,72.2694173827
3220,744.65,0.35,81.8076492106
3240,689.3,0.35,94.8542362592
3260,688.05,0.5,113.470376809
3280,874.55,0.2,80.5836429881
3300,759.0,0.35,97.3687094465
3320,838.6,0.2,73.011784249
3340,687.5,0.4,84.2145419093
3360,920.95,0.15,81.474466941
3380,748.6,0.35,106.254319713
3400,727.75,0.35,100.684069681
3420,772.4,0.25,91.9521951511
3440,659.95,0.2,84.6471942039
3460,733.8,0.35,95.0264742798
3480,861.25,0.3,104.62176803
3500,819.8,0.3,95.3075765459
3520,908.1,0.2,96.3492315768
3540,800.4,0.4,109.003047442
3560,916.2,0.25,99.5820235071
3580,845.95,0.3,99.8045820888
3600,835.3,0.4,113.043957049
3620,943.95,0.2,85.8083983828
3640,945.95,0.1,73.0175714934
3660,951.6,0.1,73.9078585751
3680,923.85,0.15,87.7626153021
3700,1000.0,0.0,74.9182477315
3720,1000.0,0.0,78.5298310626
3740,964.0,0.0,71.5553812149
3760,1000.0,0.0,86.3480110094
3780,1000.0,0.0,79.0275889778
3800,966.6,0.05,87.4946480802
3820,858.4,0.25,109.430053896
3840,824.4,0.15,77.6428017027
3860,812.95,0.2,89.9212888977
3880,717.3,0.3,90.9329121608
3900,784.2,0.1,59.9450601292
3920,600.1,0.3,58.2807304632
3940,711.2,0.25,79.9236919629
3960,645.0,0.2,45.4050785116
3980,752.8,0.05,38.0778647636
4000,589.9,0.25,55.159289577
4020,579.15,0.2,62.9236399265
4040,498.45,0.25,40.7010694116
4060,606.65,0.25,52.7496683966
4080,640.8,0.2,57.3816798222
4100,451.5,0.25,40.8629527041
4120,508.85,0.1,1.65763302651
4140,394.2,0.25,13.6391039237
4160,493.6,0.15,-6.48218894496
4180,475.25,0.35,47.9852607785
4200,490.55,0.25,21.4187165253
4220,631.2,0.25,53.4529744577
4240,791.85,0.1,52.2280600896
4260,659.8,0.2,42.5643004155
4280,594.25,0.15,9.50769187608
4300,546.3,0.3,30.2370533389
4320,567.6,0.3,44.3822602008
4340,552.9,0.15,-11.5209663847
4360,617.8,0.5,79.0108255326
4380,586.85,0.5,87.0718210352
4400,756.45,0.25,39.6799114821
4420,760.35,0.3,40.2966371498
4440,895.95,0.1,39.2515788989
4460,783.85,0.35,56.947017154
4480,861.3,0.25,62.2151361136
4500,855.1,0.3,73.0233130813
4520,818.05,0.2,51.2543255206
4540,692.05,0.5,89.4848338913
4560,823.9,0.35,82.5491249681
4580,712.0,0.6,112.677719422
4600,833.4,0.3,95.3950306503
4620,654.35,0.5,101.83139333
4640,628.15,0.55,115.273698274
4660,653.6,0.55,131.644367613
4680,650.3,0.35,84.4109327493
4700,546.1,0.45,89.9254314404
4720,645.85,0.45,102.849446681
4740,733.8,0.35,93.2931266607
4760,672.95,0.2,53.4453846594
4780,672.85,0.45,112.714329685
4800,709.75,0.45,110.083831259
4820,611.65,0.35,76.6835211182
4840,725.75,0.2,78.2494885377
4860,745.4,0.3,99.8220815769
4880,775.95,0.15,70.1878478917
4900,777.05,0.35,108.263791724
4920,796.75,0.2,92.5153995528
4940,717.0,0.25,98.7278763454
4960,701.0,0.1,64.1859457206
4980,642.95,0.45,112.761707522
5000,729.5,0.2,89.5823936438
5020,554.05,0.35,101.383702947
5040,632.25,0.05,51.5832927933
5060,755.9,0.15,81.9736331194
5080,766.25,0.15,89.1321788883
5100,879.35,0.2,105.619279655
5120,918.65,0.1,93.3626721378
5140,961.2,0.0,75.5757134462
5160,962.15,0.0,81.1702556754
5180,929.35,0.05,90.3214054698
5200,963.85,0.0,78.1555876861
5220,877.45,0.2,115.153800493
5240,974.95,0.05,95.0792213949
5260,977.1,0.05,98.8751970171
5280,1000.0,0.0,74.3051960051
5300,962.75,0.0,80.2417889107
5320,903.4,0.15,102.273914992
5340,971.75,0.15,103.245205224
5360,949.4,0.1,91.4168682076
5380,954.25,0.1,98.0703021613
5400,968.15,0.05,91.283757787
5420,940.75,0.1,91.0074436999
5440,1000.0,0.0,70.8001515302
5460,1000.0,0.0,68.8946036728
5480,962.25,0.05,75.7773429351
5500,1000.0,0.0,59.3450044997
5520,1000.0,0.0,60.1399432848
5540,1000.0,0.0,63.7865751553
5560,1000.0,0.0,61.8379972613
5580,1000.0,0.0,69.9601270751
5600,1000.0,0.0,72.441449026
5620,1000.0,0.0,73.1826225013
5640,1000.0,0.0,76.4531973792
5660,1000.0,0.0,74.6217285478
5680,981.05,0.05,88.7712127874
5700,1000.0,0.0,79.2583201748
5720,994.55,0.05,82.2816801192
5740,970.6,0.1,83.3666438984
5760,967.65,0.1,85.4098929132
5780,994.35,0.05,82.6800015693
5800,957.15,0.0,75.9383524456
5820,1000.0,0.0,75.3493591142
5840,946.7,0.1,88.978291065
5860,1000.0,0.0,86.0094404046
5880,959.95,0.15,93.6398382294
5900,917.6,0.0,72.8622796265
5920,855.65,0.1,78.2520866767
5940,818.95,0.05,84.7225742122
5960,858.7,0.25,109.774075581
5980,881.6,0.1,75.0626979662
6000,958.0,0.2,107.326948909
6020,962.95,0.2,106.554404862
6040,871.1,0.05,80.8278880945
6060,815.6,0.15,84.2553272174
6080,847.8,0.05,77.7011888212
6100,838.6,0.2,92.3566380194
6120,816.95,0.1,79.6646963071
6140,775.25,0.3,88.243268411
6160,916.35,0.15,106.522492985
6180,692.5,0.2,82.9456549419
6200,849.45,0.2,92.543155337
6220,683.45,0.4,131.072141766
6240,761.1,0.3,116.152270946
6260,769.4,0.25,115.482867679
6280,933.05,0.2,105.948589871
6300,886.6,0.2,101.326220786
6320,954.6,0.1,91.4008660332
6340,898.05,0.15,97.3802230789
6360,957.75,0.0,83.2383912538
6380,991.0,0.05,86.1298407004
6400,956.95,0.0,81.9063175536
6420,1000.0,0.0,100.291312458
6440,1000.0,0.0,97.9672845608
6460,966.8,0.05,101.41032271
6480,918.4,0.0,98.120214092
6500,877.25,0.0,84.2006621401
6520,837.35,0.0,77.7963661612
6540,922.0,0.0,81.9914042097
6560,962.55,0.0,92.40373431
6580,839.35,0.0,77.443954173
6600,878.6,0.0,73.3882639731
6620,949.75,0.05,88.5722978291
6640,954.95,0.0,80.3478348432
6660,874.55,0.0,81.5408440638
6680,1000.0,0.0,89.339843354
6700,1000.0,0.0,85.6845231659
6720,961.55,0.0,93.9688256422
6740,1000.0,0.0,89.9339323008
6760,957.35,0.0,86.1413300067
6780,963.3,0.0,81.8514130666
6800,1000.0,0.0,90.5980347259
6820,1000.0,0.0,92.0863902871
6840,840.0,0.0,75.091927235
6860,955.55,0.0,90.4796123641
6880,1000.0,0.0,92.8565079855
6900,1000.0,0.0,105.634930539
6920,922.85,0.0,87.1339378414
6940,992.05,0.05,102.007752862
6960,963.1,0.0,100.084495177
6980,954.9,0.0,99.8673798438
7000,875.2,0.0,86.2155040123
7020,1000.0,0.0,107.037166147
7040,832.2,0.0,84.2285237613
7060,758.05,0.0,71.6084469728
7080,836.5,0.0,81.0616773418
7100,584.8,0.0,55.4655780327
7120,715.75,0.0,69.3830047127
7140,580.85,0.0,52.7512791731
7160,593.0,0.0,51.0788623967
7180,800.15,0.0,73.4285687646
7200,587.4,0.0,55.8858243117
7220,712.2,0.0,75.1765934252
7240,611.45,0.1,75.5858836147
7260,629.65,0.0,54.9609048277
7280,795.75,0.0,77.1820314562
7300,792.85,0.0,74.3306581578
7320,657.6,0.05,68.9182024576
7340,838.45,0.0,75.6112092747
7360,837.0,0.05,89.3219982629
7380,747.8,0.0,69.9645189813
7400,878.3,0.0,99.2538912835
7420,663.2,0.0,67.1055307194
7440,791.5,0.0,74.7015902437
7460,871.7,0.0,89.9304866023
7480,827.75,0.0,85.9568269232
7500,792.25,0.0,79.4745692527
7520,703.0,0.0,68.3772162698
7540,957.9,0.0,85.3331742776
7560,871.25,0.1,92.4846544798
7580,896.0,0.1,88.1810487748
7600,886.85,0.15,92.3411338685
7620,886.95,0.15,109.002044781
7640,872.3,0.1,91.0795211417
7660,930.4,0.15,107.73680282
7680,952.55,0.15,100.807866677
7700,913.15,0.2,115.620445561
7720,930.05,0.15,94.1651320297
7740,894.15,0.1,86.412164061
7760,854.45,0.35,115.481897854
7780,890.6,0.15,101.412658781
7800,920.6,0.25,113.092766354
7820,990.9,0.05,90.8284728283
7840,895.25,0.3,107.150063414
7860,922.4,0.35,112.950432874
7880,930.3,0.2,93.8020416692
7900,855.0,0.4,119.79106409
7920,907.0,0.4,119.876247895
7940,865.2,0.4,106.87826136
7960,910.05,0.4,109.223092888
7980,950.25,0.2,84.0889792602
8000,949.0,0.25,97.0952514567
8020,927.25,0.3,100.045824954
8040,870.55,0.5,122.332587532
8060,924.1,0.2,90.4731179192
8080,917.35,0.3,113.36797571
8100,875.6,0.35,111.143948909
8120,930.75,0.2,96.6255096083
8140,923.6,0.35,120.464135158
8160,979.4,0.2,102.034673708
8180,920.2,0.3,112.220562808
8200,920.55,0.3,103.138327742
8220,854.4,0.35,117.269520423
8240,836.2,0.4,121.146789803
8260,959.7,0.15,95.3352887611
8280,832.2,0.35,116.821872391
8300,869.6,0.5,126.532016045
8320,799.75,0.55,146.585244844
8340,821.8,0.5,129.453303056
8360,866.1,0.45,123.963401622
8380,896.8,0.3,107.588369746
8400,881.9,0.35,106.943609293
8420,920.55,0.35,114.122889216
8440,895.0,0.15,93.6660428892
8460,920.05,0.2,94.0953780386
8480,996.9,0.05,93.0242916467
8500,914.95,0.0,80.9871707674
8520,959.65,0.0,84.0678358209
8540,919.15,0.05,97.1285846111
8560,956.45,0.0,101.263737132
8580,959.9,0.0,96.2778001911
8600,880.4,0.05,90.5746740318
8620,838.35,0.05,88.4175814053
8640,956.15,0.0,101.18904164
8660,948.4,0.1,116.463086202
8680,1000.0,0.0,105.555308604
8700,904.65,0.1,112.804125116
8720,879.1,0.05,105.534525931
8740,967.15,0.1,119.199345476
8760,956.5,0.0,99.2936871075
8780,1000.0,0.0,102.822471973
8800,870.75,0.0,84.520512938
8820,960.85,0.0,90.5074596333
8840,956.05,0.0,99.6646520721
8860,1000.0,0.0,90.9592730078
8880,1000.0,0.0,96.4768985029
8900,909.8,0.05,96.5870858674
8920,870.0,0.05,80.7267806467
8940,878.3,0.05,88.9225233815
8960,891.65,0.1,95.4303301468
8980,770.45,0.1,90.064559856
9000,622.7,0.05,55.9170329435
9020,879.0,0.15,95.0579669616
9040,823.25,0.1,73.0592554263
9060,769.6,0.05,63.8360469465
9080,926.85,0.05,94.0054373989
9100,710.65,0.2,89.454700444
9120,830.9,0.0,66.5019107227
9140,767.1,0.15,93.0015498177
9160,690.25,0.05,60.5829550139
9180,772.35,0.05,57.9797632975
9200,799.5,0.1,89.0633113292
9220,734.6,0.1,75.1145739996
9240,711.6,0.1,67.1742165823
9260,792.15,0.0,68.8484744531
9280,561.5,0.05,52.4206762741
9300,730.75,0.15,70.4997403812
9320,841.0,0.05,93.7904570116
9340,741.45,0.0,60.8573974124
9360,745.75,0.0,51.6035710081
9380,783.85,0.05,57.3625253761
9400,615.9,0.0,36.250276185
9420,676.55,0.05,60.8211776227
9440,777.4,0.05,73.3338971188
9460,618.0,0.0,39.201985852
9480,789.2,0.0,56.1464291701
9500,754.85,0.0,61.7967074346
9520,677.3,0.05,63.1497096433
9540,603.95,0.15,74.5880345708
9560,743.9,0.05,70.478294836
9580,701.75,0.05,69.5920078239
9600,834.25,0.05,72.9953024298
9620,762.95,0.15,101.037850305
9640,838.05,0.0,83.5950124772
9660,829.95,0.0,72.7615589506
9680,735.45,0.0,56.6055020297
9700,794.05,0.05,75.9822429564
9720,857.2,0.1,94.4241687734
9740,681.7,0.05,65.0907596713
9760,870.65,0.05,81.3339270168
9780,680.7,0.1,62.3428381375
9800,762.25,0.0,55.4008834044
9820,769.15,0.2,89.7054128835
9840,765.65,0.2,101.79665035
9860,695.15,0.2,94.6442912317
9880,730.15,0.15,86.2118160716
9900,700.3,0.25,101.546062549
9920,852.15,0.1,80.9874668887
9940,780.5,0.15,96.7060289248
9960,653.85,0.15,66.3358671776
9980,901.05,0.15,106.414203494
10000,833.1,0.25,115.656920266
10020,704.0,0.3,116.701480523
10040,511.5,0.15,56.6101676966
10060,620.35,0.25,86.671374763
10080,790.2,0.25,102.978676666
10100,785.8,0.25,101.463744982
10120,730.7,0.25,102.273284898
10140,778.7,0.15,85.5937944293
10160,828.85,0.3,115.360218851
10180,892.1,0.05,77.2089582984
10200,952.6,0.05,91.8665348956
10220,1000.0,0.0,100.386362731
10240,918.55,0.05,100.63533549
10260,831.6,0.0,77.0489301308
10280,877.0,0.0,94.8842320632
10300,686.5,0.1,85.282445183
10320,812.4,0.05,88.6069620255
10340,529.6,0.15,66.4916797579
10360,617.0,0.0,48.2781164953
10380,393.55,0.0,25.2178139045
10400,571.25,0.1,66.2047909212
10420,490.5,0.0,46.5877397539
10440,530.35,0.0,43.1034367378
10460,572.85,0.0,46.2944088962
10480,325.55,0.15,34.8104746445
10500,396.75,0.15,56.6201086212
10520,650.8,0.1,65.0285999628
10540,612.0,0.0,58.7538382611
10560,573.6,0.1,57.670316039
10580,505.5,0.15,65.3085660819
10600,484.65,0.0,34.4686400771
10620,586.95,0.15,68.463274252
10640,579.75,0.0,48.5776943007
10660,650.7,0.1,78.675721975
10680,535.1,0.05,52.3789526803
10700,664.35,0.0,72.4353357065
10720,728.9,0.1,89.3332392698
10740,497.3,0.35,84.2126514042
10760,608.45,0.15,74.5339456846
10780,658.35,0.25,111.32320779
10800,434.65,0.1,52.040297696
10820,746.9,0.15,92.6384842748
10840,571.75,0.2,74.3170128893
10860,704.7,0.2,105.064665477
10880,595.5,0.35,117.112314529
10900,619.9,0.2,85.8471632061
10920,680.9,0.35,132.333841332
10940,776.4,0.1,83.0352558927
10960,739.1,0.2,105.244369756
10980,777.05,0.2,110.373124964
11000,889.4,0.1,109.853976659
11020,812.45,0.15,116.084005577
11040,927.45,0.1,102.445365367
11060,929.95,0.1,109.568926833
11080,853.45,0.15,107.647596114
11100,905.4,0.15,112.608615401
11120,935.45,0.1,104.695900812
11140,971.85,0.05,105.867908942
11160,976.2,0.05,104.022232863
11180,976.3,0.05,98.1465535698
11200,1000.0,0.0,101.056669598
11220,1000.0,0.0,83.6497145465
11240,1000.0,0.0,83.0338512542
11260,1000.0,0.0,91.1732734975
11280,1000.0,0.0,92.1020224145
11300,1000.0,0.0,89.163262211
11320,1000.0,0.0,87.7979271975
11340,1000.0,0.0,84.4582693896
11360,1000.0,0.0,89.5327658448
11380,1000.0,0.0,88.9227499369
11400,1000.0,0.0,87.9769860309
11420,1000.0,0.0,81.7563151924
11440,1000.0,0.0,82.3725213771
11460,1000.0,0.0,86.0403958705
11480,1000.0,0.0,79.5630817298
11500,1000.0,0.0,83.1125426038
11520,1000.0,0.0,76.2889441621
11540,956.3,0.0,78.6374870896
11560,1000.0,0.0,80.5690444926
11580,1000.0,0.0,69.4831847325
11600,1000.0,0.0,85.5267466605
11620,1000.0,0.0,87.7863815107
11640,1000.0,0.0,80.6513608967
11660,1000.0,0.0,84.4702855152
11680,1000.0,0.0,76.4722043487
11700,956.7,0.0,84.0226113146
11720,1000.0,0.0,80.5926322636
11740,1000.0,0.0,86.0642147038
11760,1000.0,0.0,84.6662516644
11780,1000.0,0.0,87.2649900277
11800,957.8,0.0,83.5675041348
11820,1000.0,0.0,92.4439999186
11840,1000.0,0.0,93.4259497949
11860,1000.0,0.0,87.8062471018
11880,1000.0,0.0,92.1845926279
11900,1000.0,0.0,101.047801782
11920,1000.0,0.0,94.6457192565
11940,1000.0,0.0,100.642094027
11960,1000.0,0.0,101.655191253
11980,959.55,0.0,85.4551094368
12000,966.2,0.05,99.2420002831
12020,1000.0,0.0,99.6354683252
12040,955.7,0.0,86.2624057724
12060,1000.0,0.0,94.0951377263
12080,1000.0,0.0,105.221848145
12100,1000.0,0.0,97.4197720667
12120,1000.0,0.0,100.047124297
12140,1000.0,0.0,104.923570483
12160,976.6,0.05,104.941317938
12180,968.05,0.05,105.049988188
12200,1000.0,0.0,88.0846687
12220,984.85,0.05,95.8489045679
12240,1000.0,0.0,98.3503914286
12260,1000.0,0.0,89.4118921296
12280,1000.0,0.0,102.065258472
12300,1000.0,0.0,95.9608261225
12320,964.4,0.05,100.280099566
12340,1000.0,0.0,92.3485724362
12360,1000.0,0.0,96.9573490164
12380,927.95,0.05,95.3842234732
12400,1000.0,0.0,103.115947496
12420,1000.0,0.0,99.076031061
12440,1000.0,0.0,100.629581106
12460,1000.0,0.0,95.6586125122
12480,985.25,0.05,98.3371843547
12500,1000.0,0.0,96.7023491354
12520,1000.0,0.0,91.5777531219
12540,1000.0,0.0,97.3552164507
12560,1000.0,0.0,88.0962326596
12580,1000.0,0.0,96.9667937561
12600,1000.0,0.0,98.1007568417
12620,960.1,0.0,90.1661653591
12640,964.05,0.05,98.7047098462
12660,1000.0,0.0,90.1892166379
12680,962.6,0.0,97.534534737
12700,940.0,0.1,111.346868118
12720,962.0,0.0,94.8849279597
12740,917.05,0.0,92.4562968211
12760,963.0,0.05,104.192008683
12780,946.5,0.1,113.168217312
12800,970.6,0.1,104.954871978
12820,1000.0,0.0,98.149766562
12840,986.8,0.05,113.852419428
12860,1000.0,0.0,99.8598375355
12880,950.85,0.1,116.421102048
12900,844.1,0.1,96.117646965
12920,975.9,0.05,95.8947768535
12940,959.1,0.0,91.1093748779
12960,889.65,0.05,95.0110996984
12980,942.3,0.1,110.106647355
13000,856.65,0.15,110.825699725
13020,887.85,0.05,93.510060747
13040,978.6,0.05,105.997264594
13060,841.0,0.0,79.5819154028
13080,939.0,0.05,99.6324213025
13100,884.2,0.05,90.8905855312
13120,961.55,0.0,95.1933544552
13140,843.6,0.1,97.4743421019
13160,901.6,0.05,91.3009885181
13180,1000.0,0.0,97.4717352948
13200,961.5,0.0,89.2831471479
13220,962.85,0.05,104.72195926
13240,978.35,0.05,103.654527822
13260,971.75,0.05,95.5852245083
13280,1000.0,0.0,88.1325383419
13300,961.35,0.05,98.3547071832
13320,963.75,0.05,94.3761809688
13340,1000.0,0.0,94.2256723761
13360,989.15,0.05,100.789519584
13380,1000.0,0.0,94.8097142811
13400,1000.0,0.0,86.419039696
13420,1000.0,0.0,76.8139319769
13440,972.25,0.05,90.3669791646
13460,943.15,0.05,86.2974621457
13480,1000.0,0.0,94.4246992913
13500,936.1,0.15,107.604313115
13520,970.2,0.05,87.3928055561
13540,964.85,0.05,95.0950624008
13560,844.65,0.25,110.915918445
13580,889.95,0.2,112.328957631
13600,842.3,0.3,122.521131822
13620,859.65,0.25,103.451849186
13640,780.9,0.3,102.261757273
13660,822.45,0.15,95.8824078982
13680,789.1,0.2,92.6727707856
13700,838.9,0.25,109.584611026
13720,855.5,0.15,97.5701436768
13740,783.1,0.2,99.493570827
13760,914.05,0.15,100.988693647
13780,814.6,0.05,74.5899962697
13800,921.0,0.15,111.643310293
13820,913.35,0.1,100.679106176
13840,966.2,0.05,100.3925934
13860,967.15,0.05,99.3452603831
13880,965.75,0.05,102.192385166
13900,930.75,0.1,116.239409718
13920,1000.0,0.0,96.8744136826
13940,1000.0,0.0,84.2917835886
13960,971.1,0.05,105.241549699
13980,959.8,0.0,92.7251126031
14000,1000.0,0.0,99.9721853955
14020,954.75,0.0,88.9327380565
14040,961.05,0.0,98.9554593148
14060,1000.0,0.0,94.5754555193
14080,966.0,0.05,104.734137897
14100,1000.0,0.0,88.6415525258
14120,972.95,0.05,105.14860774
14140,1000.0,0.0,99.6853008872
14160,1000.0,0.0,99.9439294458
14180,964.05,0.05,96.0366890126
14200,971.65,0.05,108.49960491
14220,1000.0,0.0,100.485868647
14240,1000.0,0.0,104.919095603
14260,958.45,0.0,91.6567042848
14280,1000.0,0.0,98.7329427159
14300,964.95,0.05,101.753157873
14320,979.7,0.05,99.02974775
14340,1000.0,0.0,94.3869618703
14360,921.85,0.1,102.774705369
14380,1000.0,0.0,100.070921126
14400,957.7,0.0,93.283546427
14420,1000.0,0.0,93.3702839926
14440,1000.0,0.0,94.4665021621
14460,1000.0,0.0,99.7538070617
14480,958.5,0.0,100.851483864
14500,888.65,0.15,110.736773401
14520,787.1,0.1,92.9525236225
14540,896.95,0.1,107.002745301
14560,838.7,0.05,97.7015207293
14580,789.7,0.0,60.8175104424
14600,795.8,0.05,83.6850149206
14620,842.4,0.05,85.502696938
14640,910.4,0.15,110.455538681
14660,876.35,0.0,81.9113563639
14680,789.4,0.05,80.1107441288
14700,839.85,0.05,82.5874802782
14720,859.2,0.05,89.081835751
14740,813.3,0.15,107.069684973
14760,688.35,0.15,79.8126126144
14780,723.1,0.1,82.1970811159
14800,664.15,0.25,95.8418737018
14820,739.0,0.1,79.4038346179
14840,739.6,0.15,87.8166720214
14860,796.9,0.25,127.296122008
14880,609.7,0.25,96.134814298
14900,795.55,0.2,106.185660081
14920,674.25,0.25,97.3472183123
14940,767.35,0.1,81.3905555625
14960,805.25,0.2,105.909134416
14980,702.05,0.15,86.5562692707
15000,730.75,0.2,105.833164795
15020,888.6,0.2,118.118711052
15040,633.0,0.3,100.18377046
15060,868.45,0.15,100.410004039
15080,795.05,0.15,97.1840142824
15100,832.25,0.2,121.30646196
15120,962.4,0.1,102.089252219
15140,786.25,0.35,122.759179681
15160,899.9,0.1,108.463072075
15180,867.6,0.2,113.290846924
15200,885.3,0.1,102.031561455
15220,1000.0,0.0,104.231382646
15240,886.05,0.1,110.722130792
15260,928.4,0.1,97.609348233
15280,959.0,0.0,97.0800314638
15300,929.35,0.05,87.7575992649
15320,959.2,0.0,89.6479467874
15340,1000.0,0.0,94.4356282655
15360,1000.0,0.0,96.737056972
15380,881.3,0.05,93.1671353948
15400,929.15,0.1,107.15889286
15420,925.3,0.05,96.3976233587
15440,880.75,0.0,76.055136675
15460,843.7,0.05,78.589368414
15480,846.05,0.05,78.7947194468
15500,938.2,0.1,101.10990147
15520,878.05,0.05,82.1489080311
15540,875.85,0.0,72.1097364683
15560,880.05,0.0,80.7003763059
15580,874.25,0.15,114.957986633
15600,921.2,0.05,89.2925787518
15620,810.6,0.15,101.322487486
15640,831.3,0.15,104.86095996
15660,801.65,0.05,76.2205223131
15680,847.0,0.15,102.05281325
15700,832.9,0.15,111.805736526
15720,913.6,0.0,85.6248097277
15740,704.85,0.25,111.700191858
15760,963.85,0.05,102.418547164
15780,839.05,0.1,96.5657356334
15800,1000.0,0.0,101.254241518
15820,921.3,0.05,102.292041245
15840,883.35,0.05,88.3496689861
15860,964.1,0.05,104.309507532
15880,939.25,0.1,107.945275306
15900,882.75,0.05,95.896053264
15920,1000.0,0.0,94.5545062855
15940,920.1,0.05,101.852820218
15960,893.85,0.05,88.1776013457
15980,969.7,0.05,100.393334025
16000,894.95,0.1,95.5851864794
16020,963.3,0.05,103.86418816
16040,957.15,0.0,98.5909035993
16060,925.75,0.1,107.995552205
16080,957.75,0.0,89.0500959318
16100,1000.0,0.0,96.4923300594
16120,961.05,0.05,108.744449887
16140,964.0,0.05,92.5142610457
16160,1000.0,0.0,85.190416483
16180,962.25,0.05,101.078442783
16200,809.4,0.15,103.031603442
16220,1000.0,0.0,96.2197407377
16240,966.1,0.05,104.825497545
16260,957.45,0.0,91.904791385
16280,960.1,0.0,90.8727033105
16300,880.6,0.05,88.2028082452
16320,918.65,0.05,97.8296193038
16340,956.65,0.0,93.6771971827
16360,975.6,0.05,100.371208679
16380,981.15,0.05,105.043708031
16400,829.8,0.2,119.314126387
16420,890.75,0.1,109.758146751
16440,898.7,0.15,109.404211098
16460,753.2,0.25,116.065759097
16480,848.2,0.25,127.593685636
16500,906.9,0.15,106.500107504
16520,896.3,0.1,112.454419129
16540,879.4,0.15,118.408154152
16560,958.55,0.0,103.529209979
16580,876.9,0.2,131.439574253
16600,796.45,0.25,127.032785875
16620,1000.0,0.0,107.640557799
16640,832.9,0.2,122.159540608
16660,811.4,0.25,128.230541062
16680,763.1,0.15,89.7901061295
16700,895.1,0.1,112.487287731
16720,891.3,0.1,108.005535441
16740,834.45,0.2,118.285747864
16760,945.45,0.1,110.448127445
16780,875.0,0.2,125.820394799
16800,933.7,0.1,116.897865243
16820,797.7,0.25,128.822875517
16840,882.55,0.25,130.564477612
16860,963.8,0.05,102.110450798
16880,963.9,0.1,110.613326175
16900,845.8,0.2,116.277322701
16920,935.25,0.1,114.60604436
16940,1000.0,0.0,103.510735237
16960,975.85,0.05,99.4686324402
16980,957.15,0.0,99.7856856894
17000,913.2,0.1,105.327074921
17020,1000.0,0.0,96.548579053
17040,940.6,0.1,110.070952801
17060,912.5,0.15,113.52931565
17080,976.9,0.05,88.3155646963
17100,976.1,0.05,93.7798687408
17120,1000.0,0.0,97.030227668
17140,1000.0,0.0,91.2393430823
17160,984.3,0.05,93.9213386499
17180,1000.0,0.0,90.3800735693
17200,1000.0,0.0,87.040396767
17220,1000.0,0.0,83.0598202649
17240,1000.0,0.0,85.5675696299
17260,1000.0,0.0,86.6241614753
17280,1000.0,0.0,87.0947264344
17300,1000.0,0.0,89.0979249755
17320,1000.0,0.0,95.2754431519
17340,1000.0,0.0,87.3316072665
17360,974.5,0.05,101.813419998
17380,1000.0,0.0,101.039028712
17400,967.5,0.05,94.1346236391
17420,1000.0,0.0,85.836294569
17440,929.8,0.1,103.910509405
17460,928.85,0.1,107.691089704
17480,964.55,0.05,100.223043416
17500,1000.0,0.0,96.6643436634
17520,1000.0,0.0,91.1698452506
17540,962.6,0.05,100.996006619
17560,1000.0,0.0,103.41486236
17580,1000.0,0.0,101.986918445
17600,1000.0,0.0,97.0709579956
17620,1000.0,0.0,102.023421508
17640,966.55,0.05,109.895944704
17660,1000.0,0.0,98.7546205024
17680,1000.0,0.0,96.4667878238
17700,1000.0,0.0,90.872889853
17720,975.5,0.05,99.2609035273
17740,1000.0,0.0,90.1251314026
17760,960.0,0.0,85.5918087035
17780,1000.0,0.0,91.3922629897
17800,1000.0,0.0,103.18953371
17820,1000.0,0.0,96.1031528294
17840,955.5,0.05,91.1880623154
17860,1000.0,0.0,81.7951749581
17880,1000.0,0.0,92.551186811
17900,1000.0,0.0,87.3762522034
17920,955.15,0.0,93.4622056327
17940,975.6,0.05,98.7631595431
17960,1000.0,0.0,97.7901931498
17980,1000.0,0.0,94.6830752635
18000,1000.0,0.0,88.6222644075
18020,916.1,0.1,93.7356495905
18040,1000.0,0.0,88.4587650957
18060,1000.0,0.0,96.6154400812
18080,964.1,0.05,106.932508873
18100,963.95,0.05,105.647128424
18120,966.95,0.05,95.2089591647
18140,963.45,0.05,101.809261668
18160,1000.0,0.0,96.140396183
18180,1000.0,0.0,101.346262335
18200,1000.0,0.0,91.891903525
18220,965.25,0.1,105.699103435
18240,971.2,0.05,105.871091377
18260,967.7,0.05,103.402106033
18280,963.45,0.05,93.2041518465
18300,1000.0,0.0,93.4484210278
18320,884.45,0.2,108.101609473
18340,977.6,0.05,93.6825360869
18360,879.1,0.15,105.813805841
18380,914.8,0.15,105.642754587
18400,865.8,0.2,110.185480695
18420,899.75,0.15,109.59652894
18440,840.4,0.25,111.772287499
18460,807.15,0.3,120.255405861
18480,929.35,0.05,79.0421169315
18500,793.1,0.35,118.743081235
18520,771.85,0.3,113.131458026
18540,718.6,0.25,99.8978097407
18560,715.25,0.4,125.1579946
18580,908.85,0.1,97.3419942986
18600,894.95,0.1,78.0815493912
18620,827.3,0.3,121.800169305
18640,843.75,0.2,97.6090880735
18660,742.8,0.45,139.172109209
18680,877.55,0.25,114.870186608
18700,735.0,0.15,77.8120580178
18720,835.9,0.2,94.4135086194
18740,790.7,0.3,129.600008001
18760,926.9,0.05,97.9284077866
18780,972.35,0.05,104.013465584
18800,930.6,0.1,110.074636516
18820,926.5,0.15,112.83943459
18840,949.05,0.1,111.927405858
18860,860.7,0.15,106.496841189
18880,933.0,0.1,107.021646233
18900,919.0,0.1,103.369161728
18920,927.45,0.05,88.9799861481
18940,966.4,0.05,104.466751621
18960,1000.0,0.0,101.357629255
18980,1000.0,0.0,91.6453803148
19000,963.4,0.05,98.8960148236
19020,962.2,0.0,87.7682451198
19040,1000.0,0.0,84.8357286353
19060,1000.0,0.0,85.3530361099
19080,1000.0,0.0,83.3350085065
19100,963.6,0.05,101.33060398
19120,1000.0,0.0,89.5600178586
19140,969.45,0.05,96.5855168368
19160,997.6,0.05,104.051227012
19180,1000.0,0.0,89.2994596422
19200,960.95,0.05,108.131466834
19220,1000.0,0.0,94.9719844658
19240,1000.0,0.0,90.0155575397
19260,1000.0,0.0,98.1385344496
19280,1000.0,0.0,97.6970064942
19300,1000.0,0.0,101.589548732
19320,1000.0,0.0,98.8822080545
19340,1000.0,0.0,97.6020459706
19360,1000.0,0.0,94.6171146641
19380,1000.0,0.0,91.5055988776
19400,1000.0,0.0,103.337304077
19420,964.85,0.05,112.683699254
19440,1000.0,0.0,84.7152922933
19460,963.85,0.05,98.8344444911
19480,1000.0,0.0,88.7136152605
19500,1000.0,0.0,102.724206131
19520,1000.0,0.0,89.7656724477
19540,1000.0,0.0,90.7065820815
19560,1000.0,0.0,93.5722080517
19580,1000.0,0.0,95.6690312017
19600,1000.0,0.0,93.1520154853
19620,1000.0,0.0,94.3985023184
19640,1000.0,0.0,93.0707778148
19660,1000.0,0.0,99.6605167224
19680,1000.0,0.0,94.7991925458
19700,1000.0,0.0,97.6828472612
19720,1000.0,0.0,95.6384273764
19740,1000.0,0.0,89.283221973
19760,1000.0,0.0,94.2273438166
19780,970.5,0.05,99.2794752559
19800,1000.0,0.0,95.1442077587
19820,977.0,0.05,97.523449472
19840,956.6,0.1,95.1163512931
19860,1000.0,0.0,96.9488253011
19880,980.9,0.05,89.4052148506
19900,1000.0,0.0,79.7714145841
19920,1000.0,0.0,95.0266303461
19940,959.75,0.1,107.294629754
19960,1000.0,0.0,87.3575100976
19980,967.25,0.05,94.2335722375
20000,1000.0,0.0,87.6519645848
20020,979.65,0.05,90.6256877507
20040,1000.0,0.0,100.213953536
20060,1000.0,0.0,94.3743404505
20080,1000.0,0.0,90.1159566428
20100,1000.0,0.0,91.0407282989
20120,1000.0,0.0,80.9868274788
20140,974.55,0.05,96.4173629497
20160,939.65,0.1,111.683359566
20180,1000.0,0.0,89.2761077095
20200,967.9,0.05,98.3222095836
20220,1000.0,0.0,97.9245452178
20240,1000.0,0.0,105.427688377
20260,920.5,0.15,121.231176743
20280,969.15,0.05,99.2623223849
20300,1000.0,0.0,97.5177201764
20320,1000.0,0.0,102.498912567
20340,1000.0,0.0,92.8462850339
20360,1000.0,0.0,96.1624620803
20380,1000.0,0.0,96.7421723622
20400,1000.0,0.0,93.0664079953
20420,1000.0,0.0,86.29012782
20440,1000.0,0.0,94.7587158821
20460,974.85,0.05,103.409914024
20480,1000.0,0.0,89.3352095325
20500,1000.0,0.0,97.1892738364
20520,961.95,0.0,90.1566099605
20540,969.7,0.05,94.5441743719
20560,1000.0,0.0,96.436344379
20580,969.75,0.05,90.5310589253
20600,1000.0,0.0,94.0681399788
20620,968.2,0.05,93.0353102752
20640,1000.0,0.0,97.5873620517
20660,939.3,0.1,107.478839023
20680,966.6,0.05,102.551010075
20700,983.8,0.05,104.345028455
20720,905.55,0.15,103.925866981
20740,952.35,0.1,106.095126498
20760,961.95,0.0,88.7580124634
20780,939.25,0.1,116.783966225
20800,1000.0,0.0,90.2839876773
20820,968.6,0.05,101.49528981
20840,943.95,0.1,107.068393651
20860,930.1,0.15,112.495045879
20880,897.15,0.1,95.5290364714
20900,840.65,0.2,111.860267117
20920,865.7,0.15,111.927293117
20940,764.3,0.35,112.797254148
20960,831.2,0.2,109.185913031
20980,926.95,0.05,94.5746473782
21000,855.55,0.0,61.6499979615
21020,737.25,0.3,113.677109541
21040,847.5,0.25,107.030509572
21060,879.9,0.25,114.211544012
21080,748.2,0.5,124.777114041
21100,750.4,0.05,60.0561093612
21120,726.9,0.35,113.429412441
21140,761.65,0.4,126.931666886
21160,848.5,0.3,129.024969576
21180,751.95,0.2,84.696836797
21200,907.0,0.2,100.870924939
21220,885.7,0.2,99.3952985736
21240,747.7,0.35,115.171452989
21260,934.5,0.05,91.9486793329
21280,935.1,0.05,91.0092361176
21300,903.5,0.1,90.1584020509
21320,906.05,0.15,107.22708128
21340,968.3,0.05,90.8682743424
21360,890.6,0.0,74.5663774429
21380,859.35,0.25,112.92910299
21400,884.5,0.1,86.6160931182
21420,933.1,0.1,95.6933616857
21440,896.25,0.05,82.5868838224
21460,914.0,0.05,77.3411795977
21480,934.75,0.1,96.9801308342
21500,964.45,0.0,78.386616044
21520,935.0,0.1,94.9015264075
21540,970.0,0.05,96.3383302705
21560,954.45,0.1,89.106456677
21580,900.95,0.15,101.90976627
21600,930.05,0.05,87.4009553897
21620,963.5,0.0,78.3645618539
21640,933.25,0.1,100.907205625
21660,1000.0,0.0,87.7443217897
21680,1000.0,0.0,93.2536367709
21700,967.85,0.05,97.9126958816
21720,921.3,0.15,110.116020722
21740,899.2,0.05,94.5194151653
21760,854.55,0.1,90.845856606
21780,868.9,0.15,111.481965025
21800,922.25,0.0,78.8214983915
21820,828.25,0.2,111.41118031
21840,818.25,0.1,92.6357107304
21860,862.5,0.15,104.624566893
21880,883.65,0.2,116.235259733
21900,890.6,0.05,83.7709643731
21920,927.5,0.05,90.591539832
21940,1000.0,0.0,88.6559440998
21960,889.0,0.05,100.271868216
21980,926.7,0.1,108.711798482
22000,933.85,0.1,108.635860737
22020,929.25,0.1,106.888742645
22040,964.2,0.05,101.682940272
22060,964.95,0.05,102.975029472
22080,918.55,0.0,94.1814714954
22100,1000.0,0.0,100.313138579
22120,889.1,0.05,92.0126387536
22140,922.7,0.0,85.2570240003
22160,1000.0,0.0,96.7979793841
22180,916.95,0.0,86.2425672032
22200,923.55,0.0,86.942179627
22220,919.75,0.0,91.2732456813
22240,882.5,0.05,96.5207130653
22260,925.45,0.05,99.0375510237
22280,958.95,0.0,90.959229368
22300,877.45,0.0,84.1163826387
22320,921.8,0.0,92.6844054568
22340,964.2,0.05,112.702185917
22360,961.2,0.0,99.7753742391
22380,847.65,0.1,95.7947449594
22400,886.2,0.1,104.855302049
22420,842.6,0.05,90.0365085532
22440,675.35,0.2,97.5243307337
22460,813.05,0.2,113.613932184
22480,824.1,0.1,86.5208200408
22500,720.55,0.05,64.7657097498
22520,802.45,0.2,103.649622808
22540,786.35,0.1,82.9133058018
22560,745.3,0.25,106.222850822
22580,640.4,0.2,88.441514647
22600,772.9,0.05,73.0965812189
22620,697.3,0.05,67.1165695862
22640,826.5,0.1,90.9371340627
22660,763.9,0.1,79.1086663547
22680,641.35,0.25,104.144877989
22700,883.05,0.05,94.2881447721
22720,785.75,0.1,89.1216764044
22740,723.6,0.05,64.6614354043
22760,782.1,0.1,84.0229633457
22780,843.5,0.05,81.6249647145
22800,859.95,0.2,106.032342807
22820,740.55,0.15,88.8245039647
22840,771.0,0.1,85.7569558332
22860,844.45,0.0,67.4970690638
22880,885.05,0.05,85.9540372696
22900,871.95,0.05,81.615476422
22920,852.45,0.25,125.458180535
22940,897.95,0.2,112.238937909
22960,684.35,0.2,86.7204071287
22980,865.5,0.15,119.809659951
23000,812.55,0.25,120.113977361
23020,940.6,0.15,114.348126918
23040,902.95,0.15,117.665024719
23060,853.9,0.1,97.5951871703
23080,849.85,0.1,95.5372741105
23100,925.45,0.05,97.8927277587
23120,961.05,0.0,91.6834828972
23140,921.75,0.05,96.1778242865
23160,962.85,0.05,94.3310884329
23180,962.8,0.0,90.7753593568
23200,926.1,0.05,93.7992047599
23220,1000.0,0.0,89.0309216776
23240,963.1,0.0,92.2596067627
23260,1000.0,0.0,98.0651501952
23280,962.2,0.0,88.3360023781
23300,1000.0,0.0,90.056024852
23320,966.45,0.05,98.2719640167
23340,1000.0,0.0,93.7188631515
23360,1000.0,0.0,96.4156234795
23380,923.8,0.0,82.0089678001
23400,961.4,0.0,84.5499730804
23420,1000.0,0.0,98.3339484944
23440,1000.0,0.0,95.8615475602
23460,1000.0,0.0,96.7221809326
23480,1000.0,0.0,93.2781187889
23500,958.0,0.0,80.5281781339
23520,960.05,0.0,93.1155475469
23540,1000.0,0.0,107.714873256
23560,962.4,0.05,99.6767482754
23580,960.7,0.0,95.2701113705
23600,1000.0,0.0,104.505678123
23620,925.25,0.05,104.969846996
23640,845.1,0.05,94.4572874929
23660,920.3,0.0,92.1238525881
23680,797.8,0.0,80.4896350433
23700,883.9,0.05,94.8402349423
23720,1000.0,0.0,100.518743063
23740,924.15,0.0,98.1903148958
23760,840.75,0.0,82.5896056634
23780,969.45,0.05,118.043848245
23800,926.95,0.05,102.673871151
23820,1000.0,0.0,101.60621735
23840,841.2,0.0,76.9930414461
23860,806.6,0.05,86.2192623671
23880,921.4,0.05,100.915266289
23900,926.15,0.05,103.271346375
23920,929.5,0.05,102.349926887
23940,919.7,0.0,93.3203838393
23960,844.25,0.0,82.2135333202
23980,1000.0,0.0,99.8217394273
24000,879.1,0.0,81.2292357842
24020,961.2,0.0,102.842457555
24040,905.25,0.15,114.798503424
24060,970.9,0.1,108.86217262
24080,949.85,0.05,102.205332019
24100,959.95,0.0,91.6780066591
24120,969.5,0.05,107.035709011
24140,919.25,0.0,92.6292286515
24160,922.0,0.0,90.36415415
24180,958.15,0.0,101.449757649
24200,932.5,0.1,114.572858951
24220,1000.0,0.0,103.693348574
24240,919.3,0.0,94.8617288671
24260,960.1,0.0,96.4419315979
24280,882.95,0.0,87.8338536425
24300,919.6,0.0,92.739484253
24320,844.45,0.05,92.876270362
24340,835.35,0.0,82.2369281911
24360,914.7,0.0,97.0974908009
24380,879.0,0.0,84.591283124
24400,920.0,0.0,94.7591993843
24420,764.35,0.05,80.1792416324
24440,960.5,0.0,97.3294391526
24460,960.3,0.0,88.72757267
24480,919.05,0.0,88.0155954685
24500,961.05,0.0,99.5211705706
24520,964.5,0.05,106.004454668
24540,838.25,0.0,78.4838733223
24560,1000.0,0.0,100.614439935
24580,1000.0,0.0,105.064638665
24600,1000.0,0.0,102.464395531
24620,838.95,0.0,87.9317498845
24640,923.2,0.05,101.819372643
24660,916.5,0.0,98.9305884281
24680,1000.0,0.0,114.715020455
24700,963.5,0.05,116.453886512
24720,959.95,0.0,105.654754993
24740,1000.0,0.0,106.292775799
24760,765.7,0.05,81.4184227673
24780,956.35,0.05,102.823836528
24800,959.15,0.0,101.156993409
24820,879.8,0.0,90.5589955124
24840,888.3,0.1,120.348238306
24860,918.05,0.0,100.784763164
24880,958.8,0.0,93.464005879
24900,881.9,0.0,93.5606771324
24920,961.25,0.0,101.696893016
24940,871.35,0.1,105.32492929
24960,964.7,0.05,107.444334014
24980,925.3,0.05,109.564547162
25000,960.4,0.0,100.251279153
25020,926.25,0.1,114.864844099
25040,963.1,0.05,102.02548089
25060,894.9,0.1,105.557716452
25080,881.95,0.05,99.5283873972
25100,1000.0,0.0,103.226841012
25120,956.5,0.0,94.9221586843
25140,1000.0,0.0,98.2644935889
25160,1000.0,0.0,103.178373823
25180,1000.0,0.0,91.0683986438
25200,962.25,0.0,90.1951116562
25220,1000.0,0.0,96.7489797702
25240,956.7,0.0,86.7358183892
25260,1000.0,0.0,95.5875569917
25280,1000.0,0.0,98.0697907551
25300,922.75,0.0,93.4941853884
25320,1000.0,0.0,94.9372855593
25340,1000.0,0.0,96.8956338769
25360,1000.0,0.0,92.5322291939
25380,1000.0,0.0,100.36077819
25400,961.75,0.0,90.2522513064
25420,882.6,0.0,89.3954385864
25440,1000.0,0.0,88.7076011605
25460,961.5,0.0,88.1367313396
25480,956.0,0.0,90.0833144194
25500,963.95,0.05,100.786784491
25520,960.2,0.0,96.7166018442
25540,961.4,0.0,101.737699301
25560,1000.0,0.0,92.442779648
25580,921.05,0.0,92.5831879912
25600,961.6,0.0,105.451346034
25620,1000.0,0.0,103.56215231
25640,924.45,0.0,90.0518548217
25660,959.15,0.0,92.300027883
25680,918.2,0.0,77.1437047695
25700,923.0,0.0,95.6662434235
25720,920.55,0.05,101.259533215
25740,920.9,0.0,94.9939600829
25760,922.45,0.0,96.8478970112
25780,961.75,0.05,108.073544083
25800,959.35,0.0,107.703781909
25820,962.95,0.0,99.096916708
25840,1000.0,0.0,102.189432338
25860,1000.0,0.0,106.232792344
25880,1000.0,0.0,97.3773007235
25900,1000.0,0.0,102.359020492
25920,968.25,0.05,108.621455264
25940,1000.0,0.0,97.9125884463
25960,904.0,0.1,105.177350691
25980,1000.0,0.0,100.191814485
26000,1000.0,0.0,105.274978907
26020,931.5,0.1,116.698777321
26040,1000.0,0.0,102.839369091
26060,1000.0,0.0,109.977792979
26080,962.2,0.0,92.8593353022
26100,1000.0,0.0,99.5299011232
26120,1000.0,0.0,97.562826431
26140,1000.0,0.0,100.267432608
26160,1000.0,0.0,103.103060033
26180,1000.0,0.0,95.3879312361
26200,965.45,0.05,107.498269123
26220,965.7,0.05,98.9522792895
26240,970.5,0.05,97.9398683351
26260,967.55,0.05,110.269029958
26280,971.8,0.05,97.4011112558
26300,1000.0,0.0,96.6753774332
26320,951.8,0.1,104.465682309
26340,938.1,0.05,103.759516457
26360,966.4,0.05,103.948212986
26380,968.75,0.05,103.503534704
26400,957.45,0.1,109.492364647
26420,1000.0,0.0,89.0561252929
26440,897.95,0.15,114.826592227
26460,964.15,0.0,89.8169303974
26480,938.0,0.1,109.171375239
26500,965.75,0.05,99.8167442369
26520,967.45,0.05,98.6154769409
26540,1000.0,0.0,99.6900662154
26560,971.55,0.05,99.9982017096
26580,976.15,0.05,96.2524408548
26600,1000.0,0.0,100.52806782
26620,1000.0,0.0,97.7855712674
26640,963.6,0.0,89.7655382599
26660,923.35,0.05,92.869195579
26680,909.7,0.1,105.27485953
26700,926.85,0.1,105.119387867
26720,931.85,0.05,94.402818919
26740,997.85,0.05,93.5717090656
26760,1000.0,0.0,94.4380638937
26780,927.75,0.05,101.279393367
26800,926.65,0.1,103.755002782
26820,947.2,0.1,101.31163278
26840,954.9,0.1,104.820404888
26860,961.15,0.0,83.692967888
26880,966.6,0.05,107.590711916
26900,929.8,0.1,101.480276113
26920,1000.0,0.0,90.8364867039
26940,982.95,0.05,88.0806683278
26960,1000.0,0.0,93.9254305683
26980,924.65,0.05,91.3799888149
27000,1000.0,0.0,84.3653428326
27020,1000.0,0.0,93.979052742
27040,1000.0,0.0,96.357092252
27060,925.3,0.0,87.7280643547
27080,961.7,0.05,100.598995232
27100,962.4,0.0,88.0539850031
27120,956.4,0.0,89.8612692995
27140,918.3,0.0,89.8513544376
27160,1000.0,0.0,95.0950807493
27180,1000.0,0.0,99.0845023256
27200,1000.0,0.0,99.9799408284
27220,920.85,0.05,104.433589998
27240,956.7,0.0,95.3694627618
27260,1000.0,0.0,99.4145944591
27280,1000.0,0.0,94.7898204599
27300,1000.0,0.0,104.228632658
27320,1000.0,0.0,104.368844839
27340,1000.0,0.0,95.6405733754
27360,1000.0,0.0,97.8765788738
27380,1000.0,0.0,100.249046927
27400,1000.0,0.0,98.3742651979
27420,1000.0,0.0,95.9071397377
27440,962.75,0.0,94.8312121087
27460,1000.0,0.0,99.7629273757
27480,1000.0,0.0,101.947087714
27500,1000.0,0.0,87.3203490029
27520,1000.0,0.0,82.115829148
27540,1000.0,0.0,94.1649571079
27560,1000.0,0.0,85.6804838148
27580,963.55,0.0,80.8877614772
27600,1000.0,0.0,83.0284486884
27620,921.2,0.05,89.4029926697
27640,1000.0,0.0,87.2336541186
27660,1000.0,0.0,82.1817624771
27680,958.7,0.0,81.2367740808
27700,1000.0,0.0,83.4851328668
27720,1000.0,0.0,94.0874782543
27740,1000.0,0.0,85.5303301155
27760,1000.0,0.0,89.8344810851
27780,1000.0,0.0,99.5082718863
27800,1000.0,0.0,79.8955784046
27820,1000.0,0.0,97.8878796658
27840,1000.0,0.0,85.9059600872
27860,1000.0,0.0,91.0605846088
27880,1000.0,0.0,84.594376493
27900,1000.0,0.0,82.0311290204
27920,1000.0,0.0,83.1878594526
27940,1000.0,0.0,89.3828868742
27960,1000.0,0.0,90.0593525757
27980,1000.0,0.0,84.8570358718
28000,1000.0,0.0,100.375955231
28020,1000.0,0.0,97.4595150399
28040,1000.0,0.0,99.0014819569
28060,1000.0,0.0,92.8143074093
28080,1000.0,0.0,97.6294967885
28100,1000.0,0.0,99.1083981484
28120,1000.0,0.0,95.2991001407
28140,1000.0,0.0,99.4565832811
28160,1000.0,0.0,97.3274935723
28180,1000.0,0.0,98.4815904906
28200,1000.0,0.0,99.2466838727
28220,935.85,0.05,103.118177525
28240,1000.0,0.0,96.5887274838
28260,957.05,0.0,99.5234861969
28280,1000.0,0.0,101.240359073
28300,1000.0,0.0,106.715573205
28320,1000.0,0.0,100.99996897
28340,1000.0,0.0,99.2429466972
28360,988.3,0.05,112.133223804
28380,976.5,0.1,111.739776799
28400,1000.0,0.0,104.505851092
28420,1000.0,0.0,96.4116312038
28440,957.25,0.0,101.392687628
28460,1000.0,0.0,103.769936231
28480,1000.0,0.0,106.18192655
28500,1000.0,0.0,110.468544764
28520,1000.0,0.0,100.290598304
28540,960.7,0.0,94.0116904702
28560,1000.0,0.0,101.645151281
28580,921.35,0.0,96.0008018462
28600,1000.0,0.0,104.724416861
28620,1000.0,0.0,104.477689581
28640,1000.0,0.0,98.5719619879
28660,918.35,0.0,102.088343868
28680,961.6,0.0,102.824092675
28700,1000.0,0.0,96.7158816042
28720,1000.0,0.0,103.608308395
28740,961.1,0.0,92.3695806837
28760,1000.0,0.0,104.045234741
28780,1000.0,0.0,101.699904298
28800,1000.0,0.0,103.451048442
28820,920.95,0.0,90.5941804508
28840,923.05,0.05,104.473067663
28860,1000.0,0.0,103.158136238
28880,998.25,0.05,110.840594712
28900,956.25,0.0,92.6897472698
28920,1000.0,0.0,109.891060126
28940,919.05,0.0,104.164698288
28960,950.4,0.05,111.384333553
28980,916.95,0.0,102.765725252
29000,914.85,0.0,102.304968438
29020,1000.0,0.0,90.2475415756
29040,958.35,0.0,97.555387946
29060,1000.0,0.0,104.211603088
29080,859.75,0.1,103.56268802
29100,897.75,0.05,105.006049955
29120,959.6,0.05,102.888365611
29140,957.1,0.0,102.803534166
29160,957.3,0.0,110.054600049
29180,1000.0,0.0,104.084778024
29200,1000.0,0.0,109.028170645
29220,915.4,0.0,109.300451813
29240,901.25,0.05,106.464969863
29260,956.8,0.0,101.113137523
29280,873.75,0.0,98.058243038
29300,918.45,0.0,103.355889258
29320,918.2,0.0,110.840501525
29340,961.3,0.0,107.628000041
29360,914.7,0.0,104.097601717
29380,1000.0,0.0,106.520578206
29400,917.5,0.0,100.983717858
29420,918.65,0.0,103.893305217
29440,1000.0,0.0,106.350451337
29460,1000.0,0.0,116.727738098
29480,957.7,0.0,105.773732517
29500,960.15,0.0,111.075567441
29520,957.3,0.05,115.23860324
29540,957.2,0.0,103.579582237
29560,915.6,0.0,102.078524128
29580,1000.0,0.0,104.515936725
29600,884.1,0.05,111.55537593
29620,957.45,0.0,103.379155124
29640,1000.0,0.0,110.144314762
29660,955.85,0.0,103.335101166
29680,1000.0,0.0,114.678743427
29700,1000.0,0.0,103.188331289
29720,956.6,0.0,103.710130012
29740,883.15,0.05,107.528943584
29760,1000.0,0.0,102.504628507
29780,958.35,0.0,97.5339267777
29800,1000.0,0.0,108.964477325
29820,918.55,0.0,97.1303157405
29840,956.9,0.0,112.621820263
29860,1000.0,0.0,112.539646332
29880,788.35,0.0,87.7400707274
29900,879.7,0.05,110.282941356
29920,973.05,0.05,108.625462597
29940,970.5,0.05,116.256875542
29960,1000.0,0.0,101.37992909
29980,960.3,0.0,103.498455637
30000,838.9,0.0,90.0327007298
