20,82.2,0.0,-389.401577691
40,92.35,0.0,-377.540968449
60,102.1,0.0,-406.536722012
80,100.75,0.0,-346.055656378
100,108.8,0.0,-331.196252948
120,110.5,0.0,-366.431504872
140,114.4,0.0,-353.632430554
160,125.85,0.0,-332.896503736
180,113.9,0.0,-340.21997194
200,129.65,0.0,-382.970698249
220,124.35,0.0,-325.851402391
240,119.7,0.0,-222.768440122
260,104.8,0.0,-227.134295505
280,107.0,0.0,-225.467207836
300,107.95,0.0,-269.513754793
320,102.15,0.0,-162.004899948
340,122.85,0.0,-214.167144534
360,103.4,0.0,-174.943023435
380,121.75,0.0,-180.122889636
400,114.05,0.0,-177.155801393
420,112.95,0.0,-185.383207564
440,133.3,0.0,-171.245626283
460,115.95,0.0,-148.627088992
480,121.75,0.0,-150.909556418
500,164.6,0.0,-177.442908819
520,214.75,0.0,-175.268962957
540,134.45,0.0,-134.883747493
560,196.55,0.0,-176.493279826
580,165.55,0.0,-195.389474165
600,172.55,0.0,-193.813747046
620,172.7,0.0,-212.592386709
640,229.45,0.0,-202.64402114
660,185.3,0.0,-229.943997312
680,311.55,0.0,-248.338946443
700,210.65,0.0,-197.779660857
720,245.35,0.0,-224.208152662
740,361.85,0.0,-159.35572475
760,274.5,0.0,-132.070416072
780,230.15,0.0,-105.103904544
800,272.7,0.0,-94.7707202222
820,290.4,0.0,-94.4784750771
840,179.75,0.0,-75.3881342427
860,363.85,0.0,-84.7806671604
880,280.15,0.0,-83.5233394273
900,292.05,0.0,-74.257194709
920,286.5,0.0,-82.879043056
940,375.55,0.0,-54.4262343491
960,531.8,0.0,-69.8741691883
980,336.0,0.0,-114.919826138
1000,511.8,0.0,-83.9827116027
1020,546.85,0.0,-88.8641712299
1040,608.85,0.0,-62.6553134211
1060,723.8,0.0,-53.2526315236
1080,626.45,0.0,-84.8573147879
1100,587.7,0.15,3.74011309434
1120,522.4,0.1,-6.53845704869
1140,343.45,0.05,-26.3280266155
1160,248.8,0.1,-58.1453923268
1180,284.1,0.05,-48.2454008944
1200,268.9,0.1,-50.867532041
1220,332.7,0.1,-77.3810542619
1240,431.45,0.35,13.0622966739
1260,504.1,0.35,-10.1778827266
1280,750.4,0.35,-86.9063010499
1300,693.0,0.6,26.8548044792
1320,822.85,0.3,-38.3006776326
1340,786.0,0.3,-55.6044255601
1360,897.95,0.35,-48.9257559579
1380,754.0,0.3,-78.4025865886
1400,700.45,0.6,26.5250727714
1420,593.9,0.65,42.0775680352
1440,605.45,0.5,6.28914060994
1460,624.55,0.5,-51.6618246735
1480,602.25,0.55,-2.56087116921
1500,558.95,0.45,-25.6002098585
1520,657.65,0.5,-7.82769250143
1540,610.65,0.7,35.9436822938
1560,596.35,0.6,11.0966049883
1580,609.85,0.65,38.3722658887
1600,565.25,0.5,4.14047990965
1620,557.05,0.6,54.2166180785
1640,511.0,0.45,24.1166469293
1660,524.4,0.5,39.2426155325
1680,538.2,0.5,15.2637727807
1700,520.05,0.6,61.0505204336
1720,627.9,0.55,49.86848624
1740,629.2,0.7,81.3867848443
1760,665.0,0.45,27.3894007465
1780,704.35,0.7,69.5428206816
1800,698.4,0.65,67.4207996248
1820,810.2,0.6,69.8372733099
1840,747.45,0.35,18.9112292826
1860,786.95,0.35,27.9196505593
1880,860.3,0.45,75.3668983577
1900,623.45,0.85,142.346598635
1920,643.35,0.55,94.6397365425
1940,608.8,0.5,83.4623870288
1960,674.35,0.45,80.8861839679
1980,644.85,0.45,94.3030505468
2000,659.15,0.3,62.7471766601
2020,695.9,0.0,36.0819070686
2040,740.55,0.1,58.1026173389
2060,708.25,0.05,53.9030209879
2080,850.1,0.0,77.3381991093
2100,856.0,0.0,63.404881228
2120,686.15,0.05,49.0495569176
2140,881.9,0.0,68.5996256091
2160,956.35,0.05,79.8718865885
2180,760.95,0.1,74.3635555846
2200,731.75,0.0,46.6217442095
2220,610.7,0.15,43.2228306611
2240,633.9,0.1,50.5283513392
2260,656.6,0.1,38.9419632708
2280,585.0,0.15,20.0111056882
2300,582.5,0.05,-10.6888689537
2320,589.2,0.4,40.939062295
2340,644.2,0.35,38.7602696411
2360,699.45,0.4,42.4379631453
2380,684.35,0.4,19.9830036998
2400,776.35,0.15,-20.3682257343
2420,890.8,0.25,0.273936486573
2440,704.6,0.35,-17.8673536058
2460,697.15,0.3,-20.0878433555
2480,763.4,0.2,-16.7655981769
2500,825.35,0.35,49.9973510703
2520,866.05,0.3,69.9589339593
2540,972.4,0.1,58.4416937574
2560,1000.0,0.0,69.4518977924
2580,964.6,0.0,63.3683457901
2600,1000.0,0.0,79.2488478556
2620,981.75,0.05,88.9080199587
2640,894.75,0.0,59.8159134986
2660,795.05,0.3,91.6604891923
2680,805.55,0.15,73.660817109
2700,828.55,0.2,73.6106305061
2720,731.55,0.25,72.6102043275
2740,791.3,0.2,72.827431375
2760,915.3,0.1,78.0138005317
2780,825.55,0.1,71.8849206561
2800,820.05,0.1,73.9291095023
2820,825.35,0.05,67.3466843851
2840,800.45,0.05,55.879463873
2860,850.6,0.0,59.4077958759
2880,750.3,0.15,68.6009267243
2900,760.7,0.1,66.9465501549
2920,812.35,0.05,67.7850304821
2940,891.95,0.0,68.1097414739
2960,858.85,0.0,59.5253197018
2980,967.4,0.0,70.7069534942
3000,931.7,0.0,68.5566483358
3020,980.8,0.05,82.3827316402
3040,1000.0,0.0,78.3809997577
3060,989.45,0.05,73.1821468416
3080,857.65,0.1,49.3786518207
3100,974.35,0.0,46.7738845098
3120,983.6,0.05,46.169506256
3140,1000.0,0.0,49.0684633704
3160,1000.0,0.0,34.1003531631
3180,1000.0,0.0,52.5026197737
3200,990.1,0.05,60.3515445696
3220,1000.0,0.0,68.2096193539
3240,965.8,0.0,63.6796540683
3260,962.0,0.0,65.7363103982
3280,912.25,0.1,75.7565155535
3300,889.25,0.1,71.9386042136
3320,779.85,0.2,77.3111864158
3340,754.55,0.25,79.6556416094
3360,834.95,0.15,75.1427184514
3380,940.85,0.2,86.7296247446
3400,966.15,0.05,78.907961236
3420,1000.0,0.0,58.967954306
3440,1000.0,0.0,74.5541479667
3460,1000.0,0.0,81.2191081306
3480,961.7,0.0,69.0344139381
3500,1000.0,0.0,70.4798225853
3520,1000.0,0.0,68.9011928028
3540,1000.0,0.0,66.3290128158
3560,1000.0,0.0,68.4784607305
3580,1000.0,0.0,66.0178943196
3600,968.45,0.0,68.2744446892
3620,1000.0,0.0,83.3502010897
3640,1000.0,0.0,92.975706372
3660,1000.0,0.0,82.446623377
3680,964.95,0.0,79.9648945132
3700,929.0,0.05,84.004873675
3720,1000.0,0.0,87.7539451004
3740,892.15,0.0,70.7513419626
3760,927.5,0.0,78.8321279872
3780,897.5,0.05,88.7392689498
3800,889.05,0.0,77.2117594297
3820,846.85,0.0,69.7360684501
3840,849.95,0.0,70.4038751247
3860,850.75,0.0,71.3167045898
3880,888.95,0.0,86.7567291096
3900,805.95,0.0,68.9326945886
3920,836.15,0.05,84.5272455577
3940,716.95,0.05,66.0549360586
3960,716.05,0.15,77.625311289
3980,733.25,0.0,48.819021829
4000,747.9,0.05,68.4223868938
4020,692.6,0.05,50.531049283
4040,763.0,0.0,57.590099306
4060,711.7,0.15,75.6762390397
4080,621.3,0.05,47.0198468027
4100,477.1,0.1,30.2638029731
4120,603.2,0.15,64.3307037103
4140,597.55,0.2,80.2670077782
4160,657.35,0.05,60.1618675163
4180,781.4,0.1,66.8287532301
4200,771.35,0.05,68.0853403212
4220,744.0,0.05,60.9850323994
4240,735.25,0.05,60.9892984847
4260,888.1,0.0,71.0244447873
4280,684.8,0.15,65.1931664027
4300,864.2,0.05,72.3550980495
4320,801.4,0.05,55.7577430738
4340,891.15,0.0,68.2607308926
4360,965.1,0.0,86.1810781737
4380,1000.0,0.0,82.1721756662
4400,1000.0,0.0,92.5515103289
4420,1000.0,0.0,93.2230283416
4440,1000.0,0.0,90.1984461691
4460,969.05,0.05,96.6534653635
4480,1000.0,0.0,81.2824553305
4500,991.15,0.05,84.4922015601
4520,1000.0,0.0,78.9342153449
4540,1000.0,0.0,79.4439211453
4560,922.5,0.0,80.9820879954
4580,1000.0,0.0,81.061722733
4600,1000.0,0.0,94.7719320651
4620,1000.0,0.0,91.9264346635
4640,1000.0,0.0,97.4528528429
4660,960.2,0.0,87.5807120767
4680,1000.0,0.0,86.0185773974
4700,931.65,0.1,95.4057741088
4720,972.8,0.05,93.7679798663
4740,779.5,0.2,91.6425836966
4760,814.85,0.1,83.0659385236
4780,874.85,0.1,78.4701099049
4800,729.0,0.2,80.6148207896
4820,786.9,0.1,68.9062422628
4840,627.55,0.3,76.3645816197
4860,623.25,0.25,71.7600878379
4880,632.4,0.2,61.4301459685
4900,603.2,0.3,66.0869269786
4920,607.75,0.45,100.523413425
4940,562.65,0.4,87.3974064321
4960,759.5,0.35,99.9580805397
4980,716.75,0.45,114.944179161
5000,770.75,0.2,83.098526287
5020,773.75,0.35,108.102930034
5040,883.8,0.25,108.739661714
5060,776.65,0.35,119.777373416
5080,832.45,0.2,93.2127991646
5100,931.7,0.1,91.1062314187
5120,890.4,0.05,75.9683400902
5140,943.2,0.05,84.7542596213
5160,887.5,0.05,84.2109651244
5180,898.95,0.2,99.9508475265
5200,914.5,0.1,103.745759488
5220,905.3,0.15,92.422608914
5240,794.65,0.1,83.0729126085
5260,875.1,0.1,88.6902263665
5280,952.7,0.1,101.005367037
5300,885.35,0.05,78.3880778926
5320,948.05,0.05,84.0666041493
5340,850.4,0.05,73.5669110815
5360,911.25,0.05,72.4327542698
5380,852.45,0.05,72.7042614352
5400,965.9,0.05,88.6761541776
5420,848.45,0.05,74.9324950526
5440,969.75,0.05,96.5628316687
5460,833.45,0.1,84.604405521
5480,799.15,0.15,79.599222548
5500,830.65,0.1,82.7244614493
5520,836.3,0.3,119.786906963
5540,834.35,0.2,104.700563094
5560,733.1,0.35,101.672908676
5580,774.75,0.2,88.9720298445
5600,799.05,0.1,67.2412199782
5620,690.0,0.35,97.3673031688
5640,756.35,0.1,61.7218686667
5660,798.4,0.25,91.6016072342
5680,828.4,0.2,91.5440032483
5700,791.35,0.15,78.8793689772
5720,780.1,0.2,81.7533172115
5740,792.45,0.2,81.7936458085
5760,722.4,0.4,110.936316472
5780,751.85,0.3,101.661684959
5800,761.85,0.15,74.3052582048
5820,820.75,0.2,83.1880542437
5840,771.3,0.25,89.5564328869
5860,763.2,0.4,118.288614919
5880,801.2,0.15,67.0036956971
5900,564.2,0.4,82.3369329915
5920,904.7,0.1,83.6319290492
5940,633.75,0.35,84.9112073036
5960,714.55,0.3,84.0387081058
5980,668.75,0.35,98.2284074265
6000,783.05,0.25,94.9831222284
6020,514.25,0.25,39.4597760625
6040,647.4,0.25,66.0092266058
6060,535.8,0.4,77.8030170856
6080,630.0,0.35,83.1748300382
6100,653.3,0.25,72.6679360675
6120,531.9,0.15,30.1200941172
6140,631.2,0.4,96.6951991532
6160,653.25,0.45,112.010010138
6180,651.45,0.2,52.8905794894
6200,461.4,0.2,25.3409632863
6220,762.55,0.25,75.5566058895
6240,537.5,0.4,77.9718543994
6260,574.2,0.4,95.8063948707
6280,572.2,0.4,73.1569031908
6300,434.1,0.45,50.0521415285
6320,602.45,0.4,78.2796779543
6340,476.0,0.5,66.1373256696
6360,679.1,0.3,63.2311518403
6380,700.6,0.45,110.458461735
6400,600.75,0.25,55.3524072624
6420,713.55,0.35,89.8276006898
6440,638.65,0.4,90.2401874184
6460,632.6,0.25,63.2591036717
6480,799.85,0.3,102.465647726
6500,730.05,0.15,68.3925291077
6520,819.75,0.1,62.4189171328
6540,905.4,0.1,94.8531654739
6560,809.25,0.25,101.599394435
6580,897.2,0.05,90.7197818265
6600,939.4,0.1,94.033593756
6620,965.5,0.05,103.766662168
6640,961.3,0.0,92.4879164197
6660,990.5,0.05,99.3491775804
6680,1000.0,0.0,99.9030734251
6700,958.8,0.1,101.710733766
6720,960.8,0.0,94.5256740274
6740,923.95,0.0,83.0778941238
6760,962.3,0.0,92.4974086645
6780,1000.0,0.0,93.3309432728
6800,961.15,0.0,92.823776195
6820,921.0,0.0,90.2051890049
6840,960.85,0.0,95.1771483775
6860,921.35,0.0,93.8737942321
6880,956.35,0.05,98.9798712963
6900,798.45,0.15,100.969744166
6920,718.4,0.0,50.7820904927
6940,531.1,0.1,54.85405912
6960,590.45,0.15,74.8308893233
6980,725.7,0.05,69.5170648717
7000,860.8,0.05,82.7905034247
7020,758.15,0.0,65.3187858211
7040,838.15,0.0,70.7761925251
7060,717.25,0.15,82.2701715922
7080,679.65,0.0,57.0654321429
7100,893.85,0.05,98.4149733207
7120,755.3,0.1,79.7679772127
7140,850.3,0.1,101.60520302
7160,811.9,0.05,86.6094521754
7180,784.5,0.2,102.966099966
7200,876.55,0.1,97.9307334866
7220,963.0,0.0,89.0647311544
7240,1000.0,0.0,91.2435889778
7260,960.5,0.0,94.4237775751
7280,1000.0,0.0,95.5773936247
7300,962.05,0.0,88.829614584
7320,1000.0,0.0,90.1991468446
7340,960.75,0.0,92.1725237643
7360,1000.0,0.0,96.9786591351
7380,975.3,0.05,98.0718608954
7400,952.1,0.05,94.3180096051
7420,1000.0,0.0,84.1799535027
7440,1000.0,0.0,73.9067848684
7460,1000.0,0.0,94.5847796543
7480,951.45,0.1,97.3748726047
7500,966.15,0.05,83.5860657453
7520,948.0,0.1,97.7976830594
7540,993.75,0.05,82.6001663143
7560,945.95,0.15,98.3224901014
7580,964.1,0.0,86.1620570484
7600,965.9,0.05,86.0564208415
7620,941.45,0.05,72.2443798914
7640,904.1,0.1,86.2285380007
7660,939.5,0.15,94.4661179513
7680,952.05,0.1,94.4837667737
7700,925.0,0.1,78.7003477248
7720,944.9,0.1,78.5715669024
7740,900.3,0.2,91.0731683173
7760,929.55,0.2,91.7252912003
7780,969.1,0.1,83.0070050044
7800,873.15,0.2,91.4423026172
7820,949.85,0.1,79.5170887101
7840,1000.0,0.0,70.3024321209
7860,974.1,0.05,60.0873750313
7880,972.9,0.05,86.378136556
7900,1000.0,0.0,65.3449842581
7920,1000.0,0.0,70.1984617442
7940,975.5,0.05,76.00749693
7960,981.45,0.05,86.2384919022
7980,1000.0,0.0,61.8588615845
8000,1000.0,0.0,73.2255515263
8020,1000.0,0.0,57.5550720569
8040,1000.0,0.0,78.3184116683
8060,1000.0,0.0,63.3895125154
8080,1000.0,0.0,75.7595738954
8100,1000.0,0.0,56.8429719043
8120,1000.0,0.0,76.0531095865
8140,1000.0,0.0,51.4285493109
8160,1000.0,0.0,66.8483350834
8180,1000.0,0.0,56.6202502003
8200,1000.0,0.0,63.8125046345
8220,1000.0,0.0,71.7703001229
8240,1000.0,0.0,70.4031996265
8260,1000.0,0.0,66.9003480237
8280,994.4,0.05,76.0959375138
8300,1000.0,0.0,69.9080055293
8320,1000.0,0.0,73.4368710759
8340,1000.0,0.0,64.3022346866
8360,1000.0,0.0,78.5409291373
8380,1000.0,0.0,73.0148284409
8400,1000.0,0.0,80.1996215156
8420,1000.0,0.0,65.9227443976
8440,1000.0,0.0,70.3144120301
8460,966.95,0.05,81.7185312596
8480,1000.0,0.0,68.4081069637
8500,933.55,0.05,80.4414901432
8520,1000.0,0.0,75.8164277121
8540,928.05,0.0,68.1114480415
8560,931.8,0.1,90.4493607612
8580,930.0,0.0,85.7648150825
8600,957.4,0.0,98.7251626972
8620,1000.0,0.0,80.2675158405
8640,995.0,0.05,89.6412555597
8660,1000.0,0.0,88.0466473155
8680,928.35,0.0,68.6373914933
8700,1000.0,0.0,81.8808910969
8720,923.65,0.0,74.3127019193
8740,847.75,0.0,64.8345716233
8760,807.4,0.0,69.5657889771
8780,885.8,0.0,86.5975113841
8800,809.9,0.0,79.0799118857
8820,962.8,0.0,87.2696772306
8840,669.85,0.05,62.7704628361
8860,805.8,0.0,73.4873021069
8880,805.65,0.0,72.4772247212
8900,767.9,0.0,73.6976914463
8920,806.45,0.0,68.5248180752
8940,828.0,0.05,80.7471499643
8960,841.75,0.0,74.1003301006
8980,880.55,0.0,81.6048273731
9000,763.75,0.1,75.8128910095
9020,867.3,0.05,80.1012310122
9040,834.5,0.05,70.0733082804
9060,869.7,0.05,80.5548491521
9080,939.75,0.1,84.1123280968
9100,946.65,0.1,96.9182566115
9120,909.3,0.1,78.916637894
9140,914.4,0.1,93.2767480354
9160,888.35,0.2,99.9148907979
9180,981.45,0.05,90.5780346962
9200,949.15,0.15,100.908923599
9220,904.5,0.1,80.9206243786
9240,958.4,0.1,84.065875643
9260,868.5,0.15,92.2283247675
9280,1000.0,0.0,73.9783756018
9300,954.75,0.15,88.4739626547
9320,909.25,0.3,110.056091259
9340,812.05,0.15,83.297664125
9360,821.2,0.35,101.350517141
9380,759.8,0.45,109.492844026
9400,831.4,0.3,95.8756930399
9420,803.0,0.45,116.452936204
9440,882.25,0.25,94.9591876202
9460,839.5,0.45,113.897796626
9480,808.75,0.35,105.239653681
9500,876.55,0.15,75.2210274212
9520,920.35,0.15,88.4590629338
9540,944.3,0.1,80.309748942
9560,974.45,0.1,73.980008993
9580,944.6,0.05,75.9648905474
9600,1000.0,0.0,68.5929028121
9620,1000.0,0.0,80.0222797908
9640,1000.0,0.0,72.7525343792
9660,966.45,0.0,65.6776896195
9680,1000.0,0.0,84.7501973842
9700,972.6,0.05,91.9607109498
9720,1000.0,0.0,81.0326281624
9740,914.15,0.15,92.5290107896
9760,876.05,0.2,97.2275767982
9780,738.4,0.3,90.8796951883
9800,838.85,0.35,104.428687877
9820,578.15,0.35,82.258606482
9840,512.6,0.7,128.098339689
9860,581.1,0.5,114.594571797
9880,597.05,0.45,98.9390081176
9900,633.9,0.6,140.689103862
9920,598.6,0.5,118.987513015
9940,618.7,0.6,130.224885882
9960,686.65,0.3,82.9248647874
9980,563.05,0.4,87.6456149103
10000,523.75,0.4,79.350325353
10020,504.7,0.55,105.939278719
10040,520.1,0.45,96.0635460053
10060,551.1,0.25,54.4569362644
10080,675.8,0.35,92.0446079516
10100,788.3,0.4,109.774290691
10120,526.9,0.55,116.929673629
10140,651.3,0.45,109.538137337
10160,623.6,0.55,119.399913889
10180,758.75,0.5,130.884637808
10200,621.45,0.55,127.813293152
10220,627.3,0.4,109.565218719
10240,606.8,0.4,97.3072953449
10260,651.55,0.45,98.4799436063
10280,794.75,0.35,114.078426851
10300,597.75,0.45,108.71544287
10320,634.75,0.5,125.845945651
10340,743.45,0.3,104.043198089
10360,803.5,0.4,111.258475046
10380,609.1,0.45,104.532392562
10400,854.4,0.4,118.639652786
10420,673.3,0.35,98.3186238976
10440,563.5,0.55,111.298762675
10460,591.15,0.65,131.478168729
10480,635.5,0.5,125.674388409
10500,744.15,0.4,100.693581646
10520,670.8,0.6,140.622967412
10540,846.15,0.2,86.5213228265
10560,632.75,0.35,77.6116197589
10580,700.25,0.45,122.584522621
10600,696.15,0.35,101.582082294
10620,629.25,0.3,91.8940168518
10640,804.65,0.2,79.5031362745
10660,779.25,0.25,100.4816965
10680,888.8,0.05,77.7178851734
10700,863.4,0.1,74.9185320984
10720,900.85,0.15,95.3667453239
10740,945.6,0.1,88.2165714715
10760,960.75,0.0,79.7947513304
10780,963.0,0.0,90.1625384553
10800,926.45,0.0,83.7332938879
10820,964.3,0.0,86.4878408581
10840,962.7,0.0,93.4736507723
10860,972.85,0.05,84.7138338421
10880,1000.0,0.0,83.5420005776
10900,1000.0,0.0,81.9089543641
10920,1000.0,0.0,73.6500051143
10940,1000.0,0.0,72.9534547606
10960,1000.0,0.0,69.070926967
10980,1000.0,0.0,68.9203362642
11000,1000.0,0.0,65.749620194
11020,947.5,0.25,86.7309192262
11040,957.8,0.2,90.071248736
11060,925.0,0.1,78.3892703062
11080,969.6,0.05,76.545831867
11100,968.2,0.05,78.5600460592
11120,968.7,0.1,81.5516725777
11140,928.85,0.2,87.6120317941
11160,831.9,0.25,97.4470327356
11180,835.55,0.3,93.751865123
11200,838.0,0.3,107.640754992
11220,843.0,0.3,101.167863138
11240,835.7,0.35,122.099608323
11260,763.55,0.35,101.966691783
11280,878.5,0.2,89.646027323
11300,803.55,0.15,73.906716638
11320,906.45,0.2,106.4526516
11340,943.9,0.1,85.9046056668
11360,972.15,0.05,92.644913064
11380,873.45,0.15,88.374537097
11400,974.1,0.05,78.5898871205
11420,815.45,0.25,98.317107028
11440,853.15,0.3,114.321567508
11460,767.75,0.35,108.352764813
11480,840.55,0.1,79.3327627255
11500,802.1,0.3,99.0156042233
11520,828.1,0.15,93.0184209768
11540,788.05,0.2,91.4404384734
11560,761.95,0.1,57.4731920392
11580,762.9,0.1,56.8550457576
11600,892.8,0.25,108.295886543
11620,609.9,0.5,121.086108938
11640,733.6,0.35,110.988119681
11660,649.7,0.4,122.013858696
11680,675.6,0.45,131.398202304
11700,592.85,0.4,98.2245795343
11720,793.0,0.2,100.212493774
11740,686.6,0.45,122.031311609
11760,580.8,0.3,88.0133693665
11780,963.85,0.05,94.4866789717
11800,701.8,0.3,88.3530918954
11820,579.0,0.45,113.232755263
11840,642.65,0.3,82.5378501292
11860,632.2,0.45,126.663927111
11880,801.15,0.25,99.2752454634
11900,839.05,0.15,83.9185777396
11920,764.5,0.3,100.596674066
11940,796.9,0.1,84.4074557091
11960,960.9,0.05,82.5649256629
11980,900.1,0.2,103.776026072
12000,855.45,0.2,113.235484435
12020,936.0,0.1,92.8567219097
12040,968.75,0.15,96.1307741302
12060,954.8,0.15,101.531957591
12080,925.95,0.1,85.4218696317
12100,883.25,0.2,103.429478211
12120,987.7,0.05,84.7873324541
12140,890.85,0.05,72.395408433
12160,893.0,0.1,78.9492020081
12180,949.9,0.1,99.7464788343
12200,938.3,0.1,78.8773270512
12220,949.05,0.05,84.31868579
12240,960.05,0.0,74.1508995472
12260,962.9,0.0,80.4300919614
12280,880.25,0.05,71.4716399456
12300,961.25,0.0,91.0175664902
12320,1000.0,0.0,89.9648455437
12340,962.35,0.0,85.3222170268
12360,962.7,0.0,95.9899283255
12380,923.6,0.0,95.259514479
12400,963.9,0.0,89.5299122399
12420,896.2,0.2,109.774138606
12440,862.9,0.15,104.549277954
12460,843.9,0.15,85.8145491914
12480,781.4,0.25,104.877772375
12500,701.0,0.35,98.1250616324
12520,666.0,0.4,110.780512208
12540,384.65,0.65,116.228057599
12560,542.65,0.45,102.914626175
12580,614.8,0.4,90.4943811668
12600,576.6,0.4,91.4560880287
12620,635.3,0.25,61.7832296922
12640,509.2,0.7,122.455046446
12660,550.6,0.55,111.170352644
12680,506.8,0.55,107.381605248
12700,501.95,0.4,76.7286176649
12720,523.65,0.45,89.0006068705
12740,635.55,0.5,108.298270615
12760,449.9,0.5,79.2831319062
12780,555.6,0.6,110.940000153
12800,582.15,0.45,94.1359359361
12820,613.1,0.15,28.7688379435
12840,525.15,0.5,85.1217555644
12860,670.25,0.45,84.4919427388
12880,703.05,0.4,75.5213927771
12900,629.15,0.65,109.12077835
12920,637.6,0.35,61.5280198255
12940,679.75,0.35,66.7495624557
12960,636.3,0.5,85.4827862426
12980,668.7,0.5,95.453312581
13000,637.2,0.6,112.262569196
13020,659.9,0.4,65.9665639834
13040,662.05,0.5,84.1673712473
13060,800.3,0.45,101.876527546
13080,786.0,0.4,96.2388217784
13100,689.55,0.5,90.3586752322
13120,676.05,0.55,84.5452543953
13140,711.8,0.4,63.1788252303
13160,632.45,0.4,68.7510066426
13180,548.0,0.6,94.5819760647
13200,718.9,0.45,93.4266704343
13220,700.45,0.45,92.9827673644
13240,578.2,0.5,70.7035767508
13260,656.5,0.3,47.3244548965
13280,720.95,0.2,38.8205706293
13300,781.95,0.25,70.0506287823
13320,762.9,0.4,83.6504458726
13340,793.6,0.3,70.7856802404
13360,869.2,0.3,82.4908075882
13380,872.1,0.3,77.5802538674
13400,850.2,0.35,82.3056371236
13420,857.45,0.1,28.7347458469
13440,866.5,0.3,64.0681693873
13460,904.9,0.3,72.3549412564
13480,918.6,0.05,31.1205868349
13500,950.3,0.15,58.8273458519
13520,878.15,0.25,66.5882805593
13540,973.05,0.05,55.8268076016
13560,907.4,0.2,53.7736613526
13580,913.9,0.25,65.1256571714
13600,915.65,0.25,57.8970805852
13620,978.75,0.05,46.3445945939
13640,933.5,0.15,69.1056616901
13660,980.1,0.05,57.2061731275
13680,939.3,0.15,76.2705517182
13700,1000.0,0.0,57.3685959543
13720,975.5,0.05,73.8417967022
13740,1000.0,0.0,65.2545106059
13760,1000.0,0.0,72.27317926
13780,1000.0,0.0,67.5944175221
13800,1000.0,0.0,79.7878966957
13820,1000.0,0.0,76.865022528
13840,967.45,0.0,72.874230239
13860,1000.0,0.0,77.1817673649
13880,1000.0,0.0,70.7524409507
13900,1000.0,0.0,70.4953168643
13920,1000.0,0.0,67.2674167439
13940,1000.0,0.0,67.9083631472
13960,1000.0,0.0,72.438033472
13980,965.45,0.0,64.2994549541
14000,1000.0,0.0,67.7928361986
14020,1000.0,0.0,80.5302484058
14040,1000.0,0.0,80.4715125021
14060,1000.0,0.0,92.7631130038
14080,1000.0,0.0,89.2995229565
14100,964.25,0.0,83.2021608168
14120,1000.0,0.0,93.5435979841
14140,1000.0,0.0,84.8664450866
14160,962.05,0.0,82.4680173535
14180,1000.0,0.0,86.1264659712
14200,1000.0,0.0,89.0438893465
14220,1000.0,0.0,89.3546480095
14240,964.35,0.0,71.7198936602
14260,1000.0,0.0,79.0410140761
14280,928.95,0.0,79.0791449975
14300,1000.0,0.0,83.8640868233
14320,962.65,0.0,82.1803415143
14340,964.3,0.0,75.6784031934
14360,961.85,0.0,85.403506014
14380,888.3,0.0,68.1092791571
14400,712.45,0.0,49.5137025447
14420,880.8,0.05,96.1158499331
14440,800.75,0.0,75.7152817061
14460,886.45,0.0,70.0011932427
14480,919.65,0.0,85.2189511025
14500,895.0,0.1,99.7565608892
14520,926.75,0.1,88.8733427399
14540,864.15,0.25,115.841489394
14560,886.8,0.2,98.2187900931
14580,893.1,0.15,96.6167784935
14600,973.5,0.05,89.4142227418
14620,950.75,0.1,102.346620811
14640,850.3,0.1,80.5770975737
14660,887.1,0.05,89.1101363395
14680,883.6,0.1,90.3274113131
14700,1000.0,0.0,90.2641566516
14720,956.55,0.0,82.105654254
14740,1000.0,0.0,94.2688735664
14760,957.35,0.0,99.1984835346
14780,962.55,0.0,92.933961387
14800,1000.0,0.0,85.6560324874
14820,1000.0,0.0,92.8263472607
14840,1000.0,0.0,84.1087488127
14860,1000.0,0.0,88.8702065458
14880,961.2,0.0,75.945550641
14900,926.95,0.0,83.8613715829
14920,965.7,0.0,90.8639606457
14940,1000.0,0.0,91.0558029008
14960,1000.0,0.0,90.9715994958
14980,853.05,0.0,74.2022376702
15000,964.15,0.0,85.946494477
15020,889.8,0.0,77.104929316
15040,964.35,0.0,98.6794222695
15060,959.25,0.0,98.3723392369
15080,1000.0,0.0,96.7769710594
15100,887.95,0.0,73.5414700408
15120,956.6,0.0,87.0211697884
15140,963.95,0.0,86.7167435096
15160,960.15,0.0,88.3346798888
15180,967.45,0.05,89.163579858
15200,968.5,0.05,95.2240208982
15220,930.35,0.05,93.8689254627
15240,950.9,0.05,87.2855686595
15260,958.4,0.0,79.2503442642
15280,973.2,0.05,87.1951092508
15300,959.6,0.0,81.0254973119
15320,954.7,0.0,68.5446626065
15340,961.2,0.05,96.9749585322
15360,971.7,0.05,88.9446490028
15380,966.45,0.0,72.8325426484
15400,1000.0,0.0,73.8199695894
15420,961.75,0.05,75.8266939369
15440,1000.0,0.0,60.7830158524
15460,1000.0,0.0,73.7368980652
15480,1000.0,0.0,64.2892251832
15500,1000.0,0.0,55.484416798
15520,993.15,0.1,70.8534893804
15540,1000.0,0.0,66.6696119279
15560,1000.0,0.0,64.376172551
15580,1000.0,0.0,64.7809840061
15600,958.15,0.0,53.5926651592
15620,1000.0,0.0,71.2489806325
15640,1000.0,0.0,64.3441571014
15660,1000.0,0.0,69.211774061
15680,1000.0,0.0,73.2712315742
15700,1000.0,0.0,66.9378026752
15720,1000.0,0.0,79.0355663423
15740,934.95,0.05,81.4229705263
15760,962.0,0.05,78.8181351312
15780,1000.0,0.0,79.4461942797
15800,1000.0,0.0,64.1122734182
15820,1000.0,0.0,68.8124921188
15840,1000.0,0.0,73.6096351984
15860,968.65,0.0,71.4027982839
15880,1000.0,0.0,72.7404013615
15900,1000.0,0.0,71.9123501729
15920,1000.0,0.0,83.4646816052
15940,969.95,0.05,92.3756332169
15960,1000.0,0.0,78.324847312
15980,1000.0,0.0,78.9601234922
16000,943.35,0.05,76.7890839288
16020,1000.0,0.0,79.1372933851
16040,1000.0,0.0,94.9589810489
16060,1000.0,0.0,83.0704034858
16080,1000.0,0.0,81.2795964169
16100,1000.0,0.0,91.6051994728
16120,1000.0,0.0,85.2054145121
16140,1000.0,0.0,87.3165191178
16160,957.0,0.0,87.7931263556
16180,966.0,0.0,86.5469146477
16200,966.35,0.0,85.6812453398
16220,962.2,0.0,84.2441527458
16240,1000.0,0.0,86.42717486
16260,963.3,0.0,75.6840968631
16280,1000.0,0.0,90.438444672
16300,1000.0,0.0,91.8582195252
16320,1000.0,0.0,92.4640807267
16340,1000.0,0.0,87.6955073442
16360,1000.0,0.0,83.8780762206
16380,1000.0,0.0,89.2599256149
16400,970.8,0.05,94.1714606452
16420,940.8,0.1,98.7395702268
16440,943.1,0.05,84.5319307648
16460,881.95,0.15,95.8909740749
16480,1000.0,0.0,81.5831635595
16500,979.3,0.05,91.920893491
16520,968.65,0.05,98.919657252
16540,932.0,0.05,85.0794418672
16560,936.8,0.1,102.617655901
16580,1000.0,0.0,91.9870110266
16600,966.1,0.0,81.8318995061
16620,900.05,0.05,81.7588360038
16640,965.4,0.05,96.1372531137
16660,966.45,0.0,73.8119927288
16680,895.2,0.05,94.5230409321
16700,965.0,0.05,97.63886321
16720,1000.0,0.0,97.6614810172
16740,1000.0,0.0,91.0016400344
16760,1000.0,0.0,89.9646622741
16780,1000.0,0.0,80.8970136698
16800,1000.0,0.0,95.0044807345
16820,936.1,0.0,84.7487397092
16840,969.6,0.0,81.2582176434
16860,1000.0,0.0,93.7053695432
16880,1000.0,0.0,88.5550469452
16900,1000.0,0.0,95.5789438574
16920,965.85,0.0,79.9113252082
16940,967.2,0.0,88.4071639828
16960,964.25,0.0,90.2794846987
16980,1000.0,0.0,95.9256310818
17000,966.5,0.0,81.779531049
17020,885.15,0.0,87.5919820989
17040,965.35,0.0,88.3328963222
17060,1000.0,0.0,88.5426864327
17080,928.8,0.0,82.3016027816
17100,891.3,0.0,85.0884037298
17120,1000.0,0.0,95.0890148633
17140,929.55,0.0,86.1918238324
17160,921.9,0.0,90.3375782578
17180,853.3,0.0,68.2554811907
17200,1000.0,0.0,95.155730541
17220,807.4,0.0,60.2317721866
17240,956.75,0.0,88.2270353959
17260,964.15,0.0,92.15721326
17280,928.05,0.0,90.264953249
17300,879.85,0.0,82.6403691538
17320,964.65,0.0,90.3066396008
17340,928.0,0.0,78.3914172871
17360,859.3,0.0,74.5590274592
17380,1000.0,0.0,86.3559579319
17400,1000.0,0.0,86.8274822922
17420,966.35,0.0,72.1724287722
17440,845.9,0.0,57.9867825117
17460,930.55,0.0,59.6524504538
17480,923.4,0.0,72.7937742861
17500,964.65,0.0,67.9847446806
17520,957.8,0.0,75.747679528
17540,1000.0,0.0,79.5731893817
17560,967.35,0.0,62.0454290483
17580,1000.0,0.0,80.4599760677
17600,964.85,0.0,64.6971677658
17620,1000.0,0.0,79.4429497695
17640,1000.0,0.0,81.398072755
17660,1000.0,0.0,76.3307340902
17680,1000.0,0.0,75.0093305239
17700,1000.0,0.0,82.2504692382
17720,1000.0,0.0,82.9223982864
17740,1000.0,0.0,79.5633628433
17760,963.0,0.0,82.7432467559
17780,964.15,0.0,80.9540126752
17800,957.55,0.0,90.0253651018
17820,935.15,0.0,77.6164796798
17840,957.35,0.0,92.3886288337
17860,891.7,0.0,80.9926488453
17880,964.55,0.0,78.1367328392
17900,936.85,0.05,84.8021064552
17920,957.15,0.0,80.8349306644
17940,959.65,0.0,78.5956920955
17960,832.55,0.05,72.34656264
17980,822.6,0.0,57.6038473381
18000,920.6,0.05,87.5410779962
18020,899.35,0.1,93.7809300917
18040,663.75,0.5,127.112971789
18060,730.3,0.35,100.36916169
18080,722.95,0.6,139.133231642
18100,488.15,0.55,102.661000064
18120,690.85,0.6,139.176595444
18140,731.15,0.4,108.735053974
18160,754.75,0.4,105.892042749
18180,595.65,0.75,146.5349112
18200,742.85,0.4,98.3896718117
18220,760.15,0.35,100.306138937
18240,755.05,0.5,124.376999429
18260,693.05,0.65,140.220123843
18280,838.4,0.35,90.5384932662
18300,695.4,0.6,132.224280074
18320,783.6,0.5,118.155971562
18340,684.4,0.6,132.322270229
18360,781.45,0.35,94.9296833123
18380,791.75,0.45,120.04617841
18400,722.75,0.45,114.741238679
18420,727.7,0.45,92.61400732
18440,712.95,0.6,119.176847111
18460,710.25,0.65,146.986602876
18480,690.4,0.6,129.111087022
18500,675.1,0.7,140.032970485
18520,766.25,0.55,132.780492708
18540,650.3,0.65,132.464251653
18560,664.0,0.6,138.461739264
18580,615.5,0.75,154.597760064
18600,662.55,0.65,142.250774146
18620,681.95,0.6,141.562454321
18640,541.45,0.6,133.834581333
18660,665.3,0.65,127.988182874
18680,644.05,0.55,119.312429008
18700,730.05,0.4,115.011259924
18720,662.25,0.45,105.28686082
18740,590.75,0.6,126.619454687
18760,691.25,0.6,124.155968271
18780,798.5,0.4,109.620203914
18800,665.75,0.6,131.497211265
18820,689.85,0.55,135.390295589
18840,640.45,0.45,111.124180183
18860,586.1,0.7,146.567667881
18880,584.25,0.75,159.846366788
18900,618.0,0.5,124.455252608
18920,556.05,0.4,94.7161244913
18940,596.8,0.4,85.3291108698
18960,568.8,0.65,140.183641131
18980,700.55,0.3,89.6869161646
19000,591.95,0.6,142.534583018
19020,678.5,0.55,124.471952752
19040,662.75,0.6,148.59320468
19060,591.75,0.5,114.338329488
19080,746.8,0.45,119.398630661
19100,672.7,0.65,145.127907635
19120,562.6,0.6,136.296903045
19140,708.05,0.4,111.247424499
19160,707.85,0.55,132.607140559
19180,656.25,0.7,146.868894669
19200,681.95,0.6,126.077829708
19220,612.3,0.7,153.596829393
19240,667.55,0.65,145.307814209
19260,656.8,0.5,120.5910075
19280,698.4,0.55,136.072693424
19300,720.45,0.65,136.181996889
19320,693.6,0.55,127.375145063
19340,656.8,0.7,150.703496497
19360,607.35,0.7,152.36718223
19380,719.8,0.5,126.901679559
19400,748.45,0.35,99.720375837
19420,624.35,0.7,149.231331022
19440,736.1,0.65,152.122955402
19460,680.6,0.75,169.131961904
19480,715.3,0.65,146.554395827
19500,668.1,0.8,169.825713946
19520,727.3,0.6,145.343234327
19540,705.8,0.65,144.07678802
19560,660.35,0.7,156.738303481
19580,612.55,0.7,149.201636597
19600,683.95,0.65,147.41208179
19620,698.85,0.55,134.32197382
19640,770.7,0.4,114.51680883
19660,667.1,0.5,116.901824758
19680,712.6,0.45,118.144837966
19700,659.45,0.65,139.318826964
19720,623.55,0.7,147.678653632
19740,740.15,0.45,122.379030497
19760,670.95,0.65,132.501980148
19780,745.8,0.45,102.538094969
19800,886.6,0.3,98.6720122138
19820,694.05,0.5,114.974532653
19840,804.15,0.45,115.22932032
19860,722.2,0.6,130.932619891
19880,797.65,0.5,127.189177192
19900,757.45,0.55,133.687430834
19920,737.15,0.75,155.300550618
19940,729.4,0.55,116.942492248
19960,847.8,0.45,120.598185149
19980,826.8,0.6,135.437556299
20000,793.7,0.6,143.859663205
20020,691.75,0.85,163.00360086
20040,616.85,0.75,160.884259139
20060,756.1,0.5,126.720077107
20080,822.25,0.4,112.20629163
20100,627.6,0.7,148.331467119
20120,577.05,0.7,140.581986618
20140,745.85,0.5,131.061170964
20160,710.65,0.6,135.573884259
20180,772.25,0.55,120.668401338
20200,674.8,0.65,150.350191007
20220,663.85,0.7,157.669964469
20240,615.15,0.7,136.064249281
20260,729.9,0.65,141.386798041
20280,641.05,0.6,137.31175992
20300,772.85,0.55,131.776337533
20320,643.85,0.8,153.971566102
20340,720.5,0.7,150.291367016
20360,767.45,0.55,128.266770474
20380,720.1,0.45,118.280558855
20400,654.15,0.85,170.358823868
20420,661.75,0.9,172.699253639
20440,595.5,0.75,157.507741638
20460,647.3,0.65,148.963014819
20480,547.45,0.75,160.66961781
20500,569.1,0.7,160.467595808
20520,625.45,0.7,157.140729932
20540,681.45,0.55,130.7919838
20560,630.6,0.7,160.469924702
20580,685.25,0.5,126.987974675
20600,668.45,0.55,137.013463761
20620,683.55,0.65,145.321677247
20640,673.7,0.6,147.554848675
20660,656.85,0.75,162.098246093
20680,552.8,0.6,121.755049439
20700,597.85,0.9,172.98159791
20720,629.1,0.65,151.024983352
20740,728.7,0.5,125.350914558
20760,672.45,0.55,132.937030416
20780,621.45,0.5,121.467482672
20800,615.45,0.7,159.925172599
20820,800.5,0.3,91.0538738784
20840,671.1,0.65,148.003728691
20860,671.9,0.5,120.981096151
20880,642.85,0.55,127.52283953
20900,570.0,0.65,136.630702509
20920,659.75,0.55,130.936876891
20940,641.85,0.55,138.337507246
20960,587.85,0.65,144.518436914
20980,639.25,0.6,137.117190609
21000,592.0,0.65,144.471850905
21020,517.25,0.7,146.471568136
21040,683.9,0.75,162.081123765
21060,489.15,0.7,143.26539233
21080,743.1,0.6,147.239712807
21100,656.3,0.65,145.273109409
21120,629.3,0.75,164.129434502
21140,662.55,0.7,152.447120223
21160,735.8,0.45,121.960219452
21180,644.5,0.4,105.072275018
21200,628.5,0.55,141.567810904
21220,794.2,0.45,118.239099653
21240,483.1,0.6,120.742612356
21260,649.95,0.55,124.222754403
21280,589.5,0.6,138.827286623
21300,628.9,0.5,125.441277244
21320,686.55,0.7,155.420570955
21340,645.7,0.6,147.507768167
21360,663.35,0.75,150.661484082
21380,589.5,0.95,178.735066794
21400,752.65,0.5,133.467551063
21420,826.0,0.5,132.87704746
21440,761.25,0.7,138.648811721
21460,650.05,0.65,144.279981084
21480,708.25,0.65,140.612373065
21500,829.2,0.35,99.4474816768
21520,696.15,0.55,125.978832026
21540,687.15,0.65,135.886170483
21560,841.95,0.35,90.7177870183
21580,828.1,0.4,108.82062588
21600,714.15,0.6,130.682022894
21620,694.7,0.6,144.010278616
21640,689.35,0.6,127.471055535
21660,744.25,0.4,104.34744932
21680,750.25,0.5,120.493410897
21700,711.5,0.6,134.306196949
21720,676.4,0.65,148.662055489
21740,673.0,0.75,164.956421309
21760,683.0,0.75,156.663467517
21780,715.55,0.85,159.407190757
21800,655.35,0.85,168.730617752
21820,718.85,0.8,168.227275854
21840,749.75,0.7,146.074306207
21860,666.45,0.75,145.603173853
21880,726.85,0.75,151.719275959
21900,733.8,0.7,148.05766863
21920,773.55,0.45,125.924744663
21940,764.3,0.6,139.793948278
21960,623.2,0.8,168.892089353
21980,722.0,0.65,152.007452512
22000,695.4,0.6,131.414879456
22020,710.2,0.65,152.747201587
22040,767.25,0.55,129.934722827
22060,743.55,0.65,144.625425069
22080,707.3,0.7,141.914019421
22100,663.0,0.85,167.194478411
22120,735.8,0.7,140.726958954
22140,612.9,0.75,148.985945328
22160,700.6,0.6,120.62136918
22180,785.6,0.55,143.576558613
22200,738.1,0.6,140.981520451
22220,728.25,0.7,145.53559373
22240,650.15,0.85,173.702367475
22260,694.85,0.75,162.34246912
22280,748.95,0.6,130.994223938
22300,625.55,0.8,161.528986023
22320,685.55,0.65,161.211497
22340,816.45,0.45,116.927632569
22360,736.4,0.55,133.966023854
22380,702.6,0.65,145.271746664
22400,786.65,0.6,135.689700124
22420,753.6,0.45,127.267397852
22440,759.9,0.55,134.396440381
22460,750.5,0.45,111.713338266
22480,659.25,0.65,143.824341671
22500,705.35,0.65,150.308190096
22520,657.95,0.6,139.414107563
22540,612.7,0.8,170.523190434
22560,669.3,0.75,156.529221805
22580,710.15,0.75,154.118773595
22600,725.1,0.75,168.26666775
22620,659.75,0.8,165.852359272
22640,707.0,0.65,148.42184065
22660,551.7,0.7,150.988397515
22680,713.65,0.6,147.029714974
22700,862.65,0.2,93.4962040968
22720,782.7,0.4,121.267183347
22740,707.15,0.6,139.791135279
22760,662.45,0.55,136.863717713
22780,728.3,0.45,116.356849955
22800,607.15,0.65,144.245280745
22820,764.0,0.6,137.053681798
22840,694.5,0.6,141.554563965
22860,715.85,0.55,145.32397987
22880,731.45,0.45,125.778972052
22900,735.4,0.55,138.554141631
22920,775.75,0.45,117.257192544
22940,629.3,0.6,141.826777707
22960,662.55,0.65,159.242044871
22980,527.15,0.9,186.365523569
23000,605.4,0.85,183.054258143
23020,646.05,0.8,177.275617548
23040,523.0,0.85,172.123830024
23060,610.9,0.65,144.940266543
23080,568.25,0.7,151.437544977
23100,652.05,0.5,132.105023652
23120,767.55,0.65,155.471196705
23140,529.4,0.65,139.077107394
23160,504.15,0.8,159.897365922
23180,683.85,0.6,147.548572846
23200,540.7,0.7,151.362914031
23220,580.45,0.35,102.449838485
23240,546.6,0.85,182.245106732
23260,577.2,0.7,157.915087396
23280,494.6,0.95,207.948866284
23300,519.0,0.7,163.841639737
23320,622.35,0.65,152.99395608
23340,531.5,0.8,165.729234563
23360,533.95,0.85,177.020909702
23380,646.1,0.65,148.891883017
23400,600.25,0.55,142.839085605
23420,639.4,0.7,162.501288454
23440,506.15,0.75,152.987207894
23460,577.6,0.5,127.788028792
23480,608.65,0.7,157.572540251
23500,560.45,0.6,134.014443084
23520,665.9,0.55,143.69202135
23540,609.25,0.75,170.869472563
23560,549.8,0.7,156.723420331
23580,670.55,0.55,141.283198353
23600,626.75,0.7,157.621234747
23620,537.7,0.75,165.605183516
23640,628.3,0.5,129.272158303
23660,624.75,0.8,173.6478742
23680,609.5,0.75,170.428397168
23700,609.35,0.8,181.47808128
23720,571.4,0.75,169.457757834
23740,598.3,0.55,129.117590985
23760,615.65,0.65,156.946282003
23780,619.9,0.65,158.463626289
23800,737.7,0.35,109.631506399
23820,621.3,0.8,177.100082242
23840,683.65,0.55,135.346507331
23860,514.8,0.75,155.045872506
23880,535.45,0.85,174.78753407
23900,685.1,0.6,153.570655274
23920,472.7,0.7,157.140843555
23940,481.3,0.8,168.011567573
23960,514.6,0.75,151.236417149
23980,557.7,0.75,171.526080017
24000,625.45,0.6,146.098317682
24020,703.15,0.5,144.308924851
24040,649.8,0.45,125.240592513
24060,666.3,0.65,156.208434449
24080,640.05,0.55,146.566925307
24100,658.9,0.65,164.515001253
24120,677.0,0.65,157.833929829
24140,713.6,0.45,134.20125557
24160,681.95,0.55,144.822721379
24180,674.05,0.45,124.944405671
24200,635.5,0.6,155.636871935
24220,553.3,0.8,180.442827913
24240,537.05,0.85,179.278754879
24260,504.0,0.8,162.769182741
24280,481.8,0.8,176.617269355
24300,598.15,0.6,141.647239929
24320,566.35,0.35,103.386591834
24340,621.4,0.7,170.769164925
24360,730.3,0.45,137.055230722
24380,744.8,0.35,106.631650518
24400,705.1,0.55,144.055335103
24420,769.2,0.45,132.45744186
24440,661.05,0.55,147.852520006
24460,728.05,0.5,138.372771912
24480,530.5,0.7,159.151596434
24500,558.5,0.8,178.696286332
24520,561.55,0.7,160.859615177
24540,597.1,0.7,160.283213576
24560,613.95,0.7,161.803020107
24580,660.3,0.8,186.43183304
24600,517.7,0.7,154.867052551
24620,522.75,0.8,176.228897971
24640,443.0,0.75,152.6190392
24660,682.25,0.55,146.234260566
24680,701.3,0.5,122.05261373
24700,584.0,0.65,144.590803207
24720,730.55,0.45,125.137141064
24740,655.8,0.7,164.111992031
24760,562.4,0.6,145.589069409
24780,552.55,0.5,127.451896452
24800,673.9,0.6,153.044007267
24820,595.45,0.75,167.679011331
24840,524.2,0.85,191.488255621
24860,472.3,0.8,175.543473151
24880,576.15,0.7,163.00533276
24900,588.35,0.8,178.623576976
24920,540.2,0.65,147.839095327
24940,529.5,0.8,167.584762228
24960,638.95,0.55,137.251292402
24980,558.85,0.75,167.052790106
25000,644.35,0.65,161.156825398
25020,578.55,0.6,153.908091033
25040,544.6,0.55,132.187422556
25060,576.25,0.8,173.82211499
25080,524.65,0.9,198.20763325
25100,493.8,0.7,155.310924852
25120,625.9,0.8,173.386441464
25140,567.75,0.75,178.781937646
25160,596.3,0.8,171.801009483
25180,628.75,0.5,135.534841872
25200,665.55,0.7,166.111856506
25220,537.0,0.85,186.739382516
25240,549.95,0.85,178.183062545
25260,537.05,0.8,174.157316112
25280,549.85,0.85,193.037572864
25300,523.7,0.95,197.694254062
25320,541.05,0.85,173.047265008
25340,621.9,0.7,157.67656671
25360,667.55,0.8,182.232053389
25380,586.35,0.8,179.986707378
25400,575.05,0.7,164.900864946
25420,496.35,0.95,205.066987961
25440,574.8,0.85,183.615460384
25460,700.2,0.6,160.045201173
25480,652.4,0.8,175.703596437
25500,596.2,0.75,167.204383008
25520,668.3,0.65,161.572050546
25540,714.3,0.5,141.759930943
25560,571.25,0.8,167.680729674
25580,590.2,0.75,181.505973593
25600,593.85,0.8,182.057605531
25620,630.3,0.75,170.412036528
25640,578.3,0.8,176.975154713
25660,658.15,0.75,171.880862015
25680,577.2,0.9,190.278891753
25700,584.55,0.85,181.842731964
25720,523.45,0.85,176.928992926
25740,592.35,0.8,177.50364535
25760,550.15,0.75,165.431040283
25780,634.9,0.7,169.363169322
25800,641.9,0.5,134.940851764
25820,535.3,0.75,161.878435683
25840,528.15,0.9,188.365956246
25860,521.75,0.95,193.327372294
25880,541.7,0.8,186.908506641
25900,610.8,0.6,155.05576595
25920,583.95,0.7,159.931816888
25940,463.2,0.65,138.137114433
25960,591.15,0.65,153.082193961
25980,536.15,0.65,161.631658587
26000,503.75,0.7,168.6011675
26020,691.25,0.5,142.797985214
26040,509.5,0.55,139.953429855
26060,538.1,0.6,150.971757851
26080,517.15,0.6,143.459590196
26100,418.7,0.6,122.621777718
26120,457.8,0.55,141.714501929
26140,440.1,0.55,130.003825164
26160,509.35,0.7,162.47558846
26180,563.15,0.6,145.81042649
26200,529.55,0.5,121.168134775
26220,499.15,0.65,155.339247084
26240,479.75,0.8,161.48307413
26260,538.7,0.7,160.531361161
26280,522.2,0.55,130.381987764
26300,508.5,0.5,118.399796527
26320,442.3,0.35,86.8068272128
26340,425.5,0.5,119.048425289
26360,555.3,0.4,100.469641838
26380,445.35,0.65,138.290924635
26400,692.45,0.45,125.469505248
26420,580.65,0.55,136.503743446
26440,440.0,0.3,84.8569872609
26460,524.9,0.6,144.680248024
26480,443.1,0.45,114.40563754
26500,488.15,0.45,103.89085702
26520,388.45,0.4,100.363623783
26540,417.85,0.4,103.369891332
26560,653.15,0.55,149.393960736
26580,460.15,0.65,141.830451144
26600,557.7,0.6,144.906550858
26620,616.05,0.4,115.858013972
26640,479.15,0.55,129.966964071
26660,599.65,0.5,136.879868617
26680,622.1,0.5,140.208007272
26700,579.35,0.65,150.5639004
26720,679.55,0.5,136.295589993
26740,589.3,0.55,159.273652006
26760,614.05,0.6,163.148945578
26780,498.45,0.5,128.430498766
26800,563.1,0.45,125.747891822
26820,629.6,0.5,130.268137662
26840,702.9,0.65,157.91493439
26860,647.7,0.6,164.28647864
26880,699.0,0.55,145.136025896
26900,646.2,0.55,136.418022688
26920,717.1,0.65,169.072153464
26940,771.5,0.45,138.168197083
26960,715.45,0.55,142.120448096
26980,700.75,0.45,139.291475612
27000,684.7,0.6,147.281023793
27020,616.2,0.65,155.760504583
27040,552.05,0.65,159.841121121
27060,535.55,0.85,176.228657476
27080,542.6,0.8,181.849976199
27100,576.05,0.7,169.445813538
27120,484.85,0.85,182.471126512
27140,557.15,0.75,160.246076033
27160,577.65,0.85,188.650441192
27180,486.3,0.8,186.297794995
27200,540.6,0.75,161.404477636
27220,550.85,0.8,180.845321031
27240,527.3,0.85,179.448245064
27260,545.85,0.9,192.310115701
27280,485.75,0.9,196.159006721
27300,550.1,0.8,184.398243217
27320,649.15,0.75,174.212781118
27340,569.5,0.7,165.474682082
27360,728.75,0.5,139.996558857
27380,751.5,0.5,144.519381324
27400,697.85,0.4,119.712113455
27420,860.75,0.3,112.314646743
27440,726.7,0.65,154.244022346
27460,843.3,0.35,132.245699034
27480,689.3,0.55,147.422886034
27500,783.05,0.5,138.982464712
27520,737.3,0.65,163.846356326
27540,727.85,0.6,154.678378833
27560,649.75,0.75,170.595295473
27580,640.65,0.65,154.649368462
27600,662.35,0.7,167.557297041
27620,597.0,0.8,183.829643273
27640,667.3,0.7,161.577522098
27660,609.3,0.9,195.560180606
27680,619.0,0.7,161.129288545
27700,595.15,0.85,178.361365467
27720,618.65,0.85,183.415619816
27740,546.3,0.8,172.431633109
27760,597.1,0.8,187.57967988
27780,615.25,0.75,174.738698077
27800,617.45,0.75,163.843523771
27820,723.2,0.6,150.402632718
27840,671.55,0.7,172.620689216
27860,703.25,0.55,139.960370598
27880,705.9,0.7,164.336155123
27900,617.95,0.75,174.359032156
27920,735.2,0.55,152.749644992
27940,685.0,0.75,162.831016698
27960,731.95,0.6,149.373459338
27980,729.95,0.65,156.449140724
28000,724.0,0.6,154.309239173
28020,887.3,0.35,115.200420816
28040,869.55,0.45,128.723545182
28060,763.1,0.6,151.142253038
28080,668.35,0.8,174.978965753
28100,665.4,0.6,136.336976786
28120,666.05,0.65,160.461498354
28140,728.3,0.55,135.639983437
28160,732.5,0.6,151.969372013
28180,663.7,0.75,157.535230372
28200,719.05,0.7,154.998682128
28220,691.0,0.75,160.516065986
28240,673.45,0.65,149.372657062
28260,677.25,0.6,142.348177124
28280,716.85,0.5,137.08751632
28300,721.45,0.6,150.647267837
28320,608.75,0.85,185.69278029
28340,564.75,0.8,166.708714217
28360,701.6,0.65,151.05027312
28380,781.1,0.55,143.153655706
28400,662.95,0.65,162.557410694
28420,644.95,0.65,156.429394924
28440,714.65,0.6,153.452074575
28460,629.4,0.85,178.563132399
28480,690.7,0.6,149.510186101
28500,743.3,0.6,148.238801147
28520,703.25,0.5,132.628508763
28540,670.9,0.65,154.9144412
28560,776.4,0.45,128.923438439
28580,745.95,0.5,132.679577034
28600,716.5,0.4,104.293034346
28620,803.4,0.5,142.30734379
28640,759.6,0.55,153.346220677
28660,799.6,0.35,113.279419997
28680,673.55,0.65,147.636963425
28700,823.9,0.3,106.530860005
28720,855.95,0.25,108.64442025
28740,629.7,0.7,158.200948374
28760,728.0,0.45,129.04960619
28780,797.05,0.4,124.332052678
28800,720.8,0.45,118.383016368
28820,890.4,0.3,120.241073183
28840,700.85,0.65,156.06853484
28860,593.3,0.45,112.092686714
28880,716.8,0.5,143.076225802
28900,686.3,0.75,166.90362413
28920,789.9,0.55,139.734353245
28940,715.6,0.55,138.460336381
28960,654.75,0.75,176.034320485
28980,689.7,0.7,168.582805987
29000,622.45,0.55,123.381704106
29020,677.25,0.45,130.719170239
29040,692.5,0.7,164.043879371
29060,714.2,0.5,130.960550484
29080,785.5,0.45,129.42357568
29100,778.05,0.35,105.191905116
29120,707.95,0.6,149.474090825
29140,805.1,0.45,135.221642655
29160,722.85,0.65,152.365906169
29180,880.1,0.35,121.776839109
29200,763.15,0.5,148.397911249
29220,708.35,0.6,148.66159937
29240,785.85,0.55,147.470825151
29260,741.75,0.6,148.010428775
29280,747.45,0.5,136.642428317
29300,704.6,0.55,139.790842726
29320,657.2,0.7,163.689923634
29340,693.4,0.65,153.653885537
29360,698.25,0.6,152.911284468
29380,738.7,0.65,168.354349958
29400,825.5,0.35,120.500684855
29420,760.0,0.7,155.796564072
29440,681.75,0.65,153.908679214
29460,764.6,0.55,133.135254822
29480,854.1,0.4,130.562791912
29500,810.3,0.45,134.989463095
29520,752.0,0.6,154.258412259
29540,784.55,0.45,123.748340442
29560,767.2,0.4,114.732916861
29580,696.55,0.55,134.469565229
29600,883.7,0.3,122.150567054
29620,785.55,0.5,135.413826544
29640,705.0,0.5,137.234082526
29660,721.9,0.55,146.363409467
29680,725.6,0.5,129.69324046
29700,700.3,0.65,153.437959625
29720,786.8,0.55,144.117778346
29740,628.4,0.5,134.647727756
29760,724.85,0.55,154.572500862
29780,815.95,0.35,112.377444059
29800,697.05,0.4,122.455030942
29820,713.25,0.6,162.300995169
29840,663.25,0.6,147.801581373
29860,741.1,0.5,149.414850381
29880,797.8,0.55,147.907317275
29900,728.0,0.65,153.873287538
29920,604.6,0.7,153.919776926
29940,732.85,0.35,116.745450715
29960,649.9,0.45,122.927526854
29980,637.35,0.6,137.421381992
30000,661.5,0.55,139.614221544
