20,72.85,0.0,-353.628664916
40,68.4,0.0,-274.367277608
60,74.65,0.0,-307.406384677
80,75.0,0.0,-305.207294453
100,76.65,0.0,-237.606140891
120,75.3,0.0,-230.490274351
140,76.7,0.0,-206.458965021
160,72.6,0.0,-186.711860789
180,71.25,0.0,-190.081371778
200,82.95,0.0,-195.962459946
220,76.45,0.0,-229.105974846
240,80.65,0.0,-182.368340039
260,84.9,0.0,-195.785089373
280,84.6,0.0,-184.739916198
300,98.3,0.0,-189.948467469
320,103.25,0.0,-199.957227051
340,100.1,0.0,-192.761139167
360,106.45,0.0,-188.918728422
380,115.1,0.0,-162.608179063
400,140.75,0.0,-223.638433608
420,161.4,0.0,-284.090453385
440,203.85,0.0,-319.706080378
460,216.2,0.0,-265.555821571
480,199.15,0.0,-331.87723687
500,177.2,0.0,-232.260354077
520,209.75,0.0,-242.156198302
540,200.0,0.0,-234.652709137
560,212.75,0.0,-133.997607145
580,214.75,0.0,-166.018468843
600,226.1,0.0,-118.824192542
620,200.7,0.0,-116.453982071
640,162.55,0.0,-99.1167586748
660,299.5,0.0,-82.7169778745
680,254.95,0.0,-78.1994225393
700,321.95,0.0,-93.3550018395
720,311.7,0.0,-114.921149551
740,228.85,0.0,-83.7242641345
760,360.15,0.0,-89.9944972808
780,280.0,0.0,-78.8402411226
800,448.35,0.0,-66.3214851407
820,480.9,0.0,-65.4645912373
840,451.8,0.0,-106.56798145
860,514.4,0.0,-70.4256975223
880,640.25,0.0,-91.4764436586
900,535.5,0.0,-105.209139472
920,635.55,0.0,-88.0440096889
940,737.0,0.0,-80.8559564831
960,681.2,0.05,-54.2127723727
980,485.95,0.2,-27.7323869365
1000,359.55,0.1,-67.9834591991
1020,325.1,0.2,-35.2391070882
1040,306.15,0.2,-35.7866365034
1060,251.45,0.15,-22.6986673945
1080,325.1,0.1,-59.6195842407
1100,347.05,0.05,-73.0830651452
1120,325.9,0.15,-36.7460152973
1140,425.5,0.45,13.0491828447
1160,503.75,0.4,-10.2482567111
1180,481.75,0.35,-17.575878559
1200,682.0,0.5,-7.02003627778
1220,627.9,0.6,32.4071537474
1240,804.15,0.4,-17.9346072687
1260,746.2,0.45,8.43545437722
1280,749.2,0.7,45.6275706796
1300,651.35,0.5,-1.41868488471
1320,508.1,0.55,43.7743489042
1340,519.35,0.45,5.7434122514
1360,544.2,0.65,49.838336326
1380,538.65,0.7,73.3417092134
1400,548.1,0.65,53.6899743765
1420,611.55,0.6,20.8658447676
1440,589.75,0.6,57.6959751377
1460,639.85,0.4,-1.77848922983
1480,629.6,0.8,71.3761524884
1500,571.55,0.75,63.4825796551
1520,530.4,0.55,22.085758085
1540,512.0,0.75,71.046748778
1560,586.8,0.65,54.9631506703
1580,526.75,0.75,87.7134998296
1600,694.55,0.8,49.4940367186
1620,756.85,0.55,29.5112799989
1640,721.9,0.65,68.2345339099
1660,712.65,0.6,35.9149516145
1680,675.95,0.7,81.7181033751
1700,762.8,0.6,67.9451829041
1720,654.35,0.65,103.944106894
1740,621.55,0.5,63.3978762015
1760,725.1,0.5,73.7980325695
1780,693.95,0.5,90.0552954108
1800,823.6,0.3,74.4661757221
1820,828.25,0.35,79.8755080542
1840,777.95,0.25,59.9007681491
1860,632.3,0.4,43.5352603403
1880,611.45,0.35,36.850988376
1900,623.2,0.45,26.0123466842
1920,586.35,0.5,47.3181081544
1940,620.15,0.35,0.88472018202
1960,564.2,0.45,22.8810604304
1980,570.5,0.5,60.0571892118
2000,376.95,0.6,63.4639714038
2020,505.1,0.3,9.56773243091
2040,403.9,0.55,54.0327790768
2060,507.55,0.5,70.4769028826
2080,469.9,0.4,35.9670558164
2100,684.4,0.55,95.174025121
2120,518.05,0.25,12.1494498263
2140,582.05,0.3,32.4685579821
2160,480.45,0.6,78.4796566472
2180,553.45,0.4,39.4043606878
2200,596.9,0.5,42.6682183551
2220,652.7,0.6,86.9638354184
2240,531.95,0.35,25.4916170012
2260,889.4,0.25,72.7115577326
2280,772.95,0.35,66.5185123188
2300,846.2,0.3,80.0287146265
2320,915.25,0.25,81.8004046092
2340,926.9,0.25,92.2330163539
2360,888.65,0.15,71.7199933008
2380,943.85,0.25,90.8297615715
2400,876.55,0.15,86.5146833742
2420,994.1,0.05,71.1212300718
2440,860.95,0.05,62.9185173572
2460,928.45,0.0,55.292945056
2480,785.8,0.2,75.1430109247
2500,684.55,0.35,83.2863275115
2520,770.05,0.25,78.0100405892
2540,660.1,0.15,49.6703678001
2560,850.4,0.1,66.8939835827
2580,784.8,0.15,76.8794302956
2600,1000.0,0.0,77.7197288799
2620,860.15,0.05,70.412133255
2640,958.1,0.05,79.4142389554
2660,1000.0,0.0,92.2099236295
2680,863.05,0.05,69.3885261174
2700,913.35,0.15,83.969496827
2720,781.6,0.35,87.5578609253
2740,701.8,0.4,96.2149052442
2760,752.1,0.35,83.7723925517
2780,753.6,0.45,108.686255076
2800,762.0,0.45,95.1259384561
2820,830.75,0.4,90.224444598
2840,735.1,0.25,50.6223189001
2860,944.05,0.1,64.0646069249
2880,946.55,0.15,80.2196142946
2900,999.75,0.05,76.7885236568
2920,941.7,0.05,67.432126058
2940,902.8,0.1,79.7890369047
2960,963.5,0.0,72.8319675013
2980,908.75,0.1,75.5318869042
3000,1000.0,0.0,99.5724142988
3020,884.7,0.05,89.8339942859
3040,838.95,0.1,90.6679517472
3060,887.6,0.05,80.2783437531
3080,891.35,0.0,78.1199968053
3100,848.25,0.1,67.4772082582
3120,899.95,0.05,73.9897397448
3140,797.3,0.1,66.3984386216
3160,886.4,0.25,104.366950977
3180,956.05,0.1,89.1493577363
3200,751.95,0.25,85.9327420849
3220,843.7,0.25,100.768686086
3240,878.35,0.2,86.388518695
3260,903.7,0.2,82.2745040563
3280,913.2,0.1,48.8774300534
3300,917.05,0.15,65.3426470965
3320,1000.0,0.0,50.5785911239
3340,1000.0,0.0,56.8800914973
3360,976.6,0.05,76.2924593887
3380,997.3,0.05,69.2578343896
3400,1000.0,0.0,66.6801281736
3420,1000.0,0.0,68.3947549374
3440,970.65,0.0,64.4533391215
3460,974.8,0.05,72.4593463643
3480,988.35,0.05,87.4173361616
3500,1000.0,0.0,82.3453556549
3520,896.1,0.0,65.2585563177
3540,892.0,0.0,80.1043217799
3560,893.5,0.05,87.448021162
3580,786.2,0.1,82.9722821825
3600,727.15,0.1,74.5036471051
3620,774.75,0.0,59.7735902914
3640,856.55,0.05,74.6652516934
3660,704.4,0.05,60.6842332526
3680,653.4,0.15,67.3804818319
3700,843.35,0.05,80.0353326464
3720,576.0,0.05,39.146899262
3740,681.3,0.05,57.3635426999
3760,764.3,0.0,57.4476098018
3780,733.95,0.0,56.3568554588
3800,741.45,0.05,64.0588984452
3820,780.3,0.1,81.4774266293
3840,870.45,0.05,76.4556244784
3860,931.55,0.15,112.400897527
3880,826.4,0.1,90.8301282512
3900,851.55,0.05,85.2839586316
3920,809.55,0.05,81.1115031987
3940,927.8,0.05,95.7455679081
3960,962.35,0.0,92.3306472861
3980,791.5,0.2,98.3490493716
4000,928.25,0.0,91.7802881482
4020,929.2,0.05,92.3620750085
4040,965.9,0.05,87.138614259
4060,1000.0,0.0,81.3864538332
4080,1000.0,0.0,75.4225919152
4100,1000.0,0.0,78.3952682532
4120,973.75,0.05,77.1588583735
4140,955.7,0.05,67.9553846989
4160,1000.0,0.0,58.1561533032
4180,1000.0,0.0,59.4841002897
4200,1000.0,0.0,70.3119135686
4220,1000.0,0.0,52.8026750743
4240,1000.0,0.0,68.2723794068
4260,1000.0,0.0,63.9113731026
4280,965.85,0.0,65.8043304035
4300,1000.0,0.0,75.0322900402
4320,980.8,0.05,71.0546728191
4340,970.05,0.0,75.7966934837
4360,1000.0,0.0,73.658440999
4380,1000.0,0.0,87.1868411419
4400,1000.0,0.0,89.6737107049
4420,986.2,0.05,95.5110363375
4440,964.6,0.0,78.264453325
4460,946.65,0.05,89.8094136004
4480,1000.0,0.0,92.499035228
4500,1000.0,0.0,87.6658282428
4520,965.0,0.0,77.5866553754
4540,1000.0,0.0,83.2983017683
4560,962.3,0.0,78.1225783863
4580,915.7,0.1,88.3246665163
4600,928.75,0.05,77.3601098848
4620,929.75,0.0,69.167875032
4640,844.95,0.2,104.84360683
4660,859.9,0.1,89.2103795558
4680,788.9,0.15,80.2827028044
4700,927.7,0.1,94.4488485492
4720,854.65,0.05,72.974139801
4740,849.95,0.05,84.0227106044
4760,887.35,0.0,85.753162325
4780,927.5,0.05,98.0227005398
4800,690.9,0.0,51.3489866801
4820,777.6,0.2,102.061773291
4840,809.1,0.05,68.2194031608
4860,677.6,0.2,76.4777334748
4880,769.55,0.0,57.3283513791
4900,698.2,0.1,75.0054566457
4920,601.55,0.3,87.6937992265
4940,809.55,0.1,76.1336350738
4960,742.1,0.1,72.2248977629
4980,962.45,0.0,76.8414686041
5000,914.75,0.1,93.0687091181
5020,749.25,0.2,89.9587206969
5040,869.15,0.15,105.491639621
5060,979.4,0.05,92.2244212393
5080,908.35,0.15,96.0341203684
5100,938.95,0.1,95.5079279521
5120,933.5,0.05,90.4302091567
5140,966.45,0.05,94.9281019561
5160,1000.0,0.0,84.8898469609
5180,969.45,0.05,89.639436876
5200,1000.0,0.0,79.1378221238
5220,976.05,0.05,86.9866682101
5240,1000.0,0.0,83.5332714394
5260,1000.0,0.0,86.3976065417
5280,980.55,0.05,94.4462138718
5300,963.8,0.0,81.9726179391
5320,962.95,0.05,85.527822097
5340,964.0,0.05,80.5948388203
5360,991.05,0.05,72.6098773629
5380,1000.0,0.0,84.2858117808
5400,965.55,0.0,62.5809597048
5420,995.3,0.05,76.4828823339
5440,1000.0,0.0,71.6246689442
5460,976.05,0.05,89.2037458784
5480,1000.0,0.0,83.9394402921
5500,1000.0,0.0,84.2128972672
5520,1000.0,0.0,74.8073754581
5540,1000.0,0.0,83.4982229204
5560,1000.0,0.0,64.1594579714
5580,998.4,0.05,65.2743250898
5600,987.15,0.1,81.3584760728
5620,1000.0,0.0,59.243142761
5640,1000.0,0.0,56.3936126078
5660,1000.0,0.0,63.789605228
5680,1000.0,0.0,71.7099443321
5700,1000.0,0.0,70.4072866192
5720,1000.0,0.0,86.1460621208
5740,1000.0,0.0,73.2163150982
5760,1000.0,0.0,82.8669563981
5780,1000.0,0.0,76.6539992295
5800,1000.0,0.0,76.211846307
5820,1000.0,0.0,81.9171025913
5840,1000.0,0.0,73.5035388686
5860,988.9,0.05,86.4192236356
5880,1000.0,0.0,73.7298286829
5900,969.2,0.0,64.4287202278
5920,1000.0,0.0,81.2738223436
5940,1000.0,0.0,75.5436986446
5960,1000.0,0.0,81.2050550769
5980,967.6,0.05,80.0612448612
6000,967.85,0.05,93.2233192961
6020,994.8,0.05,91.736367012
6040,977.3,0.1,97.6894653928
6060,914.85,0.15,88.178646696
6080,910.1,0.15,68.6482076384
6100,915.6,0.15,102.461416395
6120,793.4,0.35,114.154524943
6140,817.5,0.35,116.566824144
6160,817.0,0.3,99.0996835586
6180,809.9,0.35,107.03465098
6200,770.05,0.3,83.5085115265
6220,649.0,0.45,96.2361973485
6240,712.4,0.45,114.738671413
6260,760.65,0.35,93.9215687013
6280,654.6,0.45,107.735895048
6300,590.7,0.4,94.9205836062
6320,673.85,0.35,83.0087068211
6340,653.15,0.45,116.017624935
6360,769.4,0.35,111.22215123
6380,716.0,0.45,110.995172478
6400,596.4,0.6,126.843760908
6420,805.7,0.35,116.700697118
6440,683.15,0.35,103.899250876
6460,853.65,0.25,111.209363607
6480,737.15,0.3,95.8353147208
6500,825.2,0.1,77.586685869
6520,826.15,0.15,88.9141030308
6540,765.0,0.35,107.480400272
6560,828.3,0.25,91.480449468
6580,799.9,0.4,128.148546984
6600,775.05,0.3,92.91627139
6620,794.85,0.35,105.314994971
6640,832.5,0.35,108.487022912
6660,712.75,0.6,133.994419252
6680,815.75,0.45,116.38412563
6700,940.05,0.15,86.001722673
6720,873.35,0.15,83.569986518
6740,910.35,0.3,103.796001542
6760,939.95,0.15,81.1741093737
6780,951.6,0.1,83.3346419571
6800,893.45,0.2,92.1802969838
6820,885.4,0.15,86.5768147882
6840,933.85,0.1,87.426033649
6860,932.2,0.05,80.63699622
6880,867.15,0.2,92.9098838932
6900,859.6,0.1,78.0116267173
6920,899.95,0.05,76.5685632091
6940,985.45,0.1,91.2625805949
6960,925.35,0.0,73.0481713585
6980,978.4,0.05,92.5127828189
7000,890.55,0.0,74.2984681747
7020,1000.0,0.0,77.8107200451
7040,1000.0,0.0,91.799166679
7060,941.2,0.05,94.8897519121
7080,930.25,0.05,90.3087332682
7100,961.75,0.0,83.0497851902
7120,928.8,0.1,105.290373929
7140,824.0,0.1,86.1272150391
7160,579.65,0.15,49.8804243497
7180,824.9,0.1,76.989151321
7200,688.0,0.05,38.6436214513
7220,701.25,0.2,69.3335855886
7240,646.6,0.1,51.2605951779
7260,727.2,0.2,54.8756616023
7280,779.15,0.05,49.9324755354
7300,731.45,0.15,67.2296522965
7320,711.95,0.25,86.0557755806
7340,746.0,0.25,81.2778295573
7360,909.15,0.15,98.2380644895
7380,766.8,0.25,84.7060138284
7400,867.8,0.15,81.2885780182
7420,837.6,0.05,67.0226289972
7440,732.55,0.2,64.4871472437
7460,942.7,0.15,86.8892580932
7480,987.25,0.1,85.7525004805
7500,858.0,0.2,72.1531439506
7520,854.35,0.2,75.7143773156
7540,932.4,0.1,71.7343734673
7560,923.8,0.15,80.276359573
7580,889.6,0.2,79.6013232065
7600,867.6,0.2,81.6448789628
7620,921.55,0.1,73.5268168615
7640,949.05,0.1,75.1230104682
7660,1000.0,0.0,72.1270227824
7680,971.2,0.0,58.5920283999
7700,1000.0,0.0,58.8053923838
7720,1000.0,0.0,57.9991687577
7740,989.75,0.05,57.7703250437
7760,995.9,0.05,67.5899537485
7780,1000.0,0.0,69.2091131537
7800,1000.0,0.0,69.2467769346
7820,1000.0,0.0,65.9072960949
7840,977.5,0.05,61.7419513937
7860,1000.0,0.0,69.0093111186
7880,1000.0,0.0,73.2011208047
7900,1000.0,0.0,69.5907574762
7920,1000.0,0.0,71.8103718517
7940,994.35,0.05,87.2915502368
7960,1000.0,0.0,76.0691532201
7980,1000.0,0.0,79.7738165132
8000,1000.0,0.0,81.9616238719
8020,958.5,0.15,96.0150701872
8040,1000.0,0.0,83.8726015702
8060,1000.0,0.0,82.800908406
8080,1000.0,0.0,76.078613623
8100,1000.0,0.0,77.8667401466
8120,1000.0,0.0,75.7244538779
8140,1000.0,0.0,66.5179938106
8160,1000.0,0.0,82.6510910477
8180,1000.0,0.0,72.3462024454
8200,971.5,0.05,84.7519811197
8220,1000.0,0.0,89.8675895791
8240,1000.0,0.0,88.1563012122
8260,1000.0,0.0,93.5972788933
8280,986.4,0.05,91.1983928808
8300,1000.0,0.0,79.8553286997
8320,910.45,0.2,96.6845297413
8340,969.85,0.05,89.0653763961
8360,891.65,0.2,111.586270236
8380,873.75,0.2,101.368429713
8400,779.15,0.35,120.903194122
8420,900.6,0.15,100.333198514
8440,850.7,0.2,96.8040329482
8460,705.85,0.45,123.775353278
8480,872.5,0.2,115.841629874
8500,646.85,0.25,80.9102365914
8520,684.25,0.25,86.3215232661
8540,774.2,0.1,81.6267172706
8560,913.55,0.1,98.8168883977
8580,827.35,0.15,99.3078197492
8600,575.2,0.2,76.3834522925
8620,770.8,0.05,72.0774315933
8640,730.7,0.35,117.809365108
8660,692.3,0.05,60.4027941611
8680,757.0,0.2,98.7224423173
8700,956.55,0.05,88.8080521343
8720,836.95,0.15,100.685454326
8740,889.2,0.1,99.1491399907
8760,620.5,0.15,85.7271219462
8780,699.95,0.15,93.3546187857
8800,696.2,0.1,82.0360650455
8820,783.25,0.15,100.351782218
8840,710.15,0.15,82.039225986
8860,600.5,0.1,73.3435145292
8880,579.3,0.1,70.6516300248
8900,690.45,0.05,71.5836476141
8920,642.05,0.05,66.4279240725
8940,737.45,0.05,69.0223066535
8960,679.75,0.05,65.1032358187
8980,623.8,0.15,73.5486461495
9000,634.7,0.1,73.4046624092
9020,590.3,0.05,50.6744013462
9040,686.75,0.1,77.7429712583
9060,787.15,0.1,84.3625013777
9080,627.5,0.35,114.467693327
9100,685.45,0.2,85.0604733124
9120,751.05,0.1,79.8997355296
9140,860.9,0.2,123.263562848
9160,798.25,0.0,79.5533818665
9180,781.3,0.2,116.50028456
9200,913.55,0.15,105.060194979
9220,900.4,0.25,124.52207196
9240,870.15,0.25,127.130235353
9260,890.5,0.05,97.9749544025
9280,847.15,0.2,121.792393819
9300,847.3,0.15,97.972575668
9320,827.35,0.15,99.0416040627
9340,845.2,0.25,115.803914142
9360,891.0,0.15,102.723287609
9380,815.8,0.15,103.447344893
9400,884.1,0.15,113.144890094
9420,820.4,0.3,127.961348283
9440,752.1,0.2,97.153019125
9460,673.5,0.3,109.679612176
9480,565.6,0.3,97.5317194581
9500,526.7,0.45,101.296711833
9520,687.35,0.4,124.226883077
9540,737.45,0.15,78.8310559895
9560,740.05,0.2,85.4143526355
9580,724.9,0.4,136.50034386
9600,785.8,0.25,116.980116247
9620,809.2,0.1,83.0535028133
9640,632.4,0.3,93.982871831
9660,895.65,0.15,108.949675855
9680,593.0,0.35,110.025656873
9700,744.45,0.2,107.563988029
9720,822.5,0.2,111.336834583
9740,785.65,0.25,105.309340725
9760,838.3,0.2,98.8134408474
9780,867.4,0.25,115.248553119
9800,851.7,0.1,90.3459184697
9820,1000.0,0.0,91.1537920398
9840,944.65,0.1,103.633293844
9860,968.8,0.05,107.821466764
9880,1000.0,0.0,94.9941050443
9900,964.8,0.05,100.678185436
9920,975.65,0.05,104.888823832
9940,973.6,0.05,102.949344659
9960,1000.0,0.0,95.7449455623
9980,1000.0,0.0,99.2408625378
10000,1000.0,0.0,106.456082122
10020,1000.0,0.0,99.7386190499
10040,1000.0,0.0,102.948270943
10060,939.5,0.1,109.126480567
10080,960.45,0.0,87.4391095466
10100,1000.0,0.0,101.470807684
10120,931.45,0.05,104.874275771
10140,860.7,0.15,111.712228135
10160,886.05,0.05,94.310890028
10180,884.85,0.05,92.9343282638
10200,886.0,0.05,94.9985308004
10220,922.4,0.0,92.3394693287
10240,862.4,0.2,124.493092337
10260,880.5,0.2,117.748426632
10280,813.5,0.25,115.743645346
10300,877.5,0.2,125.982770848
10320,910.05,0.2,117.983928445
10340,697.85,0.35,115.75218245
10360,787.85,0.25,106.885409008
10380,764.3,0.3,112.683499847
10400,772.55,0.35,127.723163738
10420,601.2,0.35,104.145149909
10440,664.9,0.3,102.315318337
10460,727.95,0.25,93.7399750225
10480,626.55,0.4,111.754694825
10500,670.15,0.35,105.597949143
10520,681.5,0.45,135.968569064
10540,720.95,0.25,102.415010374
10560,715.0,0.2,83.7726483715
10580,613.8,0.6,153.055821086
10600,847.0,0.1,79.8452686955
10620,581.6,0.45,108.357815826
10640,846.3,0.1,90.4880357612
10660,442.55,0.6,130.248793233
10680,657.25,0.25,76.6762052025
10700,513.25,0.45,105.308444626
10720,703.45,0.25,90.2477122946
10740,670.2,0.45,121.071125554
10760,463.55,0.45,92.4318534733
10780,664.65,0.3,107.152366829
10800,644.95,0.45,128.358364647
10820,726.3,0.3,110.822152358
10840,641.65,0.25,73.0767313429
10860,622.35,0.35,109.158424491
10880,676.1,0.4,128.186746481
10900,767.4,0.25,103.584790356
10920,673.1,0.45,132.499505445
10940,574.5,0.4,105.585286512
10960,555.55,0.5,118.49966972
10980,791.65,0.25,109.106114392
11000,690.5,0.4,119.621963844
11020,772.35,0.3,119.657494829
11040,882.35,0.05,93.3175413778
11060,556.3,0.25,83.7127299277
11080,608.15,0.2,91.2656280361
11100,785.25,0.15,92.9011827224
11120,594.8,0.1,66.675863475
11140,598.25,0.1,56.6637938412
11160,602.9,0.05,52.1977949639
11180,594.1,0.05,58.8666307064
11200,560.2,0.15,66.3128701432
11220,591.5,0.15,71.3479234095
11240,676.6,0.2,86.291046015
11260,715.95,0.1,74.050276966
11280,610.7,0.2,80.6803772863
11300,552.8,0.1,61.2080487636
11320,800.7,0.05,77.8582464676
11340,753.55,0.0,61.8442443872
11360,719.8,0.1,82.5913529595
11380,694.05,0.2,98.571784487
11400,724.65,0.1,94.2793879197
11420,757.55,0.0,55.313188852
11440,805.2,0.05,81.6380767718
11460,760.45,0.05,80.1497428759
11480,886.85,0.1,110.216283135
11500,879.85,0.0,83.1337507109
11520,920.25,0.0,91.2187907778
11540,960.1,0.0,98.8578853606
11560,960.0,0.0,103.262557395
11580,1000.0,0.0,101.20315428
11600,922.75,0.05,94.9373581321
11620,964.1,0.05,114.651392777
11640,1000.0,0.0,96.6544587836
11660,1000.0,0.0,101.869962821
11680,1000.0,0.0,92.2713212423
11700,1000.0,0.0,102.678120207
11720,1000.0,0.0,94.7724359942
11740,943.25,0.1,91.783008817
11760,965.45,0.05,96.130939909
11780,1000.0,0.0,93.4017679768
11800,901.6,0.15,105.22648727
11820,968.3,0.05,101.1951487
11840,890.9,0.2,110.646466565
11860,918.55,0.1,84.9390689176
11880,937.9,0.1,85.3581429434
11900,876.45,0.2,97.6623251015
11920,785.05,0.3,100.128417549
11940,869.1,0.1,86.6006343482
11960,903.15,0.15,91.9653629967
11980,833.25,0.15,81.6157550203
12000,780.8,0.35,107.762778022
12020,886.5,0.1,73.0449771141
12040,906.4,0.15,99.7914041652
12060,869.9,0.15,82.7026120474
12080,801.65,0.3,108.187388204
12100,934.6,0.1,95.1672086879
12120,945.85,0.15,102.168683143
12140,967.75,0.05,85.6221429031
12160,936.2,0.1,97.8035037733
12180,868.2,0.15,83.7706728023
12200,967.25,0.05,101.040035582
12220,830.55,0.25,116.490125088
12240,966.15,0.05,97.216858192
12260,895.2,0.15,107.344061147
12280,823.7,0.2,106.657721289
12300,934.6,0.05,96.1898866939
12320,826.8,0.2,112.889040769
12340,889.9,0.2,112.095979221
12360,894.1,0.1,112.063368511
12380,811.35,0.3,132.372314825
12400,882.65,0.2,114.931494975
12420,877.7,0.2,118.970323441
12440,809.85,0.2,104.519561933
12460,816.7,0.15,92.9145877798
12480,887.45,0.1,106.499404278
12500,892.65,0.1,106.089213653
12520,794.3,0.2,108.674701338
12540,925.5,0.05,108.375186453
12560,820.4,0.2,103.806876614
12580,933.1,0.1,108.690078994
12600,722.45,0.3,126.207042722
12620,753.85,0.2,110.603198303
12640,767.7,0.2,100.884836917
12660,746.95,0.2,88.9239067435
12680,609.4,0.5,121.523393902
12700,748.7,0.25,103.986698439
12720,790.35,0.25,111.946237595
12740,680.9,0.35,102.383879314
12760,740.35,0.2,96.488672246
12780,852.1,0.1,93.6388506113
12800,713.9,0.3,106.811467825
12820,706.7,0.25,103.993485701
12840,794.55,0.2,100.417033049
12860,844.15,0.2,98.4277030663
12880,765.5,0.35,119.145750972
12900,813.85,0.15,99.2331908981
12920,773.75,0.3,118.578289159
12940,760.4,0.35,127.598153152
12960,929.35,0.1,107.848839281
12980,929.05,0.1,95.8931024629
13000,900.4,0.15,90.5632226128
13020,750.7,0.3,111.521718464
13040,775.95,0.2,94.7927510369
13060,859.55,0.15,99.9180912287
13080,860.1,0.2,118.100869532
13100,882.3,0.2,111.401365853
13120,893.4,0.1,110.997360914
13140,795.15,0.3,131.854192953
13160,899.9,0.15,116.07861878
13180,931.3,0.1,102.338328159
13200,921.0,0.1,103.689471097
13220,935.4,0.1,117.348025252
13240,908.75,0.15,111.621749165
13260,906.2,0.15,117.848834371
13280,822.1,0.2,111.132025845
13300,828.75,0.2,104.862122282
13320,826.4,0.15,109.857349668
13340,859.45,0.15,111.332521375
13360,814.3,0.15,111.458254974
13380,853.3,0.05,95.6926151108
13400,962.9,0.05,115.329436392
13420,885.2,0.1,109.837284286
13440,933.35,0.05,96.0180024143
13460,887.65,0.1,95.2094910043
13480,1000.0,0.0,97.7452525793
13500,1000.0,0.0,94.8137880355
13520,963.2,0.05,96.4142813986
13540,970.0,0.05,100.193206151
13560,933.85,0.1,103.525501411
13580,965.2,0.05,103.454544275
13600,924.7,0.05,89.4361026925
13620,924.85,0.1,97.661486672
13640,920.85,0.0,84.2057369229
13660,923.05,0.05,107.381124653
13680,892.2,0.15,122.951700178
13700,925.85,0.05,102.37270173
13720,923.65,0.05,104.557673096
13740,743.2,0.2,119.554927538
13760,879.7,0.05,95.3059165217
13780,849.35,0.15,107.558647977
13800,886.6,0.05,96.334164601
13820,803.3,0.1,93.9855601163
13840,719.0,0.05,67.6377953272
13860,758.05,0.1,90.7382437542
13880,628.75,0.05,57.2762036703
13900,762.8,0.1,79.6627928166
13920,652.95,0.15,83.6199072315
13940,669.75,0.0,57.934336591
13960,591.2,0.05,60.5283288527
13980,841.95,0.05,91.7081119036
14000,880.1,0.05,96.5180579261
14020,797.45,0.05,82.1769353925
14040,686.6,0.15,87.6775655303
14060,562.45,0.2,81.8416817987
14080,897.7,0.05,109.62285719
14100,770.2,0.2,107.451767795
14120,792.15,0.0,74.0188226575
14140,889.85,0.15,123.090982757
14160,665.75,0.3,123.09982665
14180,847.6,0.15,121.855989285
14200,936.35,0.1,115.623743955
14220,768.6,0.3,125.74615112
14240,836.8,0.0,79.4457794533
14260,773.45,0.15,100.501100996
14280,880.0,0.2,120.946356494
14300,754.6,0.3,135.937034226
14320,778.5,0.2,110.856372207
14340,959.5,0.0,96.3979418389
14360,889.05,0.1,113.773708113
14380,884.5,0.1,111.131916772
14400,980.9,0.05,114.583015638
14420,921.85,0.0,92.3797394116
14440,928.75,0.1,117.255477811
14460,854.7,0.2,125.737351893
14480,889.3,0.1,108.665784748
14500,886.45,0.1,115.353504455
14520,925.65,0.05,115.826844196
14540,775.35,0.25,133.118909799
14560,811.9,0.15,112.682843624
14580,927.75,0.05,95.9075037899
14600,780.9,0.3,125.416694635
14620,821.45,0.1,99.658291626
14640,822.25,0.2,118.145643788
14660,878.25,0.0,87.895840881
14680,1000.0,0.0,110.413260713
14700,891.8,0.1,114.184635546
14720,831.65,0.0,83.4725621636
14740,720.5,0.1,88.81250078
14760,726.6,0.2,110.826974374
14780,846.8,0.15,117.804985448
14800,877.75,0.0,82.0765865053
14820,881.0,0.05,102.101839496
14840,852.25,0.15,109.363887922
14860,958.85,0.0,106.367536345
14880,815.0,0.15,107.041220961
14900,819.25,0.1,103.501908067
14920,886.95,0.1,101.154734066
14940,887.2,0.1,102.436261411
14960,965.75,0.05,112.410106401
14980,1000.0,0.0,97.8506735028
15000,1000.0,0.0,101.599440312
15020,922.7,0.05,98.5768009854
15040,839.85,0.15,106.093765084
15060,882.6,0.05,95.550353076
15080,957.8,0.0,91.1688352772
15100,924.4,0.05,105.762405381
15120,789.1,0.0,78.9121820389
15140,1000.0,0.0,101.680531438
15160,879.15,0.0,80.7789906974
15180,910.7,0.15,124.205321331
15200,958.5,0.0,97.1874667097
15220,960.2,0.0,88.0055431204
15240,793.15,0.0,80.6171312729
15260,839.5,0.05,94.0758150991
15280,792.25,0.0,80.5375711567
15300,962.45,0.05,116.747361715
15320,898.75,0.1,112.715816969
15340,628.85,0.0,64.9124327318
15360,793.65,0.0,71.7771398368
15380,875.7,0.0,93.2065528608
15400,763.45,0.1,101.096514871
15420,801.1,0.05,90.8179401979
15440,879.85,0.05,101.555754227
15460,792.6,0.1,99.210061366
15480,877.05,0.0,82.6517398928
15500,916.0,0.0,86.3818326316
15520,917.35,0.0,94.1956293054
15540,921.35,0.05,99.2501861793
15560,918.1,0.0,89.9565610684
15580,859.6,0.15,112.403788718
15600,1000.0,0.0,94.9278285033
15620,962.9,0.05,103.991000034
15640,960.0,0.0,94.7174854364
15660,990.25,0.05,96.2982017946
15680,1000.0,0.0,100.489052174
15700,906.7,0.05,90.0674907065
15720,917.65,0.05,96.8972581195
15740,1000.0,0.0,98.9099004436
15760,1000.0,0.0,85.9328939657
15780,1000.0,0.0,104.730691788
15800,960.25,0.0,93.4670503933
15820,1000.0,0.0,98.0873123302
15840,1000.0,0.0,100.43947307
15860,1000.0,0.0,95.9727802581
15880,963.0,0.0,98.1714398274
15900,920.25,0.0,97.0859090751
15920,1000.0,0.0,103.633596706
15940,919.9,0.0,95.0568866614
15960,1000.0,0.0,110.392735424
15980,1000.0,0.0,106.971335848
16000,959.2,0.0,96.2735404191
16020,957.75,0.0,110.329200363
16040,878.9,0.0,88.9689822432
16060,1000.0,0.0,119.316403129
16080,1000.0,0.0,114.141935808
16100,917.45,0.0,109.246220345
16120,1000.0,0.0,110.848537872
16140,924.95,0.05,111.008352894
16160,959.65,0.0,96.7819655114
16180,958.5,0.0,110.188543505
16200,952.05,0.05,112.172438573
16220,926.0,0.05,111.276981858
16240,1000.0,0.0,118.64919596
16260,959.1,0.0,107.031657328
16280,959.45,0.0,110.232295217
16300,957.8,0.0,103.344255395
16320,1000.0,0.0,117.25965836
16340,957.35,0.0,109.722469313
16360,960.8,0.0,112.051022677
16380,1000.0,0.0,109.536749256
16400,1000.0,0.0,111.205130709
16420,1000.0,0.0,121.386978102
16440,1000.0,0.0,116.542173683
16460,956.4,0.0,114.337421951
16480,889.8,0.1,116.52364453
16500,878.75,0.05,114.179491569
16520,913.85,0.05,112.169302547
16540,625.2,0.05,76.4079331437
16560,924.8,0.1,124.017811937
16580,1000.0,0.0,111.464790565
16600,955.85,0.0,100.092875196
16620,927.65,0.1,122.719980875
16640,844.2,0.1,113.658789571
16660,893.2,0.15,119.200474174
16680,855.95,0.2,128.575921503
16700,927.4,0.05,107.933941293
16720,872.95,0.1,92.5024776969
16740,899.75,0.2,123.265945447
16760,745.05,0.3,115.170673839
16780,695.45,0.3,120.471237134
16800,554.75,0.45,115.988985862
16820,583.1,0.25,73.4053076056
16840,692.0,0.2,76.3949915293
16860,676.25,0.3,97.0526462829
16880,705.15,0.25,91.2059473816
16900,688.85,0.35,110.75293156
16920,643.2,0.4,103.251972889
16940,631.15,0.4,92.852939279
16960,649.8,0.4,120.185772877
16980,543.2,0.3,79.5781961941
17000,677.4,0.35,115.336302351
17020,715.9,0.35,116.047956001
17040,728.05,0.3,92.5954176514
17060,584.4,0.55,143.623130586
17080,651.3,0.35,103.930692897
17100,704.85,0.3,122.487266419
17120,746.9,0.25,104.31988622
17140,806.2,0.25,119.373934711
17160,543.65,0.35,104.687564688
17180,592.3,0.5,127.195110992
17200,567.35,0.55,135.277394133
17220,664.3,0.25,89.4246208146
17240,662.65,0.3,103.771023635
17260,627.8,0.35,113.900507803
17280,708.45,0.25,95.0680354459
17300,718.15,0.35,118.857145763
17320,702.5,0.3,123.593563126
17340,683.8,0.3,115.776560785
17360,691.85,0.3,106.077152115
17380,576.8,0.35,90.2099319182
17400,766.75,0.15,89.288840258
17420,518.8,0.5,113.998175995
17440,695.05,0.35,108.055955068
17460,499.85,0.5,106.968159177
17480,325.45,0.65,123.638689682
17500,640.35,0.5,125.860010821
17520,497.75,0.6,135.657318437
17540,586.15,0.35,92.7586171859
17560,645.45,0.25,94.760363485
17580,628.15,0.35,99.4780626507
17600,642.7,0.2,84.4754810203
17620,659.9,0.2,65.8504999916
17640,577.6,0.5,130.001343812
17660,714.6,0.35,110.174733103
17680,577.1,0.45,118.525986599
17700,600.3,0.45,126.93923212
17720,652.95,0.45,119.723473433
17740,580.05,0.5,129.380195687
17760,560.05,0.45,107.186548011
17780,617.2,0.25,87.068048679
17800,681.35,0.35,112.579498535
17820,625.8,0.35,89.4875579434
17840,617.15,0.35,116.39004628
17860,477.6,0.3,75.8827784039
17880,558.0,0.25,90.1308401025
17900,517.55,0.25,77.0725853118
17920,646.75,0.3,102.875031914
17940,710.1,0.3,122.997077203
17960,685.65,0.25,102.9589446
17980,664.65,0.4,120.361747993
18000,497.45,0.3,76.1169743509
18020,605.45,0.2,76.5417086742
18040,661.9,0.3,107.928315058
18060,724.6,0.2,103.910883627
18080,719.4,0.2,108.202767828
18100,648.9,0.25,101.695780334
18120,841.65,0.1,90.7364520906
18140,742.1,0.25,118.246036213
18160,670.4,0.1,79.9231570592
18180,634.95,0.2,88.7423005181
18200,554.15,0.15,76.9503451028
18220,761.55,0.15,94.6198872737
18240,715.95,0.15,90.2434899645
18260,678.45,0.15,86.5289500953
18280,544.4,0.35,102.282189753
18300,676.2,0.15,94.8746779308
18320,591.85,0.1,66.8522081073
18340,793.95,0.15,104.23979602
18360,732.95,0.3,128.740975739
18380,801.15,0.1,105.793090271
18400,758.8,0.1,86.2768748578
18420,795.35,0.05,87.7253851728
18440,694.35,0.3,121.223390714
18460,796.5,0.1,99.9642955727
18480,674.85,0.1,78.6101501009
18500,724.0,0.25,116.687358273
18520,921.95,0.05,115.863570006
18540,748.3,0.2,105.69169643
18560,857.45,0.15,128.017376104
18580,843.45,0.1,107.801950194
18600,829.25,0.15,117.596471371
18620,900.45,0.1,110.500355578
18640,839.4,0.1,103.288703512
18660,960.6,0.0,103.477592547
18680,809.5,0.15,109.909995124
18700,1000.0,0.0,107.135027593
18720,962.7,0.05,112.703973468
18740,846.8,0.1,99.2111580803
18760,1000.0,0.0,103.456436001
18780,813.75,0.2,112.713477399
18800,959.95,0.0,95.7208116738
18820,1000.0,0.0,101.07990812
18840,714.5,0.3,110.951504212
18860,932.9,0.1,112.106485664
18880,1000.0,0.0,102.606977805
18900,932.55,0.05,100.812726633
18920,923.7,0.05,106.126898352
18940,931.9,0.1,114.735631865
18960,965.45,0.05,113.407749465
18980,963.15,0.05,122.869828883
19000,928.35,0.1,119.766762335
19020,963.65,0.05,109.860717003
19040,960.7,0.0,100.068893971
19060,930.45,0.1,112.745757123
19080,921.75,0.05,100.245420151
19100,928.75,0.1,119.148047897
19120,964.45,0.05,111.155912077
19140,970.25,0.05,110.036631209
19160,962.6,0.0,95.1344392109
19180,930.0,0.1,119.537213292
19200,852.9,0.05,91.8939489496
19220,960.65,0.0,96.1715231144
19240,961.8,0.0,99.7777714681
19260,892.85,0.15,123.349688177
19280,929.9,0.1,113.631449538
19300,967.95,0.05,113.50810039
19320,967.05,0.05,108.276622828
19340,926.95,0.1,111.638614084
19360,965.15,0.05,114.611980348
19380,845.15,0.1,101.187569553
19400,1000.0,0.0,109.382227525
19420,844.25,0.0,84.9195004484
19440,925.15,0.05,104.969203966
19460,926.2,0.1,120.490051075
19480,1000.0,0.0,107.753049378
19500,1000.0,0.0,110.239153331
19520,1000.0,0.0,111.447096929
19540,922.1,0.0,92.4310718083
19560,962.2,0.0,99.1006667819
19580,922.45,0.05,110.411628566
19600,1000.0,0.0,116.643684258
19620,964.05,0.05,103.508797349
19640,964.2,0.05,107.230489718
19660,922.4,0.05,107.382030338
19680,1000.0,0.0,100.551487316
19700,962.35,0.05,114.478931593
19720,1000.0,0.0,109.769227012
19740,946.55,0.1,123.927655164
19760,963.35,0.05,119.439657133
19780,967.95,0.05,102.314869672
19800,928.45,0.05,113.397532152
19820,1000.0,0.0,108.75534446
19840,1000.0,0.0,108.539211799
19860,1000.0,0.0,98.9672360421
19880,1000.0,0.0,104.147693067
19900,1000.0,0.0,108.060339485
19920,1000.0,0.0,103.38100608
19940,1000.0,0.0,103.601200606
19960,1000.0,0.0,108.806536193
19980,1000.0,0.0,104.730205254
20000,1000.0,0.0,99.7269988681
20020,966.5,0.05,119.932862751
20040,1000.0,0.0,116.240254179
20060,1000.0,0.0,107.226315072
20080,1000.0,0.0,102.1956168
20100,1000.0,0.0,104.622425565
20120,1000.0,0.0,109.024279118
20140,977.45,0.05,111.352109385
20160,1000.0,0.0,107.027350493
20180,1000.0,0.0,118.483383139
20200,927.25,0.15,116.070866424
20220,964.55,0.05,113.5033442
20240,965.05,0.05,119.964470432
20260,965.2,0.05,104.878807106
20280,1000.0,0.0,107.295817801
20300,965.9,0.05,108.62679916
20320,992.8,0.05,108.48296015
20340,927.65,0.1,122.37283236
20360,930.95,0.1,131.165920673
20380,976.9,0.05,119.232543048
20400,974.6,0.05,109.623581107
20420,928.9,0.1,114.767394684
20440,965.4,0.05,111.398467414
20460,895.2,0.15,121.98741657
20480,904.3,0.1,118.016942757
20500,962.0,0.0,101.31004356
20520,951.15,0.1,112.003008603
20540,962.75,0.05,105.868273312
20560,969.6,0.05,123.343484132
20580,961.7,0.0,102.960364274
20600,1000.0,0.0,107.51686113
20620,965.5,0.05,111.732035988
20640,999.0,0.05,110.60282833
20660,1000.0,0.0,114.692386753
20680,1000.0,0.0,98.0747972647
20700,1000.0,0.0,112.491931122
20720,965.35,0.05,111.616694431
20740,1000.0,0.0,100.526399447
20760,1000.0,0.0,97.4402424944
20780,1000.0,0.0,100.988021886
20800,1000.0,0.0,96.1884019826
20820,939.15,0.1,118.645902902
20840,986.3,0.05,101.571479318
20860,975.35,0.05,106.215620789
20880,1000.0,0.0,93.028736271
20900,1000.0,0.0,92.273667435
20920,1000.0,0.0,90.2880351839
20940,1000.0,0.0,99.0018054209
20960,968.4,0.05,103.72548115
20980,1000.0,0.0,105.876212976
21000,1000.0,0.0,104.589940399
21020,1000.0,0.0,103.579464246
21040,942.55,0.1,111.958526777
21060,1000.0,0.0,95.1338491098
21080,1000.0,0.0,90.9095320391
21100,967.55,0.05,104.750925146
21120,981.75,0.05,96.3710939244
21140,946.55,0.1,99.9624671806
21160,999.45,0.05,99.3844746538
21180,966.3,0.1,97.4716897863
21200,1000.0,0.0,96.6787145617
21220,1000.0,0.0,99.723972209
21240,954.1,0.1,104.062341239
21260,979.85,0.05,105.839697627
21280,986.3,0.05,99.6335300073
21300,992.8,0.05,114.041046398
21320,827.35,0.45,148.820145151
21340,908.65,0.4,144.196264634
21360,745.45,0.55,156.021465647
21380,687.8,0.6,162.824208539
21400,579.2,0.85,188.936108091
21420,584.55,0.65,159.454094488
21440,585.25,0.85,196.736214069
21460,612.75,0.7,174.047885418
21480,435.95,0.95,207.575426537
21500,363.65,1.0,211.789329071
21520,333.65,1.0,207.149599849
21540,374.9,0.95,207.225057218
21560,395.9,0.95,209.212371179
21580,347.75,1.0,209.712640133
21600,334.2,1.0,211.744612845
21620,329.45,1.0,211.481230036
21640,318.75,1.0,213.800141944
21660,324.25,1.0,223.276308003
21680,313.45,1.0,214.529134108
21700,312.95,1.0,217.80497542
21720,320.6,1.0,209.789553629
21740,412.1,0.9,198.899242648
21760,313.95,1.0,215.136813903
21780,322.65,1.0,213.548225958
21800,357.15,0.95,203.723403141
21820,327.45,1.0,211.099014414
21840,358.65,1.0,217.227980943
21860,306.1,1.0,213.571588399
21880,365.7,0.95,216.914795426
21900,373.25,0.95,213.407305119
21920,342.5,0.95,206.694830924
21940,390.7,0.9,187.232065079
21960,307.45,1.0,212.33111645
21980,318.1,1.0,218.333064846
22000,329.3,1.0,219.960600152
22020,312.45,1.0,214.267053297
22040,362.55,0.95,209.615384865
22060,324.25,0.95,199.954702324
22080,305.55,1.0,212.448109965
22100,304.3,1.0,215.469272603
22120,375.2,0.9,203.738016428
22140,312.35,1.0,217.276076723
22160,366.3,0.9,202.501421422
22180,365.0,0.9,201.586822084
22200,340.35,0.9,196.905972342
22220,330.6,0.95,207.895475932
22240,400.85,0.85,194.616487219
22260,355.7,0.9,204.735717372
22280,289.0,0.95,204.912060847
22300,353.65,0.75,180.70021422
22320,354.6,0.9,207.313212903
22340,292.55,1.0,219.151831363
22360,319.05,1.0,215.683707819
22380,356.25,0.9,200.513284564
22400,298.35,0.95,204.194343933
22420,352.75,0.9,197.545986702
22440,336.55,0.7,158.3860477
22460,406.7,0.85,191.232423507
22480,300.9,0.8,176.070586681
22500,407.8,0.65,169.364638583
22520,326.85,0.9,205.330205484
22540,331.0,0.65,150.206273581
22560,479.8,0.6,158.378610502
22580,292.45,0.7,157.701971772
22600,305.1,0.8,183.687547027
22620,326.4,0.7,155.192678111
22640,327.85,0.85,189.493625885
22660,486.85,0.65,180.643855249
22680,396.75,0.75,175.190064162
22700,474.9,0.45,121.333934591
22720,276.45,0.9,190.369301689
22740,301.1,0.9,201.962098923
22760,303.05,0.85,197.864845093
22780,254.35,0.75,163.444382921
22800,297.95,0.75,158.958504299
22820,310.25,0.9,204.211564357
22840,299.25,0.85,190.903396441
22860,266.6,0.85,184.721655118
22880,294.6,0.8,175.076263084
22900,287.7,0.7,162.69678957
22920,306.45,0.8,181.810302796
22940,302.95,0.8,180.700595025
22960,333.8,0.9,197.453858598
22980,353.85,0.9,209.469354687
23000,348.5,0.8,178.81658925
23020,404.6,0.8,190.392034825
23040,270.4,0.85,184.87538488
23060,318.45,0.85,194.198610067
23080,282.05,0.95,208.023888078
23100,342.35,0.8,180.461629594
23120,298.2,0.75,166.489205224
23140,349.9,0.8,178.721136128
23160,268.8,0.9,196.421696651
23180,265.15,0.8,177.529154507
23200,316.5,0.85,188.388388322
23220,291.25,0.8,181.777566686
23240,269.9,0.9,200.109435384
23260,314.25,0.95,218.041325073
23280,275.0,0.85,185.180558145
23300,254.7,0.8,168.996575381
23320,332.95,0.8,189.718552383
23340,308.55,0.8,178.362090209
23360,371.2,0.7,163.775866175
23380,301.05,0.8,176.788533426
23400,276.7,1.0,218.90791975
23420,310.8,0.85,191.94559334
23440,257.0,0.85,184.645103639
23460,353.2,0.9,203.701222744
23480,314.3,0.9,193.954001487
23500,380.2,0.8,190.675534998
23520,271.0,0.9,193.723398539
23540,299.8,0.85,188.095050117
23560,276.5,0.9,200.062839371
23580,320.9,0.95,214.456106101
23600,355.1,0.9,204.993134677
23620,361.2,0.95,211.937502546
23640,279.95,1.0,220.031816215
23660,283.3,0.95,203.574150372
23680,284.75,0.95,207.075424212
23700,308.9,0.9,191.617588195
23720,301.95,0.8,174.411348248
23740,313.7,0.9,205.530378766
23760,271.15,0.85,182.620618824
23780,278.6,0.9,196.780747107
23800,349.65,0.9,202.833254196
23820,348.65,0.9,207.302929926
23840,348.15,0.9,207.562878489
23860,260.45,0.85,180.770986781
23880,331.35,0.65,147.297820955
23900,291.0,0.8,179.516127919
23920,270.15,1.0,205.587236548
23940,309.85,0.8,177.328680737
23960,270.15,0.9,200.337114017
23980,387.1,0.85,191.283502268
24000,316.35,0.9,198.489913883
24020,261.8,0.85,183.575273652
24040,305.3,0.85,184.772030712
24060,312.05,0.95,208.029083259
24080,335.8,0.7,155.817619972
24100,267.3,0.8,168.750636965
24120,274.6,0.75,162.435405866
24140,270.15,0.8,174.230018924
24160,316.1,0.85,195.665409761
24180,309.1,0.75,165.667176482
24200,316.35,0.9,202.214801541
24220,283.6,0.95,215.301848563
24240,350.1,0.8,186.767792743
24260,318.05,0.95,207.570998694
24280,297.55,0.95,205.527537756
24300,289.25,0.9,190.528934408
24320,321.9,0.85,184.803813425
24340,307.45,0.8,172.826214481
24360,299.55,1.0,217.214289631
24380,326.6,0.9,195.888603132
24400,305.75,0.85,176.497129864
24420,295.35,0.9,191.842791033
24440,295.8,0.95,204.903110728
24460,295.25,0.9,195.754133958
24480,328.75,0.95,201.35534171
24500,374.3,0.9,193.226844365
24520,302.45,0.9,186.179644527
24540,305.5,0.9,186.415826859
24560,307.25,0.95,206.41160322
24580,296.7,0.9,183.150564108
24600,330.7,0.8,170.03187724
24620,316.0,1.0,220.808466388
24640,316.55,0.95,198.83477067
24660,304.75,0.8,165.705092113
24680,347.05,0.85,175.847082458
24700,372.75,0.85,188.969041732
24720,340.95,0.9,188.79284944
24740,351.95,0.85,186.40615339
24760,359.3,0.9,190.244461945
24780,403.35,0.7,156.755894717
24800,303.65,0.95,200.130101311
24820,374.0,0.85,185.843034472
24840,321.35,0.95,199.857845412
24860,331.55,0.8,170.934009088
24880,359.95,0.9,205.63158491
24900,292.7,0.9,188.571406228
24920,360.3,0.85,192.606683503
24940,290.5,0.95,197.560254017
24960,310.25,1.0,216.550275756
24980,323.8,0.8,169.213333327
25000,291.25,0.9,194.401775897
25020,302.05,1.0,206.850349251
25040,312.85,0.85,179.961447587
25060,372.35,0.85,187.433419202
25080,276.9,0.7,139.788250566
25100,303.7,0.95,200.541755667
25120,324.15,1.0,219.716122214
25140,358.0,0.75,161.388720744
25160,367.15,0.9,192.770139048
25180,294.0,0.9,186.064645544
25200,294.4,0.85,177.583126098
25220,310.25,0.95,201.099428997
25240,366.8,0.95,207.93448564
25260,291.75,0.7,135.470465687
25280,348.85,0.9,187.934696973
25300,374.95,0.95,204.601565356
25320,300.9,0.85,170.1319569
25340,384.8,0.8,167.463011169
25360,420.45,0.75,157.410022949
25380,352.05,0.95,180.626769673
25400,385.4,0.75,157.755217166
25420,413.1,0.75,150.566586581
25440,313.1,0.95,199.364990022
25460,411.05,0.65,143.761634317
25480,355.45,0.85,174.159407271
25500,364.7,0.8,151.92731019
25520,349.9,0.9,165.738537677
25540,448.9,0.55,117.887893212
25560,397.6,0.9,189.026955315
25580,419.2,0.7,151.333901025
25600,315.1,0.9,184.833142727
25620,350.9,0.75,144.779516774
25640,303.6,0.75,143.901291879
25660,388.7,0.9,181.312696002
25680,377.3,0.65,132.425413449
25700,314.0,0.9,174.307923228
25720,354.45,0.8,147.435479223
25740,322.15,0.85,172.445042627
25760,371.8,0.8,148.712206133
25780,357.15,0.85,176.195940073
25800,338.7,0.85,174.732919241
25820,402.65,0.8,157.145210979
25840,481.6,0.6,134.390930845
25860,309.7,0.8,158.483439614
25880,376.75,0.7,134.736385713
25900,311.4,0.9,175.50957167
25920,417.2,0.8,174.491316101
25940,444.8,0.75,164.051426342
25960,350.25,0.9,183.690691578
25980,298.1,0.65,113.959046979
26000,326.75,0.55,100.196638578
26020,326.65,0.55,90.4680129884
26040,314.1,0.85,162.616133686
26060,369.95,0.65,130.392549809
26080,303.5,0.85,163.172342481
26100,375.35,0.65,129.873160238
26120,334.6,0.75,149.537071805
26140,297.3,0.8,154.046945236
26160,391.85,0.85,176.11631779
26180,304.65,0.9,173.963056244
26200,408.65,0.75,165.701829972
26220,383.15,0.75,157.423258384
26240,294.45,0.85,166.422451134
26260,335.8,0.75,152.428331341
26280,375.85,0.85,181.553069466
26300,328.15,0.6,117.122960286
26320,334.55,0.95,197.30639785
26340,358.45,0.8,160.549516569
26360,326.5,0.8,160.298507375
26380,408.25,0.65,139.530178549
26400,295.65,0.95,189.063946959
26420,281.55,0.8,157.972618979
26440,286.7,0.9,181.962578236
26460,322.2,0.8,157.973420299
26480,286.45,0.7,141.373394239
26500,323.8,0.7,137.589562731
26520,348.05,0.6,120.328116911
26540,326.15,0.8,164.140187876
26560,283.6,0.85,172.473666222
26580,277.6,0.75,150.47701128
26600,276.55,0.7,132.429857365
26620,302.85,0.8,152.600121634
26640,319.1,0.8,161.145199836
26660,274.0,0.7,131.018448968
26680,284.4,0.85,179.927211316
26700,311.55,0.75,145.025205892
26720,357.4,0.85,174.426917445
26740,280.4,0.65,120.195880774
26760,323.8,0.7,138.374424508
26780,319.0,0.65,118.96932466
26800,364.75,0.8,164.349737452
26820,393.6,0.8,171.382304252
26840,381.35,0.7,136.577827819
26860,418.9,0.6,120.631852807
26880,353.1,0.5,92.5656322419
26900,357.75,0.6,99.5246795652
26920,390.25,0.75,148.110252724
26940,395.55,0.55,108.407640691
26960,397.0,0.45,84.1624451478
26980,438.2,0.7,138.140387108
27000,400.85,0.55,103.856852975
27020,375.25,0.85,154.984730223
27040,409.6,0.6,100.906109238
27060,360.25,0.45,82.8366110057
27080,391.4,0.65,117.619170817
27100,389.3,0.7,115.113031413
27120,349.55,0.45,48.0085901186
27140,453.05,0.75,137.500583949
27160,381.1,0.55,94.6018263021
27180,368.35,0.6,84.041337182
27200,461.55,0.75,119.336533606
27220,417.2,0.75,130.356707051
27240,456.1,0.4,52.3595009491
27260,370.7,0.65,91.7377755252
27280,364.6,0.75,128.906253958
27300,435.35,0.55,73.3197656107
27320,407.0,0.65,95.6709816958
27340,452.6,0.65,117.121919274
27360,350.8,0.6,76.8651853551
27380,446.7,0.55,68.7760383779
27400,465.45,0.55,75.3619447187
27420,382.4,0.35,24.3072913691
27440,468.55,0.55,75.7210659642
27460,488.65,0.5,56.373807137
27480,539.95,0.7,115.517893207
27500,599.6,0.6,105.347661239
27520,502.75,0.6,84.2707314358
27540,470.1,0.6,68.5009382744
27560,517.45,0.65,97.1420216729
27580,473.5,0.65,102.091124749
27600,557.5,0.75,133.775389589
27620,579.7,0.5,72.705714716
27640,464.4,0.7,91.2531758568
27660,554.85,0.75,123.292961559
27680,571.85,0.55,70.7670816434
27700,596.6,0.6,91.9397892176
27720,474.8,0.45,30.7032003048
27740,514.8,0.7,90.0761983536
27760,535.4,0.6,75.7320728834
27780,665.35,0.55,102.552067096
27800,588.9,0.75,128.278200477
27820,582.2,0.6,90.0898711122
27840,593.05,0.6,88.9231286228
27860,584.65,0.7,120.614162083
27880,554.35,0.8,127.789531322
27900,513.75,0.8,112.37978486
27920,523.65,0.65,97.0065187258
27940,493.5,0.75,116.063744034
27960,603.45,0.65,127.802753096
27980,471.75,0.9,152.640525435
28000,453.35,0.75,116.084022358
28020,476.85,0.65,95.2763533185
28040,442.1,0.8,133.183277871
28060,474.35,0.85,145.424525364
28080,490.5,0.55,83.856120837
28100,450.55,0.65,118.394299815
28120,383.5,0.9,159.738754927
28140,429.2,0.95,186.082241997
28160,421.7,0.85,149.963919208
28180,429.95,0.8,132.129549749
28200,424.7,0.9,156.213317161
28220,401.35,0.7,121.244232329
28240,430.2,0.8,141.400167803
28260,464.95,0.8,144.258037383
28280,482.1,0.8,155.346393954
28300,459.6,0.7,128.070812796
28320,532.3,0.75,154.27264584
28340,383.75,0.8,125.55474562
28360,455.85,0.85,164.650679943
28380,407.0,0.8,142.878074761
28400,363.8,0.9,167.932724157
28420,461.0,0.55,100.070844738
28440,404.45,0.9,164.461300364
28460,405.45,0.9,167.350577053
28480,444.75,0.7,111.764359839
28500,460.3,0.65,118.71598793
28520,485.0,0.75,135.026020481
28540,364.55,0.75,122.829431091
28560,500.2,0.55,96.6668963559
28580,468.15,0.65,105.884259702
28600,566.1,0.55,107.30819084
28620,444.4,0.75,126.183362926
28640,544.2,0.45,71.3204348382
28660,381.2,0.8,125.676309563
28680,391.5,0.7,118.788176245
28700,464.0,0.65,117.70711304
28720,407.7,0.8,136.557710631
28740,378.7,0.7,108.907138425
28760,477.75,0.65,107.009908687
28780,417.7,0.8,132.913701202
28800,442.95,0.7,128.90921698
28820,493.75,0.45,62.5421954534
28840,490.9,0.95,173.90206011
28860,494.4,0.85,157.481955062
28880,555.9,0.7,143.660821956
28900,438.7,0.8,129.570519645
28920,482.1,0.7,104.837152108
28940,501.3,0.65,118.507917232
28960,503.85,0.6,93.8300693037
28980,549.05,0.75,127.764084949
29000,502.5,0.8,136.262458636
29020,480.85,0.9,151.232879566
29040,473.9,0.65,95.4334417484
29060,527.35,0.7,118.522691309
29080,588.4,0.5,76.2116270763
29100,540.15,0.75,128.10630656
29120,517.6,0.8,130.021907746
29140,582.35,0.7,121.862835168
29160,510.65,0.8,128.502285318
29180,481.2,0.95,163.440141106
29200,485.25,0.9,164.2419301
29220,521.95,0.9,161.499810783
29240,488.2,0.9,156.587502076
29260,513.05,0.85,157.542098408
29280,456.35,0.9,158.703621131
29300,487.7,0.8,127.8853906
29320,469.75,0.85,159.540394926
29340,482.15,0.9,174.344113197
29360,453.85,0.95,184.865440497
29380,459.05,0.95,185.673157345
29400,438.95,1.0,188.216855972
29420,445.85,0.95,186.489046739
29440,424.15,0.95,176.118061769
29460,418.4,1.0,190.198541173
29480,421.9,0.95,177.024087437
29500,467.3,0.9,169.77891202
29520,424.1,1.0,194.038383909
29540,474.65,0.9,186.368513888
29560,402.0,1.0,187.13323974
29580,407.5,1.0,193.13786505
29600,410.2,1.0,201.428305446
29620,393.25,1.0,198.233496516
29640,481.55,0.85,180.981463185
29660,427.95,0.95,184.817066656
29680,449.65,0.9,186.678346991
29700,381.45,0.95,181.474980343
29720,371.4,0.95,183.368145586
29740,393.15,0.95,190.336241173
29760,366.95,0.95,186.622480284
29780,405.1,0.95,198.147757063
29800,373.5,1.0,193.910891008
29820,364.4,1.0,198.264193942
29840,353.95,0.95,191.033177176
29860,376.15,0.8,164.533322408
29880,422.75,0.85,179.4656339
29900,359.8,1.0,201.251558777
29920,333.65,1.0,205.696487332
29940,345.35,1.0,204.711187432
29960,373.75,0.95,193.1552086
29980,337.0,1.0,208.622644023
30000,335.65,0.9,189.216925249
