20,82.25,0.0,-437.44628976
40,88.25,0.0,-285.726219126
60,92.6,0.0,-272.912153287
80,86.05,0.0,-224.42379274
100,83.35,0.0,-204.59558979
120,89.5,0.0,-223.070615547
140,86.7,0.0,-226.89960873
160,99.9,0.0,-225.647785619
180,96.9,0.0,-191.87681885
200,105.8,0.0,-181.025534611
220,110.25,0.0,-184.069524672
240,119.65,0.0,-169.279172366
260,147.75,0.0,-223.875507757
280,174.25,0.0,-213.443674209
300,238.75,0.0,-357.167317945
320,181.6,0.0,-195.596341283
340,187.5,0.0,-180.075152558
360,207.4,0.0,-212.699390502
380,190.05,0.0,-165.396247945
400,243.75,0.0,-162.58969884
420,211.55,0.0,-146.16020889
440,208.15,0.0,-140.046365049
460,234.65,0.0,-101.808234394
480,279.7,0.0,-125.551978645
500,276.3,0.0,-111.09284964
520,324.55,0.0,-91.7940434083
540,417.35,0.0,-101.811801292
560,286.05,0.0,-95.0977160454
580,301.15,0.0,-85.7614314032
600,177.4,0.0,-74.334857436
620,184.35,0.0,-85.6139299651
640,231.4,0.0,-76.0655161091
660,314.4,0.0,-74.3040137422
680,547.5,0.0,-44.8058929594
700,562.95,0.0,-63.9663986049
720,581.15,0.0,-81.7230742179
740,632.4,0.0,-67.333463672
760,528.8,0.0,-65.7613473905
780,665.3,0.0,-65.0968106902
800,575.9,0.05,-65.887807862
820,749.35,0.1,-64.4275049375
840,723.7,0.0,-54.8176135869
860,607.9,0.2,-15.7627730809
880,642.8,0.0,-26.0625506664
900,550.3,0.0,-21.0683305403
920,638.1,0.0,-20.5122999087
940,475.9,0.0,-4.18496479295
960,622.65,0.0,8.61653130235
980,391.5,0.0,-19.830614238
1000,728.6,0.1,30.8499035354
1020,574.3,0.0,-8.29534546812
1040,866.6,0.0,27.8278537615
1060,823.95,0.0,32.1980807368
1080,816.35,0.0,49.0736838082
1100,882.85,0.0,56.6211161569
1120,765.7,0.0,42.6007898888
1140,764.15,0.0,43.574361964
1160,573.45,0.0,10.9034173947
1180,728.05,0.0,38.0751849887
1200,925.35,0.0,62.9572322114
1220,730.5,0.0,39.4427709812
1240,715.2,0.05,45.0138236468
1260,857.0,0.0,58.9200710578
1280,813.65,0.0,50.1069486581
1300,925.85,0.0,75.0706062069
1320,1000.0,0.0,80.0880972702
1340,919.0,0.0,76.4760075414
1360,1000.0,0.0,76.2242884976
1380,970.0,0.0,81.2478776873
1400,882.15,0.0,65.9913595883
1420,887.15,0.0,73.8890816532
1440,770.95,0.0,60.3157943264
1460,768.05,0.0,60.890399855
1480,802.85,0.0,65.4435272191
1500,851.8,0.0,73.8201494429
1520,883.85,0.0,80.2791205182
1540,732.2,0.0,53.4732231747
1560,843.1,0.0,68.5708888146
1580,753.55,0.05,57.8113109543
1600,847.5,0.0,68.1981177829
1620,927.1,0.0,83.2298884159
1640,929.4,0.0,69.0092078015
1660,895.9,0.0,56.1429233679
1680,970.1,0.0,70.1393439491
1700,968.65,0.0,65.4527396994
1720,1000.0,0.0,73.2179884266
1740,1000.0,0.0,74.1134794084
1760,971.95,0.0,71.3430963273
1780,1000.0,0.0,80.3261053042
1800,1000.0,0.0,72.7572055871
1820,967.7,0.0,83.8327622949
1840,965.25,0.0,87.185690232
1860,892.95,0.0,83.9268851786
1880,964.05,0.0,83.0658527206
1900,886.25,0.0,90.4726943721
1920,962.25,0.0,101.91303888
1940,849.15,0.0,77.7889641195
1960,929.25,0.0,94.9587013209
1980,926.75,0.0,88.7879439586
2000,854.8,0.0,74.3433863549
2020,1000.0,0.0,100.408597665
2040,963.3,0.0,99.1278941386
2060,811.65,0.0,78.5545935201
2080,1000.0,0.0,108.401690687
2100,886.9,0.0,82.4735066728
2120,728.55,0.0,66.0962028109
2140,771.15,0.0,65.6544236661
2160,657.7,0.0,51.6987511554
2180,809.35,0.0,66.2319540205
2200,689.4,0.0,49.28410558
2220,848.35,0.0,72.196111995
2240,849.65,0.0,79.2698656341
2260,887.75,0.0,83.03127717
2280,1000.0,0.0,97.5559495888
2300,962.2,0.0,94.0379724975
2320,925.7,0.0,88.0637856435
2340,855.65,0.0,72.9019596231
2360,1000.0,0.0,102.959324045
2380,888.25,0.0,85.4030997181
2400,1000.0,0.0,97.704682646
2420,1000.0,0.0,105.499365804
2440,1000.0,0.0,84.2309537519
2460,1000.0,0.0,89.0699082383
2480,981.7,0.05,86.5664100408
2500,1000.0,0.0,79.1857736229
2520,967.3,0.0,71.1076061463
2540,1000.0,0.0,76.3308198248
2560,1000.0,0.0,68.835927
2580,1000.0,0.0,64.9536498618
2600,1000.0,0.0,57.452978369
2620,944.6,0.05,48.8816439654
2640,967.6,0.0,51.8911203139
2660,1000.0,0.0,70.6360132022
2680,967.65,0.1,70.8329725084
2700,933.3,0.0,64.6758064813
2720,1000.0,0.0,84.9541893461
2740,1000.0,0.0,88.0200032907
2760,966.05,0.0,90.6284902953
2780,1000.0,0.0,96.5356994696
2800,920.55,0.0,102.604857771
2820,1000.0,0.0,99.0682683276
2840,963.4,0.0,86.3213253282
2860,962.8,0.0,85.58154689
2880,812.45,0.0,75.7150661319
2900,964.3,0.0,96.1272663567
2920,962.9,0.0,96.852480959
2940,888.4,0.0,87.0180440612
2960,957.55,0.0,102.742825323
2980,1000.0,0.0,108.835841789
3000,921.05,0.0,99.9892819701
3020,963.9,0.0,105.81987703
3040,963.4,0.0,99.5157717408
3060,963.6,0.0,98.0254346787
3080,924.4,0.0,97.9193512112
3100,887.0,0.0,78.874689295
3120,925.55,0.0,97.566908649
3140,839.4,0.05,82.6908777012
3160,874.2,0.05,84.5748681583
3180,874.35,0.05,89.2686050102
3200,692.9,0.1,67.2744892765
3220,689.85,0.1,74.2828614042
3240,637.5,0.45,117.409019524
3260,795.7,0.35,135.902137679
3280,663.35,0.45,114.932802696
3300,583.55,0.7,157.355337177
3320,412.6,0.5,105.047905251
3340,476.65,0.45,92.7986023289
3360,395.7,0.45,85.2689839445
3380,447.15,0.65,112.65934658
3400,340.3,0.6,117.981774065
3420,489.2,0.65,111.352713309
3440,443.45,0.7,136.712481204
3460,366.9,0.75,135.040779332
3480,356.3,0.6,92.516971264
3500,360.75,0.6,86.2743927685
3520,396.6,0.55,86.06987395
3540,420.15,0.8,130.140057777
3560,441.85,0.8,129.902174071
3580,429.35,0.6,93.8104696863
3600,391.8,0.55,75.8728140561
3620,397.75,0.8,134.899469501
3640,394.75,0.65,106.508231038
3660,391.45,0.7,109.004687281
3680,328.85,0.7,122.98728486
3700,331.1,0.5,73.0324595358
3720,353.2,0.8,135.409847916
3740,337.05,0.6,99.7321679064
3760,347.55,0.65,111.13917454
3780,321.65,0.7,126.509509886
3800,319.2,0.45,59.5382718681
3820,282.6,0.55,86.1842399332
3840,311.75,0.75,149.528576109
3860,305.85,0.85,165.665923569
3880,290.4,0.9,185.674846164
3900,298.65,0.8,158.985178647
3920,299.1,0.5,97.0938966394
3940,275.45,0.75,150.721467384
3960,306.45,0.6,116.547215263
3980,257.55,0.6,131.051896263
4000,253.55,0.7,146.454642689
4020,254.1,0.6,118.540648661
4040,287.8,0.65,134.953593094
4060,270.75,0.85,183.203218882
4080,262.4,0.8,175.227319208
4100,277.9,0.75,156.629670106
4120,280.55,0.75,163.60754794
4140,269.15,0.65,137.400827331
4160,332.05,0.85,178.196117433
4180,336.75,0.65,113.838877408
4200,293.7,0.6,122.800747523
4220,334.6,0.85,176.815355237
4240,341.55,0.9,184.984233277
4260,327.15,0.95,202.735171673
4280,349.2,1.0,214.193810525
4300,368.85,1.0,191.655208454
4320,367.7,1.0,198.448919641
4340,452.0,0.85,157.484942177
4360,363.15,0.95,187.828733172
4380,478.4,0.75,143.405997405
4400,464.3,0.75,149.531789107
4420,427.4,0.9,164.626051382
4440,446.45,0.9,171.209411223
4460,497.7,0.8,152.256342218
4480,489.8,0.85,169.116665234
4500,415.05,0.9,170.773286231
4520,387.35,0.95,177.480910163
4540,393.3,0.9,177.80416282
4560,347.15,1.0,204.665344915
4580,353.5,1.0,203.480043926
4600,365.2,0.95,186.614840427
4620,386.7,0.9,181.901599439
4640,359.5,0.95,196.546163292
4660,379.4,0.9,190.540996976
4680,380.4,0.9,194.540193082
4700,375.6,0.95,204.773774603
4720,334.3,1.0,217.226506595
4740,402.4,0.85,181.416526128
4760,372.35,0.9,188.65739175
4780,389.15,0.9,197.13996001
4800,314.75,1.0,212.181419896
4820,325.75,0.8,179.228550795
4840,305.4,0.9,193.206372299
4860,297.9,1.0,220.362625909
4880,305.3,1.0,212.610547943
4900,307.1,0.9,186.906695577
4920,282.55,0.75,166.729711558
4940,310.4,0.8,179.935171852
4960,314.0,0.7,150.430605625
4980,278.8,0.9,199.439141716
5000,304.95,0.95,203.519020569
5020,282.15,0.9,192.907064303
5040,271.7,0.9,198.810874415
5060,351.25,0.95,202.753899572
5080,321.3,0.85,184.652408785
5100,265.05,0.75,163.880333888
5120,282.8,0.55,114.712902567
5140,291.9,0.65,145.873145871
5160,251.95,0.7,149.366275719
5180,251.1,0.6,121.080948514
5200,274.1,0.7,150.001870788
5220,285.3,0.6,130.43565093
5240,312.05,0.8,183.006045112
5260,249.45,0.7,150.264284287
5280,277.0,0.75,155.581752244
5300,248.1,0.7,150.186547141
5320,276.85,0.85,182.803979817
5340,295.8,0.7,142.580928386
5360,257.1,0.8,175.108635643
5380,250.85,0.65,139.315266095
5400,309.3,0.7,146.856561929
5420,292.15,0.8,167.445610893
5440,271.3,0.85,175.719458476
5460,254.85,0.8,164.393182418
5480,278.9,0.8,173.625355399
5500,303.6,0.75,157.540537766
5520,306.4,0.85,186.060141914
5540,314.45,0.65,143.29451343
5560,265.1,0.9,192.525292662
5580,256.45,0.75,158.265751823
5600,303.25,0.9,186.626572878
5620,283.55,0.85,181.964806526
5640,301.45,1.0,209.339824055
5660,280.7,0.95,202.324541292
5680,292.45,0.9,185.706276894
5700,306.1,0.95,200.932102719
5720,313.3,0.9,192.245760539
5740,293.5,1.0,216.228238065
5760,338.15,1.0,221.371535059
5780,316.35,0.95,199.191333171
5800,343.6,1.0,211.654942964
5820,334.95,1.0,208.508448113
5840,393.05,0.95,190.870261106
5860,363.1,1.0,206.946947776
5880,380.35,1.0,200.298244738
5900,408.85,0.95,191.569787645
5920,386.2,1.0,196.24193373
5940,376.6,1.0,196.919006893
5960,363.25,1.0,209.251716336
5980,344.25,1.0,213.802887382
6000,340.0,0.95,188.781286332
6020,342.9,0.95,186.950391621
6040,345.9,1.0,211.2951924
6060,348.35,0.95,187.329120463
6080,336.05,1.0,205.373710297
6100,345.45,1.0,200.817657222
6120,321.5,1.0,209.754595656
6140,320.8,1.0,205.994187918
6160,335.2,1.0,200.32448842
6180,402.95,0.9,180.559194479
6200,335.1,0.95,195.897743823
6220,363.5,0.9,185.070079679
6240,350.3,1.0,211.129515272
6260,318.75,1.0,209.570874177
6280,376.95,0.95,194.433811269
6300,337.1,1.0,205.345066877
6320,313.8,0.95,203.322082067
6340,328.1,0.9,181.130002599
6360,336.9,0.9,200.879491615
6380,361.55,0.85,180.762970098
6400,293.1,1.0,206.583388612
6420,284.5,0.85,182.400515256
6440,326.25,0.9,189.74740408
6460,299.45,1.0,213.925732365
6480,339.3,0.95,205.898716116
6500,352.65,0.95,202.414578672
6520,294.85,0.85,173.991353333
6540,307.05,0.95,200.886268379
6560,347.65,0.9,190.441413825
6580,290.65,0.85,181.071510416
6600,359.0,0.7,148.235542333
6620,289.9,0.85,170.116142369
6640,312.85,0.95,204.93665899
6660,296.1,0.9,189.953733433
6680,312.2,0.9,199.280372211
6700,285.9,0.9,188.532474933
6720,344.4,0.65,138.768183785
6740,258.95,0.8,166.233771017
6760,306.85,0.75,150.108647394
6780,277.5,0.95,206.161538203
6800,322.75,0.75,154.511825007
6820,288.9,0.7,138.417202913
6840,313.5,0.85,186.175312749
6860,357.5,0.75,139.098920136
6880,399.6,0.75,153.952611621
6900,333.7,0.75,145.331736176
6920,314.9,0.9,197.247036619
6940,305.3,0.5,85.3053930675
6960,325.05,0.6,102.735562919
6980,338.75,0.7,123.464588006
7000,383.6,0.7,137.121409522
7020,362.5,0.8,163.759609287
7040,334.1,0.7,127.033442051
7060,310.9,0.6,93.0734415238
7080,385.05,0.5,82.4467027662
7100,344.5,0.7,130.658338952
7120,386.25,0.7,116.424018855
7140,334.45,0.55,77.2620085885
7160,360.35,0.4,54.3248996075
7180,329.95,0.75,131.410285615
7200,436.85,0.45,78.6292757018
7220,404.1,0.55,65.8217932304
7240,331.35,0.6,106.073424425
7260,315.4,0.6,95.6501919175
7280,350.45,0.45,52.1165521118
7300,392.5,0.9,175.132634009
7320,331.2,0.6,92.8954039243
7340,426.05,0.65,122.203178308
7360,459.2,0.8,154.657704704
7380,513.1,0.75,150.687537972
7400,436.9,0.65,101.482944667
7420,518.1,0.6,122.454429913
7440,479.65,0.7,147.101764624
7460,371.5,0.75,137.731050166
7480,329.9,0.8,152.303712788
7500,367.45,0.75,138.146335124
7520,424.4,0.65,114.203864024
7540,332.35,0.85,164.612906099
7560,362.6,0.8,156.590467318
7580,356.15,0.75,145.568642498
7600,318.2,0.8,152.385947694
7620,368.7,0.9,182.411850642
7640,365.55,0.75,154.64791536
7660,362.7,0.6,117.478454815
7680,351.45,0.95,203.599899021
7700,312.4,0.75,159.47650636
7720,388.8,0.7,146.547108518
7740,275.65,0.9,183.021272766
7760,325.1,0.9,192.887147735
7780,275.35,0.85,185.757278961
7800,312.65,0.9,183.663409593
7820,274.4,0.8,164.800652636
7840,321.75,0.95,212.822103021
7860,282.1,0.9,190.217517618
7880,285.85,0.85,180.337603139
7900,337.1,0.75,160.130038383
7920,308.2,0.75,158.642874859
7940,293.3,0.85,174.807168959
7960,330.85,0.85,188.471724772
7980,291.75,0.85,176.687976259
8000,283.9,0.8,171.575273524
8020,279.05,0.85,179.974582417
8040,307.1,0.6,120.651556766
8060,281.75,0.8,167.317113415
8080,293.15,0.9,187.343830494
8100,268.0,0.8,169.635188855
8120,274.2,0.8,167.442049179
8140,261.9,0.7,147.986795258
8160,260.25,0.75,154.459773974
8180,263.95,0.75,166.339718753
8200,325.2,0.5,105.690278846
8220,284.7,0.9,192.10666322
8240,349.1,0.7,147.093556267
8260,310.2,0.75,158.031523761
8280,320.9,0.95,187.498925815
8300,332.85,0.65,130.915014458
8320,402.25,0.75,153.292793722
8340,351.35,0.8,165.990091122
8360,342.3,0.75,151.737382488
8380,368.1,0.65,139.65044059
8400,321.45,0.65,111.87914372
8420,385.5,0.75,139.884480057
8440,383.8,0.65,126.768697869
8460,396.5,0.75,151.923002029
8480,378.95,0.9,183.77977348
8500,446.45,0.6,116.538444463
8520,367.55,0.9,185.959361453
8540,429.05,0.8,182.321469288
8560,485.85,0.75,156.128587195
8580,332.2,0.6,110.153962543
8600,341.75,0.7,134.715490687
8620,333.75,0.95,200.577920907
8640,371.0,0.8,161.582886356
8660,342.1,0.7,143.302807099
8680,361.45,0.7,139.430693772
8700,302.95,0.85,169.341105383
8720,361.2,0.7,129.320892736
8740,306.5,0.8,171.947899591
8760,304.65,0.85,159.316519607
8780,322.65,0.8,161.817245724
8800,326.7,0.5,78.4102420963
8820,431.8,0.7,131.7989169
8840,266.35,0.6,98.2926727719
8860,365.6,0.85,153.102162626
8880,332.35,0.55,64.8465538371
8900,281.6,0.65,113.880148269
8920,378.45,0.8,142.760762954
8940,285.85,0.65,104.884580285
8960,323.45,0.65,115.048000684
8980,301.4,0.55,64.9259803606
9000,327.75,0.5,74.2798669148
9020,292.9,0.8,163.711000589
9040,317.55,0.7,108.987011092
9060,343.8,0.8,143.661307931
9080,314.7,0.8,151.489498786
9100,337.8,0.65,100.846312629
9120,342.1,0.75,142.434377723
9140,323.2,0.65,98.4182922062
9160,356.6,0.6,98.5109796856
9180,320.45,0.75,140.772578731
9200,322.35,0.55,96.3434729883
9220,380.75,0.7,146.078962649
9240,339.35,0.8,145.850223455
9260,413.7,0.6,112.176287169
9280,391.4,0.65,115.921264932
9300,319.85,0.85,159.289626939
9320,341.4,0.7,126.447710385
9340,379.65,0.75,153.99488049
9360,299.95,0.8,151.814953756
9380,312.4,0.9,189.431076811
9400,330.45,0.85,169.601574232
9420,402.6,0.8,160.348333344
9440,331.55,0.8,164.730146819
9460,341.4,0.85,181.978489849
9480,333.5,0.9,186.545716375
9500,272.35,0.7,131.195982041
9520,295.0,0.75,149.47113517
9540,324.3,0.85,188.2773282
9560,296.05,0.9,188.405591808
9580,294.2,0.85,176.459601276
9600,331.45,0.95,212.602502621
9620,301.25,0.85,181.29904572
9640,324.0,0.85,178.134261657
9660,304.45,0.95,208.041671288
9680,292.5,1.0,207.443820514
9700,282.9,0.9,196.10858669
9720,289.75,0.9,194.677166221
9740,364.2,0.75,163.401811597
9760,283.8,1.0,213.506610648
9780,278.25,0.95,205.497518413
9800,283.7,0.85,179.854602533
9820,283.0,0.95,203.931307402
9840,333.95,0.9,183.731287721
9860,292.15,0.95,204.298539162
9880,293.15,0.85,180.909931489
9900,296.85,0.9,195.180828246
9920,359.7,0.95,201.111027272
9940,336.45,0.95,207.293534112
9960,360.35,0.85,167.043839589
9980,377.8,0.85,182.814550156
10000,350.9,0.85,173.044501143
10020,292.2,0.9,192.359641122
10040,344.05,0.95,198.233177281
10060,401.95,0.9,194.097494679
10080,289.25,0.8,158.446007564
10100,308.35,1.0,203.636331508
10120,304.35,0.85,166.700268841
10140,339.65,0.95,189.302745298
10160,324.0,1.0,209.306737258
10180,339.25,1.0,200.539626475
10200,335.35,0.95,176.157294618
10220,310.45,1.0,204.898412049
10240,330.2,0.95,195.389927472
10260,320.1,0.9,174.380233326
10280,304.6,0.95,183.299138841
10300,290.25,0.95,197.581703358
10320,331.65,0.85,165.035661462
10340,347.35,0.75,134.087643426
10360,310.15,0.9,177.924228191
10380,342.95,0.9,167.856084035
10400,282.9,0.95,205.396212299
10420,315.45,0.9,164.515587009
10440,337.3,0.8,156.611576667
10460,315.25,0.85,158.883135396
10480,292.75,0.8,147.976567479
10500,292.4,0.9,177.228349621
10520,281.25,0.85,165.472135911
10540,258.15,0.75,143.066958663
10560,321.95,0.7,130.061288289
10580,272.1,0.85,161.614536979
10600,251.85,0.65,118.953304113
10620,351.35,0.6,100.20281393
10640,279.2,0.75,134.50989557
10660,283.6,0.8,149.451982939
10680,345.75,0.65,97.3110956764
10700,301.45,0.65,110.166855079
10720,305.95,1.0,185.064016855
10740,300.95,0.85,152.128372092
10760,317.5,0.85,167.523898152
10780,317.7,0.8,157.214398973
10800,307.6,0.85,159.760924759
10820,323.35,0.85,135.386323885
10840,322.95,0.85,152.821669239
10860,326.05,0.8,137.464278075
10880,332.75,0.9,161.189400041
10900,292.1,0.9,185.270716714
10920,323.9,0.85,161.94581104
10940,333.45,0.9,161.952333257
10960,275.95,0.8,153.362105612
10980,303.55,0.8,142.886180342
11000,315.25,0.95,192.445458959
11020,301.4,0.95,204.059110301
11040,301.2,0.8,158.920913777
11060,364.05,0.95,202.506417692
11080,328.2,0.95,208.473428262
11100,334.45,1.0,207.210686549
11120,303.75,1.0,202.382120771
11140,320.05,0.9,198.25224405
11160,302.35,0.95,195.466372689
11180,339.85,0.8,164.957547932
11200,328.55,0.9,187.473111646
11220,430.7,0.85,184.646425182
11240,340.65,0.95,201.245651495
11260,306.95,1.0,202.695948332
11280,320.85,0.95,189.34418573
11300,342.7,0.85,187.760315048
11320,297.25,0.9,185.936019238
11340,407.4,0.85,169.140469062
11360,297.85,0.85,167.658403823
11380,327.55,0.85,172.644063079
11400,295.65,0.9,178.009040932
11420,328.55,0.85,181.956785344
11440,393.25,0.7,142.798333617
11460,361.55,0.85,183.930012202
11480,331.05,0.85,171.296604663
11500,305.5,0.85,176.333522026
11520,314.5,0.95,196.363464256
11540,378.05,0.85,185.983222203
11560,318.45,0.8,153.511960912
11580,331.55,0.8,160.541895151
11600,311.25,0.9,179.28061518
11620,382.35,0.9,184.034181723
11640,292.7,0.9,185.49833019
11660,359.95,0.8,167.731873932
11680,314.0,0.8,165.458087332
11700,326.2,0.85,175.859736318
11720,389.45,0.75,166.396471419
11740,291.15,0.85,174.994129062
11760,353.0,0.9,188.610422221
11780,351.4,0.95,201.197816147
11800,382.75,0.8,162.583133786
11820,314.2,0.85,166.282843748
11840,344.6,0.85,176.131111682
11860,346.45,0.9,162.418158987
11880,349.9,0.8,162.140421989
11900,354.05,0.95,196.036495249
11920,306.0,0.9,181.702435861
11940,363.75,0.8,161.411976804
11960,292.45,0.95,201.646999658
11980,277.5,0.85,175.168428798
12000,310.85,0.8,157.14347114
12020,361.6,0.8,167.53634777
12040,296.0,0.85,159.8279638
12060,320.2,0.8,166.286077932
12080,306.0,1.0,203.05292946
12100,326.35,0.85,172.650114546
12120,296.15,0.85,176.61687402
12140,325.25,0.8,166.581725392
12160,287.6,0.85,167.265478609
12180,305.4,0.9,176.638483726
12200,347.45,0.85,171.986291505
12220,315.65,0.75,131.05636109
12240,311.0,0.95,188.8286742
12260,308.75,0.85,164.546758922
12280,416.7,0.9,186.474559091
12300,318.8,0.8,156.327983536
12320,427.65,0.6,107.816590656
12340,330.5,0.75,148.510211436
12360,384.55,0.75,151.842729272
12380,322.6,0.95,189.766903655
12400,296.9,0.95,185.469974685
12420,291.75,0.8,160.060860971
12440,269.1,0.9,181.52715726
12460,299.45,0.9,177.163791973
12480,257.3,0.8,156.763083182
12500,320.7,0.65,129.808374095
12520,305.6,0.75,155.404888618
12540,297.85,0.85,180.182607465
12560,272.4,0.9,183.456185515
12580,263.9,0.8,157.562995432
12600,269.15,0.8,147.842100272
12620,259.25,0.75,143.506836934
12640,247.3,0.7,133.163591411
12660,240.55,0.75,142.483529467
12680,221.9,0.5,96.7840907837
12700,307.05,0.65,129.248960644
12720,248.85,0.65,128.617676931
12740,275.55,0.65,124.273590305
12760,352.35,0.7,146.424414167
12780,215.45,0.55,110.924798959
12800,221.75,0.6,120.708727667
12820,250.4,0.7,142.525975018
12840,231.25,0.45,70.0179582263
12860,236.25,0.7,147.914373553
12880,347.9,0.7,139.059453933
12900,226.05,0.7,139.574997005
12920,344.25,0.7,140.800846828
12940,256.75,0.8,165.076726921
12960,257.5,0.8,153.684978868
12980,297.8,0.7,135.665542559
13000,288.25,0.7,149.114975711
13020,284.0,0.9,181.154358484
13040,319.35,0.7,146.284295404
13060,310.7,0.8,148.883952787
13080,376.6,0.95,195.279793253
13100,324.2,0.8,166.715552585
13120,277.55,0.7,126.179081168
13140,322.25,0.75,139.903496996
13160,336.65,0.6,95.4949956861
13180,316.3,0.85,155.171148906
13200,365.0,0.7,117.871046841
13220,348.1,0.7,119.508403418
13240,398.45,0.9,162.465290459
13260,427.3,0.55,79.1642447785
13280,405.85,0.6,72.8334625436
13300,484.05,0.75,133.863040901
13320,397.25,0.6,72.9233791618
13340,473.7,0.8,114.256604354
13360,408.8,0.85,134.280434957
13380,489.75,0.55,81.2536771152
13400,403.2,0.7,85.8339764413
13420,404.5,0.6,58.2640629714
13440,481.45,0.75,105.377883417
13460,472.05,0.6,62.3917870114
13480,528.2,0.7,51.6577708361
13500,490.75,0.6,60.138534795
13520,516.3,0.8,93.330634212
13540,555.55,0.5,14.872048732
13560,540.15,0.7,65.1439424649
13580,519.35,0.65,48.7914074906
13600,614.1,0.5,20.3124330318
13620,612.85,0.55,28.7764652386
13640,656.2,0.55,23.6456507837
13660,594.5,0.85,88.3776936738
13680,743.75,0.5,33.1411744412
13700,574.35,0.8,89.772776136
13720,669.55,0.65,68.3577242571
13740,656.3,0.6,48.6562825575
13760,674.6,0.7,40.4296850005
13780,732.4,0.45,3.91249178526
13800,761.7,0.65,35.5649215749
13820,770.25,0.6,29.5043554036
13840,845.35,0.4,-3.13411801184
13860,820.95,0.5,1.29392067911
13880,789.55,0.5,-9.88307855012
13900,813.85,0.65,32.3892457572
13920,788.45,0.45,-19.3927389308
13940,594.65,0.45,3.89008471916
13960,756.05,0.7,62.268583577
13980,701.2,0.55,30.0169993755
14000,628.9,0.7,85.7035201817
14020,587.2,0.8,110.457252986
14040,498.35,0.7,77.3507477158
14060,521.8,0.75,113.574280596
14080,492.0,0.7,110.838965699
14100,413.5,0.7,111.733965376
14120,464.05,0.7,130.265224846
14140,398.75,0.85,159.499452604
14160,343.9,0.8,150.897918266
14180,364.5,0.95,180.642204075
14200,366.85,0.95,193.991462317
14220,361.95,0.85,179.662854572
14240,340.35,0.85,184.170289968
14260,342.45,0.85,182.149702484
14280,336.1,0.9,189.838954474
14300,301.2,0.95,201.400632647
14320,327.75,0.9,188.749977782
14340,305.45,0.9,183.911329354
14360,334.3,0.75,149.613358589
14380,287.0,0.9,186.779194661
14400,289.75,0.9,193.54264752
14420,269.45,0.8,170.049998055
14440,351.65,0.8,171.447638409
14460,347.7,0.75,161.848479839
14480,274.15,0.9,186.979794952
14500,343.75,0.9,190.460684109
14520,287.15,0.95,196.376711872
14540,280.8,0.9,190.918524578
14560,309.5,0.9,195.939614217
14580,280.55,1.0,212.577277625
14600,302.05,0.95,209.788021104
14620,286.0,1.0,212.937423933
14640,355.1,0.85,182.234633914
14660,296.3,0.8,165.274192118
14680,295.8,0.85,174.868147843
14700,332.25,0.95,198.630378743
14720,342.95,0.95,203.122515144
14740,293.4,0.9,179.8027628
14760,316.6,0.95,197.840211407
14780,309.8,0.95,185.276184517
14800,296.7,0.95,204.089102585
14820,310.2,0.95,196.101982267
14840,313.95,0.9,187.917233942
14860,373.75,0.9,194.434564343
14880,334.35,0.95,192.900491852
14900,371.3,0.95,197.196753182
14920,342.35,0.9,191.970590956
14940,351.45,0.95,208.881398101
14960,367.75,0.95,196.151493113
14980,368.3,0.95,189.901931147
15000,324.15,1.0,206.626094986
15020,329.95,1.0,205.778135209
15040,389.95,0.9,192.752917472
15060,363.25,0.95,202.020115776
15080,340.4,1.0,204.753881088
15100,335.0,0.9,173.541641035
15120,339.1,0.95,188.58442247
15140,356.3,0.95,190.029698119
15160,334.05,0.95,192.717174816
15180,378.05,0.95,184.42937213
15200,335.5,0.9,180.564708449
15220,323.7,0.85,172.084746418
15240,376.85,0.9,181.383444415
15260,366.8,0.9,193.433920608
15280,371.05,1.0,195.14801114
15300,319.55,0.95,189.43122887
15320,332.9,1.0,206.485347311
15340,320.8,0.95,189.940794581
15360,354.95,0.95,184.735474227
15380,306.6,0.9,179.611302428
15400,343.5,1.0,200.780847886
15420,321.0,0.9,174.700181847
15440,275.5,0.75,144.576370806
15460,337.35,0.9,187.373416624
15480,341.05,0.9,174.857425248
15500,300.0,1.0,216.268918042
15520,298.0,0.8,162.965542239
15540,289.4,0.8,155.049898898
15560,293.65,0.9,187.57550595
15580,315.05,0.95,190.324741311
15600,316.95,0.95,207.423003629
15620,308.25,0.7,129.713865463
15640,301.0,1.0,210.584452897
15660,319.3,1.0,209.59236154
15680,346.1,0.9,181.343047142
15700,293.6,0.8,174.380231462
15720,310.05,0.8,176.679820194
15740,350.35,0.95,198.066546105
15760,343.15,0.95,203.545508039
15780,301.5,0.85,181.065895025
15800,411.1,0.75,147.661788011
15820,384.6,0.85,178.267416174
15840,327.6,0.85,173.017924125
15860,346.55,0.8,154.94403373
15880,384.4,0.75,148.97041934
15900,335.8,0.85,173.049237787
15920,368.6,0.8,167.709253426
15940,325.65,0.8,148.355259797
15960,349.8,0.7,127.552351611
15980,340.85,0.75,137.449100698
16000,317.35,0.8,156.494669225
16020,333.4,0.8,152.96374406
16040,353.9,0.85,169.805902206
16060,302.15,0.8,150.896275115
16080,371.85,0.85,169.997367153
16100,318.05,0.85,160.225210726
16120,334.5,0.95,186.712096976
16140,313.75,0.8,149.746278828
16160,310.2,0.8,153.936141273
16180,329.1,0.9,183.324549163
16200,417.45,0.8,147.269273321
16220,319.2,0.8,149.661816787
16240,296.2,0.75,141.691778781
16260,362.0,0.8,146.691976797
16280,313.95,0.85,161.137264335
16300,279.15,0.75,152.862366115
16320,363.6,0.9,176.719470687
16340,300.7,0.7,115.702175736
16360,292.65,0.8,163.044698302
16380,297.3,0.85,173.314578013
16400,320.2,0.75,151.962892352
16420,317.4,0.7,121.495474544
16440,301.45,0.85,165.081797495
16460,478.75,0.7,138.901040085
16480,311.7,0.8,163.039779818
16500,302.4,0.55,108.872987576
16520,273.25,0.8,158.160885572
16540,283.15,0.85,166.113468486
16560,287.95,0.85,180.126866102
16580,332.9,0.75,147.778814179
16600,278.8,0.8,158.880365826
16620,310.65,0.65,128.49740398
16640,289.6,0.75,146.83363914
16660,291.15,0.8,145.592738388
16680,319.15,0.75,144.143484504
16700,352.1,0.75,161.024802162
16720,311.95,0.8,163.193661282
16740,322.05,0.8,167.612180183
16760,323.9,0.85,185.021969268
16780,346.0,0.85,187.104272127
16800,292.15,0.7,135.727275817
16820,338.0,0.6,113.961346432
16840,256.4,0.75,150.100428578
16860,330.0,0.75,141.739760954
16880,280.8,0.75,143.015721165
16900,339.35,0.7,128.036388802
16920,288.4,0.85,184.538056248
16940,328.9,0.65,124.88307361
16960,316.8,0.65,118.351106622
16980,274.4,0.85,172.005827495
17000,364.4,0.75,134.763381828
17020,358.35,0.75,143.338235364
17040,299.65,0.6,115.115038059
17060,333.8,0.8,160.372975849
17080,316.15,0.6,111.911839242
17100,314.45,0.75,139.558977185
17120,287.3,0.75,144.101186972
17140,285.6,0.75,143.41267719
17160,305.65,0.85,161.069196613
17180,321.85,0.65,114.051453169
17200,319.05,0.8,148.457442374
17220,317.45,0.85,169.40016509
17240,357.5,0.7,138.481963834
17260,348.15,0.85,168.694908806
17280,308.45,0.95,195.3872875
17300,325.1,0.75,130.243541184
17320,359.35,0.8,156.342839491
17340,397.65,0.75,130.882245204
17360,375.2,0.85,161.920229453
17380,376.35,0.85,163.983751125
17400,349.95,0.75,132.542591273
17420,317.7,0.75,133.834306265
17440,352.05,0.7,131.489958842
17460,377.1,0.85,152.230148057
17480,381.55,0.9,174.419267724
17500,423.0,0.85,149.340982131
17520,357.8,0.85,160.001019805
17540,409.75,0.85,169.525957428
17560,349.35,0.95,181.118213475
17580,375.5,0.8,145.848363211
17600,324.35,0.75,139.92439445
17620,375.95,0.65,98.7457793613
17640,360.45,0.8,146.625105124
17660,377.8,0.85,158.664540296
17680,352.35,1.0,200.316439653
17700,329.2,0.75,139.309544539
17720,368.15,0.65,102.312863281
17740,351.85,0.85,154.601218085
17760,340.4,0.7,139.600925598
17780,282.95,0.85,163.15931113
17800,370.2,0.8,163.302022857
17820,303.85,0.7,118.229683942
17840,302.8,0.8,156.916118326
17860,280.95,0.8,144.18094972
17880,315.5,0.9,168.866008334
17900,288.65,0.95,199.11746644
17920,347.9,0.85,172.238555242
17940,317.8,0.75,127.67883131
17960,401.9,0.9,174.696813821
17980,332.65,0.95,166.027352747
18000,288.8,0.7,125.787388278
18020,316.65,0.75,142.811250637
18040,283.45,0.65,117.781213468
18060,355.05,0.85,157.608664026
18080,374.95,0.8,146.277897814
18100,269.45,0.5,60.8396042415
18120,370.65,0.65,91.4888355514
18140,318.15,0.8,136.070875379
18160,320.1,0.9,171.534240767
18180,329.45,0.65,87.2842694998
18200,356.95,0.8,144.775360717
18220,300.7,0.7,114.423946909
18240,273.55,0.75,135.961644071
18260,333.4,0.85,159.315106484
18280,331.6,0.85,147.936438431
18300,304.5,0.7,119.143168093
18320,333.1,0.8,165.594034843
18340,350.35,0.8,145.698640075
18360,326.25,0.8,144.815251203
18380,341.45,0.65,115.022970222
18400,351.6,0.8,123.960961264
18420,341.4,0.6,88.6341040972
18440,337.15,0.85,156.246423129
18460,267.7,0.6,95.1740061072
18480,291.5,0.7,115.828056983
18500,389.0,0.8,130.501455185
18520,302.7,0.7,129.204902186
18540,293.15,0.75,141.862533443
18560,354.85,0.6,91.7380298834
18580,335.75,0.85,139.277150861
18600,337.65,0.8,125.931625159
18620,287.8,0.5,65.9166960313
18640,343.8,0.65,92.5519007133
18660,370.15,0.9,143.063386596
18680,319.95,0.8,146.084212415
18700,319.05,0.9,162.859360671
18720,288.7,0.65,111.728045905
18740,337.2,0.85,157.899362485
18760,293.85,0.8,142.80834498
18780,317.95,0.6,103.102162948
18800,307.75,0.9,165.408583162
18820,274.0,0.65,108.233015308
18840,308.85,0.8,138.057915192
18860,300.65,0.9,182.528674551
18880,311.05,0.85,155.254617094
18900,320.6,0.6,97.346737061
18920,294.95,0.65,98.7124385158
18940,300.15,0.55,70.0374702405
18960,409.35,0.7,112.457564554
18980,364.6,0.5,81.6099457645
19000,358.85,0.7,130.159609229
19020,436.3,0.7,111.99117116
19040,293.3,0.8,148.06136448
19060,334.8,0.85,142.427136369
19080,463.2,0.85,149.735352571
19100,424.15,0.65,102.566077915
19120,343.85,0.9,164.391776979
19140,300.5,0.65,108.66701881
19160,355.55,0.7,106.882652029
19180,402.3,0.75,125.986562992
19200,443.35,0.7,122.956023154
19220,331.1,0.85,159.417555335
19240,504.95,0.55,49.6823570516
19260,511.35,0.7,124.55926389
19280,404.0,0.7,122.908334111
19300,444.95,0.7,127.11598867
19320,403.1,0.9,154.653751989
19340,407.9,0.85,149.283136645
19360,369.2,0.75,118.465393077
19380,505.65,0.85,141.675693252
19400,389.0,0.75,111.528923359
19420,495.65,0.7,111.140419245
19440,445.35,0.55,62.9262173537
19460,570.85,0.75,114.696332293
19480,508.95,0.6,50.6652883185
19500,487.3,0.75,135.175571921
19520,511.0,0.6,63.1092498697
19540,487.2,0.8,136.829107837
19560,379.25,0.75,121.485117115
19580,400.75,0.75,117.051584968
19600,417.0,0.75,121.821257337
19620,452.75,0.8,144.868021889
19640,359.8,0.75,122.551467087
19660,381.95,0.55,81.0233795738
19680,416.35,0.75,111.433667656
19700,524.4,0.65,136.348378709
19720,428.6,0.6,81.9948910604
19740,462.7,0.65,114.007944933
19760,451.25,0.7,125.969784053
19780,420.25,0.85,136.353383424
19800,431.5,0.7,118.622560739
19820,393.2,0.95,166.929371684
19840,379.65,0.75,140.942533773
19860,441.15,0.6,63.9980292324
19880,496.15,0.85,151.986610362
19900,405.9,0.75,118.946542358
19920,456.0,0.9,126.395243246
19940,457.55,0.65,115.545337241
19960,455.45,0.7,97.7551346516
19980,378.45,0.7,110.391435404
20000,340.7,0.55,74.3969342411
20020,390.8,0.75,117.749291781
20040,464.5,0.8,137.792534385
20060,407.85,0.8,123.07805398
20080,440.05,0.8,136.049956865
20100,447.65,0.8,145.737249722
20120,462.8,0.65,104.637142138
20140,493.5,0.8,148.936277166
20160,429.25,0.75,128.066840412
20180,437.2,0.8,143.875982866
20200,441.9,0.75,138.902133196
20220,435.35,0.8,148.502133535
20240,446.1,0.7,89.4989779295
20260,451.55,0.65,98.6646406295
20280,464.15,0.75,113.470875161
20300,437.6,0.65,90.2526286183
20320,464.8,0.8,137.691297849
20340,458.7,0.95,180.074559279
20360,365.05,0.75,131.450146163
20380,436.8,0.8,138.990611557
20400,389.0,0.8,134.156975796
20420,436.55,0.75,134.58964712
20440,389.9,0.8,118.025469703
20460,417.7,0.9,155.557374138
20480,442.25,0.55,62.4609956989
20500,457.4,0.85,162.600948333
20520,360.1,0.8,140.17459157
20540,385.9,0.75,131.718186315
20560,415.75,0.7,119.072693246
20580,370.15,0.8,144.74409632
20600,419.75,0.85,134.429160818
20620,317.35,0.55,72.4438256551
20640,408.2,0.75,128.951879208
20660,413.5,0.85,164.650836307
20680,388.45,0.6,87.4460233669
20700,355.85,0.9,171.03575573
20720,336.1,0.8,151.015096349
20740,406.9,0.75,126.540834082
20760,295.25,0.75,148.629930597
20780,376.55,0.7,114.795633761
20800,381.95,0.65,111.022044185
20820,390.5,0.7,111.523220512
20840,323.65,0.85,175.277244465
20860,333.7,0.9,160.599137811
20880,343.25,0.8,142.149321616
20900,312.85,0.9,174.023986329
20920,334.55,0.75,135.607088511
20940,348.6,0.55,90.3236231159
20960,301.0,0.65,113.787622774
20980,319.9,0.85,164.223750342
21000,320.55,0.8,144.482222299
21020,368.8,0.65,113.556914639
21040,374.8,0.75,133.116048419
21060,419.35,0.6,111.696677381
21080,376.1,0.85,163.955410078
21100,485.2,0.75,148.827642049
21120,384.8,0.75,120.734964097
21140,354.05,0.7,129.908461843
21160,440.15,0.6,93.6861851223
21180,445.65,0.85,162.803471045
21200,395.05,0.85,148.72178502
21220,403.2,0.65,99.9591592432
21240,373.7,0.9,173.717816131
21260,397.5,0.85,157.34311131
21280,447.05,0.7,118.292517101
21300,330.65,0.75,151.29732827
21320,346.3,0.8,154.702609832
21340,447.8,0.55,81.7449929792
21360,319.1,0.9,177.711784275
21380,390.3,0.85,168.20333392
21400,372.0,0.65,121.543479954
21420,433.75,0.65,122.730284774
21440,399.1,0.65,109.654578688
21460,419.4,0.7,137.879516082
21480,373.05,0.8,142.877244616
21500,376.15,0.65,109.467204629
21520,376.85,0.75,149.76906724
21540,349.8,0.8,158.268014665
21560,372.3,0.75,117.449790636
21580,446.1,0.65,114.521705372
21600,383.15,0.9,157.707140543
21620,443.85,0.85,140.478146329
21640,390.15,0.8,156.483797144
21660,376.7,0.7,129.043638587
21680,445.3,0.75,133.379333999
21700,455.35,0.6,96.9632446658
21720,402.35,0.75,128.610311413
21740,533.65,0.7,140.08385052
21760,396.95,0.8,137.347521589
21780,368.75,0.8,139.825476651
21800,381.2,0.8,135.446481291
21820,454.9,0.75,130.521559126
21840,442.75,0.7,119.650043288
21860,444.55,0.75,123.647743828
21880,488.75,0.8,125.741485532
21900,518.2,0.8,140.328629584
21920,452.7,0.75,113.310385721
21940,540.9,0.8,110.503238948
21960,442.7,0.8,130.605555794
21980,560.05,0.65,104.037919188
22000,465.8,0.85,127.945690599
22020,561.25,0.75,80.7011475176
22040,496.05,0.75,104.945270381
22060,558.4,0.85,123.753441327
22080,440.9,0.6,76.6907187666
22100,574.1,0.7,87.1976225044
22120,453.3,0.65,86.1769726542
22140,570.7,0.6,55.8400135538
22160,559.1,0.75,99.8580196416
22180,575.8,0.7,95.4071461879
22200,535.05,0.6,59.0890854382
22220,552.8,0.9,142.698061341
22240,579.35,0.7,113.013796842
22260,608.1,0.6,45.1494262011
22280,576.2,0.7,100.444654583
22300,557.1,0.65,102.573730104
22320,643.7,0.65,94.8303763575
22340,552.05,0.6,76.079050877
22360,531.55,0.65,87.656582811
22380,494.4,0.75,103.409028388
22400,536.8,0.55,57.0172309801
22420,503.3,0.85,134.12418537
22440,594.6,0.65,104.270911863
22460,466.7,0.55,68.4422683421
22480,461.6,0.85,135.199892873
22500,481.3,0.65,109.644081418
22520,517.15,0.7,73.3751750369
22540,364.6,0.5,71.6857706393
22560,388.35,0.8,128.277836529
22580,521.75,0.7,93.1830268779
22600,505.45,0.65,80.5362248212
22620,450.35,0.7,118.063013404
22640,384.85,0.95,166.159371203
22660,455.0,0.65,113.29349448
22680,379.1,0.85,152.508508959
22700,372.85,0.75,132.992071267
22720,373.05,0.9,185.563237033
22740,452.65,0.8,153.527764395
22760,478.5,0.65,106.567451853
22780,381.65,0.65,95.0385769808
22800,313.55,0.7,125.843282045
22820,396.4,0.7,111.411861755
22840,362.5,0.8,123.110634483
22860,368.1,0.75,131.731463827
22880,394.25,0.65,110.388268444
22900,394.0,0.65,106.927420089
22920,314.25,0.65,96.7454457194
22940,364.5,0.85,156.937042568
22960,417.2,0.7,135.38204676
22980,409.25,0.85,156.392100504
23000,406.0,0.75,134.200494482
23020,334.1,0.8,147.978392794
23040,387.4,0.75,115.530271172
23060,336.1,0.8,143.671842097
23080,338.2,0.9,177.388048847
23100,403.35,0.6,106.262967386
23120,438.35,0.7,118.505509237
23140,362.4,0.7,134.865759303
23160,431.95,0.85,144.110615508
23180,444.25,0.65,101.685331804
23200,436.5,0.8,152.347722134
23220,455.3,0.85,164.207717317
23240,488.65,0.75,120.651219411
23260,403.5,0.9,168.087248663
23280,416.75,0.9,147.890267719
23300,456.4,0.65,104.755140607
23320,438.65,0.65,108.379377564
23340,447.15,0.85,152.402629352
23360,365.25,0.85,157.449045309
23380,433.3,0.65,103.770701316
23400,435.2,0.7,91.1182033873
23420,516.7,0.75,150.775180797
23440,425.15,0.65,84.063558823
23460,453.1,0.85,142.59893617
23480,431.75,0.7,114.426459506
23500,434.65,0.5,60.925485247
23520,460.0,0.7,124.331297109
23540,416.4,0.8,159.171449676
23560,478.8,0.75,133.66661062
23580,485.75,0.7,125.883713822
23600,454.4,0.85,174.480183283
23620,447.0,0.75,138.992191832
23640,443.0,0.9,169.910115551
23660,409.1,0.85,146.747262638
23680,433.1,0.95,181.159636579
23700,534.45,0.7,134.073060894
23720,415.45,0.9,162.482866165
23740,416.35,0.6,96.9720306664
23760,404.4,0.8,133.951379236
23780,410.05,0.95,180.987146057
23800,447.6,0.7,137.822308053
23820,479.85,0.7,132.972653513
23840,394.9,0.65,90.9583745664
23860,408.8,0.7,121.179721988
23880,491.15,0.8,148.968313973
23900,424.25,0.85,152.345821392
23920,386.15,0.85,151.663960351
23940,384.05,0.7,138.895480231
23960,383.2,0.7,144.546687991
23980,363.65,0.75,136.379123445
24000,395.45,0.95,171.065542786
24020,402.8,0.7,112.411973643
24040,405.2,0.8,137.685872027
24060,382.9,0.8,149.020290397
24080,347.9,0.8,154.424717642
24100,500.95,0.7,128.04694412
24120,372.0,0.8,162.024267039
24140,312.75,0.7,126.387874688
24160,442.25,0.7,155.473159512
24180,351.2,0.9,190.328832487
24200,383.15,0.8,153.559205247
24220,347.9,0.85,169.197082276
24240,374.2,1.0,203.422109613
24260,347.55,0.7,119.122626948
24280,302.15,0.9,181.749839964
24300,437.2,0.65,133.729409489
24320,373.2,0.85,169.41613677
24340,373.75,0.75,151.224410142
24360,330.05,0.7,141.255553435
24380,291.55,0.55,90.1779787549
24400,354.35,0.7,142.775745678
24420,354.15,0.75,157.113538319
24440,329.35,0.55,122.516490004
24460,340.8,0.75,146.940669056
24480,280.05,0.7,141.559513332
24500,324.6,0.85,184.070579614
24520,322.4,0.85,165.017960689
24540,369.45,0.85,179.2918959
24560,347.6,0.7,131.436465811
24580,386.75,0.85,181.087949451
24600,375.35,0.8,165.307819302
24620,345.65,0.85,175.35438567
24640,412.3,0.7,151.234304775
24660,372.15,0.8,167.657151673
24680,310.0,0.8,150.958517413
24700,331.45,0.95,182.466264893
24720,353.1,0.85,170.161393028
24740,307.1,0.9,186.281782947
24760,307.15,0.9,183.169080375
24780,357.5,0.75,143.20733009
24800,391.95,0.75,158.86643391
24820,308.05,0.9,190.289226655
24840,324.2,0.8,156.01588145
24860,379.8,0.8,172.843602881
24880,437.85,0.8,170.441561566
24900,368.05,0.7,135.464015463
24920,448.0,0.65,140.562779579
24940,420.45,0.7,153.224133116
24960,411.35,0.7,150.496751726
24980,395.2,0.8,158.352844908
25000,416.05,0.7,140.521186056
25020,329.6,0.75,146.130630371
25040,363.85,0.9,179.567772946
25060,386.25,0.75,157.674630952
25080,339.4,0.85,172.18591928
25100,328.7,0.75,147.988089295
25120,310.85,0.9,169.70374575
25140,338.6,0.7,137.323338111
25160,345.15,0.7,130.252308382
25180,294.85,0.75,143.175335136
25200,334.95,0.9,169.015878353
25220,405.45,0.85,172.40118771
25240,363.9,0.8,165.69214957
25260,347.05,0.8,144.218456765
25280,322.75,0.85,157.764816076
25300,324.05,0.85,163.018272707
25320,346.1,0.85,177.196826197
25340,377.4,0.65,136.917053134
25360,373.4,0.9,174.816931926
25380,365.8,0.8,158.203629334
25400,305.3,0.85,175.672363558
25420,339.7,0.9,181.308932121
25440,325.6,0.65,111.790031269
25460,397.35,0.75,149.084199172
25480,346.15,0.8,159.253278815
25500,301.05,0.9,176.857401085
25520,331.9,0.95,185.398116153
25540,338.15,0.75,132.955744103
25560,343.95,0.7,137.937168502
25580,321.15,0.95,190.554250401
25600,367.2,0.9,189.826031387
25620,308.6,0.85,170.998529572
25640,388.55,0.9,177.728777049
25660,408.7,0.8,175.566271294
25680,283.85,0.85,176.736065599
25700,323.3,0.85,169.33726357
25720,352.15,0.8,159.523413496
25740,384.65,0.85,171.250111116
25760,295.75,0.95,195.883631008
25780,352.9,0.9,192.563809869
25800,361.45,0.7,142.266123371
25820,319.0,0.8,162.079251409
25840,294.5,1.0,198.487829024
25860,280.65,0.9,179.313598671
25880,293.55,0.8,156.508223566
25900,282.35,0.85,164.948256476
25920,318.7,0.65,121.46420611
25940,283.5,0.9,185.657201449
25960,411.15,0.75,156.917743905
25980,301.25,0.85,159.252797836
26000,312.45,0.85,154.868573895
26020,295.5,0.9,182.871692187
26040,371.3,0.7,143.109964303
26060,345.4,0.8,148.653160176
26080,299.05,0.85,168.142368013
26100,345.9,0.8,141.446232481
26120,294.05,0.85,159.797023035
26140,332.65,1.0,200.355456579
26160,330.8,0.75,139.540855343
26180,285.7,0.8,151.896630761
26200,374.7,0.9,177.014895294
26220,385.25,0.9,176.728923379
26240,337.1,0.8,143.136694691
26260,298.05,0.9,183.167219919
26280,309.25,0.85,173.211603509
26300,356.55,0.8,170.833382341
26320,319.7,0.85,167.910856682
26340,286.85,0.85,168.000851897
26360,306.65,0.95,190.943113022
26380,306.0,0.75,142.132826162
26400,364.3,0.8,148.093503455
26420,301.9,0.85,169.787646768
26440,293.0,0.75,146.949526661
26460,401.2,0.85,175.994914792
26480,279.6,0.75,147.641290074
26500,348.3,0.85,170.687721354
26520,318.95,0.8,155.214609702
26540,287.0,0.75,147.873739413
26560,345.35,0.8,160.755583145
26580,359.0,0.7,146.42896423
26600,340.95,0.85,174.967105325
26620,358.95,0.7,151.281987685
26640,348.85,0.8,161.88488661
26660,306.15,0.75,152.844556152
26680,308.55,0.9,177.857974287
26700,303.55,0.7,134.444664613
26720,301.5,0.8,155.02263908
26740,305.95,0.85,171.995529045
26760,385.45,0.75,154.953037309
26780,356.9,0.85,184.474944864
26800,370.3,0.85,174.937885039
26820,301.55,0.7,142.173532231
26840,327.1,0.85,174.300894174
26860,327.4,0.85,174.550598282
26880,355.1,0.8,174.116468816
26900,296.05,0.9,180.667515256
26920,299.85,0.95,187.287605278
26940,378.6,0.75,154.984658122
26960,319.55,0.8,151.587647746
26980,305.2,0.9,182.849269219
27000,296.8,0.75,132.81035244
27020,365.95,0.85,167.43318087
27040,293.2,0.95,191.64631647
27060,307.5,0.95,193.708057594
27080,338.5,0.95,192.304925756
27100,389.4,0.7,129.05483506
27120,374.0,0.8,150.321792946
27140,310.2,1.0,207.221392133
27160,441.6,0.65,142.372406631
27180,303.1,0.95,186.8099722
27200,329.8,0.8,161.323185918
27220,288.4,0.85,166.197203723
27240,394.55,0.8,153.552706798
27260,304.35,0.9,174.151111472
27280,330.3,0.9,162.895457845
27300,300.7,0.8,142.771843842
27320,374.3,0.85,163.39780714
27340,353.25,0.8,156.022844138
27360,384.2,0.8,144.749923224
27380,403.65,0.85,174.726699211
27400,302.1,0.95,187.651131445
27420,299.0,0.65,118.322982726
27440,303.95,0.9,178.218293983
27460,336.45,0.85,167.178409143
27480,352.65,0.9,176.920806206
27500,411.2,0.7,146.891131532
27520,278.35,0.8,162.398308996
27540,323.2,0.8,152.90812005
27560,374.55,0.85,162.44721681
27580,303.8,0.85,162.255987749
27600,372.15,0.85,175.418302114
27620,314.9,0.9,176.917534829
27640,356.7,0.9,189.442711226
27660,280.65,0.9,183.164761595
27680,308.85,0.85,156.605056336
27700,332.2,0.75,154.637567619
27720,373.85,0.75,140.836914875
27740,293.8,0.8,148.331002927
27760,289.0,0.8,164.808475425
27780,281.55,0.9,177.304665573
27800,311.6,0.95,190.915775283
27820,314.9,0.95,177.299092898
27840,290.45,0.9,171.805426128
27860,296.5,0.95,191.972209415
27880,302.1,0.75,137.862137254
27900,334.6,0.85,167.459003062
27920,314.9,0.8,169.022726542
27940,291.45,0.95,199.239610159
27960,298.4,0.7,121.659602541
27980,329.55,0.8,162.692920172
28000,287.0,1.0,213.44305904
28020,323.7,0.95,176.602400559
28040,288.7,0.7,129.565026841
28060,288.45,0.9,180.650517773
28080,337.55,1.0,201.551428702
28100,285.3,0.85,171.591894452
28120,337.4,0.75,144.020017859
28140,282.75,0.85,173.966822269
28160,312.0,0.9,178.681541836
28180,285.3,0.8,155.772150286
28200,270.0,0.85,175.738842354
28220,362.35,0.85,179.797907465
28240,320.5,0.9,183.50416395
28260,297.6,0.9,173.955701232
28280,321.8,0.85,179.393248955
28300,298.75,0.85,160.685785897
28320,276.55,0.85,176.391567177
28340,285.4,0.75,148.106517095
28360,266.9,0.75,150.824822919
28380,279.15,0.85,163.895038357
28400,299.65,0.7,131.659698969
28420,288.2,0.85,161.628107972
28440,285.5,0.9,178.050154816
28460,318.25,0.8,154.534322066
28480,287.45,0.85,169.107129365
28500,285.3,0.85,172.175797487
28520,280.55,0.95,193.165875607
28540,284.2,0.95,194.730792832
28560,287.45,0.8,149.169137173
28580,304.75,0.9,174.520003802
28600,283.2,0.85,158.267682204
28620,322.05,0.75,141.860243698
28640,286.3,0.95,191.071898138
28660,301.1,0.7,137.745481083
28680,332.8,0.7,134.381037806
28700,289.75,0.95,187.70402423
28720,363.6,0.85,179.706737636
28740,318.75,0.8,160.557219759
28760,313.55,0.85,166.058826282
28780,285.95,0.8,152.874088381
28800,333.65,0.9,173.984867821
28820,347.7,0.95,182.636824536
28840,344.1,0.9,165.857012192
28860,318.05,0.85,179.120097942
28880,355.15,0.7,143.136276498
28900,283.05,0.9,185.446827414
28920,329.75,0.85,178.709537232
28940,371.85,0.85,178.096285013
28960,346.55,0.9,180.407742567
28980,302.4,0.85,157.607966027
29000,323.4,0.8,150.762277349
29020,303.75,0.95,193.377525182
29040,424.25,0.8,168.392210795
29060,378.15,0.8,136.639569674
29080,296.15,0.8,159.345033469
29100,306.65,1.0,200.249226752
29120,308.05,0.8,148.870653547
29140,356.65,1.0,194.796063726
29160,369.8,0.9,183.738965406
29180,321.6,0.8,163.050906019
29200,330.05,0.9,177.195117052
29220,306.8,0.9,180.324405786
29240,389.85,0.8,158.375060152
29260,349.35,0.9,186.153107196
29280,344.05,0.9,187.033613064
29300,418.85,0.75,158.192317453
29320,350.25,0.8,161.658655685
29340,354.45,0.9,186.182244388
29360,345.6,0.95,194.453088286
29380,366.2,0.95,195.1254551
29400,297.35,0.85,163.28376319
29420,331.35,0.95,191.743524814
29440,338.1,0.9,169.433215951
29460,345.5,0.95,196.978348555
29480,398.95,0.9,187.345498939
29500,326.6,1.0,203.393236189
29520,379.55,0.9,181.748230951
29540,325.25,0.8,139.297405971
29560,336.9,0.95,184.61654532
29580,338.5,0.8,156.188962905
29600,360.45,0.85,172.057128175
29620,367.85,0.9,172.504887973
29640,336.6,0.9,164.543829758
29660,368.3,0.85,172.541636803
29680,407.1,0.8,155.370476008
29700,390.05,0.95,194.286910316
29720,396.1,0.75,151.107816331
29740,334.2,0.95,179.586745325
29760,363.95,0.85,173.700833493
29780,382.1,0.8,166.768422991
29800,383.65,0.85,167.560146203
29820,344.4,1.0,206.07516911
29840,394.8,0.85,170.603667123
29860,340.35,0.95,182.509276459
29880,392.45,0.9,186.89882003
29900,373.85,0.95,197.028632242
29920,360.0,0.9,186.004159826
29940,294.05,0.7,132.154957144
29960,308.8,0.95,191.669818149
29980,374.8,0.9,181.781055046
30000,382.3,0.65,124.999471831
