10,73.3,0.0,-344.821776974
20,72.9,0.0,-376.910657291
30,73.6,0.0,-332.630591206
40,79.1,0.0,-356.571013889
50,70.1,0.0,-286.67617669
60,74.6,0.0,-215.703881247
70,71.2,0.0,-178.350709697
80,73.0,0.0,-175.824559569
90,78.9,0.0,-204.282606863
100,77.1,0.0,-179.330958518
110,77.1,0.0,-208.308027658
120,70.5,0.0,-185.101759599
130,64.9,0.0,-197.322636772
140,82.0,0.0,-192.308710369
150,75.7,0.0,-193.243300971
160,81.7,0.0,-245.336398617
170,80.7,0.0,-193.695306012
180,85.4,0.0,-191.865289533
190,88.4,0.0,-247.389723939
200,85.6,0.0,-184.857043041
210,187.8,0.0,-189.283952217
220,86.2,0.0,-186.894921404
230,97.0,0.0,-171.831645345
240,107.2,0.0,-203.086918576
250,128.4,0.0,-221.645561356
260,137.1,0.0,-165.910060252
270,142.0,0.0,-237.726298313
280,147.2,0.0,-238.243117247
290,165.4,0.0,-262.024823328
300,140.0,0.0,-250.652935767
310,158.8,0.0,-215.565728778
320,168.1,0.0,-257.617060553
330,180.9,0.0,-219.27667795
340,164.3,0.0,-180.424153225
350,171.2,0.0,-193.753783675
360,164.8,0.0,-213.500840678
370,170.8,0.0,-172.351419465
380,174.2,0.0,-147.807974657
390,215.9,0.0,-127.531956813
400,190.2,0.0,-130.719323093
410,162.5,0.0,-141.862403827
420,178.2,0.0,-110.488921596
430,194.1,0.0,-113.220342883
440,224.6,0.0,-134.583672111
450,251.2,0.0,-132.747634599
460,322.9,0.0,-119.788656004
470,252.0,0.0,-91.6431734777
480,327.1,0.0,-172.068102336
490,236.0,0.0,-106.085478258
500,357.1,0.0,-262.926888414
510,355.4,0.0,-196.188148853
520,355.7,0.0,-121.887608634
530,277.2,0.1,-93.5113293655
540,332.6,0.2,-62.3926004194
550,265.3,0.0,-85.9951729208
560,230.5,0.0,-78.8019280908
570,281.4,0.0,-50.5687586383
580,249.2,0.0,-104.465617057
590,308.8,0.2,-47.9577589216
600,243.0,0.1,-58.2111107188
610,333.5,0.1,-92.9676253827
620,286.6,0.0,-88.1264011017
630,345.1,0.0,-110.002965114
640,456.1,0.0,-157.052526214
650,339.8,0.3,-29.2950664485
660,363.5,0.3,-33.8296673684
670,360.9,0.0,-126.186201159
680,543.4,0.2,-107.508006113
690,501.3,0.2,-88.1479029977
700,753.6,0.3,-62.368683659
710,413.0,0.6,50.4703404134
720,504.4,0.3,-41.2394401926
730,431.0,0.3,-38.1261974636
740,589.8,0.3,-64.5789365199
750,531.2,0.5,32.8483803127
760,614.6,0.7,38.8439532391
770,529.7,0.4,-36.5866801143
780,669.3,0.6,17.8987052187
790,563.7,0.4,-15.1614731583
800,855.1,0.2,-41.7365885191
810,868.8,0.4,-21.678310492
820,772.0,0.3,-50.0848452793
830,760.6,0.4,-48.727365849
840,744.9,0.5,13.0327635647
850,676.8,0.6,34.8520126558
860,507.3,0.5,57.8096244178
870,706.6,0.6,69.2847342147
880,657.1,0.6,58.4644770652
890,567.7,0.6,88.3274215901
900,589.4,0.8,125.964559405
910,784.5,0.5,5.77490067975
920,804.5,0.4,62.0723611457
930,545.7,0.4,55.5622863105
940,660.1,0.4,71.5370304562
950,614.9,0.0,14.5039974861
960,484.2,0.1,6.87016497358
970,500.6,0.2,33.1358624122
980,479.5,0.5,92.5189475907
990,275.6,0.2,19.0054897444
1000,227.3,0.1,-4.56332830741
1010,294.0,0.1,4.88646438041
1020,244.8,0.3,36.7025573626
1030,285.5,0.1,-4.23674713331
1040,264.1,0.1,-29.8086718171
1050,204.8,0.1,-7.25853737638
1060,271.8,0.2,-20.6704907877
1070,282.6,0.0,-38.3651019849
1080,323.7,0.1,-22.5441585222
1090,223.8,0.2,-13.330823394
1100,261.8,0.3,5.24817021297
1110,296.4,0.6,72.0103728448
1120,295.3,0.3,-6.47897230768
1130,380.8,0.6,37.805182576
1140,388.1,0.4,-47.8642346529
1150,377.8,0.5,9.84721971479
1160,412.6,0.4,-37.6601953477
1170,376.7,0.1,-108.830515241
1180,460.9,0.1,-140.588444968
1190,478.4,0.2,-121.575192593
1200,453.3,0.0,-139.802880061
1210,562.8,0.1,-148.622410582
1220,564.6,0.1,-137.414328772
1230,747.0,0.1,-187.587776932
1240,978.9,0.0,-168.487895462
1250,912.9,0.0,-96.0415034193
1260,1000.0,0.0,-85.2318741317
1270,1000.0,0.0,-95.0611526008
1280,1000.0,0.0,-63.5049843232
1290,915.8,0.2,-56.8122375404
1300,770.2,0.3,-49.7503870854
1310,825.2,0.6,39.0419400476
1320,783.4,0.7,33.7667091663
1330,618.7,0.1,-74.9005399091
1340,597.5,0.3,-15.2600355139
1350,776.0,0.4,-72.8622340217
1360,820.0,0.3,-56.5540332502
1370,980.3,0.0,-120.343926455
1380,830.6,0.2,-70.3075755824
1390,696.9,0.3,-30.512440171
1400,581.4,0.4,-58.1949377336
1410,587.9,0.4,-0.226437075449
1420,462.2,0.5,39.6884420239
1430,588.7,0.3,54.7387504113
1440,403.9,0.4,28.0803067014
1450,450.6,0.5,47.662517801
1460,323.5,0.4,14.4262123849
1470,366.5,0.4,44.823960468
1480,431.8,0.2,11.9931302841
1490,386.7,0.5,37.3111799607
1500,453.7,0.0,-26.8150267275
1510,560.7,0.3,47.8997016599
1520,314.4,0.5,81.9993231713
1530,480.7,0.4,51.8653462004
1540,481.0,0.4,76.3675967761
1550,398.5,0.4,45.3567045202
1560,398.6,0.4,48.1729928058
1570,549.2,0.1,24.5861622088
1580,523.1,0.2,44.369912731
1590,645.0,0.4,79.3521009167
1600,545.7,0.2,63.0707934518
1610,519.5,0.9,159.927033519
1620,696.9,0.6,137.903851724
1630,451.0,0.3,53.4219240517
1640,366.0,0.2,43.2507368256
1650,446.0,0.3,49.9441198344
1660,589.7,0.4,86.1105983869
1670,573.0,0.4,95.2968634639
1680,508.7,0.4,64.7964356454
1690,666.8,0.2,77.3207743225
1700,509.8,0.4,100.113363355
1710,605.4,0.0,23.163903165
1720,782.2,0.2,93.3595279945
1730,752.9,0.0,49.9690213565
1740,693.3,0.2,62.965194811
1750,833.4,0.2,103.151848218
1760,568.1,0.3,78.257686875
1770,996.2,0.1,92.2233542148
1780,968.6,0.1,98.7712161656
1790,952.4,0.1,86.526653576
1800,850.2,0.2,76.3430274321
1810,674.9,0.4,109.792079177
1820,688.5,0.6,142.041530493
1830,676.8,0.4,101.449030597
1840,786.7,0.2,71.0166458568
1850,808.6,0.3,107.232276983
1860,763.9,0.4,100.000026657
1870,922.7,0.2,88.9403689844
1880,835.3,0.3,97.1656303244
1890,1000.0,0.0,94.9455316121
1900,858.6,0.1,95.083688211
1910,1000.0,0.0,80.8440953802
1920,699.1,0.0,36.4381098448
1930,1000.0,0.0,78.9063906467
1940,605.7,0.2,65.7771396553
1950,692.8,0.2,65.1091288438
1960,460.5,0.4,77.1544666792
1970,570.7,0.3,71.6595560122
1980,616.5,0.6,136.834141165
1990,634.6,0.2,52.0322290579
2000,668.6,0.5,103.449805382
2010,894.5,0.1,59.7621621914
2020,689.3,0.0,9.64336448271
2030,544.4,0.6,110.753649029
2040,590.8,0.5,106.189075588
2050,723.2,0.5,106.108057292
2060,670.8,0.4,110.702120802
2070,503.2,0.6,90.9781997357
2080,711.8,0.2,56.1947597951
2090,511.1,0.5,95.9393040802
2100,442.0,0.7,111.623861148
2110,419.5,0.5,84.5075111167
2120,370.9,0.4,35.4181983838
2130,417.9,0.2,2.86803864808
2140,401.2,0.2,14.1490928559
2150,499.8,0.3,43.8709235538
2160,360.1,0.3,-6.39840834001
2170,413.8,0.3,21.4648004974
2180,436.9,0.4,60.374387236
2190,416.3,0.3,29.1592066958
2200,329.3,0.5,52.3703888951
2210,272.6,0.6,71.3393390035
2220,320.4,0.3,13.0851386808
2230,428.3,0.5,79.7968641273
2240,328.2,0.5,67.5468407328
2250,277.0,0.3,-10.3913478342
2260,335.7,0.5,53.9384498059
2270,417.3,0.5,69.9444215655
2280,330.1,0.1,-34.5323173644
2290,315.5,0.2,-5.35912415016
2300,550.3,0.3,58.9538043003
2310,411.1,0.4,62.0494778333
2320,401.7,0.2,-0.0922871211186
2330,412.3,0.6,66.6136162109
2340,322.6,0.5,40.0818931992
2350,308.6,0.5,51.5643249777
2360,482.0,0.2,15.5724265205
2370,564.3,0.6,70.5493091933
2380,594.0,0.2,28.6993849397
2390,518.8,0.4,34.7121697413
2400,462.7,0.5,72.5190579925
2410,485.1,0.4,42.4646037807
2420,487.4,0.4,25.7381206088
2430,484.6,0.6,68.5267793387
2440,597.0,0.4,27.9040617765
2450,420.5,0.4,22.1296591865
2460,576.3,0.4,35.6906296658
2470,514.9,0.2,-16.2554042105
2480,657.5,0.5,-7.60307043706
2490,731.8,0.5,2.11936000342
2500,777.7,0.2,-57.7409842074
2510,912.5,0.0,-94.5287809036
2520,904.6,0.1,-90.3766071414
2530,826.2,0.0,-77.1960874029
2540,1000.0,0.0,-76.3386997976
2550,1000.0,0.0,-79.5564089568
2560,1000.0,0.0,-75.532738802
2570,1000.0,0.0,-77.2363774843
2580,1000.0,0.0,-94.4979868794
2590,1000.0,0.0,-78.0043877007
2600,1000.0,0.0,-91.9342195449
2610,1000.0,0.0,-92.5993172566
2620,1000.0,0.0,-90.8924519882
2630,1000.0,0.0,-89.433223955
2640,1000.0,0.0,-72.3522600648
2650,1000.0,0.0,-79.1666943515
2660,996.5,0.0,-90.4166287822
2670,936.8,0.3,-25.1282869888
2680,773.3,0.3,-12.8833675558
2690,669.7,0.4,17.4174636543
2700,727.6,0.5,53.7464350417
2710,441.7,0.5,30.2618205444
2720,684.2,0.2,12.9918810756
2730,546.9,0.4,40.0158256715
2740,425.6,0.6,52.078316423
2750,476.1,0.4,28.7334738198
2760,548.7,0.8,127.191863369
2770,422.3,0.2,2.18486392004
2780,445.5,0.2,-15.6170307933
2790,343.2,0.6,66.3776641685
2800,334.2,0.1,-37.6883874731
2810,425.4,0.5,46.0929326546
2820,543.3,0.4,55.7210617678
2830,443.2,0.2,-16.2405632199
2840,349.5,0.2,-15.4136459718
2850,686.3,0.3,74.8678175596
2860,446.1,0.5,39.0781136157
2870,583.2,0.3,27.4953720179
2880,569.4,0.5,89.0348724205
2890,870.9,0.1,86.0866266426
2900,646.2,0.4,81.4929536161
2910,850.5,0.3,104.898605464
2920,474.0,0.0,-47.4191731261
2930,966.9,0.1,97.560403497
2940,866.9,0.2,74.5539627283
2950,832.2,0.2,97.1461048439
2960,955.8,0.1,90.9596798221
2970,851.3,0.3,104.423064151
2980,829.0,0.3,103.857342342
2990,637.4,0.3,51.5230715835
3000,632.3,0.5,112.29742075
3010,738.4,0.2,70.6682560594
3020,864.7,0.3,103.472809243
3030,841.0,0.2,73.9895004587
3040,830.3,0.4,114.045761276
3050,846.5,0.5,126.496289451
3060,703.1,0.4,104.578346358
3070,671.5,0.4,81.4441018551
3080,575.8,0.5,95.3460922751
3090,616.8,0.3,53.791792317
3100,799.6,0.5,110.029978879
3110,812.5,0.4,99.7268066105
3120,645.7,0.2,47.9636552502
3130,739.5,0.2,63.5107860079
3140,536.0,0.9,175.436251753
3150,639.2,0.5,93.4993513571
3160,744.9,0.4,95.1737458552
3170,749.3,0.6,137.716778611
3180,804.8,0.4,110.071661714
3190,860.1,0.1,62.9376870411
3200,639.3,0.6,99.0456360602
3210,872.7,0.2,104.165663956
3220,571.9,0.7,120.493306126
3230,741.9,0.3,66.6421128704
3240,635.3,0.3,61.4600840994
3250,768.2,0.3,67.507701086
3260,706.1,0.6,124.63553101
3270,814.8,0.3,92.7229393148
3280,717.5,0.4,102.416893244
3290,799.6,0.4,109.313737483
3300,688.3,0.3,89.3797622351
3310,510.3,0.4,57.4334058566
3320,644.4,0.2,49.6313050034
3330,647.3,0.2,59.0898999262
3340,571.8,0.1,-5.78937507074
3350,436.8,0.3,37.8579536049
3360,489.2,0.2,12.0740699602
3370,722.7,0.3,96.9335732355
3380,527.0,0.4,66.5634151097
3390,591.2,0.4,75.313122057
3400,474.2,0.6,71.9714390207
3410,400.7,0.4,9.39683657841
3420,560.2,0.5,63.6684727082
3430,335.9,0.6,69.2834969301
3440,415.8,0.4,12.5575574239
3450,494.5,0.4,44.0099745165
3460,358.8,0.6,46.388848305
3470,492.3,0.5,43.7716634917
3480,501.7,0.3,-2.41821875306
3490,454.5,0.7,74.2367574818
3500,518.5,0.2,-17.3554323241
3510,406.6,0.5,11.5754076094
3520,322.7,0.2,-42.974641621
3530,434.8,0.6,50.7187847561
3540,452.3,0.4,9.61198135069
3550,568.0,0.4,41.9712643952
3560,393.5,0.1,-32.4950729457
3570,532.0,0.1,-27.6721324008
3580,455.1,0.0,-64.5882840625
3590,548.2,0.3,29.243917439
3600,490.0,0.2,-11.519583601
3610,668.1,0.2,44.2514460918
3620,434.0,0.6,69.3518558123
3630,510.5,0.4,45.2569983607
3640,440.1,0.5,60.7180535273
3650,614.0,0.4,77.1190187124
3660,556.6,0.6,103.944183979
3670,395.9,0.2,-20.0282307917
3680,447.4,0.3,36.8089418517
3690,404.5,0.4,25.7995522919
3700,323.6,0.3,-2.54711586965
3710,450.6,0.4,46.2967024171
3720,520.2,0.1,-16.906997868
3730,389.3,0.4,17.8889027552
3740,592.6,0.5,84.6802706998
3750,532.3,0.5,80.2208291468
3760,464.3,0.5,81.5376440768
3770,389.9,0.3,3.04741938835
3780,581.1,0.4,59.2367728399
3790,395.6,0.5,51.8252383477
3800,406.4,0.6,71.6768212229
3810,569.7,0.6,101.459459484
3820,377.2,0.3,12.1257467023
3830,374.7,0.3,0.115919624585
3840,415.7,0.1,-43.0516751985
3850,456.6,0.2,15.3826494985
3860,456.5,0.4,46.8898621863
3870,493.1,0.6,85.0208203328
3880,395.3,0.5,48.2671276138
3890,526.7,0.5,86.7552387574
3900,548.6,0.2,27.4508928042
3910,565.7,0.4,74.2115937722
3920,740.7,0.2,70.3705319682
3930,472.1,0.5,64.0395285126
3940,678.1,0.3,65.4263324609
3950,829.3,0.3,102.292836468
3960,677.7,0.3,59.4526717987
3970,567.3,0.7,130.075482946
3980,715.6,0.0,0.190455515962
3990,711.7,0.3,73.6054335927
4000,743.3,0.4,77.5723153774
4010,690.5,0.2,36.0447283378
4020,828.1,0.2,60.8713149238
4030,736.0,0.2,46.309876039
4040,830.0,0.4,106.697096838
4050,809.0,0.7,138.023732252
4060,857.3,0.2,57.668714742
4070,782.8,0.7,133.938821468
4080,846.6,0.4,92.6756823426
4090,827.8,0.3,74.3811568245
4100,869.9,0.3,73.9029449114
4110,586.3,0.7,120.59842719
4120,932.9,0.6,131.368087936
4130,905.5,0.4,115.11623498
4140,938.6,0.3,83.5595735183
4150,867.8,0.5,103.780031256
4160,782.1,0.4,99.1550348388
4170,755.0,0.3,76.9545630111
4180,731.7,0.5,111.953154827
4190,855.6,0.5,124.242106641
4200,826.1,0.4,114.988243648
4210,827.0,0.7,139.6738146
4220,854.4,0.5,117.535470375
4230,989.4,0.1,88.5959058975
4240,1000.0,0.0,50.2267963086
4250,1000.0,0.0,77.0636098646
4260,1000.0,0.0,63.5170429218
4270,875.6,0.4,124.27277844
4280,924.1,0.2,85.6853020396
4290,964.2,0.1,74.0842428941
4300,880.2,0.4,96.4224087551
4310,877.0,0.4,106.122445463
4320,855.7,0.5,107.251708655
4330,832.1,0.5,111.299256751
4340,967.7,0.2,73.3431686054
4350,881.7,0.3,69.9752519583
4360,799.6,0.6,110.452885442
4370,818.1,0.6,118.380455104
4380,879.0,0.6,117.940274507
4390,923.9,0.4,86.7046936678
4400,1000.0,0.0,69.2084810279
4410,1000.0,0.0,67.3278264964
4420,960.8,0.1,94.3088626938
4430,1000.0,0.0,87.1957756253
4440,981.4,0.1,73.0485099106
4450,1000.0,0.0,96.9815068532
4460,1000.0,0.0,82.2525616194
4470,945.2,0.1,97.215034384
4480,1000.0,0.0,70.0362369494
4490,1000.0,0.0,94.203518749
4500,937.1,0.1,98.7337688766
4510,1000.0,0.0,105.35118008
4520,1000.0,0.0,96.070291179
4530,930.5,0.1,109.344157964
4540,935.8,0.1,107.395793901
4550,865.5,0.2,108.053086996
4560,920.2,0.0,81.7547813342
4570,692.5,0.0,44.9838168394
4580,698.6,0.3,90.4978856219
4590,607.8,0.3,89.7806482085
4600,694.3,0.2,74.6269967259
4610,776.7,0.4,113.620699678
4620,850.2,0.2,84.0496667753
4630,730.9,0.2,75.8702377864
4640,906.0,0.2,100.281197191
4650,756.9,0.2,80.9843916237
4660,722.9,0.4,109.938530567
4670,706.1,0.5,117.71471823
4680,711.0,0.3,90.4861799534
4690,738.1,0.4,103.426564641
4700,839.8,0.6,146.980794427
4710,820.2,0.3,108.564096504
4720,810.6,0.5,150.340029175
4730,569.0,0.8,162.951991473
4740,653.6,0.5,126.728463124
4750,757.6,0.2,74.5200437762
4760,788.7,0.5,126.692056146
4770,649.9,0.7,157.938781747
4780,856.0,0.3,75.2927659862
4790,696.6,0.5,140.12651207
4800,709.1,0.6,131.85086952
4810,799.4,0.5,123.684100617
4820,792.6,0.4,109.566198338
4830,758.2,0.5,127.512731697
4840,830.6,0.2,81.5864168003
4850,874.5,0.2,70.1063825007
4860,687.9,0.7,142.299540613
4870,840.5,0.4,110.489723411
4880,707.2,0.9,161.079452525
4890,716.8,0.7,142.729060644
4900,688.2,0.8,158.626615966
4910,702.9,0.7,150.900504927
4920,684.4,0.9,172.395784009
4930,671.5,0.8,163.953845119
4940,624.3,0.9,162.415145744
4950,812.9,0.4,93.5371961584
4960,773.6,0.4,110.589786657
4970,722.3,0.7,144.326748637
4980,562.0,0.8,159.757997295
4990,652.4,0.7,149.58805878
5000,576.3,0.8,157.83100431
5010,752.9,0.3,89.4057839687
5020,823.4,0.3,93.1939310913
5030,761.1,0.4,113.409785685
5040,742.1,0.3,78.213805325
5050,563.7,0.8,156.727423259
5060,578.9,0.7,153.880783468
5070,668.5,0.7,143.940650167
5080,584.6,0.6,119.030187571
5090,709.6,0.6,109.841161391
5100,523.1,0.4,86.1862917643
5110,588.4,0.4,100.080953194
5120,598.2,0.6,136.983669946
5130,775.5,0.4,125.901728468
5140,654.0,0.7,150.832849913
5150,633.8,0.6,150.416359596
5160,730.9,0.4,107.106092501
5170,626.1,0.4,109.724064106
5180,672.4,0.6,135.11710811
5190,753.0,0.2,98.4484553213
5200,924.8,0.1,103.013544336
5210,1000.0,0.0,90.9350638546
5220,892.0,0.1,108.489478827
5230,850.9,0.1,93.2111451282
5240,917.2,0.0,79.054357988
5250,759.9,0.0,65.6586519435
5260,1000.0,0.0,83.8446498064
5270,940.9,0.1,103.507082129
5280,598.1,0.2,94.0551652717
5290,845.8,0.0,64.0554966969
5300,833.0,0.0,70.5903963709
5310,766.7,0.1,89.755574788
5320,744.4,0.0,48.5958040537
5330,854.3,0.1,92.9383954942
5340,551.9,0.4,119.534482688
5350,725.1,0.5,139.075551113
5360,779.7,0.3,108.386618899
5370,712.5,0.3,92.2109510441
5380,545.9,0.5,114.830346999
5390,605.2,0.3,89.6884902907
5400,641.5,0.4,83.1933812921
5410,780.5,0.2,80.6225251362
5420,527.0,0.3,63.4601769623
5430,776.5,0.1,74.7684292768
5440,851.7,0.2,108.977340857
5450,498.9,0.6,128.348116348
5460,852.6,0.1,93.4912253897
5470,786.2,0.2,86.3249119292
5480,924.4,0.0,80.2203735606
5490,774.1,0.2,101.311022758
5500,860.4,0.1,98.8843576173
5510,852.3,0.1,100.421796042
5520,966.9,0.1,103.439618129
5530,873.3,0.2,125.547117289
5540,866.1,0.2,113.226695627
5550,936.7,0.1,96.4515568788
5560,850.3,0.1,79.9890868319
5570,1000.0,0.0,77.0704051881
5580,967.5,0.1,81.2941618571
5590,939.5,0.1,98.3310299361
5600,996.3,0.1,82.6952658678
5610,634.4,0.5,123.724134509
5620,699.2,0.6,152.775245959
5630,606.5,0.9,174.881711622
5640,631.3,0.7,154.033233077
5650,720.8,0.7,149.348423329
5660,729.7,0.7,143.674796812
5670,695.8,0.8,144.677732645
5680,888.3,0.3,96.4383596938
5690,651.0,0.6,126.934438104
5700,913.9,0.3,92.1606376208
5710,801.8,0.5,124.416240262
5720,742.4,0.5,130.479042078
5730,786.8,0.5,132.901618103
5740,742.2,0.5,131.64455984
5750,749.9,0.5,153.853031452
5760,729.9,0.5,136.204363531
5770,870.8,0.3,106.946116542
5780,539.3,0.8,176.202148662
5790,805.1,0.4,131.726293241
5800,664.9,0.4,117.02080322
5810,876.8,0.5,127.280341717
5820,722.8,0.5,122.338053147
5830,706.7,0.5,144.438267171
5840,724.6,0.7,166.274264968
5850,757.2,0.6,151.162223535
5860,773.9,0.6,151.617787948
5870,750.6,0.5,114.227556285
5880,883.7,0.3,118.882573511
5890,819.6,0.3,109.403116156
5900,677.3,0.1,72.1256303759
5910,839.7,0.2,94.1832399664
5920,737.8,0.6,148.420986673
5930,658.1,0.4,111.613395676
5940,558.1,0.8,166.731310012
5950,607.1,0.5,109.958322804
5960,612.1,0.8,159.300369821
5970,617.9,0.6,139.309468037
5980,854.7,0.3,117.503843895
5990,768.2,0.5,121.19131455
6000,874.7,0.5,129.35056472
6010,753.0,0.4,109.077246048
6020,562.9,0.3,70.9800020593
6030,812.0,0.6,142.182045305
6040,811.2,0.3,98.1904385745
6050,750.0,0.3,112.86752529
6060,783.3,0.2,76.3414715804
6070,783.4,0.4,115.515708865
6080,974.1,0.2,113.180665989
6090,844.6,0.1,86.5551805096
6100,893.9,0.3,96.7933495334
6110,769.1,0.5,118.264718845
6120,834.8,0.3,115.044850442
6130,776.0,0.2,97.7529563607
6140,863.3,0.2,100.894102826
6150,801.9,0.2,86.03780305
6160,929.4,0.1,86.310552048
6170,760.0,0.3,94.3972118778
6180,771.9,0.2,70.6486895926
6190,814.5,0.1,58.3780136332
6200,789.2,0.3,84.6910958646
6210,735.5,0.6,134.067665545
6220,813.7,0.6,132.099624324
6230,618.6,0.8,176.923688765
6240,641.4,0.9,171.973169508
6250,794.9,0.5,138.554014429
6260,726.0,0.5,120.774826907
6270,774.2,0.5,120.569239616
6280,797.4,0.5,116.638222993
6290,828.0,0.4,110.807697761
6300,798.2,0.5,147.831591995
6310,705.6,0.6,142.290123428
6320,811.6,0.5,145.928723892
6330,631.2,1.0,193.105372456
6340,641.0,0.8,163.7360552
6350,686.1,0.6,148.923655126
6360,726.8,0.6,165.544499453
6370,759.2,0.6,155.177141491
6380,764.7,0.5,137.406538879
6390,501.9,0.8,172.48123783
6400,764.8,0.5,135.616952695
6410,584.1,0.9,180.103956083
6420,662.3,0.7,163.96872423
6430,706.3,0.7,164.170500091
6440,600.7,0.8,186.977851897
6450,602.0,0.7,154.322830465
6460,639.2,0.8,175.345024803
6470,655.7,0.6,144.789097189
6480,607.7,0.5,134.573149653
6490,624.6,0.7,159.956861766
6500,639.8,0.8,175.832387242
6510,546.8,0.9,178.630155104
6520,739.6,0.5,137.070177512
6530,804.2,0.4,143.670979525
6540,631.7,0.7,172.594877443
6550,664.8,0.7,158.284256915
6560,663.2,0.6,151.902231272
6570,594.4,0.8,178.286396926
6580,640.3,0.8,168.892868949
6590,566.9,0.9,162.160338807
6600,656.3,0.8,162.57911111
6610,637.8,0.7,159.388265358
6620,600.4,0.8,174.892811694
6630,751.8,0.2,104.841992475
6640,707.7,0.6,148.703803499
6650,679.9,0.8,166.617795098
6660,837.2,0.5,128.018335144
6670,586.9,0.8,167.430931076
6680,685.2,0.6,143.428588157
6690,845.3,0.4,122.874808645
6700,687.3,0.6,141.746090954
6710,582.0,0.8,177.852701348
6720,623.1,0.7,179.503325468
6730,611.9,0.7,157.251642478
6740,434.7,0.9,181.850511294
6750,634.4,0.7,177.424391266
6760,822.9,0.4,136.817189977
6770,620.2,0.7,153.584015008
6780,658.3,0.8,182.128347808
6790,662.1,0.7,175.573398359
6800,527.3,0.7,164.718930502
6810,595.3,0.9,169.889318241
6820,682.6,0.8,176.550299905
6830,606.5,0.9,178.553201744
6840,722.8,0.6,162.869053288
6850,748.9,0.7,160.358096218
6860,629.6,0.7,156.943565075
6870,704.3,0.7,161.469156736
6880,637.6,0.8,171.046996442
6890,705.1,0.5,119.901949431
6900,651.4,0.7,158.877527899
6910,580.5,0.5,116.252700536
6920,603.2,0.7,145.224459336
6930,586.1,0.8,161.66053515
6940,669.5,0.7,158.164719403
6950,988.5,0.1,109.218911456
6960,595.5,0.9,188.778589829
6970,702.1,0.6,152.847328891
6980,618.3,0.9,182.718075528
6990,692.6,0.7,168.829711087
7000,663.3,0.8,166.06367568
7010,691.2,0.5,134.117190849
7020,644.3,0.8,172.818946239
7030,668.5,0.7,171.14462188
7040,714.5,0.7,144.804440189
7050,625.2,0.9,182.228097442
7060,564.1,0.6,144.031428286
7070,703.7,0.8,168.816017245
7080,699.0,0.8,172.62221627
7090,502.8,0.9,179.009978151
7100,606.5,0.7,143.206691138
7110,559.7,1.0,197.206659974
7120,682.9,0.8,161.817296803
7130,582.8,1.0,193.314122122
7140,651.5,0.8,181.432682632
7150,702.2,0.7,170.274607368
7160,837.7,0.4,126.30330033
7170,626.3,0.8,170.418573368
7180,657.3,0.4,95.0181419284
7190,684.4,0.6,119.182676301
7200,645.2,0.8,157.618347778
7210,835.6,0.6,142.130139536
7220,743.1,0.6,150.103354458
7230,693.1,0.7,171.294765252
7240,826.3,0.4,112.078145063
7250,818.8,0.4,129.153960372
7260,759.8,0.6,146.863592794
7270,691.0,0.8,156.540612645
7280,777.2,0.4,116.238121486
7290,699.9,0.8,177.681306831
7300,728.4,0.8,177.269661203
7310,740.8,0.6,151.492318773
7320,669.6,0.6,146.619882811
7330,757.0,0.3,97.2251504181
7340,797.8,0.4,117.211971526
7350,854.0,0.2,84.2208640655
7360,928.7,0.3,105.462144004
7370,951.2,0.1,93.8539923956
7380,767.3,0.5,147.648399615
7390,622.4,0.6,133.252634308
7400,729.1,0.5,150.106252828
7410,693.9,0.7,177.635397627
7420,656.9,0.5,128.55156985
7430,759.4,0.5,135.280665311
7440,541.5,0.6,111.427340892
7450,821.0,0.3,110.711520104
7460,797.4,0.3,99.2156522607
7470,710.6,0.7,160.718320874
7480,648.5,0.7,151.157549664
7490,618.4,0.8,156.858346876
7500,745.9,1.0,183.274724331
7510,727.6,0.4,128.582301711
7520,718.6,0.5,125.469863412
7530,690.6,0.5,129.524320221
7540,679.8,0.2,73.2840256774
7550,912.0,0.3,107.134079519
7560,738.7,0.3,85.1064271816
7570,845.5,0.3,118.170554299
7580,904.7,0.2,104.092239671
7590,826.3,0.2,90.5830787178
7600,750.6,0.4,108.476206065
7610,877.0,0.3,105.794238235
7620,807.9,0.4,110.033605501
7630,871.9,0.1,79.3456627917
7640,860.3,0.3,106.073214858
7650,722.0,0.5,98.7896344855
7660,894.6,0.1,70.8258633047
7670,774.2,0.4,95.4872025962
7680,833.7,0.5,130.923648068
7690,870.6,0.1,64.1226085609
7700,811.0,0.2,78.903873332
7710,931.9,0.3,107.037901411
7720,701.7,0.5,115.823297167
7730,771.1,0.8,174.63666983
7740,701.0,0.7,149.90472422
7750,532.8,0.9,197.657678346
7760,594.5,0.7,155.618097454
7770,694.7,0.7,146.970229848
7780,676.8,0.5,122.237808844
7790,942.3,0.3,101.021411019
7800,783.1,0.7,147.451481222
7810,779.9,0.7,154.057791793
7820,726.3,0.6,122.249561012
7830,919.0,0.3,111.117666445
7840,766.9,0.4,119.278533986
7850,769.3,0.7,148.052639852
7860,697.2,0.6,132.275718377
7870,776.7,0.5,142.753458114
7880,728.9,0.2,69.4503888431
7890,746.2,0.8,160.171679613
7900,599.4,0.7,149.520824292
7910,800.3,0.6,147.378881209
7920,718.2,0.4,117.192093301
7930,551.7,0.4,88.1377891471
7940,598.6,0.6,134.389811395
7950,700.4,0.4,90.9463930189
7960,804.8,0.7,145.783440949
7970,611.0,0.2,73.4160786704
7980,641.1,0.5,140.950028855
7990,455.3,0.8,174.269234694
8000,496.6,0.7,139.232901993
8010,733.9,0.5,138.02284811
8020,561.7,0.6,138.205391391
8030,540.3,0.7,130.01986399
8040,493.4,0.7,147.242234223
8050,516.1,0.7,144.895451852
8060,464.0,0.6,127.005458748
8070,465.8,0.8,150.002183496
8080,880.7,0.5,131.510414508
8090,428.5,0.5,109.345051696
8100,596.3,0.6,118.867625606
8110,535.6,0.2,52.1076328355
8120,476.9,0.4,105.434725949
8130,436.2,0.6,111.484787257
8140,414.3,0.5,94.7648651747
8150,732.4,0.3,102.888704245
8160,691.4,0.7,172.03153353
8170,659.3,0.4,104.169181902
8180,542.5,0.3,64.6780960476
8190,499.0,0.4,83.5771495165
8200,843.8,0.4,107.274310285
8210,666.5,0.2,54.6784834617
8220,792.4,0.6,141.422488357
8230,774.5,0.3,92.3946283808
8240,887.7,0.3,98.5830519613
8250,609.9,0.3,83.2271340282
8260,473.4,0.4,79.9669627901
8270,536.7,0.5,107.529924719
8280,522.4,0.5,103.934134862
8290,472.1,0.8,152.229094163
8300,462.2,0.6,113.287628823
8310,544.1,0.5,93.71301227
8320,760.0,0.3,101.61289207
8330,733.6,0.1,65.7653294787
8340,508.3,0.7,156.019981025
8350,586.0,0.5,126.55766159
8360,495.9,0.4,96.3100137468
8370,648.5,0.4,105.965659081
8380,657.0,0.5,115.378121736
8390,480.7,0.6,118.776860775
8400,563.2,0.4,65.4532320146
8410,449.6,0.6,109.210107292
8420,761.5,0.4,113.76687049
8430,713.8,0.4,108.543454793
8440,851.2,0.5,124.448975965
8450,642.1,0.6,130.439650701
8460,710.1,0.4,98.3160464151
8470,613.4,0.5,108.131627591
8480,636.6,0.5,102.008134331
8490,826.0,0.4,108.874394786
8500,613.7,0.4,102.16271467
8510,733.5,0.6,126.389500042
8520,565.9,0.8,177.650386181
8530,738.5,0.5,106.851009126
8540,739.3,0.7,154.369689287
8550,705.0,0.7,153.7150804
8560,754.4,0.8,157.485687962
8570,695.6,0.9,163.592922457
8580,712.0,0.7,149.557842034
8590,729.4,0.7,154.500640573
8600,472.6,0.6,109.786944658
8610,763.1,0.5,117.117555492
8620,746.5,0.6,132.614698658
8630,579.7,0.7,138.629341636
8640,678.3,0.6,134.948891083
8650,647.5,0.9,165.057226793
8660,558.5,0.8,140.055177804
8670,699.1,0.8,174.51769274
8680,750.5,0.6,136.508622611
8690,739.2,0.7,140.249536038
8700,702.6,0.8,175.758382041
8710,677.3,0.6,134.107146573
8720,735.9,0.7,152.870610645
8730,760.4,0.7,145.418523946
8740,595.3,0.9,153.065245117
8750,729.8,0.6,129.739017022
8760,721.3,0.7,132.559018862
8770,731.0,0.6,151.898588306
8780,866.9,0.5,129.379363141
8790,691.2,0.8,168.376512163
8800,624.9,0.9,185.340897215
8810,648.5,0.7,126.908066917
8820,708.4,0.8,154.187256432
8830,713.8,0.6,121.221424284
8840,710.5,0.8,148.879987916
8850,782.9,0.4,98.6093186872
8860,771.6,0.7,143.634792597
8870,580.1,0.8,155.249555107
8880,787.9,0.7,146.619591848
8890,824.7,0.4,110.292014979
8900,673.1,0.6,154.96764656
8910,538.4,0.7,146.726624387
8920,505.2,0.8,169.808934231
8930,595.1,0.6,120.835758104
8940,620.1,0.8,156.646153483
8950,659.5,0.7,162.32956788
8960,686.6,0.5,120.605302197
8970,583.8,0.6,100.809414845
8980,722.3,0.4,99.6847118282
8990,687.9,0.5,110.21345955
9000,738.8,0.7,169.803753488
9010,679.8,0.7,137.419419668
9020,750.2,0.4,120.587484432
9030,553.9,0.7,156.048310194
9040,352.8,0.7,137.522667552
9050,550.4,0.6,131.262049468
9060,621.6,0.5,137.943724844
9070,499.8,0.5,117.333169211
9080,415.3,0.2,42.7055855909
9090,621.6,0.1,58.7600596896
9100,623.3,0.6,121.963538337
9110,790.1,0.4,115.644668222
9120,741.0,0.2,89.356686835
9130,836.4,0.1,87.5131915878
9140,679.6,0.6,137.407569301
9150,420.0,0.0,28.0912614068
9160,630.5,0.3,93.5432195374
9170,537.9,0.3,81.2802831986
9180,631.9,0.5,128.855983528
9190,843.2,0.5,134.568516574
9200,555.3,0.6,129.70472495
9210,593.3,0.6,134.181718718
9220,683.0,0.2,68.7001306345
9230,462.3,0.3,72.2740423039
9240,588.3,0.6,151.408536869
9250,555.7,0.4,99.4779265288
9260,558.4,0.7,150.009006211
9270,406.6,0.6,131.031460894
9280,465.9,0.6,131.698903223
9290,592.5,0.6,138.437914264
9300,640.9,0.7,149.174368069
9310,644.7,0.6,134.040690359
9320,629.2,0.9,178.607963356
9330,486.9,0.6,116.598958602
9340,548.7,0.5,126.217000531
9350,469.3,0.6,134.947428784
9360,552.9,0.6,132.191382074
9370,526.9,0.5,121.49839704
9380,662.1,0.7,154.108754654
9390,449.4,0.6,143.345496099
9400,597.3,0.9,175.013267452
9410,702.0,0.5,128.745550641
9420,589.1,0.7,163.058670681
9430,667.8,0.6,130.517047736
9440,684.5,0.5,120.373781232
9450,577.6,1.0,200.200018184
9460,612.0,0.5,129.001231599
9470,600.5,0.7,134.36451168
9480,613.8,0.4,94.1265453329
9490,641.6,0.4,106.083966458
9500,825.4,0.2,105.538994699
9510,698.3,0.4,115.046745383
9520,873.5,0.2,101.147426018
9530,855.3,0.3,108.593194404
9540,778.1,0.6,156.297165593
9550,615.6,0.7,153.956980677
9560,487.3,0.8,162.051724452
9570,527.7,0.5,116.012933036
9580,686.7,0.4,117.284055166
9590,367.6,0.8,168.692035195
9600,659.0,0.6,157.693813893
9610,648.6,0.5,131.256519684
9620,652.1,0.6,141.789488129
9630,701.4,0.5,138.087294666
9640,643.9,0.8,176.373833184
9650,700.1,0.5,137.480126276
9660,739.7,0.5,138.613631333
9670,674.6,0.6,136.322410253
9680,802.6,0.4,99.844892296
9690,555.9,0.3,77.6030567787
9700,746.8,0.4,107.965076646
9710,834.4,0.5,125.920922445
9720,577.9,0.6,131.228132462
9730,627.7,0.8,184.503892725
9740,517.9,0.6,136.213143343
9750,640.2,0.6,147.124081765
9760,854.5,0.3,103.756447075
9770,874.4,0.1,78.491509406
9780,834.7,0.0,68.4054650702
9790,771.8,0.4,131.420577981
9800,706.7,0.1,52.8740438429
9810,659.1,0.2,78.3027486058
9820,551.8,0.4,108.482282804
9830,579.6,0.3,86.2972004363
9840,396.8,0.3,50.1229264831
9850,743.2,0.3,98.9075483085
9860,719.7,0.3,117.174488582
9870,616.7,0.5,119.088086924
9880,554.1,0.4,100.96967227
9890,649.9,0.3,88.7986060244
9900,577.8,0.4,114.328160969
9910,671.1,0.3,90.9718492328
9920,548.7,0.1,39.6629681856
9930,556.2,0.6,130.837497683
9940,498.2,0.6,107.961564758
9950,362.0,0.5,88.5579032675
9960,524.3,0.7,141.322142168
9970,523.0,0.8,183.856179013
9980,691.2,0.5,120.917007838
9990,862.1,0.4,122.115980766
10000,834.0,0.3,129.339722373
10010,911.5,0.2,89.4405484096
10020,670.9,0.4,105.013127718
10030,822.7,0.4,127.996211317
10040,809.0,0.4,132.338721475
10050,881.3,0.2,89.3588294637
10060,928.9,0.2,109.74417945
10070,675.9,0.5,140.470157596
10080,701.0,0.3,103.647944027
10090,889.8,0.1,86.8637087523
10100,773.2,0.4,133.825601662
10110,835.2,0.0,62.0444907624
10120,1000.0,0.0,80.0959409242
10130,857.8,0.1,79.9664295722
10140,876.7,0.2,106.932991185
10150,821.0,0.3,124.387701369
10160,844.5,0.3,111.628516107
10170,802.3,0.3,125.782744821
10180,930.2,0.1,96.9291237074
10190,923.0,0.1,96.3839489053
10200,797.9,0.3,121.168493781
10210,830.8,0.2,98.2964664582
10220,868.7,0.2,103.782712367
10230,770.0,0.1,72.2486299265
10240,758.8,0.2,75.4901603758
10250,922.9,0.0,72.6026178675
10260,849.9,0.2,100.191123991
10270,924.4,0.1,100.911206251
10280,844.1,0.1,104.036027538
10290,760.0,0.3,96.0838872851
10300,952.0,0.1,97.4861543323
10310,804.7,0.2,95.8299368782
10320,816.0,0.3,111.058522905
10330,1000.0,0.0,92.8371699629
10340,1000.0,0.0,93.3900628984
10350,933.5,0.1,89.5148514139
10360,882.2,0.2,106.686807659
10370,880.1,0.2,97.8547036996
10380,1000.0,0.0,79.5758955169
10390,939.1,0.1,95.0424312458
10400,1000.0,0.0,88.47527583
10410,941.1,0.1,99.6292060557
10420,853.7,0.1,84.8680956173
10430,1000.0,0.0,95.5606839452
10440,942.5,0.1,101.742947655
10450,1000.0,0.0,90.2388848517
10460,914.1,0.0,76.165435082
10470,1000.0,0.0,81.0395632643
10480,1000.0,0.0,64.7004792058
10490,1000.0,0.0,84.6533539433
10500,1000.0,0.0,74.6511325076
10510,1000.0,0.0,78.5361330043
10520,1000.0,0.0,79.213736286
10530,1000.0,0.0,86.8847811838
10540,1000.0,0.0,84.5271490928
10550,935.5,0.0,65.4491526309
10560,1000.0,0.0,90.1771302072
10570,1000.0,0.0,82.3291866455
10580,1000.0,0.0,80.9300699894
10590,930.7,0.1,100.618226899
10600,1000.0,0.0,69.5413040546
10610,935.3,0.1,95.8790524943
10620,940.5,0.1,84.3057260321
10630,1000.0,0.0,81.1435304871
10640,1000.0,0.0,82.3820444899
10650,1000.0,0.0,84.4893008499
10660,1000.0,0.0,86.055948432
10670,925.3,0.1,92.3834621057
10680,1000.0,0.0,101.550068846
10690,1000.0,0.0,90.7650534388
10700,1000.0,0.0,95.9393640417
10710,930.8,0.1,93.4819502092
10720,943.9,0.1,105.731633251
10730,1000.0,0.0,82.6766739574
10740,1000.0,0.0,80.3145820176
10750,916.6,0.0,68.446180029
10760,1000.0,0.0,71.2718349263
10770,1000.0,0.0,89.7387753376
10780,939.8,0.1,85.3655646516
10790,1000.0,0.0,92.4605288578
10800,1000.0,0.0,81.0418001023
10810,956.0,0.1,88.3589652486
10820,1000.0,0.0,96.6979512486
10830,1000.0,0.0,90.1548323534
10840,953.7,0.1,104.356900648
10850,1000.0,0.0,79.3101554693
10860,1000.0,0.0,80.4888469436
10870,910.2,0.2,113.405819535
10880,861.6,0.1,88.2563632581
10890,942.5,0.1,104.959885153
10900,1000.0,0.0,70.5276228991
10910,1000.0,0.0,75.7487035039
10920,914.6,0.0,49.0475525293
10930,1000.0,0.0,66.5388338674
10940,1000.0,0.0,66.8996674345
10950,917.5,0.0,72.4593840316
10960,910.8,0.0,59.3574268517
10970,964.1,0.1,90.644240401
10980,1000.0,0.0,83.132620048
10990,1000.0,0.0,70.6026782523
11000,1000.0,0.0,83.7730300814
11010,1000.0,0.0,65.6072724419
11020,1000.0,0.0,91.3505991899
11030,917.0,0.0,60.5411978055
11040,1000.0,0.0,81.7560528213
11050,918.7,0.0,82.4054476375
11060,922.3,0.0,68.0397409814
11070,944.3,0.1,82.6404438265
11080,1000.0,0.0,78.0336265375
11090,1000.0,0.0,80.8959080041
11100,789.5,0.1,71.6353723143
11110,1000.0,0.0,84.3513576273
11120,873.7,0.2,93.9615133302
11130,894.3,0.2,109.283523233
11140,895.9,0.2,99.8178150129
11150,1000.0,0.0,94.8345447067
11160,915.3,0.0,54.4764137378
11170,915.0,0.0,79.0136870543
11180,914.5,0.0,82.5679989058
11190,1000.0,0.0,81.5606246904
11200,969.1,0.1,101.457690056
11210,898.9,0.2,95.5687588424
11220,909.9,0.2,104.346738608
11230,1000.0,0.0,68.5821817939
11240,850.9,0.1,89.9909411588
11250,721.8,0.7,161.801876076
11260,746.2,0.3,107.694009145
11270,777.0,0.1,66.0502529287
11280,771.7,0.1,87.9412941001
11290,918.3,0.2,108.237499889
11300,852.9,0.3,110.179481928
11310,784.8,0.2,95.2917791265
11320,914.1,0.0,60.7014392714
11330,591.4,0.5,136.975909773
11340,888.1,0.2,105.529067934
11350,627.7,0.2,75.3380608442
11360,654.3,0.2,78.2161647881
11370,930.1,0.1,105.009395818
11380,774.4,0.2,87.1791334325
11390,781.4,0.2,106.723641952
11400,829.3,0.0,48.9789657542
11410,797.0,0.2,100.645824047
11420,926.0,0.2,96.1222348071
11430,835.4,0.3,95.6968230042
11440,855.7,0.5,125.889384369
11450,821.6,0.3,120.401399737
11460,807.0,0.2,74.864706577
11470,716.8,0.4,102.887863629
11480,540.5,0.8,174.063672322
11490,558.0,0.6,133.062729925
11500,527.6,0.5,119.017053893
11510,518.6,0.6,146.077790939
11520,627.4,0.4,106.050930142
11530,482.3,0.8,156.809315125
11540,479.6,0.5,126.002606808
11550,580.0,0.8,171.803930978
11560,507.1,0.4,94.182174571
11570,458.4,0.7,147.405492259
11580,808.8,0.2,102.207981103
11590,588.3,0.5,123.778769912
11600,479.5,0.3,67.7641507946
11610,666.1,0.4,115.344766731
11620,634.1,0.3,102.160108799
11630,582.9,0.4,119.705676227
11640,579.0,0.4,104.190121363
11650,685.2,0.5,112.798132797
11660,609.8,0.8,166.378562348
11670,557.9,0.6,134.037132215
11680,637.7,0.4,107.416543173
11690,584.9,0.4,95.4715944461
11700,654.8,0.3,99.5691061364
11710,388.2,0.9,167.572961659
11720,537.1,0.5,96.2441518929
11730,587.4,0.6,142.242740167
11740,619.3,0.4,91.3323313117
11750,495.1,0.4,86.8406401233
11760,633.9,0.3,94.7815611721
11770,659.8,0.4,109.781574632
11780,691.6,0.4,109.753303206
11790,587.0,0.7,155.474164702
11800,700.0,0.4,109.44936752
11810,673.2,0.4,113.320600812
11820,694.1,0.5,117.200561188
11830,708.9,0.5,141.735287255
11840,740.0,0.4,115.362672245
11850,640.1,0.4,94.6408938257
11860,704.6,0.4,111.642287634
11870,841.2,0.3,100.49009625
11880,679.7,0.7,155.59779586
11890,625.4,0.7,151.845313736
11900,608.6,0.8,160.759150674
11910,480.3,0.8,150.247259228
11920,487.3,0.5,99.9157316579
11930,504.3,0.9,179.549662151
11940,457.5,0.9,179.002772421
11950,645.0,0.6,122.27891413
11960,605.6,0.7,152.737615278
11970,745.6,0.5,111.899781109
11980,540.0,0.8,180.229506321
11990,665.8,0.8,162.879612492
12000,588.7,0.6,118.390977077
12010,583.1,0.8,148.278469772
12020,591.0,0.6,132.269506827
12030,625.2,0.5,112.345879022
12040,572.0,0.9,162.431238029
12050,600.2,0.6,138.529761012
12060,677.6,0.6,145.798097745
12070,549.8,0.7,133.859485348
12080,603.2,0.8,157.358165678
12090,687.1,0.6,142.3885217
12100,685.6,0.6,144.783238517
12110,604.2,0.7,136.157393818
12120,744.2,0.5,129.052343457
12130,800.4,0.4,108.284663231
12140,735.5,0.4,102.44696043
12150,891.0,0.4,97.1233502758
12160,685.6,0.4,101.277233976
12170,867.8,0.4,112.535169639
12180,820.2,0.4,105.173073688
12190,857.1,0.4,90.6074446219
12200,713.6,0.4,94.6626149975
12210,854.5,0.5,122.111003886
12220,831.4,0.7,144.599944553
12230,741.7,0.5,115.853760477
12240,769.2,0.7,145.302042984
12250,652.5,0.6,140.09450587
12260,861.7,0.5,108.751305139
12270,780.6,0.4,113.965642333
12280,632.6,0.7,140.380888035
12290,668.3,0.9,170.071316369
12300,739.4,0.6,143.927368541
12310,685.2,0.7,148.034312054
12320,651.7,0.8,148.439878753
12330,683.0,0.7,144.223400355
12340,720.5,0.7,130.894541512
12350,842.0,0.6,119.061906275
12360,706.0,0.7,139.071162508
12370,758.6,0.5,113.786499817
12380,870.7,0.4,115.558977776
12390,796.6,0.5,125.036500794
12400,766.8,0.5,116.223995754
12410,624.9,0.6,112.553351997
12420,698.1,0.6,140.535158527
12430,767.1,0.5,115.914832209
12440,766.4,0.5,136.6051903
12450,639.2,0.5,104.184085305
12460,776.6,0.7,137.250869042
12470,470.3,0.9,160.204189479
12480,643.7,0.5,108.142024413
12490,690.7,0.9,168.660375615
12500,756.9,0.6,129.659796629
12510,596.5,0.5,123.116973262
12520,636.9,0.5,127.340328185
12530,555.3,0.8,177.931674662
12540,735.8,0.7,143.767553537
12550,604.8,0.8,156.793060927
12560,687.1,0.8,151.267241562
12570,661.9,0.4,117.110049312
12580,698.8,0.5,120.656627687
12590,736.9,0.8,153.720554306
12600,706.6,0.8,147.179522415
12610,555.4,0.8,151.432658799
12620,611.0,0.6,133.048001716
12630,583.0,0.8,143.730718022
12640,544.1,0.7,145.894456709
12650,767.2,0.5,109.182195692
12660,678.9,0.8,161.775078434
12670,813.1,0.7,141.097061027
12680,678.6,0.8,159.784677669
12690,591.5,0.9,183.906119552
12700,808.7,0.4,125.155159754
12710,635.4,0.7,149.695008878
12720,721.2,0.8,140.194223086
12730,649.7,0.4,110.993127255
12740,723.0,0.5,106.997072425
12750,605.9,0.8,162.414491478
12760,749.3,0.7,150.037281393
12770,634.3,0.6,130.539192581
12780,726.5,0.7,146.007999775
12790,777.2,0.7,135.168448729
12800,751.2,0.7,137.18502051
12810,749.7,0.9,174.808348406
12820,616.2,0.9,171.139982317
12830,725.4,0.6,146.873619187
12840,733.2,0.8,160.064719579
12850,634.3,0.8,158.804421898
12860,612.9,0.7,147.390767808
12870,748.0,0.6,134.084445498
12880,797.9,0.6,128.258915603
12890,778.9,0.5,99.1225038874
12900,912.5,0.1,77.2720733277
12910,907.7,0.4,109.664411563
12920,1000.0,0.0,80.3864085563
12930,1000.0,0.0,76.5780948238
12940,987.5,0.1,100.053307609
12950,866.3,0.1,61.1961568206
12960,875.1,0.2,104.502127715
12970,930.0,0.0,73.9739573352
12980,883.5,0.1,78.6574304746
12990,1000.0,0.0,76.3258088093
13000,1000.0,0.0,96.2516792244
13010,913.2,0.0,72.5640414824
13020,913.7,0.0,82.2036159818
13030,887.6,0.1,82.0514760449
13040,957.4,0.1,105.549443115
13050,917.0,0.0,74.5683411484
13060,921.7,0.6,137.30188361
13070,804.8,0.8,126.573452734
13080,852.3,0.6,140.472248974
13090,713.2,0.8,169.703538227
13100,642.8,0.9,181.245329329
13110,709.6,0.7,148.765604714
13120,639.9,0.9,170.775186853
13130,601.5,0.9,181.015465428
13140,626.3,0.9,182.770923891
13150,598.7,0.8,162.932186382
13160,585.1,0.8,133.609137043
13170,714.2,0.8,160.365524234
13180,663.2,0.9,172.211124189
13190,825.2,0.6,114.232945835
13200,688.0,0.7,155.772155898
13210,764.6,0.5,121.868695738
13220,677.5,0.7,143.235420167
13230,658.0,0.6,117.622780373
13240,738.6,0.7,150.268521883
13250,715.7,0.9,163.709806681
13260,790.7,0.5,117.063033476
13270,645.4,0.7,128.890944398
13280,706.4,0.7,149.389886409
13290,719.6,0.7,140.14933719
13300,641.6,0.7,134.574353159
13310,708.4,0.7,153.764763141
13320,714.5,0.8,143.484338134
13330,550.7,0.6,111.466629737
13340,782.1,0.7,127.62190814
13350,594.2,0.9,157.965085941
13360,651.0,0.8,144.928685811
13370,696.8,0.8,160.601625003
13380,683.0,1.0,163.679868657
13390,673.4,0.7,116.654890567
13400,757.8,0.8,143.567697878
13410,722.7,0.7,150.12808174
13420,856.7,0.8,133.36976156
13430,969.0,0.2,72.2011182087
13440,914.5,0.1,69.9913592579
13450,909.4,0.0,56.4733071837
13460,1000.0,0.0,66.2233342976
13470,1000.0,0.0,66.7611410421
13480,928.5,0.1,90.9827100412
13490,1000.0,0.0,66.8802704869
13500,993.3,0.1,73.4074437557
13510,883.9,0.8,155.099834219
13520,763.6,0.9,169.330663646
13530,680.2,0.9,157.810204713
13540,625.0,0.9,165.145982231
13550,644.3,0.8,140.374459412
13560,565.9,1.0,183.279601059
13570,682.0,0.7,144.471395918
13580,572.1,0.9,181.087542505
13590,611.6,0.6,137.760054838
13600,670.2,0.8,152.46230238
13610,685.9,0.8,161.201684985
13620,685.9,0.7,143.056873105
13630,738.8,0.6,132.512061468
13640,499.8,0.9,159.196686722
13650,512.5,0.8,156.91687176
13660,684.0,0.7,144.077823232
13670,600.4,0.8,161.401198068
13680,627.5,0.5,135.715596117
13690,483.2,0.8,164.483264958
13700,596.3,0.8,151.709320151
13710,468.4,0.7,133.779349988
13720,531.9,0.9,170.30285766
13730,469.1,0.9,159.883856116
13740,499.2,0.9,171.17821403
13750,582.2,0.9,190.414985864
13760,558.1,0.9,156.92792281
13770,572.2,1.0,200.876636242
13780,564.8,0.8,154.396825529
13790,354.8,0.5,91.8601656543
13800,633.3,0.9,176.039896256
13810,628.1,0.7,138.760970425
13820,661.3,0.9,176.191124686
13830,640.8,0.8,156.203332885
13840,587.4,0.8,148.535211079
13850,606.6,0.8,143.172311389
13860,645.5,0.9,155.719313741
13870,477.5,0.8,156.161850514
13880,592.9,0.9,173.275488691
13890,649.9,0.8,154.306837824
13900,570.8,0.9,165.446161329
13910,561.8,0.7,142.841599197
13920,439.2,0.9,171.136886517
13930,520.5,0.8,147.563495205
13940,589.2,0.8,169.257121039
13950,499.3,1.0,178.720074039
13960,590.3,0.9,169.493336107
13970,596.8,0.8,157.622837003
13980,643.8,0.8,156.708643261
13990,518.6,1.0,169.924914042
14000,540.0,0.5,125.173388604
14010,482.9,0.8,131.965804631
14020,630.5,0.8,170.820991436
14030,497.8,0.6,113.422567998
14040,381.8,0.8,162.149469211
14050,470.9,0.8,157.233487483
14060,525.8,0.8,151.390559974
14070,398.2,0.7,149.295711018
14080,575.2,0.6,128.233397172
14090,562.0,0.7,145.587486363
14100,385.8,0.5,113.108153523
14110,523.3,0.8,154.249891171
14120,487.7,0.7,133.868845618
14130,610.4,0.7,157.619304272
14140,578.6,0.7,137.272962624
14150,704.4,0.7,164.366597062
14160,499.9,0.7,134.602573607
14170,733.3,0.6,132.966597232
14180,731.2,0.4,131.22933088
14190,524.5,0.7,158.167452053
14200,334.8,0.6,118.9949006
14210,632.9,0.4,109.721124995
14220,512.3,0.5,115.429250181
14230,679.7,0.5,142.271901033
14240,696.2,0.7,146.519568891
14250,510.1,0.9,182.212411517
14260,382.4,0.8,150.470988722
14270,513.9,0.9,173.6251807
14280,539.8,0.7,149.194929332
14290,517.1,0.6,125.047777355
14300,450.5,0.8,158.90203095
14310,466.6,0.9,185.131580104
14320,648.5,0.6,151.25147273
14330,389.7,0.8,152.722565316
14340,412.2,0.9,160.429966409
14350,561.6,0.7,154.544696548
14360,453.6,0.8,158.988238581
14370,403.3,0.8,144.163999139
14380,519.5,0.9,177.749693275
14390,411.9,0.8,153.914900543
14400,553.8,0.8,170.717382689
14410,385.3,1.0,195.943022313
14420,483.5,0.8,150.164957455
14430,518.8,0.7,137.520627125
14440,435.2,0.8,162.199617037
14450,516.7,0.7,143.937576298
14460,429.0,0.8,148.858577801
14470,570.9,0.7,148.341949337
14480,506.0,0.9,172.76315494
14490,466.1,0.8,153.924617405
14500,427.1,0.9,173.566151425
14510,456.5,1.0,198.625353209
14520,425.0,0.9,177.536867705
14530,361.0,0.7,144.301316037
14540,487.4,0.7,131.907849463
14550,483.7,0.6,114.457599504
14560,639.2,0.9,185.151153259
14570,469.9,0.7,131.142008545
14580,563.5,0.8,162.032404203
14590,564.5,0.9,168.083180413
14600,528.4,1.0,202.070908487
14610,526.3,1.0,193.516545754
14620,551.9,0.7,149.094717688
14630,427.2,0.8,145.476945497
14640,420.5,0.9,166.213311295
14650,507.4,0.8,158.634013568
14660,548.2,0.6,155.439465568
14670,411.8,0.6,110.235192236
14680,508.9,0.7,158.155697451
14690,456.0,1.0,195.063494883
14700,524.8,0.7,157.581858311
14710,524.6,0.9,183.224174101
14720,602.9,0.8,175.147494746
14730,549.2,0.9,171.326062374
14740,606.9,0.7,151.354955861
14750,564.7,0.7,137.215991566
14760,563.1,0.7,132.221859629
14770,440.6,0.7,127.388275247
14780,556.8,0.9,165.847543183
14790,456.6,0.6,131.195984974
14800,608.3,0.9,163.845404945
14810,576.7,0.9,167.930282168
14820,568.2,0.7,137.31824437
14830,547.0,0.8,162.987809087
14840,548.0,0.9,173.928610061
14850,573.8,0.9,170.616947725
14860,647.7,0.8,162.709463178
14870,514.0,0.9,172.602184249
14880,639.3,0.9,160.819094983
14890,661.5,0.7,126.800341024
14900,634.3,1.0,165.927696085
14910,643.8,1.0,179.888163598
14920,510.6,0.8,149.592179097
14930,574.3,0.8,144.07200293
14940,687.2,1.0,174.041525161
14950,658.8,1.0,175.037114824
14960,511.8,0.7,137.137594211
14970,502.7,0.8,145.155672703
14980,560.3,1.0,181.036263419
14990,528.8,0.9,183.653534345
15000,523.3,1.0,190.121423463
15010,546.8,0.9,169.978870044
15020,524.0,1.0,189.376482275
15030,669.6,0.8,162.503063396
15040,610.7,0.9,165.287566301
15050,622.3,0.6,135.760970811
15060,604.6,0.5,122.562676762
15070,464.1,0.7,120.120431575
15080,556.5,0.7,141.341861465
15090,591.8,0.7,165.504994218
15100,597.6,0.6,123.960401139
15110,659.8,0.7,158.865552275
15120,698.3,0.6,124.033693149
15130,668.5,0.8,160.121711594
15140,465.0,0.7,139.315739531
15150,627.1,0.5,111.31114231
15160,549.3,0.9,178.13161994
15170,490.2,0.7,149.889529916
15180,713.1,0.6,140.59045702
15190,755.8,0.6,148.026799345
15200,622.6,0.6,132.223145953
15210,591.9,0.9,182.773022093
15220,410.7,0.8,148.705661595
15230,511.3,0.6,113.589300542
15240,579.8,0.7,145.15135906
15250,654.3,0.7,153.231975127
15260,499.4,1.0,183.884974467
15270,451.9,0.9,172.99644866
15280,518.9,0.9,181.77130114
15290,509.2,1.0,183.024536795
15300,526.4,0.8,161.910642398
15310,507.2,0.9,158.751182014
15320,633.7,0.9,160.682758683
15330,485.9,1.0,186.404121319
15340,441.6,0.8,156.678469292
15350,558.8,1.0,199.536922014
15360,509.5,0.8,138.964694411
15370,570.9,0.8,158.999555608
15380,519.3,0.9,155.115384824
15390,513.2,1.0,199.747340204
15400,495.0,0.5,109.963657708
15410,578.2,0.7,142.113251978
15420,481.7,0.9,169.912122083
15430,556.7,0.9,181.137784236
15440,585.3,1.0,196.379545412
15450,441.8,0.8,140.728059238
15460,459.2,0.9,169.957766562
15470,391.0,0.7,139.109487057
15480,424.1,0.8,148.407146253
15490,508.2,0.8,165.793821385
15500,458.5,0.9,170.860998686
15510,548.4,0.7,154.235349527
15520,425.9,0.9,180.219323307
15530,388.4,0.9,174.475035162
15540,384.6,0.8,136.4747587
15550,393.5,0.8,148.671322255
15560,531.8,0.9,172.448840256
15570,557.6,0.7,138.762682559
15580,440.3,0.8,150.783858054
15590,471.4,0.9,175.847351519
15600,476.0,0.9,164.652425934
15610,479.5,1.0,199.861232285
15620,533.8,0.8,157.921816138
15630,488.4,1.0,198.690949205
15640,457.2,0.8,165.981687174
15650,530.0,1.0,188.601513114
15660,485.8,0.9,170.65612845
15670,513.4,1.0,204.649308065
15680,510.1,0.9,176.124360713
15690,609.6,0.9,174.146968737
15700,525.7,0.9,166.021768244
15710,530.3,0.9,172.290150764
15720,577.3,0.9,142.645493192
15730,621.7,1.0,181.165858628
15740,608.8,1.0,176.872417344
15750,540.4,0.9,167.576617961
15760,610.4,0.9,171.722610584
15770,528.2,0.9,168.783843963
15780,521.0,0.9,167.835562159
15790,570.4,0.9,160.069206839
15800,584.4,0.7,146.277065529
15810,520.2,0.7,147.412540293
15820,550.9,1.0,184.711232104
15830,534.2,1.0,187.145972994
15840,609.1,0.7,130.47056343
15850,596.6,0.9,167.042916386
15860,621.4,0.9,166.116411256
15870,568.3,0.7,134.256375823
15880,452.4,0.7,134.387440454
15890,669.2,0.7,162.671656247
15900,758.3,0.6,147.430352706
15910,545.0,0.8,157.050790876
15920,609.5,0.8,152.024717558
15930,504.2,0.9,161.742346582
15940,620.5,0.8,161.821212318
15950,481.3,0.7,164.238770178
15960,580.5,0.6,123.548256249
15970,694.9,0.5,127.386614566
15980,555.6,0.9,181.318244241
15990,448.9,0.7,134.935811226
16000,606.1,0.6,138.718355374
16010,604.1,0.5,136.474950423
16020,611.4,0.8,189.453552507
16030,457.1,0.7,152.713476651
16040,442.3,0.7,153.015364476
16050,593.6,0.7,147.918209331
16060,582.8,0.7,135.584280917
16070,454.2,0.6,129.03975333
16080,502.3,0.9,175.589156311
16090,706.3,0.8,170.933126177
16100,718.1,0.9,180.197286338
16110,592.9,0.8,170.365471487
16120,551.8,0.7,138.92789995
16130,495.0,0.9,171.64796073
16140,759.4,0.6,148.803008736
16150,644.7,0.8,155.125923604
16160,462.7,0.7,129.541169639
16170,579.5,0.7,146.504852573
16180,596.4,0.6,138.27988778
16190,668.7,0.8,178.22634188
16200,605.5,0.8,164.808783223
16210,685.7,0.4,113.363527728
16220,583.1,0.6,126.496339761
16230,557.8,0.6,132.676009836
16240,647.8,0.7,155.517668718
16250,482.2,0.8,166.820534199
16260,517.1,0.9,168.430893372
16270,469.9,0.7,135.369897465
16280,743.6,0.6,144.702196356
16290,525.2,0.7,144.208503906
16300,536.7,0.6,120.288262567
16310,558.7,0.8,149.728791999
16320,437.8,0.7,152.87433535
16330,622.2,0.7,164.99637383
16340,469.4,0.7,142.699126847
16350,381.9,0.5,99.9933809665
16360,647.7,0.2,72.5210192024
16370,581.1,0.6,145.78480622
16380,574.1,0.7,154.894591096
16390,522.6,0.8,163.316727925
16400,679.2,0.5,120.796597312
16410,529.7,0.8,161.585608076
16420,557.8,0.8,167.240740729
16430,510.4,0.7,175.284909744
16440,536.7,0.6,140.245574456
16450,519.8,0.8,165.72185526
16460,489.7,0.8,173.751527904
16470,497.7,1.0,174.55716937
16480,516.0,0.8,177.362082484
16490,422.1,0.8,148.124954837
16500,525.5,0.8,174.433882722
16510,391.8,0.6,141.365859756
16520,431.4,0.9,180.294258613
16530,466.4,0.7,156.886662226
16540,624.2,0.4,121.145088956
16550,496.8,0.9,187.595291766
16560,506.5,0.9,188.134116889
16570,593.1,0.6,137.318984338
16580,407.6,0.6,129.428852819
16590,392.7,0.8,157.300138601
16600,475.5,0.5,111.638276756
16610,377.9,0.7,126.646699169
16620,503.4,0.6,128.436159054
16630,522.4,0.8,176.958270897
16640,441.2,0.6,112.832763298
16650,363.6,0.7,136.942037403
16660,614.9,0.9,188.581427395
16670,443.4,0.9,176.79427058
16680,522.9,0.9,180.513293046
16690,384.6,0.8,147.222029514
16700,451.4,0.7,147.595315259
16710,436.7,0.6,120.303287605
16720,413.7,0.8,143.248271967
16730,434.2,0.8,166.011555983
16740,370.2,0.8,157.769429089
16750,406.9,0.8,153.869121194
16760,371.9,0.5,112.900863618
16770,404.6,0.9,175.886757034
16780,427.6,0.8,150.222431357
16790,358.9,0.5,105.628324275
16800,544.9,0.6,141.693871972
16810,475.8,0.6,138.714804088
16820,572.4,0.9,182.316656415
16830,426.0,0.9,181.589041579
16840,379.1,0.5,114.655791207
16850,541.2,0.7,145.241051192
16860,456.4,0.7,134.665408738
16870,600.0,0.7,145.283148504
16880,424.4,0.6,118.451714069
16890,352.0,0.7,138.290687787
16900,414.4,0.5,104.657284685
16910,589.4,0.7,157.20481855
16920,333.1,0.4,67.9288525496
16930,635.6,0.9,188.440871641
16940,667.8,0.5,131.829877987
16950,562.8,0.8,174.219499008
16960,384.0,0.6,103.420687687
16970,597.8,0.9,191.722020756
16980,446.1,0.9,174.692534621
16990,580.9,0.9,180.600182145
17000,470.9,0.5,115.215662336
17010,524.7,0.7,144.473575182
17020,656.6,0.7,158.846750585
17030,510.6,0.8,159.938889511
17040,515.8,0.6,140.568968151
17050,409.3,0.7,138.809627278
17060,324.7,0.7,128.376911636
17070,403.2,0.7,142.691088338
17080,399.3,0.5,117.580973464
17090,437.9,0.9,177.027381597
17100,592.0,0.4,113.280286063
17110,513.5,0.6,131.538127309
17120,348.1,0.4,93.4200525145
17130,366.4,0.9,190.406193557
17140,495.9,0.7,156.710510085
17150,485.5,0.6,124.31223533
17160,444.9,0.6,143.497640486
17170,448.3,0.9,185.786947356
17180,523.8,0.6,126.44377299
17190,458.8,0.7,132.948454112
17200,572.8,0.6,129.736990502
17210,551.5,0.6,122.248142092
17220,458.6,0.6,120.918136321
17230,478.2,0.7,151.813323854
17240,559.5,0.7,150.847006907
17250,752.1,0.7,157.502663049
17260,548.2,0.8,164.952772075
17270,652.8,1.0,185.199764665
17280,545.2,0.5,101.063207756
17290,653.3,0.6,143.837403765
17300,510.9,0.7,139.07845074
17310,457.9,0.6,102.671310335
17320,543.8,0.5,105.97116955
17330,813.3,0.6,124.097835393
17340,769.4,0.5,130.3608124
17350,825.5,0.4,126.656359393
17360,841.7,0.1,91.6558558651
17370,1000.0,0.0,74.9808439013
17380,845.0,0.3,114.462002502
17390,768.4,0.1,85.4137181714
17400,883.9,0.2,108.949910055
17410,804.7,0.2,104.737301697
17420,860.6,0.3,118.259019106
17430,973.7,0.1,94.4652343785
17440,784.9,0.2,102.097104185
17450,908.0,0.0,73.5891382409
17460,832.8,0.4,127.628122216
17470,848.5,0.2,95.0524217249
17480,875.9,0.1,90.3507211523
17490,759.2,0.2,94.3401949102
17500,791.6,0.4,131.604698624
17510,872.0,0.1,82.6132484398
17520,881.1,0.4,108.973244295
17530,817.5,0.8,166.704531381
17540,715.1,0.6,135.331240615
17550,888.3,0.6,131.471680109
17560,748.5,0.6,135.818800851
17570,828.9,0.6,132.797711795
17580,939.9,0.5,127.125454005
17590,563.3,0.5,132.630705506
17600,928.6,0.5,120.345834486
17610,841.8,0.6,124.4051138
17620,727.7,0.6,136.843166891
17630,787.2,0.2,92.7293429844
17640,727.8,0.8,164.711813075
17650,802.2,0.4,119.596036304
17660,729.8,0.8,154.644423098
17670,890.2,0.5,118.469844846
17680,950.2,0.3,118.103749689
17690,961.1,0.1,92.5403325099
17700,909.4,0.0,80.9174214957
17710,866.6,0.1,75.5405975192
17720,909.1,0.0,78.7997249135
17730,913.2,0.0,93.0373652879
17740,1000.0,0.0,94.7185672459
17750,956.4,0.2,110.806604908
17760,836.6,0.1,104.227614058
17770,919.9,0.0,80.5538915752
17780,973.5,0.1,95.8470435544
17790,985.2,0.2,116.162468039
17800,909.2,0.0,71.2177745206
17810,909.4,0.0,80.4499110173
17820,802.0,0.2,92.2369246848
17830,852.5,0.2,120.042794989
17840,844.4,0.3,120.545810738
17850,830.9,0.0,57.2643273644
17860,789.2,0.2,119.075889338
17870,911.6,0.0,78.6141485568
17880,792.5,0.3,126.028008189
17890,780.1,0.2,114.591610036
17900,967.6,0.1,93.6266184499
17910,674.1,0.2,86.6872551537
17920,1000.0,0.0,79.2505824413
17930,873.1,0.2,125.251260192
17940,838.9,0.1,95.6271002578
17950,837.5,0.0,77.9476473574
17960,747.2,0.1,86.028213978
17970,758.1,0.2,101.228629536
17980,1000.0,0.0,92.5684776647
17990,918.5,0.0,82.7343797816
18000,924.8,0.1,103.914439393
18010,1000.0,0.0,86.2069988094
18020,910.3,0.0,80.4077311687
18030,909.8,0.0,92.0557515024
18040,921.1,0.0,81.8508742326
18050,836.9,0.1,100.238695186
18060,920.2,0.0,95.2819774927
18070,845.7,0.1,102.541863753
18080,914.1,0.0,80.3238322437
18090,773.8,0.1,84.4470353382
18100,843.1,0.1,113.579218102
18110,912.9,0.0,84.9546683316
18120,1000.0,0.0,96.6040633789
18130,932.7,0.1,110.067068289
18140,1000.0,0.0,98.9669032498
18150,926.8,0.1,114.203359313
18160,1000.0,0.0,110.215302943
18170,918.3,0.0,82.2340897278
18180,730.1,0.0,64.6494850741
18190,839.3,0.1,95.4293950939
18200,1000.0,0.0,91.6580583747
18210,908.3,0.0,87.1450089096
18220,918.8,0.0,87.0998922505
18230,1000.0,0.0,75.1909506509
18240,1000.0,0.0,86.6513309191
18250,820.4,0.0,63.9534328091
18260,842.7,0.0,69.1054508382
18270,1000.0,0.0,85.7637321353
18280,1000.0,0.0,89.2216687795
18290,1000.0,0.0,103.524169678
18300,755.9,0.0,47.6460643451
18310,917.5,0.0,78.2121845152
18320,1000.0,0.0,89.6736787813
18330,1000.0,0.0,73.1474613561
18340,924.0,0.1,106.150638981
18350,921.6,0.0,74.6560747864
18360,1000.0,0.0,85.0583839793
18370,698.3,0.5,147.16032766
18380,1000.0,0.0,77.3706205147
18390,674.9,0.4,104.878652953
18400,762.7,0.3,102.85102942
18410,727.7,0.6,153.26962562
18420,625.8,0.7,146.962674158
18430,657.9,0.7,166.714953868
18440,601.1,0.7,163.223942875
18450,430.9,0.4,88.7574831945
18460,513.7,0.8,175.664746387
18470,467.9,0.6,129.406970239
18480,618.5,0.5,133.281506442
18490,624.8,0.7,153.279378498
18500,488.5,0.7,167.507515851
18510,531.2,0.7,149.41235276
18520,532.8,0.9,174.913721219
18530,626.5,0.7,172.157094267
18540,553.2,0.8,174.546239373
18550,412.6,0.9,182.504647143
18560,495.3,0.7,161.910753916
18570,647.8,0.5,129.844512035
18580,555.5,0.9,187.979192385
18590,460.0,0.9,189.474689106
18600,603.2,0.8,166.125691224
18610,553.3,0.7,147.266308177
18620,714.1,0.5,143.689889203
18630,537.2,0.7,157.723343842
18640,433.2,1.0,194.558364441
18650,579.1,0.7,161.132326923
18660,566.6,0.7,152.770134462
18670,549.1,0.7,165.53742906
18680,528.3,0.9,170.682811459
18690,606.0,0.9,187.617236198
18700,637.2,0.7,144.373748041
18710,610.9,0.8,178.479989958
18720,485.1,1.0,193.208176859
18730,530.3,0.9,172.238502932
18740,723.3,0.6,151.197117867
18750,517.0,0.9,164.374030348
18760,627.4,0.5,122.154232627
18770,419.5,0.9,169.737028845
18780,579.5,0.7,159.618265221
18790,605.6,0.6,130.376508374
18800,552.6,0.6,124.631415475
18810,388.4,0.9,166.783927208
18820,697.8,0.6,122.150603412
18830,473.5,0.8,156.978121086
18840,553.6,0.7,140.223887078
18850,644.7,0.7,150.342098775
18860,742.4,0.5,129.285957793
18870,545.6,0.9,165.640028272
18880,624.1,0.8,157.001937869
18890,397.6,0.8,149.920743311
18900,679.3,0.8,159.371770783
18910,722.6,0.5,122.645188217
18920,696.1,0.6,136.748909179
18930,618.0,0.6,124.223945633
18940,664.6,0.7,138.235526885
18950,569.7,0.6,139.785907442
18960,510.3,1.0,179.997247984
18970,551.6,0.7,138.431313739
18980,542.6,0.8,158.313948482
18990,861.6,0.1,60.3882619103
19000,649.5,0.7,144.254147583
19010,580.3,0.8,182.000438454
19020,638.3,0.6,132.277763216
19030,504.4,0.8,160.48313812
19040,576.0,0.7,152.804777135
19050,381.9,0.8,154.73764131
19060,546.8,0.6,118.874121599
19070,466.7,0.9,191.890839789
19080,653.6,0.5,112.345113243
19090,668.9,0.6,153.921674547
19100,580.3,0.8,177.684297616
19110,463.0,0.9,184.101454935
19120,535.7,0.5,116.480453685
19130,661.9,0.6,135.752417325
19140,553.3,0.6,150.460048058
19150,500.1,0.6,118.849107525
19160,576.2,0.6,140.028954935
19170,507.6,0.6,131.789892826
19180,670.1,0.7,150.172680622
19190,460.7,0.7,128.708701396
19200,704.5,0.4,107.698618071
19210,563.4,0.5,112.436159778
19220,452.3,0.6,139.86508493
19230,660.1,0.6,149.190447853
19240,631.3,0.5,123.763215034
19250,533.5,0.7,142.112427339
19260,432.2,0.9,164.963085218
19270,634.8,0.4,98.6605327799
19280,631.9,0.8,167.106388395
19290,676.5,0.6,141.83303182
19300,598.3,0.6,143.021441658
19310,579.3,0.5,129.97689843
19320,563.3,0.8,171.260744658
19330,529.0,0.6,151.264332321
19340,591.9,0.6,140.586534382
19350,644.8,0.7,166.078431872
19360,711.0,0.5,126.920788548
19370,594.4,0.7,162.806728215
19380,607.8,0.8,165.060676979
19390,539.0,0.8,166.2274327
19400,629.3,0.7,165.817109816
19410,397.5,0.7,139.129057523
19420,592.8,0.7,162.64564904
19430,543.1,0.8,179.796996068
19440,438.7,0.8,164.41894118
19450,487.4,0.8,167.641003614
19460,457.1,0.8,180.868746652
19470,425.8,0.9,153.490981031
19480,617.0,0.5,132.740822711
19490,687.9,0.5,135.147629965
19500,659.7,0.6,148.329713238
19510,453.4,0.9,188.417751548
19520,517.2,0.7,158.012953642
19530,598.7,0.7,146.464732671
19540,546.7,0.9,172.805100394
19550,574.5,0.8,165.426946027
19560,505.7,0.8,153.166152719
19570,432.4,0.8,159.273299133
19580,543.1,0.6,123.188888245
19590,446.8,1.0,200.083332428
19600,578.0,0.6,130.484014011
19610,782.1,0.5,131.085101206
19620,458.6,0.7,134.677944404
19630,565.5,0.8,173.435520078
19640,617.6,0.6,136.654965753
19650,400.3,0.8,165.190666329
19660,466.5,0.8,161.28564473
19670,715.9,0.4,115.593957339
19680,498.7,0.7,150.040532927
19690,412.7,0.8,141.969565514
19700,487.9,0.7,166.837730521
19710,495.9,0.6,132.220409395
19720,438.9,1.0,190.418501567
19730,612.1,0.5,117.001821901
19740,679.3,0.5,137.676726196
19750,634.9,0.6,145.71331218
19760,686.3,0.5,138.017099327
19770,783.2,0.3,109.96504633
19780,499.3,0.7,139.247243593
19790,705.0,0.5,134.086866023
19800,491.9,0.7,156.693681906
19810,380.6,0.5,105.936667194
19820,433.7,0.9,195.029001861
19830,566.7,0.6,141.040883928
19840,728.7,0.4,107.939597291
19850,651.1,0.5,129.086526584
19860,698.6,0.5,121.638105759
19870,489.7,0.7,146.241807636
19880,544.7,0.8,161.420912803
19890,669.6,0.4,113.055958835
19900,522.4,0.7,150.572072137
19910,585.6,0.5,120.379590482
19920,498.0,0.6,134.879309846
19930,602.9,0.1,68.4987796927
19940,617.3,0.5,125.832885031
19950,698.3,0.6,134.892415797
19960,484.9,0.9,169.777152427
19970,710.4,0.5,122.202264343
19980,569.8,0.6,143.548084116
19990,565.6,0.6,115.960185294
20000,629.3,0.7,144.51356866
20010,668.0,0.3,86.2662802132
20020,571.3,0.8,175.097630661
20030,600.7,0.6,134.156256205
20040,576.8,0.5,112.050599692
20050,629.7,0.4,111.861899867
20060,519.8,0.8,169.29836079
20070,635.5,0.5,115.51718059
20080,697.3,0.4,118.116162833
20090,444.2,0.8,161.776738242
20100,519.9,0.6,137.354575895
20110,494.5,0.8,150.95458143
20120,679.0,0.7,146.343867108
20130,569.8,0.5,119.251244326
20140,481.0,0.6,119.625529649
20150,481.6,0.8,175.06029418
20160,411.1,0.7,139.082447315
20170,478.3,0.9,173.112343835
20180,404.0,0.7,144.025087771
20190,703.9,0.5,132.665914078
20200,596.6,0.5,119.47725024
20210,620.1,0.5,107.029651859
20220,563.1,0.5,112.049283802
20230,490.5,0.8,169.167763657
20240,599.5,0.4,101.176214263
20250,613.9,0.4,87.5796750941
20260,552.9,0.5,108.818567187
20270,511.2,0.8,151.639190008
20280,570.4,0.8,154.158972218
20290,832.7,0.4,109.107942966
20300,705.5,0.4,112.106995722
20310,549.9,0.4,102.454832462
20320,556.3,0.5,114.632009752
20330,493.3,0.4,98.3459885171
20340,692.6,0.4,103.563846922
20350,623.4,0.4,95.6310551838
20360,503.1,0.5,125.598510741
20370,658.9,0.7,147.741800345
20380,616.0,0.5,126.308233904
20390,485.4,0.6,120.53755811
20400,519.7,0.5,115.054081738
20410,551.2,0.3,97.5672454101
20420,515.6,0.5,112.2899604
20430,611.7,0.6,141.126307482
20440,385.8,0.7,145.718717218
20450,569.6,0.4,120.969510647
20460,521.0,0.6,110.146428325
20470,434.2,0.7,132.451186042
20480,470.4,0.8,171.975244349
20490,578.2,0.6,129.430437627
20500,612.7,0.6,141.024325535
20510,545.9,0.4,106.400397116
20520,467.9,0.7,157.917919767
20530,396.2,0.7,148.603412558
20540,451.0,0.5,97.8774471934
20550,590.4,0.4,105.433681997
20560,636.4,0.5,120.533533057
20570,543.4,0.6,135.177870802
20580,518.3,0.6,140.780147734
20590,528.6,0.6,143.637293613
20600,643.9,0.6,151.052009358
20610,445.3,0.8,141.046565222
20620,587.3,0.5,119.747296382
20630,506.4,0.7,137.934159404
20640,307.2,0.8,166.954050535
20650,606.9,0.5,135.149077277
20660,569.0,0.8,160.639083179
20670,684.9,0.4,120.634352993
20680,609.1,0.5,131.547879971
20690,651.6,0.5,131.228916731
20700,604.8,0.6,147.253134882
20710,688.9,0.4,103.385529684
20720,415.4,0.6,128.238884808
20730,625.4,0.5,111.820264334
20740,489.8,0.5,114.77369533
20750,603.8,0.6,144.900581529
20760,514.2,0.5,122.661260816
20770,496.1,0.5,117.48292203
20780,733.5,0.4,113.527691205
20790,434.5,0.9,198.025118983
20800,520.3,0.6,133.362162702
20810,587.6,0.6,140.376184871
20820,458.6,0.7,132.979709864
20830,372.9,0.7,157.181311819
20840,523.6,0.7,156.558539043
20850,402.5,0.6,111.329624551
20860,479.3,0.7,166.769923948
20870,581.9,0.6,141.598107619
20880,398.0,0.7,135.023666324
20890,697.6,0.4,115.945186551
20900,581.6,0.2,62.4637993129
20910,476.8,0.7,162.158979403
20920,383.6,0.4,94.877485157
20930,502.9,0.6,139.387299527
20940,612.7,0.6,137.416213688
20950,546.8,0.8,173.811123859
20960,445.6,0.6,124.306568669
20970,604.5,0.7,170.062277426
20980,460.0,0.5,110.652428038
20990,745.1,0.3,106.427758976
21000,670.8,0.5,135.761849455
21010,593.5,0.7,163.588047328
21020,571.5,0.7,137.441575584
21030,530.2,0.7,151.31693655
21040,478.9,0.7,145.835257946
21050,654.3,0.6,151.558992545
21060,574.1,0.5,128.930939072
21070,635.6,0.6,141.064882396
21080,641.0,0.2,63.7814207306
21090,497.9,0.4,85.8678473723
21100,637.4,0.4,97.4362609562
21110,556.7,0.6,134.662870607
21120,713.5,0.6,156.280544816
21130,647.0,0.3,81.2272368183
21140,530.0,0.8,165.10783124
21150,636.7,0.5,123.561751228
21160,522.4,0.7,154.260900322
21170,540.6,0.9,176.120747573
21180,738.4,0.4,118.165042091
21190,482.3,0.7,139.47356849
21200,482.1,0.8,159.682029082
21210,555.8,0.6,118.93840941
21220,582.6,0.8,169.25506571
21230,590.5,0.4,110.661914894
21240,379.4,0.7,136.745839266
21250,481.9,0.7,147.068453763
21260,621.6,0.8,179.501321924
21270,526.4,0.6,131.308317099
21280,580.3,0.6,138.155822717
21290,492.7,0.8,170.535078632
21300,599.0,0.6,136.922258426
21310,527.4,0.5,107.202452136
21320,352.4,0.8,147.299581397
21330,542.0,0.6,122.591142019
21340,360.7,0.3,54.6385575477
21350,503.0,0.5,108.237625772
21360,419.4,0.4,90.7335671953
21370,297.8,0.7,128.056231246
21380,484.0,0.4,89.4393898047
21390,410.6,0.6,136.142661202
21400,505.3,0.5,113.964685905
21410,478.9,0.8,148.661482773
21420,478.2,0.6,138.587986572
21430,606.5,0.4,97.5044679473
21440,524.5,0.6,147.359869123
21450,533.9,0.5,118.78958587
21460,529.5,0.6,116.06331976
21470,640.2,0.5,118.490830646
21480,405.3,0.5,106.430867028
21490,478.0,0.5,107.857892459
21500,595.8,0.5,124.992524917
21510,459.2,0.7,146.246574747
21520,461.1,0.6,123.571027787
21530,476.9,0.3,63.8545976084
21540,459.7,0.5,110.678179402
21550,546.0,0.7,141.838221783
21560,490.0,0.6,137.408882873
21570,545.8,0.5,120.789357804
21580,629.9,0.4,101.475508127
21590,547.0,0.4,91.9255877189
21600,475.9,0.6,130.339111728
21610,629.5,0.6,143.051708299
21620,514.4,0.4,96.7172765345
21630,433.4,0.9,165.039460132
21640,501.2,0.5,108.589087141
21650,304.2,0.5,86.9276841738
21660,693.1,0.2,71.8567142255
21670,665.4,0.3,87.748926401
21680,362.9,0.6,118.898329049
21690,343.3,0.7,140.469003301
21700,435.6,0.5,108.484670053
21710,540.9,0.5,119.367623966
21720,483.0,0.7,146.896294149
21730,414.6,0.8,176.399942127
21740,472.5,0.7,144.525796511
21750,562.1,0.6,121.387434043
21760,219.7,0.5,94.1776363946
21770,518.6,0.4,88.1819083564
21780,429.6,0.7,154.494375826
21790,476.5,0.7,140.596204138
21800,528.9,0.5,106.937219458
21810,456.9,0.5,104.224001138
21820,485.2,0.6,89.337549912
21830,539.8,0.5,112.936472023
21840,583.8,0.3,71.2806639179
21850,411.9,0.6,103.040066641
21860,698.0,0.5,123.811197525
21870,538.7,0.5,114.912386468
21880,661.1,0.5,128.216732745
21890,434.4,0.5,92.066417056
21900,648.2,0.2,61.8560627498
21910,577.0,0.4,92.7135140854
21920,569.6,0.5,120.422513123
21930,443.3,0.5,105.004880864
21940,679.7,0.5,127.076933993
21950,665.4,0.2,52.54243105
21960,921.3,0.1,82.7564924029
21970,792.0,0.0,42.8052928672
21980,732.6,0.3,110.703928354
21990,478.0,0.5,95.4196976875
22000,649.1,0.4,126.727826385
22010,718.6,0.3,108.955254446
22020,711.3,0.2,74.7235286662
22030,749.4,0.0,43.6384441763
22040,620.1,0.2,72.0609504843
22050,571.5,0.3,78.2046145796
22060,703.3,0.5,151.627681106
22070,630.7,0.5,124.417387557
22080,663.8,0.3,96.5343028089
22090,354.7,0.6,117.108809967
22100,774.7,0.0,48.9476754632
22110,693.9,0.2,64.7344562233
22120,480.8,0.4,74.3166811375
22130,436.5,0.2,48.732377226
22140,496.5,0.2,34.4304562216
22150,760.9,0.2,70.3028851589
22160,814.5,0.2,77.1194161348
22170,686.0,0.2,64.8662170918
22180,705.7,0.4,103.192878282
22190,582.6,0.4,105.161487328
22200,745.2,0.3,92.6380539769
22210,657.3,0.3,83.2543616436
22220,877.8,0.1,88.8986519313
22230,790.1,0.5,133.594458552
22240,685.3,0.3,98.5924780561
22250,665.6,0.5,122.513540086
22260,850.6,0.3,106.573674029
22270,686.9,0.5,127.016354486
22280,821.2,0.2,84.0135560448
22290,711.8,0.5,132.696391202
22300,556.7,0.3,100.886060681
22310,818.3,0.0,44.4218180145
22320,718.4,0.3,106.224878797
22330,872.9,0.2,106.322890022
22340,601.8,0.5,125.54173547
22350,619.9,0.2,72.1995919815
22360,769.5,0.4,122.794418014
22370,663.5,0.4,125.173316127
22380,807.6,0.2,84.8651653343
22390,876.7,0.2,103.313852532
22400,715.3,0.3,106.512345051
22410,727.2,0.3,105.991235167
22420,751.5,0.1,63.8433863551
22430,761.7,0.1,71.9705938533
22440,759.7,0.1,67.1184778659
22450,756.8,0.1,76.6988086098
22460,907.1,0.0,74.4740833938
22470,827.4,0.3,109.338192131
22480,820.7,0.2,76.598522902
22490,876.0,0.1,74.1360531424
22500,769.9,0.3,105.207584909
22510,878.1,0.2,101.93033911
22520,941.0,0.1,95.6708208345
22530,677.8,0.1,80.2437699255
22540,616.2,0.5,123.367658738
22550,771.8,0.3,99.1598629121
22560,764.3,0.2,77.2139396728
22570,781.3,0.2,91.9068318218
22580,614.3,0.2,70.7401384835
22590,840.6,0.4,127.105524539
22600,844.8,0.0,55.0190151764
22610,633.0,0.4,103.182930398
22620,588.5,0.4,98.9265819573
22630,805.8,0.4,114.97176868
22640,652.6,0.5,121.447449935
22650,843.8,0.3,120.396287423
22660,690.4,0.2,72.171263965
22670,777.2,0.5,134.099587255
22680,630.4,0.7,163.52383118
22690,593.9,0.4,102.166884051
22700,589.4,0.4,112.304312155
22710,744.6,0.4,108.635414869
22720,610.0,0.6,132.290568948
22730,726.7,0.6,136.569438049
22740,780.5,0.5,137.878554536
22750,583.8,0.5,104.162646819
22760,572.9,0.4,106.747861476
22770,613.3,0.4,101.60832621
22780,515.3,0.4,99.3243905476
22790,649.7,0.4,108.107124476
22800,865.9,0.3,119.009278419
22810,733.9,0.5,139.686192724
22820,630.6,0.7,159.954530687
22830,641.4,0.5,118.509202298
22840,733.9,0.4,116.327628412
22850,618.3,0.4,107.241185473
22860,636.1,0.5,127.760494271
22870,823.4,0.2,96.9284739037
22880,614.3,0.7,158.096360476
22890,639.5,0.5,133.557560676
22900,647.1,0.3,95.0528702511
22910,890.5,0.2,110.021300687
22920,827.7,0.3,111.558781352
22930,781.0,0.2,94.5285106521
22940,780.2,0.4,133.257558097
22950,744.1,0.3,105.937093163
22960,742.8,0.4,128.947481818
22970,938.3,0.1,89.1856097441
22980,698.6,0.4,107.147665277
22990,558.2,0.3,95.0718983395
23000,685.5,0.5,139.024124333
23010,667.8,0.4,123.000492667
23020,600.1,0.1,36.4593875089
23030,783.2,0.2,108.110319186
23040,568.5,0.4,90.1607390268
23050,619.2,0.6,149.863654665
23060,818.5,0.3,115.45801565
23070,789.6,0.2,102.240463179
23080,884.3,0.2,97.1711239761
23090,784.8,0.2,98.296470318
23100,698.9,0.2,94.9179285422
23110,844.4,0.1,99.9460433904
23120,815.0,0.2,86.2368674128
23130,669.9,0.1,62.6569468594
23140,844.9,0.1,99.9682611735
23150,867.4,0.2,116.348949207
23160,806.5,0.3,113.599924589
23170,811.7,0.3,116.490194832
23180,676.7,0.1,65.5225683906
23190,795.5,0.2,104.857032559
23200,827.1,0.0,74.2037770277
23210,844.7,0.0,70.6466688291
23220,840.3,0.1,86.9143101401
23230,771.4,0.1,77.0408933455
23240,849.9,0.1,81.8827266214
23250,847.9,0.1,82.3760563901
23260,1000.0,0.0,86.7245176135
23270,940.5,0.1,94.2177169885
23280,1000.0,0.0,89.5805329186
23290,935.6,0.1,100.285392179
23300,782.0,0.1,67.0396854778
23310,691.9,0.1,59.4226826114
23320,908.3,0.0,82.9168557075
23330,932.1,0.1,91.6656968068
23340,814.8,0.0,65.3302059204
23350,755.1,0.1,79.1970662501
23360,791.4,0.2,105.357620805
23370,841.0,0.1,101.262276183
23380,874.4,0.2,128.400774579
23390,915.2,0.0,73.5668965484
23400,818.3,0.0,77.107888867
23410,1000.0,0.0,87.1755424949
23420,765.8,0.0,63.774292418
23430,1000.0,0.0,88.1060823082
23440,1000.0,0.0,99.956625525
23450,948.3,0.1,108.546707478
23460,908.0,0.0,77.5864192309
23470,814.8,0.0,70.5294943101
23480,1000.0,0.0,90.1338310307
23490,1000.0,0.0,82.051385186
23500,1000.0,0.0,89.6426860853
23510,910.4,0.0,89.8032650659
23520,942.2,0.1,112.663373105
23530,908.5,0.0,85.509503545
23540,1000.0,0.0,80.9902446918
23550,1000.0,0.0,96.1656332823
23560,909.1,0.0,88.7519615021
23570,1000.0,0.0,85.8623413531
23580,909.2,0.0,84.5300849322
23590,914.4,0.0,90.2954572101
23600,1000.0,0.0,84.6921459503
23610,911.6,0.0,70.7527493247
23620,821.2,0.0,73.7380515341
23630,907.1,0.0,73.9920722277
23640,913.1,0.0,80.3432128767
23650,1000.0,0.0,91.2918330082
23660,1000.0,0.0,97.9553638145
23670,1000.0,0.0,95.0750442441
23680,1000.0,0.0,96.1579663115
23690,849.4,0.1,91.7419034512
23700,910.7,0.0,84.8161517563
23710,959.8,0.1,97.6333591816
23720,1000.0,0.0,93.2263166214
23730,738.2,0.0,49.3916943133
23740,933.5,0.1,109.011296231
23750,839.4,0.0,72.8444416534
23760,1000.0,0.0,92.7482392359
23770,1000.0,0.0,94.1596694791
23780,1000.0,0.0,104.64696194
23790,933.9,0.1,100.902048178
23800,1000.0,0.0,94.1593750682
23810,946.8,0.1,93.2673585246
23820,940.7,0.1,111.602707031
23830,911.8,0.0,84.7437892092
23840,931.7,0.1,106.049233797
23850,879.3,0.2,104.457903008
23860,697.5,0.5,144.985550897
23870,651.6,0.3,94.3809556449
23880,761.3,0.1,87.4461116655
23890,715.0,0.5,128.157145663
23900,718.4,0.5,138.929365174
23910,795.3,0.4,120.611974423
23920,687.9,0.6,151.089277408
23930,747.4,0.4,102.685674996
23940,827.5,0.2,88.5650676624
23950,907.6,0.0,68.1868091317
23960,813.9,0.2,87.3892816531
23970,855.1,0.1,76.0682933239
23980,1000.0,0.0,69.4990684461
23990,852.9,0.0,48.6097851834
24000,951.7,0.1,80.2131523938
24010,1000.0,0.0,84.5386895088
24020,851.8,0.1,67.9914075379
24030,856.6,0.1,79.737021633
24040,907.0,0.0,54.7530735042
24050,1000.0,0.0,68.0703798325
24060,820.3,0.0,66.3826495402
24070,909.7,0.0,61.0136552963
24080,911.1,0.0,72.5385371582
24090,795.0,0.2,74.1090140321
24100,1000.0,0.0,66.5528410035
24110,929.0,0.2,88.9600590705
24120,846.8,0.2,62.1857391283
24130,901.9,0.3,86.1799110858
24140,893.4,0.2,89.9642392911
24150,873.4,0.4,105.609462698
24160,668.7,0.4,78.0659708103
24170,737.1,0.7,147.287277653
24180,647.8,0.8,139.511631868
24190,668.7,0.8,150.969483602
24200,613.8,0.9,173.259023592
24210,634.5,0.8,165.207887926
24220,663.1,0.6,128.20502748
24230,627.0,0.6,126.269929373
24240,675.3,0.5,110.173237423
24250,657.8,0.8,150.269555475
24260,559.7,0.9,176.260911272
24270,674.1,0.7,133.35009018
24280,458.4,0.9,157.445250836
24290,645.7,0.7,151.963625755
24300,584.4,0.6,138.651202571
24310,628.1,0.7,139.766162538
24320,559.2,0.7,132.753247877
24330,594.4,0.6,136.609424395
24340,630.2,0.6,121.238927842
24350,340.6,0.7,117.455398709
24360,680.8,0.7,153.289841014
24370,632.4,0.5,114.516847541
24380,513.4,0.6,126.196725356
24390,648.3,0.7,150.287274239
24400,590.6,0.8,169.048264071
24410,518.5,0.9,182.565950644
24420,556.9,0.8,180.169062141
24430,456.6,1.0,202.241847082
24440,538.5,0.9,165.979272108
24450,464.4,0.8,152.377155054
24460,530.3,0.9,157.722048312
24470,563.3,0.7,123.812385306
24480,639.0,0.7,140.692428581
24490,594.4,0.8,170.225195951
24500,615.0,0.7,141.763520142
24510,612.4,0.7,156.451361351
24520,727.8,0.5,118.724510334
24530,697.3,0.6,156.195891124
24540,588.7,0.9,172.646421893
24550,609.6,0.8,174.105029706
24560,595.8,0.6,121.650226888
24570,540.0,0.9,179.734320521
24580,541.0,0.8,145.350731713
24590,654.6,0.5,129.85142203
24600,585.7,0.8,174.859458408
24610,732.6,0.6,139.738368685
24620,626.9,0.8,151.353776987
24630,600.9,0.9,172.143981284
24640,613.0,0.8,136.358957087
24650,591.3,0.6,131.010946248
24660,575.5,0.9,166.435714586
24670,647.0,0.8,153.451126016
24680,586.1,0.8,157.762253603
24690,519.4,0.9,184.697820448
24700,563.2,0.8,163.08321198
24710,687.4,0.7,143.498369009
24720,603.9,0.6,108.263614948
24730,551.7,0.7,163.370086847
24740,577.4,0.8,168.976225604
24750,575.9,0.7,133.934798411
24760,702.1,0.6,122.254566833
24770,528.5,0.9,174.889348647
24780,491.7,0.9,172.580806043
24790,566.1,0.8,181.116181205
24800,507.6,0.7,159.389894264
24810,571.1,0.8,162.825250052
24820,448.3,0.8,167.8682956
24830,470.9,1.0,182.813986144
24840,594.1,0.6,137.072074829
24850,636.7,0.7,142.906638844
24860,587.6,0.7,136.805284621
24870,540.2,0.9,168.942119786
24880,612.0,0.8,161.799944212
24890,573.1,0.7,140.665869948
24900,439.7,0.6,119.603180534
24910,600.9,0.9,170.552368401
24920,535.4,0.8,147.946753178
24930,687.3,0.7,138.163351371
24940,426.4,0.9,167.3865673
24950,452.6,0.7,127.95601989
24960,571.0,0.8,159.032925021
24970,540.2,0.9,171.527715705
24980,589.0,0.8,155.735403361
24990,526.4,0.6,128.815330788
25000,476.5,0.8,157.840467215
25010,544.3,0.8,163.928215992
25020,527.8,0.8,157.822681843
25030,520.8,0.9,179.948892497
25040,384.3,0.8,151.849622335
25050,523.5,0.7,145.874076977
25060,505.4,0.9,179.651697942
25070,569.2,0.5,123.244312578
25080,600.0,0.6,130.702472802
25090,628.9,0.7,152.21297549
25100,580.4,0.7,142.803775672
25110,616.6,0.7,158.540410252
25120,608.1,0.8,158.69139885
25130,494.7,0.9,187.087285224
25140,633.2,0.5,126.803125868
25150,493.3,0.6,129.92592249
25160,703.6,0.5,127.848332097
25170,527.0,0.8,144.615488745
25180,495.6,0.9,183.182882731
25190,400.8,1.0,189.520606674
25200,532.5,0.7,143.333902182
25210,650.2,0.7,154.263644685
25220,509.6,0.8,132.628459508
25230,514.1,0.9,164.197815137
25240,569.3,0.8,176.059285651
25250,461.7,0.9,140.843799928
25260,563.4,0.6,134.863072176
25270,533.5,0.7,147.904777827
25280,674.2,0.6,148.138636643
25290,503.3,0.9,176.637254554
25300,492.4,1.0,185.242894282
25310,764.8,0.5,117.532153074
25320,465.7,0.7,132.911159282
25330,464.3,0.8,155.681831191
25340,422.6,0.9,154.950933716
25350,511.5,0.7,166.093697944
25360,544.5,0.9,171.474826759
25370,530.5,0.8,159.055221924
25380,599.4,0.5,114.471444605
25390,709.6,0.7,149.387314111
25400,628.0,0.9,180.737330877
25410,611.8,0.6,126.902713407
25420,566.9,0.9,184.398166654
25430,519.7,0.9,186.924934879
25440,527.2,0.7,161.380794593
25450,601.0,0.4,112.219683235
25460,497.0,0.7,142.050358038
25470,596.6,0.8,166.782418034
25480,536.9,0.7,147.948604058
25490,388.2,0.9,174.228923797
25500,454.1,0.9,181.95489265
25510,586.3,0.7,151.909020786
25520,690.8,0.6,147.506001327
25530,482.4,1.0,195.802578111
25540,564.4,0.6,144.463733855
25550,539.5,0.8,170.017599651
25560,628.4,0.7,164.382269709
25570,635.3,0.6,156.850347333
25580,499.6,0.6,138.380748182
25590,487.2,0.9,190.164200849
25600,635.7,0.7,154.746306797
25610,453.4,0.6,135.166087449
25620,381.8,0.9,162.894833489
25630,534.7,0.6,133.562135892
25640,481.6,0.6,150.4320764
25650,500.7,0.7,142.500419761
25660,583.7,0.8,156.33177975
25670,576.1,0.6,139.645588072
25680,632.3,0.6,149.023889119
25690,445.0,0.9,182.968407057
25700,445.1,0.8,157.527215398
25710,481.5,0.9,191.523012239
25720,641.2,0.4,117.808665946
25730,579.1,0.8,178.34342957
25740,579.2,0.6,144.215678989
25750,448.3,0.9,174.985986218
25760,456.7,1.0,198.001389493
25770,672.6,0.7,150.62557236
25780,493.5,0.7,145.672601646
25790,430.6,0.9,179.641493678
25800,716.7,0.7,151.762480152
25810,415.3,0.8,169.22081459
25820,465.7,0.7,131.152251475
25830,533.0,0.8,179.925745066
25840,565.4,0.6,136.761481095
25850,381.8,0.9,178.485646406
25860,480.7,0.6,144.473371722
25870,445.9,0.5,106.274684549
25880,595.9,0.6,140.354987685
25890,466.6,1.0,206.873535951
25900,647.2,0.6,155.222068145
25910,512.9,0.7,155.791478389
25920,443.8,0.8,163.493632277
25930,423.0,0.5,105.200837054
25940,448.7,0.5,116.6230598
25950,739.4,0.5,133.983333856
25960,509.1,0.8,169.09889337
25970,428.0,0.9,187.346124165
25980,507.9,0.8,170.739445564
25990,592.6,0.6,137.936048587
26000,588.9,0.6,143.409287872
26010,394.4,1.0,206.680652765
26020,668.3,0.5,121.610014468
26030,547.6,0.9,178.795818223
26040,534.9,0.7,158.876041092
26050,476.8,0.7,165.924823938
26060,711.2,0.6,164.685093848
26070,520.1,0.8,179.666127652
26080,605.5,0.5,125.047679759
26090,443.9,0.9,180.544550162
26100,613.8,0.6,147.510995983
26110,476.6,0.7,139.932755453
26120,472.6,0.6,127.977027955
26130,600.5,0.6,143.107931789
26140,533.9,0.5,119.084269638
26150,490.2,0.8,162.812842493
26160,566.3,0.5,124.063676868
26170,521.6,0.7,149.918344189
26180,419.1,0.8,155.912099232
26190,524.1,0.7,145.94799536
26200,518.8,0.9,182.989628829
26210,477.2,0.8,173.270343101
26220,609.9,0.5,149.640109404
26230,490.1,0.5,102.380272732
26240,611.2,0.7,174.125014349
26250,391.3,0.7,145.381138579
26260,361.6,0.9,182.24877719
26270,616.7,0.7,155.078489523
26280,350.4,0.6,119.680963415
26290,394.4,0.7,140.79036492
26300,448.9,0.9,185.217852148
26310,416.4,1.0,195.156615894
26320,467.6,0.6,126.761570505
26330,638.1,0.5,132.747710835
26340,625.4,0.5,134.185974152
26350,529.5,0.7,155.324739708
26360,463.2,0.7,134.790264188
26370,533.8,0.7,153.357479312
26380,645.1,0.6,145.309496827
26390,370.2,0.8,154.241547851
26400,474.0,0.6,137.548730365
26410,418.8,0.8,173.886782627
26420,580.8,0.9,182.737581954
26430,427.2,1.0,197.841521101
26440,391.6,1.0,192.097652751
26450,547.5,0.8,167.77042146
26460,499.1,0.9,177.192579299
26470,477.5,0.8,169.350878796
26480,510.2,0.9,186.603172724
26490,451.8,0.9,175.795146988
26500,590.1,0.4,99.8862925176
26510,428.1,0.8,165.016205628
26520,661.1,0.6,141.376383872
26530,534.6,0.8,146.956714703
26540,457.5,0.9,163.775209501
26550,600.0,0.8,174.187254898
26560,459.6,0.8,159.611117247
26570,445.9,0.8,159.047947049
26580,459.5,0.8,182.022579737
26590,689.4,0.6,153.702442377
26600,548.9,0.7,151.198934783
26610,494.9,0.9,192.023570797
26620,606.5,0.7,139.059070139
26630,400.3,0.9,162.564758938
26640,499.5,0.6,150.324816919
26650,531.4,0.8,167.095844838
26660,532.5,0.7,160.268743092
26670,415.0,0.8,162.415765706
26680,539.5,0.5,108.334593143
26690,514.7,0.7,147.40786178
26700,450.3,1.0,179.964640079
26710,566.4,0.7,159.499489739
26720,572.2,0.7,155.811954961
26730,311.4,0.8,160.284708854
26740,569.2,0.7,139.634134797
26750,572.1,0.6,136.459582755
26760,544.0,0.7,158.841425235
26770,708.0,0.6,138.290488395
26780,467.9,0.6,140.522730397
26790,322.4,0.7,116.283985788
26800,498.1,0.8,183.901428349
26810,716.8,0.5,145.27951563
26820,675.5,0.5,134.500441876
26830,648.7,0.6,133.528834598
26840,529.6,0.6,152.867113505
26850,549.3,0.7,166.422443903
26860,501.6,0.8,183.512665998
26870,491.7,0.8,155.494054787
26880,407.9,1.0,200.21656337
26890,514.8,0.8,172.848643762
26900,525.6,0.8,164.208245119
26910,348.5,0.9,176.904408956
26920,454.5,1.0,205.046412905
26930,360.8,0.8,159.818487838
26940,530.5,0.8,166.015171525
26950,386.9,0.9,183.836116406
26960,439.1,0.7,141.611889968
26970,530.7,0.5,125.032377651
26980,402.9,0.9,181.332345947
26990,525.7,0.8,170.697746995
27000,571.4,0.7,181.261902879
27010,544.0,0.7,154.555433766
27020,619.6,0.8,167.518033452
27030,481.7,0.7,151.929582009
27040,344.9,0.8,149.575282476
27050,403.5,0.8,155.396947227
27060,364.0,0.8,159.253793679
27070,358.4,0.8,152.595699602
27080,313.1,0.5,72.4233618272
27090,558.9,0.7,153.833800104
27100,480.8,0.7,149.910022398
27110,695.6,0.5,138.534327588
27120,443.2,0.6,124.068275331
27130,513.2,0.6,126.621530732
27140,474.2,0.5,129.888582397
27150,398.1,0.6,115.327355414
27160,544.6,0.6,144.72701092
27170,428.0,0.9,188.440699342
27180,481.6,0.8,182.393891023
27190,635.9,0.7,162.064906006
27200,479.3,0.5,117.970099278
27210,448.8,0.7,144.107069799
27220,610.0,0.7,158.574512223
27230,709.1,0.5,137.198117353
27240,523.5,0.5,117.576550059
27250,343.6,0.9,179.549758543
27260,541.9,0.7,153.025136011
27270,374.4,0.6,121.962982916
27280,547.9,0.9,183.65859506
27290,501.7,0.7,148.295616168
27300,593.4,0.7,134.937841957
27310,537.0,0.6,134.772403286
27320,407.0,0.7,149.795980985
27330,314.3,0.7,148.056144963
27340,380.5,0.8,154.738588568
27350,707.7,0.4,100.90624296
27360,613.5,0.6,156.248667751
27370,469.6,0.9,198.063336241
27380,506.1,0.8,179.161876869
27390,639.2,0.6,155.955391266
27400,448.7,0.6,127.434353132
27410,463.8,0.7,144.996902628
27420,512.4,0.8,173.601374706
27430,508.2,0.9,193.554146811
27440,490.4,0.8,180.15452119
27450,505.4,0.5,125.528257176
27460,503.6,0.9,202.903729335
27470,393.4,0.9,196.633488423
27480,417.9,0.9,180.255326151
27490,411.3,0.7,151.545909193
27500,338.4,0.5,106.901195859
27510,309.6,0.7,137.649041437
27520,460.2,0.9,153.804707659
27530,405.8,0.9,180.094791874
27540,527.1,0.9,204.132511666
27550,328.3,0.9,161.874605586
27560,394.0,0.8,170.80850389
27570,586.8,0.6,129.655689203
27580,455.4,0.9,183.73646815
27590,427.6,0.5,104.236427127
27600,529.5,0.6,126.705710612
27610,509.2,0.7,161.031904996
27620,539.8,0.6,141.89062584
27630,511.4,0.8,179.515849873
27640,421.9,0.9,176.627681057
27650,433.5,1.0,213.182454812
27660,497.3,0.8,176.866388677
27670,478.2,0.8,165.105024883
27680,427.5,0.8,168.538392872
27690,516.5,0.7,152.425873096
27700,437.4,0.9,185.990232004
27710,439.5,0.9,187.207990353
27720,490.9,0.8,175.7652105
27730,414.5,0.7,133.978658663
27740,485.6,0.7,157.690599203
27750,594.3,0.5,139.270330674
27760,516.0,0.5,142.347827988
27770,454.3,0.7,152.389403314
27780,454.7,0.9,180.881776265
27790,616.9,0.6,119.231009736
27800,639.2,0.7,170.113374278
27810,533.9,0.6,142.223966065
27820,551.5,0.7,146.129223226
27830,407.1,0.8,148.948050624
27840,452.6,0.8,173.492703039
27850,396.2,0.8,177.543504347
27860,488.5,0.8,158.842790966
27870,488.7,0.8,181.629137714
27880,660.0,0.4,115.078607512
27890,531.5,0.7,155.123124578
27900,395.5,0.7,142.288996196
27910,580.1,0.7,164.747305513
27920,437.7,0.7,137.795235918
27930,566.8,0.6,129.390582106
27940,592.4,0.7,163.060735191
27950,562.5,0.8,183.155213519
27960,702.8,0.7,162.15614813
27970,597.1,0.8,167.350657909
27980,594.4,0.7,165.701955636
27990,620.3,0.8,162.428150738
28000,509.6,0.9,192.809917682
28010,601.6,0.8,184.223175882
28020,515.1,0.8,166.581632646
28030,399.5,1.0,203.535566088
28040,493.5,0.7,166.737961534
28050,478.2,0.5,104.979633214
28060,641.3,0.5,121.278361468
28070,455.8,0.9,178.388442344
28080,609.3,0.5,117.149713708
28090,470.4,0.8,156.120826105
28100,373.1,1.0,194.443398535
28110,492.9,0.8,173.662975799
28120,510.0,0.7,157.115335476
28130,376.3,0.7,155.605015584
28140,561.1,0.8,179.242375277
28150,442.2,0.7,141.716102533
28160,507.1,0.8,154.657193409
28170,554.1,0.7,151.110638943
28180,384.1,0.8,158.099090728
28190,597.5,0.8,152.527247442
28200,578.3,0.5,122.521132744
28210,484.9,0.8,172.572602189
28220,437.0,0.7,136.306501347
28230,615.4,0.7,152.488189811
28240,550.8,0.8,161.537305407
28250,569.7,0.8,161.827329473
28260,594.8,0.6,130.208642452
28270,493.5,0.4,100.238100375
28280,515.0,0.9,186.10335439
28290,650.6,0.6,157.783568514
28300,633.9,0.6,142.944600871
28310,546.1,0.8,180.913513869
28320,504.1,0.9,186.361505904
28330,477.7,0.7,140.497612337
28340,507.7,0.9,200.181433877
28350,503.0,1.0,203.354451989
28360,425.9,0.8,165.100016171
28370,472.0,0.6,139.559529561
28380,508.4,0.9,199.189899299
28390,473.7,0.9,176.009955564
28400,535.3,0.8,178.854051247
28410,729.0,0.5,148.579945941
28420,548.9,0.7,172.837733425
28430,558.7,0.6,152.769722792
28440,471.4,0.9,196.381963221
28450,633.1,0.6,146.452606257
28460,408.5,0.9,189.333778365
28470,576.8,0.4,105.096472727
28480,494.4,0.9,188.332265131
28490,486.4,0.8,162.836061754
28500,630.3,0.7,168.784455788
28510,483.2,0.7,174.212938988
28520,426.7,0.7,138.027883374
28530,546.3,0.8,172.331877186
28540,553.9,0.8,159.456765455
28550,482.5,0.9,201.430900188
28560,641.1,0.6,135.436455442
28570,505.1,0.8,175.430765955
28580,560.5,0.8,177.676088029
28590,545.9,0.6,150.658771338
28600,515.6,0.6,142.169985993
28610,512.3,0.8,189.473821394
28620,554.9,0.9,186.731430929
28630,493.2,0.9,194.491160668
28640,422.5,0.8,177.337560916
28650,360.6,0.5,112.476517002
28660,451.4,0.5,116.67153367
28670,596.6,0.5,132.434352286
28680,470.3,0.5,106.201318128
28690,485.3,0.6,140.977148181
28700,334.7,0.9,170.99383192
28710,496.5,0.7,167.773190893
28720,522.4,0.8,166.253279894
28730,460.0,0.9,194.270549449
28740,441.9,0.6,113.968907581
28750,608.4,0.5,145.370708507
28760,435.2,0.6,141.371012432
28770,491.4,0.8,196.498793615
28780,448.6,0.9,190.449033254
28790,451.8,0.6,135.204525574
28800,506.2,0.7,159.688676287
28810,538.0,0.6,151.911419208
28820,551.2,0.8,174.119261256
28830,463.7,0.7,158.158042689
28840,491.1,0.5,133.173034012
28850,498.6,0.8,176.68945597
28860,367.8,0.7,155.888507293
28870,462.4,0.7,132.260484854
28880,524.2,0.6,144.886703031
28890,440.5,0.8,157.559546113
28900,458.3,0.8,151.767776573
28910,603.0,0.7,162.639678414
28920,427.8,0.8,173.414019204
28930,466.3,0.7,151.597301763
28940,728.1,0.4,139.361370522
28950,572.3,0.6,144.927630826
28960,618.3,0.8,174.105405804
28970,500.0,0.9,180.294704981
28980,538.9,0.9,190.025284333
28990,464.4,0.8,173.201083429
29000,381.2,0.7,161.83254198
29010,370.3,0.9,177.302345349
29020,507.9,0.6,151.121937674
29030,439.7,1.0,199.75585935
29040,418.2,0.7,153.310289906
29050,532.6,0.8,181.868316105
29060,443.6,0.8,176.795930014
29070,642.4,0.4,128.551834918
29080,627.4,0.6,154.593888549
29090,480.8,0.8,177.974411069
29100,438.4,0.9,175.530243853
29110,357.2,0.8,161.12218788
29120,342.8,0.9,187.001909235
29130,431.1,1.0,199.476006422
29140,469.5,0.9,199.084877799
29150,564.9,0.6,150.959891447
29160,616.4,0.7,154.680547187
29170,599.9,0.7,170.311802185
29180,438.2,0.9,180.789170576
29190,641.0,0.5,149.282739121
29200,597.5,0.7,165.714045566
29210,322.6,0.7,151.302019182
29220,449.0,0.9,188.92695212
29230,463.8,0.9,178.935369752
29240,508.7,0.8,183.856945756
29250,573.0,0.6,152.233315692
29260,484.6,0.6,134.884542225
29270,471.4,0.8,168.543666626
29280,670.3,0.7,170.275542304
29290,408.3,0.9,182.575980887
29300,341.1,0.9,176.497345598
29310,337.4,0.9,179.383796695
29320,442.6,0.6,147.804317922
29330,462.2,0.6,127.616346511
29340,509.9,0.6,121.996140763
29350,571.4,0.8,181.030876643
29360,403.7,0.8,175.12039536
29370,531.5,0.8,189.626687295
29380,535.7,0.7,157.6617585
29390,364.0,0.8,160.762942837
29400,486.0,0.7,142.405388751
29410,558.7,0.6,146.558608016
29420,533.6,0.6,137.55996845
29430,444.5,0.6,125.291080834
29440,405.3,0.8,174.32479909
29450,504.9,0.9,186.884782339
29460,519.2,0.8,164.202126606
29470,359.8,0.9,188.616825287
29480,457.7,0.6,136.73554301
29490,786.0,0.3,98.5933513831
29500,666.1,0.4,115.029457443
29510,462.4,0.7,163.822240075
29520,672.0,0.5,124.888196603
29530,463.1,0.8,165.248274986
29540,472.0,0.6,141.92387452
29550,457.8,0.6,123.969387793
29560,512.1,1.0,210.429834337
29570,487.8,0.6,130.274813655
29580,373.0,0.7,164.898516711
29590,339.5,0.8,164.155302682
29600,529.4,0.7,147.405467309
29610,414.4,0.8,175.527484134
29620,553.1,0.7,161.392393719
29630,721.3,0.3,116.030930303
29640,469.3,0.7,158.162366625
29650,551.0,0.6,159.325918415
29660,603.6,0.5,135.082858259
29670,679.4,0.7,154.598008734
29680,592.1,0.7,165.211647245
29690,322.8,0.7,141.151072262
29700,565.3,0.8,165.249736692
29710,581.5,0.4,128.056807412
29720,472.2,1.0,187.294845147
29730,388.6,0.8,170.9263897
29740,590.4,0.5,122.158935341
29750,410.0,0.9,167.506585962
29760,588.8,0.5,135.285819035
29770,463.2,0.9,205.442830209
29780,675.5,0.5,139.801774443
29790,278.1,0.7,148.353714074
29800,395.4,0.8,173.806299438
29810,387.7,0.8,176.7028816
29820,494.6,0.7,172.942365794
29830,475.0,0.7,150.710742768
29840,443.4,0.6,139.752281478
29850,399.8,0.9,195.717667649
29860,488.1,0.7,165.250126131
29870,381.1,0.9,186.459475156
29880,435.5,0.8,183.016603898
29890,457.8,0.9,177.703913178
29900,545.2,0.6,159.608969888
29910,406.1,0.9,183.070953771
29920,525.7,0.5,129.467838702
29930,437.4,0.6,138.875402445
29940,612.5,0.8,170.868849236
29950,512.5,0.6,139.868981054
29960,635.8,0.6,154.116084701
29970,374.5,0.9,178.425589711
29980,382.8,0.9,184.396501431
29990,339.1,0.9,203.464396456
30000,349.3,0.8,157.566078615
