20,87.85,0.0,-184.467568908
40,91.95,0.0,-176.759033635
60,89.5,0.0,-177.939758487
80,105.55,0.0,-214.358009617
100,126.25,0.0,-239.042431553
120,129.35,0.0,-269.485008441
140,143.5,0.0,-300.558458119
160,171.7,0.0,-445.393897298
180,141.75,0.0,-378.788983327
200,168.45,0.0,-392.136687746
220,168.1,0.0,-419.510464247
240,174.55,0.0,-402.318447751
260,171.05,0.0,-302.411454875
280,149.75,0.0,-276.577241102
300,138.45,0.0,-277.623145397
320,142.6,0.0,-251.658415169
340,135.55,0.0,-267.575587448
360,159.4,0.0,-250.565841676
380,145.25,0.0,-189.179961473
400,151.3,0.0,-206.195835424
420,158.45,0.0,-207.420277195
440,177.05,0.0,-213.615426139
460,130.0,0.0,-219.982400637
480,196.9,0.0,-247.32030457
500,156.5,0.0,-254.027156374
520,166.55,0.0,-279.995757325
540,190.9,0.0,-273.362432394
560,183.3,0.0,-288.738861105
580,179.7,0.0,-313.445307755
600,187.95,0.0,-323.64404799
620,192.9,0.0,-329.571714937
640,208.0,0.0,-237.095139444
660,198.25,0.0,-285.04166784
680,204.3,0.0,-222.440896973
700,186.05,0.0,-198.942030674
720,169.95,0.0,-212.454817744
740,178.6,0.0,-206.297611201
760,267.6,0.0,-231.7338237
780,278.05,0.0,-211.686741615
800,257.25,0.0,-220.316068016
820,315.85,0.0,-232.26078174
840,317.4,0.0,-252.088929368
860,308.8,0.0,-212.351421511
880,369.45,0.0,-217.10680252
900,335.85,0.0,-198.671977649
920,626.25,0.0,-223.412036137
940,536.35,0.0,-189.148416587
960,534.4,0.0,-108.569009462
980,555.05,0.0,-129.805150866
1000,552.05,0.0,-83.7949097402
1020,385.2,0.0,-94.3468492039
1040,338.25,0.0,-63.4767394528
1060,206.75,0.0,-48.3699367252
1080,244.65,0.0,-58.8690065591
1100,309.9,0.0,-68.4240970578
1120,383.45,0.0,-56.2982975803
1140,336.35,0.0,-50.6298081779
1160,427.25,0.0,-43.774521992
1180,273.55,0.0,-44.1218677224
1200,482.45,0.0,-53.9814216238
1220,708.6,0.0,-61.0270545601
1240,526.3,0.0,-32.0724070805
1260,394.35,0.0,-34.1546509149
1280,645.85,0.0,-32.4614602825
1300,563.1,0.0,-33.7234939255
1320,500.05,0.0,-28.0716723297
1340,654.15,0.0,-33.8702415952
1360,563.5,0.0,-18.7061172767
1380,489.85,0.0,-38.4397133387
1400,706.95,0.0,-37.4244913615
1420,498.75,0.0,-50.8120938789
1440,567.1,0.05,-48.1530527218
1460,416.5,0.1,-39.1717223735
1480,253.55,0.15,-10.5693832997
1500,232.65,0.25,-9.3684996647
1520,315.35,0.25,-20.4528629627
1540,406.9,0.1,-25.4342958688
1560,377.55,0.15,-25.9826543345
1580,257.9,0.25,-18.8757261434
1600,318.15,0.15,-28.2617322582
1620,479.8,0.3,22.5192018943
1640,383.5,0.3,20.1515366693
1660,302.9,0.35,20.2280137587
1680,432.65,0.3,23.8030106085
1700,656.45,0.4,70.7275051565
1720,604.4,0.3,49.7955362515
1740,716.35,0.3,68.9769362597
1760,802.4,0.2,40.075040357
1780,1000.0,0.0,34.125434873
1800,1000.0,0.0,19.4888731273
1820,984.9,0.0,18.8422007042
1840,982.95,0.0,27.8282080971
1860,968.4,0.0,33.0793137713
1880,905.6,0.35,92.2007314536
1900,702.75,0.45,89.5656105828
1920,567.65,0.45,74.1326552726
1940,554.5,0.45,84.2785709407
1960,413.8,0.3,45.4953734451
1980,316.35,0.35,49.9322865229
2000,405.8,0.25,38.5040754822
2020,363.05,0.4,64.1313561022
2040,323.05,0.45,81.7202762382
2060,295.7,0.2,28.7246314444
2080,324.75,0.05,1.94376457984
2100,334.25,0.3,43.7685163312
2120,333.8,0.2,29.6300638102
2140,363.45,0.2,20.9315631292
2160,332.65,0.3,54.7557358146
2180,331.9,0.25,32.4207906097
2200,474.45,0.15,33.1004605723
2220,405.2,0.2,27.2355368582
2240,552.9,0.25,47.4543884483
2260,611.45,0.2,44.5135064145
2280,675.05,0.0,14.0249877387
2300,532.55,0.3,33.7222877833
2320,676.95,0.15,41.3031325277
2340,722.25,0.25,74.493672063
2360,811.15,0.1,56.925165546
2380,831.9,0.2,70.2256407203
2400,949.55,0.25,96.0695691306
2420,963.2,0.1,76.1773601781
2440,1000.0,0.0,66.9158074026
2460,969.55,0.05,67.5785897001
2480,926.05,0.1,82.4110292842
2500,853.9,0.05,58.2152180284
2520,902.5,0.1,87.9228928453
2540,942.9,0.05,64.2382189639
2560,965.6,0.0,58.4563354555
2580,898.15,0.05,69.0133170009
2600,831.15,0.2,87.1884408505
2620,890.55,0.15,98.7073949173
2640,845.45,0.2,112.057559729
2660,1000.0,0.0,88.2324999047
2680,1000.0,0.0,88.4255870703
2700,981.4,0.05,72.6158079349
2720,924.75,0.05,80.3235341945
2740,844.95,0.0,65.4131675851
2760,879.55,0.2,94.7365906247
2780,920.35,0.1,88.4003515586
2800,757.15,0.4,103.387682242
2820,671.0,0.6,131.960115359
2840,703.75,0.5,132.765675598
2860,755.35,0.45,104.586932928
2880,876.35,0.15,82.1968992142
2900,855.4,0.25,83.8057456933
2920,972.05,0.05,81.2179609445
2940,960.65,0.15,84.6166679455
2960,969.0,0.0,62.2193395359
2980,1000.0,0.0,69.0156393325
3000,1000.0,0.0,68.6749351929
3020,1000.0,0.0,78.5909419092
3040,897.85,0.1,85.6735909581
3060,1000.0,0.0,80.2472655496
3080,1000.0,0.0,76.6630022906
3100,920.95,0.0,78.8911198529
3120,970.1,0.05,100.254413006
3140,1000.0,0.0,97.4368157003
3160,930.8,0.1,92.0981472363
3180,903.3,0.1,97.1777129292
3200,965.5,0.0,77.1548977612
3220,771.2,0.2,85.1547267869
3240,755.25,0.25,98.1471540546
3260,628.2,0.35,96.2074660728
3280,661.2,0.45,128.30973979
3300,730.35,0.45,121.58741305
3320,647.55,0.5,134.460939993
3340,807.95,0.15,72.3072954215
3360,822.85,0.45,117.217908256
3380,885.05,0.25,95.3249102313
3400,921.05,0.15,90.5701619396
3420,910.65,0.05,69.8759824346
3440,936.9,0.05,77.6606180178
3460,929.7,0.05,72.8191219713
3480,958.15,0.0,63.1038010861
3500,1000.0,0.0,70.0164687127
3520,968.4,0.1,96.3270153745
3540,925.05,0.1,71.6619816273
3560,962.25,0.05,69.7923625269
3580,868.3,0.25,88.7618639773
3600,870.95,0.0,60.2748859312
3620,957.2,0.0,69.0640339832
3640,897.25,0.05,68.3843038102
3660,862.35,0.05,71.4649046697
3680,1000.0,0.0,71.4382200401
3700,915.2,0.0,75.8411974852
3720,889.1,0.05,69.3799738898
3740,930.65,0.05,71.0487469119
3760,954.95,0.0,57.4832727314
3780,1000.0,0.0,72.4350422272
3800,950.0,0.1,82.8469995391
3820,973.75,0.1,84.3798839578
3840,867.1,0.05,61.1553997336
3860,916.0,0.0,72.4492473707
3880,1000.0,0.0,75.001590581
3900,957.35,0.0,83.2477240711
3920,955.05,0.0,78.2777779099
3940,957.7,0.0,87.7726215737
3960,846.9,0.05,82.3043765296
3980,1000.0,0.0,83.0047540021
4000,924.55,0.0,71.9985288439
4020,949.8,0.05,89.5216354554
4040,884.95,0.0,59.5965785822
4060,973.3,0.1,90.3211408409
4080,1000.0,0.0,71.5743637511
4100,956.75,0.0,80.7579324433
4120,957.4,0.0,70.2354452875
4140,1000.0,0.0,86.9929899416
4160,1000.0,0.0,84.4999521863
4180,1000.0,0.0,80.90456858
4200,954.55,0.0,75.3497392164
4220,1000.0,0.0,79.1064986648
4240,927.0,0.0,67.2955017463
4260,1000.0,0.0,82.992137844
4280,1000.0,0.0,76.0565000043
4300,959.45,0.0,75.9639278023
4320,964.45,0.0,80.1672583828
4340,957.7,0.0,76.9812913312
4360,965.35,0.0,80.9029834275
4380,1000.0,0.0,89.6642943261
4400,898.5,0.05,89.1156236576
4420,932.95,0.05,96.7243362709
4440,991.75,0.05,94.0488776282
4460,919.85,0.05,89.8079368956
4480,916.55,0.0,83.2724406621
4500,921.8,0.0,79.1517556737
4520,924.25,0.0,78.9285516862
4540,886.95,0.0,75.5035822044
4560,880.25,0.0,83.4142495039
4580,924.9,0.0,82.9075758401
4600,777.85,0.05,70.4314124618
4620,959.3,0.0,90.1341118134
4640,955.3,0.05,80.2382509468
4660,838.35,0.05,69.4255745058
4680,931.65,0.15,93.4555705348
4700,825.25,0.2,95.460880339
4720,849.7,0.25,90.6935933042
4740,634.8,0.6,127.287295076
4760,678.55,0.35,102.026511931
4780,640.3,0.4,106.707702458
4800,637.4,0.4,90.3330425617
4820,676.4,0.25,69.3198892324
4840,630.75,0.35,91.2659245677
4860,768.5,0.35,115.31636644
4880,733.85,0.25,90.3294609115
4900,650.9,0.6,134.182060495
4920,767.1,0.3,96.3765120868
4940,745.85,0.1,50.8456009634
4960,841.55,0.15,80.5559626066
4980,860.7,0.25,111.762472996
5000,911.1,0.1,90.6649228608
5020,962.55,0.1,101.451093373
5040,970.65,0.05,86.462735459
5060,858.05,0.1,74.9836180549
5080,963.8,0.0,80.8465624887
5100,961.5,0.0,76.4434873506
5120,962.5,0.0,75.8354327806
5140,1000.0,0.0,88.3561363839
5160,940.6,0.05,89.7492570664
5180,1000.0,0.0,83.1074236681
5200,965.0,0.05,99.155577771
5220,846.7,0.2,102.817858514
5240,656.9,0.35,102.044350162
5260,792.7,0.2,95.4708940457
5280,637.05,0.25,80.2849673008
5300,656.5,0.25,82.2742996732
5320,544.6,0.3,74.7756132902
5340,448.8,0.7,115.047789502
5360,587.4,0.55,116.094798141
5380,553.5,0.45,104.962866152
5400,481.05,0.5,109.590041973
5420,495.95,0.5,111.509286038
5440,565.45,0.4,92.7873068324
5460,550.0,0.5,97.4937080445
5480,328.5,0.55,97.9528396487
5500,426.0,0.65,123.125085411
5520,538.2,0.45,90.8366611916
5540,391.95,0.65,116.826776758
5560,419.85,0.5,92.6301350802
5580,547.45,0.65,142.557099782
5600,502.2,0.55,103.687792841
5620,582.65,0.5,114.998170341
5640,595.3,0.4,77.6877814836
5660,638.0,0.45,99.9238520593
5680,628.3,0.6,111.407645266
5700,614.2,0.65,114.42875706
5720,559.25,0.7,127.141814151
5740,662.6,0.7,116.376306622
5760,695.4,0.65,116.241730366
5780,802.0,0.4,74.2820903163
5800,878.95,0.4,68.9247880197
5820,858.7,0.4,81.9499050921
5840,945.0,0.2,38.9984748931
5860,991.55,0.05,23.92050741
5880,986.75,0.1,31.0762595637
5900,1000.0,0.0,4.51148056772
5920,985.65,0.1,23.0162386909
5940,1000.0,0.0,24.219791603
5960,963.7,0.15,39.7279975699
5980,983.3,0.05,34.705909146
6000,994.5,0.05,44.094082868
6020,976.65,0.05,64.405570193
6040,997.0,0.05,65.6652544386
6060,1000.0,0.0,72.7353046573
6080,971.5,0.05,83.0907840286
6100,937.55,0.15,93.069313385
6120,974.05,0.05,80.4764276265
6140,972.9,0.05,92.5586924797
6160,974.55,0.05,90.9524088247
6180,938.6,0.05,86.4459563629
6200,965.6,0.0,82.6302794563
6220,926.1,0.0,67.5832658476
6240,960.3,0.0,74.12901126
6260,923.65,0.0,76.4005901137
6280,924.15,0.0,74.5535285642
6300,926.35,0.0,74.0259079629
6320,890.15,0.05,74.9381054585
6340,921.75,0.0,70.8758413029
6360,922.65,0.0,82.3225120455
6380,929.55,0.1,99.5587989827
6400,1000.0,0.0,84.7457322325
6420,829.6,0.15,94.1438277874
6440,892.1,0.1,83.4427884912
6460,539.7,0.5,134.585964996
6480,649.75,0.25,83.0583820571
6500,698.7,0.35,106.474799474
6520,682.3,0.4,107.21572479
6540,773.55,0.3,105.028882997
6560,687.8,0.3,95.6892459894
6580,762.0,0.3,114.470586721
6600,710.6,0.35,115.223903913
6620,814.35,0.15,92.7659504543
6640,815.6,0.2,96.2006205882
6660,818.45,0.25,114.029185268
6680,936.55,0.1,88.6449051054
6700,946.25,0.1,103.287695413
6720,926.85,0.0,71.6318275052
6740,885.55,0.0,73.756428481
6760,884.25,0.2,105.363894416
6780,917.65,0.0,79.1576140471
6800,828.15,0.1,88.9295573966
6820,961.65,0.0,85.7563297228
6840,931.4,0.05,93.7066423339
6860,843.9,0.0,73.0995172358
6880,852.4,0.05,90.8170982166
6900,902.45,0.05,93.5777722958
6920,880.1,0.0,71.8197779385
6940,959.7,0.0,88.4860266842
6960,802.2,0.05,90.3473290244
6980,959.05,0.0,97.0929373085
7000,758.6,0.05,77.7960981683
7020,669.6,0.0,56.1824422595
7040,443.0,0.1,53.0696500553
7060,627.75,0.0,54.3937464957
7080,753.65,0.0,67.3918812713
7100,435.45,0.15,64.8953605869
7120,546.65,0.2,70.2032109736
7140,572.1,0.05,48.83342222
7160,543.35,0.0,35.994183066
7180,630.3,0.05,67.1338140799
7200,599.7,0.1,67.5763647653
7220,523.4,0.1,48.9458945509
7240,522.65,0.4,98.5768471847
7260,706.85,0.15,62.9681204755
7280,465.35,0.35,82.5535476066
7300,544.75,0.2,50.9989114937
7320,490.25,0.4,81.4895320629
7340,517.65,0.35,72.0614718861
7360,485.65,0.5,105.20908314
7380,373.9,0.4,67.2537106839
7400,524.15,0.45,96.8745399204
7420,397.85,0.65,127.571338321
7440,679.15,0.2,70.0584410264
7460,539.9,0.4,91.0038469484
7480,667.8,0.35,97.4071199113
7500,564.1,0.5,114.568225275
7520,706.35,0.4,107.803357583
7540,647.5,0.45,110.788194142
7560,638.6,0.6,143.08623731
7580,731.3,0.6,138.64759141
7600,683.0,0.6,150.209778532
7620,811.45,0.35,113.719945035
7640,933.65,0.1,77.6331726226
7660,933.8,0.15,82.2865349431
7680,973.05,0.05,71.9761063403
7700,1000.0,0.0,59.6015138302
7720,972.75,0.05,65.4063365096
7740,1000.0,0.0,63.5393105456
7760,1000.0,0.0,69.0596970017
7780,1000.0,0.0,70.5525150113
7800,1000.0,0.0,85.3698647917
7820,1000.0,0.0,65.706025133
7840,1000.0,0.0,70.4260065653
7860,1000.0,0.0,80.0809360917
7880,1000.0,0.0,82.6006919657
7900,1000.0,0.0,75.3117937578
7920,1000.0,0.0,83.011116804
7940,1000.0,0.0,77.18634991
7960,1000.0,0.0,82.4766430205
7980,1000.0,0.0,77.7606740353
8000,1000.0,0.0,78.3598661062
8020,1000.0,0.0,79.6983301559
8040,1000.0,0.0,84.8808197146
8060,1000.0,0.0,96.352816928
8080,923.7,0.0,82.2452722123
8100,959.5,0.0,87.267528761
8120,1000.0,0.0,98.4853572285
8140,1000.0,0.0,92.5662361521
8160,1000.0,0.0,89.3959959143
8180,1000.0,0.0,85.30855693
8200,1000.0,0.0,92.2398232954
8220,1000.0,0.0,93.8196903518
8240,1000.0,0.0,87.8500113989
8260,1000.0,0.0,88.9967710882
8280,970.65,0.05,94.9600015903
8300,1000.0,0.0,89.6755483501
8320,1000.0,0.0,91.3382993641
8340,1000.0,0.0,86.4226589414
8360,1000.0,0.0,94.2880840165
8380,965.75,0.0,81.680062541
8400,930.0,0.0,77.2111849393
8420,926.6,0.0,77.9233838293
8440,966.6,0.05,88.0206169424
8460,1000.0,0.0,80.6522590573
8480,961.45,0.0,89.9086602408
8500,963.45,0.0,82.7556901188
8520,960.1,0.0,78.220270742
8540,854.85,0.05,88.418953058
8560,852.35,0.05,86.7790675929
8580,962.1,0.0,94.3275021035
8600,961.1,0.0,91.0258393652
8620,1000.0,0.0,96.7629347279
8640,920.9,0.0,88.8543595031
8660,921.05,0.0,70.4345941416
8680,921.2,0.0,82.2297111029
8700,879.75,0.0,78.6915538901
8720,878.0,0.0,92.4981862739
8740,877.35,0.0,92.3354241926
8760,675.6,0.0,59.5089647052
8780,807.4,0.05,90.4958590711
8800,839.85,0.0,78.3268857013
8820,844.15,0.05,89.5541677122
8840,883.55,0.05,85.5203801091
8860,765.55,0.05,69.9016761821
8880,703.35,0.25,89.5721114899
8900,654.65,0.5,117.458057105
8920,482.0,0.6,129.66880299
8940,338.1,0.3,45.7076589863
8960,457.4,0.5,106.351741071
8980,437.1,0.65,139.499765495
9000,405.2,0.5,96.3175898041
9020,451.5,0.4,88.3392819497
9040,435.55,0.55,103.473560841
9060,512.1,0.35,76.9646033077
9080,524.2,0.55,118.102935576
9100,457.7,0.35,70.0393774283
9120,338.85,0.45,78.1602733886
9140,423.85,0.35,64.2673478397
9160,518.1,0.45,106.661074884
9180,490.0,0.35,75.6808230368
9200,415.95,0.45,89.7066989494
9220,470.2,0.5,113.880933411
9240,401.05,0.4,71.9454230197
9260,472.7,0.25,54.5324733699
9280,493.15,0.5,106.648956968
9300,513.7,0.4,91.9676504376
9320,566.15,0.3,82.3668912767
9340,370.35,0.5,101.716757761
9360,355.25,0.35,70.8567496874
9380,431.4,0.3,57.7508412587
9400,572.85,0.2,65.8658161359
9420,499.0,0.4,97.6045755338
9440,410.25,0.1,28.969664613
9460,298.6,0.3,55.8398437961
9480,469.2,0.4,96.0580040952
9500,457.9,0.25,62.5535015274
9520,319.95,0.2,45.9772922737
9540,416.75,0.15,38.1001445879
9560,371.95,0.25,60.2705849055
9580,359.45,0.4,86.2469660563
9600,345.55,0.3,63.2563631371
9620,457.75,0.6,123.169292372
9640,439.15,0.55,122.008171091
9660,458.7,0.45,112.529052311
9680,455.0,0.3,78.4313656868
9700,624.9,0.4,112.000169423
9720,485.0,0.35,81.0834859895
9740,509.65,0.5,122.027341019
9760,483.7,0.55,128.522358447
9780,442.85,0.4,98.7462787802
9800,558.4,0.55,128.939290026
9820,559.35,0.6,152.12423423
9840,484.35,0.6,130.4822043
9860,629.95,0.55,136.558671552
9880,527.35,0.6,139.963264501
9900,560.35,0.45,108.029714545
9920,518.2,0.65,140.189236117
9940,655.95,0.6,140.832646723
9960,579.45,0.65,148.378226534
9980,576.25,0.75,163.206758046
10000,578.15,0.7,157.892659639
10020,646.2,0.65,142.600096573
10040,774.85,0.25,109.108291822
10060,801.2,0.4,130.569238879
10080,733.4,0.45,133.400614061
10100,613.9,0.75,177.205569323
10120,606.05,0.55,147.22933249
10140,650.5,0.6,136.490506808
10160,554.1,0.55,129.978421373
10180,774.05,0.4,118.662928908
10200,664.85,0.5,131.464039289
10220,570.55,0.55,120.46313752
10240,623.85,0.65,152.32667509
10260,649.1,0.55,136.907276706
10280,601.2,0.65,145.722519499
10300,579.6,0.65,157.367319734
10320,527.6,0.75,158.194058525
10340,545.6,0.65,147.100284592
10360,669.3,0.35,98.0270492218
10380,587.65,0.55,135.406516657
10400,584.7,0.55,139.567144109
10420,583.0,0.65,157.800671974
10440,579.2,0.65,152.681410168
10460,615.75,0.6,159.393509253
10480,561.85,0.65,158.889936045
10500,575.9,0.5,128.933584005
10520,614.5,0.65,164.756341668
10540,490.3,0.6,143.343285407
10560,558.8,0.35,96.0867869693
10580,587.0,0.5,126.090205999
10600,573.15,0.45,110.043329166
10620,617.95,0.45,109.563537902
10640,543.5,0.5,119.759905194
10660,554.95,0.7,153.77691982
10680,673.4,0.4,114.481269175
10700,635.45,0.45,120.813436829
10720,600.25,0.4,100.69429666
10740,648.85,0.55,133.780426866
10760,683.6,0.5,138.645367786
10780,590.25,0.75,157.070939707
10800,563.3,0.7,157.669372119
10820,598.2,0.55,140.641368607
10840,529.8,0.65,145.302270455
10860,650.1,0.5,138.193150121
10880,563.9,0.75,173.31727657
10900,692.4,0.4,123.136398397
10920,574.7,0.6,147.312213941
10940,610.55,0.5,120.313161815
10960,507.8,0.8,174.673591659
10980,596.55,0.45,108.079703078
11000,487.2,0.75,167.615361956
11020,462.35,0.65,140.600504384
11040,577.6,0.6,132.154429176
11060,537.25,0.55,142.832417869
11080,706.65,0.35,105.818676886
11100,527.0,0.55,139.838446972
11120,562.05,0.6,130.650799194
11140,458.4,0.5,113.96324587
11160,666.65,0.35,91.3214896551
11180,653.25,0.45,124.91990922
11200,479.65,0.4,90.1414611328
11220,429.15,0.55,106.369918418
11240,546.6,0.4,87.8804231542
11260,533.95,0.45,104.353967484
11280,386.7,0.6,93.2934995277
11300,556.15,0.35,78.2559232854
11320,421.2,0.35,54.9009766927
11340,477.1,0.35,60.5445666728
11360,445.65,0.35,61.283785978
11380,400.65,0.55,86.7773158852
11400,302.8,0.45,54.8570290912
11420,351.7,0.5,72.3262628558
11440,593.35,0.25,50.06656345
11460,382.35,0.65,113.031718133
11480,457.55,0.4,65.6291946695
11500,347.25,0.55,82.8418389412
11520,417.95,0.35,55.764126032
11540,495.65,0.3,54.9777045383
11560,423.9,0.4,69.4269000643
11580,586.7,0.6,126.549459776
11600,511.95,0.55,110.887880362
11620,649.55,0.35,103.898820309
11640,508.4,0.4,84.3846722615
11660,692.4,0.3,93.301019699
11680,648.7,0.3,76.4401667034
11700,659.7,0.5,118.248634978
11720,567.3,0.7,140.318903645
11740,685.6,0.5,121.547830099
11760,823.1,0.45,123.959868052
11780,740.75,0.5,128.721787408
11800,710.4,0.6,148.494640745
11820,543.15,0.9,173.239947177
11840,620.35,0.8,162.521074683
11860,619.15,0.75,154.924393276
11880,618.85,0.8,158.922624837
11900,671.6,0.8,159.721145684
11920,692.0,0.65,142.669703669
11940,796.45,0.5,113.412744851
11960,709.05,0.6,130.677349568
11980,759.15,0.45,121.336268535
12000,698.25,0.55,124.607390421
12020,835.2,0.35,102.212645527
12040,741.55,0.5,120.434010359
12060,699.85,0.6,133.886927542
12080,792.1,0.45,104.837117278
12100,774.35,0.45,116.896606336
12120,752.8,0.55,127.310087459
12140,854.35,0.4,103.726462742
12160,718.95,0.65,143.94685886
12180,638.35,0.85,171.162993096
12200,802.05,0.8,161.670440155
12220,627.35,0.95,185.405854641
12240,630.6,0.85,169.714194639
12260,764.25,0.55,122.47190119
12280,666.75,0.8,155.309332872
12300,634.8,0.85,167.844849879
12320,690.8,0.8,172.77914889
12340,677.8,0.8,165.296846736
12360,619.7,0.8,169.714112765
12380,662.05,0.75,157.419146345
12400,757.7,0.6,153.930587896
12420,816.95,0.6,129.274529098
12440,599.6,0.8,163.401878598
12460,719.5,0.7,158.310228937
12480,750.3,0.65,147.014084137
12500,680.3,0.7,164.57410955
12520,653.1,0.8,162.195245643
12540,663.4,0.75,164.117466985
12560,755.9,0.6,142.225159917
12580,826.1,0.45,122.707714995
12600,778.7,0.7,153.492728435
12620,696.35,0.6,147.471695807
12640,744.25,0.55,133.085852042
12660,812.85,0.4,113.599003309
12680,763.35,0.45,122.861133894
12700,781.65,0.5,135.270724352
12720,651.7,0.9,170.930110605
12740,726.75,0.6,136.134647082
12760,853.45,0.3,112.663762526
12780,952.85,0.15,93.343777483
12800,743.35,0.5,133.447819143
12820,623.85,0.65,154.226693445
12840,599.6,0.85,184.787291165
12860,628.2,0.6,149.389114473
12880,652.7,0.55,140.541393895
12900,731.75,0.55,151.112486948
12920,655.45,0.65,162.804657462
12940,614.9,0.55,138.380799153
12960,592.2,0.8,171.241436012
12980,602.95,0.7,162.196434937
13000,589.0,0.7,172.132006015
13020,685.3,0.5,135.573461744
13040,785.85,0.4,139.921231564
13060,793.3,0.4,122.635640284
13080,841.95,0.4,136.215034102
13100,701.4,0.45,140.992686143
13120,771.55,0.55,155.659895672
13140,703.05,0.55,139.019540527
13160,653.45,0.75,170.13552956
13180,540.1,0.75,162.854605854
13200,678.2,0.55,144.480803561
13220,655.7,0.5,137.80505108
13240,659.4,0.6,152.302125765
13260,733.4,0.5,144.073647429
13280,835.95,0.35,125.434062829
13300,776.7,0.35,116.387207092
13320,817.55,0.4,114.544628638
13340,738.1,0.55,131.996883191
13360,675.0,0.6,141.327880436
13380,779.8,0.45,122.12613852
13400,834.35,0.3,106.987575455
13420,698.45,0.6,145.817058916
13440,798.55,0.4,117.633699187
13460,654.3,0.65,153.236466512
13480,698.65,0.65,150.061897667
13500,749.8,0.55,144.949543236
13520,810.7,0.5,130.422216575
13540,727.95,0.6,135.714334492
13560,587.1,0.75,138.220324045
13580,699.45,0.75,158.104556629
13600,513.0,1.0,199.709475087
13620,841.6,0.5,129.196346991
13640,886.05,0.35,105.94452393
13660,707.5,0.75,158.439138384
13680,581.9,0.9,173.272216634
13700,668.25,0.75,161.741093067
13720,711.75,0.75,160.287566281
13740,777.35,0.6,137.171677247
13760,826.1,0.45,119.202053648
13780,706.55,0.65,140.337060358
13800,712.55,0.75,146.027633085
13820,624.75,0.65,132.782384149
13840,707.95,0.7,148.209363937
13860,654.2,0.8,155.554103242
13880,621.9,0.8,154.533428329
13900,633.8,0.9,150.734697321
13920,640.2,0.95,161.230548894
13940,680.55,0.8,149.140718763
13960,694.6,0.75,150.424593104
13980,722.8,0.7,149.848959804
14000,842.8,0.55,120.531931647
14020,728.2,0.95,163.169511437
14040,645.65,1.0,177.633520843
14060,611.2,0.9,165.006485294
14080,725.1,0.7,137.734934642
14100,718.5,0.7,153.780534198
14120,722.55,0.75,145.945249956
14140,793.25,0.7,135.566163543
14160,782.2,0.65,131.400047101
14180,761.05,0.65,137.530572743
14200,694.3,0.8,164.353368681
14220,668.05,0.8,157.197085174
14240,672.0,0.85,164.558933929
14260,688.7,0.85,155.291821765
14280,770.1,0.6,127.525632715
14300,732.1,0.7,153.275206527
14320,739.45,0.7,136.992322917
14340,795.5,0.65,118.829173297
14360,691.85,0.7,143.795649812
14380,715.75,0.8,142.161353306
14400,662.7,0.95,171.176394861
14420,709.0,0.85,152.918183987
14440,761.6,0.85,146.27253504
14460,825.9,0.85,140.221483536
14480,804.8,0.85,134.671257813
14500,769.3,0.75,120.010081506
14520,764.9,0.75,147.25599902
14540,713.8,0.8,143.163182036
14560,885.6,0.4,86.606024051
14580,884.2,0.55,92.8204444149
14600,919.0,0.45,101.373692713
14620,908.2,0.45,96.4331035361
14640,866.4,0.55,97.4327119277
14660,929.75,0.3,61.7994356767
14680,901.4,0.4,63.066740286
14700,930.15,0.35,58.7868256424
14720,937.95,0.45,60.8156180154
14740,932.0,0.4,48.0689797236
14760,917.45,0.35,70.8852466344
14780,938.65,0.25,54.6703439481
14800,914.3,0.2,24.0832756773
14820,899.9,0.5,71.9006870987
14840,966.1,0.4,58.5762393585
14860,853.8,0.5,92.4862531746
14880,880.7,0.45,70.3339484839
14900,865.0,0.4,79.2504268657
14920,891.4,0.3,58.7629321242
14940,946.2,0.3,51.4398383928
14960,962.05,0.15,34.057529728
14980,927.9,0.25,31.1382412186
15000,887.45,0.25,34.8484477501
15020,987.45,0.1,31.0752833755
15040,978.3,0.1,17.6109512429
15060,942.8,0.2,40.8198910529
15080,930.3,0.5,76.511047091
15100,956.7,0.3,51.0083214869
15120,942.45,0.35,53.4028915584
15140,916.2,0.2,46.7742897129
15160,953.25,0.1,48.291827815
15180,924.5,0.35,66.0811297477
15200,924.4,0.3,73.4379224447
15220,845.6,0.55,94.0293227014
15240,882.05,0.5,100.051438668
15260,870.35,0.55,116.667482172
15280,934.8,0.05,65.5153209223
15300,817.6,0.3,83.8844019204
15320,808.45,0.3,71.4456149708
15340,822.7,0.45,111.780135336
15360,754.05,0.45,83.2049996017
15380,776.2,0.45,82.74969891
15400,798.6,0.4,89.0287785711
15420,633.55,0.4,63.5462173137
15440,679.3,0.45,96.9155907377
15460,687.3,0.6,128.851124709
15480,711.15,0.35,80.2169637274
15500,654.55,0.5,91.5836389935
15520,605.4,0.55,106.657622981
15540,540.65,0.65,126.310541297
15560,567.45,0.45,80.3444248642
15580,647.65,0.55,120.812073838
15600,655.0,0.35,99.8664834309
15620,688.7,0.5,124.3792754
15640,522.4,0.3,51.7453714652
15660,518.4,0.25,43.6330611638
15680,533.15,0.3,54.732705715
15700,365.5,0.25,26.8187662186
15720,342.1,0.25,20.0249231552
15740,308.65,0.35,33.6520053519
15760,368.15,0.2,15.3594574239
15780,358.1,0.2,23.0379053827
15800,245.05,0.25,4.55169883217
15820,275.25,0.15,-9.21956342871
15840,424.85,0.1,2.92646809018
15860,389.7,0.1,-12.9549865261
15880,285.95,0.15,-5.9003996441
15900,266.15,0.2,8.52510173052
15920,315.4,0.25,20.5916275098
15940,237.55,0.15,-29.7088648047
15960,309.15,0.35,46.2119379376
15980,336.4,0.25,18.9123254654
16000,366.25,0.15,-9.43391404767
16020,302.5,0.4,43.8820015385
16040,469.6,0.1,10.3053174925
16060,319.15,0.25,16.2029771058
16080,419.2,0.25,40.2467630693
16100,426.05,0.25,35.4118283277
16120,382.45,0.3,47.8417435
16140,495.05,0.35,69.9485215601
16160,454.65,0.3,48.1290452819
16180,330.35,0.45,60.1578534932
16200,531.75,0.3,67.7146449062
16220,488.15,0.45,96.1673542153
16240,461.8,0.35,60.574767144
16260,525.5,0.55,102.697129395
16280,531.25,0.5,98.9540602806
16300,532.9,0.5,113.741185326
16320,582.0,0.3,78.2754043698
16340,517.05,0.65,132.537893841
16360,516.0,0.75,146.184460538
16380,603.75,0.5,114.109342905
16400,484.35,0.45,91.3907649162
16420,585.95,0.4,103.389882449
16440,630.9,0.35,96.789457627
16460,528.05,0.35,83.2660417419
16480,727.45,0.35,117.379720427
16500,834.7,0.3,112.732427341
16520,789.65,0.35,109.220665521
16540,703.55,0.4,111.659813592
16560,835.75,0.35,110.275420242
16580,821.45,0.4,109.730180611
16600,808.85,0.3,103.054478209
16620,883.8,0.25,93.2503372035
16640,929.55,0.1,91.2143556437
16660,911.6,0.1,95.2761469129
16680,938.7,0.1,92.9731210528
16700,879.85,0.05,89.2860248552
16720,979.0,0.05,96.4588448808
16740,927.05,0.05,85.7430311353
16760,909.2,0.0,72.0521286152
16780,1000.0,0.0,76.7374191596
16800,1000.0,0.0,81.0350013692
16820,954.6,0.0,68.82216232
16840,1000.0,0.0,77.8022994884
16860,916.75,0.05,80.3122206371
16880,955.95,0.0,69.7685345058
16900,1000.0,0.0,97.0070417748
16920,956.2,0.0,80.8414338823
16940,963.05,0.05,94.6745248145
16960,835.35,0.05,83.3372435513
16980,846.05,0.1,92.79268187
17000,818.95,0.35,117.860173698
17020,969.4,0.05,92.2424611119
17040,849.95,0.3,113.020239753
17060,876.45,0.25,100.410983053
17080,800.7,0.5,112.678449525
17100,884.35,0.3,102.104618808
17120,914.3,0.2,98.1416945386
17140,885.45,0.2,100.788451199
17160,799.2,0.35,114.845642724
17180,735.1,0.5,129.617935568
17200,849.85,0.3,106.148682601
17220,863.4,0.3,111.31911542
17240,743.8,0.4,124.680982883
17260,794.75,0.3,110.013364176
17280,886.0,0.2,108.759433765
17300,846.35,0.3,96.1123255576
17320,874.05,0.35,106.410575946
17340,869.95,0.3,107.234160381
17360,922.15,0.2,97.9788412298
17380,998.5,0.05,70.8321041243
17400,974.25,0.05,75.0545760402
17420,957.65,0.15,73.0393754542
17440,950.95,0.15,74.6532357488
17460,950.7,0.15,64.0697500577
17480,970.05,0.15,43.9018924419
17500,962.15,0.15,42.6221817026
17520,935.2,0.25,53.4824559369
17540,954.05,0.15,35.6532672407
17560,987.05,0.05,42.7272279575
17580,971.55,0.15,49.8336236143
17600,969.55,0.1,46.7364114803
17620,914.85,0.1,43.6663824099
17640,979.25,0.05,36.5574539724
17660,985.5,0.05,36.8014356568
17680,957.7,0.0,37.8093266249
17700,1000.0,0.0,55.0489900261
17720,1000.0,0.0,52.8485285732
17740,1000.0,0.0,51.5748299698
17760,1000.0,0.0,51.573046217
17780,1000.0,0.0,48.2572501957
17800,957.65,0.0,60.8421734822
17820,956.75,0.0,77.2920094754
17840,1000.0,0.0,72.3546840537
17860,955.8,0.0,72.4095354879
17880,911.15,0.0,73.1150594581
17900,1000.0,0.0,82.4124900628
17920,1000.0,0.0,77.7465006804
17940,1000.0,0.0,84.0328511298
17960,1000.0,0.0,92.6364867981
17980,1000.0,0.0,85.8267545819
18000,1000.0,0.0,85.4936326163
18020,958.0,0.0,87.2831544416
18040,882.35,0.0,75.7685917792
18060,955.75,0.0,85.5098664266
18080,925.75,0.05,90.4189870899
18100,1000.0,0.0,88.5496956502
18120,920.35,0.0,79.2689126579
18140,1000.0,0.0,88.199371498
18160,926.7,0.0,69.859753967
18180,867.3,0.05,71.3629506897
18200,789.1,0.65,139.390222586
18220,727.2,0.75,152.55545975
18240,764.0,0.6,132.212005221
18260,680.85,0.8,154.490895408
18280,795.7,0.6,135.752711517
18300,622.25,0.95,183.587590674
18320,809.4,0.5,119.178976236
18340,679.6,0.75,153.579463883
18360,654.3,0.8,159.784217039
18380,760.75,0.6,139.730668198
18400,673.5,0.65,146.931527305
18420,616.3,0.5,108.169687265
18440,616.3,0.9,183.377488527
18460,610.0,1.0,178.341882565
18480,606.25,0.95,183.833259141
18500,628.4,0.85,171.88246481
18520,576.25,0.8,153.548060865
18540,562.15,0.85,177.428536087
18560,574.9,0.75,150.91322568
18580,671.3,0.55,124.849271713
18600,695.7,0.65,144.642394035
18620,670.4,0.7,154.438693227
18640,638.55,0.75,162.550378434
18660,580.6,0.75,160.219581961
18680,671.6,0.7,148.452896274
18700,566.65,0.75,147.780219313
18720,639.95,0.65,148.123593685
18740,595.3,0.8,169.863344201
18760,604.4,0.7,144.05103047
18780,488.1,0.9,175.368260739
18800,487.75,0.95,183.667514444
18820,562.3,0.8,166.446216495
18840,508.95,0.95,186.696305925
18860,561.2,0.95,181.359448483
18880,651.5,0.85,173.327928446
18900,604.05,0.85,179.725475944
18920,506.65,1.0,185.123686946
18940,464.2,0.95,181.022125109
18960,461.55,0.85,171.002246156
18980,445.25,0.85,171.114710116
19000,472.15,1.0,193.393387569
19020,460.45,0.95,181.504673314
19040,523.2,0.9,175.807305125
19060,473.65,1.0,195.464293505
19080,467.2,0.95,182.849659393
19100,477.0,0.95,178.212460236
19120,477.85,0.9,168.001625745
19140,492.0,1.0,184.87606769
19160,509.15,0.9,181.042420982
19180,529.0,0.8,165.478389087
19200,547.25,0.75,155.236023335
19220,572.0,0.9,169.943179476
19240,465.85,0.9,177.074867515
19260,467.4,0.95,199.584708564
19280,462.7,1.0,199.370437481
19300,538.9,1.0,177.917576724
19320,582.15,0.85,168.090542869
19340,544.1,0.9,182.359316817
19360,464.2,0.95,177.927861018
19380,573.4,0.85,173.507541741
19400,676.0,0.55,130.350632253
19420,525.6,0.85,170.53212627
19440,498.1,0.9,177.116548958
19460,639.05,0.75,165.772209493
19480,573.9,0.7,154.751827282
19500,620.8,0.7,155.820779083
19520,708.6,0.65,152.163707486
19540,654.35,0.7,148.460422469
19560,618.9,0.8,168.342531127
19580,573.15,0.75,159.49713786
19600,536.95,0.85,172.401171643
19620,533.05,0.75,147.627631291
19640,576.9,0.8,169.320498533
19660,444.2,0.95,179.527970254
19680,494.5,1.0,186.849782846
19700,449.8,0.9,170.843652662
19720,501.9,1.0,193.837839186
19740,487.1,1.0,191.81838292
19760,469.4,0.95,185.772705983
19780,454.95,0.9,183.811619318
19800,470.4,0.85,173.325215909
19820,418.55,0.95,188.960954004
19840,555.35,0.8,171.498748623
19860,490.7,0.75,154.719641944
19880,598.05,0.75,167.453703217
19900,604.15,0.6,137.534861641
19920,694.35,0.5,123.951180985
19940,651.25,0.6,147.402306911
19960,612.15,0.55,128.865367825
19980,527.05,0.65,138.233071111
20000,570.35,0.7,150.638361518
20020,587.0,0.7,145.994794316
20040,641.45,0.65,143.488101084
20060,658.1,0.6,157.800525424
20080,657.9,0.6,135.141853985
20100,619.85,0.65,160.247526305
20120,624.8,0.5,128.910289003
20140,481.3,0.85,176.711169062
20160,375.05,0.75,161.750412671
20180,507.6,0.85,185.589951093
20200,395.45,0.75,152.305330529
20220,390.55,0.8,157.948632017
20240,404.4,0.75,152.691065358
20260,450.55,0.65,138.045991549
20280,460.55,0.7,145.730765776
20300,355.2,0.7,145.139331734
20320,468.7,0.7,156.007068498
20340,524.25,0.8,170.02122152
20360,426.15,0.4,96.5682691149
20380,444.35,0.65,136.145018979
20400,414.5,0.35,80.5924111254
20420,444.55,0.6,127.939708704
20440,518.9,0.75,151.089157958
20460,437.1,0.8,152.55452517
20480,448.2,0.6,127.28011857
20500,497.8,0.35,103.899865503
20520,562.95,0.65,142.116211529
20540,558.6,0.5,116.861813324
20560,462.6,0.75,139.230816107
20580,542.85,0.55,120.634174392
20600,457.6,0.5,117.27515749
20620,507.95,0.4,93.8658940869
20640,441.85,0.55,109.607220598
20660,487.8,0.45,106.295351911
20680,476.0,0.35,86.6753592952
20700,625.45,0.65,147.093845377
20720,569.4,0.3,85.5216120759
20740,499.45,0.25,71.1494507731
20760,568.7,0.3,70.5294791708
20780,477.35,0.3,67.5221512701
20800,528.4,0.1,45.8480971361
20820,464.6,0.2,55.1429443872
20840,304.15,0.1,9.00070087854
20860,394.2,0.3,61.2478858388
20880,523.4,0.1,44.4428641229
20900,368.35,0.25,54.6288809111
20920,493.9,0.4,90.7500849196
20940,520.3,0.4,92.6365617398
20960,436.3,0.3,68.5352403768
20980,475.0,0.35,82.9387960483
21000,486.85,0.3,55.4499973925
21020,502.15,0.35,80.5929002982
21040,643.45,0.45,104.142111346
21060,481.8,0.55,109.431129415
21080,579.6,0.7,149.655465631
21100,561.9,0.65,125.2312189
21120,657.85,0.75,162.161367685
21140,579.7,0.45,113.028091317
21160,520.2,0.65,139.675391015
21180,558.05,0.8,151.563850552
21200,586.25,0.75,158.74037923
21220,545.15,0.65,137.370549001
21240,625.05,0.8,166.683662133
21260,530.85,0.65,129.215478916
21280,547.85,0.9,172.75235171
21300,518.3,0.95,175.204114538
21320,538.2,0.9,170.544556248
21340,574.65,0.8,152.852564417
21360,725.9,0.9,176.103379634
21380,804.9,0.75,150.633842339
21400,749.9,0.9,175.596998476
21420,584.7,0.75,145.715361762
21440,543.45,0.85,166.198488913
21460,580.45,0.95,183.535911277
21480,528.5,0.85,178.601531316
21500,525.8,0.85,172.01244168
21520,466.15,0.65,126.071101143
21540,610.0,0.6,142.42811152
21560,517.7,0.75,145.751324949
21580,705.45,0.65,145.218604221
21600,573.65,0.95,176.948485118
21620,568.4,0.6,121.206327151
21640,616.05,0.7,149.339569199
21660,617.2,0.7,146.635663035
21680,683.6,0.65,138.667659682
21700,794.5,0.5,119.546659888
21720,694.95,0.7,145.272171955
21740,738.8,0.55,123.548640419
21760,710.05,0.55,129.209219519
21780,730.6,0.5,128.967492669
21800,866.65,0.4,113.376984173
21820,780.25,0.4,106.850355308
21840,777.9,0.6,129.13706644
21860,569.65,0.75,156.982804634
21880,537.85,0.75,157.709754526
21900,495.1,0.9,178.316310699
21920,519.2,0.9,182.719149688
21940,491.7,0.9,171.517128448
21960,509.7,0.95,184.743479248
21980,460.45,0.95,181.885699891
22000,498.95,0.85,175.018606842
22020,634.7,0.65,154.75744946
22040,642.25,0.65,143.734313306
22060,715.6,0.5,122.199166282
22080,724.0,0.55,136.356635554
22100,671.3,0.6,125.780451877
22120,728.5,0.55,139.829229175
22140,682.35,0.6,131.580545869
22160,607.45,0.7,151.806343075
22180,535.8,0.85,173.109963631
22200,478.0,0.85,172.160872097
22220,524.3,0.95,166.721811502
22240,512.4,1.0,176.272350375
22260,609.6,0.85,161.146114685
22280,504.75,0.9,174.063113789
22300,491.45,1.0,177.341877666
22320,496.3,0.95,183.514631288
22340,510.65,0.95,171.766313803
22360,472.8,0.8,153.665949181
22380,606.4,0.8,161.37032464
22400,669.75,0.6,136.65363735
22420,753.4,0.5,122.461537549
22440,798.35,0.45,103.105741908
22460,771.9,0.45,113.197250271
22480,834.95,0.35,87.0710560071
22500,697.65,0.55,115.263592484
22520,745.1,0.5,118.38218118
22540,602.75,0.75,144.973603762
22560,629.25,0.75,139.468442063
22580,530.65,0.9,166.230386093
22600,545.15,0.9,164.862462081
22620,546.3,0.9,165.698335847
22640,504.7,0.95,167.67464158
22660,567.85,0.95,170.239143544
22680,489.05,0.95,179.047941644
22700,568.65,0.9,161.883110822
22720,589.05,0.85,163.479802226
22740,555.0,0.9,169.17139135
22760,526.25,0.95,166.753190805
22780,568.2,0.9,173.570650376
22800,522.2,1.0,174.996650352
22820,578.75,0.9,169.648772826
22840,543.8,0.95,173.683832264
22860,537.9,0.85,151.815262189
22880,470.3,0.95,183.916043232
22900,502.7,1.0,182.184935958
22920,520.6,0.95,172.096241844
22940,464.3,0.95,170.177809386
22960,569.65,0.85,153.443978182
22980,589.75,0.75,142.139270775
23000,585.85,0.85,160.688344086
23020,578.8,0.9,170.678357419
23040,615.75,0.75,135.185021844
23060,734.35,0.8,146.170974716
23080,672.6,0.75,139.884449554
23100,568.65,0.95,167.557310001
23120,643.8,0.65,138.516420017
23140,737.1,0.6,122.568669761
23160,740.8,0.4,95.2013131967
23180,794.75,0.3,82.4678504212
23200,800.45,0.35,94.1330266584
23220,821.55,0.35,101.088210334
23240,752.15,0.4,90.8381829546
23260,699.1,0.45,101.809746647
23280,850.1,0.5,118.156734702
23300,624.7,0.7,134.986868633
23320,602.0,0.75,146.592658183
23340,618.95,0.8,146.724411094
23360,673.6,0.75,133.296795943
23380,681.6,0.7,129.039016077
23400,640.65,0.9,158.012965337
23420,652.1,0.7,130.845346941
23440,625.2,0.65,130.691839025
23460,564.4,0.55,115.360405157
23480,702.4,0.55,115.498226382
23500,563.05,0.6,111.381374382
23520,599.6,0.85,145.791711591
23540,680.55,0.5,116.037141569
23560,593.95,0.75,136.898370746
23580,695.9,0.65,136.056972757
23600,677.4,0.7,133.756729722
23620,731.15,0.5,106.709711755
23640,780.3,0.45,98.816922414
23660,749.8,0.45,111.375592472
23680,776.1,0.55,114.04823138
23700,651.25,0.65,131.407369888
23720,741.95,0.65,143.669147801
23740,653.2,0.5,99.5467060658
23760,618.65,0.7,125.904138285
23780,724.95,0.65,142.29401805
23800,610.3,0.7,136.417127939
23820,776.2,0.45,115.812105859
23840,700.0,0.5,116.631306357
23860,692.05,0.6,135.359839465
23880,733.15,0.4,108.768865056
23900,647.15,0.65,137.23922406
23920,580.1,0.8,149.340145302
23940,491.4,0.7,133.706806779
23960,595.0,0.85,163.261489484
23980,578.85,0.8,157.901790529
24000,655.65,0.7,140.913400063
24020,630.5,0.8,158.333732002
24040,661.05,0.6,135.455863722
24060,704.25,0.7,142.19999152
24080,659.45,0.8,158.713868303
24100,710.45,0.55,132.76540184
24120,742.75,0.55,127.713075273
24140,609.8,0.85,162.070757254
24160,758.95,0.55,128.277498313
24180,699.6,0.65,143.744318971
24200,773.1,0.4,103.264557138
24220,744.5,0.45,117.94956766
24240,790.55,0.6,136.694086173
24260,808.4,0.55,127.646505085
24280,639.75,0.6,129.444860547
24300,673.55,0.7,141.411565357
24320,785.1,0.45,107.252722903
24340,664.5,0.8,159.890313393
24360,684.8,0.7,138.591933769
24380,668.55,0.75,144.931211741
24400,726.15,0.7,130.510917664
24420,550.35,0.95,166.52774857
24440,562.3,0.95,164.703975084
24460,541.75,0.9,156.103026072
24480,617.5,0.95,160.534528617
24500,551.2,1.0,170.663396929
24520,533.85,1.0,175.132024639
24540,584.95,0.95,162.871404104
24560,608.85,0.95,153.060234166
24580,636.7,0.85,145.388418978
24600,666.85,0.8,142.744917992
24620,619.5,0.95,154.950178534
24640,634.4,0.95,157.225287028
24660,625.2,0.9,153.929831548
24680,558.55,1.0,166.932534217
24700,575.15,0.95,168.879019109
24720,623.5,0.85,154.837491308
24740,630.9,0.95,150.330057222
24760,633.95,0.85,145.274404683
24780,620.1,0.9,149.859981843
24800,644.7,0.85,156.701632961
24820,630.75,0.95,157.806567935
24840,707.7,0.75,130.955939965
24860,603.4,0.95,154.644041026
24880,643.4,0.9,150.266003305
24900,667.95,0.9,147.508366135
24920,641.3,0.95,165.664585154
24940,636.7,0.9,150.830907261
24960,681.6,1.0,162.761502389
24980,821.05,0.75,124.872677658
25000,761.7,0.9,154.13980144
25020,662.95,1.0,163.930899187
25040,683.05,0.95,155.985318985
25060,642.75,0.85,138.454977833
25080,651.3,0.9,158.697307891
25100,676.2,0.85,138.816906757
25120,806.6,0.55,110.028891065
25140,818.2,0.5,97.5977435195
25160,768.9,0.55,105.831375181
25180,726.75,0.7,126.613336106
25200,795.85,0.45,93.2680928147
25220,809.55,0.55,107.962165785
25240,861.0,0.4,99.4371903845
25260,856.15,0.4,87.7754966767
25280,835.45,0.45,102.526069783
25300,814.0,0.5,118.335523464
25320,757.05,0.45,107.794761667
25340,760.65,0.5,105.38098784
25360,717.3,0.55,111.555232815
25380,711.3,0.7,135.437844188
25400,663.1,0.65,126.069129537
25420,667.8,0.65,134.560985344
25440,683.7,0.7,140.701646898
25460,636.0,0.85,156.782563971
25480,560.95,0.75,138.347855413
25500,602.4,0.9,153.405543919
25520,682.9,0.9,148.150264628
25540,751.2,0.9,150.544842545
25560,833.3,0.7,133.519493913
25580,929.05,0.2,72.8386777642
25600,955.35,0.0,51.3183416671
25620,1000.0,0.0,70.0163265794
25640,910.5,0.0,70.3480337632
25660,1000.0,0.0,74.4071062411
25680,1000.0,0.0,77.1604377215
25700,1000.0,0.0,88.4732463606
25720,1000.0,0.0,75.7839596362
25740,912.05,0.0,61.3896295593
25760,885.4,0.05,66.1026753789
25780,976.7,0.1,82.5895069208
25800,956.7,0.0,77.1861226713
25820,969.1,0.05,76.3043019839
25840,969.1,0.05,76.1341350534
25860,964.8,0.1,73.1488314142
25880,972.2,0.05,91.9786840917
25900,1000.0,0.0,88.9434765924
25920,969.6,0.05,80.1542105978
25940,954.75,0.0,74.6976132828
25960,1000.0,0.0,69.5162525999
25980,956.45,0.0,90.6216372014
26000,894.05,0.1,87.997519434
26020,923.55,0.05,89.9885008272
26040,913.05,0.0,83.9548858862
26060,911.5,0.0,75.6070552977
26080,914.2,0.0,82.2925157839
26100,956.75,0.0,82.3006985185
26120,1000.0,0.0,75.4379532097
26140,959.95,0.0,84.2835747415
26160,921.1,0.05,78.5561264688
26180,802.7,0.15,81.4891177327
26200,720.75,0.7,130.942541605
26220,529.6,0.9,173.86555546
26240,470.25,1.0,192.04182219
26260,534.15,0.8,162.379290397
26280,702.0,0.55,141.845151066
26300,598.3,0.7,149.492064681
26320,708.05,0.55,125.616669955
26340,751.9,0.3,97.5671292514
26360,700.7,0.55,126.538416775
26380,639.9,0.65,147.024624673
26400,678.1,0.3,89.9310110168
26420,673.35,0.55,130.830493872
26440,687.05,0.3,106.819174389
26460,726.95,0.35,95.5206593738
26480,618.35,0.7,142.50209036
26500,637.05,0.7,146.512049199
26520,441.1,0.65,126.8781527
26540,686.6,0.45,114.840051809
26560,512.2,0.55,122.93615541
26580,440.95,0.85,164.365902847
26600,493.1,0.7,147.888675436
26620,440.75,0.9,170.311657298
26640,446.55,0.75,164.8111838
26660,503.15,0.85,169.952939
26680,692.95,0.75,164.934308749
26700,962.25,0.05,81.5577599694
26720,956.3,0.0,86.4662459032
26740,829.0,0.0,75.9410121765
26760,836.05,0.05,84.7930269481
26780,930.15,0.0,72.6482862096
26800,1000.0,0.0,93.691336163
26820,1000.0,0.0,98.2826457297
26840,924.3,0.0,85.8750454437
26860,955.25,0.0,88.1157540433
26880,914.15,0.0,91.7407974898
26900,910.25,0.0,77.1844550232
26920,918.75,0.0,98.6560314412
26940,918.8,0.0,79.0750745579
26960,786.65,0.0,71.8531056389
26980,878.65,0.0,68.8377549154
27000,816.35,0.0,60.6796637066
27020,959.7,0.0,92.8217203114
27040,964.75,0.05,110.145887301
27060,925.4,0.0,85.7622504698
27080,1000.0,0.0,93.9981807608
27100,865.45,0.0,83.4909890458
27120,851.15,0.0,71.7865904002
27140,890.6,0.0,80.8173240589
27160,912.5,0.0,92.5228429847
27180,918.45,0.0,84.213861816
27200,961.95,0.0,86.0584363082
27220,1000.0,0.0,93.8269879518
27240,800.55,0.0,66.4941240791
27260,915.25,0.0,83.9835935926
27280,882.5,0.0,81.0023100587
27300,785.3,0.0,70.4278680612
27320,747.1,0.0,66.1332629875
27340,786.4,0.05,72.0549083733
27360,655.8,0.0,47.4834307001
27380,804.15,0.0,66.853580057
27400,709.8,0.0,58.6765507634
27420,876.85,0.0,73.0738439739
27440,712.25,0.05,73.7164511909
27460,627.0,0.0,53.9434783687
27480,802.0,0.0,70.0478151576
27500,633.05,0.05,64.8162627886
27520,757.15,0.0,68.8236376919
27540,552.25,0.05,53.6878128941
27560,717.65,0.0,56.2092218764
27580,797.95,0.0,83.4281883923
27600,549.1,0.05,50.8961526458
27620,632.65,0.05,67.8766121702
27640,717.95,0.0,53.6145328524
27660,670.05,0.0,57.9785790831
27680,706.75,0.0,66.4815579408
27700,724.9,0.0,64.2054001906
27720,565.95,0.0,44.4099957919
27740,883.85,0.0,78.3864318723
27760,755.25,0.0,69.7945908344
27780,711.0,0.0,63.7974282082
27800,742.15,0.0,73.7229527601
27820,761.45,0.0,67.5593902314
27840,389.45,0.05,33.6365769564
27860,582.4,0.0,56.0432067262
27880,466.5,0.0,34.6023253876
27900,758.95,0.0,66.7738075765
27920,506.15,0.0,35.6040830478
27940,503.9,0.0,36.8517493072
27960,379.95,0.0,21.3977552762
27980,457.9,0.0,37.1318609517
28000,418.35,0.0,22.081079379
28020,375.9,0.05,36.3599653314
28040,245.75,0.0,8.20183423225
28060,324.95,0.0,10.4650903112
28080,332.0,0.0,14.6169324577
28100,343.5,0.0,15.7843786212
28120,249.5,0.0,6.57104829694
28140,372.85,0.0,20.9987914355
28160,377.4,0.0,22.5885656126
28180,622.65,0.05,59.8585286176
28200,408.85,0.0,25.6429843629
28220,548.9,0.0,37.8086499904
28240,684.7,0.05,62.5539080847
28260,639.0,0.0,52.8534590116
28280,667.5,0.0,51.4589357666
28300,602.55,0.0,40.5031144326
28320,794.8,0.0,60.4475712343
28340,632.1,0.0,50.0097487385
28360,756.55,0.3,95.3593265018
28380,611.95,0.35,84.0616359254
28400,670.75,0.4,95.7336500271
28420,513.05,0.4,84.1134839115
28440,425.45,0.75,144.644263418
28460,293.6,0.4,87.6357001764
28480,370.5,0.55,130.296910292
28500,361.7,0.6,125.117161058
28520,251.75,0.45,88.7214511281
28540,369.25,0.3,74.9433250136
28560,482.8,0.2,63.2216960249
28580,394.5,0.15,52.1856382621
28600,279.2,0.15,39.7515184838
28620,384.5,0.05,35.6617730937
28640,513.2,0.3,91.840927117
28660,426.85,0.3,77.1877729207
28680,288.95,0.4,93.2404209106
28700,299.75,0.3,65.507274554
28720,359.6,0.35,84.6241811583
28740,412.65,0.2,63.1515671253
28760,394.1,0.25,68.0899601426
28780,315.5,0.35,68.0378529819
28800,507.55,0.2,66.9960477317
28820,443.0,0.2,43.1343836162
28840,525.1,0.35,95.1586955431
28860,475.35,0.4,99.0031307606
28880,491.9,0.25,75.1071600015
28900,424.55,0.2,52.5382421306
28920,592.8,0.5,131.787438261
28940,455.4,0.35,83.7141449832
28960,532.75,0.2,62.9912210498
28980,524.85,0.2,59.4026144029
29000,419.85,0.25,64.4568161035
29020,493.7,0.3,81.9526615735
29040,362.4,0.2,50.106602672
29060,405.1,0.1,33.1891676776
29080,491.05,0.3,75.9806744315
29100,476.7,0.3,85.7988434111
29120,491.55,0.2,52.6036201872
29140,602.4,0.4,105.715109126
29160,642.3,0.2,81.6083047923
29180,565.75,0.1,54.5070688435
29200,535.05,0.55,119.824389779
29220,347.7,0.25,58.8223432644
29240,467.05,0.4,95.4109445911
29260,436.9,0.2,67.7960903377
29280,374.4,0.25,79.1311875587
29300,377.65,0.4,89.9107486354
29320,314.25,0.3,72.8713074032
29340,364.65,0.35,94.5890766376
29360,318.45,0.3,74.7325960841
29380,287.9,0.35,74.3349799114
29400,358.5,0.6,124.631590389
29420,392.45,0.65,141.887810955
29440,308.25,0.4,96.1234897328
29460,359.45,0.4,97.0118895063
29480,411.8,0.55,117.139672999
29500,388.45,0.5,110.992413056
29520,369.05,0.7,146.460486917
29540,354.95,0.6,125.560794728
29560,408.5,0.5,117.523988498
29580,323.9,0.5,102.517502425
29600,368.0,0.7,138.227108411
29620,338.35,0.2,64.5399164907
29640,467.2,0.55,128.318788283
29660,373.25,0.7,148.70224944
29680,343.5,0.7,140.55002734
29700,292.5,0.3,68.4946193103
29720,320.85,0.65,125.341863549
29740,403.8,0.65,142.924044791
29760,348.0,0.45,94.4294064777
29780,539.65,0.75,148.153131743
29800,451.65,0.45,103.367837308
29820,543.05,0.6,131.743523174
29840,533.45,0.45,94.9867475103
29860,527.7,0.55,104.113798757
29880,687.65,0.5,116.983922967
29900,661.9,0.65,139.962425075
29920,510.85,0.6,131.819435224
29940,431.45,0.65,131.78863609
29960,555.4,0.5,115.885211672
29980,514.85,0.5,124.846185261
30000,498.9,0.4,90.7989333519
