20,97.4,0.0,-350.068821221
40,94.6,0.0,-280.439252458
60,105.85,0.0,-288.704529018
80,134.1,0.0,-267.28342038
100,123.5,0.0,-214.690215436
120,112.3,0.0,-251.034966652
140,143.05,0.0,-247.89728088
160,130.55,0.0,-260.82328196
180,134.9,0.0,-225.01795192
200,133.3,0.0,-196.854751423
220,122.3,0.0,-179.059645489
240,123.3,0.0,-171.351452015
260,128.95,0.0,-201.10419938
280,127.25,0.0,-149.50626434
300,179.65,0.0,-170.941650388
320,144.8,0.0,-154.055269652
340,182.75,0.0,-184.72070069
360,197.8,0.0,-188.262371026
380,163.2,0.0,-205.548387921
400,221.25,0.0,-193.613580953
420,291.45,0.0,-191.395666664
440,231.85,0.0,-221.893537763
460,192.1,0.0,-184.77740557
480,313.9,0.0,-158.745562996
500,230.05,0.0,-200.247195814
520,257.45,0.0,-141.981623604
540,190.0,0.0,-107.005721343
560,195.3,0.0,-81.6117568735
580,257.5,0.0,-76.4733517192
600,244.1,0.0,-73.5740777919
620,149.3,0.0,-77.315402099
640,331.75,0.0,-80.8019472336
660,161.95,0.0,-110.271706331
680,167.4,0.0,-60.1184556346
700,156.5,0.0,-65.3239063993
720,220.3,0.0,-62.2335784517
740,161.3,0.0,-60.7205588554
760,158.65,0.0,-45.7709080207
780,228.3,0.1,-44.138613957
800,227.15,0.05,-40.3832719046
820,185.45,0.05,-45.1777903946
840,208.35,0.05,-40.6140442766
860,180.5,0.0,-60.4878576184
880,238.15,0.05,-55.8293944901
900,355.45,0.2,-45.8191001537
920,388.95,0.2,-12.9042103022
940,440.7,0.15,-102.770012294
960,503.3,0.1,-117.642372416
980,509.8,0.25,-99.9468934741
1000,556.1,0.5,10.0863294068
1020,632.4,0.2,-59.3387602752
1040,668.6,0.3,-56.908809626
1060,764.8,0.3,-23.8065529083
1080,729.1,0.3,-36.0679735972
1100,650.5,0.4,17.6887890172
1120,599.65,0.5,33.425879202
1140,589.95,0.6,45.9840190572
1160,414.85,0.45,41.2372237628
1180,374.45,0.4,35.045598392
1200,496.95,0.3,-14.693406175
1220,456.75,0.6,96.7224703929
1240,522.45,0.55,72.9024545773
1260,533.4,0.7,86.9671794816
1280,660.25,0.65,75.0906918667
1300,763.55,0.7,74.2264636273
1320,866.2,0.65,43.2103822443
1340,828.2,0.65,54.3714408581
1360,859.1,0.5,35.4983938969
1380,958.0,0.25,-10.3160307286
1400,914.0,0.35,18.7001522839
1420,794.65,0.45,31.2197945837
1440,809.7,0.55,81.9984436928
1460,847.6,0.2,53.2522309274
1480,837.7,0.15,41.9220190541
1500,859.5,0.15,80.7809624066
1520,778.85,0.05,54.3301950005
1540,626.35,0.05,63.2808844894
1560,560.2,0.1,51.2569392229
1580,438.05,0.05,26.0751453946
1600,412.65,0.15,51.1547581088
1620,524.05,0.05,44.3913743484
1640,493.7,0.05,43.3061328945
1660,606.45,0.0,45.4081181901
1680,780.15,0.1,83.6912017028
1700,706.4,0.05,56.7659782462
1720,826.55,0.15,97.1210031458
1740,578.75,0.2,55.9900880329
1760,735.0,0.25,65.8606516063
1780,745.6,0.2,62.8627010839
1800,647.45,0.2,17.9623842683
1820,608.35,0.3,31.5297371872
1840,682.2,0.2,20.8734264696
1860,708.35,0.4,83.1550106191
1880,673.3,0.3,50.1603896473
1900,739.55,0.45,101.362565991
1920,851.95,0.3,87.4284947672
1940,863.4,0.2,79.035331368
1960,960.45,0.1,80.6752639716
1980,933.15,0.15,94.4246966497
2000,1000.0,0.0,91.8876288654
2020,925.2,0.0,74.0066384977
2040,869.55,0.15,100.934386645
2060,800.75,0.0,68.9446712031
2080,821.2,0.05,82.2970302132
2100,760.15,0.2,97.6204096034
2120,774.1,0.1,72.0457055788
2140,765.35,0.2,85.7906916682
2160,720.15,0.2,75.8166829069
2180,775.35,0.1,76.1655735003
2200,654.1,0.45,112.237768149
2220,824.95,0.25,102.626567652
2240,755.05,0.2,83.0627988732
2260,864.5,0.15,86.3616255991
2280,855.6,0.15,76.5628347055
2300,742.6,0.25,84.6120783259
2320,841.6,0.25,99.9160485849
2340,865.05,0.2,94.0587662042
2360,980.15,0.05,81.7517420544
2380,895.0,0.15,99.9262981683
2400,963.2,0.05,85.084815419
2420,1000.0,0.0,81.2591951932
2440,969.1,0.15,92.2446448022
2460,927.7,0.1,85.0156919489
2480,936.75,0.05,80.2480652247
2500,995.25,0.05,84.0182976685
2520,890.7,0.05,76.8593998568
2540,1000.0,0.0,98.2562229063
2560,888.85,0.05,90.0215239798
2580,911.1,0.05,77.1612011947
2600,687.3,0.25,100.224217861
2620,705.1,0.1,80.6370211392
2640,728.75,0.05,65.5443011843
2660,815.9,0.1,77.208330814
2680,667.2,0.15,81.2000939958
2700,553.75,0.1,58.9067075549
2720,542.8,0.2,64.774749312
2740,546.95,0.0,28.7315145474
2760,351.7,0.1,21.1511816803
2780,505.8,0.05,40.390967005
2800,397.1,0.2,52.6117762107
2820,284.9,0.05,14.4940977157
2840,283.4,0.15,11.9310684863
2860,287.4,0.05,7.38868165467
2880,203.6,0.05,0.488511337816
2900,152.55,0.0,-11.7268342251
2920,244.55,0.1,11.5096807282
2940,383.9,0.1,28.6038198613
2960,341.6,0.1,12.5010249322
2980,544.8,0.1,36.6281638338
3000,461.6,0.2,55.3855654199
3020,515.2,0.1,33.4413079343
3040,646.55,0.1,58.7073655254
3060,354.95,0.4,75.0623055346
3080,710.9,0.1,60.9430987142
3100,672.05,0.2,76.812173258
3120,707.2,0.25,94.7553300105
3140,813.7,0.1,90.9344851821
3160,759.7,0.2,93.7322079489
3180,848.65,0.2,106.524044011
3200,942.8,0.1,101.804115491
3220,960.05,0.1,98.5147036829
3240,856.0,0.15,86.8353583266
3260,911.1,0.15,107.939939363
3280,875.9,0.15,98.8641733258
3300,802.3,0.1,82.4251088359
3320,898.4,0.05,85.3905019903
3340,838.5,0.1,83.5827020433
3360,801.35,0.05,75.8185126225
3380,953.7,0.05,95.0918971479
3400,820.55,0.1,79.3674697146
3420,776.1,0.1,76.9338683172
3440,842.3,0.2,108.150183457
3460,856.85,0.25,102.504467988
3480,857.2,0.2,115.79922286
3500,825.55,0.2,90.544966031
3520,1000.0,0.0,89.2469868653
3540,877.8,0.0,76.592720438
3560,879.8,0.05,92.8533709287
3580,807.15,0.1,93.8059802405
3600,923.6,0.05,102.918397152
3620,923.45,0.05,96.1436891795
3640,925.25,0.05,93.7693749723
3660,920.1,0.05,99.8288757321
3680,875.75,0.0,76.251752298
3700,961.8,0.0,90.8087580839
3720,922.95,0.05,83.775912073
3740,872.9,0.15,92.2819420423
3760,911.25,0.15,102.977578385
3780,745.5,0.25,82.6622335593
3800,787.6,0.15,77.7073466282
3820,741.9,0.2,76.567485917
3840,722.5,0.2,78.7758598586
3860,690.1,0.45,106.762221663
3880,622.45,0.4,80.8715812739
3900,703.2,0.35,93.596792496
3920,486.55,0.5,103.420007918
3940,631.5,0.45,90.0017759308
3960,617.6,0.35,66.5730376852
3980,671.8,0.35,74.2960020357
4000,756.7,0.5,117.729652367
4020,789.9,0.45,104.302334846
4040,812.8,0.35,92.3715116187
4060,848.65,0.25,80.4786966882
4080,944.75,0.15,82.820759544
4100,1000.0,0.0,73.6905904698
4120,1000.0,0.0,86.4412635019
4140,1000.0,0.0,94.5650429943
4160,964.9,0.05,102.061983633
4180,666.9,0.2,74.3773353345
4200,566.3,0.25,61.9790417127
4220,501.0,0.4,78.1184757471
4240,500.15,0.4,83.9528336732
4260,582.75,0.25,63.4249397362
4280,478.5,0.4,87.9445424264
4300,346.15,0.3,36.2410982131
4320,511.1,0.35,66.0045403593
4340,601.15,0.1,28.2463926596
4360,642.95,0.2,62.3889085343
4380,554.25,0.35,90.8751683422
4400,466.95,0.4,69.4935230945
4420,549.35,0.15,48.3389846851
4440,499.9,0.4,83.6413821416
4460,636.6,0.35,105.270450469
4480,632.55,0.25,84.4897822674
4500,817.8,0.1,83.1771770374
4520,662.85,0.2,74.0066604772
4540,730.1,0.2,81.7331759283
4560,893.95,0.15,88.5900659671
4580,905.85,0.1,91.1902649074
4600,950.3,0.1,97.6619206882
4620,955.85,0.0,69.7736351487
4640,954.0,0.0,66.7066374148
4660,823.1,0.0,65.543147237
4680,913.4,0.0,70.2153459402
4700,1000.0,0.0,81.3251311993
4720,1000.0,0.0,64.546790814
4740,955.25,0.0,78.4660346722
4760,1000.0,0.0,79.3573648102
4780,955.85,0.0,63.7335818476
4800,955.7,0.0,74.9043873107
4820,956.15,0.0,63.8284208501
4840,1000.0,0.0,76.3679689646
4860,1000.0,0.0,61.7704464762
4880,1000.0,0.0,67.8994597093
4900,1000.0,0.0,75.957564391
4920,955.95,0.0,63.2360374551
4940,1000.0,0.0,72.4540676257
4960,959.7,0.0,78.8716151293
4980,958.1,0.0,78.4834129739
5000,1000.0,0.0,81.1081403472
5020,956.9,0.0,71.5759816521
5040,1000.0,0.0,89.2031686338
5060,957.45,0.0,81.4699257216
5080,956.75,0.0,89.7776660256
5100,914.85,0.0,68.2231982017
5120,1000.0,0.0,87.1465531309
5140,1000.0,0.0,90.3759946663
5160,955.85,0.0,70.3086696644
5180,957.15,0.0,66.3544419701
5200,911.85,0.05,63.4464791875
5220,925.8,0.05,77.5971389044
5240,884.75,0.05,80.247711717
5260,921.9,0.05,76.8739815892
5280,1000.0,0.0,77.1960792291
5300,967.9,0.0,64.4259850583
5320,1000.0,0.0,80.828772487
5340,958.85,0.0,86.839860523
5360,872.25,0.0,73.65311256
5380,978.75,0.05,98.0567536197
5400,1000.0,0.0,87.4041537982
5420,959.3,0.0,84.5504633112
5440,956.9,0.0,78.3847970278
5460,960.05,0.0,76.8380966878
5480,917.9,0.0,74.8015876733
5500,960.2,0.0,61.7026094387
5520,919.4,0.0,59.5383852382
5540,1000.0,0.0,68.0485026026
5560,1000.0,0.0,69.0840133638
5580,1000.0,0.0,68.5994582237
5600,1000.0,0.0,62.4743646478
5620,974.5,0.0,72.1384225341
5640,1000.0,0.0,78.6229826977
5660,1000.0,0.0,86.5584945686
5680,960.05,0.0,84.5263569942
5700,968.3,0.0,91.0444041831
5720,1000.0,0.0,103.174791459
5740,840.3,0.0,82.6506827977
5760,956.2,0.0,91.3450785331
5780,840.7,0.0,76.0330863607
5800,920.8,0.0,87.5261619197
5820,956.25,0.0,95.3764751548
5840,719.25,0.0,51.9396345211
5860,822.85,0.05,76.7686680274
5880,718.75,0.0,46.2530606774
5900,593.45,0.0,42.1216135066
5920,760.05,0.0,56.68418151
5940,601.8,0.05,47.991457892
5960,522.75,0.05,22.3158675191
5980,755.95,0.0,52.6811063271
6000,359.35,0.0,-6.84247058231
6020,497.4,0.05,20.8125588957
6040,564.5,0.15,40.961192857
6060,703.0,0.05,42.6872365376
6080,533.15,0.15,40.6949063253
6100,664.3,0.05,37.0189927347
6120,672.85,0.05,30.1135539612
6140,580.95,0.15,34.6226939239
6160,677.35,0.1,53.2689172962
6180,619.9,0.05,28.6093411928
6200,495.7,0.0,-7.38342301172
6220,470.6,0.1,18.0517651416
6240,620.25,0.15,41.1938013635
6260,629.3,0.2,63.9939721687
6280,423.25,0.15,5.13758156633
6300,629.0,0.25,67.1631688341
6320,661.5,0.0,23.9314465839
6340,611.75,0.15,33.2791897536
6360,703.65,0.15,60.2725529068
6380,691.8,0.2,57.266872263
6400,698.0,0.35,101.757512579
6420,827.0,0.3,109.770177246
6440,591.0,0.4,94.6358083311
6460,651.65,0.3,83.791485317
6480,577.3,0.6,136.678516824
6500,514.45,0.65,149.428259571
6520,412.95,0.65,139.454468775
6540,388.2,0.75,156.758046236
6560,379.15,0.8,175.318508402
6580,353.3,0.8,181.903971916
6600,345.35,0.85,182.256452589
6620,417.0,0.8,179.44496797
6640,366.45,0.85,185.884592501
6660,326.55,0.85,188.693961872
6680,281.9,0.8,174.791646009
6700,346.9,0.8,174.281067511
6720,272.4,0.8,176.913343614
6740,300.15,0.9,198.283906141
6760,257.85,0.55,119.452093115
6780,283.0,0.95,217.130657938
6800,289.15,0.95,205.475760759
6820,324.85,0.8,177.553678973
6840,299.2,0.9,207.030576316
6860,298.65,0.9,198.962958421
6880,324.2,0.9,204.328454767
6900,289.6,0.95,204.142867908
6920,333.9,0.85,196.266579597
6940,295.05,0.95,211.423453547
6960,294.2,0.8,175.550866966
6980,312.35,0.95,207.970873946
7000,407.75,0.75,171.922554395
7020,333.65,0.9,198.37628584
7040,318.85,0.85,185.465239371
7060,354.35,0.95,207.96866429
7080,384.3,0.85,191.412883274
7100,372.85,0.85,191.616203478
7120,296.9,0.85,190.647321919
7140,299.35,0.8,170.55838831
7160,312.65,0.9,195.303316576
7180,367.95,0.7,155.338244226
7200,321.85,0.8,172.821182994
7220,341.4,0.95,208.087744245
7240,403.45,0.9,199.261161412
7260,404.15,0.75,165.743348955
7280,327.05,0.95,201.529868025
7300,415.6,0.85,188.573836329
7320,311.1,0.8,172.330718947
7340,332.2,0.9,196.812184009
7360,370.05,0.95,213.815313043
7380,335.75,0.9,200.272944422
7400,299.9,1.0,217.515286693
7420,336.7,1.0,206.722189115
7440,310.75,1.0,219.691624282
7460,352.95,0.9,197.647828931
7480,346.3,1.0,201.701320789
7500,394.8,1.0,200.889290939
7520,355.2,0.95,200.646314233
7540,404.15,1.0,203.84101371
7560,358.95,0.95,197.446751436
7580,352.6,1.0,204.352508928
7600,379.5,1.0,208.50691546
7620,379.4,1.0,204.24799562
7640,373.25,1.0,208.176760223
7660,388.05,1.0,204.475655985
7680,392.0,1.0,197.739349588
7700,385.75,1.0,204.235482043
7720,394.2,1.0,197.240303093
7740,408.5,1.0,196.236035107
7760,397.85,1.0,201.96074366
7780,431.55,1.0,199.779520276
7800,425.55,1.0,195.155210687
7820,476.55,0.95,184.131931243
7840,441.65,1.0,191.028240923
7860,476.25,1.0,183.891881922
7880,462.25,1.0,179.81668408
7900,444.45,1.0,184.686255002
7920,441.2,1.0,193.976169073
7940,451.8,1.0,187.606778095
7960,417.8,1.0,195.76738599
7980,435.85,1.0,189.305211069
8000,417.65,1.0,198.643699655
8020,441.3,0.95,186.983538934
8040,408.9,1.0,202.461518988
8060,402.9,1.0,204.612403848
8080,415.9,0.95,190.43151648
8100,393.75,1.0,201.00674611
8120,401.3,1.0,199.072215645
8140,392.85,1.0,203.467927402
8160,392.7,0.95,189.845022595
8180,403.1,1.0,197.841269932
8200,412.05,1.0,194.45637034
8220,439.8,1.0,186.811990706
8240,434.5,0.95,180.292616442
8260,447.2,0.95,179.190771099
8280,461.45,0.85,169.280430078
8300,482.5,0.85,180.596883463
8320,421.3,0.95,188.909386262
8340,417.75,0.9,177.605635717
8360,391.95,0.9,182.3250322
8380,389.55,0.95,193.584389181
8400,415.95,0.8,168.32127925
8420,400.9,0.75,141.897916612
8440,433.85,0.85,167.624067861
8460,422.3,0.8,158.447647633
8480,416.9,0.8,160.831715587
8500,371.8,0.9,176.563308929
8520,316.3,0.75,141.646824777
8540,367.7,0.8,176.408532523
8560,352.8,0.85,182.828174811
8580,385.0,0.8,175.324663925
8600,393.7,0.7,138.76252523
8620,353.6,1.0,196.776871529
8640,356.25,0.85,172.722077304
8660,382.35,0.85,169.259845607
8680,373.2,0.9,192.549767164
8700,343.05,0.9,178.533451201
8720,366.85,0.7,137.49319269
8740,324.25,0.85,173.386301341
8760,391.7,0.9,178.044160665
8780,400.05,0.85,185.285476171
8800,355.6,0.9,178.030459545
8820,370.15,0.8,160.7041043
8840,359.55,0.85,173.361285762
8860,357.7,0.9,173.018752875
8880,492.8,0.75,155.641210418
8900,395.7,0.95,190.782249667
8920,367.5,0.9,176.818830904
8940,409.25,0.75,151.259362072
8960,425.2,0.75,147.707817625
8980,378.85,0.95,202.779928741
9000,422.75,0.9,195.220002621
9020,374.25,0.9,187.944143056
9040,348.45,1.0,217.560922578
9060,359.05,1.0,202.532811504
9080,362.05,1.0,209.798773242
9100,346.7,0.95,199.820730204
9120,353.7,1.0,202.756866051
9140,361.5,1.0,207.774311631
9160,327.05,0.8,166.084635202
9180,366.95,0.9,196.846043806
9200,336.65,0.95,196.747857967
9220,369.05,0.9,190.288998394
9240,325.3,0.95,193.067694651
9260,319.75,0.85,182.792369305
9280,366.05,0.9,199.44411802
9300,313.0,0.85,180.436930471
9320,331.7,0.95,197.301888344
9340,337.9,0.8,156.938543952
9360,312.45,0.95,194.807965311
9380,354.65,0.75,146.451735169
9400,385.75,0.7,137.171088055
9420,334.2,0.6,108.054085999
9440,365.45,0.75,150.362427807
9460,348.55,0.7,132.76147621
9480,344.05,0.7,137.977935175
9500,357.6,0.75,151.459900426
9520,328.85,0.6,113.625159681
9540,334.95,0.65,128.384912172
9560,347.55,0.85,163.292589729
9580,337.55,0.7,138.456766761
9600,374.55,0.65,119.481580312
9620,288.0,0.75,148.806564404
9640,319.45,0.6,101.696935026
9660,317.8,0.75,149.267350262
9680,310.3,0.85,167.44849578
9700,431.6,0.7,146.178351193
9720,307.15,0.85,169.679301023
9740,320.9,0.7,136.385927897
9760,350.6,0.5,103.971199744
9780,338.35,0.55,126.554525978
9800,308.5,0.75,158.527083832
9820,330.45,0.6,121.25124203
9840,293.7,0.85,175.488286795
9860,285.4,0.7,143.967616023
9880,323.35,0.85,178.893133706
9900,358.35,0.55,115.479608597
9920,348.9,0.65,138.774713893
9940,414.15,0.8,172.334604327
9960,299.15,0.95,208.638200479
9980,295.95,0.9,190.293521974
10000,330.95,0.85,189.11743707
10020,284.7,0.85,178.616767818
10040,338.0,0.95,205.01982452
10060,359.7,0.75,167.949022284
10080,309.2,0.9,182.576148662
10100,338.05,0.85,178.746888794
10120,409.25,0.85,201.145977365
10140,283.3,0.85,184.239905491
10160,284.55,0.8,168.040134356
10180,306.85,0.95,203.343307824
10200,292.45,0.95,212.227797894
10220,305.4,1.0,213.314000237
10240,339.85,0.9,201.124737271
10260,292.2,0.9,187.663101778
10280,293.8,0.95,201.783917313
10300,304.0,0.9,188.184004648
10320,412.5,0.85,198.22067432
10340,318.8,1.0,213.191432184
10360,340.3,0.9,186.704090124
10380,308.8,0.95,212.865157471
10400,337.7,0.9,203.45616219
10420,355.5,0.95,204.802585174
10440,339.9,0.95,212.635222508
10460,302.9,0.9,193.8214882
10480,302.3,1.0,222.459038734
10500,307.3,0.95,199.569176406
10520,290.4,0.95,212.71107493
10540,298.95,1.0,220.089080849
10560,305.3,0.95,206.588305995
10580,300.55,1.0,213.906108459
10600,305.05,1.0,222.519541742
10620,293.55,0.9,200.806228244
10640,296.85,1.0,220.169834417
10660,330.8,0.9,210.85793735
10680,288.6,0.95,206.842179337
10700,292.3,1.0,222.119706383
10720,296.35,0.95,208.337202118
10740,301.8,1.0,215.774116408
10760,298.95,0.95,208.263818825
10780,297.3,0.95,208.021929656
10800,304.75,1.0,213.55642952
10820,300.35,1.0,216.883324564
10840,306.4,1.0,223.88728401
10860,306.8,1.0,223.090364655
10880,291.65,0.95,215.564432029
10900,302.55,1.0,225.592458011
10920,305.3,1.0,214.528457332
10940,305.4,1.0,208.938599938
10960,325.5,0.9,209.213691136
10980,306.45,1.0,217.3960922
11000,327.35,0.95,213.844801715
11020,296.95,0.95,209.443213979
11040,293.7,1.0,217.706439507
11060,300.0,1.0,215.959338203
11080,299.0,1.0,216.7909018
11100,294.65,0.95,211.283323591
11120,285.2,0.95,211.220258803
11140,287.25,0.95,215.013486682
11160,295.1,0.95,206.117336931
11180,281.65,0.9,201.717246115
11200,307.8,0.9,210.403356909
11220,295.0,0.95,208.567563567
11240,332.5,0.95,214.437376664
11260,316.7,0.95,207.265662394
11280,326.05,0.9,205.534776684
11300,273.6,0.9,192.712101694
11320,282.75,0.85,187.990345077
11340,286.15,0.9,191.888510183
11360,281.2,0.85,184.351295478
11380,316.3,0.8,177.310581294
11400,342.45,0.9,204.504147496
11420,318.9,0.9,199.006288796
11440,356.65,0.85,190.463192606
11460,290.1,1.0,222.534605264
11480,280.25,0.9,197.269786828
11500,272.45,0.9,192.478387975
11520,348.45,0.9,203.573418805
11540,262.75,0.9,197.19743792
11560,284.1,0.95,207.996198053
11580,286.25,0.85,185.756975196
11600,283.2,1.0,221.592458166
11620,287.05,0.95,211.4609482
11640,276.05,0.95,211.518729884
11660,286.0,1.0,223.646614114
11680,277.75,0.9,195.265623698
11700,279.95,0.9,191.668522702
11720,310.9,0.9,200.097275371
11740,274.4,0.85,188.510672097
11760,342.2,0.85,205.722809537
11780,280.2,1.0,216.686306308
11800,303.9,0.75,172.134609589
11820,269.05,0.95,219.897054149
11840,253.1,0.8,178.402043966
11860,266.8,0.95,205.513280668
11880,260.2,0.9,205.851442288
11900,268.6,0.9,195.495408486
11920,267.7,0.95,212.966767013
11940,310.05,0.9,203.953991557
11960,266.5,0.85,185.799977756
11980,300.95,0.8,178.683809527
12000,296.25,0.85,189.174977635
12020,275.0,0.95,205.554989671
12040,293.05,0.8,188.083460963
12060,281.35,0.95,211.256643936
12080,357.15,0.9,210.700454624
12100,359.8,0.85,192.982884525
12120,316.15,0.8,185.5196443
12140,286.45,0.95,205.11866925
12160,284.25,0.95,208.644118623
12180,358.7,0.9,211.183267139
12200,348.3,0.9,203.133155762
12220,279.05,0.75,160.959838036
12240,275.9,0.85,182.999187058
12260,258.65,0.8,177.913932861
12280,279.25,1.0,218.559754321
12300,306.3,0.85,190.021958172
12320,272.8,1.0,214.159972424
12340,307.7,0.85,192.362530392
12360,274.8,0.85,186.701051883
12380,247.7,0.8,174.238580109
12400,379.95,0.85,202.827670697
12420,271.05,0.9,199.342420695
12440,266.7,0.95,207.117443756
12460,289.75,0.75,173.317999315
12480,300.65,0.8,182.390733817
12500,348.9,0.85,192.561471765
12520,293.5,0.95,204.647319907
12540,283.6,1.0,222.395417883
12560,283.95,0.9,189.375515314
12580,312.75,0.9,206.012093722
12600,308.75,0.7,142.991096197
12620,273.3,0.9,186.48750987
12640,286.1,0.85,175.288062116
12660,277.35,0.9,193.104847725
12680,399.85,0.75,170.76977865
12700,315.35,0.8,180.52609874
12720,433.5,0.8,185.840275272
12740,342.0,0.8,169.653267659
12760,332.5,0.9,191.812158276
12780,357.55,0.95,211.26992743
12800,297.8,0.85,171.857350953
12820,353.45,0.9,196.735653702
12840,410.75,0.85,192.813052232
12860,343.6,0.95,210.252831238
12880,295.0,1.0,216.806381992
12900,435.15,0.65,153.504595663
12920,322.55,0.85,175.699110544
12940,406.05,0.8,182.910030908
12960,302.9,0.95,207.331212015
12980,379.7,0.85,193.850745119
13000,270.3,0.75,154.802902462
13020,363.6,0.85,194.469737007
13040,280.95,1.0,215.221329971
13060,309.25,0.8,176.52656363
13080,285.65,0.85,177.892268444
13100,317.7,0.8,166.643372401
13120,334.25,0.8,171.469732757
13140,326.9,0.9,187.337640835
13160,331.5,0.85,173.845582847
13180,317.7,0.65,139.761941515
13200,359.45,0.75,160.222783729
13220,367.85,0.8,179.833025258
13240,291.15,0.85,176.612262261
13260,387.5,0.65,140.415105667
13280,367.35,0.85,188.043118397
13300,326.35,0.9,190.038823
13320,337.65,0.85,185.811221247
13340,470.45,0.6,138.994581538
13360,371.85,0.8,163.250502919
13380,369.35,0.85,168.67336335
13400,406.5,0.75,161.195905396
13420,301.55,0.85,167.045151977
13440,367.45,0.8,169.27019694
13460,443.4,0.8,181.337899036
13480,289.75,0.85,169.039845818
13500,343.05,0.8,165.38667144
13520,288.8,0.75,142.128866633
13540,418.0,0.7,141.032152603
13560,313.9,0.75,155.950240819
13580,290.4,0.8,154.440326796
13600,355.95,0.7,141.519869669
13620,406.1,0.7,133.338443976
13640,319.95,0.7,119.271083078
13660,346.55,0.55,99.2030000999
13680,309.75,0.75,146.118803053
13700,334.65,0.6,102.084424121
13720,295.15,0.75,156.424536077
13740,260.9,0.7,128.617377531
13760,243.6,0.6,109.634118341
13780,255.45,0.7,135.271055781
13800,353.7,0.5,107.656780305
13820,236.9,0.65,131.633051538
13840,353.95,0.6,123.689052692
13860,254.85,0.7,138.243508155
13880,304.95,0.55,97.5497403807
13900,286.25,0.45,75.0215872307
13920,211.1,0.45,77.4017787269
13940,256.5,0.4,78.0430574387
13960,213.1,0.35,43.2853625474
13980,305.55,0.55,106.135581295
14000,258.75,0.55,120.027678963
14020,255.85,0.4,66.4453497648
14040,275.2,0.7,138.852472953
14060,218.5,0.6,113.929970099
14080,341.9,0.5,87.6738933922
14100,290.45,0.65,132.516007813
14120,269.7,0.6,116.984436811
14140,342.75,0.65,133.690463493
14160,349.95,0.7,142.42774727
14180,325.35,0.55,102.789283405
14200,314.3,0.85,174.896610626
14220,349.15,0.65,120.134683208
14240,291.4,0.75,148.379400191
14260,306.15,0.45,77.7012677292
14280,303.2,0.6,106.290570034
14300,319.5,0.65,130.584563867
14320,319.1,0.65,134.007697236
14340,255.55,0.5,71.1564733097
14360,433.75,0.45,99.4675629276
14380,308.15,0.75,156.144808868
14400,364.65,0.6,113.61146621
14420,306.4,0.7,137.696461001
14440,255.05,0.7,127.601298416
14460,284.7,0.75,138.532358347
14480,409.3,0.65,142.864185933
14500,384.85,0.6,113.853030156
14520,378.8,0.65,132.709425911
14540,396.75,0.8,161.530533216
14560,429.6,0.55,90.3235983666
14580,342.75,0.55,98.7804824264
14600,433.5,0.65,142.188326248
14620,307.65,0.8,170.602837772
14640,360.0,0.6,122.147476424
14660,442.85,0.65,133.668689435
14680,339.25,0.65,130.118042472
14700,511.7,0.5,104.030307546
14720,282.7,0.75,155.207306049
14740,325.25,0.65,130.875268928
14760,408.1,0.5,105.982541797
14780,289.9,0.75,146.301800589
14800,301.05,0.75,125.944248628
14820,413.95,0.75,131.895509787
14840,268.4,0.8,152.77833106
14860,312.6,0.8,163.891213146
14880,354.2,0.7,138.638298349
14900,310.45,0.75,139.135369046
14920,366.7,0.6,116.613636067
14940,440.5,0.7,149.390768662
14960,480.85,0.6,118.005094071
14980,522.2,0.65,137.211387969
15000,312.5,0.85,158.480598492
15020,439.25,0.55,110.904168293
15040,337.0,0.75,131.996505963
15060,352.25,0.7,128.998693923
15080,397.5,0.75,146.017027667
15100,365.15,0.7,140.576113969
15120,360.0,0.65,121.00717486
15140,437.65,0.65,126.049544837
15160,374.35,0.7,119.003078562
15180,389.3,0.85,166.412687153
15200,447.95,0.7,139.244593486
15220,409.2,0.7,136.618475324
15240,461.15,0.8,151.931965612
15260,418.3,0.8,146.267489819
15280,385.75,0.7,142.45095698
15300,467.6,0.85,170.00576358
15320,369.9,0.85,158.556526553
15340,529.0,0.7,151.689647935
15360,448.65,0.85,174.45562309
15380,621.6,0.6,132.135331962
15400,375.6,0.95,191.93138889
15420,561.55,0.75,158.701931276
15440,482.7,0.8,180.460979321
15460,480.9,0.8,175.532655405
15480,476.1,0.85,181.028467017
15500,454.3,0.9,177.267486352
15520,429.25,0.9,178.611186382
15540,388.25,0.95,190.416539711
15560,356.4,1.0,202.058811721
15580,510.8,0.8,174.45730591
15600,456.05,0.9,192.342180074
15620,382.6,0.9,193.593493005
15640,528.9,0.8,167.857984936
15660,571.2,0.8,159.375112407
15680,432.8,1.0,192.489577392
15700,481.25,0.85,167.370929442
15720,513.75,0.95,177.045346609
15740,491.65,1.0,186.749646591
15760,508.8,0.9,164.419864253
15780,470.1,0.95,173.609070118
15800,522.1,0.8,149.061645149
15820,462.4,0.95,180.996871247
15840,553.2,0.75,143.031168929
15860,479.7,0.9,168.816688793
15880,581.95,0.8,158.13159139
15900,557.05,0.75,160.123440387
15920,619.7,0.7,142.54724026
15940,459.2,0.8,143.946654447
15960,507.85,0.85,162.981779584
15980,577.3,0.75,150.442743105
16000,566.75,0.75,154.727142323
16020,537.25,0.75,151.776600275
16040,545.8,0.6,109.213363476
16060,565.2,0.6,102.608969841
16080,588.85,0.65,124.826952023
16100,527.95,0.75,130.251168647
16120,640.4,0.55,94.1714138632
16140,584.0,0.6,93.9028930523
16160,600.75,0.8,121.164493649
16180,612.25,0.75,101.867967506
16200,559.25,0.7,91.2595254357
16220,661.5,0.5,67.9506027883
16240,564.85,0.8,129.556484698
16260,577.7,0.7,97.1046658249
16280,597.65,0.45,42.6491590042
16300,681.45,0.75,106.802195812
16320,557.3,0.9,127.662889857
16340,570.05,0.85,136.953930473
16360,581.15,0.7,94.9959496435
16380,683.95,0.75,109.232070961
16400,662.8,0.75,124.878845317
16420,645.25,0.8,128.986362359
16440,722.1,0.7,108.121592334
16460,746.45,0.75,112.350210399
16480,643.55,1.0,146.430100491
16500,736.9,0.85,121.580392783
16520,632.2,1.0,146.750384733
16540,602.1,1.0,160.576327908
16560,637.15,0.85,136.429411757
16580,575.85,1.0,160.134856354
16600,574.9,0.95,170.367148159
16620,585.3,0.95,160.452365468
16640,553.05,1.0,164.312928549
16660,523.0,0.95,175.871259726
16680,479.9,1.0,184.662011495
16700,478.35,1.0,180.871648575
16720,463.9,1.0,191.177620179
16740,429.1,1.0,193.302289738
16760,409.7,1.0,193.799200245
16780,378.45,1.0,200.636659774
16800,405.5,1.0,194.538824852
16820,379.85,1.0,193.401188971
16840,377.05,1.0,201.924081161
16860,367.35,1.0,197.328863404
16880,347.65,1.0,203.15356656
16900,352.45,1.0,204.77512339
16920,370.65,0.95,205.990000958
16940,339.85,1.0,200.431708915
16960,335.25,1.0,214.059260234
16980,326.3,0.9,185.33700332
17000,339.9,1.0,204.717719222
17020,347.75,1.0,210.227109673
17040,325.55,1.0,213.675703323
17060,331.95,1.0,210.669971008
17080,331.7,1.0,215.727103744
17100,341.9,1.0,209.413602138
17120,323.05,1.0,215.518322622
17140,328.2,0.95,194.223469452
17160,329.05,1.0,205.76479817
17180,398.7,0.9,182.281852773
17200,319.05,0.95,188.924966427
17220,351.95,0.7,139.56039333
17240,350.05,0.95,182.962842209
17260,353.15,0.6,104.801651321
17280,436.6,0.65,127.518122912
17300,360.1,0.9,170.603939573
17320,331.2,0.75,132.411677802
17340,440.2,0.85,162.084225015
17360,332.7,0.65,107.707308871
17380,386.5,0.75,133.017339324
17400,400.25,0.65,116.056093772
17420,345.15,0.6,100.323780457
17440,512.15,0.45,84.691779456
17460,416.9,0.8,146.727063428
17480,402.25,0.65,91.3226293039
17500,494.35,0.55,97.1706452486
17520,391.0,0.65,94.7090636793
17540,412.65,0.45,47.0173933465
17560,424.35,0.45,57.5571419103
17580,474.85,0.55,76.9310370674
17600,400.1,0.6,71.4562828524
17620,413.95,0.55,60.2923573146
17640,436.9,0.85,134.15285054
17660,424.25,0.5,46.1515581444
17680,518.0,0.65,86.2393559019
17700,500.05,0.55,64.5746680333
17720,465.6,0.8,111.257869285
17740,503.3,0.6,77.4904286375
17760,480.65,0.65,84.4798742217
17780,464.3,0.75,95.5919894394
17800,527.85,0.65,83.5863117189
17820,518.75,0.5,47.2654153264
17840,558.5,0.55,57.8698158845
17860,580.85,0.6,71.7190662591
17880,626.25,0.75,128.783507068
17900,573.75,0.8,107.741893086
17920,553.65,0.8,108.763012535
17940,646.05,0.7,87.3126453918
17960,660.85,0.4,34.7843557062
17980,648.3,0.7,91.4065493454
18000,615.2,0.8,108.432990871
18020,593.05,0.85,110.759849771
18040,664.0,0.7,96.1502225248
18060,699.65,0.8,117.638100503
18080,606.3,0.85,129.90455921
18100,676.95,0.75,101.48076642
18120,616.65,0.9,132.439169472
18140,664.2,0.85,132.805967896
18160,608.7,0.95,151.878424882
18180,572.2,0.95,147.921472902
18200,585.1,0.95,151.131129365
18220,530.5,1.0,171.580249036
18240,513.9,1.0,177.309404132
18260,529.35,1.0,172.982132273
18280,528.5,0.95,172.725375237
18300,470.4,1.0,195.18841335
18320,507.95,1.0,180.336041139
18340,535.15,1.0,171.150460856
18360,526.1,1.0,167.491896961
18380,557.9,1.0,167.172453091
18400,556.65,0.95,172.935706374
18420,578.4,1.0,156.955320906
18440,575.95,1.0,159.621767736
18460,598.95,1.0,156.476593525
18480,624.7,0.95,153.608889883
18500,595.15,1.0,164.496166041
18520,559.5,0.95,169.37563867
18540,538.3,1.0,163.441990084
18560,541.3,1.0,165.383848594
18580,576.4,0.95,161.546358931
18600,593.05,0.85,154.28428943
18620,619.1,0.85,141.918712144
18640,516.75,0.95,166.36504347
18660,499.85,0.95,157.997181831
18680,509.7,1.0,177.451085457
18700,517.45,0.95,177.180946264
18720,469.0,0.8,155.140903177
18740,439.5,1.0,190.457730442
18760,450.25,0.95,183.984630378
18780,526.15,0.75,142.88373968
18800,421.65,1.0,186.261375892
18820,505.05,0.85,159.877332156
18840,504.05,0.85,168.107165246
18860,462.0,0.9,171.408249342
18880,420.75,0.95,180.657844299
18900,461.25,0.85,166.881835282
18920,526.55,0.8,158.100264127
18940,528.1,0.8,165.945669938
18960,511.0,0.8,166.487094374
18980,431.8,0.9,182.964964449
19000,372.1,0.95,189.626783005
19020,422.4,0.95,185.196802146
19040,392.55,0.95,189.788643929
19060,509.55,0.7,144.183542617
19080,582.1,0.65,151.295082896
19100,399.05,0.95,190.802818808
19120,511.6,0.75,157.616128048
19140,533.85,0.75,168.16110054
19160,537.45,0.65,150.349509059
19180,465.65,0.8,174.930321981
19200,418.9,0.85,183.547577471
19220,383.05,0.85,177.7912832
19240,334.85,1.0,204.447106291
19260,380.45,0.85,174.596277604
19280,385.55,0.95,195.302530828
19300,452.95,0.8,176.607118611
19320,411.2,0.9,197.935780243
19340,341.0,1.0,207.764488241
19360,372.35,0.95,191.529481687
19380,362.25,0.95,197.994641408
19400,375.9,0.95,196.211145003
19420,332.3,1.0,210.688662351
19440,399.55,0.9,191.598130484
19460,375.9,0.95,198.530518784
19480,428.2,0.85,178.671456157
19500,412.5,0.9,192.817063525
19520,342.7,1.0,202.728702884
19540,338.1,0.95,182.507488644
19560,384.15,0.95,189.516407634
19580,333.2,0.9,187.215963228
19600,348.35,1.0,207.156907741
19620,416.65,0.9,192.414900002
19640,341.3,0.95,186.512330304
19660,353.9,1.0,209.480816411
19680,344.2,0.95,192.248703442
19700,362.0,1.0,204.531605406
19720,402.8,0.95,197.787502056
19740,348.5,0.95,196.84658672
19760,341.45,0.95,198.94686034
19780,358.6,1.0,209.11620478
19800,356.75,1.0,207.518733525
19820,344.85,1.0,208.615127878
19840,349.8,1.0,215.0397951
19860,343.55,1.0,213.492883785
19880,338.55,0.95,200.041910384
19900,347.25,1.0,206.956804459
19920,330.5,1.0,213.583991644
19940,340.0,1.0,216.758106407
19960,341.05,1.0,205.001832466
19980,343.25,0.95,213.478732332
20000,341.75,1.0,211.993909457
20020,334.95,1.0,211.377156791
20040,364.9,1.0,194.100757805
20060,368.5,1.0,201.942513111
20080,349.05,1.0,207.012842186
20100,422.1,0.9,195.428931207
20120,356.8,1.0,200.587709158
20140,422.05,0.9,193.333335983
20160,388.1,0.95,198.477656916
20180,345.1,0.95,185.384362512
20200,353.75,0.95,184.390457397
20220,411.1,0.8,158.954988109
20240,384.7,0.9,193.967573964
20260,379.6,0.85,168.679022979
20280,443.5,0.75,159.984180345
20300,345.85,0.9,178.298464364
20320,389.3,0.95,190.153749794
20340,388.35,0.9,182.194378725
20360,402.35,0.8,160.255175825
20380,452.3,0.85,181.52878363
20400,413.55,0.85,176.800792478
20420,363.25,0.95,188.842285801
20440,414.6,0.8,157.008175148
20460,380.9,1.0,201.967341481
20480,385.95,0.95,200.435156886
20500,404.3,0.75,153.829722988
20520,390.35,0.9,185.022044616
20540,343.0,0.85,170.692180002
20560,357.4,0.95,183.786045462
20580,346.9,0.95,191.577361616
20600,393.4,0.95,192.015812993
20620,409.35,0.85,173.036716956
20640,344.05,0.9,177.719057221
20660,399.9,0.8,175.741027462
20680,376.8,0.85,166.56920505
20700,404.75,0.85,184.864595186
20720,347.4,0.9,184.216381779
20740,340.85,1.0,194.606877246
20760,338.75,0.95,201.564437655
20780,368.75,0.9,188.538030252
20800,342.65,1.0,208.741113606
20820,320.35,1.0,212.632314254
20840,328.45,1.0,212.914996975
20860,321.8,1.0,203.452771121
20880,307.5,1.0,217.062820965
20900,316.2,1.0,216.541261611
20920,374.2,0.9,202.25693053
20940,305.7,0.95,209.435990576
20960,330.85,0.95,208.592686705
20980,288.35,0.85,176.245805062
21000,300.4,0.9,191.100261522
21020,278.7,0.85,186.803176219
21040,287.4,0.95,207.386089522
21060,281.95,0.9,188.742339665
21080,285.05,0.9,193.156398523
21100,334.45,0.9,193.462450868
21120,328.45,0.9,208.367681597
21140,302.75,0.95,204.094343489
21160,307.45,0.95,202.998697927
21180,297.7,1.0,213.886513908
21200,369.9,0.85,200.001347025
21220,340.0,0.9,199.995514169
21240,295.45,0.95,206.613862721
21260,297.15,1.0,223.685882069
21280,283.45,0.9,193.133699805
21300,320.85,0.85,188.883095829
21320,323.5,0.8,168.291408415
21340,303.75,0.95,210.979143891
21360,284.0,0.8,172.342782301
21380,322.95,0.8,180.241151025
21400,294.75,0.95,190.094537899
21420,337.3,0.85,182.832865101
21440,296.55,0.8,171.485016239
21460,298.5,0.85,182.124492835
21480,307.4,0.9,191.794540179
21500,292.55,0.85,183.44549532
21520,331.15,0.75,159.405310797
21540,354.65,0.9,194.498689882
21560,330.9,0.8,172.316051999
21580,313.8,1.0,208.607996437
21600,311.85,0.9,197.700003717
21620,326.9,0.95,202.873051038
21640,324.7,1.0,208.195274834
21660,334.85,1.0,202.123482649
21680,356.25,0.95,209.204811757
21700,346.1,1.0,201.547934608
21720,348.15,1.0,216.266656395
21740,347.6,1.0,208.341768394
21760,369.2,1.0,198.271354602
21780,379.85,1.0,197.577228996
21800,360.45,1.0,208.269329958
21820,366.25,1.0,202.721931846
21840,367.95,1.0,203.376647299
21860,383.5,1.0,208.857331366
21880,375.1,1.0,196.464693407
21900,376.3,1.0,197.338235933
21920,424.65,0.95,185.099968318
21940,415.35,0.95,191.491906157
21960,404.75,0.95,194.440197615
21980,470.8,0.85,176.062489689
22000,362.3,0.95,186.816296287
22020,400.75,0.95,202.175881568
22040,361.0,1.0,205.949469876
22060,489.8,0.85,181.940010134
22080,395.25,1.0,183.401301341
22100,427.4,0.9,193.236350044
22120,461.85,0.85,180.05806305
22140,370.65,1.0,197.805982003
22160,356.35,1.0,199.578193688
22180,371.35,1.0,200.960025093
22200,426.3,0.9,188.102809334
22220,371.35,0.95,189.800857332
22240,337.9,0.95,194.257003001
22260,382.0,0.95,191.233204382
22280,412.3,0.8,158.002697268
22300,368.6,1.0,196.084081195
22320,417.25,0.85,180.779835517
22340,411.25,0.85,172.354010528
22360,351.6,0.9,166.490384383
22380,374.9,0.8,165.08499842
22400,386.55,0.95,193.577490028
22420,441.7,0.8,167.198691773
22440,411.2,0.85,174.35071787
22460,367.7,0.85,172.541127998
22480,346.35,0.95,189.47497183
22500,366.65,0.9,180.158116503
22520,532.95,0.65,147.341763968
22540,362.75,0.75,153.153650404
22560,335.1,0.95,184.062529657
22580,397.05,0.85,179.85302102
22600,399.35,0.75,151.260446953
22620,349.0,0.75,155.748819444
22640,328.5,0.85,170.467400839
22660,323.15,0.85,170.105267977
22680,401.1,0.8,162.919354782
22700,373.6,0.85,169.937003168
22720,383.2,0.95,189.268329218
22740,371.65,0.9,186.023528465
22760,414.3,0.85,173.593065522
22780,435.8,0.85,186.389908516
22800,407.95,0.85,181.127741314
22820,406.05,0.7,149.356105456
22840,367.7,0.65,121.804574895
22860,374.4,0.75,143.851732295
22880,333.4,0.8,156.295695313
22900,377.15,0.65,117.646459183
22920,344.15,0.7,132.037870149
22940,473.65,0.5,93.8631087504
22960,455.15,0.45,85.957167365
22980,385.9,0.8,131.231977593
23000,390.45,0.7,129.204385874
23020,346.25,0.7,127.757167969
23040,369.5,0.7,121.157389451
23060,436.75,0.8,154.77077279
23080,424.85,0.7,134.087355462
23100,357.15,0.85,149.72255373
23120,357.4,0.9,170.466260782
23140,364.9,0.6,109.067008927
23160,463.15,0.8,157.097892986
23180,372.95,0.75,148.320392766
23200,434.3,0.8,163.134312877
23220,357.05,0.9,173.13633053
23240,431.85,0.7,148.202638323
23260,352.0,0.85,172.444542003
23280,453.7,0.7,136.922395524
23300,445.25,0.85,182.851968111
23320,384.5,0.8,163.642321039
23340,333.1,0.95,188.333563987
23360,404.4,0.75,156.681978942
23380,390.55,0.95,186.437314037
23400,409.85,0.85,183.175313029
23420,393.9,0.95,202.002314476
23440,489.3,0.7,158.37299744
23460,368.3,0.9,188.833432829
23480,402.75,0.9,197.831549403
23500,340.75,0.95,190.784089006
23520,375.55,0.95,204.001300486
23540,376.5,0.95,205.341581725
23560,368.15,0.85,180.721117005
23580,322.25,0.95,191.908748939
23600,324.05,0.9,192.160077534
23620,347.65,0.95,201.774027547
23640,331.1,0.95,199.574174253
23660,346.6,1.0,205.613216337
23680,341.55,1.0,212.318354491
23700,411.5,0.9,192.762049503
23720,361.05,1.0,208.781185007
23740,433.65,0.9,192.615015823
23760,429.95,0.9,192.295925255
23780,393.35,0.85,174.278628636
23800,368.8,1.0,197.170690152
23820,400.5,0.95,185.589817908
23840,362.45,0.95,196.438920382
23860,395.05,0.95,198.394024237
23880,383.1,0.9,181.836729653
23900,402.15,0.95,197.133733148
23920,357.35,1.0,205.170867688
23940,420.0,0.9,191.85785569
23960,345.3,1.0,201.705944735
23980,341.2,0.95,200.661552506
24000,347.4,1.0,208.606810673
24020,388.1,0.95,197.171439753
24040,347.8,1.0,203.611957162
24060,366.1,0.9,190.398045229
24080,340.45,1.0,213.161812849
24100,331.6,1.0,216.832128659
24120,335.0,1.0,213.352864444
24140,321.15,1.0,212.832901948
24160,321.7,1.0,206.88748485
24180,331.1,1.0,217.166925301
24200,335.25,1.0,219.154841283
24220,330.85,1.0,210.231019385
24240,344.8,0.95,211.557537557
24260,319.25,0.95,201.123172074
24280,319.75,1.0,214.724006997
24300,319.55,1.0,213.246184773
24320,385.95,0.9,202.709721961
24340,302.2,1.0,218.064620111
24360,304.45,0.95,208.559153984
24380,311.35,1.0,210.817848161
24400,301.6,0.95,206.81487524
24420,344.3,0.9,202.986641051
24440,300.5,1.0,218.726174061
24460,332.6,0.95,206.717018724
24480,320.3,0.85,193.752540692
24500,285.15,0.95,207.481314944
24520,327.85,0.9,195.946630191
24540,294.8,1.0,216.180532302
24560,282.35,0.9,195.864660831
24580,278.85,0.85,182.619899963
24600,307.7,0.85,184.55271501
24620,297.75,0.95,205.689506654
24640,290.75,0.95,211.847828815
24660,314.4,0.95,203.839117607
24680,315.55,0.95,210.858502344
24700,344.5,0.9,199.870583989
24720,260.4,0.6,119.660254956
24740,267.95,0.95,200.597590566
24760,266.0,0.75,164.45362529
24780,265.35,0.75,158.262072832
24800,275.95,0.8,164.380849247
24820,313.45,0.85,181.81386155
24840,282.65,0.95,212.08813968
24860,284.85,0.9,193.427815363
24880,276.45,0.85,185.885890982
24900,309.8,0.9,202.638286578
24920,280.75,0.9,190.235855879
24940,293.05,0.6,127.433564439
24960,286.5,0.85,174.34096343
24980,310.85,0.9,201.313561784
25000,238.35,0.55,107.462375296
25020,300.15,0.65,135.589136772
25040,273.8,0.8,172.389992859
25060,274.95,0.85,185.558688629
25080,257.8,0.7,138.506786018
25100,303.25,0.75,159.625386785
25120,305.4,0.8,172.952164488
25140,279.25,0.45,85.8293996849
25160,290.75,0.55,98.7940450016
25180,247.35,0.6,111.612023494
25200,283.4,0.55,93.8212616169
25220,305.75,0.6,111.242885156
25240,320.5,0.55,108.966969864
25260,271.55,0.55,90.3056864299
25280,281.65,0.55,99.7752683852
25300,266.3,0.65,122.993447535
25320,301.25,0.65,122.317991084
25340,319.65,0.75,143.799571629
25360,265.3,0.6,96.3965773804
25380,338.85,0.6,108.417852347
25400,316.8,0.4,55.4422748101
25420,330.15,0.7,137.109610563
25440,288.8,0.7,135.028353778
25460,271.8,0.75,135.99099498
25480,292.15,0.6,112.088140555
25500,345.75,0.55,85.58070786
25520,261.65,0.7,125.02370161
25540,304.05,0.65,130.407275273
25560,274.65,0.7,126.304855312
25580,335.8,0.55,91.9185534009
25600,245.55,0.5,77.9918072766
25620,377.0,0.6,118.008510823
25640,314.5,0.6,109.488474067
25660,262.9,0.5,75.1739122287
25680,372.5,0.4,61.6912971164
25700,257.55,0.55,85.547220801
25720,451.5,0.55,106.805525409
25740,354.85,0.65,122.298822803
25760,430.25,0.6,121.589308047
25780,304.3,0.75,124.15615003
25800,326.25,0.5,81.7727484973
25820,290.05,0.45,65.3059366878
25840,374.7,0.75,140.45141809
25860,395.05,0.6,115.891516477
25880,387.15,0.55,94.8413322215
25900,334.85,0.5,67.1149283512
25920,372.7,0.5,90.7245733008
25940,292.35,0.6,94.8363011204
25960,298.1,0.55,75.8969008483
25980,280.65,0.4,46.2806251049
26000,289.35,0.4,43.2878320356
26020,273.5,0.4,50.004807455
26040,317.7,0.35,45.2513643114
26060,260.75,0.7,111.837630271
26080,249.25,0.45,63.0349990938
26100,339.75,0.5,84.6580918548
26120,300.4,0.8,135.550093549
26140,294.7,0.6,85.4647422144
26160,373.05,0.5,89.4046352573
26180,237.2,0.5,67.1103301512
26200,246.1,0.7,120.953180357
26220,349.0,0.4,66.3235597968
26240,308.5,0.6,104.59300753
26260,286.65,0.6,101.346615477
26280,261.65,0.85,175.437887115
26300,303.3,0.55,92.1297602458
26320,307.4,0.5,93.0440827292
26340,373.7,0.55,133.402991737
26360,267.15,0.45,72.8703322528
26380,297.0,0.7,134.404587313
26400,259.15,0.7,141.58540349
26420,284.2,0.65,127.718680891
26440,275.25,0.55,85.4951746221
26460,278.55,0.55,98.7224914104
26480,302.85,0.7,149.622756957
26500,407.1,0.65,140.003079201
26520,274.3,0.85,170.902236836
26540,272.25,0.55,106.238567304
26560,323.15,0.65,133.926245808
26580,310.8,0.7,137.38603483
26600,313.35,0.6,113.603476241
26620,271.55,0.6,114.322710164
26640,249.6,0.7,135.900859506
26660,250.75,0.65,124.714891536
26680,262.65,0.4,59.6260635518
26700,284.45,0.7,147.206325561
26720,253.2,0.75,148.928327791
26740,272.55,0.6,109.722393399
26760,304.9,0.85,189.54213267
26780,261.3,0.65,114.37813396
26800,273.5,0.85,171.50266153
26820,260.55,0.65,113.752791063
26840,323.75,0.6,116.4612466
26860,327.1,0.65,137.772624903
26880,346.3,0.6,124.405604191
26900,226.05,0.55,88.8454089456
26920,319.55,0.45,86.6334432661
26940,362.2,0.65,132.789341541
26960,436.95,0.5,103.373520439
26980,327.45,0.4,62.9716745653
27000,284.0,0.5,94.037273882
27020,344.95,0.7,132.259540863
27040,238.25,0.65,108.639322932
27060,293.5,0.75,140.105457651
27080,315.4,0.75,154.780665965
27100,263.55,0.55,84.9408481188
27120,323.85,0.7,151.840726527
27140,271.75,0.5,86.1773604484
27160,240.35,0.65,131.18160188
27180,288.4,0.65,118.079859336
27200,280.1,0.75,151.697797298
27220,274.1,0.65,135.324655338
27240,233.35,0.65,121.948250154
27260,258.5,0.8,159.512677147
27280,327.95,0.5,103.794513816
27300,282.1,0.7,144.478700428
27320,395.75,0.55,121.04755758
27340,257.75,0.7,140.340834467
27360,250.7,0.7,128.840751819
27380,284.9,0.65,119.798893153
27400,300.85,0.6,110.968267473
27420,298.75,0.8,160.765931898
27440,282.75,0.55,100.455358919
27460,301.7,0.75,154.588062338
27480,239.05,0.6,103.336060925
27500,254.35,0.8,156.315250512
27520,287.6,0.75,147.897043954
27540,310.7,0.8,164.165803725
27560,321.65,0.7,138.593285328
27580,278.95,0.5,92.8464036092
27600,260.45,0.75,143.462318026
27620,336.7,0.7,144.661805316
27640,290.15,0.45,65.5414874797
27660,274.25,0.55,103.620382055
27680,291.05,0.75,138.279734008
27700,277.6,0.6,114.482720912
27720,338.95,0.65,127.730034975
27740,331.25,0.7,156.077009028
27760,329.15,0.65,138.937445322
27780,304.5,0.75,158.323025127
27800,332.3,0.6,122.027882911
27820,290.85,0.8,167.974152835
27840,284.0,0.65,122.246513836
27860,247.7,0.8,152.845515179
27880,289.7,0.75,161.205892586
27900,270.0,0.6,99.5236088997
27920,283.85,0.65,122.443113224
27940,330.3,0.8,160.376518197
27960,306.2,0.8,165.778012095
27980,279.75,0.7,138.762838076
28000,308.65,0.75,155.687695757
28020,284.75,0.65,126.674241205
28040,335.2,0.8,165.91448679
28060,236.15,0.7,135.494202504
28080,253.35,0.75,148.440678082
28100,281.5,0.7,140.40509006
28120,233.75,0.6,120.620613804
28140,262.55,0.6,127.262859487
28160,264.45,0.75,152.692597473
28180,247.8,0.65,129.076808832
28200,259.25,0.7,132.772107737
28220,253.05,0.9,186.307317157
28240,271.75,0.7,149.148043621
28260,283.0,0.75,161.575323395
28280,397.35,0.7,163.891807123
28300,287.75,0.9,198.573860011
28320,239.4,0.8,155.18589115
28340,246.8,0.75,149.441089119
28360,319.9,0.7,156.053375569
28380,245.4,0.85,177.520150916
28400,341.85,0.75,152.980671949
28420,252.0,0.85,178.806710493
28440,384.15,0.75,162.372524612
28460,360.2,0.75,178.006674143
28480,309.45,0.55,123.642946628
28500,247.4,0.85,170.985130137
28520,282.0,0.55,113.325085865
28540,249.0,0.8,168.437268097
28560,283.8,0.75,155.48411319
28580,368.15,0.8,191.011917118
28600,321.65,0.7,164.78602316
28620,237.1,0.8,162.734284853
28640,321.1,0.85,190.640284111
28660,303.3,0.7,148.452752746
28680,286.65,0.8,170.278425891
28700,235.25,0.75,158.589978556
28720,242.25,0.8,167.463906555
28740,247.95,0.8,163.356150602
28760,245.15,0.75,155.652835988
28780,244.55,0.8,163.830933813
28800,276.3,0.85,183.0293122
28820,236.45,0.65,136.297807517
28840,269.45,0.85,188.986527243
28860,275.3,0.7,152.267796582
28880,291.25,0.85,186.922679376
28900,245.95,0.9,195.415445177
28920,467.55,0.65,164.612106488
28940,329.2,0.75,171.688285802
28960,289.85,0.85,189.306571731
28980,279.8,1.0,216.0187697
29000,302.95,0.95,210.873550783
29020,276.3,0.75,160.547973809
29040,334.65,0.9,206.104850568
29060,251.3,0.7,149.535859019
29080,253.15,0.9,196.198471132
29100,283.95,0.85,188.089971781
29120,274.7,0.95,206.573607067
29140,312.3,0.85,183.609395407
29160,346.55,0.85,198.33855229
29180,310.95,0.95,215.052880867
29200,303.75,0.95,208.945707803
29220,275.1,0.95,206.811460885
29240,275.3,0.95,206.629197354
29260,353.6,0.8,178.179643641
29280,334.65,0.85,188.726069693
29300,313.15,0.9,193.583322056
29320,284.65,0.9,192.376274779
29340,282.15,0.9,191.566159387
29360,282.6,0.85,167.190631006
29380,424.65,0.7,157.984500754
29400,360.15,0.85,192.489365739
29420,329.2,0.95,209.888575149
29440,297.25,1.0,208.418432024
29460,325.85,0.85,181.805667339
29480,323.1,0.8,172.311322718
29500,325.7,0.9,187.521314937
29520,428.15,0.75,176.991897824
29540,305.75,0.95,204.095005283
29560,328.9,0.9,191.895969922
29580,337.75,0.95,213.200021206
29600,332.0,0.9,186.722360534
29620,298.0,0.95,199.496078714
29640,298.5,0.95,200.93907918
29660,305.9,0.95,201.4492026
29680,335.95,0.85,175.245775258
29700,307.8,0.95,200.847570527
29720,345.75,0.9,198.423902359
29740,304.8,0.85,170.847563061
29760,344.35,0.95,208.217463445
29780,361.2,0.95,209.814028449
29800,348.05,0.8,169.549890873
29820,340.0,0.9,180.972026924
29840,327.0,0.95,196.721064805
29860,358.5,1.0,217.037800415
29880,365.7,0.8,179.859606926
29900,345.15,0.95,204.880613743
29920,317.35,0.95,199.209955255
29940,367.9,0.9,176.451789458
29960,356.45,0.95,200.026141383
29980,329.3,0.95,196.820681566
30000,331.3,0.95,188.935245197
