10,75.8,0.0,-285.900400696
20,78.3,0.0,-254.725443921
30,72.4,0.0,-263.119590705
40,78.5,0.0,-235.233838624
50,74.8,0.0,-246.827549729
60,80.7,0.0,-250.807398136
70,82.2,0.0,-232.752293112
80,71.8,0.0,-220.461125332
90,78.0,0.0,-269.253568433
100,83.1,0.0,-284.342631491
110,79.9,0.0,-262.548653043
120,90.3,0.0,-273.816866351
130,87.7,0.0,-315.717413316
140,87.0,0.0,-288.449852881
150,79.1,0.0,-238.15169452
160,89.7,0.0,-146.914916255
170,92.8,0.0,-233.511405521
180,85.9,0.0,-255.21062097
190,96.3,0.0,-252.859295347
200,107.3,0.0,-226.40377655
210,102.1,0.0,-172.052336199
220,102.1,0.0,-241.13017442
230,114.9,0.0,-226.149759257
240,129.3,0.0,-211.528810911
250,99.3,0.0,-311.245464119
260,136.0,0.0,-335.130491975
270,132.5,0.0,-284.668094244
280,121.2,0.0,-281.295316922
290,137.7,0.0,-231.430689428
300,128.3,0.0,-303.03094185
310,154.7,0.0,-267.587871367
320,160.7,0.0,-237.775488277
330,130.9,0.0,-205.738975496
340,154.3,0.0,-244.290408264
350,259.2,0.0,-154.274144916
360,148.1,0.0,-231.286631717
370,138.6,0.0,-220.844887531
380,153.8,0.0,-173.034111827
390,165.8,0.0,-236.072583272
400,141.2,0.0,-181.776711845
410,131.3,0.0,-115.697253037
420,155.7,0.0,-179.662418574
430,138.9,0.0,-147.118112729
440,121.3,0.0,-106.684798288
450,140.3,0.0,-149.836414207
460,132.7,0.0,-129.097295595
470,131.7,0.0,-130.578468596
480,138.4,0.0,-110.683076192
490,146.7,0.0,-116.454234019
500,135.9,0.0,-92.1574242071
510,142.1,0.0,-99.9449226372
520,234.8,0.0,-96.5105138885
530,223.7,0.0,-132.963845318
540,242.6,0.0,-56.3684643036
550,241.0,0.0,-98.7521257911
560,166.5,0.0,-118.85946337
570,343.0,0.0,-73.9628243507
580,325.2,0.0,-114.641140267
590,322.8,0.0,-145.631706454
600,350.9,0.0,-197.826789748
610,403.9,0.0,-120.694575323
620,493.2,0.0,-107.013154828
630,321.8,0.0,-161.514045089
640,407.1,0.0,-148.338850582
650,480.9,0.0,-98.0317519616
660,500.8,0.0,-100.866685041
670,393.2,0.0,-64.7699512488
680,535.6,0.0,-50.0791842864
690,556.1,0.0,-56.6224795418
700,470.1,0.0,-55.8104156825
710,444.6,0.0,-35.1117341831
720,423.8,0.1,-50.2313826503
730,437.0,0.0,-53.7621241719
740,448.3,0.1,-46.6499595072
750,442.6,0.1,-47.583313199
760,345.2,0.1,-52.3215360264
770,386.4,0.1,-25.9468775505
780,310.2,0.0,-71.2472741457
790,346.6,0.0,-92.7051948192
800,435.5,0.0,-77.1269458287
810,545.6,0.0,-4.23348613867
820,560.8,0.1,-11.9867449356
830,500.9,0.2,-53.6517518215
840,363.4,0.1,-6.22316407617
850,626.5,0.1,20.2749713778
860,624.9,0.1,6.7270073824
870,601.8,0.0,22.9840345934
880,689.3,0.0,12.3891713691
890,776.2,0.0,31.2627337073
900,726.1,0.0,12.1927866735
910,633.6,0.0,-11.0130355729
920,520.2,0.1,-3.7123720805
930,689.1,0.2,59.5429909458
940,534.7,0.0,-10.5286731449
950,801.4,0.1,46.9104743508
960,647.4,0.1,9.58633745261
970,741.9,0.1,47.6582668782
980,790.0,0.1,35.792245175
990,679.9,0.2,64.6319555649
1000,851.0,0.0,54.1790086624
1010,857.1,0.1,24.1332282249
1020,476.1,0.0,-31.1051247442
1030,853.1,0.0,38.3522634231
1040,977.3,0.2,93.5125656201
1050,678.2,0.4,85.3575262009
1060,627.8,0.2,55.5728929347
1070,590.3,0.6,105.588443233
1080,265.9,0.3,7.81307491736
1090,356.2,0.4,35.2699217853
1100,309.6,0.5,50.0939164284
1110,368.3,0.6,61.7547534233
1120,305.9,0.6,96.3610564184
1130,252.3,0.2,-17.5568058586
1140,295.6,0.5,58.4353018072
1150,333.7,0.8,135.557184136
1160,272.4,0.6,84.5804207284
1170,288.5,0.6,107.896691518
1180,256.2,0.3,14.5712079502
1190,277.2,0.7,156.457690318
1200,286.7,0.6,97.9790816127
1210,393.2,0.8,145.45646542
1220,398.8,1.0,194.008566128
1230,383.8,0.9,180.091402331
1240,460.5,1.0,182.045411547
1250,435.7,1.0,191.825236994
1260,449.6,0.9,159.603659395
1270,418.9,0.7,114.934027434
1280,505.7,0.9,146.570385845
1290,448.6,0.7,97.2609565927
1300,394.5,0.8,139.849217503
1310,511.6,0.9,146.640496743
1320,430.1,0.7,104.115078346
1330,367.2,0.6,100.11880782
1340,373.0,0.8,151.651739148
1350,382.3,1.0,199.085021288
1360,353.1,0.9,168.511501063
1370,317.3,1.0,213.164105498
1380,360.2,0.7,122.256860084
1390,348.6,0.7,115.596819714
1400,299.0,0.5,69.8773637224
1410,274.9,1.0,226.147512339
1420,322.2,0.6,79.2076498553
1430,286.2,0.5,96.5981026537
1440,310.6,0.6,84.443866418
1450,279.8,0.5,81.9325806098
1460,290.4,0.5,60.1701714647
1470,274.9,0.7,136.437481966
1480,313.5,0.5,36.0288714039
1490,337.8,0.7,121.813686889
1500,384.1,0.7,122.350707445
1510,402.9,0.9,163.422519499
1520,353.1,0.8,150.041112535
1530,319.9,0.9,187.770832051
1540,378.2,0.8,147.836504316
1550,352.5,1.0,213.784087551
1560,385.4,0.9,157.171829979
1570,346.0,0.7,125.026445475
1580,370.8,0.8,145.364843034
1590,346.0,0.8,134.291816128
1600,348.3,0.7,139.64595795
1610,307.8,0.6,99.9177636792
1620,363.9,0.9,169.947525761
1630,360.1,0.8,139.65153729
1640,376.7,0.7,113.215152687
1650,355.0,0.7,112.318114433
1660,332.4,0.6,107.214131832
1670,376.2,0.6,84.2950728043
1680,382.8,0.8,140.426617298
1690,394.4,0.6,70.1379740982
1700,397.9,0.8,139.904429567
1710,383.3,0.8,144.080219859
1720,370.8,0.7,112.226309806
1730,376.0,0.7,100.029954677
1740,410.1,0.8,134.401092191
1750,360.0,0.8,136.867240381
1760,314.0,0.8,152.004993239
1770,333.2,0.6,106.387974907
1780,359.9,0.7,111.916321631
1790,314.7,1.0,214.602177064
1800,326.9,1.0,204.467431079
1810,318.2,0.8,162.520970389
1820,292.7,0.9,193.489553346
1830,280.1,0.9,200.805436712
1840,330.2,0.9,190.253186468
1850,289.5,0.8,160.799909759
1860,298.9,0.8,168.083015896
1870,281.0,0.8,169.972697379
1880,277.0,0.9,190.77149962
1890,288.1,0.9,196.252281588
1900,281.3,0.8,167.412333391
1910,310.3,0.8,161.207219403
1920,252.4,0.6,121.721019377
1930,252.6,0.7,132.340686491
1940,258.6,0.6,108.124345702
1950,259.7,0.6,115.455689144
1960,211.2,0.2,19.4203932863
1970,240.4,0.3,43.1261995058
1980,256.3,0.5,72.8933400632
1990,314.0,1.0,207.166169296
2000,270.1,0.6,103.650034658
2010,307.6,0.7,118.436660338
2020,334.9,1.0,201.944281404
2030,318.3,1.0,203.408303821
2040,336.0,0.7,127.576064794
2050,368.7,1.0,196.077506129
2060,352.0,1.0,195.964072471
2070,404.9,0.8,123.201017155
2080,415.1,0.9,142.658841406
2090,393.2,0.7,97.5655835702
2100,399.3,0.6,61.9581637084
2110,445.4,0.9,169.282693832
2120,476.2,0.8,115.992714294
2130,355.7,0.9,168.022443529
2140,408.6,0.8,121.311599784
2150,348.9,0.8,148.348375418
2160,417.5,0.6,42.7599540161
2170,478.2,0.7,102.799679195
2180,391.0,0.8,134.972795205
2190,358.5,0.7,117.494806092
2200,389.6,0.6,77.9342005737
2210,318.8,0.4,23.0621630372
2220,365.7,0.8,145.323264645
2230,413.9,1.0,171.306580559
2240,312.9,0.6,70.267018778
2250,334.9,0.8,133.505207287
2260,349.8,0.8,147.907333361
2270,378.2,0.5,35.2692486239
2280,376.1,1.0,168.74458772
2290,351.6,0.8,147.775508696
2300,306.1,0.5,59.7879453426
2310,350.8,0.7,109.402513679
2320,334.1,0.7,115.87853227
2330,405.8,0.7,84.8907047766
2340,368.4,0.8,149.252536476
2350,371.7,0.9,153.418530312
2360,345.7,0.6,105.75855492
2370,403.7,0.8,123.202817508
2380,420.5,0.9,155.399868431
2390,405.5,0.8,146.05688005
2400,355.2,0.8,134.155318342
2410,366.7,0.7,116.489960651
2420,417.9,1.0,188.376710111
2430,369.7,1.0,213.668500025
2440,355.6,0.7,119.146701039
2450,355.0,0.8,135.548667165
2460,374.9,0.8,133.25817089
2470,341.3,1.0,191.817253443
2480,329.8,0.7,114.530019403
2490,351.5,0.8,137.622454567
2500,367.6,0.9,164.171048756
2510,275.9,0.3,10.2488609618
2520,319.3,0.6,81.1710791009
2530,351.1,0.7,77.6140371168
2540,371.5,0.7,83.2263900098
2550,353.5,0.9,144.756173758
2560,297.1,0.8,153.134723282
2570,271.1,0.6,116.131345596
2580,262.4,0.6,99.4564631183
2590,331.9,0.7,95.9931615103
2600,274.0,0.7,135.368519938
2610,272.9,0.5,79.1102720579
2620,317.3,0.8,147.372260122
2630,283.8,0.5,56.4616335986
2640,239.2,0.6,89.3359117911
2650,305.2,0.6,75.5296422782
2660,232.5,0.4,50.5540378746
2670,262.8,0.5,78.2934927251
2680,256.1,0.5,76.7889640932
2690,226.8,0.4,67.5580547299
2700,261.7,0.6,88.5801170104
2710,307.8,0.8,116.454548382
2720,276.5,0.6,106.231163153
2730,279.0,0.8,135.359913725
2740,331.9,0.7,102.817047778
2750,284.0,0.6,100.735196939
2760,307.7,0.7,107.849259484
2770,340.3,0.6,79.9536035675
2780,337.9,0.6,52.0826882536
2790,395.0,0.9,138.551525816
2800,350.0,0.8,116.58816525
2810,308.9,0.7,117.155681498
2820,414.2,0.7,81.4395106943
2830,355.2,0.9,151.448574786
2840,397.3,0.8,120.856217834
2850,341.7,0.7,117.361680805
2860,347.7,0.7,100.969966779
2870,384.7,0.8,106.202524535
2880,380.2,0.8,133.389534665
2890,357.0,0.8,150.770282958
2900,374.8,0.9,175.123490284
2910,417.7,0.9,149.735141959
2920,372.2,0.6,75.5540701087
2930,385.9,0.8,126.526405946
2940,391.5,0.7,91.6530436439
2950,416.2,0.9,144.633196275
2960,383.1,0.7,99.2265376451
2970,386.3,0.8,117.742442528
2980,411.6,0.8,117.400566666
2990,425.7,0.7,98.116970796
3000,378.7,0.7,92.1187564849
3010,371.1,0.5,23.5050379807
3020,423.4,0.8,103.738742868
3030,345.0,0.9,140.82534137
3040,432.2,0.9,146.309614309
3050,334.3,0.7,119.04848489
3060,325.6,0.8,133.475201182
3070,302.7,0.6,86.5451876684
3080,292.3,0.9,174.351257846
3090,274.4,0.6,93.8908531723
3100,272.2,0.7,122.847257825
3110,279.6,0.6,84.3603995445
3120,309.1,0.6,57.2719644097
3130,300.7,0.9,166.937804679
3140,288.6,0.6,86.3359942593
3150,233.0,0.4,46.1816576093
3160,246.1,0.7,117.794683423
3170,234.8,0.5,73.8021513371
3180,214.8,0.2,-8.21159682724
3190,224.0,0.2,2.5490394318
3200,302.8,0.6,99.8227296308
3210,245.5,0.6,104.235458089
3220,198.2,0.3,31.359785948
3230,184.6,0.2,14.3164369365
3240,186.6,0.2,16.1566607611
3250,188.8,0.2,17.830375698
3260,198.1,0.3,31.6126206121
3270,197.9,0.5,80.5383246247
3280,233.7,0.4,35.0127168052
3290,240.9,0.5,70.0685180772
3300,174.3,0.2,20.6367788248
3310,229.4,0.7,120.761741556
3320,234.3,0.7,134.210581753
3330,211.3,0.5,86.6622576063
3340,274.5,0.8,161.016465356
3350,234.3,0.6,92.2721033344
3360,250.3,0.7,134.356222509
3370,228.3,0.4,51.7445423712
3380,324.7,0.7,94.0442616378
3390,293.5,0.7,118.91401401
3400,308.7,0.9,160.663398387
3410,319.8,0.7,132.006327225
3420,289.5,0.7,117.238898227
3430,355.7,0.9,174.798461225
3440,329.1,0.8,135.632380742
3450,358.4,0.9,145.386247316
3460,405.6,1.0,183.668209939
3470,317.3,0.7,103.584818927
3480,339.4,0.8,130.925611072
3490,380.3,0.7,72.3569633206
3500,321.1,0.8,156.45613995
3510,331.6,0.7,104.330829233
3520,325.6,0.9,170.054986532
3530,322.7,0.8,147.354583078
3540,338.8,0.9,180.173102765
3550,344.0,0.9,166.200816526
3560,301.2,0.6,82.9411074685
3570,331.0,0.9,157.578271897
3580,297.4,0.7,129.221105222
3590,328.9,0.8,132.810399352
3600,334.5,0.8,154.546982173
3610,307.9,0.8,148.38638886
3620,337.6,0.8,120.048564822
3630,257.7,0.6,97.3784500205
3640,320.6,0.5,56.1250103817
3650,289.1,1.0,208.510370603
3660,231.6,0.7,140.018244394
3670,274.9,0.7,131.482111975
3680,223.4,0.4,60.4947128157
3690,260.8,0.7,124.258589766
3700,243.8,0.7,126.28080258
3710,253.6,0.7,124.53443215
3720,244.4,0.6,104.052362502
3730,250.3,0.7,128.391266444
3740,301.0,0.5,64.4217880607
3750,220.4,0.3,22.1727181544
3760,267.4,0.5,79.0983648193
3770,261.9,0.7,120.555438899
3780,255.6,0.6,96.4545241062
3790,281.0,0.8,145.368961502
3800,315.3,0.7,121.16779192
3810,356.1,0.9,148.599680426
3820,312.0,0.9,175.110191093
3830,298.0,0.7,127.697151309
3840,362.2,1.0,189.959475102
3850,319.9,0.8,145.758484649
3860,333.9,0.7,99.0493997593
3870,312.5,1.0,200.804522512
3880,391.9,1.0,195.103336593
3890,350.4,0.7,107.606999127
3900,298.0,0.5,66.0948518593
3910,343.7,0.9,170.704559839
3920,328.8,0.9,166.789503089
3930,344.2,0.9,168.061503429
3940,326.9,0.7,113.402188406
3950,267.1,0.6,111.785123711
3960,280.8,0.9,178.879478338
3970,310.9,0.9,167.014617504
3980,254.0,0.8,148.511802118
3990,267.4,0.7,131.187861488
4000,278.2,0.8,152.067702672
4010,257.3,0.7,120.396315711
4020,296.3,0.9,164.209712334
4030,267.0,0.8,155.957373338
4040,320.8,0.8,144.33541441
4050,263.3,0.7,123.060056917
4060,275.5,0.7,117.302195095
4070,310.4,1.0,202.00945065
4080,315.0,1.0,190.248722724
4090,300.4,0.7,116.421565976
4100,291.9,0.8,160.851624917
4110,289.4,0.7,119.255380053
4120,338.4,1.0,196.562855602
4130,312.1,0.8,142.937126268
4140,317.8,0.8,145.166170055
4150,322.2,0.7,103.148803258
4160,367.6,1.0,191.657891485
4170,301.4,0.9,169.117843547
4180,283.6,0.5,72.4710921317
4190,346.3,0.8,146.474361548
4200,375.6,0.7,112.26030778
4210,319.4,0.8,144.743728973
4220,337.9,0.8,142.168446433
4230,321.6,0.7,127.898000891
4240,327.6,0.8,154.334533456
4250,365.6,1.0,189.999084198
4260,344.9,0.9,166.248538356
4270,292.6,0.8,156.112979185
4280,329.9,0.8,141.381880751
4290,362.1,0.9,155.446531243
4300,384.1,0.6,92.6592215012
4310,390.8,0.8,130.023108286
4320,342.5,0.8,124.009283223
4330,390.0,0.9,169.604579468
4340,361.6,1.0,178.40996869
4350,371.8,0.8,134.088022297
4360,377.9,0.7,81.9443304916
4370,338.7,1.0,193.787456007
4380,312.8,0.7,120.157989133
4390,385.6,0.7,108.448296855
4400,317.5,1.0,192.733563743
4410,345.2,0.9,163.019658018
4420,380.9,0.9,148.981546406
4430,304.7,0.8,151.611722062
4440,315.2,0.8,140.473662186
4450,323.5,0.9,178.122670049
4460,313.9,0.9,175.971088012
4470,340.7,0.7,109.676539073
4480,342.7,0.8,133.644472959
4490,327.8,0.8,132.604854201
4500,368.3,1.0,182.934082883
4510,356.6,0.7,118.721041173
4520,296.1,0.9,182.14753218
4530,336.9,0.8,139.347078067
4540,313.9,0.9,184.833226228
4550,307.4,0.8,156.694220906
4560,247.7,0.8,153.333588713
4570,261.2,0.7,117.405875298
4580,315.5,0.8,137.690611706
4590,290.0,1.0,201.931819301
4600,300.6,0.7,125.230204415
4610,251.3,0.8,169.149242554
4620,234.4,0.4,57.4715162818
4630,285.6,0.9,195.823988416
4640,284.3,0.5,82.2203070016
4650,255.7,0.7,126.403613843
4660,210.9,0.6,110.518186615
4670,284.2,0.7,133.889982187
4680,226.2,0.6,113.335726301
4690,239.9,0.7,130.109884605
4700,201.2,0.4,78.4466194051
4710,225.6,0.7,146.990471327
4720,253.8,0.7,122.569236672
4730,265.2,0.7,124.455939205
4740,254.3,0.8,159.931691722
4750,264.8,0.6,114.693721477
4760,246.7,0.7,131.697190988
4770,219.8,0.4,59.5111122944
4780,266.6,0.9,172.507421685
4790,235.8,0.7,131.059781641
4800,265.9,0.9,185.753066982
4810,269.7,1.0,208.03049593
4820,290.9,0.8,155.205535667
4830,308.7,0.8,157.278877506
4840,369.7,1.0,185.312884511
4850,295.8,0.6,111.236946054
4860,345.9,1.0,199.356849328
4870,281.2,0.8,156.130186774
4880,339.0,0.9,158.657493577
4890,385.0,1.0,188.745452472
4900,347.3,0.9,157.971184266
4910,339.9,0.8,129.048884878
4920,275.3,0.6,79.4633431218
4930,355.1,0.7,96.3276693358
4940,333.8,0.8,118.96504393
4950,432.5,0.9,163.053415683
4960,394.4,0.9,145.437566592
4970,305.7,0.7,125.482428381
4980,429.5,1.0,180.318683644
4990,442.8,0.8,138.361804662
5000,359.4,0.9,154.788680744
5010,321.0,1.0,202.414109644
5020,331.6,1.0,205.337682517
5030,287.5,0.7,103.142751256
5040,327.4,0.8,111.735566104
5050,395.1,0.8,126.678084853
5060,417.8,0.7,97.4960371572
5070,356.8,0.7,112.011451254
5080,334.2,0.9,149.765802698
5090,323.5,0.9,167.419148267
5100,337.3,0.9,159.644551535
5110,290.9,0.8,147.147290443
5120,330.1,0.7,119.642858056
5130,281.8,0.8,155.100744119
5140,314.2,0.8,127.712251036
5150,275.4,0.8,152.137769554
5160,273.6,0.7,117.833229543
5170,368.4,0.8,135.375726751
5180,258.9,0.9,176.833696482
5190,271.8,0.8,144.079218369
5200,274.8,0.9,192.498457333
5210,242.9,0.6,113.864149585
5220,319.5,0.7,100.729094227
5230,249.6,0.7,130.528024886
5240,261.1,0.7,133.443381734
5250,278.5,0.9,177.157541472
5260,292.3,0.8,161.272673889
5270,294.4,0.8,150.239120485
5280,345.4,0.8,121.439247019
5290,266.0,0.8,148.289911377
5300,257.3,0.8,164.670486292
5310,284.1,0.7,126.075061774
5320,271.4,0.8,164.810678554
5330,308.4,0.9,173.092662764
5340,290.6,0.7,123.268253962
5350,264.2,0.7,148.962023574
5360,290.2,0.7,119.279760536
5370,275.8,0.9,186.36495085
5380,288.3,0.7,100.808411717
5390,282.0,0.9,184.026324426
5400,303.5,0.8,137.22644786
5410,297.6,0.8,147.798340784
5420,261.9,0.9,185.484018214
5430,258.4,0.8,159.363510052
5440,252.6,0.6,116.772370359
5450,302.7,0.8,156.369673316
5460,254.4,0.9,180.694883825
5470,347.6,0.9,197.957016394
5480,374.2,0.8,143.655198865
5490,242.7,0.7,134.877151077
5500,241.9,0.8,158.567205217
5510,289.5,0.9,174.605212423
5520,277.7,0.9,187.290576032
5530,253.8,0.7,132.660122284
5540,328.0,0.7,117.642389583
5550,253.5,0.7,117.972398846
5560,350.5,0.9,180.605071694
5570,275.2,0.8,158.484008292
5580,261.0,0.8,162.428293576
5590,320.3,1.0,197.029032753
5600,283.9,0.9,178.898164491
5610,294.9,0.8,143.843857984
5620,353.2,0.7,110.907772843
5630,289.6,0.6,94.6961423332
5640,301.8,0.7,120.306917213
5650,412.5,0.8,111.628426027
5660,343.1,0.9,145.143381774
5670,372.9,0.7,124.926610607
5680,417.3,0.8,106.032618546
5690,292.6,0.9,187.980478918
5700,294.1,0.9,184.039694598
5710,345.0,0.9,162.429140846
5720,354.5,0.8,146.482038586
5730,361.9,0.8,133.695606557
5740,276.5,0.6,102.2723207
5750,328.0,0.8,139.27814729
5760,396.2,0.9,182.376889344
5770,367.7,0.8,148.799233016
5780,304.6,0.7,113.799488206
5790,294.5,0.8,151.821626042
5800,332.6,0.6,103.71138809
5810,346.3,1.0,201.96945607
5820,274.5,0.8,163.24102465
5830,302.2,0.9,166.10893225
5840,347.5,0.6,95.7922888444
5850,329.6,0.8,149.211686156
5860,286.2,0.9,187.592843766
5870,386.0,1.0,191.894649634
5880,295.7,0.9,181.953003734
5890,338.0,0.9,149.753987689
5900,319.0,0.9,188.909917944
5910,368.5,1.0,202.765808511
5920,303.4,0.9,182.545033131
5930,286.8,0.7,119.495347906
5940,304.2,0.7,117.413109238
5950,345.2,1.0,181.613673652
5960,327.7,0.9,179.367495067
5970,400.6,0.9,147.636601698
5980,292.8,0.8,138.986542435
5990,316.3,0.8,150.589076278
6000,350.6,0.8,133.96311503
6010,317.9,0.9,177.463804832
6020,321.2,1.0,192.496219733
6030,305.6,1.0,204.28109973
6040,325.5,0.8,134.792625008
6050,354.3,0.8,125.725114238
6060,361.3,0.8,131.415467266
6070,316.6,0.9,161.719885028
6080,302.1,0.9,172.701840866
6090,339.7,0.8,112.150146419
6100,440.6,0.8,117.08955631
6110,339.5,0.9,160.231166694
6120,431.7,0.7,80.4906449337
6130,326.6,1.0,179.013862508
6140,340.4,0.9,169.96248417
6150,461.7,0.9,124.517312926
6160,474.8,0.9,149.012669274
6170,334.5,0.8,145.931376258
6180,442.8,0.9,140.406012723
6190,365.6,1.0,170.69167988
6200,475.5,0.9,142.714385971
6210,440.5,0.7,120.68179229
6220,429.0,0.8,132.559657106
6230,416.5,0.9,145.118721567
6240,418.5,1.0,193.737751777
6250,497.7,1.0,163.085433282
6260,373.5,0.9,162.309590023
6270,370.9,0.8,139.53132782
6280,398.1,0.8,145.836749282
6290,410.8,1.0,191.918442834
6300,341.7,1.0,192.142019482
6310,410.1,0.9,147.489014985
6320,375.9,0.9,161.048094131
6330,305.5,1.0,211.458541816
6340,341.7,0.8,141.601267213
6350,383.1,0.9,161.797329186
6360,305.8,0.9,172.097950262
6370,346.4,1.0,200.627427837
6380,326.7,0.9,182.125659314
6390,320.1,0.9,184.890285609
6400,322.7,1.0,205.363351787
6410,315.4,0.9,185.417449363
6420,364.0,1.0,198.060170922
6430,302.8,0.9,172.63352858
6440,334.5,1.0,205.754594992
6450,359.7,1.0,193.193253511
6460,370.3,0.8,138.438375697
6470,385.3,0.9,165.398945125
6480,409.4,1.0,186.645011423
6490,358.9,0.9,181.090496205
6500,460.8,0.9,164.659146865
6510,459.3,0.9,148.89006658
6520,399.0,1.0,198.490994514
6530,460.8,0.8,123.546706719
6540,444.3,1.0,185.934768006
6550,402.9,0.7,110.765838008
6560,373.5,0.9,164.980420198
6570,457.3,1.0,184.387382316
6580,368.6,0.9,175.599716334
6590,370.5,1.0,190.195670031
6600,407.2,0.9,153.081279098
6610,439.4,0.7,119.345990408
6620,382.0,1.0,190.29314991
6630,407.3,0.8,131.780290509
6640,407.6,0.9,176.061276128
6650,332.1,0.8,155.642521139
6660,345.2,1.0,203.142027081
6670,332.2,0.9,169.724811119
6680,335.5,0.7,128.440056844
6690,329.1,0.8,145.883696461
6700,334.6,1.0,203.133054108
6710,323.4,0.8,143.948854959
6720,350.4,0.8,147.401958987
6730,363.6,0.9,177.375341235
6740,323.4,0.8,158.241051235
6750,277.0,0.6,92.154005888
6760,350.3,0.8,134.459595877
6770,357.6,0.9,168.994982136
6780,306.4,0.7,121.393943479
6790,299.6,0.8,149.260256089
6800,282.5,0.7,132.836165982
6810,294.3,0.8,151.583484496
6820,277.8,0.8,158.995962644
6830,287.0,0.6,105.937396622
6840,291.2,0.9,181.126423323
6850,291.4,0.8,161.095897708
6860,299.8,0.9,175.048560174
6870,307.9,0.6,95.6235330712
6880,337.9,0.9,187.365450609
6890,284.6,0.8,159.353437868
6900,287.8,0.4,57.1286479508
6910,283.1,0.7,131.249038589
6920,294.0,0.8,151.494552913
6930,315.8,0.6,86.780837066
6940,327.4,0.4,62.5297407398
6950,226.9,0.2,14.0846845588
6960,296.0,0.7,127.518055644
6970,255.9,0.5,75.4485996539
6980,258.0,0.4,55.7973214086
6990,278.0,0.8,155.178393948
7000,297.0,0.5,73.800280283
7010,234.6,0.4,45.6431382006
7020,269.1,0.5,88.344422449
7030,262.6,0.7,121.578473281
7040,270.2,0.7,122.001180464
7050,262.0,0.8,156.570719156
7060,276.6,0.8,156.31054138
7070,262.9,0.7,126.187687728
7080,262.9,0.3,30.6658431954
7090,322.9,0.7,125.084810151
7100,293.4,1.0,203.736959678
7110,297.8,0.5,65.175940369
7120,291.2,0.9,167.165249652
7130,289.1,0.7,115.436755341
7140,287.3,0.6,96.6734916988
7150,287.5,0.7,122.682555183
7160,258.0,0.5,79.9657974028
7170,296.3,0.9,171.497778057
7180,242.6,0.4,70.7032729692
7190,265.8,0.6,105.439347806
7200,327.5,0.8,145.526793233
7210,275.9,0.5,76.6009553943
7220,339.8,0.8,151.437437352
7230,277.7,0.6,73.7350274912
7240,308.9,1.0,196.118409331
7250,349.1,0.7,125.205753438
7260,306.2,0.7,118.18309768
7270,313.8,0.8,150.862006343
7280,278.4,0.8,159.811345453
7290,317.5,0.9,166.672913965
7300,364.1,0.7,111.507414894
7310,333.4,0.7,107.739920645
7320,319.0,0.8,145.998506983
7330,356.3,1.0,194.428883326
7340,424.0,1.0,184.904955145
7350,356.2,0.9,162.302946376
7360,464.5,1.0,190.149276336
7370,371.8,0.9,166.42336523
7380,354.8,0.6,75.8320951708
7390,407.2,0.9,170.932687538
7400,453.6,0.9,153.001590396
7410,370.3,0.8,145.277496736
7420,545.6,1.0,165.647153901
7430,431.3,0.9,141.614411275
7440,397.1,0.9,170.657147941
7450,456.6,1.0,163.772190726
7460,463.8,1.0,172.540788143
7470,391.4,0.9,159.489518301
7480,361.7,0.9,170.165315965
7490,404.9,1.0,193.981757699
7500,324.1,0.7,118.983497778
7510,366.6,0.8,136.171574878
7520,336.7,0.8,142.549302584
7530,357.1,1.0,194.520139204
7540,415.7,1.0,177.739712305
7550,326.6,0.8,144.514746204
7560,369.2,1.0,169.047825056
7570,363.3,0.8,118.216205263
7580,362.8,1.0,181.089365651
7590,360.7,0.9,162.028001332
7600,366.0,0.8,139.599561228
7610,338.6,0.9,179.533010873
7620,325.4,0.9,186.094753967
7630,334.8,1.0,196.482337125
7640,308.8,0.8,164.168273357
7650,344.8,1.0,194.606248211
7660,303.5,0.9,179.721536905
7670,330.5,0.9,172.059938915
7680,305.3,0.9,192.101922564
7690,291.4,0.8,157.67100607
7700,317.1,0.9,180.583285043
7710,275.6,0.8,160.382302077
7720,297.6,0.9,182.477563301
7730,297.5,0.9,174.085331887
7740,281.5,0.7,118.161236119
7750,279.8,0.6,105.456712256
7760,287.2,0.8,163.205228288
7770,283.5,0.8,160.701166184
7780,286.5,0.6,99.2369871483
7790,290.3,0.8,154.928504086
7800,289.4,0.8,153.614990871
7810,261.6,0.5,76.2017155499
7820,291.8,0.8,144.919667655
7830,252.6,0.4,53.5339116983
7840,301.2,1.0,213.300948429
7850,297.0,0.7,122.095159483
7860,313.8,0.9,172.023316107
7870,281.4,0.6,103.806384629
7880,286.1,0.6,88.1062808558
7890,311.6,0.8,161.193194325
7900,313.6,0.9,170.055359117
7910,323.7,0.8,140.928161808
7920,326.4,0.9,173.850118229
7930,326.0,1.0,207.828699249
7940,325.3,0.9,178.27661117
7950,340.9,0.9,161.089351501
7960,274.8,0.6,99.5169147442
7970,355.8,1.0,199.04480787
7980,342.7,1.0,191.019236243
7990,338.1,0.9,176.375031957
8000,341.1,1.0,200.103926719
8010,327.1,0.8,152.082039375
8020,304.6,0.9,176.500768492
8030,284.9,0.7,132.177205171
8040,277.2,0.8,160.196412677
8050,282.0,0.8,156.381433898
8060,281.2,0.7,126.603800721
8070,299.9,0.7,114.591553148
8080,308.0,0.9,184.056987924
8090,309.4,0.8,158.820924146
8100,294.1,1.0,210.79419105
8110,265.7,0.5,92.401203588
8120,302.7,0.7,130.62189459
8130,274.7,0.6,106.214443662
8140,314.2,1.0,194.715431436
8150,291.6,0.9,184.783515186
8160,285.5,0.8,150.479037076
8170,269.2,0.8,163.738221072
8180,302.3,0.7,128.454633399
8190,282.2,1.0,203.369558556
8200,310.8,0.7,119.722285881
8210,304.8,0.8,141.332956099
8220,283.7,0.9,184.376949027
8230,295.6,0.9,177.799564232
8240,294.0,0.6,87.3960958745
8250,276.4,0.8,151.736458045
8260,288.2,0.9,189.491582233
8270,313.4,0.8,139.559944301
8280,307.1,0.9,155.908468497
8290,309.8,0.9,152.781157877
8300,333.1,0.8,141.718810642
8310,285.5,0.8,147.47563037
8320,256.1,0.6,102.990812997
8330,281.1,0.9,161.991634708
8340,272.2,0.7,138.832023353
8350,303.7,0.9,175.624855463
8360,375.8,0.8,123.929473734
8370,299.3,0.8,121.664024176
8380,291.1,0.9,174.492051899
8390,336.6,0.4,8.36771857551
8400,297.4,0.7,110.658748685
8410,308.9,0.8,140.817292595
8420,288.0,0.6,101.389398644
8430,251.3,0.6,114.112929029
8440,279.9,0.7,138.414050341
8450,286.2,0.9,187.137101108
8460,286.3,1.0,205.085736044
8470,358.4,0.8,123.25567656
8480,287.2,1.0,210.284138771
8490,290.2,0.8,144.948304173
8500,288.2,0.9,181.044168666
8510,332.0,0.6,76.6881377922
8520,273.0,0.7,118.547533366
8530,254.1,0.8,151.890605523
8540,354.8,0.9,149.816954346
8550,292.3,0.7,119.334136849
8560,320.2,1.0,196.186527014
8570,268.0,0.8,148.015453872
8580,290.1,0.9,172.98858681
8590,311.2,0.7,120.295846168
8600,271.0,0.9,175.702357137
8610,288.0,0.9,174.444399305
8620,247.1,0.6,109.294480798
8630,277.2,0.9,174.11532481
8640,270.5,0.9,180.453333668
8650,248.4,0.5,80.8744025723
8660,225.9,0.5,72.6178559883
8670,300.3,0.9,184.003964512
8680,264.4,0.7,136.9629263
8690,249.4,0.7,136.463468279
8700,227.9,0.3,35.3433339221
8710,293.8,0.8,151.330827569
8720,263.1,0.7,125.978689143
8730,277.8,0.9,183.089442786
8740,272.7,0.9,182.168277659
8750,268.8,0.7,108.50578146
8760,281.7,0.5,54.2908883042
8770,286.9,0.7,120.519773653
8780,303.9,1.0,214.121917557
8790,260.9,0.8,152.047444973
8800,288.4,0.6,84.5814276715
8810,285.7,0.8,145.576915951
8820,329.8,1.0,186.240493808
8830,324.7,0.9,181.520098392
8840,395.5,0.9,180.167879397
8850,368.4,1.0,173.283851205
8860,345.6,0.7,102.715520232
8870,362.2,0.9,147.837467363
8880,346.8,0.9,145.254342505
8890,419.5,0.9,146.271381358
8900,409.8,0.8,100.019579289
8910,389.1,0.9,168.811109233
8920,343.2,0.7,106.983411219
8930,344.7,0.8,126.539443088
8940,346.8,0.8,127.02403914
8950,392.0,0.7,71.9757253146
8960,311.6,0.8,145.517880006
8970,312.5,0.8,143.772270074
8980,331.5,0.8,116.750273736
8990,367.7,0.9,143.975005785
9000,356.0,0.8,136.320636183
9010,345.3,0.8,146.961642248
9020,326.6,0.8,147.428622408
9030,346.3,1.0,208.547404977
9040,354.6,0.7,102.957936177
9050,346.9,0.8,152.161151353
9060,352.0,1.0,211.000235771
9070,348.9,0.8,139.289488722
9080,364.7,0.9,168.531551066
9090,391.1,0.9,145.943980189
9100,327.1,0.7,100.882957437
9110,350.6,0.9,166.723194266
9120,349.2,0.9,158.899980399
9130,345.8,1.0,179.142419261
9140,325.0,0.9,157.192555939
9150,382.5,0.9,162.506908182
9160,368.0,0.8,128.575739819
9170,328.0,0.9,170.4155298
9180,351.3,0.9,155.627951317
9190,337.0,0.9,143.783730608
9200,337.4,1.0,204.056223544
9210,382.7,0.9,137.584855847
9220,317.1,1.0,208.975281846
9230,338.7,0.7,100.886319077
9240,352.3,0.6,78.421255892
9250,324.1,0.6,83.1190988376
9260,339.1,0.7,112.897996754
9270,331.0,0.9,162.498136109
9280,312.9,0.8,142.784289348
9290,382.7,0.9,170.138043424
9300,349.0,0.9,167.081498048
9310,424.9,0.7,118.160345121
9320,292.0,0.6,98.4022133705
9330,330.0,0.9,163.494570492
9340,328.5,0.8,112.036859033
9350,319.9,0.7,123.404862584
9360,300.2,0.4,28.9065277215
9370,332.1,0.9,162.295197348
9380,310.3,0.8,133.232295528
9390,273.9,0.6,93.095148336
9400,291.7,0.8,137.946693892
9410,286.4,0.6,82.2767280949
9420,314.6,1.0,178.097403462
9430,331.2,1.0,190.638442684
9440,299.2,0.8,124.686183798
9450,317.6,0.8,132.307604707
9460,278.2,0.5,70.8528874114
9470,299.8,0.7,107.540211718
9480,359.7,0.8,116.860968781
9490,311.2,0.7,95.3065243614
9500,355.9,0.8,117.89547825
9510,361.8,0.4,-7.52873809835
9520,401.4,0.9,132.48476903
9530,394.1,0.5,38.5002622868
9540,372.0,0.6,39.3756948286
9550,444.3,0.9,122.534945593
9560,425.9,0.7,57.6144320262
9570,358.3,0.6,49.3327204643
9580,480.9,0.7,87.5907638833
9590,400.7,0.6,51.6388678619
9600,425.0,1.0,157.200639481
9610,420.3,1.0,175.438548617
9620,366.1,0.7,92.6869311744
9630,400.9,0.9,133.249469885
9640,361.3,0.4,4.95678207076
9650,426.5,0.8,119.008895948
9660,354.8,0.6,79.5923995884
9670,366.8,0.8,111.055750878
9680,337.0,0.8,128.191114737
9690,308.7,0.5,47.6590677715
9700,324.2,0.9,169.589286099
9710,326.2,0.9,153.226128347
9720,337.3,0.9,168.044633356
9730,331.8,0.7,108.085719728
9740,303.1,0.7,99.7485241837
9750,413.7,1.0,182.7240504
9760,339.2,0.9,157.667079327
9770,331.7,0.8,130.379541559
9780,314.7,0.7,124.581964177
9790,326.5,0.8,118.563165035
9800,337.9,0.8,127.112101853
9810,347.5,0.8,128.938570093
9820,359.3,0.8,125.841128807
9830,361.0,0.7,111.359590615
9840,335.6,0.6,73.8667159537
9850,346.5,0.8,143.945992441
9860,398.8,0.9,153.204655555
9870,445.2,1.0,184.78672715
9880,352.3,1.0,198.263599122
9890,304.8,0.5,66.1011636209
9900,356.7,0.8,138.271210885
9910,379.5,0.9,156.622561084
9920,351.3,1.0,188.849081819
9930,366.1,0.8,138.745621132
9940,305.4,0.7,119.606454973
9950,355.4,1.0,192.978826595
9960,324.0,1.0,199.716635691
9970,345.4,0.9,159.013685262
9980,411.1,0.9,144.685783127
9990,328.1,0.7,105.314308264
10000,391.4,0.7,88.2624603489
10010,322.0,0.8,153.201552509
10020,407.2,0.8,115.757215844
10030,402.9,0.8,129.180438146
10040,325.7,0.9,186.869092369
10050,380.7,1.0,182.390769201
10060,341.7,0.7,100.818448231
10070,364.4,0.8,133.382310124
10080,323.8,0.7,106.889269982
10090,386.6,1.0,176.913200623
10100,357.2,0.9,166.108033126
10110,336.6,0.7,120.311914345
10120,321.6,0.7,118.586312376
10130,341.5,0.9,169.819337398
10140,373.3,0.9,180.972438203
10150,387.1,0.9,169.618186118
10160,326.8,1.0,198.65978497
10170,337.3,0.8,147.975237028
10180,287.3,0.6,98.2030409331
10190,300.3,0.7,125.639598185
10200,363.6,0.9,143.323852008
10210,337.6,0.7,108.516632123
10220,413.6,0.9,153.877088476
10230,373.0,0.8,137.963842766
10240,344.1,0.9,163.214127056
10250,432.6,0.8,127.601956201
10260,371.2,0.8,138.83211151
10270,367.0,1.0,185.015594498
10280,350.8,0.7,106.340159876
10290,358.9,0.8,149.441887558
10300,320.5,0.8,140.244616378
10310,327.2,0.9,179.563960551
10320,347.6,0.9,159.427369351
10330,334.8,0.9,180.04295074
10340,323.9,0.7,113.698688186
10350,323.7,0.8,154.143764266
10360,369.1,0.8,135.863386685
10370,333.3,0.8,127.741613132
10380,359.1,0.7,107.816610597
10390,383.4,0.9,153.767345938
10400,346.0,0.5,59.8533978197
10410,408.4,0.9,153.522562379
10420,382.0,0.8,122.512554025
10430,433.3,0.7,103.834281264
10440,370.9,0.5,27.2377743047
10450,413.8,0.7,57.2965056219
10460,461.6,0.5,1.28803754775
10470,411.0,0.4,10.2001263109
10480,420.4,0.8,102.995830667
10490,420.8,0.6,32.9474944741
10500,438.5,0.7,69.3826628061
10510,434.8,0.6,28.0898813706
10520,438.4,0.6,23.3606975994
10530,453.6,0.6,23.3074300665
10540,456.3,0.7,77.5074679652
10550,424.6,0.5,-18.2580394141
10560,475.1,0.7,52.6709550945
10570,507.0,0.6,32.9675306891
10580,427.4,0.5,-13.9728371481
10590,502.8,0.5,-34.7345018884
10600,545.4,0.3,-93.5314508119
10610,498.1,0.3,-81.7832065205
10620,465.7,0.2,-115.608014891
10630,512.3,0.7,29.0730311971
10640,580.5,0.4,-52.6896659458
10650,541.6,0.4,-48.6135704585
10660,591.4,0.6,27.8959847241
10670,551.9,0.3,-75.3153603337
10680,533.1,0.2,-117.010219923
10690,585.9,0.2,-99.7596798547
10700,500.1,0.2,-87.8183752042
10710,608.3,0.1,-138.762631395
10720,627.7,0.2,-129.602500819
10730,791.7,0.7,12.2342658619
10740,698.8,0.5,-29.885959097
10750,775.9,0.4,-60.4380145267
10760,729.4,0.6,31.8803012024
10770,868.0,0.5,-26.5061923109
10780,717.9,0.3,-79.7234351326
10790,747.6,0.7,41.0238567525
10800,584.0,0.8,76.0717332264
10810,617.3,0.7,61.2184942455
10820,581.3,0.6,33.7388469699
10830,586.0,0.6,21.0491719334
10840,545.0,0.8,89.4618820965
10850,579.4,0.7,79.68929428
10860,516.6,0.6,59.4860284135
10870,457.3,0.6,70.5388312489
10880,411.1,0.7,99.2625722997
10890,483.5,0.9,134.299104408
10900,395.0,0.7,104.532987583
10910,422.8,0.8,118.396613247
10920,406.1,0.7,106.095582287
10930,409.5,0.5,50.8663154666
10940,356.2,0.8,143.460746355
10950,392.6,0.8,138.16137239
10960,402.4,0.9,167.007156352
10970,370.6,1.0,200.321112815
10980,340.2,1.0,208.887606971
10990,371.4,0.9,168.805584427
11000,333.0,0.8,142.008049882
11010,346.7,0.9,169.143748599
11020,392.4,1.0,189.490590887
11030,403.9,0.8,165.212581714
11040,371.4,0.9,160.711613033
11050,342.7,0.7,136.735930842
11060,424.4,1.0,173.451924853
11070,369.4,0.9,169.479671401
11080,406.9,0.7,139.218283781
11090,325.8,0.8,122.247725063
11100,358.0,0.8,136.706448312
11110,365.2,1.0,203.086955621
11120,274.9,0.7,132.856996677
11130,393.1,0.7,101.757197587
11140,348.2,0.9,162.947840928
11150,297.8,0.7,135.85402862
11160,345.3,1.0,191.708270096
11170,285.6,0.8,157.240406284
11180,346.0,0.8,125.642850598
11190,345.1,0.9,173.990830519
11200,393.5,0.7,106.002852084
11210,338.5,0.7,108.032002964
11220,350.2,0.9,179.283210595
11230,360.4,0.9,157.968623627
11240,308.4,0.8,145.355113789
11250,317.6,0.8,142.343935551
11260,380.4,0.8,117.27567439
11270,354.4,0.8,124.936544351
11280,351.4,0.9,176.027870952
11290,334.4,0.8,135.026896536
11300,311.2,0.8,149.500116204
11310,312.6,0.7,124.456360299
11320,314.9,0.9,169.445374615
11330,300.1,0.8,155.140406986
11340,319.0,0.8,147.234455815
11350,343.5,0.9,176.68281143
11360,328.6,0.8,141.757634011
11370,303.9,0.9,175.59809183
11380,313.9,0.9,181.997030585
11390,314.5,1.0,199.963906402
11400,335.1,1.0,188.293336083
11410,282.5,0.9,168.551511874
11420,259.2,0.8,157.897770145
11430,277.7,0.8,145.596553405
11440,278.8,0.8,158.484635455
11450,302.7,0.9,191.526606947
11460,238.2,0.5,102.163315557
11470,287.9,0.9,184.505690053
11480,257.2,0.7,141.577742515
11490,302.8,1.0,207.485927075
11500,261.5,0.7,133.302835392
11510,268.2,0.8,161.457836044
11520,283.5,0.8,151.52050541
11530,272.4,0.9,185.2291155
11540,310.2,0.6,100.328115701
11550,290.0,0.9,189.397702978
11560,269.8,0.8,163.109812057
11570,284.8,0.8,156.883304023
11580,298.0,0.8,153.630500259
11590,315.6,0.6,111.5275515
11600,277.5,0.9,196.12400269
11610,281.5,0.7,130.308197953
11620,298.4,0.8,156.006409698
11630,280.6,0.8,159.256575369
11640,304.4,0.8,148.736295424
11650,329.1,1.0,194.513956165
11660,285.2,0.7,137.372023801
11670,306.0,1.0,198.304766694
11680,260.6,0.7,136.617696183
11690,300.6,0.9,184.26357816
11700,280.7,1.0,216.453480068
11710,288.1,0.8,157.479955864
11720,324.6,1.0,204.324501636
11730,286.4,1.0,203.557147803
11740,284.8,0.8,149.391204684
11750,289.7,0.6,112.235016609
11760,300.2,0.7,131.186537114
11770,330.0,1.0,214.009174334
11780,273.5,0.7,132.410234272
11790,335.8,0.9,175.566963421
11800,294.2,0.7,127.2891581
11810,284.4,0.8,161.479834018
11820,288.9,0.8,167.905991366
11830,300.3,0.6,96.0354093427
11840,282.9,0.8,162.243544249
11850,313.5,0.9,186.183753765
11860,314.4,0.8,137.155795826
11870,302.2,0.9,167.353398733
11880,301.1,0.7,115.273896295
11890,278.1,0.7,115.928385754
11900,320.3,0.8,151.408706729
11910,358.8,0.7,113.580579455
11920,337.5,0.4,60.7710077942
11930,324.6,0.6,66.7447936089
11940,281.0,0.5,54.694224027
11950,327.8,0.6,95.7093426735
11960,334.4,0.5,55.3561177025
11970,302.9,0.7,124.682601079
11980,259.6,0.4,36.6129207209
11990,322.1,0.6,69.1943101416
12000,336.7,0.7,88.4452315257
12010,328.7,0.6,101.06204654
12020,282.7,0.5,46.4118930078
12030,322.4,0.5,68.1351052229
12040,312.3,0.7,89.4866377387
12050,295.4,0.5,67.0517792443
12060,361.1,0.9,156.622805004
12070,309.3,0.7,112.592921452
12080,318.0,0.4,15.7506665437
12090,364.6,0.6,76.7412224781
12100,410.7,0.8,122.494366447
12110,348.3,0.7,101.971981231
12120,449.9,0.8,127.97799262
12130,332.3,0.5,49.5745122137
12140,357.0,0.8,135.771438234
12150,360.9,0.7,98.1205336219
12160,439.7,0.8,131.095700717
12170,377.7,0.8,127.789841623
12180,398.3,0.8,139.725168598
12190,355.2,0.7,109.849884431
12200,388.7,0.7,117.475665065
12210,339.6,0.9,167.259514253
12220,351.0,0.6,83.2119374063
12230,312.2,0.5,55.1116052959
12240,417.7,0.7,116.45972539
12250,343.3,0.9,156.673183523
12260,394.0,1.0,196.075792525
12270,362.6,1.0,187.093651942
12280,362.7,0.8,147.131019895
12290,395.8,0.6,78.922001254
12300,358.7,0.9,153.553367398
12310,358.0,0.8,149.721096258
12320,394.1,0.9,165.150415796
12330,393.1,1.0,204.481928844
12340,346.0,1.0,188.856230319
12350,366.5,0.8,146.607556288
12360,339.3,0.7,132.751064871
12370,384.5,0.8,139.062866955
12380,343.8,0.8,138.762834189
12390,379.6,0.7,120.984252559
12400,320.2,0.7,119.241887986
12410,348.1,0.8,133.832133747
12420,365.5,0.6,87.0979903585
12430,325.6,0.7,113.516590398
12440,354.2,0.9,161.970082956
12450,329.0,0.9,183.230402127
12460,341.1,0.9,173.095789976
12470,323.5,0.8,144.422053016
12480,328.3,0.8,154.433584864
12490,355.3,0.8,151.31652673
12500,322.8,0.8,130.961120625
12510,338.4,0.8,139.099831809
12520,417.4,0.8,149.982708159
12530,394.4,0.8,132.233137164
12540,352.3,0.8,144.400828323
12550,334.5,0.8,152.53030305
12560,312.1,0.8,141.857329106
12570,302.0,0.4,41.9932805081
12580,382.9,0.9,147.600150715
12590,420.3,0.8,112.554264545
12600,341.5,0.6,85.8724773739
12610,338.4,0.6,82.8720217545
12620,325.7,0.7,115.885679666
12630,451.5,0.9,160.788792249
12640,336.1,0.5,54.550518385
12650,383.7,0.9,155.943349832
12660,326.6,0.5,46.3594423391
12670,367.0,0.6,74.9170382237
12680,347.6,0.7,117.515038748
12690,370.4,0.8,117.029939033
12700,360.3,0.7,110.26323949
12710,386.8,0.9,150.332694535
12720,429.8,0.8,146.416627379
12730,350.6,0.6,88.9313430297
12740,355.6,0.6,81.784087901
12750,478.6,0.8,133.671630886
12760,378.5,0.7,121.59829043
12770,400.1,0.7,97.4900071049
12780,391.7,0.8,124.821154047
12790,387.8,0.8,128.750420947
12800,417.9,0.9,148.267696191
12810,353.2,0.9,156.562362373
12820,378.5,0.7,104.376815825
12830,356.0,0.8,132.780252283
12840,419.5,0.7,110.947792737
12850,477.4,0.7,119.796383609
12860,341.3,0.8,156.626754984
12870,322.2,0.8,129.135147512
12880,382.9,0.9,175.884793126
12890,307.9,0.7,107.377056592
12900,299.0,0.7,121.809475815
12910,385.3,0.6,107.301438142
12920,341.6,0.7,102.046237228
12930,300.9,0.9,163.95348153
12940,285.0,0.7,116.507546539
12950,357.1,0.9,156.52352953
12960,428.1,0.8,139.918754596
12970,280.9,0.4,43.6451897895
12980,293.3,0.7,112.294723472
12990,310.2,0.6,92.9390818703
13000,296.3,0.9,174.876790681
13010,311.1,0.8,155.466034939
13020,378.8,1.0,193.072690947
13030,284.2,0.5,72.5078801923
13040,364.3,0.6,114.777185876
13050,308.3,0.3,21.732349482
13060,276.6,0.6,92.344938559
13070,305.4,0.7,107.595569925
13080,366.1,0.9,150.736437913
13090,302.7,0.8,137.540450022
13100,354.7,0.7,111.465176482
13110,317.0,0.7,116.591205601
13120,254.2,0.3,17.4477551756
13130,324.8,0.7,115.684885497
13140,350.7,0.8,116.035160572
13150,315.2,0.9,152.256979974
13160,337.9,0.7,101.288571617
13170,376.5,0.9,138.24108509
13180,301.0,0.6,73.027838061
13190,321.6,0.6,79.5886651729
13200,295.1,0.5,39.6365474017
13210,352.6,0.3,9.64985689304
13220,278.8,0.2,-33.3386687896
13230,391.7,0.8,124.123525533
13240,363.1,0.9,167.524999494
13250,399.4,0.8,133.73085907
13260,364.2,0.9,144.056469531
13270,381.1,0.7,92.1164834337
13280,413.7,0.6,69.9413413304
13290,402.0,1.0,166.668402092
13300,424.4,0.8,119.093760186
13310,431.9,0.8,126.009510234
13320,510.6,0.7,106.343204933
13330,498.7,0.5,46.6236403169
13340,462.9,0.8,142.987388363
13350,417.9,0.8,109.411683209
13360,557.1,0.5,70.2751364431
13370,461.2,0.5,35.3967129781
13380,505.1,0.4,51.4286928842
13390,522.2,0.7,112.826623478
13400,418.2,0.4,14.0677559878
13410,482.6,0.9,126.530356099
13420,494.7,1.0,165.07843348
13430,471.7,0.9,145.313869254
13440,506.7,0.9,135.361114997
13450,595.9,0.6,98.9538094124
13460,542.7,0.7,101.617627218
13470,511.2,0.8,128.714393752
13480,515.7,0.7,117.631034001
13490,455.4,0.8,140.090974605
13500,503.4,0.7,102.486938904
13510,421.0,0.8,141.923701297
13520,449.0,0.9,156.39242361
13530,459.9,0.9,163.415003219
13540,481.5,1.0,176.085381979
13550,448.6,1.0,169.192561963
13560,505.1,0.8,144.401464669
13570,454.4,1.0,187.398336016
13580,428.6,0.7,112.558609634
13590,546.8,0.6,104.128985706
13600,416.5,0.9,170.16922705
13610,393.8,1.0,182.978226564
13620,423.5,0.9,159.215798828
13630,432.9,1.0,195.525166604
13640,418.0,1.0,193.839093442
13650,432.1,0.9,159.30228224
13660,467.9,0.9,160.481936827
13670,534.7,0.9,174.568927451
13680,391.2,1.0,191.293172878
13690,416.4,1.0,179.737532037
13700,387.2,1.0,201.551175899
13710,434.0,0.9,160.166450261
13720,402.2,1.0,190.685353986
13730,431.2,1.0,166.051893708
13740,397.0,1.0,188.990039788
13750,381.5,0.9,159.434222057
13760,393.4,1.0,189.403558249
13770,382.7,0.9,172.019604367
13780,371.7,1.0,201.584732652
13790,421.9,1.0,181.12004351
13800,355.4,1.0,194.626839563
13810,372.6,0.9,172.678083812
13820,322.6,1.0,211.690454611
13830,428.7,0.9,185.823848841
13840,334.1,0.9,183.200292178
13850,395.9,0.9,177.552716255
13860,340.8,1.0,205.92599733
13870,357.6,0.8,144.052645566
13880,316.9,1.0,204.195389379
13890,368.4,0.9,165.600850639
13900,314.9,0.9,185.912753888
13910,299.4,0.8,161.761629706
13920,346.9,1.0,196.842169842
13930,301.2,1.0,211.61905835
13940,306.8,0.8,163.56461849
13950,288.6,0.9,175.647294135
13960,311.8,0.7,137.067636222
13970,322.6,0.9,170.492876369
13980,358.2,0.9,177.576073028
13990,291.5,0.9,188.578983759
14000,256.8,0.5,78.6153906404
14010,294.3,0.8,168.455665911
14020,291.4,1.0,221.433457812
14030,314.0,0.9,173.116038134
14040,389.4,0.8,133.193077957
14050,262.3,0.6,108.673552652
14060,314.8,0.8,145.268244509
14070,298.3,0.8,157.84203285
14080,379.8,1.0,180.391494851
14090,315.1,1.0,200.169088487
14100,248.7,0.7,143.333139213
14110,316.4,0.8,135.936687578
14120,295.3,0.7,117.639570193
14130,301.3,0.8,142.848807614
14140,332.8,0.9,169.015460629
14150,289.9,0.8,149.24357576
14160,292.8,0.9,168.102583271
14170,286.8,0.9,174.875710244
14180,269.0,0.7,145.769625985
14190,318.3,0.6,110.054352741
14200,255.4,0.7,136.740385347
14210,278.0,0.7,125.697872065
14220,278.6,0.8,146.585233854
14230,392.3,0.8,160.751928971
14240,308.7,0.9,163.336674724
14250,276.2,0.9,183.320716692
14260,343.1,0.9,183.529475916
14270,398.8,0.9,172.930406479
14280,327.7,0.9,149.41950752
14290,334.8,1.0,181.389420318
14300,286.6,0.6,85.4970940423
14310,302.9,0.9,171.177415049
14320,303.0,0.9,152.162478971
14330,332.9,0.8,131.086589211
14340,290.6,0.8,130.560369454
14350,436.9,0.9,134.146008358
14360,318.5,0.7,109.87746995
14370,327.2,0.7,108.358823246
14380,354.8,0.9,157.244787331
14390,292.2,0.4,31.5600448213
14400,328.7,0.8,126.230351841
14410,380.1,0.8,151.043879142
14420,296.4,0.7,112.858015787
14430,324.5,0.9,153.547835273
14440,301.9,0.9,155.920624242
14450,381.6,0.9,134.703897131
14460,325.1,0.8,151.384517776
14470,347.5,0.8,131.529179528
14480,321.6,0.1,-19.2047539117
14490,386.1,0.6,65.5834360115
14500,342.3,0.9,163.767552432
14510,423.8,0.9,161.797187565
14520,288.3,0.8,134.902525589
14530,321.3,0.9,140.519548365
14540,327.2,0.9,166.649402454
14550,432.3,0.7,94.7823863121
14560,449.2,0.6,69.0050446872
14570,417.8,0.7,109.560741923
14580,327.7,0.8,103.911745249
14590,305.4,0.6,77.0536955676
14600,311.3,0.7,88.6604212436
14610,361.8,0.7,71.4810570401
14620,491.9,0.5,68.0394243424
14630,352.7,0.7,77.7925309922
14640,418.6,0.7,82.7084303032
14650,383.3,0.8,91.5631839209
14660,353.3,0.9,125.369365475
14670,336.6,0.7,73.7784597453
14680,389.1,0.8,80.7749326219
14690,389.7,1.0,166.356394468
14700,345.9,0.7,92.5444935208
14710,373.5,0.8,112.757639292
14720,371.8,0.7,108.331082338
14730,384.0,0.9,128.144077927
14740,345.9,0.8,110.179586421
14750,451.9,0.6,70.1833591618
14760,382.0,0.8,125.927028498
14770,358.2,0.8,120.966418793
14780,452.2,0.8,112.898714353
14790,443.6,0.9,155.510397144
14800,369.7,0.7,73.9102863975
14810,419.7,0.9,124.694429469
14820,356.4,0.8,107.696072501
14830,390.9,0.9,158.56091805
14840,332.7,0.6,58.2688718643
14850,433.0,0.8,96.8507510904
14860,367.4,1.0,181.517924204
14870,425.0,0.8,144.752870698
14880,391.1,0.8,128.877041171
14890,423.5,0.7,104.368833862
14900,381.1,0.8,118.930034621
14910,309.8,0.8,156.429987488
14920,398.4,0.7,79.7986479965
14930,362.6,1.0,179.710509825
14940,339.3,0.7,105.871196542
14950,326.9,0.8,116.123804395
14960,338.2,0.8,108.353187907
14970,404.6,0.8,119.177812693
14980,423.8,0.9,125.804030855
14990,324.2,0.9,145.844826121
15000,324.2,0.8,140.891416986
15010,364.7,1.0,164.477737026
15020,414.3,0.8,90.3791898051
15030,396.4,0.8,95.5168726155
15040,304.2,0.5,48.2007067964
15050,442.0,0.5,29.525121085
15060,442.6,0.7,91.5117359857
15070,421.9,0.8,111.174133923
15080,398.7,0.7,85.6793769779
15090,363.6,0.8,91.8928946085
15100,370.6,0.7,82.965049175
15110,448.0,0.6,86.2386587311
15120,325.2,0.8,112.96232197
15130,338.4,0.5,23.0267410653
15140,347.3,0.9,125.813560621
15150,401.1,0.9,127.155320831
15160,424.0,0.8,108.233902247
15170,351.0,0.6,67.2500579166
15180,408.9,0.8,81.3199984053
15190,418.2,0.7,107.841653505
15200,389.8,0.7,83.3323292118
15210,337.3,0.8,100.911615942
15220,395.8,0.7,49.9517747144
15230,358.6,0.7,73.8676049123
15240,372.0,0.5,16.7803426857
15250,383.9,0.6,52.7430202913
15260,354.2,1.0,161.765529473
15270,361.6,0.8,94.6406517431
15280,424.5,0.7,63.2726883176
15290,371.7,0.7,79.2359938418
15300,369.7,0.6,77.7453924353
15310,453.1,0.5,34.5273974453
15320,348.9,0.6,42.0227614102
15330,361.4,0.6,34.0764274123
15340,361.5,0.7,53.9427912159
15350,359.1,0.9,141.593908919
15360,358.0,0.8,124.189746382
15370,488.8,0.9,112.356436556
15380,355.0,0.8,125.632689851
15390,386.0,0.7,85.6776672334
15400,399.4,0.7,95.2400401875
15410,380.5,1.0,168.536604352
15420,368.5,0.7,80.9406418166
15430,389.6,0.8,105.123366971
15440,429.2,0.9,129.940997231
15450,417.1,0.6,59.2572728535
15460,320.2,0.8,129.874569126
15470,381.0,0.6,54.6061475531
15480,405.0,0.7,90.362412664
15490,341.9,0.4,8.15182296546
15500,393.4,1.0,155.386124666
15510,416.4,0.8,102.065621147
15520,449.3,0.9,137.02917752
15530,503.6,0.9,138.557684542
15540,440.2,0.9,136.039920912
15550,433.1,0.7,66.5324047339
15560,500.0,0.9,109.885773524
15570,437.1,0.8,102.426370051
15580,502.2,0.9,131.515464236
15590,390.6,0.5,23.1510498962
15600,444.2,0.9,122.605429967
15610,405.0,0.7,82.4538941601
15620,454.7,0.8,75.9385064519
15630,435.2,0.8,114.076781618
15640,409.5,0.9,114.329761016
15650,382.3,0.6,63.7205253567
15660,389.0,0.9,145.812263923
15670,370.3,0.7,88.525830497
15680,420.0,0.9,124.411705215
15690,412.6,0.8,111.769473401
15700,384.1,0.9,140.486862661
15710,368.6,0.8,116.57353244
15720,358.2,0.9,166.769826874
15730,379.6,0.9,142.62581664
15740,377.3,0.9,158.414287868
15750,377.2,0.8,125.869535974
15760,315.3,1.0,214.880851354
15770,325.6,0.8,134.011176387
15780,320.9,0.9,170.776481974
15790,406.3,0.9,151.0969892
15800,354.8,0.9,158.382674557
15810,386.3,1.0,176.264373198
15820,355.0,0.9,167.283423481
15830,346.0,0.9,158.514896714
15840,383.1,1.0,179.697062181
15850,314.5,1.0,201.862593709
15860,363.5,1.0,204.991399681
15870,343.2,1.0,197.467917797
15880,324.5,1.0,195.30874021
15890,332.0,0.9,178.809314752
15900,340.6,0.8,153.760450365
15910,307.3,0.9,178.718808004
15920,299.6,1.0,200.630317478
15930,270.0,0.7,143.68344823
15940,349.8,1.0,200.740764405
15950,291.5,0.9,187.709367636
15960,290.7,0.9,197.238463803
15970,310.2,0.9,179.890425982
15980,306.3,0.8,160.130130528
15990,282.4,0.9,197.705272338
16000,338.8,1.0,209.171914952
16010,271.2,0.6,122.756326638
16020,299.6,0.9,193.847971452
16030,300.6,0.8,171.727644257
16040,297.1,0.8,163.664530037
16050,294.0,0.8,168.165670049
16060,290.2,0.8,165.886930989
16070,294.9,0.9,183.460425298
16080,284.8,0.9,190.47719005
16090,295.6,0.9,187.698928935
16100,316.3,0.8,152.65076069
16110,265.8,0.8,177.825749411
16120,287.7,0.7,140.124301094
16130,321.0,1.0,219.044208541
16140,305.0,1.0,202.99749596
16150,290.8,0.8,166.805563194
16160,301.7,0.8,162.779266267
16170,300.0,1.0,202.423049518
16180,295.6,0.8,172.644289744
16190,271.7,0.9,189.737388695
16200,291.4,0.8,167.386368905
16210,291.6,0.8,165.119452561
16220,247.4,0.7,146.953261483
16230,270.1,0.9,190.505310355
16240,285.0,0.9,193.908558058
16250,278.2,0.9,189.660009377
16260,283.8,0.6,123.143643218
16270,303.1,0.7,140.243512546
16280,291.6,1.0,201.792357137
16290,302.7,1.0,208.219879586
16300,373.9,0.8,132.753412444
16310,294.4,1.0,208.072470816
16320,270.7,0.8,166.504149176
16330,280.9,1.0,208.676116573
16340,292.9,0.8,153.782039457
16350,331.9,0.8,167.670357915
16360,327.3,1.0,200.582518788
16370,272.8,0.7,146.175802261
16380,282.6,0.9,185.502324221
16390,304.7,0.8,161.306285013
16400,290.3,0.8,173.054487116
16410,312.8,1.0,199.375277813
16420,283.6,0.8,167.021905542
16430,292.7,0.9,194.432480865
16440,409.5,0.9,190.992107009
16450,289.9,0.8,159.996987609
16460,346.2,0.7,122.442137466
16470,299.5,1.0,210.075384484
16480,307.4,0.9,184.239093943
16490,311.2,0.7,123.28257898
16500,286.3,0.9,182.734803882
16510,297.2,0.8,160.462129727
16520,298.7,0.9,184.079631776
16530,308.9,0.9,168.933653963
16540,292.8,1.0,208.454883589
16550,292.8,0.8,173.598847941
16560,307.5,0.8,153.782444431
16570,299.9,0.9,182.88525769
16580,280.3,0.9,177.530404178
16590,315.1,0.9,182.691884365
16600,266.5,0.9,202.93768988
16610,320.0,0.9,169.024175367
16620,279.5,0.9,196.888077803
16630,325.4,0.9,169.777697157
16640,273.5,0.9,177.875456049
16650,329.7,0.7,147.511316781
16660,276.0,0.7,127.776262505
16670,318.5,0.9,173.813834061
16680,319.9,0.8,156.608862349
16690,319.5,0.8,137.58279492
16700,366.6,0.9,150.142206606
16710,318.8,0.8,132.777268642
16720,314.7,0.9,196.742748705
16730,286.7,1.0,205.02911104
16740,299.8,1.0,197.879872003
16750,378.3,0.8,132.638245067
16760,364.7,0.8,152.136409257
16770,303.7,1.0,211.240935877
16780,325.6,0.9,166.688332154
16790,332.1,0.8,155.195358608
16800,320.1,0.9,197.670250395
16810,335.8,1.0,203.605024755
16820,321.7,1.0,191.431448399
16830,307.7,1.0,216.00760294
16840,342.2,1.0,215.465242185
16850,307.7,0.9,194.889906589
16860,337.7,0.9,173.006192468
16870,290.3,1.0,212.942056156
16880,315.0,1.0,203.430817791
16890,347.1,1.0,211.181923173
16900,282.6,0.8,167.797046306
16910,330.1,1.0,206.168304558
16920,285.5,0.9,189.579927062
16930,280.4,0.9,190.329038756
16940,284.2,0.8,157.16883904
16950,303.5,0.9,182.092388816
16960,296.4,0.9,192.453923516
16970,284.7,0.9,189.918309906
16980,299.3,1.0,203.770826098
16990,338.6,0.9,172.558668656
17000,310.1,0.7,129.025865218
17010,321.3,1.0,199.980630611
17020,271.7,0.7,142.283040805
17030,311.2,0.9,193.166310442
17040,301.1,0.9,199.895325914
17050,269.3,0.7,139.832274114
17060,315.2,1.0,212.636426686
17070,288.7,0.9,186.076507266
17080,284.6,0.9,181.282478629
17090,295.0,0.8,166.986622381
17100,296.5,0.9,186.315194913
17110,357.7,0.9,187.095930167
17120,317.9,1.0,186.487048583
17130,291.9,1.0,216.12045852
17140,272.1,0.8,160.144403669
17150,289.6,0.9,199.024689714
17160,339.3,0.9,173.213129164
17170,269.7,0.6,115.912761251
17180,334.4,0.9,184.88798994
17190,276.2,0.8,164.70069339
17200,343.3,0.9,172.319344862
17210,341.2,0.9,174.333841778
17220,289.2,1.0,221.327185176
17230,296.1,0.9,184.105238944
17240,314.0,0.7,119.278544236
17250,323.6,0.8,157.330187184
17260,315.4,0.9,194.002466968
17270,315.9,1.0,204.900349597
17280,300.1,0.9,193.479427652
17290,317.1,0.9,178.822403781
17300,274.0,0.8,161.826894399
17310,351.4,1.0,200.36169461
17320,315.0,1.0,204.96302291
17330,298.9,1.0,208.21107738
17340,304.9,1.0,200.954441251
17350,309.3,1.0,213.222698673
17360,317.1,0.9,171.817787446
17370,330.2,1.0,205.984633726
17380,318.4,0.9,186.213050371
17390,329.2,1.0,203.790770993
17400,311.9,1.0,209.188931246
17410,350.1,1.0,219.605643562
17420,322.7,0.9,179.597006491
17430,364.2,0.9,172.701915097
17440,308.7,0.9,190.717890896
17450,295.5,0.8,170.433921288
17460,311.7,0.9,189.163171706
17470,327.3,1.0,211.194327346
17480,316.9,0.9,183.934318685
17490,316.0,0.8,159.777487676
17500,345.0,0.8,144.748635842
17510,319.6,1.0,212.646671487
17520,355.5,1.0,192.415819463
17530,326.5,0.9,177.923698148
17540,305.6,0.8,160.60188899
17550,335.2,0.9,168.431603421
17560,386.3,1.0,207.412697481
17570,318.4,0.9,185.826043456
17580,341.8,1.0,218.119092093
17590,334.5,1.0,189.929690175
17600,343.2,0.7,121.316695111
17610,300.2,0.9,184.443790812
17620,322.8,1.0,214.339948377
17630,308.4,0.9,196.029361697
17640,334.0,1.0,201.149631729
17650,299.2,0.9,189.35050146
17660,334.8,0.9,189.557924053
17670,305.0,0.8,159.995601929
17680,287.4,1.0,212.458958955
17690,310.0,0.9,185.665558319
17700,309.1,0.8,168.327277781
17710,297.7,0.8,164.720579414
17720,316.4,0.9,180.48587126
17730,322.4,1.0,202.147986869
17740,344.8,1.0,202.781454367
17750,269.7,0.8,163.31576395
17760,289.5,0.9,191.106898784
17770,303.7,1.0,205.360922584
17780,300.5,0.9,190.869074661
17790,308.3,0.9,192.260482615
17800,292.2,0.8,156.701019595
17810,293.4,0.8,174.994027746
17820,321.3,1.0,203.670577259
17830,358.8,1.0,199.578822652
17840,272.7,0.8,163.775813149
17850,367.1,1.0,198.48405303
17860,384.9,1.0,196.305626887
17870,286.9,0.9,192.537590926
17880,276.0,0.7,135.063587515
17890,304.7,0.9,189.025365271
17900,330.8,1.0,190.673172119
17910,313.7,1.0,198.893871928
17920,326.2,1.0,203.719755756
17930,294.9,0.9,189.604507152
17940,327.5,0.9,177.320945253
17950,312.8,0.9,171.755943812
17960,367.5,1.0,179.854444132
17970,335.6,1.0,198.838464898
17980,328.0,0.9,187.471160648
17990,366.2,0.9,135.214403661
18000,361.6,1.0,183.475835987
18010,366.1,0.9,170.899560443
18020,344.6,1.0,200.526210178
18030,341.9,0.9,176.948211239
18040,321.3,1.0,216.267399125
18050,313.2,0.9,178.719293526
18060,335.4,0.9,171.559071733
18070,307.9,0.8,149.785707981
18080,353.8,1.0,195.850550446
18090,329.8,1.0,201.172043858
18100,348.8,0.9,161.753538436
18110,373.5,1.0,187.970234071
18120,322.3,0.9,175.55335995
18130,351.0,1.0,201.339855244
18140,383.6,1.0,188.559131264
18150,316.5,1.0,208.33498551
18160,342.7,1.0,192.317300686
18170,342.0,1.0,197.290114595
18180,385.8,1.0,181.748169206
18190,316.1,0.9,172.339534442
18200,337.5,1.0,203.843601235
18210,332.9,1.0,210.581466637
18220,306.9,0.9,187.524456957
18230,359.1,0.9,173.417256829
18240,396.7,1.0,193.695255243
18250,399.7,0.9,151.49604398
18260,427.6,0.9,189.586294832
18270,307.0,0.9,186.903243492
18280,322.4,1.0,204.966917702
18290,359.0,1.0,197.587770466
18300,298.3,1.0,202.518157952
18310,338.5,1.0,203.761936808
18320,310.7,0.9,186.766442245
18330,303.6,0.9,182.803202603
18340,298.2,0.9,178.652421327
18350,293.8,0.8,167.25141095
18360,310.1,1.0,205.465392578
18370,319.2,0.7,124.488259042
18380,418.8,0.9,166.294093792
18390,303.9,0.9,184.151079659
18400,380.2,1.0,210.127180714
18410,345.5,1.0,210.423200778
18420,300.9,0.8,172.170035539
18430,299.6,1.0,216.000261226
18440,328.0,1.0,209.902940048
18450,309.1,0.8,163.729437404
18460,308.4,0.8,176.753300842
18470,307.1,0.8,157.243342826
18480,302.9,1.0,217.496657332
18490,301.6,0.9,198.974837091
18500,296.7,1.0,212.841043939
18510,315.3,1.0,203.782938322
18520,290.7,1.0,210.466728947
18530,305.3,1.0,204.698554847
18540,318.3,0.9,188.24203688
18550,286.5,1.0,215.446105563
18560,304.3,0.9,192.965988482
18570,297.0,0.9,186.596750231
18580,302.2,0.8,162.591547612
18590,299.2,0.9,181.721930515
18600,268.2,0.9,184.448338079
18610,289.6,0.8,149.528249801
18620,301.0,0.8,161.225558044
18630,270.5,0.7,124.289610401
18640,300.6,0.8,169.266810484
18650,302.3,0.8,157.766604397
18660,293.6,0.8,159.669724963
18670,294.6,1.0,226.176621
18680,269.4,0.6,112.228581041
18690,283.6,0.6,116.427050491
18700,262.5,0.8,155.464219988
18710,296.1,0.9,164.822960181
18720,300.3,0.9,177.265153981
18730,290.9,0.7,133.529859888
18740,283.2,0.6,103.275725287
18750,354.6,0.9,184.204094255
18760,275.6,0.9,198.527806751
18770,290.8,0.8,164.670607761
18780,274.0,0.8,169.236507015
18790,304.6,0.8,142.591076866
18800,300.1,1.0,204.765288662
18810,284.4,0.8,159.798384535
18820,268.3,0.8,171.080198316
18830,324.1,0.9,182.647811329
18840,288.6,1.0,208.831268129
18850,337.1,0.5,98.6900805307
18860,278.6,0.9,182.611696734
18870,305.4,1.0,211.868838742
18880,285.8,0.7,130.775755608
18890,299.9,1.0,220.395064987
18900,275.2,0.9,186.617811795
18910,273.8,0.9,184.223890821
18920,289.8,0.7,145.086420916
18930,295.1,0.7,144.980145841
18940,301.4,1.0,206.436953119
18950,268.8,0.8,164.40172823
18960,318.2,0.9,189.851073694
18970,280.0,0.8,177.690993032
18980,267.5,0.7,134.755500031
18990,287.6,1.0,218.816439683
19000,306.4,1.0,206.817045474
19010,314.6,0.9,192.170228604
19020,290.4,0.7,142.846860574
19030,281.4,0.8,155.965341916
19040,306.1,1.0,214.63755985
19050,281.2,0.7,132.075429909
19060,263.0,0.8,161.859826403
19070,345.5,0.8,131.278073264
19080,308.9,0.8,150.391080335
19090,359.1,0.9,155.791538774
19100,264.5,0.8,166.523516982
19110,308.9,0.8,147.689347463
19120,286.4,0.9,187.082854421
19130,295.2,1.0,206.49919824
19140,369.0,0.8,168.083571604
19150,302.7,0.7,129.550166713
19160,267.8,0.6,119.317657356
19170,280.9,0.9,183.468083668
19180,290.4,0.9,193.125513339
19190,309.9,0.9,173.717144222
19200,310.7,1.0,214.06324229
19210,298.2,0.9,196.334843452
19220,297.0,0.8,162.252527176
19230,302.9,1.0,195.606634549
19240,333.6,0.7,126.870988398
19250,310.2,0.8,165.479436211
19260,276.4,0.6,102.846014193
19270,315.0,0.9,177.491084297
19280,327.3,0.9,182.236644783
19290,340.6,1.0,211.194425967
19300,340.4,1.0,212.183335048
19310,376.7,0.7,137.405335575
19320,298.3,0.8,159.375632265
19330,300.7,0.9,186.377423207
19340,338.5,0.9,175.805730026
19350,301.0,0.8,163.009126573
19360,341.4,0.8,144.629311332
19370,318.3,0.9,176.445960229
19380,297.4,0.9,172.985237055
19390,313.5,0.9,180.790971325
19400,326.6,0.8,157.814708087
19410,299.7,0.6,109.173450693
19420,335.0,0.8,157.913481479
19430,319.2,0.8,159.430904529
19440,298.6,0.8,156.375341743
19450,292.6,0.7,122.09491963
19460,295.8,0.8,155.406807127
19470,358.2,0.9,168.252539942
19480,319.1,0.8,156.370542505
19490,309.4,0.9,177.683292327
19500,308.1,0.9,184.582702074
19510,302.9,0.8,161.738681443
19520,309.0,1.0,208.629121789
19530,294.7,0.9,192.389511782
19540,356.6,1.0,207.390813367
19550,310.6,0.8,154.802185079
19560,309.5,0.8,144.444514078
19570,328.7,0.9,179.84402985
19580,303.3,0.8,157.834386702
19590,351.3,0.9,165.731262895
19600,339.1,0.9,174.377421415
19610,309.0,0.9,177.16901835
19620,336.7,1.0,198.300965917
19630,334.6,1.0,207.746050372
19640,352.7,0.9,165.621865375
19650,332.2,0.9,172.307240155
19660,328.5,0.9,171.638386365
19670,354.5,1.0,211.300714278
19680,340.8,0.9,161.884369821
19690,317.9,0.9,174.668889719
19700,325.4,0.7,118.563389119
19710,350.2,0.7,120.179367563
19720,310.7,0.7,118.066169366
19730,322.6,0.9,180.18553764
19740,324.7,0.7,124.187349152
19750,318.7,0.7,130.975771487
19760,336.7,0.7,113.599698377
19770,392.8,0.8,138.798117102
19780,390.2,0.9,170.837310676
19790,316.9,0.8,158.810247629
19800,320.2,0.9,181.709430284
19810,391.4,0.8,133.933167507
19820,347.8,0.8,145.903304163
19830,376.9,1.0,195.719694289
19840,348.3,0.9,156.680326745
19850,370.6,1.0,181.951951788
19860,339.6,0.9,175.502806892
19870,371.7,0.8,148.008496649
19880,393.9,0.8,128.912428618
19890,348.5,1.0,189.051271378
19900,356.4,0.6,81.5869352966
19910,372.5,0.9,154.182279085
19920,329.7,0.9,175.730498523
19930,357.9,1.0,193.202617994
19940,365.5,0.9,175.524596948
19950,383.0,1.0,199.238889186
19960,340.4,0.9,182.602174558
19970,337.1,0.7,121.980759662
19980,360.6,0.7,107.875493645
19990,361.8,1.0,207.762010872
20000,363.2,0.7,115.075386789
20010,370.9,1.0,193.676014044
20020,398.2,0.9,161.114927426
20030,355.0,1.0,199.554543209
20040,421.7,1.0,193.881511326
20050,381.6,1.0,183.793738655
20060,366.2,0.9,163.998695112
20070,358.3,0.8,149.416978551
20080,334.3,1.0,202.789389147
20090,363.5,0.9,178.766061017
20100,308.5,0.6,105.478869634
20110,333.5,0.9,170.386853091
20120,336.5,0.8,152.577034997
20130,323.4,0.8,153.089789659
20140,332.1,1.0,203.748948296
20150,311.0,1.0,209.539178106
20160,297.7,0.8,153.16336195
20170,348.0,0.9,165.376601051
20180,299.3,0.8,159.103646268
20190,327.3,0.9,177.7614866
20200,333.7,0.8,146.558618504
20210,327.8,0.9,179.449715329
20220,303.9,0.8,155.255999747
20230,316.9,0.9,180.966922495
20240,372.3,0.9,172.463112807
20250,302.4,0.8,163.420700588
20260,312.9,0.9,181.537925389
20270,327.8,0.8,159.410192231
20280,319.9,0.9,184.819806732
20290,268.5,0.6,106.580263116
20300,299.2,0.9,180.075549628
20310,315.4,0.9,174.910956089
20320,328.9,0.8,148.171325007
20330,308.7,1.0,207.650498569
20340,274.7,0.7,131.456359643
20350,288.7,0.7,127.974027651
20360,279.1,0.7,133.554691076
20370,296.0,1.0,204.981922938
20380,314.3,0.8,141.868384932
20390,356.7,0.8,139.068989742
20400,373.0,0.7,137.18080851
20410,369.2,1.0,193.950276383
20420,312.7,1.0,204.913762673
20430,316.6,0.8,139.357490691
20440,330.9,0.6,99.1711871191
20450,330.5,1.0,200.821532168
20460,391.4,1.0,172.608467667
20470,366.0,0.9,167.697345176
20480,333.5,1.0,207.462957691
20490,329.2,0.8,155.959454714
20500,310.8,0.9,185.713481008
20510,342.0,1.0,205.738893884
20520,311.8,0.7,124.944501008
20530,334.0,0.8,148.047996722
20540,325.9,0.9,176.31373646
20550,326.4,0.7,132.831098645
20560,364.4,0.9,151.362114842
20570,341.9,0.8,154.572405238
20580,341.9,1.0,208.00105198
20590,319.8,0.9,176.707009835
20600,346.0,1.0,199.644544978
20610,341.5,0.8,155.100289943
20620,339.6,0.9,172.253605572
20630,394.0,1.0,196.076566539
20640,344.9,0.9,168.460072498
20650,321.2,0.8,145.203190381
20660,335.1,0.9,172.442507435
20670,324.7,0.9,173.65699666
20680,317.9,0.6,88.0342230913
20690,304.8,0.7,128.306937601
20700,358.1,0.9,173.659233895
20710,325.0,1.0,200.794600842
20720,373.7,0.8,139.717742435
20730,298.2,0.7,127.375015988
20740,301.0,0.8,149.023522998
20750,314.8,0.7,107.496323918
20760,293.4,0.9,179.386172229
20770,293.0,0.8,142.582734987
20780,299.6,0.7,132.609275467
20790,334.7,1.0,195.560421229
20800,307.7,0.9,172.76212777
20810,334.1,0.8,143.798403957
20820,310.4,0.8,146.364811496
20830,316.8,0.8,133.478903992
20840,304.1,0.8,152.647767354
20850,325.6,0.9,173.104004426
20860,279.1,0.7,127.225497351
20870,297.8,0.8,156.495480844
20880,338.9,1.0,198.564520785
20890,347.8,1.0,185.267367433
20900,305.5,0.8,149.215484313
20910,281.2,0.8,150.114916744
20920,371.2,0.8,135.194568796
20930,317.9,1.0,199.334431391
20940,325.4,0.8,172.508946564
20950,298.1,0.9,171.679624108
20960,320.0,1.0,203.044018258
20970,328.3,0.9,177.156843662
20980,305.1,0.8,147.671974216
20990,301.1,0.7,123.892430563
21000,290.8,0.9,183.334347838
21010,300.8,0.8,158.90641274
21020,342.0,1.0,182.210355975
21030,312.9,0.9,171.988504428
21040,320.7,0.8,153.727389404
21050,300.1,0.8,156.087772502
21060,313.5,0.7,120.380482488
21070,335.6,0.9,171.062959269
21080,339.4,0.7,118.677702672
21090,306.1,0.6,104.655710338
21100,338.2,0.8,155.899492078
21110,324.8,0.9,165.306348392
21120,299.1,0.9,172.313101847
21130,315.8,0.7,133.852913596
21140,367.6,0.8,143.070383601
21150,370.2,0.8,131.94361499
21160,299.0,0.9,175.710193473
21170,333.0,0.9,182.865888966
21180,329.3,1.0,195.996337073
21190,318.7,1.0,193.930213863
21200,402.0,0.9,177.860930437
21210,310.4,0.9,174.052876008
21220,325.4,0.8,135.557270582
21230,347.2,0.8,147.514750454
21240,375.0,1.0,197.192333776
21250,368.3,1.0,180.041381357
21260,352.2,0.9,157.788254791
21270,313.3,0.8,142.248742453
21280,363.8,0.9,161.244305287
21290,372.0,0.8,142.254607839
21300,371.4,0.9,164.777737799
21310,385.9,1.0,178.372762619
21320,357.4,0.8,140.675494931
21330,360.9,0.6,71.4722635508
21340,360.6,0.8,143.180048083
21350,398.0,0.8,119.237168973
21360,393.2,0.8,136.981039985
21370,377.5,0.8,116.64364407
21380,420.2,0.6,71.856303903
21390,388.4,0.8,135.960412825
21400,354.2,0.6,86.8585461769
21410,363.3,0.9,161.063964378
21420,368.3,0.8,146.694842514
21430,361.6,0.8,132.828735451
21440,372.8,0.9,155.665995044
21450,370.9,0.8,143.312733486
21460,381.7,0.8,139.176159867
21470,360.3,0.7,109.085216283
21480,336.1,0.8,144.186546543
21490,345.0,0.8,144.727097588
21500,338.4,0.9,166.473715071
21510,343.3,0.8,146.923410877
21520,304.7,0.8,150.638879596
21530,326.9,0.8,150.078733894
21540,352.5,0.9,175.7957664
21550,316.8,0.7,126.804770742
21560,330.9,0.9,165.807365343
21570,309.4,0.9,179.076306687
21580,320.3,0.8,154.148803279
21590,308.1,0.9,185.17157409
21600,352.2,0.9,162.244839247
21610,343.8,0.9,169.988202347
21620,339.9,0.8,147.751761129
21630,365.0,0.8,145.691023024
21640,278.0,0.7,118.734239042
21650,304.8,0.9,186.635959125
21660,329.9,1.0,192.996935706
21670,328.9,0.9,185.908582419
21680,304.6,0.9,171.064139631
21690,376.4,0.8,127.646525559
21700,297.1,0.8,158.728340467
21710,299.9,0.8,150.813750864
21720,286.3,0.7,119.056403792
21730,312.7,0.8,155.854539075
21740,381.3,0.9,179.658425421
21750,318.5,0.7,125.179685797
21760,325.8,1.0,206.599930599
21770,293.1,0.6,93.376316475
21780,366.1,0.8,148.765162641
21790,309.0,1.0,196.118402641
21800,317.5,0.9,172.867710421
21810,396.0,1.0,169.479213643
21820,311.1,0.8,148.00906716
21830,335.2,0.9,169.99029379
21840,309.1,1.0,193.941447039
21850,292.9,0.9,180.723280945
21860,307.4,0.7,119.230947708
21870,316.9,1.0,192.896660713
21880,291.3,0.8,148.692950618
21890,316.4,0.8,148.563876597
21900,281.3,0.7,133.049678589
21910,340.5,0.9,162.902834164
21920,293.9,0.9,192.616335375
21930,299.1,0.9,186.055690591
21940,296.1,1.0,198.664892924
21950,312.6,0.6,114.545024415
21960,300.9,0.9,164.096048336
21970,331.0,1.0,190.907833672
21980,278.8,1.0,207.145265776
21990,335.6,0.7,113.148189926
22000,274.6,0.8,157.595608938
22010,315.8,0.8,149.484341088
22020,341.9,0.8,145.515353479
22030,358.3,0.9,163.161025918
22040,284.8,0.9,183.895617355
22050,291.6,0.8,142.569723275
22060,299.5,0.7,131.242036668
22070,292.7,0.7,123.963812795
22080,272.6,0.8,149.859801503
22090,314.8,1.0,191.87436374
22100,313.6,0.8,161.137764509
22110,327.8,0.8,131.235686632
22120,318.6,0.7,137.863617153
22130,356.3,0.9,174.617505743
22140,310.9,0.7,112.618428086
22150,305.7,0.9,181.319853986
22160,321.1,0.7,118.293350704
22170,307.9,0.9,165.621614694
22180,293.9,0.8,148.389075653
22190,276.1,0.8,152.871955643
22200,328.0,1.0,191.616850353
22210,293.2,0.9,170.024063004
22220,308.4,0.8,146.860765255
22230,336.3,0.9,183.031998698
22240,313.7,1.0,193.369732631
22250,279.6,0.7,133.846977417
22260,298.1,0.7,131.788994577
22270,300.1,0.7,115.250664035
22280,281.1,0.7,117.21692069
22290,294.3,0.9,157.195045223
22300,297.7,0.9,179.621863252
22310,311.8,0.8,141.727243228
22320,282.3,0.9,178.928504175
22330,269.4,0.7,126.663700621
22340,288.6,0.8,144.945763891
22350,414.7,0.9,181.899598311
22360,305.6,0.8,168.13293915
22370,258.5,0.7,138.544875941
22380,314.2,0.6,105.854203559
22390,393.4,0.9,155.578383531
22400,386.1,1.0,196.272241075
22410,349.6,0.9,181.468814339
22420,292.3,0.8,151.28435651
22430,309.7,0.8,139.722078128
22440,298.7,1.0,202.652630798
22450,280.9,0.8,150.415561185
22460,329.7,0.8,140.362308834
22470,295.0,1.0,197.498510015
22480,316.7,0.9,167.220036263
22490,275.3,0.8,158.299498496
22500,316.1,0.7,113.911942612
22510,297.7,0.7,135.908739436
22520,271.4,0.6,93.6861377845
22530,273.4,0.7,136.911887568
22540,240.3,0.7,138.017870333
22550,322.0,0.9,168.622651517
22560,321.8,0.9,172.085759064
22570,312.7,0.7,136.766351816
22580,292.9,0.7,144.277794657
22590,282.7,0.7,132.745761341
22600,305.7,0.8,141.703447307
22610,290.9,0.8,137.917522028
22620,301.4,1.0,197.757241377
22630,301.6,0.8,138.990475873
22640,269.1,0.7,129.700299424
22650,315.3,0.8,140.636773295
22660,288.4,0.8,158.240443268
22670,347.4,0.9,172.338048917
22680,295.9,0.7,131.967897022
22690,295.0,0.9,168.129631845
22700,287.5,0.8,152.237194076
22710,289.1,0.9,178.236688517
22720,318.0,0.7,127.068519586
22730,289.7,0.9,175.605177943
22740,367.4,1.0,190.333325552
22750,299.7,0.8,146.446536929
22760,299.1,0.7,118.213435187
22770,279.4,0.9,183.732802523
22780,286.1,1.0,203.806964775
22790,327.2,0.9,178.310429192
22800,279.1,0.8,150.373789307
22810,341.4,0.8,143.608489163
22820,318.4,1.0,198.413040484
22830,284.6,0.9,172.504055867
22840,287.0,0.8,138.340478548
22850,303.4,0.8,146.652774008
22860,336.7,0.9,166.880137184
22870,320.8,0.8,145.718925627
22880,321.8,0.8,138.8114868
22890,306.9,0.8,143.566583987
22900,268.0,0.7,120.188837562
22910,292.2,0.8,136.398290258
22920,294.6,0.6,109.412789687
22930,290.2,0.7,113.220787848
22940,372.1,0.8,152.959974912
22950,320.3,0.8,144.801247066
22960,285.1,0.9,169.652227371
22970,284.1,0.8,147.994010709
22980,304.7,0.7,111.085722814
22990,296.8,0.9,174.718889251
23000,331.4,1.0,189.804053949
23010,267.5,0.6,91.4160719255
23020,426.0,0.7,140.595706045
23030,339.8,0.6,111.897923724
23040,278.2,0.9,167.107665367
23050,318.9,0.9,171.504890932
23060,397.3,0.9,185.974301898
23070,263.5,0.8,144.202762001
23080,278.4,0.6,97.009364515
23090,306.6,1.0,193.010178426
23100,315.0,0.4,55.431695361
23110,354.2,0.7,128.477666968
23120,255.1,0.8,152.841083363
23130,262.9,0.8,147.171807497
23140,249.3,0.6,106.711431169
23150,294.9,0.7,112.24760634
23160,239.1,0.4,55.6852007188
23170,244.8,0.8,153.719467586
23180,284.6,1.0,204.237663258
23190,311.6,0.9,160.645342138
23200,305.6,0.9,161.977172514
23210,279.6,0.6,90.0369862634
23220,263.4,0.8,155.34494607
23230,320.8,0.6,118.720570793
23240,228.6,0.5,86.1223005605
23250,311.1,0.8,142.316355546
23260,240.3,0.6,93.0273001283
23270,279.7,1.0,193.292943559
23280,249.3,0.8,144.461176032
23290,326.4,0.5,92.5441656075
23300,371.8,0.9,194.003052136
23310,274.0,0.6,104.065766487
23320,254.8,0.7,126.432231691
23330,235.8,0.6,95.3731216174
23340,243.5,0.7,128.889577169
23350,296.6,0.8,149.96824448
23360,247.6,0.6,105.586505587
23370,249.1,0.7,127.298653911
23380,242.3,0.9,166.937973961
23390,396.5,0.8,168.180316982
23400,282.6,0.9,170.909575063
23410,212.1,0.4,65.2159372171
23420,224.0,0.3,38.7840432255
23430,267.9,0.7,113.539891083
23440,367.9,0.3,65.6907293025
23450,262.2,0.7,115.441487289
23460,251.7,0.9,161.24566418
23470,422.2,0.8,160.858075541
23480,233.8,0.5,71.2982416421
23490,261.0,0.6,94.7789973159
23500,256.7,0.8,148.879825101
23510,296.0,0.7,125.99687618
23520,247.0,0.8,153.694537097
23530,303.7,0.9,163.781227348
23540,241.4,0.7,121.071718152
23550,300.4,0.9,158.283666671
23560,325.1,0.8,156.98480022
23570,230.0,0.5,63.6177023785
23580,324.3,0.8,160.736334859
23590,235.0,0.7,131.201918382
23600,283.7,0.7,110.498687667
23610,223.8,0.6,109.317402063
23620,331.5,0.7,140.945664435
23630,224.3,0.5,81.871900876
23640,340.7,0.5,80.3600393275
23650,271.3,0.6,88.0063518062
23660,342.7,0.8,141.538845095
23670,225.5,0.7,142.21134596
23680,244.2,0.7,117.216870644
23690,247.7,0.7,117.074969039
23700,289.3,0.6,80.4588566073
23710,310.4,0.7,101.171198475
23720,255.6,0.8,150.869243699
23730,272.9,0.7,116.822389114
23740,236.3,0.5,66.5849502778
23750,252.9,0.5,58.7793308476
23760,271.6,0.7,126.913505107
23770,230.9,0.7,120.177548707
23780,251.4,0.8,166.193087944
23790,326.8,0.7,150.645681706
23800,256.4,0.9,176.154128126
23810,335.1,0.6,103.837422242
23820,371.2,0.3,43.7120160748
23830,241.5,0.7,124.290905828
23840,249.8,0.6,82.2302262303
23850,274.1,0.8,139.304858184
23860,339.0,0.8,150.577611169
23870,256.4,0.7,137.381305322
23880,241.0,0.7,129.013044504
23890,240.7,0.5,62.4852103942
23900,249.2,0.6,89.7199385938
23910,263.2,0.7,118.400225592
23920,277.6,0.7,119.852116352
23930,235.1,0.3,25.9718013964
23940,213.9,0.6,92.2465387877
23950,270.0,0.4,72.0075419963
23960,300.4,0.5,89.6444114822
23970,255.3,0.5,72.1401393936
23980,260.4,0.9,177.607277127
23990,209.5,0.6,107.898218003
24000,208.1,0.6,99.7044385607
24010,229.0,0.6,102.371225972
24020,291.8,0.7,119.970789129
24030,306.3,0.7,118.183862774
24040,286.2,0.8,146.252888454
24050,296.6,0.7,115.889107478
24060,254.0,0.6,95.7731034713
24070,236.6,0.6,101.069021229
24080,297.9,0.9,177.619901723
24090,230.5,0.7,119.254654887
24100,302.3,0.5,81.5629381103
24110,236.2,0.8,154.442543671
24120,270.0,0.8,149.578727075
24130,238.1,0.8,140.88259245
24140,197.6,0.3,33.7737320933
24150,245.2,0.7,119.283648717
24160,275.4,0.8,137.455851206
24170,270.9,0.7,104.899845484
24180,203.9,0.4,46.0229252398
24190,249.4,0.9,177.747653923
24200,241.8,0.7,127.875129787
24210,300.0,0.9,187.315675273
24220,257.4,0.7,111.71363453
24230,255.1,0.8,144.524600921
24240,330.0,0.6,108.869623087
24250,225.5,0.8,149.452559505
24260,235.6,0.4,49.8760331236
24270,258.1,0.6,107.726294575
24280,239.4,0.4,37.1480282797
24290,258.6,0.7,124.874409739
24300,281.3,0.7,110.054736823
24310,222.8,0.6,109.669368108
24320,241.1,0.9,179.026386803
24330,256.0,0.7,129.957412406
24340,207.9,0.4,47.0737389325
24350,246.7,0.8,156.068337678
24360,276.9,0.8,148.475177146
24370,296.0,0.4,63.6219184097
24380,353.0,0.8,162.563469474
24390,273.6,0.7,99.1421000251
24400,271.6,0.7,118.600540391
24410,259.0,0.8,132.618319922
24420,259.2,0.9,179.756595808
24430,369.8,0.9,180.711433124
24440,258.1,0.7,103.031279853
24450,247.7,0.8,155.669640742
24460,280.5,0.8,132.304996166
24470,280.1,0.8,149.778758955
24480,382.5,0.9,169.298922599
24490,395.7,0.9,180.054589622
24500,339.3,0.7,127.201315929
24510,303.5,0.9,163.843532245
24520,325.5,0.6,77.6109175477
24530,267.5,0.9,170.091351271
24540,419.7,0.6,109.604377502
24550,324.0,0.5,91.5742121592
24560,291.1,0.9,163.229639238
24570,321.2,1.0,181.369322092
24580,350.6,0.9,195.100947248
24590,266.7,0.7,112.440239391
24600,252.7,0.6,88.6232524443
24610,280.4,0.7,113.043392805
24620,384.0,0.9,171.401986809
24630,279.8,0.9,167.784828275
24640,318.2,0.8,142.586021272
24650,354.8,0.6,111.109293701
24660,392.2,0.8,144.903221996
24670,280.8,0.8,141.186066173
24680,330.8,0.9,160.568305012
24690,347.6,0.7,93.6569819199
24700,254.1,0.6,90.7581906904
24710,321.7,1.0,184.179657836
24720,295.2,0.7,108.765628507
24730,263.8,0.8,142.03377377
24740,351.4,0.7,125.909166382
24750,352.4,0.7,117.349661288
24760,290.6,0.6,99.2789039766
24770,299.1,0.9,183.45264674
24780,285.3,0.8,145.052459812
24790,291.5,0.9,181.495111853
24800,244.7,0.6,88.6743929433
24810,336.8,0.5,79.8282437536
24820,359.8,0.8,132.60096565
24830,283.0,0.9,175.003648967
24840,300.3,0.8,139.801667555
24850,281.9,0.6,89.5763303349
24860,307.1,0.9,164.000842984
24870,318.8,1.0,188.735896822
24880,377.1,0.7,126.677054395
24890,300.7,0.9,167.848092233
24900,271.9,0.9,172.308563816
24910,341.5,1.0,184.883071373
24920,307.7,0.8,149.991584642
24930,317.5,0.7,127.271234113
24940,272.1,0.4,28.5551453265
24950,275.1,0.9,169.15401478
24960,274.9,0.8,142.140110358
24970,304.4,0.8,133.624895291
24980,314.8,0.8,141.025574586
24990,366.2,0.8,140.51540255
25000,249.0,0.6,94.693490767
25010,285.1,0.8,145.586810066
25020,275.6,0.7,104.417471475
25030,345.9,0.8,119.366828363
25040,264.7,0.7,122.220408629
25050,276.7,0.7,125.788338808
25060,291.6,0.7,139.76972638
25070,264.6,0.6,89.0364047325
25080,335.1,0.8,139.659371332
25090,278.5,0.9,175.747041134
25100,357.8,0.8,127.886129559
25110,297.7,0.9,163.852764404
25120,343.9,0.8,152.450085433
25130,434.6,1.0,164.788244745
25140,350.1,0.8,124.927547416
25150,348.4,0.7,110.001355927
25160,328.2,0.7,123.909018127
25170,270.9,0.9,162.596615823
25180,390.2,0.8,143.163249189
25190,317.9,0.8,130.151047618
25200,344.5,0.9,151.557622295
25210,299.0,0.8,133.521139057
25220,282.9,0.6,87.1456141945
25230,401.6,0.8,123.615989866
25240,377.0,0.8,135.634843197
25250,383.9,0.9,149.119927014
25260,465.9,0.7,116.472477231
25270,312.8,1.0,184.003966517
25280,347.4,0.8,138.446870897
25290,339.0,0.7,95.2799331332
25300,332.8,0.7,103.214296153
25310,375.5,0.9,153.90214426
25320,377.1,1.0,183.391548433
25330,341.5,0.9,146.246674734
25340,374.3,0.8,126.785561243
25350,298.1,0.7,115.00727415
25360,377.8,0.7,116.87548223
25370,335.8,1.0,186.733087264
25380,302.8,0.8,127.988714136
25390,374.6,0.8,120.958103138
25400,328.8,0.9,152.622823221
25410,346.9,0.7,106.716477165
25420,424.4,0.9,171.351259034
25430,299.5,0.8,140.512305298
25440,367.1,0.6,92.4104252957
25450,371.2,1.0,176.599014589
25460,442.5,0.9,153.202435684
25470,385.8,0.7,112.808652741
25480,414.8,0.6,82.8802965745
25490,460.9,0.8,133.636978922
25500,342.8,0.6,78.7625832037
25510,401.4,0.8,134.522107059
25520,369.0,0.7,104.785068232
25530,392.8,0.7,116.14505103
25540,432.6,0.9,162.64074338
25550,367.5,0.6,80.618633578
25560,321.4,0.8,135.966696693
25570,406.4,0.8,147.565646829
25580,293.0,0.6,92.9263678238
25590,329.7,1.0,183.303297233
25600,310.6,1.0,188.084312748
25610,316.3,0.8,140.947887115
25620,380.9,1.0,191.140421053
25630,286.3,0.6,83.9583391441
25640,570.4,0.8,141.216265799
25650,523.9,0.7,128.32199061
25660,511.0,0.6,126.656241957
25670,481.7,0.8,151.433299455
25680,362.5,0.9,151.267305414
25690,475.3,0.6,105.738606128
25700,333.6,0.7,109.762333053
25710,301.8,0.5,66.4780420539
25720,396.0,0.7,113.112986413
25730,333.9,0.8,117.127188172
25740,425.1,0.4,55.5914012424
25750,424.8,0.8,143.40619531
25760,283.0,0.5,67.5542396607
25770,332.8,0.7,95.0354814439
25780,393.9,0.7,124.30159656
25790,397.3,0.6,87.7969697663
25800,530.0,0.7,103.235610954
25810,337.8,0.8,137.401308294
25820,508.4,0.5,63.0857122409
25830,377.0,0.6,105.85518364
25840,312.0,0.8,137.905754861
25850,399.4,1.0,176.281033144
25860,357.1,0.9,150.651149885
25870,416.3,0.8,98.4886473145
25880,458.4,0.6,95.6403024244
25890,507.9,0.7,118.707356106
25900,416.2,0.4,20.043504763
25910,392.3,0.7,108.141836341
25920,519.1,0.6,75.6660486862
25930,414.0,0.9,134.610934839
25940,492.6,0.6,82.2858107845
25950,373.1,1.0,176.049881417
25960,465.6,0.7,87.6537450524
25970,444.8,0.9,136.225594241
25980,541.6,0.9,144.331509398
25990,495.1,0.7,107.355920973
26000,487.8,0.6,82.3591086924
26010,504.0,0.7,102.435435494
26020,489.1,0.6,97.5691634929
26030,533.2,0.7,124.74397589
26040,407.8,0.9,141.713002329
26050,496.5,0.5,46.4265912064
26060,489.9,0.7,97.9349049309
26070,415.1,0.9,143.141241206
26080,533.9,0.8,126.991535056
26090,587.5,0.9,127.42798481
26100,447.2,0.7,110.105696298
26110,659.8,0.7,79.7768229553
26120,523.1,0.7,109.426944906
26130,487.0,0.7,113.754993444
26140,447.8,0.4,21.0928082598
26150,418.3,0.8,116.618358276
26160,463.8,0.8,126.922864252
26170,553.4,0.5,60.11033325
26180,458.4,0.6,60.7538602811
26190,532.3,0.7,102.504935591
26200,423.2,0.8,115.129789192
26210,375.6,0.8,118.427184943
26220,377.9,0.6,67.5022785887
26230,508.4,0.6,95.2095310524
26240,306.8,0.4,15.2689001208
26250,416.8,0.9,142.230750013
26260,474.4,0.7,110.335941741
26270,411.1,0.6,72.7697741647
26280,474.6,0.6,103.412669198
26290,424.0,0.9,161.331175054
26300,336.3,0.7,105.892725428
26310,449.1,0.5,53.6876503798
26320,389.6,0.7,77.4183137269
26330,339.5,0.9,160.964856562
26340,412.5,0.9,137.706578562
26350,457.8,0.7,137.930977347
26360,328.5,0.7,99.9801460706
26370,359.4,0.7,104.757506961
26380,413.4,0.8,117.599932704
26390,384.2,0.8,120.709905925
26400,571.5,0.7,118.726121665
26410,412.2,0.5,64.4830601122
26420,344.5,0.8,122.757277333
26430,355.9,1.0,175.997216247
26440,411.9,0.8,117.105513936
26450,315.0,0.8,128.345210044
26460,413.3,0.9,156.84165162
26470,332.7,0.7,105.793658152
26480,418.3,0.6,80.7978154403
26490,443.1,0.8,128.719939079
26500,353.4,0.7,104.890130955
26510,496.6,0.7,132.936143314
26520,396.4,0.6,102.243293269
26530,322.1,0.8,124.106278755
26540,334.2,1.0,182.702482827
26550,535.7,0.7,120.784617473
26560,308.8,0.7,115.924261826
26570,303.2,0.6,87.3413122208
26580,481.5,0.7,130.221740198
26590,277.0,0.6,86.1900701468
26600,394.4,0.9,171.157301156
26610,414.2,0.7,120.73414527
26620,392.5,0.7,110.091735951
26630,308.7,0.8,136.76598689
26640,356.7,0.7,133.980317933
26650,279.9,0.8,144.758501142
26660,547.8,0.5,97.3002378015
26670,342.1,0.9,161.569206445
26680,467.7,0.7,130.315052776
26690,397.2,0.8,138.895629511
26700,397.7,0.5,69.0014842742
26710,400.0,0.4,46.9907439815
26720,288.4,0.8,150.987306998
26730,401.9,0.7,114.993602964
26740,350.4,0.6,79.6204651059
26750,443.3,0.8,145.93633379
26760,401.5,0.8,145.909710523
26770,362.3,1.0,183.722765083
26780,305.9,0.6,89.8245267028
26790,289.3,0.8,145.953624265
26800,286.5,0.8,147.264443141
26810,308.3,1.0,187.017174919
26820,307.0,0.8,129.467014824
26830,388.6,0.6,95.8172345129
26840,268.5,0.7,122.260734761
26850,306.7,0.6,89.8651261388
26860,365.0,0.7,122.830086037
26870,308.5,0.8,145.454197651
26880,385.7,0.8,123.62217597
26890,339.9,1.0,197.513980884
26900,433.0,0.9,158.358197009
26910,299.2,0.6,77.7982133381
26920,337.0,0.8,133.665352912
26930,389.2,0.5,65.9266259758
26940,285.5,0.8,139.090984804
26950,305.2,0.7,108.550053164
26960,430.6,0.6,117.760386559
26970,272.4,0.7,124.485532656
26980,255.9,0.4,25.6911682923
26990,361.9,0.8,164.495498637
27000,300.4,0.6,73.7389628006
27010,311.1,0.8,135.279233133
27020,301.5,0.8,129.137991343
27030,387.1,0.9,175.149176899
27040,308.1,0.6,73.672580815
27050,301.5,0.8,133.532088684
27060,353.7,0.9,144.327798976
27070,393.5,0.7,123.340841728
27080,408.7,0.7,111.070888899
27090,338.6,0.5,77.6970048884
27100,289.6,0.9,169.606465654
27110,364.0,0.8,151.107944639
27120,413.3,0.6,82.7550302809
27130,429.4,0.6,113.146930692
27140,315.1,0.9,150.42109475
27150,338.2,0.8,121.441074848
27160,363.8,0.7,118.393682482
27170,390.1,0.4,38.3334564611
27180,288.3,0.9,160.842761662
27190,290.8,0.8,123.093787189
27200,414.1,0.6,111.854952118
27210,267.1,0.6,80.0961163156
27220,270.0,0.8,142.371536237
27230,260.2,0.8,155.654106378
27240,408.3,0.4,70.9243582502
27250,320.3,0.6,118.048269984
27260,428.4,0.5,92.1807055734
27270,286.1,0.7,108.512681756
27280,381.6,0.7,110.620542972
27290,292.0,0.6,87.4169237315
27300,350.4,0.6,109.763578256
27310,459.5,0.6,87.9231946852
27320,356.2,0.4,27.7084128023
27330,390.3,0.7,106.860769894
27340,475.5,0.8,153.367705904
27350,416.5,0.7,112.05010643
27360,365.7,0.6,102.076762208
27370,362.7,0.7,120.792868224
27380,409.2,0.6,119.163360828
27390,368.8,0.9,183.94645493
27400,343.0,0.4,23.542340657
27410,311.7,0.6,90.1350245334
27420,422.6,0.8,160.469242093
27430,284.7,0.8,139.310196282
27440,310.6,0.6,52.7577784696
27450,295.6,1.0,171.651290474
27460,304.2,0.8,143.60197865
27470,244.7,0.4,38.5890839657
27480,307.1,0.5,50.5770021529
27490,391.2,0.8,136.648275218
27500,245.2,0.6,95.7542877142
27510,252.9,0.8,150.731690233
27520,277.1,0.5,59.6902161452
27530,375.5,0.8,125.42607889
27540,304.1,0.6,90.9345812256
27550,401.2,0.6,116.879580786
27560,413.4,0.6,123.291682452
27570,330.2,0.5,87.2806332974
27580,308.2,0.7,106.570035506
27590,425.9,0.6,99.403370358
27600,276.6,0.7,117.756494044
27610,243.7,0.7,119.957015797
27620,314.5,0.6,82.7762489845
27630,322.0,0.5,72.9226306189
27640,333.8,0.7,133.007766488
27650,267.6,0.6,78.0699372996
27660,286.6,0.8,137.467159125
27670,338.3,0.5,74.4966208539
27680,272.3,0.9,170.345294313
27690,469.7,0.7,130.802318934
27700,354.1,0.6,97.6512492407
27710,358.7,0.7,113.25517233
27720,267.3,0.7,114.637841167
27730,306.1,1.0,168.699541564
27740,319.8,0.7,108.991960356
27750,301.0,0.6,108.813670776
27760,369.0,0.7,112.885058342
27770,401.5,0.6,119.438221913
27780,386.1,0.6,96.7880023027
27790,276.5,0.8,135.260783967
27800,348.8,0.8,151.840891115
27810,324.7,0.7,123.993121496
27820,277.4,0.6,88.220949804
27830,382.9,0.6,119.730269494
27840,274.8,0.7,117.946857759
27850,260.6,0.8,144.280162179
27860,333.4,0.6,117.261620778
27870,244.6,0.6,89.5628812038
27880,229.3,0.4,46.2008608519
27890,244.9,0.8,141.123514966
27900,236.3,0.8,146.530139517
27910,270.1,0.7,108.446710392
27920,266.9,0.8,143.863947037
27930,246.9,0.7,129.102451977
27940,324.6,0.5,79.2167399286
27950,301.5,1.0,193.210175549
27960,303.8,0.7,129.777968888
27970,402.8,0.6,117.738063994
27980,406.4,0.5,90.9776005346
27990,246.3,0.8,142.203978143
28000,347.3,0.8,159.715095359
28010,336.2,0.5,80.5595397929
28020,240.3,0.6,102.556092857
28030,468.9,0.4,77.4406102701
28040,327.1,0.7,129.81694267
28050,276.6,1.0,202.944094151
28060,421.9,0.6,116.71614113
28070,386.1,0.7,125.695448457
28080,319.4,0.9,177.494965307
28090,279.8,0.8,141.493670794
28100,327.7,0.5,65.4129357049
28110,293.4,0.6,116.663190865
28120,464.7,0.7,127.316051088
28130,277.3,0.9,166.164320417
28140,256.2,0.7,128.3092419
28150,332.5,0.7,133.659535449
28160,321.2,0.9,159.173510907
28170,395.1,0.7,125.255904885
28180,274.3,0.8,145.233726985
28190,397.1,0.4,76.2808327013
28200,356.4,0.6,95.383970565
28210,286.6,0.9,168.762248364
28220,283.1,0.8,130.163382464
28230,314.5,0.7,110.350595352
28240,424.0,0.7,141.008875292
28250,289.4,0.7,117.643902339
28260,427.9,0.6,113.536990852
28270,376.8,0.8,155.880859442
28280,420.4,0.8,145.638030355
28290,366.4,0.9,178.451445624
28300,348.6,0.8,138.614132318
28310,317.4,0.7,119.644772261
28320,262.3,0.5,55.5818529266
28330,518.0,0.6,121.653791715
28340,337.3,0.6,110.671855878
28350,513.9,0.6,133.989120558
28360,391.8,0.9,162.60872265
28370,363.7,0.9,181.33726856
28380,297.2,0.7,98.2983901643
28390,427.9,0.6,123.37628386
28400,437.5,0.8,177.034780669
28410,360.6,0.6,85.476505091
28420,418.6,0.6,88.6918796905
28430,362.8,0.6,104.747442254
28440,387.5,0.6,102.04044625
28450,355.3,0.7,122.710059663
28460,280.9,0.8,138.946181832
28470,448.4,0.6,110.472936784
28480,271.1,0.8,139.670850911
28490,343.8,0.7,138.990942541
28500,452.3,0.8,158.652165773
28510,339.1,0.6,104.611414505
28520,367.4,0.9,165.816630781
28530,539.1,0.6,130.90519571
28540,302.4,0.6,82.1495213269
28550,396.6,0.9,169.378298069
28560,290.3,0.8,130.380695357
28570,295.8,0.8,132.848749909
28580,403.3,0.5,75.7889057213
28590,377.7,0.5,62.7356442697
28600,383.7,0.6,106.137682258
28610,425.2,0.8,154.051603179
28620,381.7,0.6,93.2139435413
28630,401.5,1.0,159.07366074
28640,319.6,0.7,93.4977666491
28650,365.6,0.9,184.206989929
28660,356.7,0.9,160.419583391
28670,310.1,0.9,177.254609265
28680,506.2,0.8,145.086757747
28690,295.4,0.6,82.9249743077
28700,396.2,0.9,135.097204113
28710,340.6,0.6,75.6799699049
28720,402.5,0.8,148.935374264
28730,427.3,0.6,70.5898864542
28740,325.3,0.8,123.719244058
28750,387.1,0.8,148.186925811
28760,322.2,1.0,191.680795131
28770,387.8,0.8,143.243857401
28780,439.1,0.7,102.329961877
28790,339.9,0.9,142.701108118
28800,326.7,0.5,28.1508722197
28810,471.6,0.7,105.137956304
28820,519.2,0.5,91.1826468074
28830,309.1,0.7,108.120598727
28840,305.9,1.0,197.103466268
28850,334.1,0.9,136.767247498
28860,548.5,0.7,147.86917929
28870,438.6,0.6,123.018343953
28880,380.5,0.7,71.2813791031
28890,294.1,0.7,109.524131411
28900,426.2,0.7,132.975452864
28910,332.1,0.7,94.3889065368
28920,377.2,0.7,107.496068233
28930,397.0,0.7,114.121143967
28940,298.6,0.9,143.830268302
28950,290.0,0.5,51.2811092975
28960,462.6,0.6,98.408774334
28970,292.3,0.9,172.809037746
28980,284.5,0.6,101.665956502
28990,520.1,0.5,102.68381789
29000,338.6,0.6,94.0698682605
29010,311.9,0.9,150.407287227
29020,260.3,0.8,131.778709191
29030,320.5,0.6,68.0339890093
29040,294.7,0.6,92.7857754095
29050,337.5,0.7,129.450102682
29060,284.1,0.7,112.534862012
29070,359.6,0.7,113.280808999
29080,394.3,0.6,87.2045344537
29090,273.2,0.8,140.826183229
29100,274.0,0.6,91.1205296623
29110,394.4,0.6,91.9307489367
29120,293.0,0.7,116.74720605
29130,323.2,0.9,136.266131946
29140,405.3,0.7,111.466388741
29150,395.4,0.3,36.6537540818
29160,272.3,0.6,78.6574796877
29170,279.7,0.7,124.093155484
29180,361.7,0.5,73.4046983611
29190,414.9,0.4,50.0759253215
29200,288.3,0.7,123.168774567
29210,350.4,0.7,121.461982362
29220,280.7,0.8,152.688704203
29230,436.2,0.8,162.354951154
29240,349.2,0.8,149.379887084
29250,278.9,0.5,55.7640647303
29260,276.8,0.7,114.033837712
29270,309.9,0.7,109.040788976
29280,431.7,0.5,82.6068243354
29290,409.2,0.7,121.892300346
29300,409.3,0.6,91.7634991925
29310,294.1,0.7,114.741327056
29320,285.6,0.8,120.656570799
29330,273.6,0.7,128.100407935
29340,329.3,0.9,160.506318636
29350,330.5,0.8,114.752308007
29360,342.0,0.6,90.7857605597
29370,342.8,0.9,169.560013198
29380,428.7,0.9,175.144378645
29390,353.3,0.6,97.1368150384
29400,344.4,0.5,66.8692269352
29410,276.0,0.7,114.247597429
29420,300.9,0.8,121.318169733
29430,309.2,0.8,127.273514296
29440,318.9,0.8,134.173835512
29450,311.2,0.9,161.562527681
29460,300.3,0.9,162.710988619
29470,282.9,0.6,107.206800121
29480,426.7,0.6,123.853732454
29490,481.6,0.4,83.1114204973
29500,281.5,0.8,140.394391515
29510,291.7,0.7,111.52054959
29520,383.4,0.9,175.255184453
29530,282.5,0.7,115.597574806
29540,322.4,1.0,188.74366811
29550,420.1,0.6,123.533975076
29560,360.3,0.7,125.957714329
29570,360.8,0.8,155.976426707
29580,381.7,0.8,150.955784897
29590,353.6,0.6,105.775895232
29600,320.1,0.8,133.184245298
29610,331.6,0.7,99.8212644217
29620,381.2,0.9,161.710423362
29630,348.6,0.9,157.621474191
29640,335.6,0.4,64.7155453558
29650,282.6,0.9,157.207968677
29660,431.9,0.7,131.036726566
29670,286.3,0.8,159.041502413
29680,314.0,0.7,127.332869559
29690,418.6,0.6,111.749477335
29700,407.3,0.8,147.237836344
29710,281.0,0.8,138.633057907
29720,265.2,0.8,138.474536664
29730,300.0,0.9,174.080991788
29740,289.0,0.8,143.444906202
29750,296.6,0.8,139.141080172
29760,341.1,0.9,182.251210606
29770,338.5,0.9,192.528044878
29780,264.5,0.9,180.352617682
29790,264.9,0.8,147.542798425
29800,241.0,0.7,128.106300315
29810,268.8,0.8,156.856339364
29820,418.3,0.7,150.843954273
29830,320.4,0.9,166.581678212
29840,277.7,0.9,175.520012831
29850,271.4,0.8,150.096632055
29860,334.2,0.7,140.357487021
29870,262.4,0.8,148.760382217
29880,329.7,0.6,115.129706793
29890,353.0,0.7,130.326885405
29900,259.8,0.7,130.009738752
29910,333.1,0.7,133.612229594
29920,320.2,0.6,88.6737288548
29930,355.1,0.8,162.852972955
29940,338.9,0.8,163.540188977
29950,294.3,0.8,142.134143054
29960,232.5,0.6,101.098037021
29970,433.5,0.7,121.232610556
29980,329.1,0.6,105.101821071
29990,254.0,0.6,101.099498776
30000,253.7,0.9,192.840518527
