20,76.1,0.0,-257.102699314
40,77.5,0.0,-250.005311795
60,70.85,0.0,-174.955015818
80,76.65,0.0,-178.681177955
100,76.7,0.0,-170.374308662
120,73.0,0.0,-149.841974811
140,80.1,0.0,-166.933032988
160,85.75,0.0,-167.087441181
180,89.55,0.0,-148.724208175
200,97.8,0.0,-144.029020901
220,103.65,0.0,-132.232332105
240,137.15,0.0,-136.87183244
260,161.95,0.0,-135.109499449
280,212.8,0.0,-157.132276732
300,225.7,0.0,-184.644175313
320,260.95,0.0,-153.689153425
340,365.35,0.0,-168.312751163
360,356.35,0.0,-91.0229034245
380,293.4,0.0,-61.6912325698
400,340.65,0.0,-74.3802358149
420,210.25,0.0,-67.7089290979
440,152.45,0.0,-74.5499796799
460,213.25,0.0,-58.8873123207
480,182.65,0.0,-61.4692187552
500,236.9,0.0,-59.5514469809
520,322.65,0.0,-49.1894946893
540,565.1,0.0,-70.8102772126
560,844.3,0.0,-85.5728473362
580,740.3,0.0,-71.8144019729
600,711.1,0.0,-55.7255317381
620,646.35,0.0,-48.7969720783
640,670.45,0.0,-44.3673592805
660,757.45,0.0,-43.1042605026
680,521.1,0.0,-50.910909711
700,518.7,0.0,-47.6557611743
720,423.65,0.0,-42.4014859207
740,585.85,0.0,-46.9449389364
760,466.4,0.0,-30.8166358974
780,533.4,0.0,-32.6488661673
800,556.3,0.0,-30.6253529266
820,556.75,0.0,-31.8016964364
840,818.7,0.0,-23.3901671076
860,882.0,0.0,-0.748810833447
880,650.05,0.0,-0.253446363624
900,502.9,0.05,11.7898287433
920,455.85,0.05,8.13309284159
940,479.35,0.0,9.38941252556
960,453.3,0.0,-1.01491471699
980,615.15,0.0,22.1660236506
1000,379.05,0.05,-30.6131549804
1020,639.8,0.05,5.41890646744
1040,431.35,0.1,-42.0884478606
1060,603.25,0.25,-6.00444073506
1080,610.65,0.2,-29.3651052175
1100,744.35,0.1,-59.3878919783
1120,944.3,0.05,-56.442310292
1140,914.85,0.05,-50.6376543289
1160,994.6,0.05,18.0544562649
1180,1000.0,0.0,51.4675168631
1200,945.65,0.0,46.3313882004
1220,910.35,0.0,39.8593994181
1240,905.05,0.0,44.6500512051
1260,585.75,0.0,-12.5929151788
1280,555.5,0.05,-17.8195186441
1300,548.5,0.1,-3.7077612207
1320,521.65,0.1,-11.7228906014
1340,643.95,0.05,3.04941365263
1360,507.6,0.0,-31.1780357135
1380,594.1,0.1,11.5771754421
1400,494.0,0.0,-22.7914583289
1420,616.75,0.05,17.3711951018
1440,724.8,0.05,43.8195102022
1460,900.65,0.0,63.6436454037
1480,863.1,0.05,63.9265321783
1500,782.0,0.05,49.3168909998
1520,910.8,0.1,74.9282295433
1540,757.7,0.0,37.8074408223
1560,716.85,0.15,53.3789908321
1580,650.85,0.25,59.0172259144
1600,607.2,0.4,87.2041232194
1620,506.1,0.2,30.4607487569
1640,645.65,0.3,69.3004522594
1660,595.95,0.25,35.6737340745
1680,731.25,0.3,93.0532991261
1700,767.4,0.45,98.5819145238
1720,773.45,0.4,92.6397032329
1740,949.5,0.2,75.2899259179
1760,987.2,0.1,71.9079051469
1780,1000.0,0.0,66.1248135054
1800,1000.0,0.0,62.1755043729
1820,1000.0,0.0,68.15189816
1840,1000.0,0.0,66.4515919466
1860,1000.0,0.0,56.6049048898
1880,1000.0,0.0,62.5981873462
1900,987.6,0.05,77.4324359564
1920,965.15,0.0,65.2995290268
1940,935.9,0.1,93.3889232476
1960,920.05,0.0,64.876430871
1980,633.1,0.3,85.6178343654
2000,690.0,0.05,60.6318309014
2020,768.5,0.0,49.3903281926
2040,690.25,0.2,75.5413501008
2060,884.7,0.1,85.0118608922
2080,785.65,0.15,90.3847658831
2100,774.75,0.1,73.7256309359
2120,822.7,0.1,74.6015172908
2140,740.45,0.05,66.7491857374
2160,912.8,0.1,92.7509728842
2180,765.65,0.25,98.8200606199
2200,767.4,0.0,69.8389143806
2220,1000.0,0.0,103.059128484
2240,894.55,0.05,87.4296581832
2260,801.0,0.0,78.3690458844
2280,756.45,0.0,66.0959530715
2300,546.1,0.15,61.9168737912
2320,665.35,0.0,60.9573001005
2340,570.45,0.1,57.5934807154
2360,538.3,0.0,25.2678893224
2380,475.6,0.15,57.9028435336
2400,639.5,0.1,58.3052187302
2420,545.85,0.0,27.7166980771
2440,479.4,0.25,55.8528795395
2460,568.0,0.2,59.5033048473
2480,414.6,0.15,38.8252489505
2500,646.4,0.2,72.1850391291
2520,613.75,0.3,82.0183228359
2540,719.7,0.2,90.8559065993
2560,595.8,0.15,40.3407780973
2580,610.95,0.35,81.6770942176
2600,550.15,0.35,78.2384051571
2620,613.5,0.2,69.7209638038
2640,477.85,0.4,65.3158699396
2660,607.05,0.1,29.6197557343
2680,550.8,0.2,38.2601910623
2700,478.9,0.05,4.11334454117
2720,510.6,0.2,44.1394333948
2740,535.7,0.2,41.5337163255
2760,567.8,0.25,62.7001506696
2780,369.7,0.25,43.3939362453
2800,388.75,0.1,25.3760818058
2820,486.9,0.3,54.5697271964
2840,429.2,0.3,57.5261262263
2860,378.3,0.25,43.9075263604
2880,470.8,0.3,56.579227594
2900,417.0,0.2,37.2386949779
2920,667.0,0.2,72.2338547704
2940,664.95,0.25,78.8066933396
2960,654.05,0.35,91.3287926068
2980,637.45,0.5,116.87717294
3000,868.15,0.2,82.2797601718
3020,744.6,0.55,136.70638379
3040,911.65,0.15,90.5637675516
3060,856.7,0.25,105.339322121
3080,795.6,0.3,97.185973135
3100,660.25,0.4,109.888612418
3120,645.6,0.35,93.3107450078
3140,790.95,0.2,106.331587281
3160,838.05,0.25,112.2325957
3180,761.75,0.35,111.810263239
3200,725.8,0.25,90.9891881526
3220,676.9,0.25,72.7239482321
3240,614.55,0.4,95.4696605157
3260,458.55,0.5,115.207260501
3280,504.9,0.35,77.2694990376
3300,637.5,0.45,119.373399122
3320,370.2,0.45,87.06324086
3340,549.55,0.3,88.1093887996
3360,499.35,0.35,90.3156946757
3380,466.05,0.5,115.799511903
3400,602.0,0.25,82.3872580805
3420,873.15,0.2,101.94251178
3440,837.35,0.0,62.3978693911
3460,1000.0,0.0,91.0694215248
3480,1000.0,0.0,89.5959010907
3500,841.9,0.35,100.995441761
3520,749.65,0.55,139.899454044
3540,694.2,0.5,109.240777381
3560,714.5,0.55,103.989261979
3580,560.15,0.7,121.4734103
3600,590.5,0.4,62.2425280314
3620,792.1,0.4,99.0545216362
3640,784.45,0.3,76.6295559008
3660,929.9,0.1,82.163125869
3680,919.45,0.05,74.896418193
3700,954.25,0.0,67.6480550583
3720,995.2,0.1,74.6811610977
3740,976.85,0.1,71.8826666048
3760,954.05,0.0,76.1412460422
3780,941.15,0.05,69.439515428
3800,1000.0,0.0,71.9789345379
3820,1000.0,0.0,70.6924765876
3840,1000.0,0.0,77.4780757978
3860,1000.0,0.0,84.6970195663
3880,1000.0,0.0,74.642181951
3900,957.2,0.0,75.6896148546
3920,963.6,0.0,90.7099513689
3940,1000.0,0.0,93.415455292
3960,958.85,0.0,88.1513615821
3980,1000.0,0.0,91.2917496263
4000,965.5,0.0,80.8964341051
4020,1000.0,0.0,86.0483909978
4040,1000.0,0.0,86.2194135356
4060,1000.0,0.0,86.0197465482
4080,998.8,0.05,87.0303802359
4100,904.1,0.1,80.4808868175
4120,967.1,0.15,94.6901078506
4140,1000.0,0.0,75.3513137461
4160,965.05,0.05,86.7701211884
4180,954.45,0.1,82.6423600835
4200,912.75,0.05,72.1634138111
4220,932.3,0.05,86.3280717569
4240,839.15,0.3,113.212575268
4260,840.55,0.2,73.9544941778
4280,840.45,0.35,110.792383431
4300,806.7,0.3,97.0882904316
4320,854.95,0.25,85.1539717304
4340,755.7,0.4,110.792189639
4360,824.95,0.25,83.6783423188
4380,754.6,0.35,100.303011864
4400,632.15,0.6,128.488508577
4420,718.75,0.5,124.70289251
4440,754.1,0.45,121.850807683
4460,636.2,0.4,104.336234731
4480,699.1,0.55,130.611841582
4500,773.5,0.45,111.310387317
4520,794.6,0.4,109.992348966
4540,839.2,0.25,94.5558279152
4560,848.3,0.4,112.507155002
4580,891.15,0.3,112.093248197
4600,950.5,0.1,82.4076671795
4620,863.9,0.25,97.6045905863
4640,902.35,0.3,106.603316053
4660,891.5,0.3,104.814840322
4680,898.55,0.2,104.438452666
4700,836.05,0.1,78.1204876593
4720,913.65,0.0,68.7966818267
4740,1000.0,0.0,98.2446588672
4760,916.35,0.0,73.7098866373
4780,956.45,0.0,78.4023971248
4800,970.0,0.05,85.7898711075
4820,763.35,0.2,77.7223187066
4840,494.45,0.5,111.874148517
4860,625.4,0.3,75.2050694958
4880,584.35,0.35,77.3299678558
4900,457.5,0.3,44.2584653274
4920,617.95,0.25,53.2175229394
4940,540.5,0.35,71.6054042208
4960,671.65,0.25,44.8390133181
4980,759.75,0.4,95.0179174024
5000,685.2,0.35,62.2288351631
5020,493.7,0.1,-6.82985256035
5040,461.1,0.5,37.3548936378
5060,601.8,0.25,22.827611047
5080,471.75,0.2,-17.1625977059
5100,563.75,0.1,-6.83988225793
5120,600.3,0.2,14.8019417535
5140,715.7,0.25,21.5706199285
5160,782.0,0.25,29.2756676589
5180,636.8,0.4,34.6449022039
5200,629.6,0.45,53.8068587211
5220,622.15,0.5,68.597019107
5240,518.85,0.35,31.577095722
5260,570.1,0.15,11.3063403629
5280,645.05,0.25,34.452901406
5300,678.65,0.4,62.6316908432
5320,776.4,0.3,70.4173739643
5340,649.7,0.3,51.9633244973
5360,638.7,0.3,63.6369699651
5380,641.05,0.45,95.3402937053
5400,606.15,0.35,76.5748293288
5420,689.8,0.25,53.1962089441
5440,669.8,0.2,44.564259732
5460,560.45,0.4,87.2509247726
5480,649.05,0.4,89.6052516867
5500,799.05,0.1,65.6694384722
5520,605.0,0.3,72.8116783493
5540,618.25,0.4,95.1265816139
5560,686.45,0.45,112.012485396
5580,657.1,0.35,96.5684882926
5600,676.05,0.2,65.9789122798
5620,640.05,0.55,119.685204042
5640,688.7,0.45,121.566729431
5660,803.3,0.35,105.418303997
5680,656.25,0.4,103.468595671
5700,875.45,0.2,87.5813408924
5720,925.65,0.1,80.4477143014
5740,1000.0,0.0,74.4357001145
5760,949.55,0.1,86.2705511429
5780,934.75,0.05,70.2815473547
5800,1000.0,0.0,78.8662937583
5820,921.25,0.0,76.2121299773
5840,958.8,0.0,77.9893840639
5860,969.65,0.05,89.8166328937
5880,947.45,0.1,105.183967763
5900,1000.0,0.0,89.7097183547
5920,1000.0,0.0,87.3157101963
5940,1000.0,0.0,89.9812336259
5960,957.3,0.0,93.7963221969
5980,929.95,0.05,94.7274578845
6000,955.4,0.0,87.6312754411
6020,965.85,0.05,94.9292606478
6040,837.9,0.0,70.7239134794
6060,957.15,0.0,91.5713827142
6080,957.45,0.0,83.7242013124
6100,1000.0,0.0,79.823244968
6120,1000.0,0.0,77.8810581205
6140,962.45,0.0,68.2782358841
6160,1000.0,0.0,71.5252003565
6180,966.95,0.0,63.5656260866
6200,1000.0,0.0,62.2916663253
6220,1000.0,0.0,66.1440435761
6240,1000.0,0.0,64.7897410175
6260,1000.0,0.0,77.6631681481
6280,1000.0,0.0,84.9473855926
6300,1000.0,0.0,85.2089456899
6320,1000.0,0.0,73.4355782607
6340,1000.0,0.0,89.9051905041
6360,919.4,0.0,78.0863864237
6380,934.35,0.05,93.014735322
6400,1000.0,0.0,88.211978041
6420,853.25,0.1,92.5328975312
6440,890.6,0.05,82.8624348681
6460,808.5,0.05,75.8085318711
6480,1000.0,0.0,83.8010025656
6500,924.3,0.05,84.3646579615
6520,834.85,0.15,82.0443334179
6540,861.3,0.15,103.67488651
6560,869.1,0.2,98.2541663419
6580,954.15,0.1,85.6237413708
6600,903.55,0.15,92.5896598391
6620,892.1,0.2,91.1175588241
6640,930.05,0.1,75.6308597151
6660,944.8,0.05,65.8790454358
6680,932.5,0.1,80.2437895578
6700,927.4,0.15,82.5071625762
6720,985.95,0.15,78.0028962382
6740,981.75,0.1,60.5514474554
6760,992.45,0.05,65.4619412069
6780,987.15,0.05,68.8182005803
6800,961.65,0.1,65.9578863014
6820,996.1,0.05,53.160512122
6840,976.8,0.05,61.1422736341
6860,1000.0,0.0,55.3349176998
6880,978.15,0.05,63.0835042777
6900,965.6,0.1,74.3654529523
6920,984.8,0.05,66.6270785498
6940,1000.0,0.0,60.0732315723
6960,1000.0,0.0,69.3541487878
6980,1000.0,0.0,71.4145436957
7000,967.3,0.0,70.078053654
7020,1000.0,0.0,83.5408606287
7040,966.4,0.0,79.1312042771
7060,1000.0,0.0,92.1308486608
7080,1000.0,0.0,88.1219458972
7100,960.85,0.0,79.8247119772
7120,927.8,0.0,84.8112735648
7140,883.35,0.0,87.1420515655
7160,850.15,0.0,77.5037521202
7180,846.15,0.0,82.2105822366
7200,764.1,0.0,66.1331544645
7220,804.95,0.0,75.9124317714
7240,603.75,0.0,57.0248349676
7260,568.65,0.0,43.0889016967
7280,487.5,0.0,25.6880536116
7300,713.75,0.0,59.1009603547
7320,717.3,0.0,66.109833245
7340,599.25,0.0,50.4980692376
7360,606.45,0.0,49.6043537737
7380,767.55,0.0,60.4628996492
7400,808.7,0.0,70.214582713
7420,688.8,0.0,58.1531293478
7440,808.75,0.0,67.1608501763
7460,961.35,0.0,93.232283612
7480,849.65,0.0,75.9467069174
7500,926.75,0.0,82.4753342072
7520,886.8,0.0,70.004464342
7540,783.35,0.1,81.767271281
7560,869.05,0.05,69.2485533126
7580,895.25,0.05,79.1232280988
7600,900.8,0.1,81.7426171934
7620,902.75,0.1,84.1680746333
7640,930.55,0.05,84.3591481346
7660,821.45,0.1,80.3981294513
7680,815.35,0.0,59.3874801239
7700,889.45,0.05,91.2155605298
7720,700.75,0.05,70.3177126162
7740,823.7,0.05,75.9046458654
7760,886.75,0.0,78.0719887864
7780,849.35,0.0,69.1512032337
7800,849.7,0.0,73.2262184827
7820,808.9,0.0,58.7200566792
7840,776.5,0.05,74.9811432531
7860,888.2,0.0,70.2186538275
7880,739.35,0.05,59.1630276767
7900,694.1,0.05,55.3635773369
7920,714.85,0.2,86.7673353627
7940,826.15,0.15,89.9859248742
7960,963.85,0.0,75.1350042883
7980,859.55,0.2,99.0098995155
8000,856.8,0.0,62.6869971609
8020,842.0,0.2,96.0887994992
8040,869.25,0.1,84.5030530386
8060,866.95,0.1,87.8952632173
8080,891.65,0.0,58.4431286321
8100,766.9,0.15,68.8739916309
8120,800.85,0.15,73.4883641903
8140,810.95,0.1,77.908690202
8160,822.95,0.05,70.179672147
8180,969.4,0.05,86.3519352396
8200,964.4,0.0,83.3078028225
8220,870.65,0.1,78.4542982873
8240,966.2,0.0,79.0393680697
8260,891.6,0.0,64.0714478806
8280,851.85,0.0,75.7633828969
8300,894.95,0.05,85.1246665915
8320,868.65,0.1,84.0886659309
8340,901.45,0.05,83.8129724021
8360,789.1,0.05,61.7440271427
8380,866.9,0.1,89.4627460905
8400,776.6,0.3,110.409634167
8420,771.45,0.2,73.08265427
8440,879.55,0.1,78.0998571695
8460,756.5,0.2,89.8818832154
8480,668.35,0.3,82.1213572148
8500,750.6,0.25,85.1198688901
8520,647.5,0.3,88.4667668577
8540,735.9,0.2,72.0832280884
8560,623.45,0.35,81.2941470263
8580,786.2,0.1,72.9494565968
8600,656.15,0.2,65.3548805158
8620,792.1,0.2,84.2197058675
8640,806.35,0.1,60.8461692321
8660,643.55,0.4,89.3487243726
8680,651.5,0.2,56.2942732302
8700,567.55,0.35,82.243329836
8720,689.2,0.25,77.2865568246
8740,672.9,0.4,89.526849099
8760,758.85,0.2,67.015421271
8780,675.55,0.3,85.3253464809
8800,810.5,0.15,66.1485138947
8820,870.95,0.15,79.2510400642
8840,759.9,0.35,98.7006403659
8860,821.5,0.15,73.9595545846
8880,899.0,0.25,98.2364008395
8900,717.4,0.3,84.0375671735
8920,835.45,0.2,85.9892150073
8940,751.35,0.35,87.2954290197
8960,858.6,0.25,102.762773374
8980,702.15,0.3,69.6051845874
9000,768.35,0.35,93.9762218293
9020,695.75,0.45,110.320639041
9040,806.6,0.3,92.6997257938
9060,604.75,0.4,74.5557473226
9080,558.1,0.6,105.198660233
9100,703.85,0.3,84.2960854703
9120,517.5,0.4,64.9373189066
9140,665.7,0.35,80.693937871
9160,619.9,0.4,87.6420745199
9180,736.45,0.45,113.790333077
9200,461.25,0.5,76.0709406531
9220,733.75,0.4,108.062576596
9240,676.25,0.45,111.740694555
9260,516.45,0.6,113.626278132
9280,594.45,0.4,78.264634295
9300,696.75,0.3,83.2878485379
9320,654.6,0.5,105.023118332
9340,761.5,0.3,88.718649132
9360,702.55,0.35,83.5859113193
9380,682.8,0.4,107.552257993
9400,621.75,0.5,121.011874023
9420,724.95,0.4,97.5863113524
9440,757.85,0.3,80.2645989358
9460,896.35,0.15,100.557938182
9480,788.05,0.3,105.001720337
9500,674.15,0.15,64.9459036567
9520,572.05,0.35,93.1333722177
9540,649.35,0.2,72.65899168
9560,828.5,0.05,67.0562300758
9580,775.45,0.1,65.6597880415
9600,551.75,0.55,122.870927073
9620,441.85,0.45,82.1656156089
9640,374.35,0.4,80.8763547749
9660,296.9,0.2,28.5270147952
9680,287.45,0.45,76.0585480585
9700,301.15,0.3,43.0613699184
9720,489.5,0.4,88.2742737146
9740,347.4,0.25,42.8995461035
9760,400.95,0.2,41.5683531745
9780,304.15,0.3,41.4453680468
9800,301.5,0.4,68.6113368821
9820,307.4,0.15,13.9460055122
9840,335.4,0.3,46.3335975791
9860,246.1,0.2,13.45902792
9880,217.1,0.4,49.1854096258
9900,247.05,0.15,8.95652278545
9920,270.55,0.15,1.62192604321
9940,230.75,0.2,13.661459643
9960,309.35,0.15,18.448807251
9980,279.05,0.25,31.3777757508
10000,288.65,0.3,38.8254674924
10020,418.1,0.25,39.1204013823
10040,383.85,0.05,13.3295178155
10060,327.45,0.3,54.4161735031
10080,432.4,0.3,54.1929772675
10100,200.95,0.25,12.2493210629
10120,242.1,0.2,18.2241540208
10140,265.85,0.2,23.1235979292
10160,437.4,0.35,74.1899815834
10180,467.25,0.5,108.899036461
10200,249.4,0.5,82.5041386119
10220,474.15,0.35,80.5203306674
10240,397.7,0.5,102.25169091
10260,590.25,0.55,128.147814793
10280,435.0,0.4,79.0516260157
10300,553.75,0.5,115.736579481
10320,638.1,0.5,119.349646088
10340,564.45,0.35,83.5507938923
10360,652.9,0.35,83.0811220575
10380,714.35,0.3,98.6995188999
10400,601.8,0.55,130.206608794
10420,529.95,0.55,115.464883573
10440,462.75,0.55,112.930063282
10460,546.8,0.65,145.050167426
10480,623.15,0.6,140.54097903
10500,752.15,0.4,116.959846392
10520,617.35,0.65,142.373277564
10540,635.15,0.45,118.366639866
10560,739.55,0.35,97.8714899025
10580,798.1,0.25,90.6071384749
10600,894.85,0.15,80.9973236562
10620,1000.0,0.0,78.0037403444
10640,1000.0,0.0,80.0224381388
10660,908.75,0.15,101.148530112
10680,1000.0,0.0,89.1743295892
10700,891.1,0.1,87.7156707427
10720,928.3,0.05,93.2231375706
10740,893.05,0.1,94.5961365763
10760,924.5,0.05,92.8699241922
10780,936.95,0.05,90.8888685532
10800,971.35,0.05,98.4104146148
10820,932.8,0.05,95.090467121
10840,891.3,0.1,104.089719603
10860,961.4,0.0,97.7791604886
10880,1000.0,0.0,104.524945188
10900,1000.0,0.0,111.738813754
10920,1000.0,0.0,103.629670933
10940,964.5,0.05,98.8338705474
10960,965.15,0.05,105.750292862
10980,965.25,0.05,89.5739968305
11000,1000.0,0.0,94.6039378988
11020,956.2,0.0,79.2430757936
11040,958.5,0.0,91.8853031437
11060,1000.0,0.0,86.2889172036
11080,1000.0,0.0,88.4457363149
11100,1000.0,0.0,91.8234738182
11120,1000.0,0.0,89.771446105
11140,916.3,0.0,84.4408259202
11160,1000.0,0.0,93.9436558211
11180,789.1,0.0,74.9002190672
11200,879.35,0.0,78.8217179104
11220,818.2,0.05,85.7864130714
11240,877.15,0.0,87.3597738695
11260,823.9,0.0,79.9551141701
11280,954.45,0.0,94.2760283
11300,1000.0,0.0,99.0788541374
11320,918.7,0.0,89.7690235437
11340,959.65,0.0,100.774034713
11360,914.45,0.0,89.5831815554
11380,917.35,0.0,98.0978257995
11400,1000.0,0.0,94.7267383185
11420,916.75,0.0,96.8470451411
11440,959.85,0.0,97.209158846
11460,895.5,0.05,99.9074869281
11480,795.75,0.05,99.7376810173
11500,919.5,0.05,111.57986667
11520,954.4,0.0,99.614898934
11540,841.2,0.1,102.721257678
11560,971.2,0.05,99.4539912326
11580,621.75,0.2,89.7379552285
11600,802.6,0.05,74.9199934269
11620,815.5,0.05,71.3516809396
11640,844.2,0.15,99.3599318589
11660,718.0,0.1,80.5842547289
11680,791.85,0.15,97.5507171024
11700,815.35,0.15,102.854607486
11720,732.35,0.15,92.0805634952
11740,919.0,0.0,81.325380913
11760,745.55,0.1,75.8403186448
11780,864.65,0.25,121.150123767
11800,772.45,0.2,104.504347549
11820,890.7,0.1,96.6607934171
11840,883.2,0.1,96.3088907758
11860,963.7,0.05,88.4462931664
11880,887.95,0.1,90.1919739411
11900,919.3,0.05,85.2803256732
11920,874.45,0.05,80.0945100706
11940,883.8,0.05,84.1963471404
11960,854.05,0.1,95.553831881
11980,856.25,0.15,106.176288344
12000,965.65,0.05,101.042482195
12020,894.9,0.1,98.8566437224
12040,924.0,0.15,107.140696018
12060,894.25,0.1,87.6624399657
12080,930.8,0.05,95.8013517301
12100,910.0,0.15,113.202625215
12120,963.75,0.1,108.283270667
12140,962.9,0.0,89.7722599206
12160,963.55,0.0,95.9908635019
12180,1000.0,0.0,98.0107605645
12200,1000.0,0.0,95.8990731235
12220,1000.0,0.0,94.3588252267
12240,1000.0,0.0,95.3359274527
12260,958.5,0.0,89.3604401882
12280,1000.0,0.0,94.8331140435
12300,959.65,0.0,90.5952140006
12320,919.15,0.0,88.269921035
12340,875.95,0.0,75.0683194401
12360,875.2,0.0,82.7424752358
12380,792.75,0.0,85.6493268632
12400,917.8,0.0,95.6585828903
12420,749.1,0.0,59.3515492778
12440,780.85,0.0,64.9227005019
12460,618.8,0.0,54.6899708988
12480,665.05,0.05,67.1336594709
12500,530.6,0.05,44.7967341105
12520,579.85,0.05,61.4211146113
12540,352.9,0.0,12.839554149
12560,479.05,0.0,22.0770680751
12580,497.45,0.05,33.7072143012
12600,354.95,0.0,3.40084150589
12620,406.9,0.05,23.2776103227
12640,360.0,0.0,1.02940518249
12660,320.35,0.05,4.73048714547
12680,237.6,0.1,11.6292632307
12700,486.75,0.0,15.6213685815
12720,491.4,0.0,25.5359796534
12740,536.95,0.0,29.9750575554
12760,622.15,0.05,50.6728907594
12780,617.8,0.05,56.2970875885
12800,616.5,0.0,35.3114850319
12820,872.2,0.0,73.8037852189
12840,697.05,0.0,48.4010561506
12860,792.1,0.0,63.5004872302
12880,713.9,0.05,71.690631223
12900,747.0,0.0,58.1630993244
12920,869.85,0.0,80.0263656977
12940,740.8,0.0,63.0278447597
12960,829.5,0.0,82.7350482347
12980,786.85,0.0,74.1797401158
13000,877.65,0.0,83.7802896132
13020,875.3,0.0,88.8020048923
13040,1000.0,0.0,102.974538023
13060,881.55,0.05,94.3540910506
13080,865.6,0.0,96.3941514468
13100,915.4,0.05,102.485900188
13120,954.4,0.0,93.6637216652
13140,1000.0,0.0,105.935957055
13160,957.45,0.0,94.0588644055
13180,954.4,0.0,97.9862715173
13200,956.75,0.0,98.038828642
13220,1000.0,0.0,95.429363372
13240,1000.0,0.0,101.246389731
13260,1000.0,0.0,102.783841216
13280,909.6,0.0,99.4908853853
13300,1000.0,0.0,100.624241
13320,962.6,0.0,95.117756759
13340,1000.0,0.0,95.3418200068
13360,1000.0,0.0,89.5144694129
13380,1000.0,0.0,99.4085562793
13400,974.15,0.05,94.2632102602
13420,1000.0,0.0,89.6412259375
13440,970.55,0.05,88.8822279454
13460,898.6,0.1,97.5643994252
13480,977.55,0.05,93.0471841272
13500,1000.0,0.0,92.4796354649
13520,1000.0,0.0,86.7670867776
13540,953.9,0.0,86.6732604613
13560,965.05,0.05,95.0977925008
13580,980.25,0.05,92.6539877202
13600,1000.0,0.0,98.3355020015
13620,956.2,0.0,96.6638094818
13640,1000.0,0.0,95.7920133142
13660,954.5,0.0,88.1163295465
13680,957.8,0.0,86.2185351045
13700,956.15,0.0,82.0390262203
13720,946.9,0.05,94.4717911496
13740,857.45,0.35,123.380453228
13760,802.3,0.3,116.64097962
13780,874.55,0.1,90.7810951261
13800,736.5,0.6,155.875003111
13820,750.0,0.3,108.595290435
13840,586.3,0.4,112.557585132
13860,737.4,0.4,124.718882549
13880,720.75,0.35,125.828580744
13900,727.05,0.4,120.673900846
13920,744.35,0.3,106.485149464
13940,839.45,0.15,104.428247411
13960,757.5,0.4,120.036098314
13980,691.05,0.35,112.75800435
14000,726.05,0.4,127.164118672
14020,689.25,0.35,116.976879516
14040,602.5,0.6,149.4554652
14060,687.85,0.4,115.105070018
14080,664.1,0.45,127.788608924
14100,650.3,0.45,128.315003739
14120,611.35,0.55,141.054882871
14140,626.05,0.4,110.98833633
14160,796.85,0.4,132.641153424
14180,765.2,0.45,133.411835685
14200,793.4,0.4,133.035960267
14220,712.6,0.55,150.603948996
14240,685.3,0.5,142.4285271
14260,752.35,0.55,156.228045454
14280,747.6,0.55,156.735790854
14300,794.55,0.5,139.697816309
14320,681.5,0.55,149.071988398
14340,750.45,0.45,139.205332211
14360,803.95,0.45,144.784985542
14380,837.7,0.3,117.289678641
14400,763.9,0.45,147.347003089
14420,645.75,0.65,157.055064638
14440,713.4,0.65,155.677173004
14460,653.9,0.65,160.069718639
14480,698.65,0.6,149.530601044
14500,652.45,0.65,157.147180486
14520,676.9,0.7,174.09032768
14540,723.45,0.55,142.566382175
14560,737.25,0.65,163.266245457
14580,727.8,0.5,138.606239593
14600,743.55,0.6,148.034765144
14620,573.1,0.6,146.627605947
14640,822.5,0.2,96.5118273858
14660,719.7,0.45,126.293497229
14680,803.35,0.3,101.069632545
14700,763.3,0.3,106.487425056
14720,768.25,0.35,115.080972457
14740,675.0,0.65,160.672238883
14760,798.3,0.3,122.693664889
14780,625.8,0.55,143.16680322
14800,746.5,0.4,123.998923197
14820,738.9,0.55,137.106309654
14840,661.65,0.65,157.10301888
14860,827.5,0.4,125.902801843
14880,745.85,0.45,129.70721727
14900,667.75,0.45,115.522161546
14920,812.15,0.3,107.053651036
14940,700.65,0.45,129.407867792
14960,799.25,0.3,103.241836728
14980,764.55,0.5,124.879372981
15000,631.9,0.4,107.800942036
15020,669.15,0.6,144.259967416
15040,803.6,0.15,76.1148254004
15060,839.65,0.2,95.726514812
15080,857.5,0.2,89.0141986835
15100,676.3,0.5,130.192010759
15120,793.3,0.4,118.903504667
15140,806.3,0.45,133.467698982
15160,769.15,0.4,118.675348909
15180,656.9,0.6,129.033684675
15200,811.8,0.3,102.852901943
15220,850.1,0.3,103.461067824
15240,833.15,0.3,101.974840102
15260,855.0,0.4,114.131244004
15280,903.75,0.3,114.649475968
15300,858.25,0.35,122.32466195
15320,709.85,0.6,145.001802159
15340,689.1,0.4,106.864048331
15360,793.3,0.3,102.69853405
15380,674.2,0.6,138.683340616
15400,618.5,0.65,151.472823782
15420,847.05,0.35,120.949161516
15440,662.25,0.5,128.793533698
15460,720.25,0.45,118.622834165
15480,777.7,0.55,141.953227859
15500,831.75,0.5,138.803921128
15520,725.5,0.6,148.871061295
15540,725.45,0.5,129.700695207
15560,656.55,0.7,153.98815584
15580,572.6,0.8,155.888492142
15600,698.55,0.65,156.146814897
15620,774.45,0.35,119.416837658
15640,731.5,0.7,157.279652524
15660,799.85,0.5,136.691080192
15680,741.65,0.5,128.524439295
15700,758.35,0.55,143.52806137
15720,700.4,0.65,159.233135946
15740,578.25,0.7,144.560285912
15760,634.4,0.75,161.559593931
15780,636.2,0.85,177.541667776
15800,744.8,0.6,143.665281422
15820,689.1,0.7,154.262183267
15840,611.05,0.8,166.65186002
15860,738.95,0.5,148.477320316
15880,753.4,0.6,148.596200705
15900,809.15,0.35,110.409304504
15920,871.7,0.35,113.65005897
15940,813.9,0.4,112.431912414
15960,850.75,0.35,119.930578599
15980,892.6,0.3,114.599847735
16000,797.0,0.45,118.839265472
16020,944.9,0.15,92.7832486467
16040,898.1,0.15,89.5992279037
16060,837.15,0.4,110.997512263
16080,804.6,0.4,121.728207319
16100,906.8,0.3,92.6152051783
16120,856.75,0.45,127.049242164
16140,894.15,0.3,104.686290914
16160,895.95,0.25,97.8438006105
16180,639.35,0.75,164.914499275
16200,658.25,0.75,164.715610205
16220,686.0,0.7,155.063999855
16240,764.2,0.55,146.747608674
16260,715.95,0.65,157.002658139
16280,648.3,0.7,156.54917814
16300,786.45,0.35,109.994850721
16320,737.35,0.55,148.471617908
16340,809.1,0.45,121.301097666
16360,774.35,0.55,143.770925376
16380,746.4,0.45,129.670521275
16400,751.25,0.55,150.244234979
16420,681.15,0.7,160.242423057
16440,776.05,0.65,150.382990005
16460,651.45,0.75,164.810281629
16480,689.15,0.65,141.457141963
16500,788.05,0.45,120.990052833
16520,846.25,0.4,138.720577728
16540,769.1,0.55,134.9591245
16560,713.35,0.5,120.957136847
16580,733.55,0.6,151.498278439
16600,833.95,0.25,92.0642751336
16620,725.3,0.5,126.382295532
16640,784.25,0.55,133.901152063
16660,737.25,0.5,132.439953185
16680,707.35,0.45,127.13925068
16700,800.15,0.45,135.821711154
16720,605.7,0.7,157.65824254
16740,669.0,0.75,168.020618521
16760,742.3,0.5,135.735513516
16780,766.35,0.45,129.064024561
16800,600.85,0.8,176.295943329
16820,766.8,0.45,136.498397521
16840,682.5,0.45,124.728542743
16860,715.25,0.7,160.082547698
16880,637.95,0.75,164.223063594
16900,547.05,0.85,177.856384786
16920,639.8,0.8,175.785598715
16940,676.0,0.9,179.038499192
16960,641.4,0.8,168.814983982
16980,643.6,0.7,156.928724095
17000,689.75,0.6,147.989732109
17020,626.65,0.75,173.626034142
17040,670.2,0.6,145.123722309
17060,566.95,0.8,166.27149307
17080,665.4,0.75,172.424262858
17100,567.1,0.9,194.473274529
17120,804.95,0.55,134.395741379
17140,596.55,0.7,160.959152431
17160,602.6,0.8,156.730123173
17180,627.9,0.75,159.779085931
17200,731.25,0.6,145.570098544
17220,669.25,0.7,160.546440547
17240,778.05,0.5,148.494047589
17260,790.05,0.6,154.94361672
17280,605.85,0.7,153.263967635
17300,624.25,0.7,167.742747085
17320,714.05,0.65,164.083894538
17340,809.65,0.5,133.432170522
17360,691.25,0.65,154.213801498
17380,637.95,0.7,170.15582708
17400,698.25,0.5,147.206732578
17420,689.85,0.7,166.517078211
17440,576.35,0.8,181.978346073
17460,663.8,0.6,156.738673261
17480,639.15,0.7,168.681768303
17500,747.7,0.4,131.58829622
17520,601.05,0.65,152.945874091
17540,757.45,0.55,149.309404612
17560,615.65,0.75,177.105018362
17580,745.8,0.5,145.586008371
17600,723.15,0.45,135.405447188
17620,595.55,0.8,181.627289665
17640,618.15,0.7,171.29950113
17660,659.15,0.7,174.629784021
17680,677.55,0.7,165.734269021
17700,656.85,0.5,137.552441223
17720,548.6,0.7,161.657784702
17740,652.9,0.5,137.153440494
17760,798.95,0.45,136.278454797
17780,814.75,0.35,116.742859411
17800,752.05,0.35,113.94278075
17820,883.0,0.2,92.1742353672
17840,853.6,0.25,104.067922835
17860,891.95,0.2,110.715748195
17880,848.85,0.3,110.992438001
17900,823.3,0.3,101.273006271
17920,839.2,0.3,95.6103998835
17940,930.6,0.15,97.9406199707
17960,891.45,0.25,99.7053849663
17980,803.15,0.3,110.560010652
18000,704.35,0.5,137.632192708
18020,621.8,0.65,156.197649109
18040,647.75,0.75,171.225511692
18060,611.85,0.75,176.444345965
18080,553.8,0.75,155.690304015
18100,719.95,0.45,134.198859566
18120,677.35,0.5,134.396498678
18140,745.7,0.5,147.041469645
18160,656.95,0.55,135.152241216
18180,783.45,0.5,132.340954484
18200,816.25,0.4,120.809346493
18220,731.0,0.55,138.397294225
18240,761.2,0.45,125.55207147
18260,706.0,0.6,148.6642809
18280,683.55,0.65,152.751256871
18300,900.5,0.25,111.192350429
18320,994.85,0.05,86.8738429118
18340,1000.0,0.0,75.3062506378
18360,1000.0,0.0,75.70947427
18380,906.95,0.15,104.093406513
18400,937.3,0.1,88.7135332986
18420,1000.0,0.0,82.8058594057
18440,1000.0,0.0,83.696382631
18460,1000.0,0.0,86.4317314426
18480,862.8,0.1,86.1538022546
18500,896.3,0.05,82.6217338216
18520,903.9,0.1,95.5108375519
18540,932.85,0.05,91.5487447493
18560,1000.0,0.0,89.1847262559
18580,966.1,0.05,89.5509619391
18600,1000.0,0.0,90.2660808285
18620,901.7,0.15,107.173531459
18640,964.55,0.0,87.9772489854
18660,964.5,0.05,93.7833507908
18680,1000.0,0.0,90.5843206033
18700,1000.0,0.0,89.5305050214
18720,928.2,0.0,77.2459009105
18740,932.45,0.1,98.5075856459
18760,967.85,0.05,90.163991261
18780,1000.0,0.0,87.2390587993
18800,923.65,0.1,109.419146798
18820,1000.0,0.0,90.2465455252
18840,966.25,0.0,80.4719478955
18860,967.7,0.05,90.9573466633
18880,998.8,0.05,89.2692164755
18900,915.45,0.05,80.1720152809
18920,948.5,0.1,81.0202242153
18940,930.75,0.1,83.1936641767
18960,949.1,0.1,83.0068124263
18980,900.75,0.3,113.159032559
19000,870.05,0.4,121.818261656
19020,903.15,0.35,110.126596669
19040,874.35,0.35,113.060653453
19060,788.9,0.5,136.328273522
19080,833.85,0.55,136.634549037
19100,725.6,0.6,139.670257697
19120,514.4,0.9,177.80160871
19140,549.15,0.9,178.711954112
19160,685.9,0.55,139.559680292
19180,703.55,0.45,123.677632568
19200,696.15,0.55,138.38202809
19220,604.05,0.65,150.76117979
19240,669.55,0.55,127.687241442
19260,727.5,0.6,145.094100977
19280,702.65,0.55,142.414409911
19300,534.95,0.8,167.261056752
19320,655.8,0.6,150.850411333
19340,616.5,0.7,160.121256787
19360,542.6,0.75,160.813260679
19380,621.1,0.65,139.039155295
19400,623.9,0.65,151.069963684
19420,517.4,0.85,181.098984348
19440,633.95,0.6,141.678097966
19460,719.85,0.55,134.309852293
19480,793.9,0.45,131.674363419
19500,635.55,0.65,145.060571978
19520,656.0,0.6,155.559569704
19540,604.35,0.75,169.204970739
19560,627.8,0.6,150.026673369
19580,596.3,0.6,134.926581027
19600,637.35,0.65,151.81789447
19620,651.9,0.55,133.201198388
19640,583.45,0.6,135.139694291
19660,568.4,0.65,134.25044681
19680,610.95,0.7,152.253353843
19700,534.15,0.6,141.882685183
19720,587.1,0.65,136.561649515
19740,600.95,0.45,109.430941223
19760,699.85,0.35,92.6933372688
19780,627.95,0.45,115.74295422
19800,613.95,0.6,129.538124686
19820,585.3,0.7,153.232243863
19840,648.1,0.45,124.478674752
19860,628.25,0.65,140.12458688
19880,758.7,0.3,102.307152683
19900,694.2,0.45,116.57139881
19920,610.65,0.6,140.821676312
19940,608.8,0.6,143.199229437
19960,714.6,0.35,107.189396357
19980,599.2,0.7,161.581457268
20000,537.15,0.8,175.386043834
20020,457.5,0.95,195.894521153
20040,663.4,0.65,151.763206365
20060,609.2,0.8,170.799297232
20080,556.7,0.85,179.055061984
20100,520.3,0.8,166.656306149
20120,500.6,0.95,183.899120186
20140,564.15,0.85,173.044266287
20160,567.1,0.8,176.304239265
20180,464.65,0.9,174.507028128
20200,511.25,0.8,166.881404654
20220,488.2,0.95,182.26173291
20240,605.55,0.8,169.049747709
20260,558.1,0.9,177.900277516
20280,645.55,0.65,148.632902728
20300,576.0,0.75,161.368145629
20320,498.95,0.95,187.929988016
20340,570.9,0.7,141.488247895
20360,554.1,0.95,176.693685354
20380,629.05,0.8,159.143075888
20400,694.05,0.8,162.723942242
20420,651.55,0.75,145.032094866
20440,771.55,0.6,132.316367664
20460,603.1,0.85,168.243012291
20480,659.85,0.7,158.523983446
20500,659.95,0.75,154.483232193
20520,692.6,0.75,154.071561368
20540,700.4,0.65,145.365144282
20560,588.4,0.8,157.279577332
20580,756.6,0.45,113.726844968
20600,731.5,0.65,138.957730127
20620,782.0,0.45,101.41527348
20640,721.1,0.65,147.772416878
20660,782.55,0.5,122.376100945
20680,750.45,0.6,126.534807141
20700,724.7,0.6,138.386034567
20720,709.9,0.55,146.005728201
20740,611.8,0.7,141.713585894
20760,704.55,0.5,125.532100096
20780,604.65,0.55,130.882132348
20800,625.2,0.55,115.591728768
20820,762.95,0.6,133.887771864
20840,618.6,0.6,131.648025447
20860,607.4,0.7,153.606685172
20880,656.5,0.65,143.80064265
20900,666.45,0.6,131.95923919
20920,738.05,0.5,131.373625853
20940,540.6,0.75,161.417686925
20960,702.3,0.6,140.567259541
20980,638.25,0.55,129.850520476
21000,602.55,0.75,152.472934187
21020,623.7,0.75,162.781263145
21040,637.15,0.7,154.91418392
21060,584.4,0.7,161.494828797
21080,692.0,0.65,154.012548098
21100,707.9,0.6,141.393305252
21120,747.65,0.5,136.025863788
21140,802.95,0.45,121.568926474
21160,821.45,0.25,102.295495593
21180,918.95,0.25,101.524395456
21200,927.9,0.15,93.3654324228
21220,865.9,0.15,101.342524323
21240,944.25,0.1,96.1366825788
21260,1000.0,0.0,83.8565860604
21280,1000.0,0.0,82.7675980377
21300,972.7,0.05,89.1026967472
21320,876.4,0.0,74.7451423163
21340,969.2,0.05,88.6846209664
21360,1000.0,0.0,89.3931004316
21380,1000.0,0.0,80.0490201729
21400,1000.0,0.0,77.7269793294
21420,1000.0,0.0,86.8918105292
21440,1000.0,0.0,89.3636819067
21460,968.0,0.05,86.5370423538
21480,1000.0,0.0,81.509811097
21500,954.5,0.0,79.7745801798
21520,955.5,0.0,85.5913329608
21540,1000.0,0.0,74.6214807881
21560,955.2,0.0,78.4587685884
21580,1000.0,0.0,88.3290563843
21600,954.6,0.0,80.4207692941
21620,1000.0,0.0,85.8696178531
21640,954.05,0.0,66.6810504584
21660,1000.0,0.0,77.6435712782
21680,954.25,0.0,72.9626677393
21700,956.4,0.0,79.135439639
21720,1000.0,0.0,86.2170928026
21740,954.15,0.0,81.7371277563
21760,1000.0,0.0,79.5953463669
21780,962.6,0.0,69.6808534142
21800,953.6,0.0,73.880676524
21820,1000.0,0.0,96.6987218444
21840,1000.0,0.0,91.8990165648
21860,955.2,0.0,87.6396182704
21880,1000.0,0.0,97.0497594755
21900,827.5,0.0,76.2297045729
21920,921.9,0.0,89.5864650212
21940,1000.0,0.0,98.4582642813
21960,854.1,0.1,98.1215676467
21980,802.75,0.15,98.2262434216
22000,908.15,0.0,87.9042378644
22020,792.3,0.1,92.4601766598
22040,934.65,0.1,104.777688388
22060,835.7,0.25,118.765521641
22080,706.65,0.2,83.070300839
22100,780.35,0.3,114.729289119
22120,618.55,0.55,134.835178814
22140,488.55,0.5,128.37296203
22160,494.3,0.65,147.490539877
22180,383.7,0.65,137.451039929
22200,526.7,0.35,97.4663260157
22220,612.1,0.35,94.2518156852
22240,532.7,0.55,122.440355903
22260,535.75,0.55,136.562371497
22280,504.1,0.5,120.367392573
22300,339.7,0.65,133.11714996
22320,318.05,0.5,101.373026044
22340,475.1,0.35,77.3563173576
22360,403.2,0.55,111.860196572
22380,459.3,0.35,92.5075453366
22400,480.35,0.35,90.0396209439
22420,527.55,0.5,126.539935225
22440,417.9,0.35,75.3114183152
22460,463.9,0.55,112.250532974
22480,638.4,0.3,89.2297786586
22500,515.4,0.5,114.251551969
22520,476.3,0.65,144.16444627
22540,431.1,0.65,138.276353322
22560,615.95,0.4,106.457998934
22580,450.15,0.45,115.438227119
22600,679.9,0.4,120.118613891
22620,545.55,0.65,145.262819762
22640,428.9,0.6,127.873648107
22660,524.4,0.55,127.464594099
22680,500.6,0.5,120.737853503
22700,627.9,0.5,137.625098108
22720,622.4,0.6,144.576533324
22740,523.65,0.6,142.675247471
22760,609.7,0.45,126.379880905
22780,455.0,0.5,125.380200815
22800,646.6,0.55,139.662995825
22820,638.45,0.35,103.940508369
22840,550.5,0.5,120.893282984
22860,501.6,0.5,129.828735722
22880,592.2,0.4,113.864766038
22900,458.7,0.6,150.218993881
22920,569.0,0.2,74.9489666635
22940,592.85,0.55,148.074927964
22960,471.25,0.55,130.992181987
22980,526.3,0.65,142.29206939
23000,537.6,0.5,130.893162016
23020,525.5,0.7,159.099981715
23040,663.2,0.5,140.539202409
23060,429.75,0.5,102.89680298
23080,576.6,0.5,132.728725965
23100,562.35,0.4,109.81952393
23120,570.55,0.5,131.289805924
23140,591.9,0.5,134.721154719
23160,412.65,0.5,106.238809506
23180,379.45,0.75,159.107914566
23200,668.2,0.4,118.667466361
23220,400.25,0.75,161.211648717
23240,464.35,0.55,115.448681555
23260,674.6,0.4,119.504754348
23280,422.55,0.65,127.953571903
23300,467.95,0.35,93.5024310343
23320,558.95,0.65,154.231582044
23340,554.05,0.5,126.428613195
23360,579.05,0.4,108.003517494
23380,659.5,0.5,116.292480044
23400,682.05,0.35,102.228472894
23420,628.15,0.5,127.897678796
23440,610.65,0.5,133.147720348
23460,645.3,0.55,140.532379811
23480,738.7,0.35,106.764419171
23500,447.0,0.6,143.334838378
23520,503.3,0.65,137.780971413
23540,530.2,0.5,122.550560504
23560,565.6,0.5,121.248552167
23580,688.05,0.5,139.095780065
23600,594.1,0.55,124.078047192
23620,608.35,0.5,121.266471385
23640,516.55,0.6,140.367517631
23660,594.05,0.65,149.301675752
23680,516.5,0.45,108.756813014
23700,553.85,0.7,154.82367849
23720,575.1,0.5,118.003198921
23740,501.9,0.7,161.319409243
23760,630.2,0.5,130.1589147
23780,613.6,0.55,133.304856921
23800,549.85,0.55,129.484762339
23820,402.45,0.6,121.333482379
23840,456.3,0.65,130.060009398
23860,516.55,0.7,153.205640208
23880,552.75,0.5,115.649012499
23900,452.95,0.6,130.017629595
23920,608.95,0.55,121.284596526
23940,728.55,0.45,142.710995017
23960,479.6,0.55,119.55313604
23980,434.2,0.65,135.697277078
24000,630.15,0.5,130.268519089
24020,657.55,0.5,139.782900219
24040,564.6,0.6,140.44782381
24060,474.3,0.55,121.900769155
24080,573.7,0.5,125.905286791
24100,636.45,0.65,144.374934454
24120,687.45,0.55,145.314214213
24140,566.65,0.7,165.452553742
24160,587.35,0.5,119.94951105
24180,527.65,0.8,159.624180262
24200,619.8,0.45,127.432771241
24220,561.45,0.7,166.376251941
24240,562.05,0.7,157.241751286
24260,611.3,0.7,148.733501124
24280,565.65,0.7,154.147146387
24300,664.5,0.6,138.621156378
24320,582.65,0.65,146.979852819
24340,549.45,0.75,159.98941871
24360,577.3,0.8,167.597139262
24380,577.9,0.75,156.785983541
24400,582.3,0.7,161.997038869
24420,572.85,0.7,166.269134932
24440,592.15,0.6,147.183774784
24460,464.4,0.85,181.231842654
24480,587.65,0.4,105.447562853
24500,673.3,0.35,115.167846302
24520,599.9,0.65,152.85457698
24540,467.4,0.8,181.57062489
24560,570.3,0.7,164.937940794
24580,533.8,0.55,138.732750896
24600,585.35,0.45,129.382587671
24620,683.5,0.4,128.196810773
24640,611.95,0.65,147.527710631
24660,574.9,0.65,155.401909076
24680,491.1,0.8,168.072591273
24700,425.25,0.9,199.464907316
24720,455.7,0.8,178.630330381
24740,472.35,0.75,165.937545091
24760,376.65,0.95,189.9089878
24780,435.25,0.75,160.178297305
24800,390.65,1.0,199.849188783
24820,417.05,0.85,174.700017465
24840,341.7,0.9,178.709287487
24860,416.45,0.85,184.268044623
24880,394.7,0.75,162.633811969
24900,459.25,0.75,175.54187924
24920,437.0,0.8,180.724316236
24940,535.5,0.7,164.500446658
24960,518.35,0.8,181.282342749
24980,444.9,0.7,151.392005318
25000,533.7,0.75,175.803231452
25020,666.4,0.5,141.682410246
25040,496.45,0.6,136.877831843
25060,458.15,0.9,190.218913995
25080,580.55,0.65,161.206266201
25100,473.6,0.7,156.19371396
25120,426.7,0.9,195.675304462
25140,504.15,0.75,175.997441134
25160,450.3,0.8,177.564095074
25180,494.05,0.8,176.551048373
25200,360.3,0.85,169.123568316
25220,381.9,0.85,170.423212713
25240,491.95,0.85,176.591854136
25260,459.85,0.75,162.246029062
25280,402.15,0.85,176.79658467
25300,330.15,0.9,178.61086871
25320,394.15,0.9,190.184131146
25340,387.9,0.85,176.959347391
25360,476.0,0.85,186.558361959
25380,392.8,0.9,192.660541919
25400,414.25,0.85,177.315579888
25420,383.05,0.75,161.327093853
25440,479.35,0.8,179.115111975
25460,413.2,0.8,161.60325344
25480,408.5,0.75,162.151193289
25500,509.95,0.75,168.996829796
25520,550.3,0.7,163.363041053
25540,531.35,0.8,184.371536324
25560,547.4,0.7,164.464875857
25580,501.0,0.7,153.870634586
25600,499.55,0.75,166.483506194
25620,677.75,0.4,125.604083189
25640,585.95,0.5,143.822969829
25660,615.4,0.6,152.752194086
25680,453.45,0.65,150.247445291
25700,598.75,0.75,168.546572999
25720,480.6,0.75,153.766729061
25740,420.2,0.85,171.736855475
25760,427.45,0.75,165.966906685
25780,526.45,0.85,178.361904448
25800,434.9,0.6,136.043838859
25820,367.75,0.8,160.68630144
25840,408.85,0.85,177.701070263
25860,466.65,0.85,188.474871396
25880,347.8,0.85,174.41379409
25900,302.55,0.75,153.158915075
25920,456.8,0.9,193.759028118
25940,407.1,0.9,185.954261955
25960,425.5,0.6,131.058502086
25980,368.0,0.75,162.000738526
26000,407.95,0.75,159.997906591
26020,394.3,1.0,215.631287095
26040,327.6,0.8,163.198928944
26060,416.95,0.7,156.299120309
26080,405.5,0.8,169.635167477
26100,379.95,0.65,148.512766116
26120,512.05,0.7,160.417191654
26140,410.0,0.65,147.74972946
26160,499.85,0.6,149.718600118
26180,485.25,0.75,164.906919315
26200,514.95,0.7,158.158483004
26220,378.05,0.6,132.422131721
26240,641.35,0.55,137.364460168
26260,546.6,0.55,134.739019785
26280,461.15,0.85,179.908885499
26300,435.5,0.8,171.421149623
26320,441.8,0.7,162.967650779
26340,455.5,0.7,141.236212331
26360,441.4,0.8,181.228308997
26380,445.95,0.8,178.00149405
26400,432.6,0.9,194.841555248
26420,455.85,0.9,191.302521061
26440,413.5,0.9,188.32344748
26460,522.05,0.8,187.664916616
26480,550.6,0.9,186.031955754
26500,449.25,0.9,186.132340232
26520,367.45,0.85,178.280686885
26540,505.4,0.85,187.456956321
26560,494.4,0.65,153.925120696
26580,588.0,0.55,142.728120779
26600,487.25,0.7,157.79371035
26620,566.8,0.7,156.620973133
26640,565.8,0.55,145.568651186
26660,494.45,0.8,181.682854533
26680,638.1,0.5,124.5314535
26700,565.1,0.75,159.730066056
26720,547.15,0.7,156.060794161
26740,558.25,0.8,169.003540635
26760,491.1,0.8,177.106508212
26780,631.65,0.7,158.166360112
26800,628.4,0.6,143.053567801
26820,587.85,0.6,146.169142448
26840,569.1,0.75,176.123547457
26860,646.4,0.55,135.869565773
26880,529.65,0.65,154.801814323
26900,512.15,0.6,146.876419346
26920,728.1,0.4,116.352561505
26940,760.35,0.45,124.193913824
26960,564.8,0.7,166.247770599
26980,526.7,0.7,148.38950285
27000,662.95,0.55,144.990750298
27020,531.75,0.6,138.507397316
27040,686.7,0.55,148.814525172
27060,575.85,0.7,174.716003259
27080,562.05,0.55,141.244481919
27100,484.0,0.6,139.637908347
27120,557.65,0.65,164.801515208
27140,495.35,0.7,174.86765834
27160,633.05,0.65,168.882822906
27180,463.65,0.7,155.866351241
27200,447.15,0.9,196.282453483
27220,460.6,0.75,163.216324144
27240,460.35,0.9,198.926259297
27260,449.05,0.9,193.944554868
27280,425.35,0.65,150.67786318
27300,497.55,0.6,143.57108054
27320,402.15,0.85,187.038209489
27340,500.3,0.7,164.743769539
27360,409.5,0.85,184.093487267
27380,522.9,0.8,184.770941978
27400,387.15,0.8,165.629244171
27420,511.0,0.8,187.531444784
27440,526.95,0.7,174.113612407
27460,497.75,0.7,159.717771529
27480,371.45,0.8,169.996347787
27500,483.6,0.7,159.507975383
27520,472.8,0.7,167.510579605
27540,505.8,0.65,157.552309054
27560,508.1,0.7,163.323094282
27580,569.75,0.55,145.542086023
27600,516.1,0.75,166.946013976
27620,563.3,0.7,169.169071064
27640,418.9,0.7,152.440857554
27660,446.85,0.7,155.142572002
27680,423.5,0.75,161.453418555
27700,408.9,0.65,153.436162635
27720,433.55,0.7,158.965268866
27740,453.4,0.5,128.17715362
27760,464.85,0.65,162.670287012
27780,409.4,0.8,176.058260129
27800,525.5,0.7,153.387308381
27820,481.3,0.65,161.145082319
27840,533.4,0.6,156.187497421
27860,590.3,0.5,133.322245171
27880,663.05,0.4,110.151144706
27900,614.9,0.55,153.351388485
27920,545.45,0.65,160.61392389
27940,361.8,0.75,153.856734261
27960,659.6,0.25,102.419629817
27980,557.95,0.55,137.519380878
28000,553.4,0.5,130.030598874
28020,526.8,0.35,99.7611063526
28040,528.3,0.45,110.057959566
28060,518.55,0.5,121.244438783
28080,469.55,0.55,120.531527627
28100,503.1,0.6,136.57073565
28120,568.7,0.5,125.337979153
28140,690.9,0.45,131.488558622
28160,707.3,0.25,91.5869638682
28180,383.05,0.45,108.634358705
28200,425.15,0.7,152.721697505
28220,499.5,0.5,122.644874182
28240,482.75,0.4,94.0633516986
28260,525.0,0.45,115.821278902
28280,566.2,0.55,148.793070588
28300,529.3,0.6,139.558086849
28320,541.65,0.45,115.395662376
28340,644.0,0.25,89.7651875806
28360,498.75,0.6,139.955605051
28380,678.3,0.2,75.0541663582
28400,553.55,0.4,111.254192271
28420,343.55,0.45,98.4048792572
28440,345.6,0.6,123.652059316
28460,522.35,0.55,133.953700039
28480,474.0,0.45,105.746799245
28500,375.35,0.55,119.145548967
28520,503.95,0.6,135.102744713
28540,576.65,0.4,112.218907209
28560,638.45,0.35,115.805036499
28580,447.75,0.6,141.571108873
28600,386.35,0.7,159.193115887
28620,345.5,0.85,176.58224835
28640,425.7,0.8,171.036893125
28660,542.4,0.4,114.402566548
28680,563.55,0.6,154.394569753
28700,570.7,0.7,167.643572599
28720,507.2,0.6,137.868017297
28740,454.5,0.75,168.680767756
28760,342.05,0.6,130.896281266
28780,397.0,0.65,147.12028689
28800,419.8,0.7,157.911331779
28820,462.3,0.55,129.862682109
28840,499.1,0.65,137.106914795
28860,532.15,0.55,131.738400568
28880,314.55,0.65,137.274156951
28900,353.8,0.8,175.492171036
28920,405.5,0.9,188.940177011
28940,515.55,0.7,164.967657103
28960,449.05,0.9,203.045149013
28980,508.9,0.7,157.139755181
29000,509.1,0.85,190.272897831
29020,468.55,0.7,146.291559507
29040,479.15,0.85,195.86839786
29060,601.7,0.7,168.894999076
29080,471.1,0.75,170.232633939
29100,494.45,0.75,165.143524381
29120,454.9,0.8,187.118413432
29140,547.25,0.65,156.928923949
29160,504.5,0.7,160.614883926
29180,431.1,0.6,138.594620469
29200,497.35,0.75,174.458535235
29220,522.9,0.75,177.972903777
29240,531.9,0.75,176.733205868
29260,439.85,0.85,195.494330336
29280,558.55,0.6,157.066509507
29300,484.25,0.7,170.951535441
29320,602.35,0.6,153.881618125
29340,449.0,0.65,156.155931859
29360,492.3,0.7,169.566033624
29380,587.9,0.65,162.821537454
29400,510.1,0.65,157.156377883
29420,557.85,0.75,167.666235856
29440,420.6,0.85,184.285313229
29460,472.0,0.8,178.855251243
29480,442.5,0.85,183.353665812
29500,408.25,0.8,174.945874647
29520,532.95,0.65,169.582797115
29540,428.45,0.75,166.217379831
29560,417.65,0.85,186.552688264
29580,521.15,0.65,152.819645387
29600,433.2,0.8,170.538096339
29620,386.25,0.85,189.952376604
29640,490.05,0.75,171.045237609
29660,518.4,0.7,164.363819176
29680,527.45,0.7,169.265095117
29700,486.5,0.8,189.059526054
29720,667.1,0.55,154.929224985
29740,659.2,0.55,148.233015756
29760,720.9,0.45,134.786104828
29780,857.9,0.3,117.071255767
29800,908.3,0.1,101.871079106
29820,920.8,0.15,112.184834699
29840,943.6,0.15,112.056163351
29860,737.65,0.35,132.697495665
29880,861.4,0.15,109.903056207
29900,841.75,0.1,92.0320677591
29920,923.5,0.1,116.102755104
29940,829.45,0.0,75.1010944624
29960,926.15,0.1,118.113409071
29980,920.4,0.05,96.7176126067
30000,1000.0,0.0,99.8328700264
