20,77.0,0.0,-468.355148952
40,84.55,0.0,-393.171433598
60,77.3,0.0,-281.498191901
80,77.4,0.0,-288.04099189
100,81.55,0.0,-306.994502078
120,89.15,0.0,-311.633422923
140,83.9,0.0,-313.377973541
160,88.55,0.0,-262.812368357
180,99.7,0.0,-253.257606388
200,103.7,0.0,-264.910389861
220,107.3,0.0,-303.022471963
240,121.45,0.0,-292.130591212
260,116.85,0.0,-335.445548788
280,116.35,0.0,-294.216215583
300,114.7,0.0,-374.567441498
320,157.95,0.0,-304.565076086
340,138.6,0.0,-325.612796014
360,142.1,0.0,-286.068657335
380,127.1,0.0,-267.116426543
400,137.4,0.0,-261.422062128
420,111.15,0.0,-268.97926756
440,120.3,0.0,-261.444966312
460,113.25,0.0,-260.593498492
480,129.7,0.0,-236.611022205
500,121.65,0.0,-238.048454355
520,102.85,0.0,-184.080093405
540,119.9,0.0,-226.03497789
560,109.35,0.0,-255.51982752
580,118.4,0.0,-253.016141093
600,162.65,0.0,-232.546766691
620,115.65,0.0,-266.783095467
640,167.25,0.0,-209.525700735
660,158.4,0.0,-229.191939372
680,160.2,0.0,-210.909603979
700,173.05,0.0,-262.586508084
720,137.25,0.0,-302.151176647
740,141.75,0.0,-231.585680923
760,208.55,0.0,-244.434741558
780,159.65,0.0,-209.882811138
800,193.95,0.0,-225.641386579
820,170.15,0.0,-228.197265283
840,183.6,0.0,-188.302335487
860,192.2,0.05,-175.710100347
880,184.25,0.0,-149.472918814
900,205.1,0.0,-153.802716193
920,155.55,0.0,-172.298479722
940,161.6,0.0,-133.264439775
960,171.45,0.0,-155.763849418
980,153.55,0.0,-164.33824246
1000,178.25,0.0,-154.778202351
1020,227.9,0.0,-138.870781442
1040,194.2,0.0,-186.514461551
1060,211.8,0.0,-168.388134964
1080,287.8,0.0,-99.3353348119
1100,218.1,0.0,-125.787605017
1120,161.1,0.0,-109.228925306
1140,380.6,0.0,-39.5894613204
1160,215.8,0.0,-135.648969374
1180,168.7,0.0,-76.2950249298
1200,241.75,0.0,-90.3813874812
1220,308.05,0.0,-81.5420245857
1240,302.7,0.0,-110.337424065
1260,292.7,0.05,-83.8265064612
1280,399.8,0.0,-127.206804043
1300,567.95,0.05,-87.3945852192
1320,413.15,0.0,-113.458565275
1340,360.55,0.0,-80.3547126825
1360,539.3,0.0,-100.338205423
1380,441.45,0.1,-61.5954578865
1400,492.2,0.0,-63.4531149363
1420,528.75,0.05,-23.9129435077
1440,601.4,0.1,-53.8386257545
1460,442.85,0.25,-10.3688078917
1480,386.05,0.3,-3.27065857822
1500,360.85,0.3,-7.71589536771
1520,308.65,0.25,-38.6566704233
1540,432.0,0.25,-42.6997246705
1560,395.15,0.35,-15.2180368427
1580,371.05,0.1,-109.058717758
1600,404.8,0.25,-70.3146218883
1620,486.65,0.45,11.1795729932
1640,575.65,0.5,-12.4497675156
1660,557.9,0.35,-58.7044974251
1680,597.8,0.15,-105.213019489
1700,698.9,0.45,-47.3194874522
1720,703.55,0.45,-45.158990886
1740,810.05,0.55,21.6235887407
1760,742.8,0.65,43.1151374991
1780,719.1,0.6,17.2175087706
1800,594.45,0.65,68.7759633659
1820,516.25,0.45,6.63639745883
1840,496.15,0.5,27.2692782616
1860,460.85,0.55,52.5279384963
1880,445.55,0.65,77.2215263184
1900,412.8,0.65,86.891491484
1920,328.1,0.4,50.6390780087
1940,367.4,0.5,57.7807510765
1960,341.45,0.6,107.303162291
1980,371.65,0.65,109.821956743
2000,366.65,0.65,109.718089994
2020,333.8,0.65,123.846639948
2040,370.45,0.7,122.709601684
2060,419.7,0.85,165.34714131
2080,402.2,0.9,175.390279481
2100,402.5,0.85,166.447029917
2120,417.65,0.85,163.373399248
2140,417.15,0.85,154.916565991
2160,441.3,0.95,172.777044396
2180,414.95,0.9,166.927633661
2200,515.2,0.85,128.049468207
2220,514.3,0.7,95.3886834224
2240,566.4,0.9,125.239569441
2260,529.8,0.8,115.174681732
2280,547.0,0.95,154.124044523
2300,484.3,0.85,141.399080483
2320,491.35,0.9,168.79072981
2340,405.1,0.95,183.451159592
2360,378.8,0.85,168.05001507
2380,360.55,0.9,175.029985014
2400,349.75,0.95,184.542880811
2420,311.1,0.75,147.696512416
2440,285.75,0.6,110.394744723
2460,317.15,0.65,113.787528893
2480,294.05,0.65,123.439306248
2500,284.8,0.6,115.67980211
2520,284.15,0.45,63.2510101041
2540,307.15,0.7,129.37954277
2560,286.8,0.55,84.9053509093
2580,305.5,0.7,122.026273484
2600,345.1,0.75,128.847434465
2620,357.65,0.65,109.493557891
2640,355.7,0.7,118.599041985
2660,360.6,0.75,129.456083618
2680,385.15,0.85,151.92592037
2700,421.9,0.95,172.802944614
2720,394.0,0.9,167.66815021
2740,396.15,1.0,201.179234302
2760,417.1,1.0,192.735070995
2780,395.3,1.0,199.833026446
2800,416.55,0.95,186.919135574
2820,398.1,0.95,188.73454325
2840,393.4,1.0,201.857165968
2860,408.15,0.95,175.102438482
2880,415.5,0.85,153.000040327
2900,403.7,0.8,144.572284715
2920,409.05,0.6,66.7945750131
2940,431.7,0.75,93.831627019
2960,364.3,0.5,49.2913667469
2980,393.6,0.6,57.8856982537
3000,408.7,0.6,80.1968114025
3020,381.35,0.75,107.197615728
3040,407.95,0.65,70.491036625
3060,366.6,0.6,74.3270260764
3080,357.75,0.5,39.8337047321
3100,327.15,0.65,99.6281960366
3120,354.9,0.7,118.059378766
3140,319.1,0.6,94.6774076467
3160,350.5,0.85,165.639306112
3180,344.65,0.95,200.121193708
3200,323.8,0.85,165.526670406
3220,324.8,0.95,202.98659604
3240,339.25,0.9,182.886754481
3260,353.8,0.8,157.948266714
3280,332.65,0.7,143.249475497
3300,316.75,1.0,202.29359398
3320,304.45,0.65,113.869667908
3340,309.55,0.6,104.99452328
3360,265.95,0.45,66.0853708878
3380,270.1,0.7,137.762347933
3400,336.95,0.65,98.6523885134
3420,346.55,0.7,123.645566608
3440,286.3,0.5,87.2546950694
3460,271.5,0.55,85.1379760271
3480,262.15,0.55,91.3469514079
3500,280.95,0.6,110.63846887
3520,240.6,0.45,66.6639811813
3540,229.65,0.4,38.1509852702
3560,348.85,0.5,71.122907579
3580,236.75,0.4,35.4246747838
3600,257.4,0.5,58.5123462507
3620,217.75,0.3,28.9128831553
3640,257.2,0.4,24.5694330684
3660,378.2,0.3,25.0413639488
3680,220.35,0.2,-14.1744817213
3700,316.4,0.3,5.87395564938
3720,329.35,0.4,29.9309131737
3740,316.7,0.5,28.8761330664
3760,361.4,0.5,37.2739393261
3780,442.35,0.7,81.4793893775
3800,384.65,0.6,73.2003128102
3820,419.05,0.3,-23.0008512295
3840,465.05,0.5,44.854937321
3860,671.55,0.35,25.0568919956
3880,536.3,0.65,80.2531392168
3900,462.0,0.6,74.5612481986
3920,435.2,0.4,26.8120718312
3940,543.7,0.65,88.0225953018
3960,443.0,0.5,45.2395925975
3980,507.5,0.65,64.7882176185
4000,549.1,0.45,26.1063819976
4020,505.0,0.75,97.8093597455
4040,535.35,0.7,89.9873228221
4060,529.35,0.7,102.230633982
4080,569.65,0.7,95.312458691
4100,578.9,0.7,68.7176107534
4120,583.8,0.85,109.994895455
4140,527.75,0.45,15.6480664636
4160,513.8,0.6,50.378065784
4180,487.95,0.65,91.5404843384
4200,469.85,0.65,62.6574728779
4220,464.85,0.6,51.7755590706
4240,454.8,0.65,70.573584621
4260,422.05,0.5,43.8829726708
4280,488.05,0.45,25.7069087786
4300,383.55,0.6,74.9508549008
4320,376.35,0.6,61.7248775913
4340,403.2,0.55,66.1588045456
4360,423.85,0.8,131.743262737
4380,359.15,0.65,96.6575216261
4400,361.6,0.65,88.9282431199
4420,395.4,0.65,90.277295738
4440,345.9,0.75,121.482833054
4460,382.1,0.7,122.010943362
4480,395.9,0.5,75.8533684332
4500,417.7,0.8,161.815256838
4520,365.3,0.8,144.575698734
4540,382.65,0.85,151.478717573
4560,352.55,0.9,183.128381902
4580,358.15,0.95,192.945698618
4600,386.6,1.0,200.060716823
4620,431.85,0.9,179.274254043
4640,405.5,0.95,183.007713642
4660,398.55,0.9,178.670688817
4680,422.2,1.0,198.745191897
4700,425.65,0.9,174.659000946
4720,391.9,0.95,187.135613591
4740,415.25,0.9,184.337433188
4760,381.5,0.85,165.083272718
4780,396.95,0.85,167.390711706
4800,470.6,0.85,187.326404325
4820,363.0,0.85,168.35281424
4840,358.55,0.9,180.950913897
4860,390.8,0.9,191.271550886
4880,376.0,0.95,193.613378129
4900,370.55,0.85,175.03295035
4920,352.55,0.75,151.485604917
4940,336.8,0.85,168.789719561
4960,359.8,0.8,169.089353381
4980,332.2,0.85,172.926193043
5000,351.9,0.9,194.98980383
5020,312.7,0.7,144.305943533
5040,347.05,0.85,167.902125803
5060,330.45,0.95,183.917862069
5080,353.4,1.0,204.445219771
5100,388.4,0.85,165.583061816
5120,363.55,0.75,149.755881637
5140,352.6,0.9,179.307082864
5160,358.05,0.8,169.862439196
5180,335.25,0.95,198.228178834
5200,368.1,0.7,143.419641027
5220,340.5,0.85,175.656808645
5240,344.4,0.8,170.163150585
5260,359.65,0.95,189.430062363
5280,391.0,1.0,195.615570886
5300,371.6,0.95,191.352115718
5320,351.6,0.9,181.605914822
5340,356.05,0.9,173.502658143
5360,388.15,0.95,190.564963108
5380,349.8,0.95,177.174894411
5400,382.2,0.8,156.830380253
5420,376.6,0.8,147.225804375
5440,359.6,0.85,162.47307368
5460,348.0,0.8,139.551798666
5480,372.3,0.7,129.32012904
5500,367.2,0.65,98.1629758678
5520,385.7,0.65,101.824288073
5540,366.2,0.6,80.9216547465
5560,358.75,0.5,56.1270169531
5580,415.5,0.55,72.1798866575
5600,396.4,0.45,38.5457639669
5620,385.7,0.6,64.1791885898
5640,371.35,0.5,49.5824069894
5660,432.05,0.4,24.7050207943
5680,400.75,0.55,49.621819291
5700,387.1,0.45,33.7959538936
5720,368.8,0.55,51.6582160226
5740,402.65,0.6,79.2426895686
5760,387.55,0.7,92.1213310528
5780,385.85,0.55,44.0230913416
5800,350.8,0.55,74.3420433286
5820,359.1,0.5,61.9258568136
5840,381.05,0.5,69.1976833124
5860,323.5,0.6,97.786574935
5880,358.85,0.65,89.20639622
5900,354.85,0.7,113.229986886
5920,368.15,0.7,115.33928114
5940,377.35,0.75,133.020091404
5960,419.45,0.75,134.903256834
5980,421.3,0.8,128.852932234
6000,507.85,0.95,157.119356149
6020,446.7,0.95,170.458995695
6040,461.5,0.95,169.573463974
6060,447.6,1.0,188.784933225
6080,438.9,1.0,189.429012942
6100,433.4,1.0,185.954783792
6120,437.7,1.0,197.325088339
6140,430.85,1.0,190.964627605
6160,418.05,1.0,198.643755348
6180,407.2,1.0,202.214896117
6200,414.4,0.95,183.964405454
6220,501.5,0.85,162.401779224
6240,424.25,0.9,176.086095222
6260,408.75,0.85,158.976679856
6280,387.8,0.9,171.95345901
6300,362.2,0.9,176.247345417
6320,386.8,0.85,165.934376564
6340,414.7,1.0,186.915552114
6360,361.75,0.85,162.340496189
6380,354.7,0.85,165.859973155
6400,357.05,0.6,104.742560367
6420,397.7,0.85,159.360237283
6440,321.8,0.7,129.290751649
6460,334.25,0.7,122.297818171
6480,319.95,0.75,159.040710893
6500,314.6,0.75,136.522232439
6520,319.85,0.85,166.709148415
6540,332.75,0.95,184.436073916
6560,311.55,0.8,161.445862851
6580,322.6,0.85,172.10243297
6600,297.1,0.6,117.052325521
6620,312.2,0.7,125.331999438
6640,286.05,0.65,126.649531172
6660,326.65,0.75,139.885031164
6680,322.05,0.7,135.57794501
6700,273.7,0.6,103.682362407
6720,286.85,0.6,117.776606389
6740,270.15,0.55,113.273099978
6760,293.5,0.65,119.510813151
6780,302.9,0.65,100.454632394
6800,323.4,0.65,110.913622613
6820,309.05,0.65,105.081017379
6840,308.1,0.55,75.7322954226
6860,305.6,0.5,71.4775522998
6880,330.7,0.5,47.5182957094
6900,350.45,0.65,91.3292181912
6920,434.6,0.85,130.994410487
6940,462.2,0.75,92.4125303137
6960,411.6,0.7,87.0185361763
6980,433.1,0.7,101.880256055
7000,509.35,0.85,122.560556675
7020,527.7,0.8,95.4348955877
7040,521.7,0.7,82.9952838917
7060,609.0,0.8,112.159509599
7080,565.7,0.9,152.539350176
7100,567.25,0.9,149.536817393
7120,561.55,1.0,172.169808493
7140,537.95,1.0,172.671239908
7160,527.1,1.0,177.665272702
7180,535.65,1.0,169.084531108
7200,504.1,1.0,173.76482852
7220,526.15,0.95,154.289397984
7240,493.65,0.9,136.384234651
7260,446.35,0.85,144.80288741
7280,469.15,0.9,152.00917755
7300,426.35,0.7,118.763329698
7320,465.35,0.7,110.33403337
7340,353.6,0.6,83.0842724979
7360,334.95,0.65,104.935888674
7380,325.05,0.55,100.578222144
7400,354.35,0.6,90.4251707703
7420,305.5,0.65,101.429340137
7440,292.3,0.7,130.589957091
7460,299.15,0.6,95.3157468852
7480,358.8,0.6,100.893510875
7500,312.75,0.65,115.90557758
7520,293.4,0.75,143.032070521
7540,279.6,0.65,117.793004627
7560,309.0,0.65,129.924027957
7580,276.0,0.7,135.840668889
7600,256.9,0.5,88.766623685
7620,263.6,0.55,101.657803254
7640,272.55,0.6,109.68609583
7660,271.55,0.6,108.245194845
7680,346.95,0.7,141.298607754
7700,258.5,0.65,127.668774448
7720,271.2,0.6,104.763107249
7740,278.6,0.6,88.7543420712
7760,241.05,0.45,63.6509786473
7780,275.5,0.7,127.423702848
7800,267.4,0.5,77.0746652375
7820,262.95,0.45,60.2006991711
7840,277.3,0.45,52.8355502901
7860,280.7,0.65,120.969023623
7880,318.85,0.7,114.104029613
7900,275.75,0.55,71.7461202648
7920,236.15,0.4,47.0329610031
7940,255.8,0.5,56.1997601285
7960,271.5,0.55,75.0415642973
7980,244.9,0.45,44.3094500126
8000,273.1,0.55,68.2646220287
8020,260.65,0.55,76.5631338187
8040,261.9,0.6,98.0885096479
8060,276.35,0.8,153.611669609
8080,255.4,0.45,70.0738629379
8100,300.75,0.55,65.7713029025
8120,261.15,0.65,119.432298954
8140,242.95,0.5,77.4742921571
8160,293.2,0.45,49.8415054275
8180,275.95,0.65,111.498882034
8200,346.5,0.7,111.297473792
8220,264.8,0.6,97.5759265894
8240,281.8,0.6,103.680342548
8260,287.0,0.65,92.6794829329
8280,313.45,0.8,152.631573416
8300,308.55,0.7,114.766215223
8320,318.3,0.75,133.287387136
8340,306.3,0.75,135.998406101
8360,322.35,0.7,116.082651116
8380,291.4,0.55,87.0208457689
8400,321.8,0.65,98.9410271897
8420,307.9,0.75,137.635557873
8440,321.1,0.5,60.7753402671
8460,325.1,0.6,92.359390453
8480,335.9,0.6,91.6446202671
8500,331.25,0.7,115.804459817
8520,372.5,0.7,105.815009314
8540,342.6,0.95,187.664933079
8560,329.05,0.7,124.058373032
8580,301.95,0.6,108.109250699
8600,339.5,0.75,129.074252299
8620,369.2,0.6,82.2929764735
8640,398.55,0.85,144.855115676
8660,373.9,0.7,105.819089952
8680,358.15,0.7,103.132772682
8700,368.45,0.95,167.468491838
8720,358.85,0.75,119.480883529
8740,376.05,0.75,127.711464195
8760,416.2,0.85,143.414268137
8780,410.35,0.85,152.541897226
8800,404.05,0.9,158.956299174
8820,432.0,0.85,154.536668778
8840,476.4,0.95,166.516002932
8860,486.75,0.95,181.943760679
8880,479.0,0.9,165.141299029
8900,451.45,0.95,173.914835968
8920,447.9,1.0,187.350775318
8940,449.85,1.0,185.375583549
8960,454.9,1.0,181.746261314
8980,476.1,1.0,192.35161911
9000,517.75,1.0,173.108618341
9020,511.15,1.0,183.317120614
9040,538.5,1.0,179.961410849
9060,555.25,1.0,181.53383932
9080,542.1,1.0,162.585543496
9100,550.75,1.0,171.147137133
9120,535.05,1.0,168.061854939
9140,543.45,1.0,177.51306312
9160,527.55,1.0,174.307466722
9180,495.3,1.0,183.681817088
9200,498.95,1.0,182.538296205
9220,492.05,1.0,181.568481422
9240,486.65,1.0,174.603300135
9260,473.85,1.0,189.182482656
9280,466.85,1.0,182.969500277
9300,458.55,1.0,179.233440208
9320,443.25,1.0,191.416654523
9340,469.15,0.95,173.745382834
9360,431.8,0.95,180.819516588
9380,430.2,1.0,182.067026089
9400,396.15,1.0,193.526384629
9420,438.7,0.95,177.258937554
9440,413.6,0.8,150.375583346
9460,414.4,1.0,191.731776194
9480,399.75,0.95,175.371559552
9500,358.6,1.0,205.900967924
9520,348.1,1.0,205.237242693
9540,354.05,1.0,203.493599153
9560,348.35,0.95,197.750437723
9580,347.7,0.95,189.107636547
9600,351.4,0.95,200.344266346
9620,356.3,0.95,194.655013887
9640,367.2,1.0,204.924034701
9660,444.15,0.9,184.376106496
9680,381.2,1.0,206.853677242
9700,407.55,0.95,199.312910626
9720,394.85,1.0,207.806323767
9740,453.1,0.9,186.627603599
9760,469.75,0.9,185.955830633
9780,404.95,1.0,189.108503487
9800,412.35,0.95,184.614085766
9820,436.3,0.95,168.203453595
9840,435.55,1.0,189.214860691
9860,432.5,1.0,195.404239078
9880,491.0,0.9,179.101419049
9900,509.75,0.9,178.632091715
9920,485.0,0.9,160.904419798
9940,471.85,0.95,171.989516261
9960,499.45,0.85,146.206023131
9980,561.65,0.8,133.003478127
10000,580.7,0.8,130.398271327
10020,670.1,0.7,114.74919293
10040,689.95,0.5,67.8980120908
10060,643.6,0.65,89.5426846816
10080,672.05,0.7,107.194415374
10100,693.4,0.75,114.810730808
10120,645.05,0.85,136.80087749
10140,590.25,0.95,164.447305078
10160,630.0,0.85,148.981069317
10180,635.35,0.85,145.175841667
10200,614.9,0.95,167.271317089
10220,571.45,1.0,169.175281699
10240,545.3,1.0,170.869048598
10260,505.25,1.0,178.430192476
10280,494.4,1.0,186.555555407
10300,447.9,1.0,193.198641595
10320,434.0,1.0,189.803221681
10340,415.95,1.0,194.031086227
10360,403.8,0.95,183.009527535
10380,382.65,0.95,185.761040182
10400,380.15,1.0,199.302344468
10420,425.1,0.85,150.352672724
10440,410.35,0.9,173.735790717
10460,319.9,0.75,145.959470038
10480,341.3,0.9,184.888391124
10500,326.5,0.9,186.104859941
10520,339.1,0.9,183.847893598
10540,445.2,0.85,174.320484323
10560,354.9,0.9,185.04741448
10580,331.6,0.75,137.416156394
10600,391.2,0.85,166.643869937
10620,384.1,0.85,159.450099598
10640,420.5,0.7,140.677905942
10660,467.5,0.75,151.252573987
10680,442.3,0.55,92.4778053054
10700,377.85,0.7,124.21509236
10720,413.45,0.8,155.636210408
10740,365.15,0.8,160.201210656
10760,412.7,0.75,139.677056298
10780,398.0,0.75,144.793594943
10800,316.55,0.75,143.961732964
10820,354.9,0.65,115.301834676
10840,359.85,0.75,148.601082824
10860,398.95,0.7,135.619522808
10880,371.65,0.85,165.150292068
10900,333.7,0.75,150.868922855
10920,311.4,0.75,143.762947062
10940,338.9,0.6,94.7355389359
10960,297.65,0.7,133.894704269
10980,379.4,0.75,145.857096119
11000,325.75,0.85,175.534053355
11020,330.35,0.6,97.6107115662
11040,320.5,0.8,149.786995224
11060,398.4,0.55,108.487659352
11080,381.15,0.55,101.813085343
11100,355.75,0.7,121.701482778
11120,375.7,0.6,97.5861937336
11140,397.55,0.6,121.938980127
11160,313.85,0.75,131.427891195
11180,375.65,0.55,98.591055492
11200,450.95,0.7,147.771115267
11220,308.7,0.75,155.26583321
11240,315.85,0.8,157.820798614
11260,311.0,0.8,150.077963243
11280,419.7,0.7,150.808739012
11300,388.25,0.8,163.443759173
11320,419.8,0.7,150.001302121
11340,332.3,0.85,173.436222843
11360,379.95,0.7,152.672851149
11380,408.85,0.7,150.61998271
11400,339.8,0.65,115.86134507
11420,314.9,0.85,167.59270977
11440,401.1,0.75,160.789181852
11460,331.95,0.7,129.807822605
11480,350.75,0.6,109.946637713
11500,387.4,0.7,146.884415179
11520,438.75,0.55,117.54901747
11540,334.5,0.65,117.993353131
11560,364.75,0.6,109.071027068
11580,357.2,0.6,117.02361113
11600,315.35,0.65,121.431467562
11620,346.1,0.3,20.1872741087
11640,333.2,0.85,161.812003106
11660,327.3,0.55,98.5717225633
11680,428.2,0.5,76.0966632787
11700,276.9,0.5,65.2336977329
11720,315.75,0.6,108.63366319
11740,350.2,0.6,96.8425444927
11760,379.8,0.7,135.072250642
11780,373.1,0.35,51.6019978577
11800,289.2,0.55,76.0860721269
11820,306.1,0.65,111.216207556
11840,325.0,0.4,60.8165484013
11860,331.75,0.75,139.634414834
11880,313.15,0.55,104.92053271
11900,266.85,0.55,84.639012603
11920,310.5,0.8,165.046108816
11940,286.1,0.6,105.775883786
11960,253.35,0.65,125.412983058
11980,343.9,0.4,61.1320763297
12000,251.4,0.65,145.01499214
12020,319.95,0.7,142.004636047
12040,238.6,0.55,84.9237400248
12060,290.0,0.55,104.305114655
12080,285.5,0.65,125.32109481
12100,352.35,0.7,144.486005772
12120,348.05,0.65,126.797053105
12140,300.4,0.6,118.426429131
12160,250.4,0.65,120.918819294
12180,289.3,0.65,127.983644144
12200,254.95,0.75,142.175163276
12220,254.9,0.6,109.960576454
12240,245.85,0.6,102.211635317
12260,322.8,0.5,78.6253223771
12280,352.95,0.65,120.801025011
12300,273.95,0.45,70.7128377377
12320,269.4,0.65,102.257827673
12340,306.6,0.6,102.406101447
12360,319.15,0.5,84.2523333011
12380,343.3,0.7,138.906301539
12400,405.85,0.5,80.0408913372
12420,306.3,0.8,159.764271664
12440,291.05,0.65,131.144373153
12460,286.75,0.55,90.3354727507
12480,263.35,0.65,123.92263307
12500,393.45,0.75,150.608041749
12520,266.7,0.7,119.715878809
12540,339.55,0.6,116.460874192
12560,316.6,0.65,121.918955896
12580,289.5,0.7,127.765269491
12600,342.15,0.55,106.547849711
12620,367.55,0.75,158.402495125
12640,274.75,0.85,170.452010223
12660,263.1,0.7,126.43923532
12680,340.1,0.65,132.067035213
12700,357.65,0.8,168.490532586
12720,358.6,0.85,184.314348463
12740,288.7,0.6,105.273542425
12760,319.15,0.9,179.301962083
12780,317.25,0.7,135.084792245
12800,358.95,0.85,165.819347171
12820,326.65,0.95,196.821941348
12840,350.1,0.8,154.527322611
12860,355.4,0.85,170.783736057
12880,392.0,0.8,148.043553892
12900,372.15,0.85,164.930268637
12920,448.15,0.75,143.620434637
12940,386.3,0.7,123.221104068
12960,428.55,0.75,141.483140848
12980,424.9,0.75,135.046274153
13000,391.9,0.8,156.890379766
13020,489.1,0.7,134.149027235
13040,376.4,0.75,128.434824302
13060,420.15,0.7,106.395768783
13080,409.8,0.75,122.60462042
13100,394.05,0.8,129.506041736
13120,413.0,0.65,99.0228015087
13140,380.75,0.55,80.0575579316
13160,448.5,0.85,161.902978994
13180,436.45,0.75,137.932600271
13200,402.65,0.85,162.121095046
13220,375.65,0.65,102.014900301
13240,419.6,0.6,94.7398867322
13260,396.25,0.65,105.950565807
13280,387.9,0.95,170.763838523
13300,357.35,0.8,142.914652498
13320,404.55,0.85,148.041120006
13340,348.55,0.9,166.96643728
13360,462.95,0.7,125.168398851
13380,453.15,0.85,163.647203869
13400,428.15,0.9,167.560960442
13420,394.05,0.7,119.468289768
13440,417.0,0.85,152.266096241
13460,399.65,0.85,168.007846855
13480,391.1,0.85,171.137567005
13500,394.75,0.9,175.9599384
13520,366.95,0.85,158.643652142
13540,437.4,0.85,177.419146996
13560,427.4,0.95,190.125059782
13580,398.4,1.0,196.61290952
13600,418.8,0.95,186.442543544
13620,363.75,0.8,148.790784227
13640,471.15,0.8,164.776292488
13660,374.15,0.75,146.527890513
13680,350.8,0.95,190.42493846
13700,416.0,0.95,197.271016475
13720,431.85,0.8,161.299778005
13740,386.6,0.95,195.871741774
13760,389.1,0.7,149.137190055
13780,382.8,0.95,194.52540814
13800,422.95,0.85,172.861136712
13820,420.05,0.85,172.527500424
13840,355.3,1.0,198.175124208
13860,381.0,0.85,168.809424502
13880,528.25,0.65,148.743099555
13900,386.3,0.9,183.873988808
13920,367.6,0.9,177.896253716
13940,414.8,0.95,194.848784643
13960,450.5,0.9,184.163281537
13980,410.65,0.9,186.328177953
14000,445.75,0.9,178.789169234
14020,380.2,1.0,200.437936042
14040,407.35,0.95,185.199998287
14060,352.35,0.85,161.716126623
14080,390.05,0.8,162.006254194
14100,474.5,0.8,161.270610729
14120,360.25,1.0,197.608932004
14140,318.9,0.7,116.659179793
14160,378.6,0.75,138.577667898
14180,309.45,0.8,139.384069659
14200,362.7,0.85,172.902753536
14220,341.5,0.65,120.231521309
14240,366.8,0.85,160.601791036
14260,394.45,0.85,182.360625953
14280,353.9,0.9,181.499226682
14300,352.25,0.75,149.869793127
14320,443.85,0.8,175.15185677
14340,465.45,0.65,136.011763225
14360,368.3,0.85,161.581374611
14380,358.2,0.65,128.414962789
14400,341.2,0.65,123.24292385
14420,321.4,0.9,184.011977303
14440,298.6,0.9,171.880248031
14460,384.8,0.7,145.812893996
14480,414.4,0.5,106.867046403
14500,382.85,0.7,153.807583946
14520,349.85,0.8,162.805376827
14540,347.45,0.65,131.718742192
14560,299.6,0.7,144.515512712
14580,309.8,0.65,120.09008506
14600,314.7,0.8,164.414296508
14620,326.15,0.6,113.533942977
14640,393.1,0.7,134.609935856
14660,311.35,0.9,182.113434747
14680,346.55,0.75,161.787477403
14700,305.35,0.7,139.037673688
14720,237.95,0.55,95.4851597242
14740,323.25,0.6,126.173063896
14760,276.4,0.45,81.1351211743
14780,261.8,0.8,165.341661139
14800,292.1,0.65,127.346238172
14820,308.4,0.45,83.1875939801
14840,325.3,0.5,95.3611282536
14860,342.0,0.85,183.28674161
14880,299.4,0.7,148.01873458
14900,274.0,0.7,132.842287936
14920,246.75,0.8,161.706682891
14940,290.1,0.75,151.505593175
14960,291.45,0.75,150.185905698
14980,289.45,0.65,141.304593897
15000,292.45,0.7,138.138349573
15020,276.25,0.9,189.695228636
15040,277.0,0.6,125.894263944
15060,269.4,0.45,80.1023166368
15080,296.4,0.65,135.076283334
15100,280.9,0.6,114.961327804
15120,251.75,0.6,112.614793562
15140,276.2,0.55,111.681053887
15160,253.55,0.75,149.458888617
15180,264.0,0.3,40.9680780612
15200,237.45,0.65,125.928949968
15220,234.3,0.6,119.218813185
15240,292.1,0.7,137.280028511
15260,248.45,0.7,140.864706091
15280,234.7,0.55,102.967026267
15300,234.6,0.7,138.691053762
15320,260.75,0.55,111.58147451
15340,256.0,0.6,113.759930734
15360,229.5,0.55,97.6357456162
15380,329.05,0.65,138.052445525
15400,231.25,0.65,130.553339882
15420,246.75,0.65,137.736682875
15440,288.05,0.65,133.773307517
15460,230.45,0.45,79.4975196572
15480,233.8,0.6,117.680578812
15500,213.8,0.4,70.4526220388
15520,294.95,0.8,176.674813143
15540,285.15,0.75,158.339630291
15560,282.8,0.7,132.55068687
15580,313.45,0.75,164.474361559
15600,280.65,0.55,97.3097381722
15620,293.05,0.65,130.759469308
15640,242.3,0.7,140.469830764
15660,245.25,0.65,111.368861181
15680,245.75,0.7,138.340967471
15700,304.65,0.8,167.236610088
15720,257.75,0.7,129.287296287
15740,275.4,0.85,176.861009308
15760,250.4,0.6,111.879915508
15780,271.95,0.65,104.515106908
15800,350.5,0.45,69.3336967036
15820,282.25,0.55,84.8476643219
15840,344.25,0.85,169.59689819
15860,354.15,0.6,79.8631468569
15880,296.6,0.65,90.6867270872
15900,271.1,0.55,76.7925479016
15920,340.1,0.75,118.68546828
15940,292.0,0.65,108.714282705
15960,382.7,0.6,102.875538805
15980,333.7,0.75,141.05888518
16000,351.2,0.9,160.638985488
16020,325.95,0.85,145.333907029
16040,358.05,0.8,145.562168501
16060,330.5,0.75,132.299146892
16080,323.2,0.7,111.750232856
16100,329.8,0.7,116.960833454
16120,305.2,0.75,130.5683588
16140,333.55,0.7,127.147142512
16160,427.45,0.75,138.137792213
16180,294.3,0.75,132.624840498
16200,323.9,0.65,111.450516996
16220,327.1,0.65,123.293814003
16240,321.15,0.8,156.706653881
16260,298.3,0.6,84.9932771491
16280,325.25,0.9,175.841661248
16300,300.15,0.7,122.666123198
16320,340.5,0.75,135.563410997
16340,317.4,0.9,185.61851371
16360,338.65,0.9,175.469971104
16380,361.25,0.85,168.465998713
16400,380.3,0.8,140.954000225
16420,314.25,0.75,117.013808159
16440,314.3,0.8,138.199390027
16460,355.8,0.8,156.183870626
16480,308.6,0.65,104.62985741
16500,301.6,0.7,120.497652579
16520,304.9,0.85,172.604969676
16540,342.1,0.8,155.162211644
16560,337.1,0.85,169.967430998
16580,322.0,0.65,119.647697656
16600,330.65,0.8,139.247120924
16620,306.65,0.7,114.195291861
16640,298.1,0.8,150.135945536
16660,303.65,0.9,172.00980864
16680,308.25,0.8,159.022191947
16700,296.75,0.85,165.333996125
16720,300.5,0.85,171.009583664
16740,365.75,0.65,138.877070924
16760,329.8,0.9,168.647752389
16780,299.25,0.75,139.113130378
16800,314.9,0.95,203.849250133
16820,340.05,0.75,153.937530293
16840,357.45,0.8,160.048282091
16860,396.95,0.8,160.680035104
16880,314.6,0.95,201.647813277
16900,332.4,0.9,186.205055388
16920,301.85,0.95,199.048070819
16940,334.25,0.8,164.704885752
16960,394.2,0.7,149.047852143
16980,350.7,0.85,160.670300326
17000,331.65,0.9,187.974806273
17020,348.4,0.7,141.76228558
17040,295.35,0.9,185.906710741
17060,297.2,0.85,177.400595565
17080,313.2,0.7,145.414547499
17100,349.25,0.95,198.56646171
17120,328.0,0.85,180.528846349
17140,369.5,0.7,146.365418273
17160,395.95,0.9,187.045135942
17180,284.35,0.75,147.743173504
17200,350.35,0.55,113.166769537
17220,279.85,0.75,140.332379824
17240,363.45,0.7,134.865927504
17260,396.4,0.8,168.455327553
17280,290.45,0.85,172.690902581
17300,312.05,0.65,123.074987534
17320,332.15,0.75,145.472425714
17340,344.95,0.85,174.061710754
17360,316.0,0.95,195.64157266
17380,406.35,0.75,150.790584127
17400,423.35,0.7,139.290157929
17420,420.35,0.65,127.571829134
17440,317.95,0.9,177.582161112
17460,324.55,0.85,162.513593102
17480,411.95,0.65,133.321223613
17500,300.25,0.75,142.61005987
17520,322.5,0.8,149.803524764
17540,362.2,0.85,166.373194997
17560,387.45,0.85,179.061059342
17580,328.8,0.85,161.984223186
17600,333.75,0.9,174.581173844
17620,315.4,0.85,166.18677141
17640,305.35,0.85,166.795779312
17660,388.15,0.85,180.598549461
17680,409.5,0.7,148.218641876
17700,334.85,0.85,167.096103121
17720,305.95,0.9,177.682912771
17740,307.15,0.9,176.541496168
17760,376.25,0.75,155.29999167
17780,334.55,0.8,161.947012006
17800,306.55,0.85,166.881400838
17820,367.6,0.85,175.995628464
17840,339.05,0.85,169.127622108
17860,333.8,0.85,175.096658759
17880,299.5,0.8,160.515094436
17900,287.15,1.0,210.106856651
17920,371.3,0.8,170.573911942
17940,281.55,0.8,159.748817581
17960,308.7,0.7,130.527625957
17980,317.2,0.75,158.902699353
18000,318.5,0.85,182.572183579
18020,277.3,0.8,160.57040612
18040,325.9,0.85,162.611599505
18060,318.7,0.9,173.285649126
18080,327.2,0.75,153.537520156
18100,321.65,0.7,132.188507269
18120,375.1,0.65,137.460970355
18140,316.45,0.7,137.750766524
18160,354.5,0.75,159.788695602
18180,282.05,0.75,147.659624326
18200,349.9,0.65,135.725182027
18220,301.15,0.7,144.902068066
18240,314.95,0.6,114.293581603
18260,248.8,0.75,148.332792955
18280,270.6,0.75,140.594551602
18300,254.05,0.7,134.303514404
18320,243.95,0.7,141.996849921
18340,234.65,0.6,115.595315908
18360,258.9,0.6,104.64447954
18380,244.7,0.75,152.336954102
18400,269.65,0.4,73.7394977241
18420,244.2,0.65,128.281429376
18440,247.35,0.6,112.711914744
18460,253.3,0.65,128.500692377
18480,225.95,0.6,117.163254265
18500,266.75,0.55,116.407763667
18520,303.55,0.55,104.981171971
18540,242.6,0.6,107.655132454
18560,281.3,0.55,104.139012629
18580,258.95,0.6,105.121464789
18600,261.05,0.65,121.148781857
18620,257.65,0.6,121.672979557
18640,252.5,0.5,81.1382104757
18660,257.1,0.6,108.544550956
18680,254.15,0.75,146.63259311
18700,260.3,0.55,92.7378688242
18720,263.05,0.7,141.67744577
18740,282.9,0.8,156.303418962
18760,296.05,0.85,168.319940135
18780,285.8,0.7,144.247739066
18800,326.7,0.85,180.183376424
18820,253.25,0.5,92.090400538
18840,336.1,0.6,120.351543206
18860,278.7,0.65,116.574162166
18880,291.7,0.85,168.169216979
18900,351.25,0.65,136.332272357
18920,329.2,0.8,153.484160363
18940,308.55,0.75,136.765164091
18960,275.8,0.75,139.946144838
18980,279.85,0.55,85.7824136427
19000,276.65,0.8,156.654104703
19020,276.1,0.7,126.381344778
19040,346.2,0.9,178.578240356
19060,294.35,0.85,155.707941292
19080,334.8,0.65,127.806801945
19100,336.15,0.75,135.906337144
19120,383.95,0.85,172.765020618
19140,375.8,0.75,140.289117797
19160,318.2,0.65,96.1508983375
19180,361.9,0.75,114.461674935
19200,324.4,0.65,87.4895353105
19220,343.2,0.8,127.568238945
19240,372.3,0.6,81.0091074865
19260,391.6,0.6,89.9970993571
19280,444.6,0.7,114.599889394
19300,380.55,0.7,112.388410726
19320,357.75,0.65,80.0235240092
19340,370.7,0.7,105.550611851
19360,358.45,0.7,86.1003791798
19380,434.25,0.75,118.196785092
19400,486.4,0.7,112.541818085
19420,392.35,0.65,82.5783019706
19440,441.75,0.65,90.5053836536
19460,443.6,0.8,128.712405647
19480,427.0,0.75,105.959585269
19500,453.4,0.6,83.0277752588
19520,430.7,0.8,117.932857781
19540,561.85,0.75,125.526866136
19560,441.25,0.45,44.8290922952
19580,512.8,0.55,87.1312184698
19600,428.7,0.7,98.1146870928
19620,435.75,0.65,101.401911238
19640,458.5,0.75,130.829764248
19660,415.35,0.5,60.9920807352
19680,456.75,0.85,163.335090516
19700,412.4,0.6,93.3656934632
19720,383.9,0.65,99.4083427485
19740,414.6,0.7,118.480793767
19760,387.0,0.9,160.376274632
19780,402.95,0.65,115.972285306
19800,391.35,0.9,171.192532112
19820,376.9,0.95,182.84892533
19840,406.05,0.75,136.429252385
19860,356.2,0.85,168.303021384
19880,432.75,0.8,158.03499153
19900,464.65,0.8,168.086417243
19920,386.85,0.9,178.288202107
19940,412.2,0.8,151.173239927
19960,368.6,0.9,173.059769439
19980,412.65,0.95,191.614457012
20000,412.3,0.85,184.388248338
20020,349.35,1.0,202.248971598
20040,353.25,0.95,194.163373425
20060,419.35,0.9,192.250573913
20080,417.0,0.9,189.327688997
20100,343.1,1.0,205.066044576
20120,339.05,1.0,208.036368782
20140,350.85,1.0,205.933061139
20160,369.15,0.95,197.90620349
20180,362.75,0.9,190.111030867
20200,327.7,0.85,173.548449881
20220,322.05,0.95,188.221547377
20240,361.7,1.0,199.422489988
20260,352.2,1.0,199.007743737
20280,372.95,0.95,207.178823182
20300,381.75,0.9,189.445592034
20320,346.45,1.0,202.567636557
20340,398.0,0.85,178.372423296
20360,339.05,0.95,196.725352209
20380,342.75,0.95,190.876743785
20400,334.6,0.9,176.710977674
20420,408.2,0.9,190.514519837
20440,340.5,1.0,198.188110642
20460,359.05,0.8,154.490901052
20480,418.7,0.9,179.841641557
20500,366.75,0.75,147.24021871
20520,327.85,0.8,158.348593313
20540,328.9,0.9,180.441721198
20560,382.25,0.85,174.29535049
20580,335.15,1.0,202.321551015
20600,357.0,0.95,187.109718112
20620,357.75,0.95,193.320770768
20640,394.35,0.9,180.834223432
20660,352.65,1.0,204.110962467
20680,362.35,1.0,204.807376188
20700,389.35,0.85,167.128155355
20720,385.1,0.9,180.353067815
20740,333.0,0.85,170.519794155
20760,422.45,0.85,176.341719502
20780,361.05,0.8,157.255437989
20800,320.8,0.9,180.601680299
20820,342.3,0.8,170.027168446
20840,355.35,0.95,188.302777317
20860,344.6,0.9,174.707829613
20880,327.2,0.9,187.183561159
20900,350.1,0.9,183.850586453
20920,419.2,0.8,170.118049339
20940,376.4,0.85,176.414121874
20960,352.9,0.8,166.549861275
20980,450.6,0.75,156.646728272
21000,337.95,0.9,175.078182015
21020,436.5,0.85,182.348402669
21040,323.2,0.8,161.999728703
21060,421.15,0.75,157.534064909
21080,455.85,0.75,161.722414596
21100,367.35,0.95,193.718500591
21120,385.2,0.95,195.099271674
21140,362.7,0.85,171.967185956
21160,366.95,0.9,190.107167751
21180,364.1,0.9,189.75712141
21200,367.05,0.95,196.944160557
21220,416.7,0.9,193.91593353
21240,329.95,1.0,198.599130165
21260,395.15,0.8,169.029818232
21280,369.5,0.9,185.66296144
21300,417.55,0.95,192.61605894
21320,402.7,0.9,194.483604428
21340,371.8,0.95,197.216952378
21360,371.75,0.9,187.034997651
21380,371.05,0.9,189.179139934
21400,369.65,0.95,198.68834724
21420,337.35,0.95,190.78783715
21440,411.45,0.85,180.142950058
21460,420.6,0.9,187.682277766
21480,382.55,0.95,204.261953651
21500,385.8,0.85,164.8803741
21520,397.1,0.9,176.80917205
21540,445.4,0.8,174.316152571
21560,425.7,0.9,178.843811637
21580,379.65,0.9,186.002017322
21600,521.45,0.6,121.517613855
21620,383.7,0.95,193.489422559
21640,390.85,0.9,180.219411765
21660,387.15,0.85,157.467049106
21680,365.2,0.65,118.895319569
21700,383.3,0.8,151.73168809
21720,364.85,0.85,168.626464218
21740,360.9,0.65,117.168011951
21760,351.85,0.8,148.367484253
21780,366.2,0.85,171.778635406
21800,339.45,0.9,174.917285188
21820,404.75,0.85,171.368017146
21840,492.0,0.7,166.678452528
21860,464.2,0.7,155.457796694
21880,399.85,0.85,171.526542159
21900,452.85,0.65,129.587743157
21920,392.0,0.8,145.27234918
21940,356.4,0.95,177.859705583
21960,478.4,0.8,148.839037339
21980,468.2,0.7,127.290435699
22000,426.2,0.7,121.183130375
22020,413.55,0.7,110.312739296
22040,465.35,0.7,121.146468209
22060,463.45,0.75,121.69431389
22080,421.2,0.75,120.948343578
22100,515.1,0.75,118.160743915
22120,498.45,0.55,77.2905229103
22140,522.6,0.75,119.046819883
22160,490.55,0.65,81.1615096631
22180,489.2,0.8,124.540355187
22200,430.3,0.7,101.271052381
22220,555.6,0.75,107.384006783
22240,518.7,0.8,128.115545832
22260,545.55,0.8,120.198606401
22280,579.1,0.55,82.6380849473
22300,469.8,0.95,147.191939791
22320,631.9,0.6,66.2015706056
22340,546.3,0.75,81.3346878405
22360,555.2,0.65,71.188227242
22380,564.75,0.65,72.1974836128
22400,589.45,0.65,64.9955909581
22420,539.25,0.55,24.8052377662
22440,530.8,0.8,102.443353908
22460,626.7,0.65,44.1399093675
22480,578.15,0.5,22.0045821099
22500,576.9,0.55,25.8141260553
22520,595.8,0.7,58.982137099
22540,609.15,0.6,61.9544612184
22560,579.25,0.7,44.4486402396
22580,477.2,0.6,50.3590881934
22600,515.55,0.75,103.78690827
22620,570.25,0.8,102.757632668
22640,512.4,0.6,49.3167190828
22660,539.75,0.55,53.8777700025
22680,579.5,0.75,116.814293512
22700,558.1,0.8,117.350124012
22720,559.2,0.5,42.4014532296
22740,576.5,0.75,80.9172568895
22760,501.25,0.7,81.7230556003
22780,482.2,0.65,77.0389257495
22800,506.25,0.6,64.4423974742
22820,515.35,0.75,93.2196886345
22840,550.3,0.75,93.7704936428
22860,518.05,0.65,113.695819077
22880,596.7,0.55,73.3184523668
22900,519.75,0.8,122.595783249
22920,478.6,0.8,135.482874374
22940,463.65,0.85,146.245930471
22960,457.85,0.8,128.244591196
22980,442.55,0.85,136.698365872
23000,452.15,0.7,111.39256459
23020,450.3,1.0,180.916296949
23040,474.05,0.75,134.116932371
23060,476.7,0.9,165.103807495
23080,462.55,0.95,166.901641445
23100,469.4,1.0,181.056361592
23120,475.35,0.95,190.129400437
23140,470.85,1.0,189.06083468
23160,427.15,1.0,195.185201845
23180,459.3,0.95,191.440201034
23200,458.4,0.95,190.248024513
23220,446.15,0.9,180.243942009
23240,412.5,1.0,196.150780079
23260,398.5,1.0,193.036426812
23280,433.0,0.95,195.569542323
23300,413.3,0.9,184.246470557
23320,376.8,0.9,174.385592157
23340,413.8,0.95,179.733015222
23360,383.0,0.95,184.648535956
23380,465.65,0.8,149.527563797
23400,454.2,0.85,162.817996654
23420,479.25,0.8,156.159493331
23440,385.8,0.95,175.179952213
23460,482.05,0.75,150.892288243
23480,444.35,0.9,170.256996107
23500,407.75,0.8,140.551718361
23520,455.2,0.75,132.101868143
23540,484.5,0.8,163.30607251
23560,470.1,0.75,122.699608397
23580,470.8,0.95,175.210876293
23600,492.45,0.75,143.237066681
23620,417.65,0.9,162.359339363
23640,468.7,0.6,101.572177952
23660,481.3,0.8,159.89424002
23680,450.6,0.85,154.397507727
23700,435.05,0.7,119.798792974
23720,434.05,0.9,162.975192481
23740,472.15,0.75,148.253998829
23760,409.75,0.8,144.890146225
23780,468.5,0.85,160.744186672
23800,457.0,0.9,164.67790003
23820,550.5,0.75,139.557164829
23840,426.9,0.95,172.423136101
23860,436.3,0.9,161.878985097
23880,475.6,0.9,162.26750715
23900,524.25,0.75,133.766667927
23920,473.5,0.95,172.303756153
23940,481.15,0.75,128.215644484
23960,497.85,0.9,160.889846951
23980,496.4,0.9,168.363285653
24000,544.05,0.8,146.839373258
24020,606.7,0.75,139.661833655
24040,561.6,0.85,156.044139623
24060,520.8,0.95,174.742680807
24080,652.6,0.75,138.432499611
24100,540.85,0.9,162.010921603
24120,569.55,0.9,157.592747054
24140,548.85,0.95,173.874957512
24160,560.85,0.9,158.021041344
24180,559.0,0.9,158.232550569
24200,560.15,0.9,163.18781959
24220,500.35,0.95,168.230505353
24240,512.3,0.95,174.974822012
24260,519.8,0.95,162.75355165
24280,486.8,1.0,179.884443338
24300,475.3,1.0,187.773745723
24320,505.2,0.95,177.989206306
24340,483.7,1.0,185.266662858
24360,482.45,1.0,181.541852665
24380,501.5,0.95,177.434058354
24400,455.95,1.0,192.346534564
24420,461.05,1.0,173.048240908
24440,459.65,1.0,193.730011411
24460,467.6,0.85,157.458603482
24480,430.45,0.95,177.525703944
24500,460.35,0.95,183.432832829
24520,457.15,0.95,189.17696583
24540,452.0,0.95,186.516759324
24560,456.15,0.95,177.8663753
24580,443.75,0.9,176.806276251
24600,465.75,0.85,163.448418434
24620,441.8,0.9,167.601104118
24640,451.85,0.9,183.016113142
24660,398.1,0.9,173.016782272
24680,463.65,0.95,184.692679927
24700,432.95,0.9,174.53931323
24720,447.1,0.85,174.703715487
24740,452.5,0.75,143.886462921
24760,432.5,0.9,172.236643548
24780,411.55,0.9,168.088848316
24800,404.55,0.95,182.725316357
24820,461.75,0.95,176.993014153
24840,382.9,0.95,174.82639005
24860,399.95,0.8,153.90639693
24880,401.1,0.85,157.95549959
24900,394.3,0.8,146.227800125
24920,431.8,0.8,146.076195074
24940,471.85,0.85,179.402608876
24960,407.05,0.85,163.653841199
24980,390.9,0.9,184.564535091
25000,354.95,0.9,177.823019726
25020,385.05,0.8,159.81980456
25040,349.1,0.9,172.828545248
25060,383.8,0.8,151.371989965
25080,357.35,0.9,171.658391745
25100,376.0,0.85,165.341629903
25120,387.7,0.8,154.995018645
25140,344.05,0.85,164.158884644
25160,335.8,0.7,125.626323575
25180,393.7,0.95,191.360407636
25200,356.65,0.75,136.932816284
25220,384.85,0.6,94.8194531476
25240,348.45,0.6,81.5626664525
25260,384.7,0.75,123.073916774
25280,359.4,0.85,143.508911815
25300,415.05,0.65,94.441687629
25320,492.55,0.75,126.77166471
25340,380.55,0.7,109.996766602
25360,384.8,0.85,154.346450169
25380,451.95,0.6,93.5436090989
25400,404.3,0.5,59.2475848032
25420,386.55,0.55,75.2319939709
25440,369.25,0.65,98.3692999867
25460,386.25,0.65,101.740362039
25480,439.0,0.8,153.742664515
25500,377.45,0.8,134.256398421
25520,369.1,0.5,43.6982938558
25540,443.7,0.65,122.01657849
25560,362.55,0.65,82.6723825714
25580,427.65,0.65,97.9807622945
25600,384.35,0.55,68.4944465941
25620,374.4,0.65,100.441834595
25640,378.4,0.4,30.4908129344
25660,401.3,0.65,99.8340038829
25680,373.3,0.45,44.0818289344
25700,441.4,0.55,75.6377916842
25720,420.6,0.6,72.3526882566
25740,420.05,0.6,89.7292137686
25760,369.75,0.75,126.324938703
25780,365.75,0.8,122.791499072
25800,388.05,0.65,83.4264882609
25820,489.15,0.8,121.823174387
25840,488.25,0.45,40.2143427244
25860,469.9,0.65,92.7373608449
25880,425.85,0.65,100.2630143
25900,416.7,0.75,99.9671490946
25920,442.1,0.5,64.3987220754
25940,444.4,0.65,94.9888750746
25960,416.85,0.65,96.7475645605
25980,424.2,0.55,48.6889397211
26000,369.7,0.65,72.8698203582
26020,405.4,0.5,45.9376482484
26040,466.4,0.45,26.9222211474
26060,380.35,0.6,63.6321300183
26080,433.05,0.65,61.1451068639
26100,405.05,0.65,64.976077697
26120,479.8,0.45,66.7732239628
26140,394.05,0.7,98.8642940911
26160,496.1,0.4,27.274414765
26180,495.5,0.8,107.683915695
26200,448.9,0.6,53.6237594662
26220,575.05,0.45,40.7341080914
26240,483.4,0.55,40.3692139878
26260,467.95,0.7,93.3910686175
26280,503.0,0.55,35.6195682817
26300,554.75,0.55,68.7276566725
26320,517.65,0.65,67.4102586399
26340,511.95,0.7,71.9198802275
26360,518.1,0.6,60.5061099104
26380,528.3,0.55,66.1960675004
26400,571.6,0.7,80.0684500226
26420,541.3,0.55,39.2889793056
26440,504.1,0.6,45.940700782
26460,502.8,0.65,82.1018285145
26480,486.2,0.65,88.0784556713
26500,493.45,0.65,84.4417031337
26520,476.1,0.75,93.5681024551
26540,543.6,0.5,38.2054415053
26560,572.15,0.55,46.6300956075
26580,582.6,0.5,24.0342174343
26600,534.85,0.65,54.4959153014
26620,492.05,0.6,55.409032422
26640,532.65,0.35,-7.6563254531
26660,564.25,0.65,75.0206304979
26680,468.05,0.7,76.0242461588
26700,550.2,0.6,41.7862338619
26720,638.9,0.5,40.5044234105
26740,563.15,0.65,59.1989293027
26760,535.35,0.6,56.9650705863
26780,595.35,0.7,79.0582289396
26800,478.9,0.55,40.9613534869
26820,617.35,0.6,60.9256525828
26840,504.4,0.8,111.633708481
26860,577.3,0.75,94.1839491271
26880,563.5,0.5,43.3110484854
26900,496.55,0.45,29.1882297894
26920,472.4,0.7,77.653484329
26940,540.7,0.65,47.8540849852
26960,548.55,0.45,24.5727225532
26980,555.5,0.5,47.8794831498
27000,473.75,0.7,54.0127797706
27020,504.7,0.55,36.5722421313
27040,569.3,0.65,75.199730741
27060,488.1,0.65,52.1924894749
27080,516.15,0.6,66.7042801688
27100,567.4,0.55,55.3110630698
27120,483.4,0.75,84.5803713338
27140,509.45,0.5,8.60140495604
27160,547.05,0.45,40.504131373
27180,457.65,0.6,30.1710266298
27200,508.8,0.65,77.1329367818
27220,542.0,0.45,35.8400470158
27240,531.05,0.5,39.7258751549
27260,512.6,0.55,38.7972555181
27280,569.65,0.55,54.2683129191
27300,498.65,0.45,35.6230452938
27320,497.55,0.7,78.2710446542
27340,520.8,0.75,95.1412151097
27360,450.3,0.7,88.0913073544
27380,435.85,0.8,92.4685579357
27400,478.3,0.7,51.6177019828
27420,616.55,0.55,46.2329104424
27440,581.95,0.8,79.7544286241
27460,551.15,0.5,3.40080154486
27480,638.15,0.65,16.9728555255
27500,661.4,0.55,36.7046568557
27520,513.6,0.7,54.4765297056
27540,579.85,0.6,32.1555542402
27560,652.0,0.6,62.8961968907
27580,642.05,0.65,59.9029224254
27600,537.6,0.75,81.9287728275
27620,643.6,0.55,10.042255115
27640,603.45,0.55,55.498955663
27660,626.9,0.7,54.818607902
27680,597.8,0.45,-2.45476046349
27700,478.05,0.6,34.0117500911
27720,629.2,0.9,102.101080035
27740,705.05,0.4,18.5741604967
27760,540.55,0.5,8.34573540331
27780,649.9,0.6,51.1743993807
27800,619.3,0.7,64.2929376377
27820,628.55,0.7,72.6242028886
27840,555.1,0.7,75.7811187872
27860,594.75,0.65,60.6118457823
27880,595.15,0.65,97.1497461199
27900,647.0,0.55,35.8900041231
27920,530.45,0.6,49.6272076972
27940,525.25,0.75,76.4113207253
27960,513.3,0.85,122.411595267
27980,481.25,0.9,141.26856414
28000,437.4,0.75,120.598607293
28020,550.05,0.7,89.2785966632
28040,444.1,0.6,76.5554685464
28060,458.15,0.55,68.0692948304
28080,428.0,0.8,127.67494915
28100,464.6,0.8,127.948190944
28120,400.95,0.75,115.431960334
28140,466.2,0.6,76.3000965804
28160,508.55,0.65,114.413041202
28180,452.45,0.65,126.874922576
28200,414.55,0.75,103.799618252
28220,433.9,0.7,96.140472124
28240,437.65,0.65,91.447491241
28260,542.45,0.7,108.158244688
28280,494.3,0.6,80.0860839133
28300,461.2,0.5,61.0360509426
28320,464.4,0.7,133.787279858
28340,422.7,0.8,125.800596555
28360,476.45,0.9,143.63812801
28380,433.8,0.9,155.489086299
28400,470.25,0.75,108.54364281
28420,420.2,0.8,113.658081087
28440,568.95,0.5,60.8029411483
28460,466.35,0.75,123.583271709
28480,530.5,0.7,107.007917302
28500,515.65,0.7,85.8139524898
28520,511.7,0.65,90.6018923081
28540,431.7,0.7,115.799810464
28560,529.25,0.75,124.292968748
28580,504.95,0.65,123.824362205
28600,486.85,0.65,76.0363533531
28620,581.3,0.6,52.4487452273
28640,611.75,0.45,49.5858289961
28660,504.9,0.7,89.5694972633
28680,500.7,0.6,72.7869939842
28700,507.45,0.55,73.3615863508
28720,539.65,0.7,93.0299957037
28740,576.6,0.55,66.9130865874
28760,448.25,0.65,86.4833826731
28780,552.0,0.45,29.1538263451
28800,481.15,0.8,94.463731098
28820,509.45,0.7,100.551343005
28840,433.75,0.85,136.716400402
28860,475.8,0.95,147.415514577
28880,528.4,0.85,138.88315771
28900,567.35,0.6,80.5867708845
28920,578.25,0.65,100.217896438
28940,516.7,0.55,59.65564576
28960,506.05,0.85,125.757521108
28980,523.85,0.45,50.7165974621
29000,460.2,0.75,96.0851717318
29020,525.55,0.6,86.6109592378
29040,441.2,0.9,138.561495322
29060,483.75,0.85,154.011067889
29080,514.3,0.8,136.719204027
29100,537.2,0.65,126.477409689
29120,506.5,0.75,120.218276555
29140,557.85,0.65,109.44839915
29160,439.9,0.8,122.715169328
29180,433.3,0.95,169.141175978
29200,536.9,0.65,78.940926439
29220,440.85,0.75,110.341801265
29240,504.25,0.85,136.388799809
29260,517.55,0.8,129.065382684
29280,514.9,0.7,123.456262818
29300,470.55,0.7,116.659825416
29320,483.75,0.7,102.28505865
29340,531.3,0.75,134.955147702
29360,473.1,0.85,130.093022031
29380,498.3,0.9,155.168498141
29400,466.6,0.95,145.439294328
29420,507.1,0.8,134.224991384
29440,553.65,0.65,101.22439421
29460,537.9,0.7,115.584480475
29480,556.8,0.8,134.175372491
29500,525.75,0.8,126.020444316
29520,570.55,0.55,75.2465714999
29540,482.0,0.95,156.995782442
29560,491.9,0.75,111.616999463
29580,588.7,0.65,107.85984755
29600,531.45,0.7,105.708043054
29620,561.7,0.55,71.9463092694
29640,531.95,0.8,120.884256074
29660,489.4,0.75,113.330316531
29680,511.8,0.6,75.0385227357
29700,608.55,0.7,115.425978876
29720,494.45,0.75,105.143752906
29740,480.8,0.85,119.234988991
29760,513.45,0.8,124.085436099
29780,564.5,0.5,59.4445860503
29800,498.9,0.75,103.339319476
29820,534.25,0.8,153.088643678
29840,547.85,0.75,135.54697006
29860,590.85,0.6,72.7822076059
29880,489.25,0.75,131.251266926
29900,500.4,0.65,113.269703274
29920,468.95,0.6,81.0709236739
29940,461.15,0.7,122.318555347
29960,447.6,0.8,156.154511523
29980,462.95,0.85,162.131649522
30000,401.2,0.85,163.488250248
30020,397.0,0.8,127.941848616
30040,445.2,0.75,136.481797562
30060,467.9,0.55,82.2148524452
30080,436.75,0.7,116.083909737
30100,421.95,0.8,155.330047904
30120,514.75,0.65,105.101128222
30140,386.6,0.75,119.161873721
30160,471.15,0.8,148.421443845
30180,497.75,0.65,127.105707578
30200,395.1,0.75,138.704607669
30220,392.6,0.6,99.3480743346
30240,432.2,0.85,157.917535024
30260,431.45,0.85,171.201227688
30280,421.75,0.8,167.660600704
30300,411.25,0.8,128.9039007
30320,425.4,0.85,156.980419165
30340,445.3,0.85,163.834270697
30360,377.65,0.95,180.217801596
30380,441.6,0.85,177.583605466
30400,405.85,0.95,189.405425399
30420,413.45,0.75,142.369193712
30440,387.95,0.85,161.341069484
30460,408.35,0.95,180.047553186
30480,418.65,0.85,182.99900157
30500,468.75,0.8,171.047977308
30520,431.85,0.9,176.723691303
30540,492.95,0.85,176.243446906
30560,448.55,0.9,177.629167333
30580,398.1,0.95,181.693118656
30600,405.0,0.95,170.081215423
30620,427.25,0.9,171.143477735
30640,413.2,0.8,154.888877762
30660,376.7,1.0,202.790718333
30680,451.2,0.8,164.404377126
30700,498.25,0.9,167.03592055
30720,426.85,0.95,183.213352272
30740,447.55,0.9,182.902970875
30760,523.5,0.8,162.027463709
30780,498.1,0.8,159.845389806
30800,381.95,1.0,191.838261735
30820,456.75,0.85,182.195386482
30840,399.15,0.8,155.255419415
30860,436.9,0.9,186.571808802
30880,517.35,0.7,165.616864405
30900,419.7,0.85,161.96044673
30920,454.5,0.8,159.030455874
30940,403.35,0.95,198.228911328
30960,412.0,0.95,185.367040837
30980,364.7,0.95,197.619395993
31000,428.4,0.85,173.233192056
31020,490.15,0.8,177.758239287
31040,410.25,0.95,192.156691039
31060,417.8,0.85,187.744299681
31080,425.65,0.9,187.668945598
31100,377.35,0.9,182.534737039
31120,395.6,0.95,196.726116439
31140,418.45,0.9,189.001854438
31160,381.0,0.95,194.9315263
31180,440.9,0.75,160.423734842
31200,382.55,0.8,158.302912008
31220,412.05,0.8,174.954555864
31240,452.0,0.85,177.4318092
31260,432.4,0.8,181.201381983
31280,387.2,0.95,194.233986491
31300,388.4,0.85,164.21045993
31320,368.25,0.85,167.433143943
31340,441.6,0.8,173.273719751
31360,363.5,0.75,151.630811986
31380,365.0,0.85,173.724615057
31400,364.7,0.9,185.745568396
31420,449.6,0.65,120.539985658
31440,353.65,0.8,160.675745091
31460,352.6,0.7,140.422983082
31480,370.7,0.9,181.330388639
31500,407.8,0.7,133.721288826
31520,400.35,0.75,152.747881856
31540,388.7,0.7,136.04499172
31560,407.5,0.7,128.42456186
31580,335.55,0.85,167.68099573
31600,368.9,0.85,157.454803838
31620,406.6,0.75,132.729070501
31640,466.2,0.75,153.909478447
31660,393.25,0.75,131.475777827
31680,367.6,0.65,111.929467737
31700,372.8,0.6,95.8672589435
31720,375.35,1.0,183.483899187
31740,320.5,0.7,131.094044842
31760,308.25,0.5,68.05922391
31780,406.45,0.7,125.934123529
31800,340.45,0.8,125.766274053
31820,351.6,0.6,119.518914994
31840,334.5,0.75,132.306169914
31860,361.25,0.6,104.645473876
31880,379.75,0.8,148.678758945
31900,368.9,0.9,180.019740522
31920,364.0,0.9,183.235680773
31940,392.75,0.6,109.606454455
31960,339.3,0.9,181.368212355
31980,394.35,0.65,124.398537198
32000,407.1,0.85,175.372319392
32020,368.15,0.75,129.948444118
32040,436.2,0.65,126.570048509
32060,346.65,0.9,169.09193025
32080,313.15,0.8,158.523668366
32100,406.3,0.9,198.875528311
32120,369.1,0.65,108.369757459
32140,349.6,0.75,153.956918365
32160,415.45,0.85,164.274305614
32180,377.85,0.8,158.201128226
32200,371.65,0.85,171.488470518
32220,392.7,0.85,173.002061454
32240,359.15,0.8,168.74721436
32260,405.0,0.8,164.757850184
32280,323.4,0.7,135.472999346
32300,423.95,0.75,147.247233059
32320,345.7,0.75,160.57656452
32340,366.75,0.85,179.899633725
32360,356.75,0.95,184.239863267
32380,397.85,0.85,175.685766973
32400,350.7,0.95,196.914203721
32420,401.45,0.85,179.820535706
32440,321.55,0.95,196.905125973
32460,403.25,0.9,190.966763434
32480,361.1,0.85,167.532462334
32500,339.9,0.95,197.199425819
32520,370.65,0.9,188.30056143
32540,364.05,0.85,173.386654623
32560,368.45,0.8,171.053465937
32580,372.95,0.85,176.397671012
32600,386.95,0.9,179.243279589
32620,390.5,0.85,181.670823369
32640,357.1,0.9,189.338616302
32660,413.5,0.9,194.888276307
32680,376.05,0.85,175.114495165
32700,350.6,1.0,207.996419881
32720,363.65,1.0,202.521624945
32740,373.0,0.85,178.064604417
32760,361.75,0.8,162.788647602
32780,403.8,0.9,199.840918421
32800,393.2,0.85,172.082138989
32820,353.4,0.85,178.284110032
32840,401.45,0.95,197.584757233
32860,431.2,0.85,179.657643886
32880,475.2,0.75,154.937540131
32900,348.95,0.9,178.393688435
32920,364.6,1.0,205.131450667
32940,384.85,1.0,198.724391349
32960,407.3,0.8,164.843166344
32980,358.9,1.0,196.440656488
33000,420.85,0.85,183.185567141
33020,384.25,0.85,164.291018258
33040,447.65,0.65,133.495590663
33060,443.85,0.85,158.993478869
33080,374.8,0.8,143.421506762
33100,418.8,0.9,191.455970643
33120,499.55,0.75,155.760226121
33140,384.75,0.85,166.276265641
33160,463.5,0.9,164.388496718
33180,456.9,0.85,160.136240647
33200,434.7,0.9,152.412840003
33220,405.5,0.75,141.405154717
33240,404.3,0.95,186.464645533
33260,435.1,0.8,159.499392067
33280,433.55,0.85,181.311479948
33300,466.1,0.8,154.153004728
33320,434.9,0.9,171.053081587
33340,404.05,0.85,166.33742901
33360,392.6,0.85,148.283629527
33380,448.7,0.9,164.479508769
33400,512.15,0.7,140.850830747
33420,393.15,0.8,149.891618264
33440,418.35,0.75,130.363161255
33460,420.65,0.8,141.982695853
33480,391.45,0.9,186.735907642
33500,383.05,0.85,155.428353017
33520,393.65,0.95,174.932138419
33540,429.3,0.9,181.408505511
33560,450.45,0.95,178.435970933
33580,491.3,0.8,163.037186281
33600,547.25,0.65,111.950878392
33620,392.55,1.0,184.337236418
33640,425.0,0.75,128.417286477
33660,471.95,0.8,166.968886876
33680,381.9,0.95,177.766489369
33700,376.4,0.95,181.501805701
33720,449.7,0.8,173.881213714
33740,485.1,0.8,145.275174734
33760,414.05,0.85,145.411982825
33780,417.0,0.65,119.268432939
33800,441.45,0.75,142.448915649
33820,435.55,0.8,136.367403015
33840,392.3,0.65,111.974344087
33860,472.9,0.8,160.250199855
33880,388.15,0.75,148.175363268
33900,397.8,0.9,179.943406814
33920,387.45,0.8,154.155133055
33940,395.95,0.95,184.554133428
33960,369.0,0.85,159.147694918
33980,356.95,0.85,177.092168478
34000,391.0,0.95,186.686961654
34020,428.15,0.85,173.142678449
34040,398.45,0.95,186.841970018
34060,358.7,0.85,160.759128046
34080,373.8,0.9,184.810010994
34100,340.5,0.8,155.419753261
34120,367.35,0.8,165.496198482
34140,363.75,0.85,166.807897356
34160,418.3,0.8,161.976363637
34180,386.7,0.95,196.42407443
34200,444.45,0.85,166.574492674
34220,348.75,0.95,186.09138005
34240,402.35,0.85,171.708351775
34260,384.35,0.95,196.151872128
34280,479.05,0.75,155.865879591
34300,370.15,0.95,194.02530844
34320,405.95,0.9,180.211656427
34340,424.75,0.7,137.618904379
34360,372.4,0.9,180.875490185
34380,484.8,0.75,163.672118163
34400,378.55,0.9,189.509396643
34420,428.1,0.65,135.800226317
34440,335.75,0.9,185.954720545
34460,477.1,0.6,112.929900412
34480,393.15,0.85,171.990923104
34500,393.95,0.95,191.166161461
34520,376.75,0.9,185.856450599
34540,442.25,0.75,146.683952418
34560,440.8,0.9,189.91264599
34580,514.95,0.8,165.515783366
34600,404.75,0.9,168.529860941
34620,396.45,0.85,162.004462875
34640,423.65,0.9,191.603859581
34660,479.3,0.75,143.433146492
34680,527.65,0.8,156.799829952
34700,454.05,0.85,151.120614852
34720,402.75,0.7,122.850646481
34740,467.85,0.85,163.861226349
34760,547.7,0.8,156.657592656
34780,483.2,0.75,143.997553312
34800,454.0,0.8,154.861781687
34820,471.6,0.85,158.847698339
34840,494.65,0.8,151.201913858
34860,422.75,0.9,162.033046282
34880,490.55,0.85,150.01188574
34900,452.45,0.85,151.865303061
34920,555.3,0.65,135.378587303
34940,490.4,0.9,164.283600169
34960,538.5,0.75,142.082191961
34980,532.15,0.75,127.691274355
35000,509.7,0.85,156.206803743
35020,668.7,0.7,134.046037079
35040,552.4,0.75,97.0834831582
35060,563.45,0.75,103.803318458
35080,572.95,0.9,158.355033868
35100,560.25,0.65,106.467068411
35120,487.2,0.85,159.19426416
35140,570.1,0.85,139.19402911
35160,586.6,0.8,133.463802452
35180,712.3,0.55,56.7218630468
35200,649.9,0.65,101.575999793
35220,660.1,0.9,133.797689633
35240,495.15,0.8,139.163543538
35260,652.2,0.75,99.987663078
35280,642.95,0.75,124.626002186
35300,613.75,0.75,125.524193178
35320,526.7,0.8,134.387922478
35340,571.55,0.75,129.090749573
35360,648.4,0.75,115.845752361
35380,514.6,0.95,165.135257947
35400,541.9,0.85,132.722122512
35420,531.85,0.85,150.843417893
35440,584.05,0.75,149.651877305
35460,479.55,0.85,163.104298989
35480,567.0,0.75,128.677225084
35500,518.2,0.9,164.780937916
35520,513.15,0.8,166.061027181
35540,464.45,0.85,171.198709483
35560,509.35,0.85,158.620592526
35580,548.7,0.75,147.468121278
35600,499.8,0.95,174.198833173
35620,481.4,0.9,161.454055743
35640,479.35,0.95,177.310305093
35660,457.5,0.9,173.138188814
35680,531.35,0.85,171.282358283
35700,444.55,0.95,180.349080373
35720,428.8,0.9,151.43797516
35740,529.1,0.75,153.923368289
35760,517.1,0.65,124.386493826
35780,439.6,0.85,152.061701847
35800,538.3,0.75,169.741921721
35820,449.55,0.9,186.629004655
35840,377.35,0.95,184.025577728
35860,457.45,0.75,161.390131428
35880,437.95,0.9,179.119056886
35900,382.4,0.9,187.110514309
35920,368.05,0.9,169.348429037
35940,385.45,0.9,185.402929127
35960,350.25,0.95,189.209607636
35980,359.15,0.7,139.467600919
36000,351.5,0.95,187.014884993
36020,357.0,0.85,182.953086165
36040,348.7,0.95,183.380032738
36060,375.75,0.95,204.717533057
36080,369.05,0.95,184.453835481
36100,349.55,0.85,167.872471859
36120,399.75,0.8,170.016719931
36140,406.05,0.8,173.084193605
36160,351.15,0.8,164.316912749
36180,285.75,0.75,153.998219952
36200,415.45,0.7,152.642263456
36220,398.8,0.6,123.691487889
36240,382.45,0.85,184.420199788
36260,296.4,0.75,154.867592818
36280,308.85,0.8,165.576167384
36300,355.6,0.65,144.289846268
36320,292.65,0.8,157.678660561
36340,350.4,0.75,147.223059799
36360,314.6,0.65,137.573665119
36380,288.2,0.8,156.759142472
36400,291.7,0.75,160.912487598
36420,308.95,1.0,208.193806739
36440,299.05,0.8,161.638968515
36460,283.9,0.65,123.766073424
36480,335.25,0.7,148.727912767
36500,305.65,0.6,123.670880634
36520,261.2,0.5,98.6298439345
36540,335.0,0.6,130.804254862
36560,282.7,0.7,130.416062252
36580,377.4,0.55,118.990014809
36600,342.65,0.75,162.725342905
36620,281.75,0.75,155.705877512
36640,271.55,0.8,176.678492537
36660,277.75,0.75,152.034884136
36680,317.35,0.8,172.627473458
36700,266.25,0.7,141.799186831
36720,287.8,0.6,126.776703439
36740,262.15,0.7,151.48753375
36760,264.8,0.65,127.744198867
36780,307.5,0.75,163.496270165
36800,338.95,0.5,100.179697069
36820,273.1,0.75,153.619200528
36840,297.65,0.55,112.961215686
36860,273.55,0.65,126.652225971
36880,260.0,0.7,141.776965099
36900,273.9,0.8,166.818546755
36920,271.8,0.65,129.017224012
36940,262.7,0.55,105.255561373
36960,336.35,0.65,139.755793938
36980,308.2,0.7,144.75803702
37000,276.65,0.9,194.806018465
37020,277.25,0.75,158.86479702
37040,322.9,0.7,148.338273431
37060,307.35,0.75,158.955849144
37080,334.45,0.6,128.185837942
37100,273.8,0.8,168.450066266
37120,264.25,0.65,128.296182877
37140,314.45,0.85,185.750472534
37160,338.15,0.8,167.053197075
37180,283.95,0.75,154.501080222
37200,302.05,0.7,143.201479201
37220,269.15,0.65,125.888837411
37240,248.65,0.6,122.521703841
37260,266.7,0.85,179.711768124
37280,311.5,0.6,119.903943411
37300,279.95,0.75,153.067979912
37320,273.1,0.75,155.360160336
37340,274.3,0.8,167.953774974
37360,307.9,0.8,169.749594767
37380,315.0,0.75,154.686078998
37400,298.55,0.6,118.75585411
37420,355.9,0.65,145.899649591
37440,274.55,0.65,130.261326494
37460,287.85,0.85,179.743876505
37480,272.95,0.75,149.399291219
37500,321.2,0.8,181.689121682
37520,272.6,0.85,177.536504025
37540,321.0,0.75,156.354568142
37560,351.4,0.65,139.019155528
37580,327.7,0.8,170.400179803
37600,316.65,0.7,141.172096715
37620,287.1,0.75,156.034105426
37640,367.9,0.8,177.030134128
37660,284.0,0.7,148.499503232
37680,299.2,0.9,177.614181779
37700,339.8,0.75,151.666427525
37720,274.4,0.8,164.349910806
37740,309.9,0.85,165.355221327
37760,327.9,0.8,172.094625768
37780,281.35,0.75,153.808404074
37800,293.9,0.8,164.743273003
37820,276.75,0.75,148.269819838
37840,283.25,0.8,166.841028832
37860,279.1,0.7,131.4332543
37880,280.2,0.75,157.511579178
37900,287.0,0.75,150.696548258
37920,277.65,0.65,116.408708518
37940,324.05,0.7,145.278494674
37960,313.65,0.6,119.21994982
37980,297.55,0.85,171.174789762
38000,289.95,0.75,153.538485601
38020,304.15,0.8,164.503128453
38040,362.85,0.7,140.44177515
38060,326.25,0.75,139.045938709
38080,303.65,0.85,170.846427416
38100,290.45,0.8,162.2305435
38120,336.05,0.85,176.537452681
38140,330.3,0.75,149.069706163
38160,307.55,0.85,165.261805123
38180,300.45,0.65,132.891671926
38200,324.15,0.7,142.273078276
38220,297.35,0.8,162.344286099
38240,327.1,0.8,173.766561059
38260,310.7,0.85,168.779676746
38280,397.85,0.75,166.737637878
38300,294.15,0.7,137.997700998
38320,378.55,0.7,145.362552227
38340,360.35,0.7,146.724403485
38360,313.7,0.7,141.991795388
38380,282.5,0.7,131.260526874
38400,281.65,0.65,127.92427142
38420,355.55,1.0,204.960393913
38440,310.2,0.85,185.11075171
38460,348.4,0.65,140.358130884
38480,267.0,0.6,103.263326313
38500,309.85,0.65,128.335338125
38520,314.15,0.9,193.085378024
38540,313.35,0.95,190.467206567
38560,325.55,0.7,138.73748954
38580,297.85,0.75,147.750003091
38600,333.05,0.75,155.16988445
38620,319.05,0.7,138.165033014
38640,274.15,0.65,121.147132852
38660,298.5,0.8,165.966051084
38680,291.0,0.8,160.295431988
38700,378.35,0.75,161.5571239
38720,303.15,0.8,150.752252777
38740,306.25,0.75,152.654039223
38760,301.05,0.75,140.853196221
38780,338.7,0.75,149.549486412
38800,356.5,0.6,111.905540905
38820,369.6,0.7,139.446978831
38840,411.75,0.65,132.818135759
38860,366.65,0.85,174.623207421
38880,347.9,0.9,179.289641064
38900,345.2,0.75,145.99538596
38920,355.3,0.8,166.429569571
38940,364.0,0.7,130.05658536
38960,328.75,0.65,126.16075911
38980,411.5,0.75,160.641091193
39000,317.8,0.85,171.209867293
39020,384.6,0.75,148.641374629
39040,352.2,0.8,164.440634155
39060,324.1,0.9,180.308676838
39080,337.4,0.65,118.71950074
39100,391.8,0.95,189.783175761
39120,354.65,0.8,163.690024633
39140,373.7,0.9,175.077706682
39160,371.65,0.8,157.12611993
39180,355.2,0.85,182.453345768
39200,369.1,0.8,153.816784649
39220,373.35,0.75,144.726344754
39240,415.65,0.85,182.218096771
39260,389.05,0.9,192.587019816
39280,385.2,0.85,167.229771519
39300,332.0,0.85,168.99979967
39320,398.45,0.9,178.296730593
39340,339.6,0.8,145.925788503
39360,473.65,0.75,157.805052816
39380,411.0,0.85,171.720549501
39400,407.5,0.7,135.167328409
39420,475.0,0.7,145.949181963
39440,386.3,0.85,158.955423164
39460,445.7,0.75,144.470705673
39480,437.3,0.75,139.805167759
39500,436.5,0.75,139.864981472
39520,367.8,0.75,139.801484591
39540,424.45,0.8,153.592194633
39560,426.6,0.65,122.795527183
39580,399.8,0.7,136.123924702
39600,420.45,0.7,129.691414753
39620,416.15,0.75,145.62723761
39640,385.35,0.9,168.263352212
39660,470.7,0.7,132.906876586
39680,384.3,0.85,155.951030374
39700,351.8,0.8,143.307797049
39720,374.7,0.75,126.273234173
39740,420.35,0.75,138.611357495
39760,363.05,0.85,159.695102587
39780,458.05,0.8,156.423411144
39800,385.3,0.95,183.757325555
39820,443.9,0.8,155.10029357
39840,457.6,0.75,148.192225152
39860,458.65,0.75,151.675996469
39880,376.75,0.85,172.057062796
39900,360.45,0.95,184.423154588
39920,424.95,0.8,149.460856139
39940,406.55,0.8,167.00983388
39960,359.25,0.85,160.193313381
39980,450.1,0.75,151.146399864
40000,434.4,0.85,172.775566549
40020,370.9,0.8,157.734153428
40040,322.75,0.8,144.989904504
40060,333.35,0.8,155.101338899
40080,367.75,0.85,164.139818026
40100,379.75,0.8,160.195760374
40120,343.7,0.85,162.974544054
40140,334.75,0.95,198.687895662
40160,500.45,0.75,171.365899293
40180,431.05,0.75,155.89648709
40200,321.45,0.8,145.755596211
40220,376.65,0.85,172.82002572
40240,398.2,0.8,168.291335824
40260,466.05,0.75,168.183015773
40280,375.5,0.85,173.959564817
40300,353.15,0.75,153.499196278
40320,359.3,0.9,176.951933026
40340,401.6,0.85,175.382554817
40360,419.65,0.9,182.421774451
40380,387.35,0.8,160.707198827
40400,338.0,0.9,182.259152937
40420,380.8,0.65,124.86002285
40440,312.3,0.75,143.290829924
40460,393.5,0.8,169.09246016
40480,386.0,0.85,180.005916365
40500,308.2,0.8,151.882016541
40520,318.2,0.8,159.206455321
40540,316.75,0.85,162.305835427
40560,327.45,0.85,172.663702648
40580,373.7,0.9,180.079251269
40600,396.85,0.8,158.59302809
40620,384.25,0.65,125.978609101
40640,393.5,0.75,140.56092965
40660,351.9,0.7,135.596357008
40680,374.9,0.65,131.887504771
40700,369.1,0.9,178.764112649
40720,330.1,0.85,170.584156405
40740,397.6,0.75,153.934006308
40760,320.6,0.75,141.286441911
40780,361.2,0.8,153.004780277
40800,360.6,0.75,149.074868075
40820,415.2,0.9,181.180024498
40840,343.45,0.9,173.867402623
40860,390.7,0.9,172.179029653
40880,440.4,0.75,153.075878669
40900,375.15,0.9,180.358074024
40920,414.95,0.65,128.667825407
40940,440.8,0.85,170.136830376
40960,319.95,0.75,136.053491314
40980,414.2,0.7,135.138703578
41000,372.9,0.8,153.975219421
41020,404.15,0.8,157.561939907
41040,328.1,0.85,159.99086316
41060,444.85,0.8,164.328664371
41080,333.55,0.85,164.82305181
41100,424.6,0.6,109.477657679
41120,417.1,0.9,184.148586683
41140,416.2,0.8,164.773006166
41160,438.05,0.7,138.739451284
41180,347.6,0.85,159.85910238
41200,400.3,0.6,101.324654143
41220,330.75,0.85,162.154100456
41240,414.25,0.75,139.061054697
41260,417.55,0.85,167.794623319
41280,362.7,0.6,94.6351274202
41300,404.65,0.65,121.384287585
41320,383.1,0.45,77.7870108144
41340,460.35,0.65,123.440202271
41360,364.95,0.65,116.915790032
41380,475.7,0.65,135.413036442
41400,376.1,0.85,151.459728389
41420,382.55,0.9,174.64944184
41440,367.6,0.75,141.980185973
41460,360.8,0.9,168.982944026
41480,361.8,0.75,137.067818764
41500,451.05,0.75,144.593770726
41520,407.35,0.7,131.713155248
41540,363.25,0.8,155.398479345
41560,384.4,0.8,149.765382944
41580,344.9,0.85,156.21313665
41600,468.55,0.8,158.793396947
41620,386.05,0.8,151.440563121
41640,371.05,0.7,126.625800436
41660,405.2,0.65,123.331586572
41680,337.6,0.85,157.971113807
41700,449.55,0.65,125.82720825
41720,418.35,0.65,132.383116012
41740,383.4,0.75,135.24443747
41760,377.4,0.75,137.322771365
41780,380.2,0.6,108.935962024
41800,375.1,0.85,160.769502978
41820,332.8,0.75,134.190768232
41840,416.2,0.85,165.861693337
41860,345.3,0.85,159.254223817
41880,344.6,0.85,166.399160539
41900,432.9,0.85,167.660433773
41920,337.1,0.9,179.436885162
41940,339.65,0.6,106.615180973
41960,385.65,0.95,197.045777344
41980,355.35,0.85,173.8423314
42000,377.45,0.85,166.889843135
42020,340.45,0.9,173.171096601
42040,430.3,0.8,162.776568329
42060,431.25,0.65,132.237566207
42080,467.35,0.5,89.2193585793
42100,364.15,0.75,143.24505888
42120,315.5,0.65,113.388076206
42140,347.8,0.6,100.47490248
42160,325.35,0.55,86.9924558325
42180,365.85,0.8,158.776608808
42200,372.1,0.85,174.290965836
42220,379.6,0.6,111.523128023
42240,360.0,0.8,162.687546051
42260,365.6,0.75,141.052629348
42280,487.85,0.7,151.077646258
42300,362.2,0.75,140.815430104
42320,331.3,0.8,156.483303826
42340,490.9,0.6,136.244589195
42360,376.05,0.85,170.253047612
42380,333.5,0.8,145.218287737
42400,341.9,0.85,167.606949768
42420,450.7,0.75,157.985560981
42440,316.0,0.7,132.1661083
42460,392.5,0.85,167.83758215
42480,399.25,0.9,188.304889711
42500,373.9,0.85,170.326267325
42520,301.8,0.65,117.38892371
42540,337.3,0.85,170.814067547
42560,332.35,0.7,130.545529471
42580,404.05,0.8,169.543329977
42600,344.65,0.85,163.435062912
42620,416.15,0.65,122.917791231
42640,391.4,0.6,124.852323955
42660,435.35,0.85,166.467367765
42680,389.05,0.7,131.493528727
42700,334.25,0.8,150.545372178
42720,381.55,0.85,156.79227784
42740,342.7,0.9,169.932753808
42760,421.4,0.85,172.947063668
42780,380.1,0.7,130.44793702
42800,372.65,0.8,147.283096611
42820,363.3,0.75,143.175051938
42840,382.3,0.85,161.667375077
42860,373.05,0.8,161.607565747
42880,349.0,0.7,128.769874317
42900,405.0,0.65,129.816487241
42920,368.85,0.75,136.237795742
42940,359.25,0.8,164.221524075
42960,361.15,0.8,154.115055254
42980,356.5,0.7,127.337759089
43000,363.3,0.75,152.079128844
43020,340.5,0.65,119.871519818
43040,341.65,0.75,145.914171468
43060,321.2,0.8,146.029645479
43080,391.0,0.75,147.003592753
43100,365.0,0.8,162.986493848
43120,384.85,0.65,123.507509572
43140,344.15,0.9,175.940381052
43160,297.75,0.75,145.904876371
43180,349.3,0.85,172.657378025
43200,357.55,0.6,117.700344435
43220,418.5,0.45,96.7264294879
43240,262.8,0.45,64.620818084
43260,321.2,0.75,150.291106397
43280,369.5,0.75,153.580025012
43300,349.65,0.55,110.855705658
43320,386.9,0.65,141.573784563
43340,331.45,0.75,146.393771144
43360,330.6,0.75,145.624547678
43380,354.7,0.8,152.213138798
43400,354.8,0.6,125.264197463
43420,294.6,0.7,138.243229248
43440,289.65,0.7,125.510450019
43460,368.15,0.65,136.601247655
43480,401.9,0.7,153.316058441
43500,321.8,0.9,177.889750456
43520,302.65,0.8,157.443509089
43540,401.4,0.85,173.796739503
43560,366.0,0.65,136.87443957
43580,294.05,0.8,162.129362815
43600,331.3,0.6,112.333636207
43620,370.0,0.7,149.302737661
43640,337.1,0.8,164.673627832
43660,367.65,0.75,153.739471483
43680,342.45,0.8,175.022337172
43700,283.35,0.7,131.837124827
43720,345.0,0.75,152.439054032
43740,312.1,0.9,199.836248999
43760,299.65,0.8,164.474822513
43780,340.0,0.85,174.409183445
43800,373.65,0.75,153.716869482
43820,334.7,0.8,165.007078074
43840,371.8,0.7,138.963967704
43860,349.05,0.85,174.615321993
43880,327.35,0.75,160.097184536
43900,315.3,0.95,196.054138175
43920,311.9,0.85,171.404634567
43940,308.1,0.8,156.17466974
43960,326.25,0.9,184.79895791
43980,414.75,0.75,168.605281242
44000,393.1,0.9,197.369119486
44020,307.4,0.8,159.222720669
44040,343.5,0.8,164.095849268
44060,349.0,0.8,164.444404329
44080,376.55,0.75,146.196265375
44100,378.1,0.75,160.81193281
44120,296.25,0.65,121.889969781
44140,333.6,0.8,168.44759548
44160,327.6,0.85,167.543020432
44180,325.5,0.9,177.68550344
44200,377.15,0.75,149.797841688
44220,365.05,0.55,113.441820052
44240,317.25,0.85,169.002285505
44260,342.7,0.85,180.357080126
44280,356.1,0.85,170.658571893
44300,313.1,0.9,181.831489706
44320,316.75,0.9,183.318751134
44340,355.75,0.8,159.296842818
44360,314.7,0.8,157.72001775
44380,362.4,0.9,187.561891934
44400,402.85,0.9,191.578370879
44420,317.35,0.85,173.411235307
44440,396.0,0.8,171.658450231
44460,363.4,0.9,195.412723367
44480,337.4,0.85,172.715718135
44500,360.3,0.85,171.460465687
44520,361.05,0.85,176.651210531
44540,348.3,0.8,164.76101187
44560,319.0,0.85,163.233867202
44580,306.25,0.75,146.28665385
44600,316.8,0.9,176.798667177
44620,315.5,0.85,163.651790511
44640,304.75,0.85,173.802401667
44660,304.35,0.8,145.515243534
44680,321.3,0.85,166.658335163
44700,375.5,0.8,171.799504906
44720,343.5,0.75,148.847663024
44740,321.25,0.85,172.677644669
44760,360.2,0.85,174.175166063
44780,325.45,0.95,198.316854228
44800,327.0,0.95,202.234483802
44820,315.4,0.9,185.625917255
44840,380.45,0.75,158.078290124
44860,350.5,0.75,151.401095436
44880,340.55,0.9,190.825859672
44900,310.2,0.8,156.590733787
44920,365.4,0.85,179.7635929
44940,436.2,0.75,159.318685465
44960,385.2,0.95,189.933389567
44980,355.45,0.9,175.701012848
45000,317.35,0.8,159.029502175
45020,388.1,0.85,177.018661016
45040,318.35,0.85,173.497246138
45060,427.65,0.7,144.362961701
45080,360.6,0.85,185.889818243
45100,329.4,0.95,203.401753449
45120,349.4,1.0,205.320956188
45140,327.3,1.0,217.518542901
45160,374.5,0.8,161.009184567
45180,349.85,1.0,209.465813407
45200,409.55,0.8,168.35706527
45220,369.1,0.95,207.480922531
45240,396.9,0.8,162.615790998
45260,381.7,0.95,196.305690432
45280,382.65,0.9,189.900665518
45300,357.3,1.0,199.880527335
45320,419.25,0.9,187.904571772
45340,361.7,1.0,202.626888461
45360,398.4,0.9,184.274613334
45380,359.35,0.9,183.270592342
45400,345.8,0.8,161.794373742
45420,362.35,1.0,203.209515758
45440,458.0,0.85,179.079104938
45460,390.05,0.9,181.003656105
45480,436.4,0.9,186.56591004
45500,420.9,0.75,156.714884448
45520,346.9,0.85,163.940759441
45540,358.65,0.9,178.483152452
45560,359.4,1.0,198.231075915
45580,339.8,0.8,151.673295303
45600,443.05,0.85,183.595326457
45620,404.75,0.95,193.865929918
45640,406.55,0.95,189.871976936
45660,447.25,0.9,181.382760907
45680,444.65,0.85,172.26707016
45700,401.05,0.95,197.707537152
45720,435.05,0.95,191.586162833
45740,414.65,1.0,193.455901468
45760,443.9,0.85,176.176099377
45780,478.35,0.9,183.522113325
45800,387.6,1.0,194.968388046
45820,437.6,0.95,193.578675052
45840,360.05,0.95,189.09764326
45860,494.9,0.85,178.995271503
45880,394.95,0.9,185.607347316
45900,439.85,0.85,176.043091962
45920,397.3,1.0,187.555296682
45940,415.5,0.9,179.900535144
45960,371.5,0.85,165.037571333
45980,373.85,0.9,173.537234068
46000,376.4,0.95,187.02376849
46020,375.35,0.9,179.002756714
46040,393.3,1.0,197.13914276
46060,443.15,0.9,189.824364966
46080,376.85,0.9,173.868215508
46100,402.35,0.9,173.811114102
46120,383.8,0.95,187.0059112
46140,455.65,0.85,167.042996169
46160,345.95,0.9,179.053246712
46180,359.55,0.9,183.063983678
46200,379.55,1.0,206.804202493
46220,388.65,1.0,205.285698323
46240,398.6,0.95,198.848250911
46260,400.9,0.95,189.264532597
46280,377.55,1.0,194.337270977
46300,403.65,0.95,198.685907743
46320,365.5,0.95,197.582022442
46340,390.8,1.0,193.331950454
46360,403.6,0.85,169.226434982
46380,457.65,0.95,192.27261272
46400,374.75,1.0,204.350454611
46420,430.5,0.75,150.05385295
46440,376.1,0.7,131.005177254
46460,470.35,0.7,146.326957957
46480,353.15,0.9,175.834694025
46500,392.5,0.95,194.766035143
46520,375.55,0.75,146.208744562
46540,378.5,1.0,199.521355226
46560,431.75,0.8,166.843774253
46580,412.65,0.9,183.229926374
46600,356.95,0.9,175.38049263
46620,359.55,0.85,166.67066003
46640,443.55,0.9,175.2422366
46660,400.2,0.95,199.674305667
46680,361.15,0.95,191.678131789
46700,397.95,0.9,179.812061386
46720,356.35,0.95,185.784495082
46740,399.1,0.95,190.271872865
46760,388.4,0.9,184.910141676
46780,366.1,0.9,178.728318844
46800,347.65,0.9,169.56886917
46820,402.2,0.85,165.961510364
46840,454.6,0.8,174.815978282
46860,402.65,0.9,188.543058148
46880,400.25,0.95,190.294583469
46900,338.55,0.75,148.184021803
46920,326.8,0.7,131.981396917
46940,438.95,0.9,188.898493819
46960,420.25,0.95,196.680870011
46980,346.75,0.9,179.973871671
47000,359.1,0.85,165.034441557
47020,332.15,0.75,140.70005177
47040,359.6,0.95,190.444622374
47060,397.35,0.9,185.015702018
47080,431.95,0.9,186.180596371
47100,393.45,0.85,167.212556003
47120,426.5,0.8,165.287045422
47140,386.5,1.0,202.189051743
47160,419.5,0.95,192.250406217
47180,350.85,0.95,191.116716122
47200,360.4,0.95,187.831506198
47220,358.05,0.9,179.302544103
47240,364.4,0.85,159.272769573
47260,338.7,0.75,137.728356565
47280,394.25,1.0,205.498073731
47300,427.75,0.8,160.850547993
47320,403.5,0.75,137.123436585
47340,437.65,0.85,172.238104212
47360,380.45,0.95,186.924609258
47380,405.55,0.85,166.118570409
47400,397.25,1.0,206.062736266
47420,410.3,0.9,176.374018223
47440,521.7,0.75,148.790356536
47460,424.0,0.85,170.816382489
47480,441.6,0.95,187.528121314
47500,451.5,0.85,181.606606011
47520,427.65,0.9,182.700135641
47540,406.75,0.95,178.946195173
47560,480.75,0.9,174.621690908
47580,407.3,0.9,176.328227695
47600,398.3,0.7,127.258114338
47620,473.95,0.85,171.752567137
47640,455.15,0.9,174.631179841
47660,415.6,1.0,194.527518489
47680,482.9,0.8,158.916660746
47700,399.25,0.95,172.539926502
47720,433.05,0.9,179.970280458
47740,398.1,0.85,158.561945916
47760,468.5,0.9,168.031352619
47780,457.65,0.75,142.683528716
47800,506.1,0.85,167.646612259
47820,443.35,0.9,171.296835448
47840,456.2,0.85,160.619340696
47860,425.35,0.9,173.656878669
47880,451.25,0.95,184.935793538
47900,397.6,1.0,194.28477854
47920,425.6,0.9,169.579983329
47940,485.15,0.85,169.470713755
47960,404.4,0.95,181.936334821
47980,427.7,0.9,164.116413742
48000,394.65,1.0,191.998683127
48020,393.75,0.95,183.486732056
48040,395.05,1.0,194.66502509
48060,428.05,0.95,192.181916773
48080,432.9,0.9,175.67859445
48100,420.75,0.85,164.53504589
48120,473.8,0.75,152.69450629
48140,368.35,0.85,155.104112633
48160,427.95,0.8,160.519379429
48180,482.8,0.8,167.837286903
48200,476.05,0.75,152.352949778
48220,426.35,0.9,176.990526393
48240,459.7,0.85,167.693503201
48260,411.8,0.95,172.019686998
48280,461.9,0.8,159.78918372
48300,402.05,0.95,179.677708879
48320,462.2,0.75,140.211938904
48340,444.7,0.8,143.548716842
48360,480.7,0.85,166.794488351
48380,496.8,0.8,152.111037158
48400,451.25,0.95,186.669748875
48420,447.85,0.85,158.255796236
48440,438.3,0.95,170.7403122
48460,497.8,0.8,160.110235842
48480,479.7,0.95,182.165980233
48500,470.65,0.95,170.242632335
48520,450.6,1.0,187.15862342
48540,471.25,0.95,174.050147688
48560,505.65,0.7,138.922360654
48580,423.05,1.0,189.904289996
48600,412.1,0.95,185.767293219
48620,453.85,0.9,152.228938136
48640,492.0,0.9,173.160166181
48660,470.7,0.8,143.516204222
48680,535.85,0.85,156.948457487
48700,431.45,0.95,172.995224664
48720,447.75,0.85,157.048489046
48740,491.1,0.9,178.7998232
48760,482.4,0.9,182.401307358
48780,500.35,0.9,180.931797336
48800,425.0,0.95,181.179709324
48820,414.25,1.0,190.46343471
48840,473.25,0.8,151.118432003
48860,395.5,0.85,151.702279984
48880,436.05,1.0,188.535395712
48900,497.1,0.9,165.353417494
48920,432.15,0.95,177.154500795
48940,517.1,0.65,123.607403034
48960,454.75,0.8,151.282839291
48980,477.3,0.85,155.855273253
49000,442.45,0.85,148.455576213
49020,522.5,0.7,149.246041208
49040,499.65,0.85,170.08449643
49060,414.6,0.95,181.468877785
49080,463.75,0.85,170.598458785
49100,490.35,0.8,147.599484577
49120,472.5,0.75,158.247622796
49140,434.5,0.9,172.412589692
49160,420.45,1.0,183.796532576
49180,441.2,1.0,172.98249781
49200,392.45,0.95,189.680825925
49220,440.0,0.95,173.264477312
49240,492.25,0.85,155.912511788
49260,511.95,0.75,133.451475268
49280,470.75,0.8,134.565251629
49300,469.9,0.75,147.484373269
49320,501.6,0.9,162.84228784
49340,397.9,0.9,159.920923662
49360,423.75,0.65,90.3902933316
49380,489.6,0.85,143.172793793
49400,402.45,0.8,134.43555883
49420,431.55,0.9,167.846314307
49440,461.3,0.9,161.32262567
49460,445.05,0.7,118.764176399
49480,482.15,0.8,140.272050649
49500,498.25,0.75,138.743093856
49520,477.55,0.7,114.477729454
49540,576.85,0.65,129.220169081
49560,471.8,0.9,177.369304586
49580,381.2,0.9,160.685758745
49600,422.55,0.8,149.735276643
49620,510.4,0.6,89.5593590444
49640,418.35,0.75,123.184025552
49660,501.8,0.65,115.162928298
49680,445.4,0.75,141.706267586
49700,488.7,0.65,95.6911022169
49720,495.05,0.9,144.637248223
49740,501.25,0.65,89.3709898775
49760,494.65,0.75,132.700160958
49780,405.45,0.65,84.3847826991
49800,438.25,0.7,127.169324505
49820,419.55,0.8,126.095953006
49840,443.0,0.75,123.67996154
49860,457.5,0.7,101.821443979
49880,400.25,0.8,129.711632951
49900,452.55,0.75,139.50104547
49920,493.8,0.65,134.893926041
49940,486.7,0.65,112.851340626
49960,411.55,0.9,167.79928113
49980,347.75,0.8,146.177872491
50000,426.1,0.75,122.071952665
