20,102.3,0.0,-223.4334754
40,104.8,0.0,-251.299460765
60,121.35,0.0,-259.392487124
80,131.4,0.0,-285.288386303
100,132.05,0.0,-293.939274611
120,178.25,0.0,-320.394451991
140,169.5,0.0,-390.477194569
160,168.05,0.0,-378.518069685
180,191.25,0.0,-344.104503789
200,232.15,0.0,-333.419462596
220,232.75,0.0,-211.256312312
240,197.15,0.0,-173.900870984
260,155.45,0.0,-146.664760533
280,132.05,0.0,-104.01938642
300,181.5,0.0,-121.510789725
320,208.7,0.0,-116.944682193
340,277.3,0.0,-148.306251789
360,402.05,0.0,-108.529645589
380,368.6,0.0,-136.356956983
400,496.75,0.0,-182.244149712
420,387.5,0.0,-156.198097971
440,353.1,0.0,-162.168447042
460,274.8,0.0,-91.1708726604
480,545.2,0.0,-141.539683261
500,592.05,0.0,-75.5094551864
520,643.85,0.0,-63.4946107308
540,419.5,0.0,-44.3944967683
560,446.05,0.0,-19.7007470085
580,546.9,0.0,-54.6597099746
600,458.45,0.0,-29.1001403694
620,455.2,0.0,-31.6441539774
640,553.35,0.0,-35.4155358415
660,557.85,0.0,-11.4619791091
680,600.0,0.0,-14.6021792249
700,641.3,0.0,5.09284541146
720,691.85,0.0,9.48466790364
740,707.5,0.05,25.9586808663
760,930.3,0.0,50.3625891717
780,860.15,0.0,48.4545188965
800,819.85,0.0,39.8396326457
820,841.4,0.1,45.6121447555
840,929.4,0.0,49.9144569353
860,861.85,0.0,35.3199805165
880,964.8,0.0,54.4991894126
900,760.2,0.0,37.5241478348
920,789.25,0.0,48.3578032935
940,795.85,0.05,56.4498234112
960,815.8,0.0,55.3864069151
980,693.45,0.0,48.805082711
1000,570.45,0.0,34.9068982341
1020,684.25,0.0,44.3490270415
1040,701.9,0.05,51.0487035492
1060,884.8,0.0,51.5330112639
1080,508.55,0.1,23.6687401005
1100,680.8,0.1,49.1180494822
1120,803.3,0.0,43.9292065072
1140,643.0,0.1,49.2657595612
1160,882.7,0.0,64.6503454316
1180,908.45,0.05,71.9074710454
1200,894.2,0.0,71.3491856345
1220,927.75,0.05,84.980672667
1240,1000.0,0.0,75.4352944577
1260,971.4,0.0,68.0715694697
1280,969.65,0.0,63.0818568656
1300,938.55,0.05,57.7028743966
1320,868.1,0.05,49.7459895564
1340,1000.0,0.0,81.1669317276
1360,808.9,0.05,59.7295240359
1380,1000.0,0.0,92.593226055
1400,841.8,0.0,79.1460651844
1420,958.65,0.0,93.4252956519
1440,879.8,0.0,83.257135996
1460,879.3,0.0,93.6681485222
1480,835.05,0.0,78.2306719934
1500,749.95,0.0,75.0163657685
1520,555.35,0.0,34.1345446606
1540,713.8,0.0,52.8331285598
1560,767.3,0.05,65.8181149801
1580,805.0,0.0,54.205164027
1600,725.45,0.0,46.8223244232
1620,889.25,0.0,52.9903478619
1640,808.65,0.05,58.1153488523
1660,774.0,0.0,45.9750606002
1680,803.45,0.0,50.1624634231
1700,961.8,0.0,86.8672198596
1720,928.95,0.05,99.6001543922
1740,919.35,0.0,85.3703896919
1760,1000.0,0.0,107.290885524
1780,880.6,0.0,87.3501839758
1800,1000.0,0.0,96.0788220317
1820,1000.0,0.0,91.3670505583
1840,1000.0,0.0,90.9126220235
1860,1000.0,0.0,85.2199789173
1880,1000.0,0.0,92.6558109446
1900,1000.0,0.0,86.0434457819
1920,1000.0,0.0,85.2454262101
1940,1000.0,0.0,92.7177709265
1960,1000.0,0.0,85.1327795406
1980,1000.0,0.0,91.8755940026
2000,982.95,0.05,107.73252737
2020,963.45,0.0,103.23539186
2040,770.35,0.25,125.188463421
2060,666.45,0.45,126.869255288
2080,556.3,0.6,143.160550614
2100,349.55,0.8,165.643378036
2120,394.5,0.65,152.612225592
2140,329.05,0.7,164.403383501
2160,307.75,0.6,119.90710849
2180,320.2,0.65,128.421143872
2200,312.2,0.4,67.6948298165
2220,253.55,0.4,75.7818846474
2240,218.2,0.35,59.8536375881
2260,235.8,0.35,53.2993039667
2280,254.2,0.6,117.672931853
2300,244.65,0.6,114.612270512
2320,241.9,0.5,90.6244975944
2340,284.3,0.55,100.199700401
2360,276.95,0.6,112.579517843
2380,279.85,0.8,159.536235924
2400,300.55,0.55,78.1734595704
2420,277.3,0.55,91.4089259661
2440,325.75,0.75,125.994983524
2460,285.75,0.65,120.461814758
2480,296.0,0.7,117.057668161
2500,345.45,0.65,94.9150647434
2520,324.8,0.65,104.230519678
2540,293.8,0.55,85.666328639
2560,336.5,0.9,169.194916641
2580,358.65,0.8,135.653453829
2600,371.6,0.75,124.540460051
2620,341.1,0.7,112.576278741
2640,361.35,0.75,140.777288616
2660,313.4,0.65,115.3769163
2680,316.95,0.75,141.374640951
2700,267.4,0.6,106.604443209
2720,290.9,0.9,188.219158196
2740,264.95,0.6,115.234823168
2760,300.4,0.8,148.107181562
2780,308.6,0.75,135.936793587
2800,295.05,0.7,136.790357946
2820,321.75,0.95,190.481201837
2840,308.4,0.85,168.363508463
2860,300.7,1.0,203.093555649
2880,297.95,0.85,168.026220054
2900,311.9,0.9,180.584111496
2920,308.0,0.9,178.872372099
2940,293.7,0.9,182.783949314
2960,269.0,0.65,124.533421716
2980,290.75,0.95,195.044540279
3000,291.15,0.85,163.916125548
3020,274.8,0.75,148.327448919
3040,251.7,0.55,113.80764181
3060,256.75,0.75,153.293390466
3080,272.5,0.65,132.650414651
3100,250.15,0.55,116.22396609
3120,261.3,0.7,135.996787962
3140,260.5,0.5,87.8044598198
3160,269.85,0.8,161.438983099
3180,310.85,0.7,132.085070326
3200,332.75,0.8,170.094778579
3220,296.25,0.95,188.919475671
3240,315.1,0.8,161.665196608
3260,300.95,0.85,175.483143453
3280,319.8,0.85,165.466573088
3300,347.4,0.9,180.179404043
3320,326.6,0.9,186.834922823
3340,335.6,0.9,184.935710138
3360,348.05,0.9,180.241748183
3380,360.4,0.85,156.867325539
3400,364.05,0.9,172.701016473
3420,348.05,0.9,169.980865272
3440,342.75,0.85,160.947144599
3460,386.2,0.85,150.366310791
3480,400.4,0.8,148.129680782
3500,378.4,0.8,140.093303525
3520,368.85,0.8,138.601922203
3540,377.5,0.85,167.377863828
3560,376.7,0.85,145.297577623
3580,429.05,0.85,154.247765901
3600,372.9,0.85,154.350149157
3620,440.3,0.55,60.7414980418
3640,436.25,0.75,134.177878504
3660,512.5,0.75,109.569066929
3680,424.15,0.9,162.078157094
3700,449.3,0.9,150.578030662
3720,456.4,0.8,130.73126406
3740,450.25,0.85,143.680042576
3760,457.15,0.9,146.217869943
3780,465.15,0.7,105.688885973
3800,357.75,0.65,122.152629295
3820,373.05,0.8,150.269346638
3840,364.9,0.75,140.75686029
3860,338.95,0.75,122.60211384
3880,328.9,0.8,146.854059682
3900,294.55,0.75,134.058169737
3920,301.4,0.75,132.614240616
3940,294.45,0.55,83.8246516886
3960,287.7,0.7,123.39907409
3980,280.65,0.55,83.3757414689
4000,317.65,0.75,116.19206215
4020,265.35,0.5,71.4923163635
4040,300.7,0.75,133.793501113
4060,299.0,0.6,79.7745388027
4080,287.0,0.65,115.421484388
4100,330.1,0.8,159.393537724
4120,378.15,0.85,155.21079839
4140,313.05,0.85,159.684802497
4160,320.7,0.65,95.1234577328
4180,327.0,0.7,115.308982095
4200,360.2,0.9,159.227674685
4220,380.1,0.65,94.387698819
4240,436.6,0.8,137.82695638
4260,352.55,0.75,126.18776083
4280,379.65,0.75,125.42024853
4300,370.45,0.8,133.008075562
4320,341.55,0.7,114.423687477
4340,403.8,0.7,122.340719807
4360,366.45,0.8,118.329504658
4380,326.2,0.65,92.917018062
4400,350.3,0.8,137.662271733
4420,424.2,0.85,155.116406415
4440,393.1,0.75,99.9766951335
4460,422.05,0.9,144.60434607
4480,380.6,0.9,147.835681299
4500,373.55,0.4,-6.37125834776
4520,403.35,0.85,130.500768853
4540,382.7,0.7,86.0630004444
4560,394.85,0.75,102.744649212
4580,441.0,0.8,116.235406542
4600,388.15,0.55,36.106771313
4620,367.35,0.35,-10.5215195137
4640,330.8,0.4,7.188755438
4660,403.0,0.35,-19.4228173831
4680,462.0,0.5,2.15744858501
4700,470.05,0.25,-74.1027796359
4720,449.8,0.45,-4.02186245053
4740,482.7,0.45,-3.8356633046
4760,534.35,0.55,15.6956365521
4780,455.75,0.6,39.7240129612
4800,372.95,0.8,125.444738214
4820,396.6,0.85,141.870806543
4840,341.6,0.75,109.74622426
4860,324.1,0.8,138.859860538
4880,351.1,0.9,160.705525061
4900,307.95,0.6,81.3312788013
4920,339.4,0.8,126.049371168
4940,360.1,0.65,93.4903854786
4960,333.6,0.75,111.890892034
4980,295.0,0.55,56.574619768
5000,316.05,0.75,130.017207626
5020,325.1,0.65,78.1729362242
5040,315.3,0.85,136.965438713
5060,304.35,0.55,57.1840294421
5080,370.3,0.75,121.996552573
5100,345.5,0.65,73.1248980295
5120,389.45,0.65,61.3004538099
5140,436.8,0.95,152.140548136
5160,362.75,0.75,112.337749348
5180,408.35,0.9,139.482311108
5200,443.55,1.0,192.218494463
5220,442.0,0.8,115.171295945
5240,449.7,1.0,172.721548339
5260,445.35,0.9,152.44129091
5280,400.7,0.95,170.004158297
5300,421.35,0.95,173.199359125
5320,433.55,0.95,170.269908824
5340,469.3,0.85,140.645918028
5360,436.9,0.85,136.54258741
5380,451.9,0.75,118.23832678
5400,502.7,0.85,141.099631083
5420,541.0,0.9,143.99718883
5440,586.65,0.9,130.847990343
5460,595.4,0.7,74.1045032082
5480,624.55,0.85,109.201853578
5500,640.1,0.7,65.115129217
5520,734.85,0.75,52.1073876081
5540,844.25,0.65,35.4272443381
5560,800.4,0.45,-21.7055729226
5580,756.25,0.65,26.2956595397
5600,837.0,0.8,70.5503045709
5620,793.7,0.65,31.4395450433
5640,737.25,0.8,69.3055163662
5660,737.05,0.65,39.3889806576
5680,726.15,0.85,95.1875709931
5700,685.15,0.75,67.7329060068
5720,664.7,0.9,113.748888556
5740,684.9,0.9,112.490422518
5760,604.95,0.95,153.278154499
5780,565.55,0.9,145.940535487
5800,543.8,0.95,161.018349204
5820,473.55,1.0,181.978512486
5840,451.15,1.0,181.873998147
5860,423.75,1.0,184.409722742
5880,408.5,1.0,203.436360463
5900,353.5,0.9,172.312817019
5920,331.95,0.9,184.40285566
5940,349.75,1.0,205.261957888
5960,322.3,0.85,172.77366256
5980,335.05,0.95,193.29861385
6000,329.5,0.9,183.750779048
6020,339.55,0.95,197.249901171
6040,307.65,0.8,153.815293911
6060,343.2,0.85,176.40154378
6080,344.5,1.0,209.761025075
6100,312.1,0.85,177.995573872
6120,351.35,0.95,192.675345207
6140,331.0,0.9,174.511213868
6160,357.4,0.95,180.076522042
6180,362.15,0.95,192.824158659
6200,405.15,0.8,148.340907754
6220,400.05,0.9,177.053729379
6240,418.7,0.9,183.919914141
6260,408.3,0.9,178.60278223
6280,403.5,0.9,176.653023428
6300,345.4,0.85,162.225012203
6320,387.3,0.9,182.643149805
6340,405.75,0.8,158.168294901
6360,353.55,0.75,138.668480089
6380,356.5,0.9,165.422157863
6400,387.15,0.9,168.853263711
6420,362.8,0.9,181.557552795
6440,380.4,0.9,170.251252792
6460,438.1,0.75,158.012628932
6480,380.45,0.95,198.528971235
6500,374.6,0.95,199.214181588
6520,403.9,0.85,166.128441434
6540,327.45,0.85,161.269230191
6560,321.05,0.9,183.049529184
6580,376.1,0.8,156.7174355
6600,334.1,0.8,159.422052417
6620,324.7,0.8,158.268712061
6640,290.8,0.7,129.999581462
6660,323.1,0.65,131.89716677
6680,303.75,0.8,159.604878247
6700,312.8,0.85,168.50822424
6720,285.5,0.65,122.159197645
6740,325.85,0.85,159.872207071
6760,384.7,0.8,155.835916098
6780,303.8,0.8,160.4788353
6800,300.15,0.7,124.898862312
6820,307.4,0.8,151.006738666
6840,325.95,1.0,206.604006772
6860,312.9,0.85,165.534042005
6880,388.1,0.7,140.388283074
6900,381.55,0.65,138.853877516
6920,329.0,0.8,154.241834469
6940,364.35,0.8,156.149484735
6960,295.7,0.75,138.786837474
6980,325.65,0.85,157.279423752
7000,351.3,0.8,135.025185308
7020,359.0,0.65,114.591461217
7040,322.4,0.95,184.869533573
7060,309.0,0.95,188.392586099
7080,340.6,0.85,179.440501431
7100,318.1,0.65,116.066644233
7120,412.7,0.55,108.936996831
7140,340.5,0.75,152.690465865
7160,283.3,0.6,95.2931358371
7180,341.25,0.65,115.12986615
7200,282.1,0.75,136.849803212
7220,331.3,0.65,117.090652381
7240,300.35,0.65,113.554705622
7260,279.15,0.6,91.8778024402
7280,293.2,0.7,121.540887448
7300,344.15,0.85,163.34868174
7320,342.8,0.85,157.782115853
7340,350.75,0.8,139.590307037
7360,350.6,0.7,98.2676565949
7380,359.3,0.9,174.557496032
7400,346.75,0.9,157.894467069
7420,360.25,0.75,106.843764991
7440,444.15,0.75,119.574726408
7460,387.85,0.7,101.457680899
7480,424.85,0.9,146.616800899
7500,532.3,0.65,60.8632719401
7520,495.25,0.85,105.036722628
7540,550.05,0.8,90.4279472736
7560,596.9,0.8,105.982949091
7580,639.6,0.85,87.4619028389
7600,680.9,0.7,39.479554245
7620,769.55,0.85,80.5610886297
7640,781.8,0.75,42.5815281821
7660,852.35,0.5,-15.8112632595
7680,901.15,0.45,-9.04491198009
7700,973.95,0.2,-25.7035099887
7720,994.2,0.05,-44.9462976599
7740,963.4,0.45,18.0118649164
7760,944.2,0.4,18.0202777524
7780,922.15,0.55,35.1125915386
7800,938.8,0.6,18.5749614774
7820,891.6,0.45,-8.09710000306
7840,946.4,0.25,-43.1172059934
7860,896.85,0.6,13.4643836694
7880,879.95,0.5,-8.87184449642
7900,875.05,0.4,-34.6667314724
7920,894.7,0.3,-41.5574145665
7940,934.7,0.45,-16.0716930531
7960,937.85,0.6,-7.57831086122
7980,875.8,0.75,38.8532364821
8000,901.0,0.75,17.289911785
8020,765.7,0.75,52.4538235653
8040,708.8,0.7,54.1652035473
8060,660.1,0.85,96.8543210451
8080,635.9,0.95,104.626010263
8100,601.5,0.85,102.877648085
8120,594.2,0.95,125.140831507
8140,579.15,0.75,114.189053015
8160,504.65,0.85,116.090956068
8180,495.25,0.75,94.9787476441
8200,500.7,0.8,123.968813069
8220,464.75,0.75,94.565690818
8240,347.45,0.5,35.934676679
8260,445.35,0.6,81.9929201078
8280,369.5,0.8,131.748789391
8300,410.2,0.65,70.8336261513
8320,364.4,0.65,101.018494369
8340,341.4,0.8,155.20644356
8360,342.95,0.7,113.836686503
8380,352.45,0.65,104.080384988
8400,332.5,0.65,107.159947161
8420,363.1,0.6,86.9904676777
8440,351.5,0.7,119.574703039
8460,337.45,0.75,134.165319901
8480,357.15,0.8,139.814145612
8500,327.35,0.7,132.67413726
8520,341.55,0.9,173.038692023
8540,351.6,0.9,167.486042644
8560,335.75,0.8,156.439514607
8580,323.95,0.75,145.128353584
8600,387.3,0.8,138.842585438
8620,389.9,1.0,182.247744302
8640,391.05,1.0,183.368754195
8660,399.15,0.9,150.7184832
8680,371.2,0.9,169.310565969
8700,413.35,0.95,176.420492606
8720,405.35,1.0,173.964957114
8740,366.3,0.95,189.527424328
8760,392.8,0.95,176.257391077
8780,361.05,0.85,159.700665231
8800,362.3,0.95,185.33395453
8820,377.7,0.9,163.406613947
8840,378.35,0.8,129.742762115
8860,351.4,0.75,126.812938973
8880,370.7,0.85,147.979848389
8900,387.6,0.8,122.002289938
8920,370.95,0.75,117.816042881
8940,390.85,0.7,116.430824667
8960,314.6,0.65,91.4007309433
8980,296.05,0.4,32.422309734
9000,342.2,0.65,83.0958994265
9020,311.0,0.6,88.5240525282
9040,326.4,0.4,19.9200902474
9060,299.35,0.5,47.118077045
9080,365.9,0.7,73.6806121961
9100,257.2,0.1,-44.6671050956
9120,284.5,0.4,25.0569246352
9140,329.75,0.6,68.580475965
9160,334.25,0.8,131.461896073
9180,302.0,0.6,67.8973300041
9200,356.75,0.85,117.37422898
9220,322.4,0.55,59.232500981
9240,410.3,0.8,104.490505128
9260,355.45,0.5,27.488140748
9280,341.45,0.6,60.4291886967
9300,412.7,0.7,85.276044725
9320,446.35,0.8,100.185793799
9340,407.9,0.75,90.2092645834
9360,406.55,0.5,10.5494476891
9380,495.9,0.8,113.597469964
9400,459.1,0.8,112.899065655
9420,516.35,0.75,108.781842217
9440,495.6,1.0,165.552434971
9460,541.15,1.0,165.667044609
9480,526.7,1.0,171.511031672
9500,507.65,1.0,171.293086814
9520,512.25,1.0,178.61894382
9540,553.0,1.0,162.500945657
9560,539.4,1.0,174.480111142
9580,513.1,1.0,181.842068992
9600,525.3,1.0,172.503287317
9620,515.45,1.0,169.438337058
9640,496.7,1.0,173.756071072
9660,503.75,0.95,163.153653685
9680,486.35,0.9,155.818411169
9700,461.0,0.8,125.657840795
9720,472.7,0.8,139.472717138
9740,430.45,0.8,136.107236428
9760,480.95,0.85,140.829159077
9780,450.6,0.9,153.995732277
9800,414.5,0.75,105.120150089
9820,454.75,0.65,80.2751329298
9840,422.3,0.65,84.7508727838
9860,470.7,0.8,127.288285857
9880,463.2,0.75,99.3936084259
9900,493.15,0.8,105.745746545
9920,550.5,0.75,116.84947187
9940,521.15,0.8,111.748058
9960,397.0,0.55,71.360280137
9980,517.35,0.6,73.3107951019
10000,425.25,0.75,116.893506339
10020,479.55,0.9,128.543441214
10040,490.0,0.65,76.8447276293
10060,489.85,0.85,132.100672101
10080,510.4,0.6,62.4927262643
10100,565.9,0.65,74.3427438182
10120,635.15,0.55,30.1275354846
10140,529.3,0.55,61.6885162565
10160,640.7,0.75,68.6882696624
10180,661.3,0.75,59.1787320641
10200,712.05,0.75,70.4850866231
10220,614.35,0.6,32.6721029292
10240,760.05,0.65,37.7003669343
10260,751.6,0.6,28.5842706416
10280,760.05,0.7,59.4656118371
10300,707.35,0.8,64.1071243058
10320,700.25,0.65,32.2183940251
10340,634.05,0.65,47.1922097906
10360,669.7,0.9,95.772460341
10380,728.15,0.65,27.9163897822
10400,639.45,0.7,62.6039004859
10420,620.4,0.75,83.4708943564
10440,589.55,0.75,68.9218251758
10460,638.7,0.65,72.3764621318
10480,525.6,0.8,100.887566797
10500,536.4,0.85,134.818441511
10520,489.75,0.95,164.395890917
10540,423.45,1.0,191.760274225
10560,403.15,0.85,154.572775095
10580,431.95,0.95,180.243495917
10600,400.9,0.9,186.452501649
10620,366.25,0.9,190.351759477
10640,390.25,0.95,187.063506543
10660,358.1,1.0,201.613431789
10680,343.2,0.8,162.251428406
10700,354.5,1.0,209.231949505
10720,378.3,0.95,186.218403429
10740,355.0,0.95,193.102936112
10760,412.75,0.9,180.490781505
10780,402.0,0.9,180.182810264
10800,396.75,0.95,182.20449318
10820,405.85,1.0,190.665686774
10840,397.85,0.95,192.279073766
10860,398.1,1.0,199.109674219
10880,394.5,1.0,203.688137476
10900,392.2,0.95,188.222820014
10920,405.1,1.0,193.004850908
10940,434.45,0.95,188.621191417
10960,365.3,0.95,191.849181258
10980,370.3,0.95,190.919980933
11000,412.2,1.0,197.540754199
11020,392.95,0.9,184.087383199
11040,351.95,0.95,192.486714433
11060,366.55,1.0,199.707991447
11080,354.4,0.95,182.415769983
11100,350.7,0.95,197.43391881
11120,381.75,0.95,184.570263859
11140,379.35,1.0,200.207242257
11160,400.15,1.0,198.7853965
11180,406.75,0.95,193.195314981
11200,393.6,0.95,195.609127738
11220,377.1,1.0,208.68771019
11240,409.6,0.95,182.947395028
11260,393.9,1.0,194.456423821
11280,430.7,1.0,191.998038438
11300,411.8,0.95,173.513434944
11320,381.9,0.9,177.366108755
11340,391.6,0.95,190.530188854
11360,443.45,0.95,190.233617305
11380,454.3,0.95,186.909274059
11400,576.6,0.75,150.210661775
11420,456.85,0.8,171.408525227
11440,507.75,0.85,160.013603971
11460,423.75,0.8,155.382134181
11480,503.7,0.8,150.13804399
11500,467.65,0.7,130.326687648
11520,421.5,0.8,143.16846524
11540,343.85,0.55,93.4489247008
11560,456.85,0.6,96.774336391
11580,530.7,0.4,79.7073954569
11600,331.0,0.4,49.7896414805
11620,496.45,0.5,104.880974107
11640,388.55,0.45,59.5550866731
11660,377.85,0.3,44.5691040778
11680,390.95,0.5,59.6642365608
11700,380.4,0.25,14.1742530051
11720,372.3,0.5,72.0307137733
11740,449.45,0.45,60.2871748292
11760,289.7,0.4,46.2671054883
11780,314.9,0.45,57.1947476012
11800,360.15,0.25,-1.08436617069
11820,440.55,0.4,40.1731430549
11840,404.5,0.45,65.4558105247
11860,374.5,0.55,51.8896731064
11880,353.65,0.7,115.091617255
11900,379.2,0.45,53.7046583711
11920,458.75,0.55,55.1479642131
11940,436.4,0.45,56.3238466617
11960,477.3,0.55,63.2864435206
11980,527.75,0.5,71.2546311299
12000,446.05,0.6,77.1628793212
12020,382.3,0.6,66.3412980865
12040,529.0,0.55,78.1863758948
12060,488.85,0.45,46.330062638
12080,472.15,0.6,83.5475100889
12100,630.75,0.3,39.3086457325
12120,629.95,0.55,97.0612075602
12140,523.7,0.8,134.274629379
12160,538.95,0.7,113.80208755
12180,475.65,0.8,138.504552679
12200,550.4,0.7,118.489734357
12220,489.3,0.75,110.041672624
12240,451.95,0.8,131.306890869
12260,540.9,0.55,87.8176825171
12280,487.85,0.75,140.018758237
12300,456.85,0.8,152.067672254
12320,579.2,0.8,139.983503285
12340,514.85,0.8,146.667435499
12360,597.7,0.75,152.230672628
12380,451.7,0.95,192.592443881
12400,455.1,0.95,192.140604316
12420,489.8,0.85,175.223741685
12440,468.8,0.9,162.746259589
12460,474.3,0.85,170.223576253
12480,503.25,0.8,150.060755303
12500,455.3,0.9,163.82572787
12520,447.05,0.9,167.358453237
12540,491.4,0.95,178.227008792
12560,498.3,0.8,156.890949861
12580,538.45,0.95,179.440116458
12600,407.65,0.9,190.804047939
12620,431.7,1.0,192.441630446
12640,378.75,1.0,194.244038885
12660,401.4,1.0,196.420478259
12680,373.25,1.0,205.422874115
12700,402.2,1.0,192.069661518
12720,400.55,0.9,177.876292457
12740,395.2,1.0,202.798405466
12760,392.1,0.9,191.730262788
12780,413.2,0.95,192.978131177
12800,415.25,0.85,181.812560471
12820,435.3,0.9,180.24249576
12840,347.9,0.9,169.503486807
12860,429.95,0.9,173.643145605
12880,370.55,0.85,182.949075123
12900,376.05,0.9,182.112067228
12920,392.9,0.9,180.685576754
12940,435.2,0.9,187.990366231
12960,434.4,0.8,154.442789884
12980,343.05,0.85,160.818421789
13000,337.8,0.85,160.612316211
13020,473.35,0.75,160.777331537
13040,376.65,0.9,178.994951416
13060,373.25,0.9,176.078012848
13080,384.75,0.9,189.943403592
13100,398.65,0.85,187.814635149
13120,355.85,0.8,164.962835489
13140,341.35,0.95,188.192517403
13160,327.4,0.95,191.409704349
13180,334.0,1.0,209.948144857
13200,341.35,1.0,210.894132558
13220,319.0,0.95,198.086536138
13240,321.35,0.95,202.551367424
13260,339.8,0.95,197.48640291
13280,363.25,0.95,201.050351991
13300,322.4,0.95,197.916708643
13320,383.5,0.8,170.334817162
13340,319.1,0.9,187.508547165
13360,362.2,0.8,159.785225333
13380,457.5,0.65,135.845480648
13400,379.65,0.85,159.569555317
13420,347.15,0.6,99.3799497702
13440,320.3,0.75,142.651201519
13460,315.5,0.75,140.978847978
13480,316.4,0.55,84.757367895
13500,339.0,0.7,108.29880615
13520,312.9,0.55,77.4158284862
13540,403.95,0.5,61.5369949406
13560,417.65,0.35,32.5854748113
13580,398.25,0.65,100.050439985
13600,371.8,0.7,92.4421994098
13620,341.15,0.45,33.3873249343
13640,373.55,0.4,32.2773211402
13660,340.35,0.45,39.7018608337
13680,294.1,0.4,12.0061616553
13700,319.8,0.5,45.0898151668
13720,338.9,0.55,49.0065063332
13740,362.05,0.6,77.3182377392
13760,427.2,0.6,75.5931279956
13780,376.85,0.55,57.4377602568
13800,374.55,0.75,104.056558793
13820,353.9,0.6,51.6983286291
13840,385.85,0.65,75.304333141
13860,416.25,0.7,83.5560998145
13880,490.4,0.65,78.242900749
13900,392.9,0.75,90.1351434349
13920,437.85,0.7,82.6247948654
13940,363.9,0.5,36.4072013639
13960,444.0,0.65,60.2025791273
13980,449.7,0.45,31.8803448531
14000,403.0,0.45,32.8092381062
14020,480.5,0.55,59.1969849393
14040,444.2,0.7,76.4792307558
14060,496.15,0.65,71.8429751125
14080,451.95,0.5,50.7832148989
14100,431.85,0.7,72.9615700212
14120,513.2,0.65,69.432726382
14140,459.2,0.6,76.1578371326
14160,416.35,0.75,99.2686311895
14180,415.4,0.75,102.963005294
14200,431.85,0.65,94.8371237387
14220,419.8,0.75,121.767570413
14240,429.85,0.85,142.690147146
14260,443.4,0.7,108.270272451
14280,405.95,0.75,121.976345066
14300,443.9,0.75,128.492586199
14320,363.9,0.8,127.614740677
14340,379.65,0.7,103.53434723
14360,387.05,0.8,137.722423738
14380,356.4,0.6,85.1754132762
14400,433.7,0.55,89.7574630763
14420,338.5,0.65,100.480504961
14440,384.65,0.8,154.091309971
14460,365.45,0.9,179.020166273
14480,370.95,0.8,156.722972889
14500,397.05,0.7,140.316781162
14520,391.55,0.8,164.37697668
14540,318.95,0.95,197.40274336
14560,329.7,0.8,149.642337146
14580,389.95,0.8,171.158323984
14600,362.1,0.85,165.542910857
14620,366.75,0.9,192.420883631
14640,312.35,0.8,169.157951152
14660,306.95,0.85,174.626293931
14680,324.6,0.95,194.975799761
14700,333.65,0.95,203.247312014
14720,312.1,0.7,143.338162513
14740,357.2,0.85,174.824779324
14760,314.85,0.8,149.229704809
14780,330.45,0.65,129.152286037
14800,323.4,0.95,195.412484009
14820,350.5,0.7,134.403410713
14840,359.85,0.8,169.62099985
14860,320.5,0.85,174.94888333
14880,368.2,0.95,193.435144631
14900,377.9,0.85,172.439823228
14920,334.4,0.95,197.469000767
14940,357.05,0.95,209.655200647
14960,394.6,0.85,188.117848999
14980,328.6,0.95,199.635894041
15000,327.1,0.95,201.815296683
15020,361.3,0.85,177.915454516
15040,374.25,0.95,204.11672481
15060,352.25,0.95,200.523859856
15080,384.0,0.8,173.230842872
15100,327.25,0.95,197.298812475
15120,415.5,0.85,200.153276153
15140,323.05,1.0,214.435587422
15160,357.0,0.95,210.141802891
15180,354.45,0.95,203.192916098
15200,311.9,1.0,215.428389163
15220,313.75,0.95,202.547437351
15240,311.05,1.0,209.308994865
15260,383.9,0.85,185.019950489
15280,320.9,1.0,211.01349855
15300,318.3,1.0,215.638991394
15320,305.55,1.0,214.812203661
15340,314.4,1.0,211.807872206
15360,347.95,0.95,207.328117153
15380,328.5,0.9,187.805372597
15400,305.95,0.95,202.785235285
15420,317.3,0.95,205.48379525
15440,308.45,0.95,200.183787872
15460,355.8,0.95,204.655481378
15480,329.8,0.95,199.907437249
15500,332.45,0.85,186.489545353
15520,339.3,0.8,176.632188311
15540,353.3,0.95,203.02923429
15560,339.55,1.0,215.655294444
15580,300.35,0.95,205.263327881
15600,346.15,0.85,176.552448451
15620,334.3,0.85,184.316995009
15640,303.05,0.95,201.329524362
15660,308.85,1.0,210.663254149
15680,340.0,0.95,214.875274889
15700,370.6,0.7,159.763390284
15720,300.3,1.0,210.029964946
15740,336.35,0.85,190.168624625
15760,340.85,0.85,189.642759862
15780,356.5,0.85,185.194561019
15800,322.75,1.0,206.536473403
15820,345.75,0.8,173.235753897
15840,313.8,0.95,192.894314611
15860,357.45,0.8,162.836470425
15880,313.45,0.95,193.020173062
15900,318.0,0.65,147.562165845
15920,302.95,0.8,154.019766272
15940,351.5,0.7,135.087230205
15960,339.85,0.8,161.19188392
15980,328.3,0.85,167.795237156
16000,372.2,0.6,120.670616555
16020,366.7,0.9,199.826636522
16040,349.0,0.85,173.251436549
16060,301.7,0.75,138.881568741
16080,387.1,0.7,140.370868378
16100,300.4,0.7,141.080111754
16120,296.75,0.8,159.661430754
16140,295.65,0.95,197.272999294
16160,304.05,0.85,162.686256392
16180,292.4,0.8,146.32799946
16200,298.35,0.25,17.9408215637
16220,391.6,0.8,162.392843162
16240,316.7,0.7,124.725286666
16260,279.55,0.65,120.453536051
16280,312.05,0.7,138.74043577
16300,286.7,0.7,126.882227562
16320,332.65,0.5,74.0366377577
16340,310.1,0.45,63.7171911902
16360,265.95,0.45,58.2573555775
16380,272.6,0.55,82.5524526246
16400,329.05,0.55,84.3711354254
16420,354.6,0.7,131.193458391
16440,283.65,0.7,122.732386076
16460,326.4,0.65,121.100421828
16480,287.8,0.7,135.889132548
16500,290.8,0.65,103.530504691
16520,290.1,0.6,99.1140619313
16540,289.65,0.75,145.440004502
16560,321.45,0.75,140.428632143
16580,272.75,0.7,133.115520511
16600,286.35,0.75,140.827430762
16620,307.6,0.5,95.2543195468
16640,324.95,0.75,144.480466146
16660,298.25,0.85,155.8185625
16680,329.65,0.7,134.934793761
16700,287.15,0.7,127.484557058
16720,353.9,0.6,127.130572917
16740,306.15,0.75,137.660277188
16760,282.35,0.75,154.072561534
16780,374.95,0.75,143.634759968
16800,329.75,0.7,137.722606837
16820,314.75,0.8,165.760143362
16840,336.05,0.65,127.265685434
16860,291.05,0.75,140.618664402
16880,375.5,0.7,140.232766937
16900,304.7,0.75,150.653633355
16920,407.7,0.7,144.928844584
16940,375.6,0.75,155.835821129
16960,324.55,0.9,178.006285166
16980,340.7,0.9,190.503968658
17000,344.6,0.85,170.047276836
17020,336.25,0.9,188.089114284
17040,370.05,0.8,168.683174806
17060,317.35,0.75,155.719174736
17080,362.5,0.65,143.510170176
17100,361.35,0.8,173.568255578
17120,334.5,0.9,185.224653424
17140,289.75,0.9,186.593148739
17160,354.6,0.85,187.817006354
17180,317.75,0.85,181.503832052
17200,357.7,0.8,170.970235653
17220,291.2,0.85,171.490152297
17240,349.3,0.8,184.123773572
17260,293.25,0.9,187.59128956
17280,285.05,0.85,170.789471787
17300,329.7,0.9,195.177976107
17320,321.7,0.85,187.404206
17340,297.3,1.0,213.319107274
17360,263.45,0.8,176.138680512
17380,283.9,0.95,199.101142072
17400,305.45,0.9,194.632884101
17420,286.9,1.0,217.905549193
17440,289.15,0.95,205.652636034
17460,283.8,0.95,211.196927388
17480,317.6,0.95,206.128134105
17500,273.9,0.95,206.139177543
17520,286.45,0.95,216.4362454
17540,274.0,1.0,228.8680031
17560,285.75,1.0,218.005934446
17580,280.9,0.9,194.995182313
17600,273.6,0.95,209.440351175
17620,276.45,1.0,216.769036815
17640,261.5,0.95,205.408674186
17660,279.9,1.0,228.21703951
17680,300.8,1.0,230.928015923
17700,268.75,0.95,213.735004766
17720,266.95,1.0,231.405247303
17740,266.05,0.95,204.948790972
17760,253.15,0.95,209.721951125
17780,257.2,0.95,212.26457194
17800,261.45,0.95,205.655278877
17820,292.55,0.9,197.820400905
17840,250.1,0.85,185.313369034
17860,291.6,0.9,193.470459635
17880,253.2,1.0,228.148886816
17900,289.75,0.9,207.765726066
17920,320.95,0.75,186.866270855
17940,355.35,0.95,213.021127139
17960,318.65,0.75,170.84468782
17980,246.55,0.9,204.746605876
18000,316.6,0.75,177.855647192
18020,291.05,0.8,178.63387936
18040,254.9,1.0,217.506455072
18060,303.6,0.95,203.285045496
18080,253.7,0.9,198.342959996
18100,342.65,0.85,202.412494801
18120,265.25,0.95,209.442559098
18140,266.85,0.95,212.338977159
18160,350.0,0.85,188.668510162
18180,270.9,1.0,216.561408319
18200,246.6,0.9,197.627489968
18220,257.65,0.95,208.133835596
18240,297.3,0.95,203.755369694
18260,307.1,0.95,213.153334533
18280,282.8,0.9,199.197742211
18300,265.7,1.0,219.924504986
18320,328.95,0.95,213.19066843
18340,258.8,0.95,206.231050211
18360,295.6,0.9,200.923385851
18380,265.2,0.95,201.829439017
18400,331.5,0.9,200.987124407
18420,254.35,0.95,211.835745839
18440,265.0,1.0,228.264064667
18460,254.95,0.95,212.923809375
18480,272.2,0.95,208.562333256
18500,300.65,0.8,173.21068698
18520,291.2,0.95,216.57531188
18540,264.15,0.95,212.229136271
18560,307.3,0.95,217.232239603
18580,305.15,1.0,216.07117443
18600,274.1,1.0,222.658936254
18620,253.75,0.9,199.241750318
18640,252.75,0.95,205.705899919
18660,253.4,1.0,216.638368344
18680,260.45,0.95,207.465149921
18700,265.2,1.0,222.378599143
18720,289.6,0.95,215.923886146
18740,256.45,0.95,202.026173868
18760,243.4,0.85,186.918201953
18780,256.85,0.95,212.429934758
18800,366.25,0.8,189.160123601
18820,257.7,1.0,221.271689992
18840,287.8,0.9,203.030796942
18860,265.5,1.0,222.888176819
18880,254.95,1.0,224.322995434
18900,253.6,0.95,217.276392127
18920,249.05,0.9,193.272321981
18940,251.6,1.0,220.217195976
18960,292.75,1.0,218.871821103
18980,367.45,0.8,189.847661711
19000,277.3,0.8,183.549506796
19020,316.85,0.85,200.387069144
19040,305.0,0.9,203.792082237
19060,239.0,0.9,200.039466594
19080,236.9,0.95,216.965444984
19100,242.05,0.95,211.015965375
19120,280.45,0.8,184.345419746
19140,323.95,0.85,202.333775235
19160,257.65,0.75,175.861718776
19180,258.7,0.85,186.216601229
19200,277.3,0.85,187.400415948
19220,233.45,0.9,198.395592923
19240,229.7,0.75,163.438034858
19260,238.75,0.9,198.347916906
19280,376.15,0.45,124.146636795
19300,282.8,0.85,201.915753499
19320,222.15,0.85,185.541001598
19340,212.75,0.7,158.813875127
19360,261.25,0.85,196.265336871
19380,253.6,0.7,157.303273909
19400,225.55,0.85,184.114152103
19420,242.4,0.7,152.022393204
19440,254.8,0.7,157.977035593
19460,294.3,0.7,162.917663227
19480,224.05,0.8,177.790770276
19500,261.2,0.75,173.48872424
19520,226.95,0.85,187.989898634
19540,231.55,0.8,177.097861961
19560,216.25,0.7,158.442922956
19580,300.5,0.85,196.78632605
19600,276.95,0.85,194.470491175
19620,267.15,0.9,204.946459809
19640,378.2,0.75,178.586347838
19660,349.65,0.85,199.403611475
19680,253.35,0.8,185.209272245
19700,251.45,1.0,223.461797691
19720,230.2,0.85,186.358494652
19740,279.35,0.95,206.756478336
19760,314.6,0.9,210.225991424
19780,276.4,0.9,206.746195585
19800,323.6,0.8,184.879408198
19820,345.8,0.85,177.314634446
19840,249.65,0.95,205.163186082
19860,299.75,0.95,214.250754484
19880,340.85,0.85,202.333485748
19900,343.1,0.8,188.194652039
19920,270.45,0.85,196.183763073
19940,297.6,0.8,178.792032006
19960,304.2,0.75,169.045758764
19980,336.0,0.9,204.551658272
20000,283.0,0.9,207.977358895
20020,275.35,0.8,180.224823326
20040,308.4,0.85,189.660696057
20060,389.5,0.8,189.358875172
20080,264.45,0.8,177.261459567
20100,265.85,0.8,184.782178754
20120,238.8,0.9,195.046899856
20140,315.45,0.9,212.062100682
20160,303.15,0.95,217.550047055
20180,351.3,0.8,190.222118016
20200,240.1,0.9,198.138281841
20220,362.35,0.85,206.820531703
20240,250.65,0.6,133.323736959
20260,264.3,0.8,182.330797768
20280,220.5,0.8,178.220436188
20300,260.9,0.8,187.579107597
20320,201.6,0.55,119.050428361
20340,262.1,0.75,173.396072359
20360,214.7,0.75,167.774640916
20380,259.65,0.75,168.755265044
20400,226.55,0.75,172.986530391
20420,254.0,0.6,140.197540948
20440,213.4,0.75,169.420234237
20460,252.45,0.6,131.916046547
20480,295.4,0.7,156.349953634
20500,247.15,0.75,160.478252346
20520,268.65,0.7,159.374068418
20540,225.6,0.75,163.76751571
20560,267.05,0.8,178.439878525
20580,266.4,0.75,176.878729043
20600,264.4,0.95,212.85595856
20620,243.0,0.85,186.162434629
20640,266.15,0.7,151.075164444
20660,228.65,0.8,172.625814951
20680,214.35,0.6,127.650813381
20700,230.75,0.9,200.513194988
20720,222.35,0.75,171.081722668
20740,252.3,0.5,113.081863778
20760,222.5,0.85,192.572905931
20780,221.3,0.7,151.473804798
20800,240.45,0.85,181.112590881
20820,219.75,0.6,125.226803456
20840,260.5,0.9,201.807172523
20860,236.8,0.7,152.515222349
20880,286.15,0.95,211.952111571
20900,234.4,0.75,165.437402516
20920,242.0,0.95,206.489731638
20940,319.15,0.75,180.655093003
20960,275.2,0.8,184.421138527
20980,316.3,0.85,194.32481831
21000,266.5,0.9,194.613481371
21020,443.05,0.7,168.516267246
21040,386.85,0.75,167.303753369
21060,282.45,0.95,210.578793693
21080,283.45,0.95,223.909174743
21100,276.55,0.9,202.905071022
21120,269.55,0.95,209.17722501
21140,323.3,0.9,211.626562252
21160,326.6,0.9,199.152275731
21180,324.75,0.85,200.964741597
21200,247.65,0.95,205.661030254
21220,254.05,1.0,224.057592123
21240,257.75,1.0,217.835795327
21260,296.55,0.95,209.168919482
21280,264.05,1.0,218.801654889
21300,296.05,0.95,208.018898072
21320,294.0,0.95,217.110096675
21340,323.35,0.95,213.8771228
21360,323.6,0.95,206.014669046
21380,288.35,0.8,180.206811079
21400,307.45,1.0,214.212583377
21420,265.3,0.95,202.767662833
21440,291.5,1.0,225.703149987
21460,302.8,0.95,209.44628995
21480,267.65,0.95,205.500537682
21500,324.75,0.95,211.861830343
21520,270.05,0.95,210.249629009
21540,261.05,0.95,212.646940272
21560,267.15,0.9,191.306046513
21580,394.95,0.9,190.148800024
21600,290.75,1.0,213.566646695
21620,312.2,0.85,171.731207169
21640,276.85,0.95,202.823551438
21660,329.9,0.75,150.047580444
21680,293.95,0.9,189.516174033
21700,286.5,0.85,177.93813696
21720,320.7,0.95,196.24616452
21740,278.1,1.0,217.001072029
21760,283.85,0.95,198.316603597
21780,265.05,0.75,164.964072374
21800,310.5,0.85,187.885328933
21820,271.65,0.85,180.199283193
21840,278.7,0.9,197.167713396
21860,344.6,0.85,165.235677558
21880,314.5,0.85,176.953335029
21900,308.6,0.85,184.504297714
21920,331.75,0.8,157.38720085
21940,267.95,0.85,175.707011701
21960,350.5,0.85,185.408155509
21980,299.8,0.95,191.41675878
22000,310.2,0.95,211.346391335
22020,276.5,0.85,168.430671136
22040,279.05,1.0,210.803471692
22060,276.2,1.0,215.669841214
22080,306.35,0.85,182.036482116
22100,317.65,0.9,186.801477808
22120,327.65,0.95,201.080612641
22140,320.25,0.75,154.350361718
22160,278.3,0.8,164.691109442
22180,338.5,0.8,171.284403561
22200,320.5,0.85,178.240330041
22220,307.65,0.9,190.814792264
22240,362.75,0.9,188.874881699
22260,299.5,0.85,177.772305752
22280,284.1,0.95,199.332257207
22300,265.5,1.0,223.075545164
22320,257.6,0.95,208.488628682
22340,324.8,0.8,171.620891088
22360,263.45,0.85,173.862276444
22380,307.7,0.95,210.376243983
22400,339.3,0.8,178.766171415
22420,253.25,0.85,188.477702089
22440,253.5,0.95,210.016508938
22460,265.45,0.95,202.227901313
22480,330.6,0.8,182.870114648
22500,274.55,0.95,205.815103413
22520,330.7,0.9,200.698665897
22540,254.65,0.9,197.613234863
22560,243.55,0.9,194.072591038
22580,319.3,0.8,179.829513256
22600,262.1,0.7,154.338107582
22620,297.8,0.8,181.713601426
22640,265.9,0.85,180.527678639
22660,290.85,0.6,140.770238981
22680,312.3,0.65,148.629816911
22700,301.2,0.7,169.024018718
22720,219.85,0.7,144.380674481
22740,229.5,0.7,149.585841248
22760,257.6,0.7,159.303345698
22780,306.05,0.8,181.854988379
22800,291.55,0.85,190.800559769
22820,266.35,0.85,198.331684105
22840,215.0,0.65,139.099676397
22860,308.3,0.75,163.249917665
22880,266.55,0.8,181.706639587
22900,235.45,0.75,161.39687476
22920,226.25,0.85,177.751496215
22940,212.7,0.55,110.224168882
22960,311.65,0.65,150.611541227
22980,269.35,0.75,153.492060623
23000,297.35,0.65,150.491428686
23020,237.7,0.8,176.588778609
23040,246.95,0.95,204.777303779
23060,272.1,0.7,154.813658968
23080,269.55,0.8,175.343786988
23100,266.5,0.8,177.926933879
23120,263.95,0.8,176.651462412
23140,215.55,0.65,140.528542907
23160,305.25,0.8,174.538016885
23180,233.05,0.7,146.859758412
23200,224.4,0.75,156.159969807
23220,250.85,0.6,132.228860834
23240,296.95,0.7,158.724972746
23260,277.4,0.8,174.46204586
23280,249.65,0.75,163.247472999
23300,252.3,0.75,164.464706379
23320,282.15,0.75,173.540044549
23340,212.9,0.65,139.526321082
23360,238.2,0.6,126.621550132
23380,246.95,0.7,155.541948135
23400,234.9,0.6,120.97169198
23420,289.1,0.8,178.902645444
23440,212.45,0.45,84.009404934
23460,218.25,0.7,144.385222207
23480,280.1,0.5,108.285501178
23500,266.25,0.85,186.970091491
23520,246.7,0.7,161.465605762
23540,267.2,0.85,187.180020116
23560,248.65,0.7,144.260339102
23580,216.9,0.65,134.756294362
23600,225.6,0.5,106.283632384
23620,229.9,0.85,189.882991376
23640,211.4,0.55,111.134855981
23660,239.5,0.7,158.738655392
23680,289.2,0.65,144.366539955
23700,279.95,0.7,149.230447743
23720,264.3,0.6,124.213227563
23740,251.7,0.5,86.8924480099
23760,220.6,0.5,98.9637520139
23780,210.05,0.5,102.439140926
23800,197.4,0.65,143.050687721
23820,186.55,0.6,124.476393374
23840,200.4,0.55,114.763541744
23860,214.25,0.7,136.319934167
23880,258.35,0.65,127.456445136
23900,317.9,0.6,133.081849284
23920,220.45,0.5,99.6728985267
23940,204.6,0.65,124.255737499
23960,204.5,0.7,154.027651808
23980,225.35,0.6,128.809072463
24000,172.45,0.6,117.02435345
24020,163.7,0.45,91.1836367555
24040,175.8,0.5,93.8292983896
24060,257.5,0.65,130.879880836
24080,213.95,0.55,106.633013656
24100,157.9,0.35,51.8593701996
24120,148.55,0.4,70.4639851062
24140,220.15,0.5,103.873288885
24160,167.3,0.45,87.1802235392
24180,164.7,0.4,84.1510670593
24200,156.65,0.3,51.730908289
24220,152.15,0.4,69.1249071401
24240,146.55,0.3,24.7565144536
24260,146.3,0.3,41.3872169382
24280,169.2,0.5,94.6724664215
24300,143.8,0.35,48.2578076209
24320,199.65,0.6,106.92846687
24340,170.3,0.5,97.7491341961
24360,158.6,0.4,71.4683091346
24380,162.4,0.5,88.6611352179
24400,170.85,0.5,94.6767572248
24420,155.45,0.35,63.3481892236
24440,179.05,0.45,77.7017402217
24460,165.75,0.55,115.115527464
24480,196.6,0.35,54.4188308567
24500,151.0,0.35,56.7247881926
24520,180.05,0.45,77.9408350491
24540,196.55,0.35,57.6404951403
24560,213.6,0.35,47.0085091831
24580,188.7,0.2,24.2679943982
24600,168.75,0.4,75.2873857573
24620,164.7,0.35,57.4447607606
24640,158.1,0.35,65.6717492134
24660,230.55,0.3,54.7197863654
24680,189.5,0.45,78.4860601596
24700,187.7,0.5,94.0624163514
24720,218.75,0.55,104.526871622
24740,219.95,0.55,98.1210561797
24760,244.35,0.45,84.4992143205
24780,206.25,0.6,131.678177188
24800,269.2,0.6,124.728055196
24820,241.0,0.3,53.927176258
24840,159.1,0.35,59.3744145026
24860,163.95,0.45,81.705972598
24880,174.95,0.6,117.842162501
24900,217.15,0.5,111.762522457
24920,195.2,0.65,120.24842702
24940,191.7,0.6,120.398295865
24960,237.3,0.75,153.340411487
24980,182.3,0.3,50.8211764866
25000,177.8,0.55,97.0137458726
25020,221.3,0.55,99.9751964373
25040,212.55,0.55,108.991872061
25060,290.45,0.5,97.3007983874
25080,187.3,0.55,100.321412607
25100,240.6,0.65,138.261753871
25120,231.95,0.65,134.908834772
25140,188.1,0.8,167.643202062
25160,252.4,0.75,171.461853316
25180,205.1,0.5,82.3495032303
25200,253.6,0.6,117.951245751
25220,196.9,0.75,136.825801868
25240,200.65,0.65,116.652091061
25260,194.2,0.75,158.784513324
25280,241.8,0.45,80.8818024312
25300,218.85,0.75,146.629147231
25320,329.15,0.45,81.9109997264
25340,263.5,0.75,140.590937018
25360,241.3,0.7,147.667635671
25380,266.65,0.6,117.08928933
25400,195.3,0.75,153.386940741
25420,332.6,0.55,130.98949817
25440,228.25,0.7,129.252462968
25460,287.75,0.7,137.767598477
25480,283.55,0.65,132.272274803
25500,187.2,0.75,142.279783091
25520,218.05,0.75,158.79895248
25540,301.15,0.8,170.287766976
25560,199.45,0.7,123.780886426
25580,333.35,0.7,153.880555813
25600,273.0,0.7,144.518858208
25620,243.5,0.8,165.881543525
25640,197.0,0.65,127.053724044
25660,294.6,0.75,163.105491085
25680,200.2,0.8,144.757550435
25700,258.6,0.85,179.315095068
25720,186.0,0.6,114.978759398
25740,178.65,0.5,96.2672281057
25760,202.4,0.75,159.46533858
25780,325.3,0.55,116.993420566
25800,207.05,0.75,153.159949434
25820,208.2,0.8,164.409800125
25840,259.0,0.8,165.697422239
25860,189.6,0.65,121.290509649
25880,292.25,0.65,128.440731487
25900,236.25,0.6,120.266076517
25920,257.7,0.8,157.659366912
25940,227.45,0.85,160.656247715
25960,259.45,0.7,128.189038591
25980,332.15,0.8,173.976524048
26000,255.9,0.6,113.127192349
26020,250.15,0.75,144.332458119
26040,273.6,0.85,179.982956477
26060,310.6,0.8,176.480514352
26080,264.7,0.75,143.819621145
26100,274.55,0.75,143.616792846
26120,363.9,0.75,150.006165469
26140,275.45,0.85,185.675371257
26160,307.95,0.6,116.576025904
26180,238.8,0.9,177.903445835
26200,313.9,0.55,93.7583871698
26220,291.85,0.6,105.408054184
26240,296.4,0.75,164.661329375
26260,308.55,0.85,170.144300808
26280,226.65,0.85,173.932021806
26300,218.8,0.7,136.321233151
26320,290.5,0.7,150.295626208
26340,247.1,0.55,88.9822139975
26360,325.75,0.8,155.862352073
26380,310.25,0.65,121.850870157
26400,232.3,0.9,167.139220142
26420,245.65,0.8,164.826656012
26440,241.35,0.55,99.0181189315
26460,305.75,0.75,149.73347406
26480,253.0,0.8,150.86094921
26500,235.9,0.55,107.398477362
26520,291.45,0.7,135.804468635
26540,299.25,0.75,129.667226483
26560,339.35,0.55,101.058181538
26580,347.15,0.45,90.8431629409
26600,293.95,0.75,165.324839602
26620,377.7,0.65,151.464841359
26640,260.7,0.7,132.528092785
26660,249.3,0.8,160.49571434
26680,233.45,0.9,181.469320773
26700,263.95,0.8,171.679477597
26720,289.9,0.65,118.966044472
26740,224.35,0.85,148.375767725
26760,318.95,0.6,118.080088564
26780,296.1,0.7,136.447447525
26800,322.4,0.65,130.377522077
26820,302.35,0.9,183.981366975
26840,295.15,0.7,136.154703086
26860,319.9,0.8,164.306184178
26880,324.4,0.8,143.122235076
26900,322.35,0.85,185.030666098
26920,276.2,0.8,168.414538869
26940,265.55,0.8,159.941664045
26960,392.1,0.8,179.320157386
26980,359.8,0.85,198.029509432
27000,387.8,0.8,175.034401892
27020,297.95,0.85,160.796896018
27040,353.95,0.7,151.24166649
27060,216.55,0.75,143.541510663
27080,383.15,0.8,190.640852305
27100,346.95,0.75,156.142892439
27120,249.7,0.9,185.831038328
27140,362.55,0.65,146.00374078
27160,258.8,0.75,147.25742164
27180,375.25,0.7,157.221805576
27200,304.95,0.85,180.931674334
27220,311.7,0.85,177.904436906
27240,262.6,0.8,164.850377817
27260,277.5,0.8,163.473358292
27280,279.65,0.8,166.027839687
27300,275.4,0.8,149.498392738
27320,266.5,0.75,155.05444113
27340,314.2,0.8,149.148619351
27360,422.35,0.65,150.287971454
27380,311.35,0.8,170.550757615
27400,261.1,0.7,151.470095089
27420,299.15,0.55,90.471897182
27440,305.5,0.65,138.677683837
27460,281.4,0.6,112.058858558
27480,225.25,0.85,169.33892101
27500,268.05,0.75,147.744650408
27520,272.25,0.9,173.256554213
27540,231.6,0.8,151.444845878
27560,230.1,0.75,144.761636497
27580,267.4,0.75,146.630997466
27600,269.0,0.9,180.159347716
27620,262.6,0.85,162.432410714
27640,282.8,0.8,159.19222371
27660,294.3,0.55,98.4210577811
27680,208.9,0.65,123.304277065
27700,260.65,0.9,162.34190197
27720,307.05,0.65,124.3126541
27740,421.9,0.7,142.664342232
27760,227.3,0.75,144.179300642
27780,266.55,0.85,164.06333447
27800,385.0,0.8,181.670069463
27820,398.6,0.8,168.471326605
27840,367.15,0.65,133.340415103
27860,328.5,0.9,198.678208484
27880,333.45,0.8,171.590454832
27900,395.15,0.75,171.623053205
27920,334.8,0.85,178.017904536
27940,316.95,0.8,164.381525953
27960,310.65,0.9,183.449502838
27980,355.25,0.9,200.024436351
28000,303.75,0.85,167.537381979
28020,319.45,0.9,192.753041339
28040,362.15,0.85,185.707490095
28060,376.05,0.7,152.907430447
28080,289.45,0.9,178.697819229
28100,353.6,0.85,180.725314269
28120,343.6,0.85,178.254450894
28140,338.8,0.8,167.15750202
28160,355.05,0.75,154.428227419
28180,391.05,0.75,152.71820042
28200,328.9,0.85,184.817012017
28220,322.9,0.95,199.183309635
28240,361.95,0.8,167.216928527
28260,381.3,0.85,168.211277774
28280,338.4,0.9,188.486013077
28300,320.7,1.0,202.105084526
28320,423.25,0.8,173.742833825
28340,323.1,0.85,175.758349141
28360,461.8,0.65,145.135236197
28380,393.45,0.75,151.026665858
28400,418.6,0.85,179.528109117
28420,425.35,0.65,130.986750847
28440,353.8,0.7,142.152760148
28460,498.8,0.65,145.40263255
28480,279.15,0.8,157.741322354
28500,330.25,0.75,139.497954815
28520,477.55,0.7,154.932784168
28540,370.75,0.75,151.959222833
28560,377.75,0.9,182.889260156
28580,520.6,0.7,169.205348517
28600,345.25,0.7,130.67856821
28620,360.95,0.8,153.122568151
28640,442.55,0.7,147.026212371
28660,507.55,0.6,133.380043069
28680,424.75,0.55,110.39407585
28700,433.1,0.7,158.49634788
28720,369.45,0.5,94.5604150933
28740,409.3,0.85,170.173370926
28760,341.45,0.9,179.59575822
28780,353.25,0.85,163.252562811
28800,364.95,0.8,156.765078622
28820,373.25,0.75,155.518439626
28840,303.65,0.75,150.948920595
28860,261.9,0.95,196.205368918
28880,406.75,0.8,169.921002308
28900,357.4,0.85,175.954116013
28920,338.05,0.75,152.575804231
28940,320.5,0.65,140.269658193
28960,364.1,0.65,138.894596842
28980,418.85,0.8,179.439471887
29000,295.05,0.85,173.571844262
29020,332.25,0.75,162.61199734
29040,308.9,0.8,159.509836996
29060,322.45,0.85,168.263458883
29080,333.5,0.85,172.96708459
29100,385.0,0.45,92.4069087636
29120,394.15,0.55,121.542934532
29140,271.9,0.85,166.515912837
29160,299.7,0.8,152.564874163
29180,305.2,0.8,165.696832976
29200,424.3,0.65,144.229351878
29220,363.2,0.6,124.899739675
29240,281.6,0.85,171.649941272
29260,312.05,0.6,106.315937767
29280,386.45,0.6,131.870148834
29300,340.55,0.85,168.331255796
29320,386.0,0.8,175.446747298
29340,387.7,0.45,90.591750916
29360,341.85,0.55,106.671155981
29380,315.25,0.95,195.802784833
29400,332.95,0.7,151.74697285
29420,287.75,0.65,124.17758303
29440,221.2,0.8,144.819187799
29460,379.1,0.7,146.469738252
29480,272.4,0.75,144.383783856
29500,258.6,0.7,137.490093396
29520,339.55,0.8,174.565721077
29540,263.6,0.7,133.413225126
29560,306.5,0.75,142.855914284
29580,251.95,0.6,108.494078105
29600,209.25,0.75,143.685234464
29620,302.5,0.7,139.364634441
29640,201.55,0.7,133.342281214
29660,319.35,0.5,98.8196557305
29680,240.95,0.65,112.9311199
29700,264.8,0.55,91.645747996
29720,254.35,0.65,125.291371025
29740,271.3,0.55,108.169843434
29760,205.55,0.65,117.251713572
29780,199.4,0.65,122.283572448
29800,208.75,0.6,108.373467592
29820,211.85,0.75,128.098901884
29840,203.4,0.75,138.848350596
29860,218.0,0.35,52.4023135563
29880,245.05,0.6,114.213916585
29900,321.95,0.55,111.114118223
29920,273.75,0.65,122.363074159
29940,240.2,0.75,131.903126144
29960,209.05,0.8,144.791730403
29980,197.2,0.75,157.02677623
30000,236.2,0.5,74.0414616383
