20,92.3,0.0,-262.203127877
40,102.05,0.0,-228.223103588
60,107.1,0.0,-281.851499182
80,126.4,0.0,-314.560078419
100,130.05,0.0,-323.669576934
120,137.5,0.0,-329.78484778
140,186.75,0.0,-316.797190803
160,165.0,0.0,-317.978060262
180,140.25,0.0,-329.376210148
200,154.25,0.0,-332.263787099
220,150.85,0.0,-347.623792078
240,165.45,0.0,-366.499601581
260,172.85,0.0,-372.515986461
280,151.45,0.0,-363.473082763
300,163.35,0.0,-337.410421337
320,167.65,0.0,-323.082951763
340,183.6,0.0,-391.566961631
360,178.9,0.0,-375.567706309
380,171.7,0.0,-376.312157691
400,202.05,0.0,-387.297414586
420,184.0,0.0,-410.856873796
440,187.4,0.0,-321.986536764
460,197.2,0.0,-342.828258653
480,215.6,0.0,-364.713773134
500,238.75,0.0,-310.975928901
520,189.35,0.0,-276.120185887
540,189.55,0.0,-305.698603631
560,185.35,0.0,-298.983788265
580,172.75,0.0,-287.081122212
600,206.85,0.0,-189.660606657
620,203.65,0.0,-159.83073199
640,289.2,0.0,-166.700480317
660,166.65,0.0,-134.594505931
680,181.5,0.0,-107.856229736
700,205.4,0.0,-110.622603629
720,212.8,0.0,-136.864589988
740,252.7,0.0,-152.970669875
760,274.95,0.0,-166.855883967
780,293.2,0.0,-137.381009061
800,398.55,0.0,-155.060940725
820,308.5,0.0,-173.810544533
840,412.05,0.0,-205.394894828
860,334.0,0.0,-171.567596592
880,276.7,0.0,-143.138187538
900,411.6,0.0,-106.920301051
920,401.85,0.05,-104.247880418
940,357.2,0.05,-70.7908899154
960,186.1,0.0,-79.2920666876
980,286.8,0.0,-55.5679819802
1000,386.05,0.0,-61.0901164098
1020,408.8,0.0,-45.7731769083
1040,361.3,0.0,-45.3610599659
1060,318.15,0.0,-46.9599312287
1080,266.95,0.0,-55.1126751581
1100,348.15,0.05,-35.2200214801
1120,317.25,0.1,-64.5967538188
1140,455.15,0.15,-28.7468360253
1160,442.2,0.1,-43.6301010916
1180,471.35,0.1,-74.0166523286
1200,520.25,0.3,-26.8485200233
1220,444.55,0.35,-43.819186057
1240,530.25,0.4,-29.4283820739
1260,474.55,0.2,-60.9854624777
1280,466.1,0.3,-66.6983727772
1300,450.45,0.35,-44.7113409577
1320,509.0,0.35,-68.1001614298
1340,608.9,0.45,-37.426183628
1360,613.65,0.55,-25.2994003121
1380,501.3,0.45,-31.065864961
1400,597.0,0.55,-8.69155428641
1420,557.75,0.45,-25.4812289906
1440,573.1,0.65,40.1619630121
1460,586.15,0.4,-32.5637125489
1480,620.7,0.55,36.2854650142
1500,497.0,0.6,30.547941483
1520,476.5,0.5,31.1358507951
1540,546.5,0.75,73.6367754569
1560,604.7,0.65,37.0998779242
1580,609.55,0.75,41.8226368123
1600,509.35,0.6,53.7024830604
1620,605.65,0.55,-0.288569491505
1640,554.1,0.4,-44.4858252484
1660,543.05,0.55,15.8330686549
1680,555.0,0.5,-31.3448086596
1700,572.6,0.65,23.841361944
1720,577.85,0.7,59.3725591071
1740,536.15,0.7,57.03848025
1760,518.85,0.85,111.87821696
1780,608.25,0.6,27.5957689224
1800,538.45,0.9,108.154799863
1820,599.15,0.9,99.8370677284
1840,619.7,0.6,-3.0444641363
1860,610.35,0.8,69.5386649869
1880,615.4,0.75,42.0990100009
1900,613.75,0.65,44.1879814864
1920,647.6,0.55,20.467152607
1940,606.3,0.6,33.0282007114
1960,650.95,0.8,74.1275250592
1980,673.65,0.7,87.8919261423
2000,686.0,0.8,83.666649584
2020,575.55,0.8,106.443041507
2040,761.1,0.65,46.9907279377
2060,750.25,0.65,44.9316137452
2080,718.55,0.7,58.2383000168
2100,706.15,0.75,93.1722967463
2120,700.5,0.8,121.101532771
2140,733.05,0.85,97.9335753115
2160,715.15,0.6,76.1235072578
2180,687.9,0.8,111.307127832
2200,718.45,0.5,57.9272228851
2220,701.3,0.4,38.8982591087
2240,708.3,0.7,115.360876475
2260,719.35,0.65,114.108917431
2280,801.15,0.35,76.3575041299
2300,726.05,0.4,79.0849170765
2320,788.5,0.45,88.3163197706
2340,842.5,0.3,85.4185319583
2360,862.6,0.2,72.4333392372
2380,973.3,0.1,77.9290857825
2400,841.9,0.1,71.2480998217
2420,764.0,0.1,58.0488443288
2440,891.75,0.05,72.6513702858
2460,890.65,0.0,72.7769365736
2480,889.4,0.0,71.2852816951
2500,824.25,0.05,74.874826978
2520,811.15,0.0,64.7868401944
2540,767.05,0.0,60.2589887751
2560,774.8,0.0,56.791310934
2580,608.8,0.0,34.9651524356
2600,666.05,0.05,43.2493668932
2620,759.85,0.0,60.0763810397
2640,400.8,0.0,20.4689675514
2660,638.75,0.0,45.8417805461
2680,652.0,0.05,53.6211496273
2700,781.7,0.05,64.1031333342
2720,881.4,0.0,70.4804739376
2740,948.0,0.05,79.3284953824
2760,1000.0,0.0,85.8836356701
2780,969.7,0.0,70.4449258349
2800,977.9,0.05,71.7708766076
2820,1000.0,0.0,74.2900207114
2840,1000.0,0.0,81.8593294932
2860,961.4,0.1,100.614253474
2880,917.45,0.05,74.4705515634
2900,966.95,0.05,93.910898966
2920,850.85,0.0,59.7608655466
2940,641.6,0.15,79.4115579983
2960,946.05,0.05,96.4666205131
2980,841.0,0.0,69.8996572008
3000,729.2,0.05,72.2376316376
3020,726.05,0.0,65.574311084
3040,758.25,0.0,69.5586946171
3060,655.4,0.05,71.4578024471
3080,759.05,0.05,85.7755828542
3100,811.1,0.05,87.3206576251
3120,843.6,0.05,87.8642934617
3140,687.35,0.05,73.2362875929
3160,917.6,0.0,88.3153446724
3180,1000.0,0.0,95.8884915827
3200,1000.0,0.0,85.35046863
3220,878.75,0.05,83.3375740752
3240,977.85,0.1,90.9308502287
3260,1000.0,0.0,85.6121888358
3280,1000.0,0.0,88.5434564021
3300,1000.0,0.0,92.7220261676
3320,1000.0,0.0,89.7360089181
3340,955.5,0.0,78.2355840423
3360,1000.0,0.0,73.3097400279
3380,961.4,0.1,92.0130344079
3400,987.8,0.05,87.9698718179
3420,955.65,0.1,92.9850245407
3440,969.65,0.05,88.5999597949
3460,965.75,0.05,91.2250621449
3480,914.2,0.15,101.122654255
3500,895.5,0.05,90.1654481959
3520,866.55,0.15,100.426062493
3540,867.25,0.15,93.2696792186
3560,803.1,0.15,87.9946576529
3580,934.2,0.05,86.852806426
3600,674.25,0.25,79.294757571
3620,856.3,0.1,80.6519369196
3640,827.55,0.15,82.1498514223
3660,816.5,0.2,95.8271285135
3680,839.35,0.15,77.173142227
3700,870.9,0.15,89.9550805059
3720,991.9,0.05,77.7263561911
3740,1000.0,0.0,58.538992011
3760,982.45,0.05,69.0811267749
3780,995.9,0.05,57.3860023646
3800,995.35,0.05,68.7834572712
3820,1000.0,0.0,76.4783679218
3840,1000.0,0.0,77.2390120621
3860,968.05,0.0,74.4769155908
3880,1000.0,0.0,79.5360554103
3900,1000.0,0.0,78.9140651463
3920,942.65,0.05,94.9069771374
3940,1000.0,0.0,85.9845065116
3960,1000.0,0.0,81.0047268512
3980,1000.0,0.0,82.1523785947
4000,1000.0,0.0,76.8801187776
4020,1000.0,0.0,76.2985672765
4040,1000.0,0.0,68.7077120901
4060,976.7,0.1,79.1016150886
4080,911.45,0.15,92.229972131
4100,824.95,0.35,103.597657758
4120,832.45,0.25,96.6214998736
4140,827.1,0.45,133.974109685
4160,828.3,0.3,100.246392908
4180,916.5,0.15,79.8759793466
4200,827.9,0.3,106.423387148
4220,727.25,0.5,130.928476261
4240,715.15,0.55,144.52417166
4260,638.45,0.6,144.80449346
4280,759.75,0.35,122.083744189
4300,681.75,0.6,143.970089428
4320,665.05,0.5,135.117900014
4340,866.9,0.2,93.3766225118
4360,739.3,0.45,111.504507084
4380,678.55,0.5,137.306258883
4400,742.95,0.35,106.32255052
4420,565.25,0.7,162.771781207
4440,722.8,0.45,123.864852547
4460,780.4,0.2,87.9533263226
4480,712.3,0.4,122.987925811
4500,633.75,0.35,92.3224591008
4520,672.95,0.3,110.814520943
4540,511.05,0.25,95.2788966949
4560,551.9,0.25,86.1757725045
4580,514.8,0.4,119.919141571
4600,429.4,0.2,58.302569002
4620,487.45,0.2,69.7380974226
4640,441.15,0.15,61.9472524421
4660,462.55,0.0,37.2191795916
4680,543.4,0.0,44.9018992564
4700,554.55,0.05,55.1494742489
4720,437.85,0.1,62.2007713145
4740,609.1,0.3,109.595116881
4760,527.45,0.2,71.3181213396
4780,499.4,0.25,77.6721546364
4800,493.35,0.4,113.127713031
4820,673.75,0.35,109.447631841
4840,735.75,0.25,106.990249553
4860,642.8,0.45,127.798009633
4880,696.2,0.3,115.099854851
4900,642.65,0.4,115.983166721
4920,713.05,0.5,132.953879978
4940,865.75,0.25,117.339985697
4960,595.05,0.55,135.753190954
4980,631.7,0.7,157.679953316
5000,779.8,0.4,121.055324944
5020,880.75,0.25,104.70355914
5040,718.15,0.55,142.468876648
5060,766.5,0.4,107.705148032
5080,747.55,0.45,120.074841478
5100,866.6,0.3,113.019564698
5120,778.75,0.45,116.390256984
5140,881.0,0.25,98.8898966317
5160,816.75,0.45,126.573070547
5180,939.7,0.15,95.1578171984
5200,1000.0,0.0,71.3384848887
5220,1000.0,0.0,71.3313598337
5240,1000.0,0.0,75.9290109941
5260,933.7,0.05,76.040578038
5280,859.2,0.15,95.0209893874
5300,878.7,0.0,69.0873892537
5320,796.4,0.2,93.8564467755
5340,864.4,0.25,107.664722916
5360,899.6,0.2,104.669135323
5380,788.35,0.3,122.546604739
5400,737.45,0.15,73.7659456633
5420,827.4,0.15,97.6315751333
5440,961.6,0.0,84.9956475624
5460,959.2,0.0,90.0777978769
5480,787.95,0.0,69.9917700647
5500,963.9,0.0,88.5016626192
5520,915.3,0.0,80.1361863153
5540,1000.0,0.0,79.3676935151
5560,956.8,0.0,89.3132301589
5580,1000.0,0.0,76.6615459938
5600,956.65,0.0,79.4060290863
5620,865.75,0.05,79.7567655004
5640,950.1,0.05,83.5455575912
5660,790.65,0.05,80.0834928173
5680,874.5,0.0,73.8984300427
5700,920.5,0.0,75.8557757298
5720,877.45,0.0,82.1788907929
5740,918.1,0.0,84.720225962
5760,851.1,0.1,94.2918413238
5780,922.25,0.0,91.1082835202
5800,838.25,0.2,116.027589246
5820,880.25,0.05,98.0102472751
5840,685.8,0.05,72.226804285
5860,760.4,0.05,76.9766144568
5880,800.5,0.05,93.2412222705
5900,625.65,0.05,66.0980066736
5920,741.6,0.15,103.386407284
5940,798.05,0.0,80.8472876939
5960,878.6,0.0,83.9197517827
5980,878.4,0.0,97.648266489
6000,961.6,0.0,100.504255638
6020,878.9,0.0,83.335752502
6040,917.8,0.0,84.4929487728
6060,961.1,0.0,96.5424094825
6080,960.9,0.0,87.1990152852
6100,1000.0,0.0,96.5562819347
6120,1000.0,0.0,92.1779251954
6140,924.75,0.0,83.8353424358
6160,962.55,0.0,88.5918507442
6180,1000.0,0.0,85.6581890368
6200,1000.0,0.0,94.8372621809
6220,1000.0,0.0,93.4506084835
6240,1000.0,0.0,83.7928445229
6260,1000.0,0.0,95.5702183087
6280,933.1,0.05,92.1764034213
6300,1000.0,0.0,93.3840823196
6320,964.0,0.05,109.941036967
6340,1000.0,0.0,94.6290047266
6360,1000.0,0.0,93.9725312335
6380,1000.0,0.0,94.0133219763
6400,1000.0,0.0,98.2763460458
6420,1000.0,0.0,81.4281635365
6440,1000.0,0.0,76.0961929399
6460,956.55,0.0,78.4448488158
6480,1000.0,0.0,89.9120925139
6500,1000.0,0.0,96.2745937854
6520,1000.0,0.0,102.855146658
6540,964.9,0.05,103.474016988
6560,970.6,0.05,103.648892296
6580,717.15,0.3,113.515034614
6600,646.6,0.15,65.7881044236
6620,668.4,0.25,93.1036786668
6640,652.95,0.15,74.2990213328
6660,487.95,0.25,56.0833308077
6680,505.65,0.25,67.6391979569
6700,583.75,0.2,47.9324084396
6720,548.45,0.15,33.3996837038
6740,460.5,0.25,40.4684715542
6760,494.35,0.2,35.8497734538
6780,416.85,0.25,35.6547460595
6800,415.75,0.2,22.9464717198
6820,259.2,0.25,6.9521220236
6840,279.7,0.15,-26.4152230816
6860,423.0,0.3,31.9057133485
6880,274.7,0.35,16.5525961447
6900,339.95,0.3,20.4077043631
6920,401.0,0.4,52.5014610963
6940,270.85,0.45,42.0459601643
6960,215.35,0.3,5.84730089192
6980,294.55,0.3,11.440330187
7000,308.6,0.3,10.5125351225
7020,393.05,0.3,23.4408784156
7040,401.15,0.3,18.8561269705
7060,366.85,0.25,10.3152007693
7080,393.4,0.3,27.6964661652
7100,274.5,0.1,-28.5151779596
7120,320.8,0.45,54.4489930456
7140,336.9,0.3,40.0993932345
7160,327.05,0.35,25.9826968128
7180,485.8,0.15,10.4170562323
7200,421.3,0.4,63.6948325198
7220,361.75,0.3,30.3018450616
7240,521.7,0.4,68.5985386489
7260,463.75,0.35,57.841395326
7280,389.0,0.35,48.7743577461
7300,465.85,0.3,51.0282830304
7320,381.15,0.3,34.7065331915
7340,448.55,0.35,60.6784254405
7360,567.95,0.15,35.605211252
7380,372.5,0.3,34.6470400333
7400,469.45,0.25,46.3314274609
7420,495.9,0.45,93.9733673647
7440,688.3,0.15,60.4080398764
7460,611.5,0.35,96.7276957182
7480,699.8,0.3,91.8988592538
7500,668.1,0.4,108.38549269
7520,622.2,0.4,106.244268242
7540,731.35,0.5,144.659244649
7560,763.8,0.25,104.653034159
7580,871.15,0.2,97.7300678871
7600,859.9,0.2,112.884777449
7620,862.9,0.15,98.1466424255
7640,837.6,0.2,97.4648193972
7660,884.15,0.05,73.7304269794
7680,1000.0,0.0,82.4167160481
7700,967.5,0.05,87.527748728
7720,968.0,0.05,76.8525211522
7740,921.3,0.0,68.7364056812
7760,1000.0,0.0,77.7825215613
7780,1000.0,0.0,89.0416254224
7800,961.85,0.0,82.83034174
7820,1000.0,0.0,87.1336787051
7840,1000.0,0.0,86.8469230949
7860,1000.0,0.0,88.6986220908
7880,1000.0,0.0,88.2147231615
7900,1000.0,0.0,91.1234827703
7920,1000.0,0.0,84.2979165336
7940,1000.0,0.0,87.9301319471
7960,1000.0,0.0,80.6434876548
7980,1000.0,0.0,82.6434772362
8000,1000.0,0.0,88.8879008549
8020,1000.0,0.0,81.5972826506
8040,1000.0,0.0,92.3753415592
8060,1000.0,0.0,85.8795742041
8080,1000.0,0.0,96.0240418337
8100,1000.0,0.0,94.3242025696
8120,1000.0,0.0,91.4015425553
8140,1000.0,0.0,91.2258846553
8160,1000.0,0.0,92.9234185663
8180,1000.0,0.0,82.0238656288
8200,1000.0,0.0,74.3536196402
8220,1000.0,0.0,79.6448518778
8240,1000.0,0.0,72.350128301
8260,1000.0,0.0,79.2633333222
8280,1000.0,0.0,77.3690956513
8300,1000.0,0.0,88.0322112518
8320,1000.0,0.0,85.6454120295
8340,1000.0,0.0,84.4608420684
8360,1000.0,0.0,82.5979742437
8380,1000.0,0.0,94.7331813264
8400,962.8,0.0,83.4694195817
8420,1000.0,0.0,95.5866315622
8440,1000.0,0.0,93.0908932361
8460,1000.0,0.0,100.458243847
8480,958.15,0.0,85.2458550521
8500,960.45,0.05,97.4463051882
8520,964.8,0.05,103.102144388
8540,1000.0,0.0,91.4923015875
8560,1000.0,0.0,95.9135424153
8580,955.1,0.0,92.7726511061
8600,918.25,0.05,85.8324049777
8620,954.85,0.0,81.9227616788
8640,887.1,0.1,96.0526944104
8660,788.85,0.15,89.8562691071
8680,955.75,0.1,103.14320295
8700,915.5,0.1,90.2817234537
8720,884.9,0.15,100.024064859
8740,895.15,0.1,97.5894086747
8760,958.4,0.0,80.0867842094
8780,970.8,0.05,93.7784338629
8800,937.7,0.1,105.264987058
8820,1000.0,0.0,87.1247301637
8840,1000.0,0.0,88.9728181835
8860,1000.0,0.0,88.8798602739
8880,955.95,0.0,94.8367055047
8900,956.45,0.0,87.3696877129
8920,1000.0,0.0,90.6238019589
8940,921.25,0.0,79.1812686536
8960,1000.0,0.0,97.5781127064
8980,954.65,0.0,85.5677322236
9000,1000.0,0.0,85.2139094985
9020,982.0,0.05,86.4833733201
9040,809.35,0.45,127.594063055
9060,613.15,0.7,165.764767162
9080,761.65,0.5,130.479334515
9100,735.4,0.45,131.907446906
9120,834.25,0.5,124.746317239
9140,774.35,0.45,128.17205042
9160,865.0,0.35,121.075617292
9180,778.25,0.45,122.362713676
9200,763.2,0.55,134.701594982
9220,760.7,0.55,126.489857716
9240,746.3,0.6,140.745937216
9260,677.65,0.6,130.574350294
9280,823.3,0.5,115.284329636
9300,763.95,0.55,128.240095283
9320,731.8,0.75,160.390572606
9340,835.35,0.4,107.263364128
9360,873.15,0.3,104.551990463
9380,784.45,0.5,128.103738977
9400,710.9,0.6,133.11129729
9420,859.5,0.35,114.139061624
9440,817.3,0.4,129.290816633
9460,773.8,0.55,138.112661532
9480,819.05,0.45,127.673580835
9500,755.35,0.6,148.729365613
9520,964.2,0.15,95.1975535328
9540,1000.0,0.0,72.0163972803
9560,1000.0,0.0,82.4490403759
9580,1000.0,0.0,85.4871361325
9600,1000.0,0.0,97.5320656283
9620,966.4,0.05,94.9283354531
9640,1000.0,0.0,96.3331130947
9660,938.7,0.1,101.490247425
9680,972.6,0.05,91.3433190366
9700,805.0,0.25,109.790803605
9720,861.05,0.25,116.819797028
9740,751.05,0.5,134.954444082
9760,714.55,0.45,147.335713219
9780,751.45,0.5,139.747588807
9800,782.5,0.35,126.032720788
9820,696.7,0.45,126.784159843
9840,845.75,0.3,119.591616808
9860,709.2,0.25,86.865848527
9880,975.8,0.1,94.7944398296
9900,859.45,0.2,100.997480495
9920,880.5,0.05,68.1018312564
9940,759.7,0.3,108.472276247
9960,967.25,0.05,90.6083825283
9980,949.75,0.15,99.645171831
10000,886.35,0.0,69.069823078
10020,803.5,0.25,94.683896685
10040,1000.0,0.0,88.3895176321
10060,846.75,0.15,98.9925915733
10080,897.05,0.15,100.715311044
10100,962.55,0.0,80.1849980821
10120,963.4,0.0,75.5655109948
10140,929.35,0.05,82.6519620518
10160,927.5,0.05,92.4811827965
10180,885.7,0.05,79.1819931706
10200,928.65,0.15,104.501641288
10220,892.85,0.2,102.916486511
10240,647.45,0.55,139.253881907
10260,721.0,0.3,90.3160525771
10280,744.0,0.2,81.898935734
10300,617.55,0.3,77.4399314805
10320,543.7,0.4,97.3940778559
10340,600.75,0.3,88.9558378569
10360,725.6,0.35,113.158424023
10380,666.5,0.3,84.1032141039
10400,569.95,0.4,98.3049982148
10420,692.65,0.35,111.202958801
10440,619.05,0.3,78.0699874659
10460,548.75,0.25,62.5492502238
10480,554.95,0.45,113.373369176
10500,620.65,0.35,100.326324397
10520,725.05,0.3,100.693821066
10540,811.95,0.1,86.0830781261
10560,642.2,0.3,91.5943874779
10580,793.2,0.1,66.1838610257
10600,749.7,0.25,89.1765868647
10620,695.05,0.35,101.395417024
10640,742.4,0.2,77.1866856577
10660,787.8,0.35,117.741423665
10680,731.05,0.4,117.226889064
10700,778.7,0.2,90.8715103534
10720,767.55,0.35,116.885869223
10740,721.05,0.35,113.047811824
10760,829.05,0.25,113.459948375
10780,728.1,0.45,132.82599471
10800,852.1,0.2,103.302453391
10820,748.15,0.4,117.832630675
10840,809.0,0.3,107.104130205
10860,879.05,0.35,111.251481648
10880,792.15,0.45,129.661849192
10900,838.65,0.2,79.9060110091
10920,818.3,0.35,103.414820387
10940,804.95,0.25,95.523640344
10960,849.35,0.3,109.056361808
10980,694.05,0.5,121.309756559
11000,828.05,0.35,112.313339744
11020,930.05,0.05,78.1926169896
11040,964.95,0.0,79.9841834323
11060,963.45,0.0,70.192719397
11080,802.35,0.15,77.8590176042
11100,815.35,0.1,68.8520834567
11120,833.25,0.15,87.5004538047
11140,809.35,0.35,111.535752554
11160,747.2,0.3,87.1979241473
11180,844.35,0.2,86.2145074799
11200,845.2,0.2,89.0745719024
11220,781.8,0.35,101.527886443
11240,733.85,0.45,104.13199486
11260,900.25,0.1,72.6492905328
11280,764.2,0.4,109.777040629
11300,731.7,0.4,108.711443413
11320,760.0,0.5,122.439344912
11340,695.0,0.55,133.092439983
11360,785.2,0.35,101.285980919
11380,781.8,0.45,117.525671696
11400,827.75,0.3,98.1870723928
11420,834.4,0.25,85.770130112
11440,870.85,0.3,98.8805088344
11460,904.95,0.25,89.050540847
11480,750.55,0.35,103.491202184
11500,805.8,0.35,110.117216678
11520,870.1,0.25,105.365480376
11540,669.6,0.5,107.483184683
11560,670.95,0.55,127.859445353
11580,703.35,0.5,117.399994714
11600,666.8,0.5,128.562788595
11620,685.15,0.55,124.580799722
11640,578.35,0.6,138.138431446
11660,550.0,0.6,121.659022092
11680,626.25,0.6,131.96836366
11700,646.4,0.55,125.781469276
11720,764.75,0.4,107.936690559
11740,757.55,0.4,107.644333001
11760,583.75,0.55,112.382832152
11780,510.6,0.75,144.407257393
11800,610.05,0.55,119.870991597
11820,500.35,0.65,113.496363761
11840,515.8,0.6,115.178250829
11860,564.95,0.4,84.4180666483
11880,585.0,0.6,126.93393313
11900,633.5,0.4,101.592159253
11920,482.35,0.45,82.5774148841
11940,537.65,0.6,131.290418585
11960,453.55,0.55,108.844117833
11980,520.5,0.55,126.045173678
12000,585.65,0.45,104.300925438
12020,671.2,0.5,125.365689697
12040,567.2,0.65,141.766094475
12060,678.45,0.45,117.313939336
12080,598.35,0.65,152.557064404
12100,777.9,0.4,114.382022144
12120,738.45,0.6,153.044226479
12140,826.15,0.25,106.782968751
12160,754.35,0.5,139.814432265
12180,779.0,0.25,111.458412473
12200,810.25,0.35,121.053203238
12220,876.65,0.2,105.315630821
12240,928.75,0.05,80.8593963247
12260,885.05,0.15,90.8620129359
12280,761.35,0.35,112.937796461
12300,915.8,0.25,108.601246535
12320,811.8,0.3,114.754348392
12340,833.0,0.4,132.520961364
12360,840.65,0.3,110.434392578
12380,698.7,0.45,127.186926662
12400,839.15,0.2,92.0686568252
12420,1000.0,0.0,76.0661649518
12440,802.7,0.4,120.91160647
12460,748.9,0.4,121.839619631
12480,717.05,0.5,135.221308409
12500,567.0,0.65,160.650707055
12520,663.1,0.65,155.805717698
12540,624.05,0.75,164.613471551
12560,597.6,0.55,138.857710778
12580,811.05,0.35,125.486057912
12600,769.4,0.35,120.398301334
12620,664.5,0.5,129.146996909
12640,765.1,0.45,132.987143486
12660,739.1,0.6,145.041321081
12680,713.6,0.65,153.045495038
12700,691.05,0.55,136.369699324
12720,818.5,0.25,105.450986297
12740,730.8,0.65,147.656337068
12760,722.95,0.55,142.818260532
12780,686.0,0.5,123.775021018
12800,696.65,0.8,173.924048186
12820,704.6,0.75,159.489229763
12840,700.45,0.65,152.073739838
12860,696.55,0.7,148.093039668
12880,599.6,0.7,145.462125975
12900,637.3,0.7,150.695929927
12920,552.55,0.95,179.337898855
12940,556.3,0.75,151.213879944
12960,575.15,0.85,174.545219928
12980,631.3,0.8,166.553806962
13000,568.75,0.75,162.280140983
13020,674.8,0.65,137.512118417
13040,703.7,0.6,130.654835988
13060,640.5,0.75,150.004745567
13080,735.7,0.6,141.001211887
13100,611.75,0.8,147.975600915
13120,554.15,0.9,162.212126039
13140,605.25,0.65,132.575796139
13160,589.2,0.8,148.848543034
13180,635.85,0.75,153.961991297
13200,553.55,0.85,168.757308496
13220,632.65,0.8,167.959373338
13240,634.75,0.75,149.751710527
13260,621.35,0.75,157.433513409
13280,633.9,0.75,155.989450637
13300,730.7,0.7,146.407002654
13320,685.95,0.6,134.724192063
13340,617.75,0.75,161.032349121
13360,717.9,0.6,124.949189288
13380,689.8,0.55,119.907166701
13400,712.75,0.55,124.589533926
13420,722.0,0.5,129.342765744
13440,586.8,0.65,141.977926981
13460,603.9,0.75,151.154292584
13480,587.8,0.7,155.113215372
13500,554.05,0.75,157.735153372
13520,675.65,0.7,150.546092286
13540,599.15,0.7,157.3031145
13560,666.55,0.6,129.944543406
13580,593.75,0.75,149.917852682
13600,562.1,0.65,143.288445166
13620,600.15,0.75,152.163648781
13640,541.85,0.85,171.207277372
13660,633.0,0.65,123.777400121
13680,800.7,0.4,108.520658053
13700,621.7,0.65,132.864960394
13720,634.55,0.6,139.404019818
13740,716.75,0.45,123.122789509
13760,667.2,0.55,130.482766983
13780,530.7,0.85,160.361789975
13800,689.2,0.6,144.229538369
13820,664.4,0.55,147.576782138
13840,514.85,0.75,151.11970074
13860,590.65,0.7,163.743204927
13880,652.6,0.65,161.508037537
13900,559.95,0.85,171.895422729
13920,600.15,0.8,159.482710944
13940,521.7,0.8,165.329946621
13960,450.45,0.9,188.563986088
13980,448.8,0.9,193.512722173
14000,567.6,0.55,136.271768235
14020,695.15,0.65,154.354344903
14040,652.2,0.75,166.388867799
14060,572.7,0.75,160.701105889
14080,507.3,0.75,158.898483874
14100,417.2,0.6,127.503081327
14120,504.0,0.95,196.241011228
14140,483.05,0.85,184.268413583
14160,488.8,1.0,202.984197121
14180,593.7,0.8,166.186207622
14200,631.8,0.6,132.227901175
14220,736.15,0.7,159.468097699
14240,627.4,0.8,172.965929386
14260,623.55,0.65,146.961300976
14280,557.25,0.85,166.247067928
14300,703.85,0.7,158.316175962
14320,794.55,0.55,128.64712887
14340,806.35,0.5,137.197116705
14360,867.5,0.2,95.3587151584
14380,956.7,0.0,80.2411809686
14400,956.35,0.0,98.5073277553
14420,826.5,0.0,73.6160927381
14440,911.65,0.0,87.7216835832
14460,954.75,0.0,95.3141267767
14480,826.5,0.0,81.7450599155
14500,866.8,0.0,88.675191554
14520,869.7,0.0,93.052953436
14540,955.95,0.0,92.0532377079
14560,1000.0,0.0,93.380833141
14580,1000.0,0.0,96.3736092695
14600,956.1,0.0,99.5035558869
14620,912.05,0.0,91.1930425082
14640,784.7,0.0,78.423981365
14660,912.3,0.0,92.1225916148
14680,653.85,0.0,67.57832769
14700,872.4,0.0,79.9723510105
14720,955.6,0.0,93.8173545806
14740,918.4,0.0,87.1430746981
14760,912.75,0.0,96.0901920646
14780,792.15,0.0,80.6723282911
14800,913.25,0.0,95.1825726776
14820,921.8,0.0,93.7836265927
14840,830.7,0.0,70.612838061
14860,916.85,0.0,94.7070478722
14880,879.8,0.05,99.6530938116
14900,827.4,0.0,81.1091099055
14920,918.2,0.0,92.7460583979
14940,957.8,0.0,98.145283132
14960,870.6,0.0,91.3992488505
14980,868.55,0.0,93.0937437587
15000,716.8,0.0,71.6252923148
15020,872.1,0.0,92.5017232475
15040,832.2,0.0,85.3084644096
15060,651.7,0.1,74.0085796753
15080,754.05,0.05,86.2136314739
15100,830.3,0.0,81.5214541643
15120,787.5,0.0,80.0501780799
15140,751.55,0.05,90.6836628272
15160,717.5,0.05,72.4112070119
15180,732.3,0.0,72.2616472952
15200,835.4,0.05,92.1163489135
15220,776.25,0.05,94.9914445948
15240,917.55,0.0,96.0637184344
15260,703.95,0.0,69.7763352284
15280,871.55,0.0,83.2738391027
15300,840.1,0.0,85.0427750211
15320,793.95,0.0,74.472788249
15340,850.0,0.05,92.6631513625
15360,708.25,0.05,76.8314391708
15380,718.15,0.0,68.2894650356
15400,745.1,0.1,93.0781505721
15420,618.35,0.2,89.401726134
15440,763.35,0.15,106.550193045
15460,820.45,0.15,106.621859116
15480,652.5,0.2,93.8120434996
15500,863.5,0.25,134.650238295
15520,702.0,0.35,125.489527597
15540,929.5,0.1,109.159293374
15560,799.6,0.25,126.695692021
15580,721.8,0.25,116.92086506
15600,973.4,0.05,100.347575824
15620,820.1,0.15,107.873497793
15640,933.35,0.1,112.723300439
15660,963.35,0.05,112.276140067
15680,933.4,0.1,117.107929544
15700,829.25,0.25,131.565708146
15720,895.65,0.2,122.659192177
15740,957.35,0.0,95.64708901
15760,881.0,0.15,105.695316044
15780,875.75,0.15,104.836494266
15800,967.0,0.05,111.616309334
15820,890.6,0.1,100.060247074
15840,956.75,0.0,102.832917996
15860,926.8,0.05,94.251464682
15880,966.25,0.05,103.087023874
15900,960.75,0.0,91.4050261428
15920,1000.0,0.0,102.817068987
15940,917.85,0.0,94.628664405
15960,940.35,0.1,110.099030452
15980,969.3,0.1,105.775596626
16000,1000.0,0.0,105.382915922
16020,961.95,0.0,101.417899968
16040,1000.0,0.0,106.196974543
16060,961.0,0.0,101.451993891
16080,917.35,0.0,91.0150421328
16100,963.15,0.05,108.358311264
16120,920.8,0.0,102.142974858
16140,959.8,0.0,98.9407093126
16160,962.95,0.05,114.349565746
16180,971.75,0.05,110.556213974
16200,959.1,0.0,107.354512576
16220,895.05,0.1,109.393434842
16240,932.15,0.1,128.750127389
16260,961.05,0.0,97.7316919332
16280,928.05,0.05,100.933605419
16300,924.95,0.05,107.005981145
16320,840.5,0.05,90.074225075
16340,927.1,0.05,105.125871664
16360,907.6,0.1,114.592254587
16380,923.5,0.05,109.744385597
16400,906.25,0.15,113.591810761
16420,1000.0,0.0,97.4010155479
16440,966.1,0.05,104.343750212
16460,889.75,0.1,115.436729627
16480,957.85,0.0,99.423572234
16500,895.3,0.1,106.674582205
16520,926.35,0.05,105.355797202
16540,919.7,0.05,98.5517814928
16560,962.25,0.05,105.178660095
16580,889.15,0.15,111.757749946
16600,874.15,0.1,100.234949231
16620,818.5,0.2,101.113283838
16640,794.6,0.1,95.3244928527
16660,801.7,0.05,88.5341153723
16680,777.75,0.1,87.692151134
16700,831.95,0.0,82.6224608726
16720,871.7,0.0,83.3841995497
16740,786.15,0.0,75.453990623
16760,873.55,0.0,82.3484265996
16780,906.85,0.1,106.278822923
16800,916.45,0.0,89.0984468618
16820,768.75,0.1,99.5832264797
16840,915.65,0.0,82.9691002937
16860,876.05,0.0,96.6979112179
16880,874.65,0.0,92.1875089738
16900,923.55,0.05,101.049675125
16920,921.0,0.0,98.8550493833
16940,830.35,0.0,86.373200004
16960,918.1,0.0,92.4702643185
16980,674.65,0.05,79.8287101382
17000,957.45,0.0,99.1304515124
17020,917.05,0.0,90.9331279782
17040,955.9,0.0,89.8808015206
17060,961.75,0.05,110.176823792
17080,1000.0,0.0,98.8958311832
17100,933.95,0.05,105.766500019
17120,1000.0,0.0,101.004886028
17140,1000.0,0.0,99.5020558818
17160,963.2,0.0,97.8972815306
17180,963.0,0.0,100.40336295
17200,963.85,0.05,107.622086077
17220,963.3,0.05,94.6454805977
17240,928.3,0.05,95.1220858582
17260,927.9,0.05,90.7774605658
17280,1000.0,0.0,83.5063796906
17300,1000.0,0.0,92.4729595296
17320,965.8,0.05,85.3352953955
17340,963.45,0.0,72.4552154603
17360,872.75,0.25,103.60753141
17380,517.0,0.65,151.230520865
17400,705.95,0.4,123.272879151
17420,886.8,0.25,115.075532276
17440,915.45,0.25,119.223389001
17460,718.1,0.35,114.374470791
17480,720.35,0.4,128.284262956
17500,821.85,0.35,126.867756734
17520,795.2,0.3,111.418092615
17540,778.55,0.4,115.102189548
17560,839.05,0.3,128.786567201
17580,695.6,0.45,137.228761556
17600,673.45,0.55,135.180222708
17620,611.1,0.75,168.394224922
17640,496.55,0.9,189.059362694
17660,561.1,0.8,176.474785848
17680,592.8,0.8,174.528670175
17700,538.3,0.8,174.756537196
17720,629.35,0.65,156.105454925
17740,614.2,0.65,165.644825183
17760,722.1,0.45,131.775834535
17780,709.85,0.5,138.857201996
17800,737.85,0.55,152.249327214
17820,543.55,0.65,132.54252042
17840,523.3,0.75,166.755454519
17860,620.5,0.75,168.41116492
17880,651.0,0.65,164.942338347
17900,579.1,0.8,174.345180856
17920,700.55,0.65,159.366817461
17940,627.65,0.7,159.398942418
17960,800.35,0.35,118.139782994
17980,657.0,0.6,143.506779767
18000,661.95,0.6,149.824799466
18020,581.9,0.75,171.416356791
18040,680.3,0.7,164.309551471
18060,726.75,0.6,155.87105964
18080,823.85,0.4,128.972900335
18100,645.95,0.65,166.829197098
18120,569.9,0.85,179.396630146
18140,666.0,0.6,141.948600778
18160,589.85,0.75,164.377994015
18180,695.8,0.6,152.759253379
18200,668.2,0.45,124.000750826
18220,786.85,0.5,130.41918316
18240,829.75,0.35,117.447605294
18260,636.8,0.55,137.18643062
18280,779.25,0.35,110.967292949
18300,663.65,0.5,126.034807237
18320,584.45,0.65,158.354701842
18340,650.2,0.5,131.807197395
18360,647.1,0.7,161.029863993
18380,669.95,0.7,157.072780118
18400,535.25,0.85,176.668380107
18420,554.6,0.7,155.404301059
18440,653.65,0.65,154.315409523
18460,750.6,0.35,113.099009112
18480,820.0,0.3,107.469826014
18500,898.3,0.25,107.852768974
18520,760.7,0.4,127.415879893
18540,730.75,0.4,125.65692983
18560,710.6,0.4,121.600774062
18580,618.85,0.5,125.138358893
18600,687.65,0.5,141.619877813
18620,622.15,0.6,151.055502554
18640,584.25,0.55,140.524172039
18660,601.7,0.75,164.94170206
18680,656.8,0.5,139.885630159
18700,748.75,0.3,110.986615924
18720,621.1,0.35,92.5319078113
18740,551.55,0.65,151.004119721
18760,508.3,0.5,115.246333456
18780,583.5,0.35,98.4178052244
18800,626.1,0.55,139.073603666
18820,523.75,0.65,147.707202303
18840,620.05,0.6,141.635383738
18860,551.6,0.45,118.802125764
18880,613.0,0.4,109.561977771
18900,757.45,0.35,122.580010281
18920,735.45,0.25,97.7315865927
18940,643.85,0.35,99.6148915362
18960,783.5,0.35,121.073805193
18980,728.25,0.25,94.3407186435
19000,822.85,0.25,107.372259357
19020,648.4,0.5,133.448692194
19040,704.7,0.35,102.950338496
19060,603.7,0.6,146.279395949
19080,591.75,0.6,148.100754753
19100,741.65,0.4,125.157997072
19120,851.7,0.25,103.745304341
19140,627.1,0.4,103.844638783
19160,594.0,0.4,115.399783767
19180,715.95,0.35,110.623194917
19200,716.6,0.4,127.340475604
19220,796.0,0.3,110.067961205
19240,719.95,0.25,99.2698223273
19260,455.3,0.6,131.323299957
19280,710.95,0.4,132.974442327
19300,701.4,0.35,111.689541641
19320,625.9,0.2,72.8480197556
19340,574.0,0.65,159.020768333
19360,654.0,0.45,133.131340669
19380,447.5,0.65,141.721110366
19400,718.3,0.4,124.399269584
19420,570.2,0.3,82.6445070434
19440,759.45,0.35,114.281175764
19460,678.9,0.4,122.48305616
19480,494.4,0.45,104.54295323
19500,647.45,0.45,121.712726028
19520,699.25,0.55,144.293328436
19540,568.7,0.5,115.188770398
19560,701.45,0.4,108.212716785
19580,659.15,0.55,144.817554753
19600,640.8,0.45,131.623950137
19620,576.05,0.55,143.943782304
19640,663.75,0.35,102.589169575
19660,644.65,0.6,149.660118142
19680,652.6,0.5,130.838745374
19700,848.7,0.25,107.791765957
19720,767.05,0.25,110.639726526
19740,855.35,0.1,93.1688182472
19760,774.2,0.2,100.341758428
19780,680.35,0.4,117.475215541
19800,574.05,0.65,156.102221385
19820,803.65,0.3,124.264762723
19840,810.55,0.3,114.250079236
19860,750.9,0.45,127.094256465
19880,650.15,0.5,133.598843765
19900,748.55,0.3,113.734290944
19920,656.8,0.3,87.8832956896
19940,540.3,0.7,159.259758997
19960,653.25,0.4,110.698484488
19980,550.3,0.55,127.215653146
20000,612.65,0.6,145.828046389
20020,801.75,0.3,119.236014874
20040,728.7,0.35,112.775399236
20060,799.65,0.2,87.1596986997
20080,783.25,0.25,97.3533722475
20100,623.1,0.4,118.852320651
20120,751.8,0.25,105.421895357
20140,595.25,0.3,95.6601818705
20160,726.95,0.35,118.244440123
20180,806.4,0.25,100.05654377
20200,647.9,0.55,141.019636033
20220,450.25,0.65,135.57854764
20240,708.2,0.35,105.410404403
20260,711.1,0.45,138.011667823
20280,760.8,0.4,130.270077776
20300,765.25,0.35,99.5982847624
20320,600.6,0.45,119.794614394
20340,497.85,0.7,158.817739172
20360,477.95,0.45,102.610696068
20380,699.4,0.35,102.3474495
20400,542.5,0.7,152.416618842
20420,608.95,0.5,121.984561668
20440,630.4,0.45,116.724179646
20460,600.3,0.4,111.864992623
20480,593.55,0.5,121.593686477
20500,530.3,0.5,114.137652835
20520,608.6,0.55,130.209731851
20540,781.2,0.2,93.3365115001
20560,677.75,0.4,114.167325045
20580,706.75,0.45,127.052111109
20600,606.55,0.55,131.455001927
20620,684.0,0.55,133.783592687
20640,658.6,0.5,122.732451607
20660,518.85,0.8,162.136324973
20680,655.6,0.6,142.466451135
20700,809.75,0.4,126.8564186
20720,609.0,0.55,134.810673234
20740,539.5,0.8,168.319181637
20760,499.95,0.65,131.966172267
20780,636.95,0.65,156.775360814
20800,600.2,0.55,132.471890522
20820,541.7,0.55,107.959296696
20840,570.6,0.65,151.421060179
20860,678.0,0.5,128.115239105
20880,631.85,0.7,156.322262601
20900,654.8,0.35,88.4378631835
20920,677.55,0.55,135.531176415
20940,629.1,0.4,112.000192671
20960,783.45,0.3,93.4353361125
20980,565.9,0.55,136.772884979
21000,654.5,0.5,109.057336446
21020,568.65,0.45,108.353146422
21040,555.4,0.4,93.8626543234
21060,548.8,0.65,152.263734591
21080,474.45,0.75,146.808764654
21100,703.1,0.55,133.650552437
21120,693.0,0.35,100.554656534
21140,594.9,0.4,99.4288238856
21160,577.55,0.5,114.895384558
21180,526.05,0.65,131.965379657
21200,512.1,0.45,91.0359887729
21220,580.55,0.6,120.605251065
21240,676.85,0.4,110.680714485
21260,596.1,0.55,133.978045738
21280,612.5,0.45,99.7688198643
21300,671.45,0.4,96.5180110927
21320,715.05,0.35,94.9032221556
21340,574.25,0.55,106.443823309
21360,609.65,0.5,108.826876915
21380,601.15,0.45,103.837580513
21400,690.95,0.45,114.019040326
21420,674.6,0.4,97.3905983572
21440,704.15,0.4,91.6678825667
21460,672.2,0.55,124.858987764
21480,661.95,0.55,119.799468225
21500,652.05,0.55,137.947669163
21520,680.6,0.5,111.148159933
21540,649.05,0.6,127.943181776
21560,549.8,0.65,130.858218248
21580,681.3,0.4,99.6926005166
21600,622.8,0.6,137.442050154
21620,685.55,0.45,119.089688324
21640,629.55,0.55,112.223665803
21660,666.5,0.55,128.476231271
21680,720.45,0.2,66.0516454555
21700,544.25,0.45,87.5287144956
21720,663.15,0.55,113.477483184
21740,822.75,0.2,76.1966697859
21760,602.5,0.6,121.018361259
21780,707.0,0.4,103.481614624
21800,549.3,0.65,122.362617485
21820,627.55,0.6,125.568669882
21840,569.8,0.55,109.327640514
21860,609.75,0.55,104.462116366
21880,752.95,0.2,74.9844469035
21900,672.3,0.45,110.366371933
21920,708.8,0.4,93.8017366531
21940,720.5,0.4,95.5469437399
21960,613.0,0.6,130.086518511
21980,542.25,0.6,126.861764349
22000,549.8,0.65,133.041343928
22020,738.5,0.45,124.550775845
22040,639.2,0.7,154.867852184
22060,600.35,0.55,124.592580172
22080,604.7,0.5,116.784550389
22100,729.15,0.4,108.986007103
22120,563.15,0.65,130.537344541
22140,624.95,0.65,146.193385134
22160,602.2,0.65,143.972577578
22180,577.3,0.7,140.102502969
22200,669.95,0.5,121.635349598
22220,698.1,0.3,89.9160373975
22240,623.5,0.45,111.970467382
22260,703.3,0.5,123.123487239
22280,735.35,0.4,120.704008179
22300,688.0,0.45,110.319958211
22320,681.95,0.4,107.540579186
22340,703.75,0.4,110.493182733
22360,705.9,0.5,128.597780108
22380,669.95,0.5,121.783266471
22400,769.05,0.35,112.967654621
22420,761.4,0.45,96.6617613936
22440,735.35,0.25,96.1188985951
22460,626.55,0.45,111.058932443
22480,789.9,0.4,109.512018093
22500,677.25,0.55,127.009799991
22520,603.05,0.55,137.244996955
22540,641.0,0.7,169.763771278
22560,663.9,0.65,157.40939721
22580,514.1,0.6,136.246175516
22600,668.6,0.7,168.165994884
22620,718.35,0.5,139.023669284
22640,776.55,0.45,131.20310691
22660,741.15,0.45,124.099269905
22680,761.4,0.45,133.467195006
22700,825.45,0.3,119.477201301
22720,695.65,0.45,130.388799261
22740,791.65,0.4,139.676120836
22760,717.95,0.5,141.600567205
22780,698.85,0.55,151.103008776
22800,650.7,0.6,153.448282175
22820,659.0,0.6,159.241031916
22840,534.3,0.8,171.753768717
22860,695.65,0.65,166.129229068
22880,588.15,0.55,149.062909839
22900,686.0,0.7,177.351262198
22920,583.75,0.75,175.05784732
22940,516.05,0.9,191.801753527
22960,621.0,0.55,145.631421872
22980,676.85,0.7,174.431406471
23000,558.2,0.75,178.754561849
23020,748.05,0.45,137.394700426
23040,720.1,0.4,129.081138167
23060,713.3,0.55,154.162312669
23080,591.25,0.55,148.575536351
23100,563.05,0.55,142.582205739
23120,656.45,0.45,128.973798605
23140,725.55,0.5,142.055024247
23160,637.75,0.55,146.890900374
23180,843.95,0.3,125.109611735
23200,622.0,0.7,169.885773681
23220,570.9,0.65,161.072734161
23240,703.5,0.55,152.234769129
23260,825.75,0.4,132.816980288
23280,727.2,0.45,133.885119154
23300,663.05,0.5,134.866248984
23320,697.65,0.6,157.723049747
23340,649.15,0.55,156.209067376
23360,508.8,0.95,203.041324113
23380,584.95,0.75,177.44404614
23400,617.05,0.8,186.740067618
23420,654.55,0.65,162.408619208
23440,585.05,0.75,179.547769569
23460,634.8,0.7,169.933605343
23480,688.25,0.6,165.983964108
23500,529.8,0.8,175.816697484
23520,681.45,0.65,168.264776885
23540,641.95,0.6,152.98721735
23560,606.35,0.7,174.214394778
23580,423.8,0.9,191.593830324
23600,711.5,0.5,145.451990289
23620,557.45,0.75,171.016929735
23640,569.2,0.75,176.2750976
23660,489.85,0.85,186.550245278
23680,687.15,0.5,143.770296462
23700,587.25,0.8,175.385057592
23720,474.45,0.9,195.234626788
23740,602.0,0.75,167.924474641
23760,677.55,0.65,157.45402151
23780,609.45,0.65,159.933495923
23800,656.3,0.65,171.17339669
23820,670.65,0.6,160.248104688
23840,599.9,0.7,175.627433185
23860,445.95,0.95,203.745942105
23880,542.4,0.85,183.587945734
23900,607.35,0.75,178.762418441
23920,512.3,0.8,182.072405424
23940,668.35,0.6,153.663119022
23960,514.7,0.7,171.800275437
23980,705.15,0.45,143.761655884
24000,759.45,0.35,112.98864984
24020,600.3,0.6,148.941472777
24040,585.8,0.65,165.875184295
24060,614.8,0.65,162.432289416
24080,645.95,0.6,161.14504409
24100,592.1,0.6,157.470986905
24120,583.35,0.8,184.578702616
24140,595.6,0.55,141.978372858
24160,576.2,0.8,179.820773038
24180,580.1,0.55,148.741378393
24200,784.75,0.3,119.720503238
24220,558.55,0.5,139.244228348
24240,585.9,0.45,130.999270196
24260,590.65,0.4,111.732488491
24280,693.85,0.5,143.14532729
24300,593.25,0.5,136.680086289
24320,504.2,0.8,169.14563424
24340,480.25,0.5,121.935338373
24360,540.0,0.5,137.893155406
24380,568.95,0.35,108.766254873
24400,596.15,0.3,98.9061146457
24420,771.4,0.35,132.761784051
24440,635.45,0.35,104.514558167
24460,540.3,0.55,136.735001057
24480,573.85,0.7,165.00922466
24500,650.3,0.25,101.497717912
24520,571.25,0.45,122.741816617
24540,646.1,0.45,137.021411604
24560,478.7,0.65,162.221916147
24580,584.2,0.7,173.505925169
24600,550.3,0.7,171.302213402
24620,545.2,0.7,175.296467586
24640,684.9,0.35,134.375754277
24660,715.6,0.35,120.194988834
24680,721.65,0.4,132.46849478
24700,757.75,0.35,125.737415505
24720,644.1,0.25,100.142743879
24740,916.6,0.1,93.8663159472
24760,534.05,0.3,89.5984785085
24780,825.4,0.15,103.047050498
24800,756.95,0.35,122.523276776
24820,731.95,0.35,122.820581902
24840,813.45,0.3,125.362960631
24860,731.05,0.3,129.222804925
24880,766.3,0.4,136.340761217
24900,890.85,0.2,111.765828324
24920,660.45,0.4,130.167660062
24940,876.05,0.3,128.851068221
24960,845.55,0.2,107.832305685
24980,630.65,0.4,116.617557876
25000,613.05,0.55,143.269803157
25020,579.0,0.7,179.522099878
25040,580.8,0.65,162.184206812
25060,809.95,0.25,113.839476474
25080,851.4,0.1,94.807032942
25100,1000.0,0.0,94.4749655251
25120,977.75,0.05,104.104430268
25140,917.35,0.0,85.1982684828
25160,892.05,0.05,84.3119147621
25180,918.15,0.15,116.36431239
25200,762.65,0.5,144.404682526
25220,560.45,0.65,154.133849585
25240,616.8,0.65,175.672629906
25260,565.3,0.65,158.078917889
25280,807.8,0.35,126.343239465
25300,777.2,0.45,142.019230994
25320,893.35,0.2,115.02342674
25340,828.0,0.3,117.971751277
25360,671.4,0.55,153.668644707
25380,798.1,0.2,95.2629931334
25400,783.4,0.3,118.163381318
25420,795.35,0.25,111.955942423
25440,622.8,0.3,107.936095347
25460,818.4,0.4,140.351594981
25480,662.75,0.4,117.16493818
25500,624.1,0.45,135.666527042
25520,601.3,0.5,135.06479981
25540,514.8,0.65,161.594423442
25560,644.8,0.65,163.97439905
25580,625.6,0.55,151.151419085
25600,538.9,0.65,160.441433461
25620,614.4,0.55,148.335328262
25640,537.7,0.75,173.206241306
25660,519.45,0.65,166.680476676
25680,551.85,0.6,159.253085959
25700,511.45,0.7,172.171334751
25720,570.8,0.5,135.868075209
25740,639.1,0.5,142.803481105
25760,600.25,0.7,181.284440703
25780,476.05,0.65,149.452961663
25800,641.85,0.4,132.265214173
25820,538.15,0.55,147.37616381
25840,520.6,0.75,175.915803624
25860,586.6,0.7,183.463757658
25880,457.75,0.9,202.315895494
25900,599.3,0.7,178.929339798
25920,747.9,0.4,135.760554653
25940,579.9,0.7,170.963823076
25960,466.4,0.8,183.660565058
25980,554.6,0.6,148.328452287
26000,458.5,0.9,202.035157993
26020,511.45,0.85,183.589895126
26040,473.25,0.85,186.599738234
26060,534.35,0.85,194.079242375
26080,546.5,0.55,152.991501314
26100,700.6,0.55,157.984528605
26120,516.9,0.9,198.946553473
26140,697.15,0.55,162.315333464
26160,793.15,0.5,150.171541051
26180,691.85,0.5,143.912593442
26200,727.4,0.3,112.649387003
26220,663.0,0.45,134.198236818
26240,705.5,0.5,145.636156435
26260,807.6,0.35,127.328028572
26280,778.55,0.4,130.081802876
26300,600.0,0.65,158.695661948
26320,692.1,0.65,168.864357905
26340,593.85,0.6,163.142005583
26360,569.3,0.55,153.985171838
26380,504.05,0.85,197.769237821
26400,594.85,0.6,155.118266644
26420,539.6,0.6,154.754932825
26440,476.1,0.7,170.099286777
26460,427.85,0.8,182.533314996
26480,542.25,0.6,160.07082183
26500,568.6,0.7,177.626472209
26520,549.9,0.6,152.141031142
26540,514.2,0.75,182.58787402
26560,456.55,0.75,170.507520393
26580,651.3,0.55,155.877979406
26600,604.6,0.45,130.11896967
26620,463.5,0.7,171.27208113
26640,476.6,0.5,132.890480332
26660,517.1,0.65,170.996740243
26680,535.65,0.65,164.39707006
26700,476.35,0.75,180.590507703
26720,592.45,0.6,147.972436106
26740,491.3,0.65,155.085455198
26760,408.8,0.7,162.339337268
26780,447.5,0.8,176.606790618
26800,487.5,0.7,164.974088892
26820,365.15,0.5,120.970986716
26840,435.9,0.65,141.284364769
26860,430.65,0.5,122.340188051
26880,554.7,0.55,144.841864182
26900,388.1,0.9,197.12510775
26920,525.4,0.65,150.080715797
26940,379.0,0.75,163.187588262
26960,495.1,0.7,163.879528036
26980,414.9,0.4,96.3649029209
27000,528.7,0.6,152.581729904
27020,537.9,0.6,162.057081844
27040,417.55,0.65,147.377258618
27060,480.65,0.7,170.778055554
27080,531.25,0.65,170.282074095
27100,383.4,0.7,152.596749421
27120,665.55,0.5,151.912964601
27140,635.65,0.65,169.229731
27160,579.45,0.65,162.869605815
27180,433.85,0.85,189.414248331
27200,466.15,0.65,146.564710963
27220,475.7,0.65,152.949779156
27240,582.35,0.6,156.213987056
27260,629.35,0.55,139.497857286
27280,439.45,0.7,166.711831635
27300,493.85,0.65,152.408279283
27320,409.1,0.85,187.312955535
27340,549.0,0.7,170.949031755
27360,517.85,0.8,181.000681692
27380,441.25,0.7,161.520732777
27400,356.35,0.8,177.373477852
27420,480.55,0.6,150.147452981
27440,580.5,0.6,146.979672498
27460,479.9,0.85,183.362545805
27480,569.15,0.6,150.71884114
27500,564.75,0.65,165.823849971
27520,516.4,0.65,149.346569528
27540,520.75,0.55,135.026870342
27560,476.4,0.5,124.738928903
27580,471.05,0.75,181.139277868
27600,508.65,0.65,158.424068791
27620,576.6,0.5,128.525373953
27640,564.1,0.5,134.049908986
27660,532.65,0.7,167.253501338
27680,461.5,0.6,149.688820218
27700,488.3,0.65,151.000481114
27720,551.9,0.65,168.078655238
27740,557.65,0.6,138.96805841
27760,501.15,0.75,164.37043977
27780,529.8,0.65,158.869581985
27800,397.25,0.85,187.977644512
27820,603.05,0.55,148.145833777
27840,552.7,0.75,175.251401179
27860,565.4,0.75,175.207154561
27880,700.9,0.5,137.82945303
27900,546.9,0.65,161.116177987
27920,644.4,0.55,154.449787415
27940,563.25,0.65,161.346094436
27960,548.95,0.6,149.053547041
27980,561.5,0.65,148.40250352
28000,627.95,0.6,151.891119606
28020,661.25,0.7,169.448269674
28040,664.6,0.45,130.829520215
28060,610.1,0.7,167.916075146
28080,535.25,0.75,181.662520977
28100,568.9,0.65,164.57515144
28120,474.95,0.85,179.667812773
28140,511.05,0.8,178.960060735
28160,573.2,0.75,179.946220853
28180,611.25,0.65,170.555802071
28200,649.0,0.6,157.453131625
28220,653.65,0.55,143.742334578
28240,594.2,0.65,166.594116114
28260,698.95,0.5,157.527317816
28280,508.1,0.75,175.879968694
28300,626.35,0.7,160.797982772
28320,580.15,0.65,163.207640814
28340,575.15,0.5,120.418956946
28360,492.9,0.75,163.580036204
28380,695.75,0.4,120.289565503
28400,567.2,0.55,125.439396645
28420,560.95,0.75,180.219263779
28440,631.5,0.6,161.879616401
28460,485.0,0.75,176.907881687
28480,503.25,0.7,170.278805278
28500,610.5,0.65,148.88791426
28520,488.1,0.75,172.6533147
28540,534.3,0.6,146.135616669
28560,540.1,0.85,201.377918331
28580,654.35,0.45,131.448357641
28600,448.75,0.6,130.943856932
28620,642.7,0.45,125.052589908
28640,522.35,0.8,178.095029061
28660,607.35,0.5,142.452999051
28680,491.8,0.65,147.137830122
28700,651.9,0.55,137.703078275
28720,649.55,0.55,144.226771114
28740,558.15,0.7,177.395170088
28760,720.25,0.45,132.303675587
28780,614.55,0.5,126.721642664
28800,518.25,0.8,189.136323794
28820,582.65,0.6,151.357326841
28840,601.9,0.65,154.84298565
28860,489.15,0.6,139.843251759
28880,702.9,0.35,110.292386646
28900,577.9,0.65,159.238663409
28920,692.15,0.5,144.208118426
28940,527.2,0.45,117.151566783
28960,544.45,0.5,124.499274797
28980,574.7,0.45,116.518287304
29000,554.7,0.65,158.968174064
29020,488.7,0.45,91.895049344
29040,543.3,0.35,103.394954809
29060,520.0,0.6,145.032456882
29080,564.45,0.65,155.759723299
29100,612.5,0.45,124.241061654
29120,606.85,0.65,156.619430717
29140,578.05,0.55,149.384077645
29160,629.3,0.55,153.334087133
29180,572.25,0.55,143.337950652
29200,690.9,0.45,149.578995508
29220,651.95,0.5,142.84609153
29240,611.35,0.55,141.656472955
29260,623.55,0.4,122.075162412
29280,507.5,0.7,168.151273887
29300,460.9,0.5,110.546337809
29320,578.35,0.55,142.098343251
29340,530.15,0.45,118.494683385
29360,629.75,0.3,99.2289968286
29380,585.75,0.3,88.3515754852
29400,617.35,0.4,115.117809853
29420,493.0,0.55,125.330157501
29440,481.85,0.3,69.4775448604
29460,568.05,0.35,93.2969066787
29480,425.45,0.3,62.6216805105
29500,499.15,0.3,74.698889936
29520,574.4,0.35,82.4643142058
29540,487.35,0.4,99.2279838584
29560,497.5,0.4,87.8872581288
29580,653.4,0.2,80.7816794458
29600,550.5,0.05,32.7490432035
29620,474.4,0.65,143.477958395
29640,462.45,0.5,109.028616455
29660,634.0,0.3,97.4357351025
29680,539.95,0.25,67.5578349299
29700,293.95,0.4,62.6511345297
29720,383.5,0.5,97.5067052218
29740,468.8,0.3,82.2896654842
29760,437.25,0.3,63.5132807299
29780,529.65,0.4,102.26539529
29800,526.9,0.4,105.836271822
29820,465.25,0.5,102.359970598
29840,475.75,0.3,70.5075447369
29860,412.0,0.6,118.760167972
29880,432.3,0.4,86.466373809
29900,543.25,0.5,121.877424932
29920,520.85,0.3,93.8954106851
29940,513.8,0.4,100.774091037
29960,494.05,0.6,145.955233405
29980,478.85,0.4,88.3351915309
30000,464.35,0.6,137.722470633
