10,81.2,0.0,-332.419239549
20,82.8,0.0,-290.611854904
30,82.1,0.0,-390.643786377
40,82.1,0.0,-327.469971371
50,77.1,0.0,-367.138292138
60,82.5,0.0,-405.39045129
70,78.9,0.0,-448.685634115
80,72.0,0.0,-309.882125285
90,74.6,0.0,-399.857097793
100,79.0,0.0,-330.890214924
110,78.8,0.0,-414.963730849
120,74.5,0.0,-315.369629017
130,83.6,0.0,-372.082321287
140,78.9,0.0,-417.154710658
150,75.4,0.0,-421.196726191
160,81.5,0.0,-401.586855176
170,83.1,0.0,-410.335221245
180,76.7,0.0,-403.197309322
190,82.1,0.0,-433.871298319
200,78.6,0.0,-307.872934222
210,78.6,0.0,-380.097087458
220,75.2,0.0,-287.048888354
230,86.2,0.0,-316.774216474
240,94.1,0.0,-390.827363204
250,87.3,0.0,-280.393303988
260,98.8,0.0,-372.868257094
270,86.7,0.0,-345.203729126
280,85.6,0.0,-342.743522743
290,101.2,0.0,-293.454583168
300,93.5,0.0,-275.021384326
310,94.8,0.0,-309.153648326
320,97.3,0.0,-341.038823431
330,86.7,0.0,-288.21948585
340,88.0,0.0,-297.802662258
350,89.9,0.0,-274.716399246
360,103.6,0.0,-315.706781051
370,103.0,0.0,-325.893193464
380,114.0,0.0,-392.552303423
390,111.6,0.0,-426.700620458
400,117.2,0.0,-423.291821578
410,116.4,0.0,-432.985720956
420,116.1,0.0,-486.505727
430,126.7,0.0,-465.446415837
440,150.7,0.0,-468.661334895
450,130.6,0.0,-480.205885546
460,130.9,0.0,-494.209157757
470,121.0,0.0,-482.638667598
480,119.2,0.0,-486.832856451
490,146.2,0.0,-542.809995116
500,151.9,0.0,-533.45319554
510,140.7,0.0,-552.738050044
520,149.0,0.0,-547.955232344
530,158.3,0.0,-523.892466654
540,127.7,0.0,-429.204173695
550,128.6,0.0,-493.625845961
560,155.1,0.0,-478.595717439
570,167.2,0.0,-493.738513133
580,185.1,0.0,-616.719081997
590,132.4,0.0,-468.613625281
600,126.4,0.0,-476.892948187
610,142.8,0.0,-498.116381193
620,117.3,0.0,-448.034448083
630,161.3,0.0,-510.922115194
640,148.1,0.0,-454.700396788
650,109.5,0.0,-425.419864605
660,141.3,0.0,-443.76933583
670,141.2,0.0,-437.979009703
680,133.0,0.0,-389.296541688
690,118.9,0.0,-371.151492695
700,142.1,0.0,-467.616084471
710,173.2,0.0,-459.019295498
720,154.1,0.0,-459.288759324
730,156.8,0.0,-443.802570257
740,145.4,0.0,-456.510277623
750,154.7,0.0,-457.411293707
760,144.0,0.0,-414.593851233
770,123.1,0.0,-412.610001169
780,140.9,0.0,-438.261077652
790,122.7,0.0,-413.763093292
800,142.6,0.0,-426.158787724
810,174.6,0.0,-435.246475011
820,117.6,0.0,-333.85484212
830,154.8,0.0,-370.477533455
840,124.0,0.0,-321.156839795
850,156.3,0.0,-348.049466021
860,127.1,0.0,-283.976191998
870,148.8,0.0,-383.685455737
880,130.4,0.0,-276.019880851
890,169.5,0.0,-298.680940574
900,131.6,0.0,-305.985665693
910,118.1,0.0,-235.41236442
920,111.9,0.0,-215.745412328
930,108.0,0.0,-234.949481284
940,104.6,0.0,-182.538399827
950,93.3,0.0,-170.746727131
960,100.4,0.0,-171.706339816
970,92.7,0.0,-233.757218703
980,99.0,0.0,-187.952460174
990,88.5,0.0,-137.245644786
1000,88.1,0.0,-172.0895418
1010,96.7,0.0,-230.806270463
1020,101.4,0.0,-137.578526151
1030,96.2,0.0,-200.324248766
1040,87.9,0.0,-187.333819737
1050,102.8,0.0,-163.871098353
1060,92.6,0.0,-172.461723269
1070,89.6,0.0,-168.615387603
1080,92.4,0.0,-145.611974586
1090,106.8,0.0,-175.370286268
1100,101.5,0.0,-119.15808956
1110,93.2,0.0,-190.323639293
1120,102.4,0.0,-132.867122622
1130,90.0,0.0,-148.552763077
1140,96.3,0.0,-152.039650629
1150,98.2,0.0,-189.291089522
1160,102.4,0.0,-187.380922264
1170,108.8,0.0,-174.086751318
1180,92.4,0.0,-134.005132811
1190,98.6,0.0,-186.271182947
1200,103.1,0.0,-183.008579832
1210,99.8,0.0,-140.639934483
1220,107.6,0.0,-199.406362697
1230,107.5,0.0,-136.221542132
1240,185.7,0.0,-128.252164043
1250,109.4,0.0,-154.848323738
1260,114.3,0.0,-156.548886555
1270,129.0,0.0,-275.358023179
1280,109.7,0.0,-136.176591688
1290,164.2,0.0,-112.508373027
1300,121.5,0.0,-119.475285026
1310,125.5,0.0,-144.51337039
1320,189.6,0.0,-123.057922275
1330,171.9,0.0,-123.240770704
1340,126.3,0.0,-93.357489661
1350,250.8,0.0,-112.35553814
1360,239.2,0.0,-96.9229356799
1370,117.5,0.0,-100.132943397
1380,197.9,0.0,-67.0390621192
1390,392.8,0.0,-59.3464072393
1400,117.3,0.0,-125.035975629
1410,216.5,0.0,-53.0753173228
1420,123.7,0.0,-67.8749069397
1430,248.7,0.0,-90.5622173719
1440,340.6,0.0,-72.3284645945
1450,170.0,0.0,-90.5110435228
1460,544.7,0.0,-112.397875553
1470,232.0,0.0,-34.1133490234
1480,158.3,0.0,-53.504988556
1490,200.5,0.0,-61.7334004134
1500,577.9,0.0,-51.9983750218
1510,363.0,0.0,-96.3363148869
1520,276.4,0.0,-85.309971592
1530,432.8,0.0,-80.1957621461
1540,616.1,0.0,-79.068194347
1550,527.7,0.0,-112.500838595
1560,426.6,0.0,-128.435619966
1570,800.5,0.0,-119.667003276
1580,549.7,0.0,-177.822743684
1590,529.8,0.0,-132.000640491
1600,790.3,0.0,-85.5850108407
1610,488.4,0.0,-128.692669167
1620,652.7,0.0,-104.171898654
1630,653.6,0.0,-130.420967517
1640,738.2,0.0,-87.2266652266
1650,712.2,0.0,-84.0161186242
1660,854.4,0.0,-63.0701178036
1670,835.4,0.0,-58.0260456561
1680,724.8,0.0,-106.199923968
1690,910.9,0.0,-67.9521257435
1700,628.0,0.0,-69.1430630663
1710,378.6,0.0,-73.7445320727
1720,421.7,0.0,-50.0301821153
1730,530.8,0.0,-66.2151999841
1740,532.5,0.0,-73.9446843676
1750,287.0,0.0,-89.6250032553
1760,329.9,0.0,-52.352008977
1770,408.1,0.0,-44.0256340387
1780,598.4,0.0,-45.6638520894
1790,577.8,0.0,-40.4665222306
1800,794.0,0.0,-60.4211626891
1810,586.9,0.0,-26.4787879132
1820,602.3,0.0,-65.9375474569
1830,750.1,0.0,-42.7656372655
1840,952.9,0.1,-30.3473796617
1850,915.9,0.0,-51.2665100446
1860,608.2,0.0,-37.014772547
1870,880.3,0.0,-57.225412262
1880,439.6,0.0,-33.3536874996
1890,817.4,0.0,-63.827961347
1900,835.0,0.0,-60.9408285883
1910,823.6,0.0,-59.4425553774
1920,741.4,0.0,-15.0380774036
1930,723.2,0.1,-29.1043318679
1940,575.1,0.0,-34.9665869502
1950,662.1,0.0,-20.5171204057
1960,744.0,0.0,-102.567635755
1970,808.6,0.0,-59.5184278134
1980,829.1,0.0,-51.3770007219
1990,911.1,0.0,-51.0598356275
2000,937.3,0.0,-55.6081953821
2010,940.0,0.0,-50.3002509473
2020,935.6,0.0,-78.5737654018
2030,986.1,0.0,-77.8440261342
2040,1000.0,0.0,-80.1922009999
2050,849.9,0.0,-96.543653551
2060,955.0,0.0,-134.422239295
2070,1000.0,0.0,-67.7128121504
2080,936.2,0.0,-110.836551531
2090,981.9,0.0,-81.9094532681
2100,913.4,0.0,-84.0775537969
2110,1000.0,0.0,-71.7521030266
2120,833.2,0.0,-134.315436045
2130,816.9,0.0,-84.0469885253
2140,958.2,0.0,-78.4556276113
2150,767.2,0.0,-96.5601904965
2160,881.2,0.0,-75.3923857497
2170,877.7,0.0,-68.1489370601
2180,725.1,0.0,-53.8406393694
2190,832.9,0.0,-37.358269627
2200,667.0,0.0,-37.9773864323
2210,741.6,0.0,-28.9511213658
2220,833.1,0.0,-26.2861931018
2230,593.2,0.0,-22.5041185846
2240,788.1,0.1,-18.8852132506
2250,657.2,0.0,-26.4416730706
2260,562.6,0.0,-18.4717692906
2270,821.8,0.0,-21.5250695579
2280,502.6,0.0,-49.9432960974
2290,588.3,0.1,-53.7339205623
2300,785.3,0.1,-38.5532373534
2310,737.0,0.0,-42.1121306894
2320,665.6,0.0,-42.9401227504
2330,652.0,0.0,-38.4031251338
2340,735.0,0.0,-30.5559446442
2350,657.2,0.0,-34.0185304351
2360,824.6,0.0,-41.2464145756
2370,862.1,0.1,-60.1794375477
2380,647.6,0.0,-34.8141898515
2390,911.1,0.0,-44.8289951101
2400,921.0,0.0,-37.2303121035
2410,728.0,0.0,-74.2230386316
2420,947.2,0.0,-46.7386379197
2430,925.5,0.1,-51.6906526422
2440,986.4,0.0,-69.0057258218
2450,839.0,0.3,-17.1084695278
2460,844.9,0.1,-38.0039886103
2470,714.1,0.0,-66.146241115
2480,817.2,0.1,-48.1985226565
2490,746.6,0.1,-25.8505473597
2500,803.8,0.0,-47.7391929528
2510,732.1,0.2,-5.72291556083
2520,850.7,0.0,-39.0054600451
2530,933.2,0.0,-39.0157457572
2540,1000.0,0.0,-21.6891284912
2550,908.1,0.0,-60.4820785407
2560,949.7,0.0,-103.580773129
2570,697.9,0.0,-58.587993675
2580,818.0,0.1,-74.3194672384
2590,794.1,0.2,-70.4296844362
2600,639.9,0.1,-108.848598139
2610,735.3,0.1,-70.7770028652
2620,526.9,0.4,7.05776629879
2630,440.5,0.1,-83.6617780362
2640,453.5,0.4,4.57606338968
2650,522.8,0.2,-31.2859455107
2660,305.2,0.1,-56.5532808105
2670,237.7,0.4,39.9290709554
2680,211.2,0.4,31.8794531947
2690,153.0,0.1,-35.760670762
2700,405.2,0.0,-68.6477723343
2710,292.4,0.2,-10.9859396527
2720,129.7,0.0,-21.1858773362
2730,220.7,0.0,-27.5263771067
2740,215.2,0.2,2.28246080904
2750,249.7,0.2,4.4137788143
2760,170.6,0.1,-12.5361650528
2770,390.5,0.1,-90.7937395018
2780,218.8,0.3,45.1591604746
2790,340.2,0.2,18.0485656211
2800,422.6,0.2,7.18116037729
2810,412.5,0.1,7.34561552715
2820,364.5,0.3,28.1647664666
2830,611.3,0.1,-37.5289454642
2840,266.2,0.1,-10.1740016524
2850,306.8,0.1,-24.2124696119
2860,420.0,0.4,41.0907879542
2870,458.6,0.3,4.64580015381
2880,536.4,0.5,43.2319373383
2890,395.0,0.4,39.7787205867
2900,427.1,0.1,-32.2760400976
2910,365.5,0.7,97.1577989109
2920,539.6,0.3,-46.2542957042
2930,499.8,0.3,12.9112863038
2940,584.4,0.4,13.3875438036
2950,503.7,0.6,74.4558019385
2960,659.1,0.3,-7.90347645293
2970,519.3,0.5,25.4575490362
2980,511.5,0.2,-33.8058738543
2990,565.4,0.3,12.2557829199
3000,504.5,0.5,27.6256034466
3010,454.8,0.3,-13.9754928221
3020,552.5,0.4,-9.94256692323
3030,627.4,0.4,13.8601166581
3040,551.1,0.3,-46.7129579424
3050,881.7,0.0,-95.4745672095
3060,480.5,0.3,-7.46611967366
3070,667.5,0.4,-29.4679009215
3080,631.0,0.1,-65.2539779817
3090,676.0,0.2,-43.6876590257
3100,540.0,0.3,-54.8613749318
3110,383.9,0.5,-13.8843148829
3120,338.6,0.4,11.6381709997
3130,360.2,0.4,-37.6729794203
3140,329.8,0.5,2.95103071659
3150,412.4,0.5,-1.99157214757
3160,561.5,0.4,-16.5739044518
3170,506.9,0.4,-19.0934073325
3180,505.5,0.6,23.5187865235
3190,476.7,0.7,24.3736761879
3200,484.9,0.5,-24.6906724679
3210,619.1,0.5,9.63731268664
3220,487.3,0.4,37.8035621988
3230,548.4,0.6,22.3539736588
3240,479.4,0.6,74.8401820368
3250,464.1,0.8,102.227397331
3260,594.8,0.7,79.1654449666
3270,592.0,0.7,64.048651877
3280,552.6,0.8,93.2153451622
3290,629.4,0.5,45.4370534687
3300,573.3,0.6,48.1334955262
3310,642.3,0.3,34.4900836665
3320,627.4,0.6,52.3864374461
3330,632.2,0.3,18.0251283066
3340,654.4,0.3,39.5136330204
3350,685.3,0.4,37.160813425
3360,687.9,0.3,13.2728970213
3370,582.6,0.3,-12.8632684759
3380,624.4,0.3,30.7331267421
3390,643.5,0.3,11.9873642088
3400,773.7,0.0,-84.0560166832
3410,307.1,0.5,71.4137143414
3420,471.0,0.1,-40.5915089016
3430,423.5,0.2,10.6843207987
3440,416.5,0.1,-17.2112088035
3450,583.7,0.0,-31.5146812029
3460,841.3,0.1,-35.2323067306
3470,669.1,0.1,-22.9375034127
3480,894.1,0.1,-24.5898981839
3490,657.8,0.2,-9.28924104985
3500,550.5,0.0,-37.0326785521
3510,517.7,0.0,-47.7390316844
3520,599.2,0.0,-37.6755474985
3530,837.4,0.0,-18.0426174522
3540,524.1,0.1,-22.8342965233
3550,724.8,0.0,-95.4581318798
3560,647.3,0.3,9.96227767576
3570,762.9,0.0,-41.6630355172
3580,921.7,0.0,-64.2212050442
3590,958.2,0.2,-17.422570456
3600,921.7,0.0,-66.8117144161
3610,704.2,0.3,4.47383588343
3620,830.5,0.2,-41.5522030191
3630,778.1,0.1,-21.6693890409
3640,726.0,0.4,-11.0175710237
3650,886.1,0.4,-8.15600516606
3660,891.0,0.6,34.3586289366
3670,650.6,0.6,40.5774453553
3680,760.4,0.2,-24.5431586678
3690,576.5,0.7,75.9982349828
3700,537.4,0.6,59.4335130673
3710,564.8,0.7,27.9131889857
3720,420.9,0.4,1.64208451711
3730,531.7,0.4,-17.1176152888
3740,439.7,0.9,121.62342747
3750,464.8,0.4,-4.81853566104
3760,433.4,0.5,6.42628022986
3770,353.1,0.4,-49.3848998322
3780,342.3,0.3,0.620540080318
3790,450.5,0.6,44.4544902804
3800,428.2,0.4,-2.52746086807
3810,454.2,1.0,127.335324214
3820,474.3,0.8,60.6202425166
3830,462.1,0.1,-91.8490064539
3840,482.6,0.6,40.0372815647
3850,460.2,0.4,-20.455720304
3860,553.6,0.7,43.7991954487
3870,645.9,0.8,54.3183951631
3880,623.0,0.5,-63.3203397463
3890,482.1,0.5,15.6100079259
3900,565.1,0.8,54.3969720826
3910,579.7,0.5,-28.822612409
3920,550.4,0.8,57.3158046985
3930,550.1,0.6,-6.605937811
3940,672.0,0.7,-4.69394569819
3950,572.4,0.5,-41.1149299045
3960,608.9,0.6,-28.5805735814
3970,630.4,0.8,53.029547721
3980,611.0,0.5,8.21915411075
3990,574.6,0.6,14.8489701938
4000,561.8,0.7,15.2906180622
4010,566.6,0.6,28.2384015723
4020,593.2,0.9,117.986280729
4030,647.1,0.9,82.0457361305
4040,648.8,0.7,67.8265619915
4050,672.7,0.7,59.3442844289
4060,527.4,0.5,26.2281801989
4070,735.9,0.6,23.9989812645
4080,805.1,0.3,-34.3708261362
4090,614.9,0.5,22.3062443706
4100,598.8,0.6,85.7467248205
4110,791.5,0.6,-16.9393788502
4120,582.5,0.5,41.6917872438
4130,840.7,0.4,36.2221128105
4140,532.2,0.3,25.6526232205
4150,505.4,0.2,17.5122785108
4160,595.3,0.1,-41.3592204487
4170,757.9,0.0,-30.4632025165
4180,762.3,0.0,-20.916799623
4190,996.4,0.1,1.85057903062
4200,772.5,0.0,-32.1080667963
4210,711.3,0.0,-20.641211661
4220,923.0,0.0,-21.0359785829
4230,846.4,0.0,-3.17560815299
4240,710.2,0.1,-0.0696931516369
4250,649.4,0.1,-11.8885895015
4260,453.5,0.1,-42.3574770326
4270,784.7,0.1,-0.00450379715405
4280,758.3,0.2,20.7650879619
4290,540.5,0.1,-36.347852541
4300,669.1,0.0,-51.7337345324
4310,432.7,0.2,-25.4703391583
4320,680.2,0.3,26.0686602962
4330,846.7,0.0,-23.1260353754
4340,707.7,0.1,-20.1016125548
4350,768.3,0.0,-33.7155382749
4360,416.2,0.1,-45.8159382593
4370,440.7,0.2,-3.06462989337
4380,700.1,0.0,-30.6969589705
4390,678.4,0.2,4.60362746738
4400,479.9,0.0,-55.8818017183
4410,721.5,0.1,-7.60461162809
4420,754.3,0.2,2.77823508918
4430,827.7,0.2,25.3408162417
4440,503.7,0.0,-47.808816054
4450,657.1,0.0,-51.0374666892
4460,623.4,0.2,4.44017563908
4470,763.2,0.0,-31.6021174854
4480,834.7,0.0,-18.4179654954
4490,773.6,0.1,-0.178063657082
4500,755.0,0.0,-17.0363678528
4510,713.8,0.0,-25.6602274411
4520,684.7,0.0,-1.24787931228
4530,675.2,0.0,-10.6777416583
4540,756.9,0.0,-9.38813855979
4550,855.4,0.1,-1.6094659091
4560,1000.0,0.0,-9.31856815422
4570,758.5,0.0,-17.4518843287
4580,416.7,0.0,-25.7453939953
4590,671.3,0.1,-23.8821528629
4600,790.8,0.0,-38.0668497616
4610,918.2,0.0,-19.9767565282
4620,584.1,0.0,-26.1013311767
4630,808.4,0.0,-33.5397939559
4640,859.5,0.1,2.08348645403
4650,898.3,0.0,-104.89588544
4660,819.0,0.2,-75.7518671218
4670,842.8,0.2,11.0822089803
4680,861.0,0.0,-31.0491316634
4690,591.1,0.2,-54.6856337981
4700,859.1,0.0,-56.4781726694
4710,780.1,0.4,10.7926932462
4720,827.3,0.1,-29.0136555948
4730,740.8,0.1,-39.6410607406
4740,771.9,0.1,-39.5893794747
4750,772.7,0.2,-28.3291949253
4760,827.0,0.1,-86.0800178262
4770,826.8,0.2,-14.7807118944
4780,899.7,0.0,-61.5173752388
4790,850.4,0.0,-81.9178289701
4800,813.2,0.4,-7.14045117187
4810,843.2,0.0,-74.9019268392
4820,890.8,0.1,-65.2026576188
4830,936.6,0.0,-91.350290802
4840,800.3,0.4,-9.51036009917
4850,875.7,0.2,-62.9379303911
4860,921.8,0.1,-69.9084081191
4870,916.2,0.0,-92.4738337721
4880,1000.0,0.0,-113.560911741
4890,1000.0,0.0,-104.868450284
4900,984.0,0.0,-119.064091607
4910,888.4,0.0,-120.784161115
4920,941.1,0.0,-109.59551334
4930,1000.0,0.0,-126.960543035
4940,946.7,0.1,-87.6410739598
4950,1000.0,0.0,-117.371447278
4960,1000.0,0.0,-122.160617595
4970,1000.0,0.0,-106.454926241
4980,1000.0,0.0,-109.697878011
4990,1000.0,0.0,-106.815030844
5000,1000.0,0.0,-113.430536756
5010,1000.0,0.0,-122.086445443
5020,921.4,0.0,-88.2903460567
5030,929.1,0.0,-95.1612253039
5040,1000.0,0.0,-107.886529415
5050,1000.0,0.0,-95.2551267633
5060,850.9,0.0,-81.9602875717
5070,1000.0,0.0,-86.1789246684
5080,1000.0,0.0,-92.5470975499
5090,1000.0,0.0,-82.9716045919
5100,932.1,0.0,-86.8923871213
5110,1000.0,0.0,-90.0797158127
5120,1000.0,0.0,-81.7660405108
5130,1000.0,0.0,-84.9846593532
5140,1000.0,0.0,-73.8967968519
5150,1000.0,0.0,-76.9218487089
5160,1000.0,0.0,-70.3985351441
5170,835.0,0.1,-52.7146060508
5180,881.5,0.1,-50.4422033862
5190,1000.0,0.0,-55.3624122815
5200,921.3,0.0,-72.733678059
5210,942.2,0.0,-60.1395655365
5220,863.5,0.1,-45.9027178669
5230,762.6,0.0,-82.1734111774
5240,762.8,0.1,-47.5680331332
5250,881.9,0.0,-65.0115611293
5260,867.7,0.1,-50.5008799342
5270,848.6,0.2,-38.6826201801
5280,671.6,0.1,-61.9864471155
5290,883.9,0.2,-44.2397736094
5300,732.6,0.0,-86.9599261796
5310,760.6,0.2,-58.5178711467
5320,886.6,0.1,-56.456132752
5330,734.1,0.1,-84.4362236236
5340,571.1,0.2,-54.6657176388
5350,729.5,0.3,-15.9153581349
5360,731.6,0.3,-46.3503009214
5370,708.6,0.0,-90.7688617617
5380,663.2,0.2,-56.6409348249
5390,817.9,0.2,-51.2607999054
5400,578.9,0.0,-89.7854460647
5410,627.0,0.0,-85.5684382241
5420,609.8,0.0,-108.009010615
5430,633.4,0.2,-54.4463781036
5440,712.3,0.0,-95.9851041046
5450,629.9,0.1,-69.5882944784
5460,588.1,0.1,-62.0256697688
5470,616.1,0.0,-89.4935637423
5480,329.8,0.1,-95.1366420986
5490,586.5,0.1,-90.5582115229
5500,373.5,0.0,-108.871333453
5510,433.9,0.0,-119.928902681
5520,455.5,0.0,-110.036772359
5530,333.2,0.1,-97.5977170863
5540,226.6,0.0,-110.971184689
5550,299.0,0.0,-104.041071177
5560,649.7,0.1,-76.6595665882
5570,234.3,0.0,-122.198853421
5580,430.7,0.1,-73.7410897076
5590,350.3,0.1,-66.329220677
5600,409.0,0.1,-92.091101561
5610,357.1,0.0,-111.240500181
5620,271.2,0.0,-105.67065576
5630,268.3,0.1,-82.204581839
5640,338.4,0.0,-99.2635859451
5650,208.5,0.0,-118.527384257
5660,403.4,0.1,-86.2908515645
5670,178.4,0.0,-105.600503238
5680,310.9,0.2,-51.8275061374
5690,436.4,0.0,-101.514155959
5700,665.2,0.2,-14.9744014039
5710,230.1,0.1,-84.066334758
5720,360.6,0.0,-75.1187367027
5730,913.9,0.0,-57.6668063819
5740,776.4,0.2,-8.1408161096
5750,425.5,0.0,-45.5737187164
5760,450.7,0.1,-37.8820195961
5770,526.6,0.1,-34.3626362812
5780,483.1,0.0,-51.1784454254
5790,464.0,0.0,-46.005831957
5800,490.5,0.2,-9.18293783485
5810,636.0,0.0,-49.1638198622
5820,724.0,0.0,-31.1003402874
5830,835.5,0.0,-1.77528112
5840,779.7,0.0,-43.9489774407
5850,773.0,0.1,-15.66362559
5860,921.2,0.0,-30.3741457621
5870,1000.0,0.0,-20.2146287737
5880,919.9,0.0,-40.7821396445
5890,851.4,0.1,-11.3021235943
5900,840.6,0.0,-52.2720182108
5910,920.5,0.0,-54.3739153379
5920,759.8,0.1,2.90819135979
5930,828.7,0.0,-56.7915734319
5940,929.1,0.3,-12.4723152852
5950,823.8,0.5,42.3423444336
5960,547.6,0.7,88.9624895432
5970,847.3,0.2,-9.1244956302
5980,600.6,0.2,-12.1847646729
5990,826.5,0.4,11.5937373044
6000,577.0,0.5,11.842234238
6010,793.3,0.4,7.97138389127
6020,673.4,0.3,11.8130265069
6030,583.3,0.7,93.6948275883
6040,505.7,0.5,29.6346663037
6050,705.3,0.3,13.0370719895
6060,539.4,0.6,81.8543652595
6070,676.9,0.5,45.2983585074
6080,615.0,0.5,54.2018948675
6090,672.1,0.5,60.7791702462
6100,778.7,0.3,11.4934123291
6110,541.2,0.3,11.3086633406
6120,678.7,0.4,-26.879705826
6130,481.0,0.7,87.2821236108
6140,589.6,0.7,93.2034988394
6150,740.8,0.2,-3.90770375443
6160,633.6,0.4,29.5565210236
6170,626.7,0.6,98.9498991639
6180,611.4,0.4,-7.53109728543
6190,716.7,0.4,1.05901464894
6200,734.9,0.7,68.9680279407
6210,610.7,0.3,22.4542927539
6220,633.7,0.3,-47.656238464
6230,607.0,0.4,52.7424339575
6240,569.1,0.8,107.456942757
6250,582.3,0.2,-15.9867193962
6260,515.6,0.8,91.6519273988
6270,759.3,0.6,27.1945085415
6280,703.6,0.5,-6.0055507877
6290,630.0,0.5,25.4604301084
6300,592.2,0.3,13.4420919617
6310,643.8,0.5,3.05346201662
6320,815.6,0.1,-47.2630051177
6330,376.0,0.7,114.509383903
6340,624.0,0.7,86.9793386599
6350,700.3,0.5,25.8608954404
6360,538.9,0.6,70.4884926858
6370,600.7,0.6,52.7909888145
6380,713.0,0.4,12.6879387508
6390,802.7,0.4,17.2160481463
6400,460.0,0.6,74.4423053284
6410,637.2,0.6,28.6774106777
6420,689.7,0.6,73.4940694162
6430,577.2,0.5,54.3631886135
6440,651.1,0.6,31.721424936
6450,591.2,0.2,-27.2527608431
6460,813.9,0.3,-23.2425039867
6470,819.1,0.4,-79.126808318
6480,699.6,0.5,48.526373988
6490,699.0,0.5,22.3924364533
6500,735.7,0.3,-62.2001475458
6510,563.6,0.4,-33.2310001123
6520,672.5,0.3,-26.8533323172
6530,716.2,0.2,-146.286338489
6540,743.5,0.5,23.1472993411
6550,664.7,0.5,-9.06948161692
6560,661.7,0.6,45.0131767935
6570,684.6,0.5,-22.9073853388
6580,796.3,0.4,-47.9563301821
6590,651.3,0.2,-165.347348259
6600,724.1,0.2,-105.47728723
6610,673.0,0.6,-2.82177740743
6620,642.3,0.6,-26.5892983582
6630,811.1,0.4,-12.1391804815
6640,648.4,0.6,-30.2032369418
6650,631.2,0.3,-2.51090143556
6660,650.9,0.5,-70.1078401864
6670,601.9,0.5,5.26588444889
6680,684.4,0.1,-45.9598557256
6690,626.2,0.6,36.5629668574
6700,689.7,0.6,-42.4092399005
6710,696.7,0.3,-92.1432745424
6720,730.4,0.5,-47.2479811239
6730,674.4,0.6,-58.342936608
6740,842.8,0.2,-95.0374832525
6750,718.2,0.6,0.275007884305
6760,830.7,0.1,-107.509831544
6770,687.8,0.4,-85.8489338648
6780,632.2,0.2,-67.6875516504
6790,671.7,0.4,-22.9681456759
6800,653.3,0.6,22.2351569167
6810,506.3,0.2,-130.574841352
6820,643.2,0.3,-109.428534843
6830,680.0,0.4,-23.9323307036
6840,625.7,0.2,-67.883796914
6850,496.9,0.2,-91.0560914064
6860,579.7,0.5,-62.5859857033
6870,597.0,0.3,-58.6527467912
6880,592.2,0.5,6.3897750049
6890,530.4,0.5,0.313181121016
6900,568.6,0.3,-137.208315557
6910,570.9,0.4,6.09882869573
6920,635.5,0.3,-71.0344106802
6930,432.1,0.3,-38.9487500779
6940,609.4,0.6,37.0619098537
6950,423.4,0.1,-58.756263295
6960,480.1,0.6,47.6859953918
6970,564.3,0.5,8.63563331994
6980,434.7,0.3,-54.7452640514
6990,641.4,0.0,-158.336627372
7000,402.4,0.5,-1.07905918652
7010,485.6,0.5,63.0463023058
7020,546.8,0.5,38.6261384456
7030,506.1,0.2,-93.2558630034
7040,765.6,0.7,77.373185915
7050,452.5,0.4,-1.29462321424
7060,469.2,0.5,49.4499015408
7070,469.6,0.6,78.155651698
7080,620.3,0.7,5.68889624732
7090,547.0,0.2,-4.68319898697
7100,480.3,0.3,-5.64705874729
7110,609.9,0.3,-29.9978659098
7120,365.6,0.1,-79.3235463595
7130,462.2,0.6,39.4072581073
7140,554.9,0.7,63.5027195923
7150,582.4,0.6,60.4564677992
7160,699.0,0.4,-27.973749903
7170,555.4,0.2,-49.347503991
7180,476.4,0.6,90.8292759549
7190,634.6,0.5,9.08827167944
7200,543.4,0.3,-14.4639566539
7210,520.2,0.5,61.0137735907
7220,512.5,0.2,-11.940357107
7230,559.7,0.6,57.2013607356
7240,595.0,0.6,35.9625998245
7250,529.7,0.4,17.4588547258
7260,515.8,0.5,50.3518395548
7270,474.1,0.6,65.1407810729
7280,487.8,0.4,-26.6011288334
7290,542.7,0.7,106.820086069
7300,634.4,0.6,37.9288531814
7310,645.3,0.4,22.6883775992
7320,490.0,0.2,-22.0680598212
7330,595.3,0.3,-14.0097757025
7340,574.5,0.6,40.3859696998
7350,522.6,0.2,-26.6161480898
7360,461.4,0.3,14.242449692
7370,624.5,0.5,67.1065399059
7380,485.6,0.5,62.9935819651
7390,491.0,0.3,9.0766719836
7400,473.6,0.6,33.0576947032
7410,566.0,0.4,-33.9000240635
7420,396.6,0.3,-37.4580493522
7430,567.8,0.6,54.4460860246
7440,659.6,0.3,12.1804973452
7450,638.7,0.5,8.17009317695
7460,582.4,0.4,9.00482240705
7470,458.9,0.4,54.7734393958
7480,494.7,0.2,-5.94400803533
7490,637.6,0.7,73.0281238575
7500,619.6,0.5,18.6053457799
7510,578.7,0.2,24.8649629927
7520,503.3,0.6,91.1958307448
7530,580.6,0.2,-25.1389625257
7540,490.7,0.6,54.7464979983
7550,546.2,0.7,115.407600171
7560,686.1,0.8,120.843687117
7570,499.5,0.5,80.9426911418
7580,566.6,0.4,59.035917309
7590,697.1,0.5,72.7877908991
7600,402.9,0.3,5.94857254359
7610,608.9,0.5,78.6000890215
7620,575.0,0.4,14.5787283317
7630,872.0,0.3,-3.55340839585
7640,866.4,0.1,21.3230994106
7650,726.0,0.3,45.6024842408
7660,851.5,0.2,-2.15863503673
7670,667.4,0.3,30.0013181671
7680,858.9,0.0,-2.2176296071
7690,780.8,0.2,-5.5022731552
7700,727.1,0.5,20.0401426602
7710,776.3,0.2,23.8176793031
7720,930.3,0.2,0.31971770078
7730,685.7,0.5,42.6285308504
7740,639.5,0.5,73.7780462732
7750,708.0,0.5,60.0837667753
7760,830.2,0.2,-14.2414089799
7770,655.3,0.7,66.3161045134
7780,605.2,0.6,46.439853823
7790,585.4,0.1,-60.0540032084
7800,491.5,0.7,98.0457525622
7810,725.7,0.6,68.1902728118
7820,497.0,0.4,51.7102590664
7830,609.6,0.6,67.3634243671
7840,717.3,0.5,60.057274047
7850,506.8,0.6,82.4528648511
7860,564.8,0.4,29.6291749307
7870,545.4,0.7,121.334534173
7880,668.3,0.4,27.0422981455
7890,682.1,0.6,74.4091198476
7900,549.7,0.4,54.7717823322
7910,595.5,0.6,59.2520854827
7920,436.3,0.5,53.8051450832
7930,707.8,0.3,5.51233528394
7940,648.6,0.5,-19.7083781624
7950,548.1,0.5,60.8761867816
7960,520.6,0.5,80.5874611003
7970,481.3,0.4,40.3116237631
7980,548.6,0.6,70.0249730551
7990,614.6,0.5,2.95779207666
8000,417.1,0.6,78.9424338867
8010,605.9,0.8,86.1799887262
8020,569.9,0.7,73.0008009345
8030,653.9,0.5,21.6051790918
8040,717.3,0.5,14.0423464914
8050,568.4,0.7,87.6872948624
8060,603.0,0.8,92.9596079711
8070,565.7,0.7,37.8936545942
8080,580.5,0.7,93.8504701161
8090,503.3,0.5,24.2682426163
8100,655.3,0.7,79.2700205479
8110,420.3,0.7,98.0589581582
8120,506.0,0.6,86.4837617865
8130,576.9,0.7,87.6951906183
8140,504.5,0.6,73.8880987667
8150,476.3,0.5,32.4631613664
8160,519.4,0.7,90.5367240165
8170,455.2,0.6,60.7710862591
8180,454.5,0.4,16.1269633484
8190,558.7,0.8,84.5549876385
8200,558.5,0.5,39.8053469139
8210,369.4,0.5,52.47731181
8220,578.5,0.9,99.125606433
8230,470.6,0.7,87.9481551656
8240,631.0,0.6,35.5585285668
8250,603.6,0.3,-53.5014237897
8260,604.5,0.5,45.7149440542
8270,598.3,0.9,136.231378813
8280,492.2,0.4,-11.5485925598
8290,546.5,0.4,-28.1469144977
8300,473.0,0.7,88.7567031967
8310,585.2,0.5,-11.6137739495
8320,569.1,0.3,-64.744405059
8330,450.8,0.8,115.495389423
8340,412.3,0.3,-38.4783461843
8350,434.9,0.6,52.4362411522
8360,519.5,0.8,110.861595853
8370,434.4,0.5,46.5646189626
8380,555.6,0.5,43.4268624979
8390,494.4,0.8,94.2265394261
8400,433.2,0.4,9.16661600005
8410,456.2,0.6,36.9562198856
8420,449.2,0.5,-4.39973187301
8430,485.2,0.7,66.3032107712
8440,430.1,0.6,46.0987271382
8450,486.8,0.8,63.6831542381
8460,510.7,0.7,74.9828685262
8470,456.7,0.6,51.0224981473
8480,546.0,0.9,118.328581806
8490,459.3,0.7,59.7714351846
8500,544.7,0.9,121.615979145
8510,374.2,0.6,76.8210885898
8520,414.3,0.5,23.2639512683
8530,498.3,0.5,-17.3962773243
8540,558.3,0.8,79.1093706982
8550,482.2,0.7,58.8720551455
8560,465.6,0.7,55.2138884907
8570,515.7,0.7,50.6595302738
8580,532.6,0.5,-9.62489528098
8590,504.0,0.7,90.2514402544
8600,558.0,0.6,66.7462309913
8610,545.3,0.6,11.7383767686
8620,423.1,0.6,77.6312369221
8630,461.4,0.8,111.840787381
8640,506.2,0.7,30.9024710144
8650,555.7,0.7,52.2952968164
8660,537.2,0.7,53.7059969229
8670,527.8,0.7,48.7910603997
8680,477.5,0.8,93.2205833268
8690,518.4,0.5,5.45347615218
8700,575.0,0.9,137.034964615
8710,519.4,0.3,-35.9000646906
8720,428.3,0.8,97.4762260924
8730,469.0,0.4,-23.2641774938
8740,618.3,0.8,69.938237363
8750,523.4,0.7,60.334030249
8760,439.7,0.6,68.3118225746
8770,569.0,0.7,58.4996064374
8780,495.7,0.7,67.2920582012
8790,529.7,0.8,89.1255051276
8800,502.3,0.6,38.7084337835
8810,441.1,0.5,57.0238332068
8820,415.3,0.6,54.8827142432
8830,477.6,0.8,120.73049677
8840,557.9,0.8,76.3103326431
8850,509.7,0.8,109.047234753
8860,564.3,0.9,131.762893662
8870,475.4,0.7,83.4063799474
8880,461.8,0.4,-12.8976623419
8890,692.5,0.7,46.7976574724
8900,508.1,0.8,134.11905998
8910,445.8,0.9,157.814951932
8920,586.2,0.7,59.0100909784
8930,616.7,0.7,47.5775023651
8940,557.7,0.9,101.103051426
8950,627.1,0.9,134.58302138
8960,502.4,0.7,72.053154235
8970,616.9,0.6,21.837944422
8980,581.0,0.6,52.2735203992
8990,536.9,0.8,116.193374818
9000,634.2,0.7,42.4141773858
9010,613.2,0.8,72.9588836152
9020,597.8,0.3,-19.1638072907
9030,498.5,0.7,58.5629471971
9040,503.2,0.8,107.882649448
9050,624.9,0.4,-11.1062962726
9060,598.9,0.7,48.7466592161
9070,543.9,0.4,-17.6728194741
9080,589.4,0.5,25.0505210823
9090,494.6,0.2,-44.6651569027
9100,552.1,0.5,-7.72082601348
9110,626.8,0.7,93.8614938305
9120,496.6,0.4,-3.26349153177
9130,420.1,0.8,101.090177178
9140,526.6,0.6,26.9518155944
9150,505.9,0.8,70.137366152
9160,408.9,0.6,51.3022150805
9170,417.8,0.5,17.7223914076
9180,443.9,0.6,65.7596036885
9190,423.9,0.6,49.241051748
9200,363.1,0.6,88.6977631655
9210,481.1,0.7,55.5311479824
9220,390.2,0.8,102.271899896
9230,504.3,0.4,-30.1471133567
9240,420.8,0.7,54.9308700468
9250,330.7,0.5,50.0256597126
9260,437.8,0.7,85.8197190914
9270,324.8,0.2,-62.1864200129
9280,331.9,0.6,66.0180268263
9290,446.1,0.8,106.498712928
9300,430.3,0.7,69.1431179927
9310,453.9,0.5,0.522924783024
9320,432.8,0.4,-32.1960674008
9330,506.9,0.4,-24.4801714896
9340,397.1,0.6,62.2824947293
9350,451.2,0.7,42.5434278602
9360,412.0,0.6,46.7984601968
9370,484.1,0.6,69.8624817217
9380,356.0,0.5,41.4874925131
9390,542.4,0.4,-23.8769976598
9400,502.2,0.7,59.4570509882
9410,561.6,0.6,9.61577825087
9420,393.7,0.5,39.4528712661
9430,403.4,0.6,57.3409796101
9440,483.7,0.7,61.6914154689
9450,474.1,0.8,110.792193118
9460,499.4,0.8,92.6603134662
9470,495.4,0.8,126.072297407
9480,453.1,0.4,60.1932700582
9490,334.7,0.5,66.4086778583
9500,540.4,0.2,-90.0222749919
9510,513.6,0.8,87.1863764175
9520,454.0,0.7,139.073515391
9530,401.4,0.3,-30.3298223418
9540,486.5,0.4,5.92194145025
9550,466.4,0.4,-19.8842251813
9560,474.7,0.6,54.24850525
9570,511.7,0.4,-43.3696202251
9580,645.3,0.5,-17.2679006969
9590,619.4,0.7,69.8153128494
9600,574.0,0.7,39.9712691131
9610,502.6,0.2,-92.9659724593
9620,550.2,0.6,18.3366391504
9630,516.3,0.5,-5.02758989381
9640,626.7,0.7,44.1812238858
9650,489.5,0.4,-36.5863305977
9660,672.9,0.7,50.5898788661
9670,632.4,0.8,96.3648924025
9680,536.2,0.6,19.497253731
9690,499.0,0.8,120.053417629
9700,594.5,0.5,-11.9684995128
9710,552.1,0.6,47.1448098456
9720,593.3,0.6,3.49169446096
9730,552.7,0.8,87.4815788533
9740,598.9,0.8,81.0580523463
9750,561.8,0.4,-39.2951081004
9760,534.4,0.5,37.1168289144
9770,615.1,0.6,9.32672431803
9780,531.2,0.8,131.088147105
9790,577.3,0.5,23.8557978285
9800,479.9,0.7,60.8623017736
9810,504.7,0.7,102.617026113
9820,575.2,0.7,65.1361678201
9830,510.2,0.7,99.5219480962
9840,556.7,0.7,26.6407734064
9850,490.3,1.0,147.28060106
9860,587.4,0.8,87.9072190566
9870,590.5,0.6,32.7573295084
9880,568.3,0.8,77.9564290527
9890,561.3,0.7,33.0541752797
9900,469.1,0.7,67.7911616247
9910,463.0,0.6,59.7491713307
9920,488.0,0.6,47.4854556109
9930,584.6,0.5,-24.4754763608
9940,467.4,0.8,110.954913318
9950,499.6,0.8,102.443897265
9960,471.5,0.8,114.206251067
9970,406.9,0.6,83.0826793853
9980,576.4,0.7,58.6514983445
9990,521.2,0.8,120.799801926
10000,431.9,0.8,116.674267266
10010,575.0,0.3,-22.2303687201
10020,519.0,0.5,8.52022787755
10030,414.6,0.4,15.1848280058
10040,362.8,0.5,58.8244767321
10050,559.5,0.6,60.3529317068
10060,409.2,0.6,76.1939607493
10070,502.9,0.6,77.8091273523
10080,500.1,0.8,112.940178385
10090,358.1,0.3,-8.24845800522
10100,299.8,0.4,57.6075382751
10110,351.2,0.4,42.5581325461
10120,474.6,0.7,125.471976601
10130,350.0,0.5,68.7037304852
10140,355.5,0.4,47.3316253874
10150,520.7,0.5,84.663415355
10160,415.3,0.4,46.9610000677
10170,338.5,0.4,17.1763387222
10180,402.6,0.4,61.637067396
10190,392.2,0.5,83.5960999692
10200,287.1,0.2,13.336949977
10210,236.4,0.3,47.9558226852
10220,281.2,0.4,59.2216998249
10230,534.6,0.4,41.927063339
10240,258.3,0.4,57.7219291581
10250,400.6,0.4,39.7523789509
10260,478.9,0.5,87.0456445375
10270,452.7,0.1,6.29394350092
10280,455.7,0.4,17.3477187557
10290,558.2,0.2,26.1158210632
10300,390.6,0.2,-16.2592113098
10310,380.7,0.6,89.9090776747
10320,415.1,0.4,57.9549788409
10330,285.9,0.5,88.9133332903
10340,416.6,0.8,117.881380481
10350,422.2,0.7,105.795808879
10360,534.7,0.5,82.978771359
10370,482.5,0.4,63.6632225535
10380,584.9,0.6,73.3419758102
10390,473.0,0.8,144.847562724
10400,561.1,0.3,31.1189091646
10410,628.7,0.5,38.4722952134
10420,501.7,0.6,85.0711347457
10430,383.7,0.5,92.4001078426
10440,638.2,0.7,116.73065385
10450,575.7,0.5,21.8545944961
10460,680.8,0.7,86.5577793181
10470,473.7,0.5,62.0121455282
10480,585.4,0.5,64.613981737
10490,688.1,0.5,73.7870260628
10500,697.6,0.7,141.228786066
10510,570.0,0.5,44.9089676439
10520,658.1,0.8,114.534540874
10530,537.7,0.4,29.0767690083
10540,577.1,0.7,81.4572169088
10550,601.5,0.6,31.6816834026
10560,512.1,0.5,80.6068210684
10570,739.4,0.5,6.10310429923
10580,631.7,0.7,112.701937522
10590,601.2,0.7,91.4583029413
10600,592.1,0.6,66.8224622634
10610,648.6,0.6,63.3746958734
10620,645.6,0.5,52.6999900952
10630,689.0,0.5,37.1868974244
10640,565.1,0.3,7.83103857186
10650,857.2,0.5,71.3738819038
10660,568.0,0.6,88.9292409601
10670,516.6,0.9,114.899058706
10680,577.4,0.7,81.5532826407
10690,545.8,0.7,69.4668048468
10700,568.9,0.6,85.1753463976
10710,745.0,0.6,75.4127993516
10720,536.1,0.5,98.3598332037
10730,725.9,0.4,48.7780117289
10740,464.8,0.6,63.1491347404
10750,742.6,0.7,85.6166312682
10760,630.3,0.7,103.680523681
10770,651.8,0.4,68.8790999533
10780,663.5,0.6,72.8358894363
10790,537.8,0.4,66.7808086253
10800,629.1,0.6,82.7630171778
10810,386.6,0.7,113.397102791
10820,566.5,0.8,139.527919733
10830,549.6,0.5,54.2558375274
10840,812.2,0.5,40.877177771
10850,570.5,0.7,129.210909585
10860,601.9,0.8,115.613400182
10870,604.1,0.7,100.741517454
10880,718.0,0.7,116.456362103
10890,675.5,0.8,122.905085263
10900,789.8,0.4,65.6710711516
10910,514.1,0.6,82.3169876326
10920,660.5,0.5,34.6630064344
10930,684.1,0.5,60.3206399247
10940,640.4,0.5,68.8305347653
10950,604.1,0.6,72.6623655515
10960,641.2,0.6,109.171505868
10970,763.7,0.6,52.6009869138
10980,699.3,0.5,13.2600821658
10990,545.7,0.7,116.710238644
11000,638.1,0.8,105.418495576
11010,640.5,0.8,104.860654422
11020,680.6,0.5,48.3808811471
11030,617.0,0.7,132.612340111
11040,604.3,0.8,126.420161229
11050,687.6,0.7,104.302803911
11060,607.0,0.9,134.456537111
11070,833.9,0.7,87.1510453033
11080,757.4,0.6,74.8456828706
11090,671.8,0.8,112.772753357
11100,586.8,0.7,110.070070043
11110,630.4,0.4,28.3450576996
11120,643.3,0.9,148.608920829
11130,785.6,0.6,69.4719817791
11140,748.6,0.7,88.503279331
11150,642.9,0.8,102.438536702
11160,641.0,0.7,105.708483659
11170,751.8,0.6,81.4005441424
11180,732.3,0.7,78.1370396781
11190,639.3,0.7,60.9748577457
11200,712.2,0.7,103.340010727
11210,820.7,0.6,60.6129627003
11220,800.8,0.8,95.4021043414
11230,744.7,0.7,124.112274526
11240,862.9,0.4,-14.4221639695
11250,804.7,0.6,40.0395901798
11260,796.6,0.7,81.1110378735
11270,561.5,0.4,44.5921734061
11280,648.5,0.6,67.8133451076
11290,767.9,0.8,58.1043646364
11300,525.1,0.8,130.319706239
11310,621.1,0.8,152.300237777
11320,540.1,0.7,110.538703803
11330,717.8,0.5,44.6268735072
11340,735.8,0.7,105.328063546
11350,702.9,0.7,89.1583065674
11360,684.7,1.0,142.386191068
11370,588.2,0.9,117.503588496
11380,615.2,0.9,140.606096216
11390,709.9,0.4,39.4621919095
11400,586.6,0.5,64.5242103812
11410,670.5,0.7,101.144526943
11420,688.3,0.8,118.539316255
11430,547.2,0.6,77.9697783626
11440,577.7,0.9,113.581805671
11450,629.7,0.5,15.1154107647
11460,541.0,0.7,93.2176463155
11470,665.2,0.8,63.1557994523
11480,699.5,0.6,99.8235494468
11490,801.0,0.4,36.090454794
11500,644.7,0.9,140.835593104
11510,789.0,0.5,1.70491024608
11520,584.1,0.8,114.538852495
11530,758.7,0.7,74.8746128027
11540,563.3,0.8,137.764393101
11550,583.0,0.6,70.9225185599
11560,511.9,0.7,88.9863692028
11570,614.7,0.5,38.7605424848
11580,572.6,0.8,99.1019376542
11590,725.2,0.5,73.6347622734
11600,514.6,0.9,145.069118605
11610,750.5,0.7,34.6922021289
11620,619.6,0.7,103.071862631
11630,689.3,0.5,86.2582877033
11640,634.5,0.6,56.3663612857
11650,641.3,0.5,32.7943230461
11660,636.3,0.7,64.5406323215
11670,632.5,0.8,85.3074064023
11680,463.8,0.7,116.020761431
11690,547.2,0.8,88.7970689881
11700,579.9,0.6,97.4448259669
11710,562.9,0.8,101.09685608
11720,516.9,1.0,174.306327158
11730,563.9,0.8,62.1083636053
11740,417.5,0.8,125.803855824
11750,501.5,0.7,96.1413327926
11760,522.7,0.6,101.709589543
11770,510.6,0.7,60.8847850761
11780,656.0,0.6,64.6882980704
11790,518.8,0.9,142.806510621
11800,377.1,0.7,128.695289606
11810,649.7,0.7,108.194366381
11820,504.3,0.7,91.7045605793
11830,506.8,0.6,60.7835992635
11840,588.8,0.7,73.6590035901
11850,569.3,0.8,109.033659863
11860,602.2,0.9,117.063963409
11870,539.5,1.0,158.875983581
11880,608.5,0.7,62.0982863082
11890,579.5,0.8,69.6464234727
11900,509.0,1.0,139.259225614
11910,612.8,0.5,7.1350023464
11920,683.1,0.6,24.4400864297
11930,581.6,1.0,137.038627961
11940,599.5,0.8,112.418870288
11950,559.8,0.9,101.47398731
11960,595.7,0.8,93.9660102838
11970,582.7,0.9,122.622113913
11980,545.6,0.9,116.503232679
11990,491.5,1.0,152.520526791
12000,494.2,1.0,151.793821692
12010,483.3,0.7,90.0115887002
12020,476.9,0.8,128.382204774
12030,514.7,0.8,111.579614408
12040,556.0,0.7,61.7680836118
12050,539.8,0.8,87.6026010494
12060,483.6,0.8,92.1768984742
12070,568.0,1.0,145.508887569
12080,524.2,0.8,95.8362978805
12090,515.7,0.6,53.951672822
12100,539.1,0.8,100.324371419
12110,520.5,0.9,116.138809582
12120,436.7,0.8,126.471579562
12130,560.5,0.9,110.643268784
12140,434.2,1.0,169.7992482
12150,483.8,0.9,111.242380312
12160,387.7,0.8,131.386919947
12170,494.0,1.0,151.379090125
12180,494.1,0.9,106.100978316
12190,628.4,0.6,49.6761853771
12200,644.9,0.4,38.2116037434
12210,366.5,0.8,124.924181156
12220,569.6,0.9,133.439013738
12230,481.7,0.7,121.377032475
12240,546.3,0.8,108.146389672
12250,447.9,0.6,95.7189623532
12260,428.6,0.7,93.9377253854
12270,497.2,0.8,112.248283703
12280,493.1,0.7,83.422509953
12290,562.4,0.8,101.132114485
12300,496.0,0.8,108.134612908
12310,564.7,0.6,89.1188615916
12320,498.9,0.5,73.3151066955
12330,657.2,0.6,61.8853087945
12340,469.1,0.6,57.4458553075
12350,442.7,0.8,113.607722538
12360,423.6,0.8,126.712341669
12370,601.4,0.8,116.067055402
12380,371.9,0.6,82.3398804363
12390,520.0,0.8,97.731544073
12400,506.4,0.9,124.439554276
12410,463.3,0.6,84.4853721911
12420,575.6,0.7,92.6879686425
12430,443.9,0.7,85.7588917072
12440,536.1,0.6,71.381449559
12450,494.6,0.8,101.545425375
12460,574.2,0.8,113.606655764
12470,499.6,0.7,113.046959467
12480,598.7,0.8,111.950503129
12490,503.2,0.9,126.103831704
12500,596.9,0.9,96.6175865385
12510,458.6,0.8,127.931368836
12520,606.4,0.8,101.71521116
12530,545.4,1.0,151.052032488
12540,617.4,0.6,25.3953986263
12550,600.1,0.9,144.960499621
12560,513.0,0.8,94.3743850641
12570,528.3,0.9,128.560875879
12580,605.4,0.7,78.3896474689
12590,604.4,1.0,143.514010865
12600,607.0,0.8,117.502402233
12610,449.7,0.7,97.0898078266
12620,485.9,0.8,115.196669005
12630,564.9,0.8,102.973264339
12640,628.7,0.8,133.174397508
12650,686.0,0.8,100.283761477
12660,571.8,0.8,79.8623778841
12670,694.7,0.6,102.669133801
12680,587.7,0.8,138.194566988
12690,615.2,0.6,41.1309736342
12700,597.3,0.9,142.402985349
12710,663.4,0.7,126.339096565
12720,797.0,0.4,37.8481132261
12730,780.2,0.6,123.501459681
12740,618.2,0.8,135.770198331
12750,688.9,0.7,124.361596642
12760,543.8,0.8,139.805194263
12770,661.7,0.8,111.839605172
12780,761.0,0.7,127.661805342
12790,726.4,0.7,94.7198831587
12800,715.4,0.5,84.0622683004
12810,587.6,0.8,139.480405661
12820,557.0,1.0,163.361954122
12830,668.1,0.8,123.805474158
12840,763.9,0.5,97.9651547203
12850,671.9,0.8,141.21482656
12860,676.5,0.9,131.930577722
12870,632.8,0.7,131.41489648
12880,692.9,1.0,141.277907601
12890,646.0,0.8,120.080631689
12900,652.4,0.9,122.697819671
12910,612.9,0.6,107.262947247
12920,679.5,0.6,98.4098553531
12930,626.1,0.8,129.87316557
12940,633.8,0.8,115.036780713
12950,582.2,0.9,142.681383417
12960,678.4,0.9,115.837040356
12970,679.5,0.8,82.096003024
12980,536.4,0.9,132.86401571
12990,712.2,0.5,90.4189536502
13000,600.2,1.0,139.705446196
13010,630.0,0.8,138.479335783
13020,539.3,0.8,131.066188975
13030,717.6,0.8,114.020587593
13040,502.6,0.8,110.509740783
13050,537.5,0.8,142.649216973
13060,577.2,0.6,96.9081233087
13070,657.6,0.7,143.917127344
13080,487.6,0.9,155.898117883
13090,595.6,0.6,94.6915064985
13100,712.8,0.4,87.7877473867
13110,566.3,0.7,119.222322514
13120,696.5,1.0,155.740260023
13130,680.2,0.5,79.0414372782
13140,548.8,0.6,92.8899502951
13150,565.1,0.8,128.205891723
13160,620.0,0.5,91.6032135306
13170,691.5,0.7,146.239994325
13180,637.5,0.7,146.374993449
13190,604.2,0.2,54.9101996786
13200,630.7,0.6,134.835018759
13210,577.2,0.4,71.0690582056
13220,620.7,0.3,65.2443533626
13230,664.8,0.8,159.792844706
13240,415.3,0.7,116.804007403
13250,510.8,0.2,38.0808536185
13260,611.7,0.7,121.05015627
13270,407.2,0.2,37.1034344724
13280,679.4,0.6,127.221445602
13290,420.5,0.3,43.8395618144
13300,337.7,0.2,31.6790966507
13310,401.2,0.4,76.7326105527
13320,426.3,0.4,67.0126149083
13330,535.3,0.3,50.1706128635
13340,543.8,0.3,44.8648302295
13350,393.9,0.3,51.2865446847
13360,455.1,0.5,78.374613334
13370,454.9,0.2,35.2860908959
13380,637.9,0.3,72.194185136
13390,563.1,0.4,96.3599640691
13400,518.2,0.5,80.9374803204
13410,478.8,0.4,71.894670568
13420,774.5,0.4,71.3871189332
13430,512.0,0.7,125.014628473
13440,517.2,0.3,69.3392908881
13450,672.1,0.7,149.248669363
13460,736.5,0.3,62.9712048817
13470,687.4,0.5,110.848225231
13480,733.6,0.6,111.976132369
13490,567.3,0.6,120.773486305
13500,674.3,0.7,125.546308297
13510,609.3,0.4,83.6158389385
13520,559.5,0.5,105.360796232
13530,570.0,0.4,83.4726057324
13540,534.4,0.9,154.594973601
13550,700.4,0.6,108.667131928
13560,657.5,0.6,126.670491439
13570,785.3,0.5,107.569817416
13580,538.5,0.4,74.8732905961
13590,639.3,0.6,103.098298609
13600,601.9,0.5,107.681499786
13610,546.2,0.8,136.196901667
13620,623.8,0.5,87.5248426631
13630,808.4,0.6,121.740174648
13640,536.3,0.5,93.4859204399
13650,607.2,0.6,145.761451472
13660,680.4,0.4,90.6723094187
13670,559.7,0.5,103.801434844
13680,737.9,0.8,153.907468574
13690,558.1,0.4,72.3804130218
13700,716.6,0.7,128.477952272
13710,508.0,0.6,121.350534966
13720,498.2,0.5,104.770063437
13730,593.6,0.5,101.145396093
13740,636.4,0.4,89.0713201057
13750,621.8,0.3,88.837803574
13760,688.5,0.5,122.135800426
13770,520.8,0.6,135.211365971
13780,451.7,0.3,63.4185643509
13790,441.8,0.4,86.0734239989
13800,612.1,0.4,85.6847432885
13810,594.1,0.5,111.202034035
13820,752.5,0.3,86.3043571873
13830,577.4,0.7,139.573462967
13840,604.1,0.7,145.842639281
13850,698.9,0.4,104.240566352
13860,516.1,0.5,98.0888405282
13870,425.6,0.5,80.3234718036
13880,459.9,0.5,108.2335821
13890,615.5,0.5,112.630894843
13900,486.6,0.4,78.1047282247
13910,522.5,0.4,80.7196319772
13920,651.5,0.2,67.7365241161
13930,592.9,0.4,97.2354895119
13940,536.3,0.4,85.7900195435
13950,460.2,0.7,114.170683465
13960,451.6,0.4,94.9468601895
13970,525.5,0.5,109.149078322
13980,635.9,0.5,108.518602496
13990,652.1,0.2,67.7143434415
14000,715.5,0.3,72.7959806521
14010,697.4,0.5,110.177358356
14020,477.1,0.8,147.7826114
14030,489.8,0.7,122.450318664
14040,596.0,0.3,65.5265927977
14050,547.6,0.3,79.0586063158
14060,634.7,0.9,155.202476384
14070,762.6,0.4,107.679200096
14080,557.3,0.7,130.186092398
14090,768.1,0.4,81.8382189778
14100,708.0,0.5,104.896948586
14110,761.8,0.3,71.5389076592
14120,584.7,0.5,102.092344677
14130,825.3,0.6,136.894652086
14140,920.7,0.1,51.6118453437
14150,753.5,0.5,109.082334235
14160,575.8,0.6,126.669660449
14170,662.9,0.6,140.285449615
14180,635.7,0.8,144.921079645
14190,820.8,0.3,93.4617484179
14200,652.3,0.5,112.506013552
14210,593.0,0.3,77.1605553276
14220,609.0,0.3,78.2924828693
14230,839.5,0.4,97.009364
14240,616.0,0.6,131.354657783
14250,836.5,0.4,117.273690235
14260,726.0,0.4,98.9977125888
14270,872.2,0.2,69.4695857279
14280,523.2,0.7,142.518665701
14290,591.0,0.4,90.1093667339
14300,690.3,0.5,129.539763532
14310,605.9,0.4,86.0361951455
14320,643.3,0.3,72.4029021555
14330,670.3,0.3,61.2305507126
14340,397.0,0.5,91.4856013028
14350,596.3,0.3,78.0282020883
14360,485.9,0.5,104.02841239
14370,552.3,0.5,87.3094324844
14380,434.4,0.6,107.315609362
14390,663.4,0.3,68.9636463858
14400,522.2,0.4,79.0521860655
14410,726.7,0.5,101.972796782
14420,464.2,0.4,65.5521428778
14430,425.5,0.2,44.1198079739
14440,268.1,0.4,73.8631414427
14450,409.3,0.3,66.9683478791
14460,580.9,0.5,95.7050500812
14470,520.2,0.1,53.9842739946
14480,444.7,0.4,69.5307266413
14490,384.9,0.3,35.7030648081
14500,325.7,0.3,55.7224002409
14510,501.0,0.2,34.4479677719
14520,571.5,0.3,66.6562742329
14530,494.3,0.2,48.6229372277
14540,465.9,0.4,75.6066431205
14550,472.6,0.2,40.206108504
14560,489.7,0.4,62.4592922769
14570,388.9,0.7,126.634459367
14580,533.2,0.5,114.023391912
14590,455.7,0.5,96.550569647
14600,548.3,0.4,84.0476861481
14610,568.5,0.7,136.499387751
14620,379.6,0.1,13.6489970798
14630,603.1,0.5,105.258390796
14640,678.0,0.3,79.8165511564
14650,692.4,0.2,76.7313873152
14660,587.8,0.6,115.598622983
14670,526.9,0.4,88.9264133947
14680,602.0,0.6,106.344053622
14690,734.8,0.4,100.123080537
14700,703.4,0.2,64.3142348124
14710,877.5,0.1,67.8876092563
14720,592.3,0.3,72.7302877471
14730,596.1,0.5,97.5143153883
14740,534.4,0.7,132.738297493
14750,712.5,0.5,133.132113376
14760,609.6,0.3,78.1546300988
14770,746.7,0.6,134.86489347
14780,730.9,0.6,135.443120908
14790,548.1,0.7,125.688239579
14800,604.3,0.6,122.462425595
14810,607.8,0.5,107.630813623
14820,700.3,0.6,131.281258008
14830,701.6,0.5,121.537676596
14840,656.5,0.3,88.8722465541
14850,673.0,0.4,100.586098347
14860,811.1,0.6,121.354383946
14870,764.6,0.6,150.121121955
14880,564.4,0.6,133.785021695
14890,750.6,0.4,109.48600663
14900,691.9,0.6,137.430448513
14910,733.1,0.3,94.9662845794
14920,763.6,0.1,71.7389668284
14930,402.9,0.5,95.0965329469
14940,641.2,0.4,115.843930848
14950,599.4,0.4,91.9950471098
14960,767.3,0.5,120.733118263
14970,623.0,0.7,140.708391638
14980,721.3,0.4,107.408142832
14990,689.1,0.4,99.3147213482
15000,721.3,0.6,136.542996877
15010,957.3,0.3,103.304154822
15020,594.4,0.7,141.743522566
15030,663.0,0.3,75.6513071051
15040,801.0,0.4,95.8275229722
15050,814.0,0.3,96.7945407411
15060,755.3,0.5,118.395037708
15070,571.1,0.8,151.74676999
15080,712.9,0.6,126.181473499
15090,461.6,0.8,167.506033453
15100,573.8,0.7,155.209090231
15110,612.9,0.4,102.656470245
15120,625.9,0.4,104.464565649
15130,626.6,0.3,74.8822855146
15140,434.7,0.9,188.469766022
15150,632.4,0.6,133.086577054
15160,680.4,0.5,120.524172935
15170,626.9,0.2,55.3800239402
15180,579.6,0.3,86.1755114043
15190,673.8,0.4,103.473180327
15200,356.1,0.6,108.624780732
15210,788.6,0.2,67.0695788874
15220,629.0,0.2,51.5938880375
15230,542.7,0.3,65.6630827114
15240,636.8,0.5,116.481071163
15250,833.6,0.5,122.062785049
15260,435.5,0.6,109.785693359
15270,494.9,0.7,156.675409038
15280,440.9,0.4,62.6349952731
15290,410.4,0.4,74.5096197919
15300,618.9,0.2,64.3137395347
15310,850.0,0.2,87.5127466399
15320,533.0,0.4,86.8583384026
15330,286.1,0.3,57.2539946368
15340,571.3,0.2,52.2278987466
15350,465.6,0.6,113.78345947
15360,497.1,0.4,103.044674577
15370,447.3,0.3,60.4247739315
15380,549.4,0.3,79.2120483478
15390,572.8,0.1,25.8680447127
15400,478.1,0.4,93.3696682478
15410,557.0,0.5,120.700867395
15420,414.7,0.4,79.712736698
15430,703.0,0.3,75.6869468555
15440,588.5,0.4,87.5205109437
15450,524.9,0.3,61.5801896825
15460,654.2,0.6,124.067022632
15470,553.7,0.3,84.6627627634
15480,800.3,0.1,72.4005229835
15490,743.0,0.4,124.802193753
15500,899.5,0.2,87.5943471076
15510,555.9,0.2,49.7230649932
15520,605.6,0.3,77.2811201254
15530,659.3,0.2,60.7257886463
15540,716.7,0.4,98.3972905638
15550,636.9,0.5,116.67289344
15560,778.0,0.1,61.4483448345
15570,846.6,0.2,90.7902644297
15580,932.5,0.1,77.6275794607
15590,895.4,0.2,93.8026256148
15600,744.2,0.3,84.8972860534
15610,714.2,0.2,74.3616225513
15620,804.3,0.4,119.528544541
15630,761.9,0.4,91.1456116034
15640,879.1,0.2,71.2363462402
15650,921.3,0.2,91.4554790513
15660,839.4,0.4,115.68307586
15670,984.7,0.1,71.0714508946
15680,829.2,0.4,104.517397916
15690,879.9,0.2,90.3282062292
15700,897.9,0.2,95.2477805389
15710,979.4,0.1,81.2196545754
15720,949.2,0.2,80.669606688
15730,731.5,0.0,56.1092645605
15740,932.6,0.3,113.163880764
15750,784.3,0.2,83.5657688446
15760,864.0,0.3,98.8246140778
15770,831.2,0.4,102.227726875
15780,772.0,0.5,102.806389258
15790,761.6,0.6,102.823228921
15800,844.3,0.5,122.404405399
15810,865.2,0.5,83.7675237092
15820,876.9,0.5,85.4396706891
15830,860.8,0.1,48.7472358416
15840,908.5,0.4,88.6024091008
15850,880.4,0.2,69.7631383561
15860,916.9,0.2,99.0213857003
15870,943.3,0.2,76.6872158566
15880,976.0,0.1,44.3083060492
15890,1000.0,0.0,47.4718809456
15900,969.7,0.1,67.459742786
15910,951.6,0.2,63.193755579
15920,957.1,0.1,60.2382575599
15930,885.6,0.1,59.5365269961
15940,1000.0,0.0,43.2257654973
15950,1000.0,0.0,59.4044478127
15960,1000.0,0.0,53.5065781857
15970,1000.0,0.0,58.6646389987
15980,914.5,0.0,35.8478304559
15990,1000.0,0.0,50.5011866063
16000,916.3,0.0,38.3290675559
16010,999.2,0.1,34.2015320849
16020,973.3,0.1,31.434707353
16030,977.8,0.1,38.1864970631
16040,923.3,0.3,72.9358066099
16050,921.0,0.1,49.2970415901
16060,890.2,0.4,78.5707815091
16070,873.5,0.5,101.518728004
16080,789.8,0.7,105.415986053
16090,887.0,0.3,69.4957517717
16100,950.5,0.2,36.5113395282
16110,929.2,0.4,77.9366968757
16120,740.0,0.7,132.112439408
16130,845.0,0.2,55.6091924519
16140,882.3,0.3,65.1128414212
16150,918.4,0.5,90.4539904634
16160,799.9,0.5,88.8431122507
16170,934.2,0.1,33.4544954599
16180,760.4,0.6,96.9888316225
16190,767.7,0.5,79.6225272771
16200,835.3,0.5,89.4039343042
16210,814.1,0.4,81.9992842759
16220,750.1,0.5,92.9987978123
16230,629.2,0.7,111.486025397
16240,686.7,0.7,103.336941043
16250,775.7,0.4,72.1631190599
16260,709.9,0.8,110.392636165
16270,656.2,0.6,110.076042436
16280,785.6,0.4,61.9176264669
16290,505.0,0.4,53.921650242
16300,554.8,0.6,100.135506298
16310,550.5,0.5,53.7018109063
16320,747.8,0.4,70.1045003028
16330,636.6,0.5,91.6633066316
16340,602.1,0.5,99.7434241287
16350,640.9,0.4,64.433874992
16360,576.6,0.5,61.8378492496
16370,689.6,0.3,51.8318435612
16380,521.8,0.8,142.711258331
16390,578.7,0.5,78.6146759115
16400,492.4,0.4,50.9336271444
16410,601.7,0.5,72.4753898391
16420,422.1,0.4,28.0399135928
16430,505.2,0.5,77.4628758762
16440,498.0,0.4,59.212173914
16450,494.6,0.4,47.7912105073
16460,408.8,0.7,92.0442862389
16470,511.3,0.5,65.2501503681
16480,439.6,0.5,56.6927377256
16490,560.0,0.5,80.619718743
16500,499.6,0.7,123.697810294
16510,449.1,0.2,6.94648394837
16520,498.5,0.7,137.39271119
16530,638.0,0.4,68.3213313477
16540,366.9,0.4,44.618894777
16550,316.6,0.6,85.8319060736
16560,599.0,0.7,134.790195377
16570,448.5,0.4,46.9552007365
16580,708.0,0.7,140.497840829
16590,601.3,0.3,64.7463625005
16600,555.9,0.9,165.867953225
16610,555.6,0.8,130.606968517
16620,483.0,0.5,79.2158355437
16630,472.5,0.4,59.4503859633
16640,580.9,0.7,147.470329198
16650,653.9,0.6,129.074211072
16660,550.4,0.5,96.868418606
16670,571.5,0.6,109.793149054
16680,477.9,0.5,103.671586246
16690,594.9,0.4,79.9091415475
16700,607.4,0.4,81.6356801367
16710,752.3,0.6,112.522370588
16720,666.8,0.6,129.604105728
16730,687.4,0.5,86.8233144487
16740,431.7,0.6,120.408390505
16750,542.2,0.4,72.69714324
16760,572.3,0.6,137.912830963
16770,501.7,0.5,95.9335235262
16780,662.5,0.6,132.113319775
16790,515.9,0.8,144.585389618
16800,621.2,0.6,117.73996886
16810,489.5,0.5,89.2854012131
16820,579.9,0.6,113.272561384
16830,568.0,0.5,98.8544686583
16840,567.8,0.6,115.447888695
16850,489.3,0.2,34.9402754756
16860,679.2,0.4,74.0748413005
16870,643.9,0.4,92.9262926601
16880,576.1,0.4,72.8839553151
16890,704.2,0.5,134.471067568
16900,556.4,0.6,116.250531991
16910,661.7,0.6,124.989674356
16920,537.6,0.7,112.166516795
16930,586.2,0.6,109.546468675
16940,466.0,0.6,109.867246523
16950,501.5,0.4,45.7203155693
16960,735.7,0.1,37.8544223274
16970,647.4,0.5,99.6520946666
16980,589.1,0.7,121.011892551
16990,567.0,0.3,64.885894916
17000,446.9,0.7,109.495290481
17010,714.3,0.4,104.836796979
17020,492.2,0.4,70.6657842879
17030,557.2,0.6,121.959127567
17040,708.4,0.6,109.258831327
17050,535.5,0.3,57.1077361045
17060,566.7,0.5,95.3789136943
17070,772.6,0.1,45.5527625683
17080,657.8,0.7,147.838481095
17090,584.0,0.7,133.449486673
17100,551.2,0.6,107.395343593
17110,527.4,0.4,88.101533679
17120,598.0,0.5,81.9048735371
17130,660.7,0.5,102.731488064
17140,438.4,0.7,131.977102549
17150,441.4,0.5,104.422993494
17160,607.6,0.6,122.44673074
17170,688.9,0.1,33.9330053673
17180,426.7,0.5,106.979444483
17190,444.8,0.4,63.3807035823
17200,745.2,0.4,102.740955238
17210,606.7,0.4,81.4749085282
17220,499.4,0.3,66.5111436166
17230,453.0,0.5,82.9581034779
17240,410.3,0.3,40.1395870971
17250,384.1,0.5,75.8093138208
17260,481.1,0.5,69.8521741339
17270,459.1,0.7,115.584272328
17280,767.8,0.4,101.275421147
17290,582.5,0.5,106.669457151
17300,574.0,0.4,93.7411824797
17310,513.4,0.5,85.6647162066
17320,582.9,0.3,72.6538613349
17330,639.8,0.3,71.7449962054
17340,595.7,0.3,78.0141499772
17350,662.3,0.2,59.9890860297
17360,552.5,0.3,66.5310660812
17370,771.1,0.2,75.8204922986
17380,471.4,0.5,85.4710339711
17390,658.1,0.4,90.3929020639
17400,569.1,0.8,169.847241262
17410,518.1,0.8,148.100110719
17420,343.5,0.5,85.8143393866
17430,704.2,0.6,124.101614023
17440,282.3,0.4,73.8106720569
17450,560.1,0.3,51.8287905769
17460,573.6,0.2,56.0979100309
17470,414.0,0.6,107.320106488
17480,520.4,0.3,78.8514740838
17490,443.1,0.5,96.8072488416
17500,609.4,0.5,104.128930872
17510,670.8,0.3,77.0160304771
17520,604.3,0.5,119.671291174
17530,601.8,0.3,72.5430806157
17540,719.7,0.2,60.7913533752
17550,819.5,0.2,75.9402031412
17560,741.3,0.5,116.339859119
17570,613.8,0.4,99.8797811486
17580,732.6,0.3,93.6391954905
17590,686.9,0.3,94.6874577517
17600,585.8,0.4,96.3597499592
17610,779.4,0.3,107.219202536
17620,802.2,0.5,117.651466289
17630,518.4,0.9,170.694865617
17640,645.3,0.4,101.3853685
17650,686.8,0.3,83.7941066001
17660,854.9,0.5,117.964499437
17670,676.9,0.6,139.972330486
17680,735.1,0.5,118.604525836
17690,682.7,0.8,157.390049217
17700,688.0,0.5,104.612044098
17710,609.5,0.4,82.3997882212
17720,559.6,0.7,160.226012932
17730,790.1,0.5,108.980627237
17740,684.4,0.6,121.167875081
17750,805.2,0.2,83.7854575494
17760,795.0,0.4,94.3134024353
17770,675.3,0.7,135.047435249
17780,545.5,0.7,123.644739611
17790,757.7,0.7,128.332297897
17800,785.1,0.3,95.2864080931
17810,624.3,0.8,154.72191265
17820,779.0,0.6,126.795203341
17830,749.7,0.4,96.8883780692
17840,852.2,0.2,73.3058434072
17850,828.2,0.3,91.158881936
17860,850.5,0.3,100.198626043
17870,739.2,0.5,118.611031409
17880,649.0,0.7,146.766791231
17890,591.9,0.4,68.4749683457
17900,722.6,0.5,108.145475608
17910,799.8,0.3,93.680012506
17920,701.0,0.6,115.81739391
17930,556.4,0.7,136.650986232
17940,740.8,0.5,109.80593452
17950,662.5,0.6,139.428857465
17960,895.3,0.4,94.3979141189
17970,657.6,0.5,108.403634048
17980,682.5,0.4,100.928358859
17990,679.9,0.5,92.7903867048
18000,617.7,0.5,114.092166569
18010,841.4,0.4,119.500633458
18020,579.3,0.8,161.358512457
18030,609.3,0.7,132.616787417
18040,761.5,0.4,113.075064239
18050,753.7,0.5,107.28220414
18060,638.3,0.7,140.940468946
18070,800.8,0.7,158.661605114
18080,600.7,0.5,119.470251931
18090,574.8,0.2,74.3285825773
18100,718.7,0.4,91.4023212076
18110,537.3,0.4,92.8509310901
18120,711.6,0.5,114.44251734
18130,855.2,0.2,76.8220119256
18140,820.7,0.4,111.769171916
18150,649.7,0.4,102.938728539
18160,727.6,0.2,83.0903373214
18170,650.6,0.4,99.131631032
18180,909.1,0.3,106.772809206
18190,667.3,0.4,106.507779593
18200,741.4,0.4,108.365475812
18210,577.5,0.5,123.50739282
18220,651.2,0.5,105.616566209
18230,608.3,0.4,114.355795314
18240,539.7,0.5,98.3746251506
18250,634.3,0.6,130.643760598
18260,628.0,0.7,138.020466072
18270,719.5,0.4,94.3429029607
18280,676.7,0.5,105.683514414
18290,550.5,0.2,62.4038039498
18300,619.8,0.4,104.403972463
18310,736.7,0.3,93.9782813395
18320,637.2,0.7,133.010070943
18330,765.9,0.2,83.1744823118
18340,716.2,0.5,117.381751334
18350,695.8,0.9,166.123317279
18360,820.2,0.3,100.813313311
18370,545.8,0.2,79.3355264688
18380,659.1,0.3,98.3243703169
18390,698.7,0.4,93.5003923646
18400,555.7,0.4,101.36654069
18410,850.9,0.2,88.9700466421
18420,623.2,0.4,107.166086876
18430,670.4,0.5,121.203942251
18440,649.7,0.5,119.349460398
18450,772.7,0.3,72.0918886389
18460,855.6,0.1,73.3705773701
18470,727.5,0.5,110.863105527
18480,613.3,0.5,100.429275968
18490,787.5,0.3,95.4491488314
18500,725.2,0.6,123.645472023
18510,797.2,0.5,127.096820469
18520,625.5,0.7,137.833924687
18530,725.3,0.4,109.496560675
18540,622.7,0.5,112.257315555
18550,804.1,0.4,111.405580038
18560,699.1,0.6,141.505626392
18570,955.2,0.3,101.11807873
18580,914.9,0.2,90.0520743658
18590,752.3,0.5,123.590291012
18600,692.7,0.7,149.329559366
18610,664.6,0.6,122.854537542
18620,719.1,0.6,150.173473245
18630,679.1,0.6,127.881844432
18640,698.8,0.7,137.465639289
18650,733.5,0.5,121.054138489
18660,822.0,0.4,114.11665373
18670,781.5,0.6,138.591138124
18680,885.5,0.4,116.405462675
18690,858.5,0.5,118.787267679
18700,914.3,0.3,100.685535667
18710,884.0,0.5,125.663321163
18720,837.5,0.5,127.539205811
18730,843.5,0.3,94.6614667912
18740,824.1,0.4,88.2853891276
18750,954.1,0.2,75.4884107014
18760,852.8,0.3,89.8371668471
18770,924.8,0.0,60.7060387565
18780,912.2,0.4,121.857188144
18790,946.0,0.2,78.3930543079
18800,1000.0,0.0,71.5863681134
18810,925.5,0.0,76.3329349246
18820,914.2,0.0,78.023197977
18830,1000.0,0.0,76.0189766526
18840,1000.0,0.0,92.7642688256
18850,845.1,0.1,98.3726981695
18860,1000.0,0.0,91.6627721729
18870,931.0,0.1,93.4040535014
18880,1000.0,0.0,82.4551229655
18890,872.4,0.2,111.493689357
18900,1000.0,0.0,70.7237407818
18910,916.3,0.2,111.557628292
18920,940.3,0.1,96.5854640483
18930,901.1,0.2,106.902775876
18940,1000.0,0.0,90.4884541685
18950,931.9,0.1,87.0607194021
18960,1000.0,0.0,88.7730850206
18970,1000.0,0.0,95.2587313482
18980,941.9,0.1,90.2985101417
18990,879.3,0.2,103.559609555
19000,936.8,0.2,117.941637
19010,997.5,0.1,96.3472874438
19020,942.8,0.1,104.04739274
19030,904.4,0.2,104.283172281
19040,1000.0,0.0,95.1454349231
19050,1000.0,0.0,77.9788668144
19060,990.4,0.1,76.7540232553
19070,1000.0,0.0,74.685197009
19080,994.1,0.1,55.6302203046
19090,984.5,0.2,74.4167630968
19100,1000.0,0.0,72.5144011363
19110,978.6,0.1,73.7044838737
19120,886.1,0.4,113.726502495
19130,902.2,0.3,88.785166785
19140,895.2,0.3,101.701288634
19150,962.5,0.2,82.0515088619
19160,951.9,0.2,93.5830946065
19170,929.7,0.3,94.4148083501
19180,909.3,0.2,78.4006176121
19190,982.8,0.1,72.2985894897
19200,1000.0,0.0,56.5282791518
19210,1000.0,0.0,72.6757530125
19220,1000.0,0.0,77.3563870285
19230,1000.0,0.0,72.788198385
19240,1000.0,0.0,92.3391596032
19250,1000.0,0.0,95.5038242675
19260,1000.0,0.0,85.8669101857
19270,1000.0,0.0,78.1439417225
19280,1000.0,0.0,84.046582479
19290,948.6,0.1,101.52387853
19300,1000.0,0.0,96.4040730965
19310,1000.0,0.0,86.9432267833
19320,1000.0,0.0,85.00309064
19330,1000.0,0.0,92.945606336
19340,1000.0,0.0,91.9415023149
19350,947.0,0.1,95.6291398169
19360,1000.0,0.0,80.1248435766
19370,1000.0,0.0,80.3008159409
19380,1000.0,0.0,83.8031188733
19390,1000.0,0.0,80.3812946947
19400,1000.0,0.0,93.0142515163
19410,1000.0,0.0,85.4933089775
19420,1000.0,0.0,99.4626910975
19430,992.4,0.1,103.788550651
19440,1000.0,0.0,86.7492676699
19450,920.6,0.0,94.528180362
19460,915.4,0.1,97.6790312087
19470,1000.0,0.0,99.5652157653
19480,1000.0,0.0,98.0866780625
19490,882.5,0.2,111.699536356
19500,1000.0,0.0,97.9050446088
19510,951.1,0.1,104.702895111
19520,1000.0,0.0,83.0340853661
19530,933.5,0.2,90.4325773812
19540,989.9,0.1,100.246656281
19550,905.2,0.3,82.8637670952
19560,908.7,0.4,94.6290796806
19570,732.8,0.7,142.60585536
19580,951.0,0.3,78.4074746781
19590,837.8,0.5,96.775570099
19600,843.2,0.5,96.39994828
19610,838.5,0.4,89.181440629
19620,799.9,0.5,104.344011923
19630,844.4,0.8,139.017509236
19640,878.9,0.5,100.563906052
19650,866.6,0.4,86.757141974
19660,802.2,0.3,86.2697184742
19670,828.1,0.4,91.2687701657
19680,936.3,0.2,84.7538522135
19690,912.3,0.4,106.94072083
19700,969.5,0.2,85.2105172532
19710,917.6,0.2,111.224140523
19720,983.6,0.1,89.4517901437
19730,875.7,0.1,84.6624299304
19740,952.7,0.1,109.842463038
19750,931.8,0.1,100.873748579
19760,918.7,0.0,74.6502579244
19770,1000.0,0.0,88.241839613
19780,926.0,0.0,82.1870911157
19790,1000.0,0.0,91.8667226269
19800,1000.0,0.0,85.1144886309
19810,950.1,0.1,90.1568149228
19820,928.8,0.0,77.4495107746
19830,856.5,0.1,101.494505044
19840,916.6,0.0,87.1157459527
19850,861.3,0.1,99.5928124539
19860,1000.0,0.0,80.7199607321
19870,848.7,0.0,66.793521356
19880,789.7,0.1,78.9763185031
19890,860.1,0.3,125.643188109
19900,1000.0,0.0,92.491386697
19910,900.9,0.1,95.0527724853
19920,931.5,0.1,120.719803987
19930,891.3,0.1,103.105517953
19940,940.8,0.1,102.586693628
19950,897.1,0.1,88.6507317394
19960,840.3,0.0,78.1994755687
19970,934.4,0.1,107.487093853
19980,893.0,0.1,103.819845112
19990,973.1,0.1,104.484462462
20000,799.5,0.2,103.413837686
20010,943.4,0.1,114.238713113
20020,690.6,0.3,91.3728716469
20030,846.9,0.0,89.2921214529
20040,864.7,0.1,95.012530006
20050,887.3,0.1,81.6101849963
20060,781.1,0.1,93.9621860741
20070,844.9,0.3,99.3159897246
20080,974.8,0.1,98.0425935081
20090,979.3,0.1,103.849024476
20100,841.0,0.0,87.1982919051
20110,858.2,0.1,90.8966143347
20120,860.9,0.1,95.5958782746
20130,1000.0,0.0,103.70805233
20140,919.6,0.2,104.2343347
20150,1000.0,0.0,101.316555816
20160,1000.0,0.0,98.5983894731
20170,905.1,0.1,79.7090944701
20180,877.5,0.2,108.864019917
20190,950.7,0.2,118.660520507
20200,1000.0,0.0,116.467145722
20210,932.2,0.1,112.037530575
20220,923.5,0.0,84.5520507722
20230,806.9,0.1,69.3342804279
20240,946.5,0.1,113.955093548
20250,925.3,0.0,80.7409251054
20260,850.0,0.0,72.1978353935
20270,868.4,0.1,85.1121241771
20280,921.4,0.0,81.1755408431
20290,938.2,0.1,104.899419652
20300,1000.0,0.0,86.9125084496
20310,869.6,0.1,88.6579237528
20320,1000.0,0.0,87.1822381963
20330,921.7,0.0,68.9740563913
20340,942.5,0.3,110.442074302
20350,966.6,0.2,100.933371173
20360,850.2,0.1,76.6003356114
20370,994.9,0.1,76.9429878639
20380,815.5,0.1,68.0024308226
20390,944.5,0.2,85.3406191983
20400,893.0,0.2,69.1173894773
20410,952.9,0.2,79.5394155448
20420,925.8,0.3,78.1631069532
20430,829.1,0.3,108.283934532
20440,916.2,0.3,105.325714697
20450,943.6,0.2,99.9426091574
20460,846.5,0.4,111.091784628
20470,963.3,0.2,79.8525833426
20480,838.8,0.0,65.5905329507
20490,802.9,0.2,71.838935172
20500,936.5,0.5,124.042108647
20510,1000.0,0.0,88.9090045445
20520,861.2,0.1,85.7240479667
20530,960.1,0.1,107.707841313
20540,928.0,0.2,101.392626499
20550,858.7,0.1,84.7555028732
20560,1000.0,0.0,77.5026549561
20570,888.1,0.2,100.145606014
20580,846.9,0.2,90.7284312199
20590,888.9,0.2,101.514515627
20600,911.4,0.0,86.9853070466
20610,1000.0,0.0,91.8230863682
20620,985.5,0.2,104.027547303
20630,919.4,0.0,80.4560535221
20640,1000.0,0.0,80.5328658407
20650,1000.0,0.0,76.5884817994
20660,925.3,0.0,61.3208247902
20670,996.6,0.1,78.2804604238
20680,848.4,0.2,83.6026579242
20690,973.5,0.1,84.9230241702
20700,900.4,0.1,77.7669999736
20710,956.9,0.1,95.5440962833
20720,937.8,0.2,96.0716966488
20730,1000.0,0.0,76.5703230133
20740,916.7,0.0,81.4913452307
20750,1000.0,0.0,79.4773885426
20760,1000.0,0.0,86.8695537676
20770,1000.0,0.0,80.40916706
20780,1000.0,0.0,85.1136572159
20790,1000.0,0.0,82.2423047781
20800,984.0,0.1,104.901706699
20810,1000.0,0.0,78.0070539751
20820,990.8,0.1,98.1317868044
20830,989.4,0.1,88.3655590651
20840,920.8,0.0,61.7205766385
20850,978.8,0.1,78.5911081794
20860,930.4,0.3,91.7941759951
20870,1000.0,0.0,61.8049799779
20880,992.6,0.1,81.796102834
20890,986.0,0.2,94.7945411361
20900,1000.0,0.0,64.7616215954
20910,965.3,0.2,75.0255500653
20920,935.0,0.3,96.4609587753
20930,785.5,0.7,132.802015627
20940,841.4,0.6,127.088581952
20950,865.7,0.5,118.849422445
20960,889.4,0.3,85.8417535712
20970,788.7,0.6,138.5586079
20980,851.0,0.4,113.282409317
20990,845.6,0.5,107.350619085
21000,852.3,0.5,123.015261746
21010,816.6,0.5,118.885535944
21020,896.0,0.4,104.172984102
21030,863.7,0.6,101.758132565
21040,864.3,0.5,106.506778409
21050,882.1,0.4,100.342257619
21060,890.7,0.4,85.9074906932
21070,811.9,0.5,104.596698596
21080,939.8,0.3,88.5038890394
21090,699.4,0.7,122.973749588
21100,864.8,0.4,102.985223619
21110,877.2,0.4,96.8072509391
21120,966.7,0.2,72.474833934
21130,818.6,0.6,116.675309668
21140,728.4,0.7,144.913899446
21150,798.6,0.8,133.202238893
21160,874.5,0.5,100.157615081
21170,895.7,0.5,114.081339688
21180,901.9,0.3,89.5180287444
21190,791.3,0.5,123.359816145
21200,864.8,0.5,99.7036271118
21210,828.6,0.3,75.222698849
21220,937.9,0.3,78.0829187376
21230,938.1,0.2,69.7611244206
21240,924.5,0.2,65.1418571978
21250,878.8,0.5,97.0283822291
21260,913.6,0.4,97.7854766539
21270,727.8,0.7,134.875337921
21280,971.9,0.2,82.9236333117
21290,924.2,0.2,78.2279599089
21300,923.1,0.3,88.8103032957
21310,868.5,0.4,95.741415195
21320,736.2,0.8,146.799283574
21330,729.5,0.7,125.431251519
21340,730.6,0.8,160.801180447
21350,895.7,0.3,105.207534024
21360,962.4,0.2,76.0310404853
21370,858.5,0.4,103.201123915
21380,924.7,0.3,83.9621562107
21390,935.7,0.2,83.7696999789
21400,919.4,0.2,75.5030537762
21410,751.7,0.8,158.719129023
21420,808.1,0.5,128.156890138
21430,817.4,0.5,115.899124298
21440,807.6,0.5,119.49524616
21450,821.0,0.4,106.898118324
21460,880.5,0.4,86.8576807621
21470,832.7,0.5,105.837746763
21480,820.0,0.6,130.327866621
21490,893.9,0.2,87.9547849238
21500,801.1,0.5,122.432609746
21510,922.4,0.2,90.2305001924
21520,958.9,0.3,81.0283006132
21530,860.4,0.3,99.5294067693
21540,761.4,0.4,101.423984958
21550,833.2,0.2,64.6847123955
21560,759.2,0.4,93.4716715775
21570,695.4,0.7,146.1172475
21580,768.4,0.6,128.803747163
21590,829.6,0.4,109.121226992
21600,719.8,0.8,152.087989574
21610,767.9,0.4,104.268929001
21620,808.3,0.4,98.0910076928
21630,781.2,0.3,89.7250401223
21640,701.1,0.6,128.204458448
21650,826.3,0.5,110.012028278
21660,901.1,0.2,78.3843482205
21670,868.3,0.3,98.6504718159
21680,883.6,0.3,90.9431153472
21690,731.6,0.7,134.125486692
21700,869.8,0.5,109.206662409
21710,732.0,0.6,129.293866344
21720,811.8,0.6,118.373783361
21730,775.5,0.6,123.30329406
21740,852.5,0.4,100.257762559
21750,808.0,0.6,128.990219254
21760,677.8,0.7,131.418334696
21770,795.7,0.4,85.8588765864
21780,733.6,0.5,137.313942177
21790,767.2,0.6,121.78732587
21800,809.9,0.5,114.966618803
21810,876.5,0.4,88.9833748437
21820,794.5,0.3,92.1149779342
21830,719.0,0.7,140.281963476
21840,874.4,0.4,104.412960827
21850,711.8,0.7,143.361856405
21860,895.9,0.2,88.1308440941
21870,928.9,0.2,63.9650068276
21880,822.5,0.4,108.561765891
21890,763.1,0.5,127.619551163
21900,844.7,0.4,104.626613345
21910,863.0,0.4,94.8027657008
21920,638.8,0.7,139.651151476
21930,902.6,0.3,68.0530874026
21940,879.3,0.3,97.1622667131
21950,909.6,0.3,83.9671446741
21960,783.8,0.7,111.018394421
21970,749.5,0.4,96.6195392107
21980,915.1,0.4,85.5768683216
21990,690.7,0.5,108.811241069
22000,826.2,0.5,113.779478327
22010,727.9,0.5,104.17073865
22020,864.8,0.5,110.081594256
22030,706.3,0.5,119.865743813
22040,792.7,0.5,100.239421165
22050,736.1,0.6,113.896316672
22060,725.6,0.4,94.3294071444
22070,685.3,0.6,133.097024319
22080,709.0,0.6,131.495465524
22090,667.6,0.7,127.379603713
22100,752.1,0.3,58.0466552025
22110,882.0,0.3,84.3011166526
22120,627.8,0.7,129.963397463
22130,767.7,0.6,128.288427743
22140,708.2,0.6,136.2503392
22150,744.1,0.6,124.931007184
22160,759.1,0.6,110.308658995
22170,816.4,0.4,87.3844992029
22180,637.1,0.7,138.501751026
22190,861.8,0.2,53.2929662493
22200,741.4,0.5,88.212005517
22210,720.7,0.6,130.016286532
22220,846.6,0.5,92.9407541162
22230,779.6,0.6,116.210186112
22240,727.9,0.7,126.364555433
22250,731.8,0.4,90.1064616471
22260,757.8,0.3,76.6163642806
22270,739.5,0.4,81.1574550868
22280,885.1,0.3,76.4764648207
22290,645.9,0.5,92.3675847991
22300,827.7,0.5,106.721765645
22310,829.0,0.5,123.014431545
22320,766.6,0.5,97.2894882275
22330,870.8,0.1,52.3584514963
22340,773.3,0.5,115.209132171
22350,738.9,0.4,93.4368704876
22360,608.4,0.4,79.4893364041
22370,718.5,0.4,67.633192622
22380,699.7,0.5,111.500164015
22390,687.7,0.3,53.253316966
22400,514.4,0.6,96.0251302613
22410,548.1,0.6,112.337878121
22420,744.6,0.3,66.4556801792
22430,679.9,0.6,130.180600725
22440,738.7,0.4,94.3873105303
22450,782.1,0.5,122.351007177
22460,614.4,0.7,130.464079374
22470,761.7,0.4,104.558752945
22480,686.1,0.5,116.322177201
22490,745.0,0.7,136.471730388
22500,760.3,0.4,107.404557981
22510,818.3,0.2,77.7738984952
22520,679.2,0.4,81.6438938313
22530,874.5,0.3,82.9340272868
22540,852.2,0.3,98.1245710781
22550,658.0,0.5,123.228859089
22560,484.9,0.5,103.89161098
22570,794.3,0.1,40.6508728367
22580,592.7,0.4,90.1462934143
22590,706.2,0.1,43.2245324703
22600,847.3,0.2,66.2268666486
22610,784.8,0.4,101.322131613
22620,686.5,0.7,145.934256772
22630,720.7,0.4,100.05962649
22640,561.1,0.5,95.525667846
22650,621.6,0.6,108.692957004
22660,437.3,0.6,86.6336365
22670,525.4,0.5,85.7048250289
22680,586.8,0.4,72.8077406565
22690,565.2,0.5,101.154354715
22700,591.3,0.5,104.380269175
22710,546.0,0.6,114.715435386
22720,689.5,0.6,130.871165999
22730,672.6,0.5,102.172370847
22740,484.6,0.6,108.08763089
22750,550.2,0.4,63.4243789061
22760,694.7,0.3,66.6406750643
22770,658.7,0.4,90.5743503211
22780,767.3,0.3,78.4410118209
22790,566.0,0.3,46.0488897234
22800,645.7,0.6,116.827877622
22810,833.9,0.2,72.8425286951
22820,606.7,0.6,117.967337546
22830,736.0,0.5,112.715178514
22840,668.6,0.7,152.825569374
22850,680.6,0.3,76.3692964524
22860,715.9,0.3,74.0098608953
22870,567.4,0.7,127.384151336
22880,734.3,0.4,98.7441548531
22890,692.4,0.3,82.4745323948
22900,686.8,0.7,132.849559768
22910,708.7,0.7,151.111195229
22920,640.2,0.5,110.194706889
22930,651.8,0.4,88.2166930806
22940,701.3,0.4,94.2131709522
22950,715.5,0.4,106.840898423
22960,609.6,0.5,77.6417130074
22970,782.1,0.4,99.3375811146
22980,601.4,0.7,130.964800128
22990,688.0,0.6,128.48349069
23000,649.2,0.7,144.745430407
23010,819.9,0.5,109.755026929
23020,845.3,0.5,113.169579342
23030,719.7,0.6,124.217190359
23040,970.1,0.1,79.3136281557
23050,674.5,0.6,119.920498109
23060,752.9,0.5,119.926322823
23070,736.7,0.5,125.648638307
23080,914.4,0.4,94.3510769729
23090,768.9,0.5,116.98127029
23100,870.0,0.3,81.5462350353
23110,734.1,0.7,145.60217885
23120,847.8,0.3,104.286000646
23130,747.3,0.8,144.228447944
23140,740.9,0.4,98.7094339161
23150,729.7,0.6,116.0154484
23160,738.3,0.6,137.959408124
23170,653.3,0.6,128.581914823
23180,890.7,0.2,75.9632575715
23190,755.4,0.6,132.410685424
23200,864.4,0.5,113.688669462
23210,566.8,0.8,151.341212622
23220,714.7,0.5,112.54888133
23230,896.8,0.3,89.1793068173
23240,759.3,0.6,120.143376012
23250,849.6,0.5,111.922286953
23260,878.8,0.4,100.617557589
23270,705.7,0.5,125.012574449
23280,768.9,0.4,107.395603492
23290,817.6,0.3,72.5523231176
23300,860.4,0.5,108.82630759
23310,903.8,0.3,92.7378447261
23320,768.7,0.6,116.781224763
23330,777.2,0.6,119.997184828
23340,723.4,0.6,131.769776027
23350,874.6,0.4,119.01405006
23360,794.6,0.4,108.508585146
23370,863.5,0.5,125.146212453
23380,927.1,0.3,90.5286587098
23390,860.0,0.2,80.2664114893
23400,868.8,0.4,102.296162436
23410,860.4,0.3,86.9167714841
23420,882.8,0.3,91.6303903433
23430,816.4,0.5,96.0152546426
23440,874.0,0.4,125.304323995
23450,736.8,0.6,129.221646057
23460,941.4,0.2,83.3806416959
23470,840.3,0.4,104.707303296
23480,743.1,0.6,136.52256314
23490,841.2,0.5,116.459001533
23500,756.8,0.6,136.966103561
23510,815.0,0.3,87.191019209
23520,868.6,0.3,84.0598465079
23530,819.1,0.4,106.242932877
23540,765.9,0.5,127.141937107
23550,825.1,0.4,100.957378969
23560,810.2,0.4,102.43331421
23570,841.1,0.3,88.8072050834
23580,647.5,0.6,130.064229235
23590,820.0,0.6,125.134778702
23600,874.6,0.3,108.562470992
23610,864.3,0.3,98.9227725499
23620,721.5,0.7,135.320826859
23630,799.1,0.5,118.870309178
23640,750.0,0.5,132.440916039
23650,770.4,0.5,130.274516346
23660,731.5,0.7,131.158575208
23670,904.6,0.3,96.7691719194
23680,704.4,0.6,137.125516935
23690,789.8,0.6,119.027381403
23700,892.3,0.3,82.8281319778
23710,834.9,0.6,126.934871832
23720,794.3,0.4,109.577070058
23730,731.4,0.6,128.038920723
23740,780.7,0.3,91.15103618
23750,807.9,0.6,123.602800482
23760,825.6,0.5,104.413773688
23770,733.8,0.3,88.6513011921
23780,790.0,0.4,122.054859084
23790,752.2,0.5,145.604765129
23800,622.3,0.7,170.704573861
23810,776.2,0.5,111.067727259
23820,909.2,0.2,84.5111613618
23830,756.8,0.8,161.565997223
23840,936.5,0.2,90.7340195453
23850,866.3,0.4,116.958492066
23860,926.0,0.3,89.5841964053
23870,878.6,0.4,102.80754593
23880,728.7,0.5,129.755024414
23890,839.5,0.5,120.554781583
23900,808.5,0.5,119.800397121
23910,743.6,0.6,115.606320983
23920,919.0,0.4,119.376700972
23930,848.0,0.4,105.37517437
23940,674.7,0.7,156.211512289
23950,850.9,0.4,103.830737326
23960,733.9,0.6,136.170528735
23970,896.4,0.3,86.6853057525
23980,828.0,0.6,141.582467697
23990,752.7,0.4,108.187819347
24000,923.8,0.4,109.419480342
24010,929.6,0.3,109.771092612
24020,851.9,0.5,121.342789989
24030,965.5,0.1,69.1922978981
24040,789.2,0.7,127.554407852
24050,869.5,0.3,103.409736865
24060,681.4,0.6,128.703006569
24070,861.5,0.1,66.7737470753
24080,772.1,0.6,134.685635936
24090,816.0,0.5,103.57511036
24100,708.7,0.3,85.6534347668
24110,772.2,0.5,134.969058682
24120,805.4,0.6,133.259569762
24130,824.2,0.4,109.73030715
24140,784.6,0.5,116.911437985
24150,845.7,0.4,104.337501257
24160,945.9,0.2,84.7043044278
24170,953.6,0.2,88.3953615785
24180,695.9,0.6,140.449130142
24190,638.4,0.5,132.007734188
24200,753.9,0.5,131.105005022
24210,776.7,0.6,139.077570129
24220,831.4,0.5,126.380456905
24230,860.0,0.4,113.46585871
24240,725.5,0.7,142.823588714
24250,869.4,0.3,98.2032688346
24260,820.6,0.5,127.446224229
24270,799.1,0.4,120.993952061
24280,773.5,0.5,136.355089599
24290,904.8,0.4,114.739618753
24300,683.3,0.6,121.847209986
24310,780.5,0.6,137.695087077
24320,736.1,0.5,129.071085848
24330,707.4,0.5,142.616219979
24340,682.5,0.5,103.729866335
24350,832.1,0.4,116.73052862
24360,775.1,0.5,113.382665165
24370,948.9,0.2,82.2608656673
24380,737.0,0.7,138.830529558
24390,637.0,0.7,143.568614175
24400,852.6,0.3,94.2251875498
24410,934.6,0.2,81.5527731183
24420,913.0,0.2,81.584960434
24430,805.9,0.4,117.771930479
24440,952.1,0.3,102.287276034
24450,698.3,0.7,132.09759897
24460,840.1,0.3,94.8859682989
24470,906.6,0.3,114.328212935
24480,829.4,0.2,91.6587560871
24490,845.2,0.4,104.330436286
24500,796.7,0.4,112.539921207
24510,808.4,0.4,106.892519259
24520,738.2,0.6,135.301415725
24530,832.6,0.3,106.648621161
24540,857.4,0.3,107.030872314
24550,792.8,0.3,90.0734374653
24560,755.2,0.3,104.541079468
24570,537.0,0.5,123.691295446
24580,924.3,0.2,89.631207428
24590,826.0,0.4,111.772000365
24600,855.2,0.3,106.475102806
24610,716.8,0.7,139.097243558
24620,912.0,0.4,122.931977782
24630,835.6,0.0,52.3818403204
24640,682.0,0.7,133.146637635
24650,719.7,0.5,130.355256261
24660,800.5,0.6,141.438248106
24670,832.8,0.4,122.210519043
24680,822.3,0.2,73.9695872784
24690,867.4,0.3,89.6291873943
24700,838.6,0.3,114.573892216
24710,668.9,0.4,96.4242661441
24720,891.2,0.3,100.789295506
24730,616.0,0.3,87.9583144266
24740,854.4,0.2,84.8592157517
24750,797.0,0.2,72.7492720258
24760,771.5,0.3,86.5788890249
24770,821.8,0.5,122.903964444
24780,692.8,0.4,115.874224689
24790,721.9,0.7,142.575027569
24800,764.3,0.2,68.1999813988
24810,787.5,0.4,114.450852805
24820,834.7,0.3,83.6560567369
24830,667.8,0.6,131.301006329
24840,747.4,0.7,134.978279241
24850,778.7,0.5,117.992716215
24860,893.6,0.3,90.2200520668
24870,743.4,0.5,113.178242727
24880,736.4,0.6,127.179197165
24890,805.3,0.1,51.776759808
24900,851.0,0.2,80.0102424072
24910,563.2,0.8,161.329353345
24920,644.1,0.7,147.027405218
24930,801.0,0.4,97.7955172055
24940,897.2,0.3,102.932329594
24950,799.3,0.2,95.5497372125
24960,679.0,0.5,103.818102515
24970,644.1,0.6,160.254334189
24980,712.1,0.7,160.573434226
24990,736.0,0.5,125.50404992
25000,840.6,0.4,103.589415537
25010,901.0,0.4,113.741227626
25020,809.8,0.4,112.234140549
25030,784.6,0.4,106.156927236
25040,662.8,0.9,165.415999945
25050,856.8,0.5,121.253270862
25060,849.7,0.4,103.052454152
25070,556.9,0.7,145.599707023
25080,813.1,0.4,132.393128601
25090,873.1,0.4,119.08567986
25100,757.7,0.5,117.363049668
25110,837.0,0.3,94.4192806771
25120,852.4,0.4,101.377976345
25130,916.2,0.2,100.344917944
25140,772.5,0.4,93.643212279
25150,728.8,0.5,119.908672937
25160,776.1,0.4,100.781217956
25170,891.8,0.4,107.361003376
25180,850.1,0.4,96.1164484715
25190,765.4,0.5,116.89985608
25200,906.9,0.4,102.704270412
25210,653.2,0.6,129.10191864
25220,830.9,0.2,90.1952912686
25230,869.9,0.3,90.5180755367
25240,669.6,0.6,133.392465275
25250,729.5,0.4,110.349161144
25260,714.9,0.4,116.419352709
25270,797.1,0.6,138.026776065
25280,788.0,0.2,82.9836946017
25290,795.4,0.3,89.0916930673
25300,667.6,0.5,117.552254492
25310,721.8,0.2,59.3726899623
25320,637.0,0.6,142.749840471
25330,819.9,0.5,130.280696029
25340,710.3,0.6,143.862847563
25350,569.2,0.6,127.174534972
25360,618.2,0.6,106.187058718
25370,638.1,0.4,107.529913482
25380,807.8,0.4,108.046190444
25390,721.2,0.5,118.496366993
25400,796.3,0.2,61.3579371331
25410,671.3,0.5,134.081795335
25420,739.8,0.3,92.401837669
25430,870.3,0.3,90.5332912927
25440,732.2,0.5,108.467556233
25450,735.9,0.5,128.747582362
25460,705.6,0.4,86.5847006727
25470,517.2,0.3,77.5080567675
25480,732.6,0.5,110.119809903
25490,727.1,0.4,106.974618062
25500,689.0,0.4,112.585928655
25510,634.6,0.5,109.784629261
25520,710.1,0.2,76.4727019917
25530,774.0,0.3,100.460948249
25540,747.7,0.3,87.4866517386
25550,608.6,0.7,151.229713132
25560,608.5,0.6,129.503125922
25570,754.2,0.3,79.8932794274
25580,694.7,0.3,86.1111013691
25590,645.4,0.4,87.6681469303
25600,745.6,0.3,105.240306091
25610,568.7,0.5,112.338871983
25620,693.6,0.5,122.614545614
25630,948.9,0.2,79.1941164433
25640,598.5,0.3,82.4867403628
25650,649.9,0.4,112.640837754
25660,643.0,0.4,90.7256090091
25670,629.2,0.5,131.611119641
25680,857.0,0.2,93.6908942429
25690,738.0,0.3,73.3665820674
25700,788.8,0.4,104.463345515
25710,705.9,0.2,89.7250099642
25720,704.3,0.5,132.932169445
25730,595.5,0.5,134.358454281
25740,860.5,0.2,87.5602256703
25750,430.9,0.5,86.1766034382
25760,587.3,0.3,89.4164774408
25770,723.3,0.3,87.0266415612
25780,681.8,0.6,133.457226474
25790,832.7,0.3,106.495741082
25800,807.5,0.3,110.08053353
25810,635.2,0.5,126.715539346
25820,763.2,0.3,102.550919735
25830,625.9,0.4,96.2647761715
25840,716.3,0.5,127.104905304
25850,733.6,0.4,116.006983639
25860,733.0,0.4,105.520064442
25870,678.0,0.6,121.074735311
25880,762.5,0.4,92.9299344364
25890,583.7,0.5,116.412079851
25900,669.9,0.5,101.747727472
25910,529.0,0.4,96.2231728392
25920,541.5,0.5,110.029205846
25930,626.3,0.5,122.248491543
25940,558.4,0.6,116.294305437
25950,670.3,0.5,117.02381328
25960,826.4,0.3,81.8522821956
25970,823.5,0.2,83.9870162343
25980,692.3,0.1,56.274129208
25990,705.1,0.3,86.3123736857
26000,412.1,0.6,129.684718578
26010,804.3,0.2,100.960842187
26020,632.4,0.6,126.809475923
26030,720.5,0.5,124.989212646
26040,585.6,0.2,40.2772391996
26050,814.7,0.3,92.5717880951
26060,684.3,0.3,97.4676744145
26070,657.8,0.5,125.230200464
26080,784.0,0.4,85.9630175404
26090,581.8,0.6,116.09678192
26100,699.0,0.4,106.787641296
26110,809.5,0.3,100.34547897
26120,487.4,0.7,129.251431801
26130,869.2,0.4,110.549639722
26140,777.6,0.5,104.938807032
26150,770.0,0.5,130.634387369
26160,853.7,0.4,94.5089183661
26170,676.5,0.3,86.4944029284
26180,831.1,0.4,112.327958235
26190,722.8,0.4,97.1346471162
26200,655.3,0.6,117.562842878
26210,727.4,0.6,127.418324541
26220,534.2,0.7,144.173478869
26230,667.6,0.3,63.616133255
26240,603.7,0.5,116.656652133
26250,784.3,0.2,102.406152133
26260,869.9,0.3,95.9642594608
26270,808.6,0.3,83.6197102186
26280,791.1,0.5,129.536468309
26290,805.9,0.3,92.9934823127
26300,823.1,0.3,106.316849213
26310,881.7,0.3,87.8440838505
26320,675.2,0.4,87.4326208096
26330,587.8,0.8,159.689790959
26340,722.5,0.6,132.469776908
26350,806.5,0.4,123.455818561
26360,725.6,0.3,90.9272026201
26370,777.6,0.3,98.494435102
26380,839.0,0.4,124.235660477
26390,623.4,0.4,96.9383184495
26400,727.6,0.3,79.5463113661
26410,779.8,0.5,121.122740607
26420,741.3,0.6,139.012131473
26430,647.7,0.4,100.929949678
26440,785.9,0.4,108.365225075
26450,880.9,0.3,94.6137973561
26460,757.0,0.4,110.846191772
26470,873.3,0.4,116.028930059
26480,818.2,0.4,126.645127669
26490,807.1,0.3,97.1710311815
26500,773.7,0.7,161.901641969
26510,876.6,0.5,128.486345336
26520,838.0,0.3,104.114515699
26530,853.9,0.4,104.754239521
26540,601.5,0.7,148.01083797
26550,910.0,0.3,104.610268325
26560,743.8,0.5,125.993684911
26570,765.3,0.3,82.9937643162
26580,815.6,0.5,119.851753941
26590,707.0,0.8,176.685233109
26600,717.0,0.7,137.701384067
26610,818.6,0.6,125.707198736
26620,804.2,0.7,139.112525911
26630,740.1,0.5,131.331823047
26640,797.2,0.5,121.495970396
26650,722.4,0.6,151.014795397
26660,875.3,0.5,116.643034936
26670,737.4,0.4,109.124048377
26680,625.0,0.6,118.468820986
26690,764.0,0.3,107.498291749
26700,834.2,0.6,131.298771685
26710,738.2,0.3,107.331177243
26720,628.2,0.8,164.334293001
26730,603.4,0.8,165.345978946
26740,640.8,0.8,151.111118183
26750,745.5,0.5,129.934640209
26760,642.7,0.6,148.391074383
26770,822.3,0.6,138.9306918
26780,769.9,0.5,124.360243851
26790,661.3,0.5,119.573313981
26800,760.6,0.4,110.307728723
26810,694.4,0.4,96.7316202483
26820,691.1,0.5,136.625352136
26830,653.1,0.7,167.930684422
26840,736.4,0.5,110.934551906
26850,848.0,0.5,124.972125979
26860,618.7,0.6,127.119481496
26870,797.8,0.5,124.744793958
26880,735.3,0.5,128.061019165
26890,766.5,0.6,141.819370889
26900,703.0,0.8,152.648763326
26910,699.0,0.6,127.914378481
26920,609.8,0.6,135.171162
26930,741.9,0.6,135.267649466
26940,814.5,0.6,133.361290317
26950,721.1,0.1,45.232031815
26960,690.7,0.3,92.179259715
26970,613.8,0.6,131.304023141
26980,886.7,0.4,106.818741716
26990,869.6,0.3,107.261841231
27000,700.1,0.7,157.720346733
27010,590.3,0.8,162.747544724
27020,571.7,0.6,127.687844052
27030,670.0,0.6,146.799930648
27040,886.5,0.1,63.1151462534
27050,693.7,0.5,121.704169342
27060,789.4,0.4,112.208277807
27070,848.9,0.5,116.95566686
27080,715.8,0.5,133.376830081
27090,865.5,0.2,103.408031514
27100,760.1,0.6,136.391618995
27110,686.3,0.7,151.478366893
27120,846.8,0.2,88.9647521888
27130,727.1,0.5,117.571487802
27140,705.1,0.7,141.06198498
27150,766.8,0.5,138.299965723
27160,755.3,0.4,110.798592094
27170,635.1,0.7,152.561662148
27180,741.8,0.4,119.033873931
27190,617.6,0.5,126.439459443
27200,717.6,0.7,160.840877045
27210,623.9,0.5,112.540887183
27220,571.9,0.4,97.9583838082
27230,749.2,0.5,116.07380652
27240,798.0,0.3,100.280567646
27250,702.7,0.3,95.6767676474
27260,783.6,0.5,130.120011283
27270,621.2,0.6,126.352645563
27280,724.0,0.7,156.5665546
27290,748.7,0.6,124.398613702
27300,727.9,0.5,118.783866737
27310,640.3,0.5,112.793687384
27320,693.9,0.7,143.682051041
27330,759.4,0.6,156.21486561
27340,753.0,0.4,110.691488592
27350,669.9,0.6,139.619681381
27360,707.8,0.5,116.910758703
27370,620.6,0.6,134.218954076
27380,629.6,0.7,156.050928066
27390,709.2,0.3,95.6266492069
27400,715.0,0.6,136.545521471
27410,822.1,0.2,91.5525133459
27420,596.7,0.5,119.690044105
27430,676.0,0.7,158.599266615
27440,828.4,0.5,123.328357436
27450,761.7,0.5,129.767213468
27460,681.4,0.6,141.443919234
27470,597.5,0.7,147.841700435
27480,753.9,0.4,105.099629503
27490,762.0,0.5,131.019900553
27500,826.2,0.3,111.67363419
27510,729.1,0.5,145.121415658
27520,844.3,0.3,97.4792378622
27530,859.5,0.4,110.060458079
27540,704.2,0.4,119.285882688
27550,788.0,0.4,109.712117228
27560,623.2,0.8,160.407994891
27570,617.1,0.7,166.65708106
27580,673.4,0.5,128.496241933
27590,886.0,0.4,121.010465347
27600,749.8,0.7,147.858637145
27610,763.7,0.6,143.248547726
27620,720.6,0.5,139.425405154
27630,670.2,0.7,150.121783917
27640,717.7,0.5,124.465736868
27650,673.1,0.6,131.45213078
27660,715.0,0.6,157.192937001
27670,648.3,0.5,109.021942073
27680,747.8,0.4,114.257173031
27690,669.0,0.7,141.483238948
27700,526.9,0.5,107.395292167
27710,747.8,0.6,137.881498457
27720,610.2,0.5,116.158300859
27730,682.9,0.5,122.344608046
27740,732.0,0.6,147.395474915
27750,782.1,0.5,139.334691771
27760,577.6,0.4,107.3053742
27770,554.5,0.4,98.8678517215
27780,644.4,0.5,111.30661814
27790,645.7,0.6,136.675370897
27800,707.5,0.4,115.502314201
27810,783.3,0.5,131.158244006
27820,697.9,0.3,90.9155291914
27830,791.8,0.4,108.959400401
27840,899.5,0.4,124.336710056
27850,880.5,0.5,124.797455209
27860,487.7,0.3,84.8544028037
27870,574.1,0.4,109.123877525
27880,764.1,0.3,99.260789684
27890,797.2,0.5,129.413618554
27900,602.8,0.8,164.111736888
27910,680.0,0.5,110.714451035
27920,600.7,0.7,150.819125544
27930,778.1,0.4,108.972690416
27940,759.3,0.6,136.714940683
27950,749.2,0.7,151.271226132
27960,738.7,0.3,100.274388719
27970,794.4,0.5,124.27234043
27980,688.9,0.5,119.244884813
27990,764.4,0.5,130.317587764
28000,730.6,0.3,78.847108264
28010,584.3,1.0,189.874764134
28020,618.6,0.4,95.6425556037
28030,803.7,0.5,134.32129515
28040,717.1,0.8,146.857511054
28050,785.1,0.5,129.56523613
28060,827.0,0.3,92.825817747
28070,575.3,0.6,145.425986278
28080,680.2,0.8,167.224380059
28090,661.8,0.5,125.187554368
28100,820.5,0.4,106.290941716
28110,801.5,0.3,90.5932847014
28120,833.7,0.5,117.681723855
28130,714.8,0.3,101.380588117
28140,728.9,0.4,106.170008842
28150,725.4,0.4,110.837300912
28160,688.8,0.3,106.596893589
28170,753.6,0.4,99.3206701459
28180,617.4,0.5,143.660102421
28190,670.9,0.5,127.928923909
28200,592.6,0.3,100.007754382
28210,742.0,0.5,136.673183954
28220,831.9,0.2,89.5298366066
28230,770.6,0.3,95.9170478393
28240,894.6,0.3,100.535395374
28250,678.7,0.6,140.287738654
28260,682.0,0.7,148.183097738
28270,818.6,0.5,125.700008839
28280,573.3,0.9,173.68651656
28290,838.5,0.4,117.977765001
28300,841.0,0.3,95.1550394396
28310,789.9,0.4,113.240210213
28320,757.8,0.7,150.484227218
28330,791.5,0.5,111.046831217
28340,773.7,0.4,116.689606612
28350,584.3,0.7,129.92765383
28360,692.9,0.5,132.590981831
28370,667.9,0.5,126.098440263
28380,720.4,0.5,116.089661527
28390,684.6,0.6,128.157535139
28400,710.3,0.3,80.629717259
28410,708.2,0.6,121.424754123
28420,643.8,0.6,129.550371842
28430,771.2,0.3,91.9717760911
28440,705.4,0.5,121.528873076
28450,809.5,0.5,130.723887569
28460,809.2,0.4,123.719585251
28470,703.7,0.6,132.706701609
28480,745.5,0.5,108.564786532
28490,947.3,0.3,88.3678966245
28500,732.1,0.6,115.345664243
28510,893.1,0.4,105.806599797
28520,819.3,0.2,82.6034324865
28530,675.9,0.5,116.105573765
28540,848.0,0.5,117.7213973
28550,704.3,0.7,127.441074958
28560,777.1,0.5,124.599716849
28570,788.0,0.5,104.868751748
28580,766.5,0.4,104.099134399
28590,643.7,0.7,124.439665331
28600,675.7,0.6,118.007640707
28610,837.9,0.3,101.841351455
28620,564.5,0.9,187.40624743
28630,657.2,0.6,127.709805952
28640,605.0,0.7,131.474820291
28650,800.4,0.6,122.424383383
28660,810.7,0.4,119.173007515
28670,666.4,0.5,111.783248163
28680,604.9,0.7,159.986078573
28690,722.3,0.6,136.417252691
28700,851.6,0.4,108.117371399
28710,710.2,0.3,102.663688653
28720,691.1,0.4,103.442915817
28730,468.7,0.5,106.32029446
28740,856.3,0.1,89.6841056419
28750,679.6,0.7,155.957089503
28760,655.3,0.8,152.671468023
28770,795.6,0.5,119.807468481
28780,693.5,0.7,131.962602902
28790,736.0,0.4,123.815149686
28800,743.6,0.6,149.480167827
28810,748.7,0.3,101.186597014
28820,820.4,0.2,89.213681157
28830,814.0,0.3,94.4998808543
28840,695.1,0.3,95.0817576971
28850,653.1,0.4,99.5308071234
28860,615.2,0.5,116.772773313
28870,800.2,0.3,98.6881845533
28880,671.7,0.5,132.604717864
28890,623.5,0.7,158.065161511
28900,715.0,0.4,75.5951212965
28910,750.0,0.5,109.27001899
28920,756.0,0.3,94.9291818906
28930,663.6,0.4,95.4029171593
28940,750.3,0.4,115.352022298
28950,865.5,0.4,106.702639283
28960,550.9,0.7,153.587381299
28970,664.3,0.4,120.946347481
28980,812.5,0.4,113.807931411
28990,761.8,0.6,125.368244181
29000,782.8,0.5,125.085651669
29010,679.8,0.4,133.012062383
29020,843.6,0.6,145.182864199
29030,608.2,0.7,144.424017333
29040,708.6,0.6,127.460773361
29050,876.5,0.2,83.1914129222
29060,699.9,0.7,146.027460182
29070,729.9,0.3,72.0302372054
29080,778.6,0.4,113.359332465
29090,760.6,0.4,92.2043895775
29100,728.2,0.5,119.697645681
29110,901.8,0.3,94.9352488336
29120,840.3,0.3,109.80285203
29130,791.2,0.4,105.074896355
29140,795.9,0.3,84.2024635371
29150,788.3,0.6,132.488824536
29160,671.8,0.8,167.746348961
29170,871.6,0.3,111.224295787
29180,807.9,0.4,118.569336406
29190,720.1,0.4,114.722734086
29200,804.9,0.3,120.282792572
29210,887.7,0.4,103.63832741
29220,763.4,0.6,138.336958378
29230,721.2,0.4,116.311731779
29240,857.5,0.3,109.017721147
29250,633.3,0.7,160.771353187
29260,887.0,0.3,103.987380273
29270,706.2,0.4,107.007998244
29280,770.4,0.5,126.759649661
29290,830.1,0.3,96.6336449766
29300,636.2,0.5,99.0585586703
29310,720.6,0.5,128.83417197
29320,811.0,0.4,105.193022672
29330,612.7,0.7,146.500581138
29340,637.3,0.5,117.477629378
29350,745.4,0.7,140.490441129
29360,608.2,0.4,102.421017825
29370,826.7,0.7,152.144876578
29380,768.3,0.3,98.4361406518
29390,751.7,0.4,104.18512174
29400,758.9,0.4,114.198413099
29410,701.3,0.6,130.289685223
29420,799.4,0.4,114.357170959
29430,760.0,0.2,66.9282112821
29440,779.7,0.4,100.052445162
29450,673.7,0.6,145.255909157
29460,922.6,0.4,112.127715709
29470,663.3,0.4,111.551583311
29480,770.7,0.4,124.185844327
29490,859.6,0.2,82.8214655859
29500,661.2,0.6,131.851536429
29510,810.8,0.2,77.135994005
29520,748.6,0.2,75.2034010568
29530,623.9,0.2,63.6433298836
29540,600.6,0.3,77.8759244049
29550,861.3,0.4,99.8641036368
29560,769.6,0.6,120.276398146
29570,738.4,0.7,144.980669445
29580,740.5,0.3,108.214196325
29590,833.7,0.2,99.5893892985
29600,833.7,0.3,100.818268744
29610,695.1,0.6,144.003252627
29620,740.2,0.5,104.152973707
29630,822.6,0.3,83.3394933106
29640,630.5,0.4,108.210973951
29650,803.2,0.3,100.763775972
29660,686.2,0.5,113.271459522
29670,684.5,0.5,130.274313018
29680,549.6,0.5,93.2312341953
29690,678.2,0.5,121.750582804
29700,715.4,0.4,107.848039027
29710,695.1,0.5,117.638259969
29720,671.6,0.5,106.906619737
29730,746.2,0.2,80.9401111529
29740,595.7,0.5,115.247293119
29750,662.0,0.2,67.6385086681
29760,644.5,0.1,38.367546469
29770,719.0,0.5,124.611710251
29780,552.7,0.5,102.284792826
29790,677.8,0.4,99.3557947893
29800,882.0,0.5,130.805905932
29810,730.8,0.6,134.347143229
29820,522.2,0.6,131.76798487
29830,747.6,0.3,111.550041564
29840,743.1,0.5,137.074685009
29850,828.4,0.4,102.315014439
29860,783.5,0.4,94.9361423904
29870,855.5,0.4,100.558511799
29880,560.5,0.4,82.5069083699
29890,591.2,0.4,118.465918661
29900,691.3,0.3,92.6915213917
29910,748.1,0.3,100.376692932
29920,690.5,0.3,88.2980837124
29930,763.0,0.4,102.93365322
29940,682.7,0.4,94.944050418
29950,698.2,0.5,128.829519259
29960,671.1,0.2,53.7694434176
29970,520.0,0.3,82.273105649
29980,513.0,0.8,144.831381135
29990,717.3,0.6,120.930739101
30000,631.2,0.4,99.2483908141
