20,100.3,0.0,-252.588725746
40,93.35,0.0,-262.598040109
60,94.95,0.0,-254.14762034
80,96.7,0.0,-188.527643577
100,104.95,0.0,-251.770521805
120,112.2,0.0,-225.515285625
140,137.85,0.0,-249.705282103
160,110.05,0.0,-251.947782227
180,118.15,0.0,-227.725532722
200,106.9,0.0,-193.840713123
220,120.4,0.0,-215.986213495
240,127.0,0.0,-222.24321062
260,136.05,0.0,-273.244343212
280,114.9,0.0,-225.351769622
300,102.85,0.0,-271.312515949
320,95.0,0.0,-244.737624085
340,95.55,0.0,-225.603993428
360,105.7,0.0,-224.351084171
380,89.1,0.0,-226.303786812
400,100.0,0.0,-224.539480095
420,101.5,0.0,-194.777413464
440,100.1,0.0,-187.318803319
460,99.7,0.0,-187.773361574
480,103.05,0.0,-214.05999535
500,101.4,0.0,-180.963206362
520,108.1,0.0,-179.905576654
540,102.0,0.0,-163.464423108
560,80.9,0.0,-146.917890189
580,93.55,0.0,-176.256467459
600,94.8,0.0,-186.100835163
620,96.6,0.0,-192.920343457
640,98.7,0.0,-162.891202133
660,104.15,0.0,-182.877218431
680,92.35,0.0,-186.987860157
700,95.05,0.0,-206.42993781
720,97.4,0.0,-186.13410507
740,97.75,0.0,-204.974312238
760,95.5,0.0,-225.556854297
780,97.75,0.0,-179.388204698
800,100.15,0.0,-208.239294172
820,86.85,0.0,-184.045111923
840,89.0,0.0,-148.348456423
860,96.85,0.0,-151.630155067
880,102.85,0.0,-126.68380356
900,174.45,0.0,-115.982958372
920,139.15,0.0,-106.076217205
940,366.3,0.0,-118.805870935
960,335.8,0.0,-139.175044628
980,266.8,0.0,-125.710830541
1000,417.4,0.0,-118.358613958
1020,361.2,0.0,-129.032616702
1040,283.45,0.0,-70.0474512553
1060,213.7,0.0,-76.0429869953
1080,203.85,0.0,-66.2882482346
1100,259.35,0.0,-66.2979467164
1120,193.45,0.0,-72.4800595437
1140,171.95,0.0,-64.1628337374
1160,387.25,0.0,-73.4893827256
1180,472.9,0.0,-62.9603024345
1200,456.15,0.0,-72.0110000445
1220,503.05,0.0,-74.9171466085
1240,424.9,0.0,-68.0795630047
1260,620.15,0.0,-46.7705460913
1280,537.4,0.0,-50.8969763061
1300,518.15,0.0,-49.2125891296
1320,626.1,0.0,-66.8840461277
1340,672.05,0.0,-97.8215546073
1360,698.15,0.0,-69.6341356023
1380,769.55,0.0,-77.8749816708
1400,656.85,0.0,-70.1798551427
1420,763.35,0.05,-33.2689685258
1440,855.45,0.0,-26.3449412948
1460,572.1,0.05,-53.9158069657
1480,689.85,0.0,-40.04127221
1500,405.55,0.05,-54.9946511981
1520,466.3,0.05,-16.4672965173
1540,503.5,0.1,-29.84415466
1560,361.6,0.0,-37.3934995011
1580,525.75,0.05,-8.39792278454
1600,516.4,0.0,-77.8540887359
1620,718.4,0.0,-43.3264829818
1640,714.95,0.0,-35.6124513412
1660,765.65,0.0,-37.316028198
1680,600.65,0.05,-48.0550663509
1700,897.65,0.05,-29.0237867086
1720,771.95,0.0,-75.6102497792
1740,845.65,0.05,-36.5554902488
1760,871.1,0.0,-70.378574451
1780,893.95,0.05,-39.9009143918
1800,662.25,0.05,-50.6655854591
1820,450.35,0.35,7.54313603798
1840,443.65,0.4,18.929539716
1860,214.0,0.05,-34.6492460967
1880,233.2,0.15,-6.88240139217
1900,192.55,0.0,-23.0100870494
1920,192.3,0.05,-14.1539220432
1940,180.7,0.0,-35.5361223629
1960,211.45,0.05,-28.6602262654
1980,195.45,0.05,-30.8824294276
2000,188.75,0.05,-50.7489849526
2020,237.55,0.15,-26.4897536087
2040,283.7,0.1,-62.1217938961
2060,354.7,0.2,-72.7834046807
2080,405.45,0.25,-41.2054610776
2100,499.6,0.35,-55.8290233833
2120,603.7,0.5,-29.1124248006
2140,701.3,0.7,34.1660972564
2160,773.75,0.45,-111.177483554
2180,692.35,0.55,-16.4207198007
2200,642.55,0.5,-25.7993233034
2220,655.35,0.5,-41.9854863915
2240,679.5,0.7,34.2699499532
2260,717.95,0.6,-7.59079321602
2280,665.35,0.7,12.770371103
2300,628.25,0.65,14.2192573895
2320,687.25,0.6,-18.2909251409
2340,638.05,0.55,-28.7688448812
2360,593.85,0.35,-92.3491033055
2380,613.45,0.6,15.424598982
2400,564.85,0.3,-89.112597646
2420,529.05,0.4,-47.6584460485
2440,525.45,0.4,-38.8226075963
2460,641.8,0.75,50.77444681
2480,629.35,0.3,-84.113248753
2500,638.55,0.55,-31.4935283084
2520,576.7,0.25,-106.613909773
2540,526.55,0.35,-22.0979695482
2560,464.8,0.4,6.82250011631
2580,618.75,0.65,53.4911887002
2600,615.7,0.55,-11.4820715571
2620,626.0,0.6,-0.470043191681
2640,551.95,0.7,52.516020556
2660,570.3,0.55,18.3682049902
2680,561.9,0.55,29.0359982021
2700,542.55,0.6,43.2540721059
2720,452.0,0.75,93.4038040441
2740,482.75,0.55,33.958173792
2760,460.4,0.55,30.5889377052
2780,447.95,0.45,-21.5645409333
2800,443.7,0.65,49.2076865998
2820,430.35,0.55,21.751880375
2840,408.45,0.5,12.2149909096
2860,392.4,0.5,24.1741583741
2880,454.95,0.5,13.9515717439
2900,431.85,0.65,71.5869880767
2920,455.8,0.65,61.3808570387
2940,489.1,0.7,50.0639829384
2960,547.4,0.55,30.7014918481
2980,559.9,0.6,14.5219520014
3000,673.2,0.8,97.3365199815
3020,694.15,0.8,37.5734692481
3040,775.9,0.8,58.5779228105
3060,756.8,0.6,-2.20900584033
3080,843.7,0.5,-1.54700226702
3100,951.65,0.25,-24.6414044752
3120,951.65,0.2,-21.9830974279
3140,950.35,0.55,10.3538032838
3160,843.95,0.85,66.8363734957
3180,789.2,0.9,93.4796001484
3200,719.3,0.95,112.056604843
3220,604.15,0.85,99.1657656833
3240,614.9,0.8,71.7077239492
3260,563.6,0.75,82.6065674904
3280,495.6,0.75,56.3070405204
3300,483.85,0.6,37.9604278931
3320,485.8,0.6,19.8108563089
3340,567.25,0.65,61.6913971707
3360,586.05,0.85,80.282881856
3380,527.4,0.65,4.30720118448
3400,540.6,0.5,-56.2366103018
3420,578.6,0.45,-99.026534346
3440,639.55,0.35,-161.584088714
3460,558.0,0.35,-157.996405056
3480,491.6,0.25,-221.637859356
3500,377.35,0.1,-331.599648466
3520,370.1,0.2,-290.748091542
3540,478.35,0.2,-220.155621688
3560,401.7,0.4,-205.906004678
3580,387.1,0.05,-329.997265478
3600,391.45,0.2,-288.486066771
3620,319.9,0.15,-335.700596376
3640,315.3,0.1,-276.117903679
3660,321.75,0.1,-285.952657929
3680,286.95,0.1,-299.546280097
3700,300.25,0.25,-227.777794625
3720,341.65,0.2,-191.720048979
3740,355.5,0.25,-93.907998259
3760,345.8,0.3,-92.8425283941
3780,334.05,0.3,-92.4295296542
3800,226.5,0.4,-112.501289578
3820,256.1,0.3,-121.457137415
3840,299.8,0.4,-72.057337075
3860,276.25,0.25,-67.300039363
3880,313.0,0.4,11.1110714574
3900,358.9,0.45,41.0226963173
3920,312.8,0.25,-45.6271047805
3940,270.8,0.3,13.0376861226
3960,297.35,0.2,-14.1809676867
3980,247.8,0.2,12.9242153787
4000,281.55,0.0,-11.8697661046
4020,189.95,0.1,-1.317444604
4040,230.2,0.0,-18.0708453614
4060,314.75,0.0,-10.7196388389
4080,276.3,0.15,6.63879170082
4100,317.05,0.1,5.29593561022
4120,265.2,0.0,-34.3110414355
4140,238.0,0.15,-53.2390816379
4160,305.4,0.0,-30.6293101342
4180,277.25,0.1,-47.6042030587
4200,182.2,0.05,-79.5098877391
4220,198.65,0.0,-128.99503324
4240,189.35,0.05,-75.5516359254
4260,360.9,0.05,-42.3435568936
4280,190.5,0.05,-92.4640108998
4300,218.4,0.05,-117.540834653
4320,245.7,0.05,-144.099705301
4340,337.8,0.05,-84.6783795696
4360,361.7,0.1,-62.6186924007
4380,289.45,0.0,-116.414811066
4400,208.55,0.0,-138.455190539
4420,211.5,0.1,-101.141934906
4440,173.8,0.05,-141.311402765
4460,183.5,0.1,-99.9034900222
4480,363.45,0.1,-39.2617742512
4500,206.95,0.0,-101.720656703
4520,300.45,0.1,-82.2922702822
4540,417.4,0.05,-63.1405290992
4560,265.8,0.05,-72.6612104971
4580,324.45,0.05,-77.1904374306
4600,455.05,0.05,-52.2857979362
4620,556.2,0.05,1.47572955771
4640,262.55,0.05,-74.9803239257
4660,413.85,0.15,-17.7107575398
4680,593.5,0.15,35.5507658847
4700,635.3,0.15,45.9546147695
4720,382.35,0.3,26.744098384
4740,371.2,0.2,14.4629507587
4760,691.45,0.15,49.4893629779
4780,530.75,0.4,66.8835108684
4800,790.95,0.2,66.4882253066
4820,487.9,0.3,71.7985217134
4840,694.1,0.25,80.1461259656
4860,713.85,0.25,71.4490627649
4880,665.4,0.4,87.3060480996
4900,600.9,0.3,67.224041177
4920,457.95,0.15,21.4620681632
4940,508.3,0.4,72.913791757
4960,593.0,0.2,47.3592719694
4980,597.3,0.2,61.0455240633
5000,448.1,0.25,26.8542498258
5020,406.35,0.35,64.4534612896
5040,679.25,0.35,80.5187331708
5060,625.4,0.3,78.8614246658
5080,650.5,0.15,58.2752070637
5100,484.95,0.25,55.7150457154
5120,684.7,0.3,83.602288807
5140,511.25,0.25,69.9897190064
5160,604.65,0.4,98.6130457177
5180,573.35,0.45,100.902218874
5200,514.5,0.2,56.85301353
5220,523.95,0.35,92.3332925683
5240,641.0,0.25,76.092110491
5260,693.45,0.3,89.6261103129
5280,477.8,0.2,65.3769343808
5300,500.45,0.45,100.093872585
5320,446.9,0.25,71.363136226
5340,656.6,0.15,65.8953856157
5360,497.2,0.05,28.3936616714
5380,519.4,0.15,52.493735491
5400,578.15,0.3,61.7257837422
5420,739.95,0.05,57.3780379798
5440,536.15,0.35,85.512660621
5460,693.1,0.2,68.0312300785
5480,531.9,0.0,33.9625955576
5500,589.35,0.15,52.1651177323
5520,588.95,0.2,62.0235946448
5540,740.75,0.1,52.2846750917
5560,795.85,0.25,92.3335042883
5580,672.3,0.4,101.771755595
5600,768.05,0.1,67.4162133857
5620,552.0,0.2,53.8564470186
5640,810.35,0.2,77.1837305734
5660,720.3,0.25,77.9561657486
5680,596.55,0.65,125.410439175
5700,729.9,0.6,130.060752176
5720,785.8,0.45,114.000065003
5740,759.0,0.55,122.392988351
5760,571.8,0.45,95.0505281287
5780,561.95,0.55,87.3663661683
5800,782.65,0.5,96.8871303081
5820,641.25,0.5,67.5423400614
5840,633.55,0.6,64.7447945909
5860,691.55,0.4,48.4937911662
5880,640.05,0.65,100.916411185
5900,623.25,0.5,32.341406261
5920,621.45,0.65,81.8896769436
5940,660.85,0.7,72.7978339549
5960,571.75,0.7,78.4582723341
5980,452.8,0.8,100.837103343
6000,482.15,0.6,55.1007075657
6020,451.4,0.75,69.019917766
6040,548.2,0.85,116.09706495
6060,446.5,0.6,31.1110955403
6080,468.25,0.6,48.6684598806
6100,473.5,0.65,69.5306654362
6120,457.85,0.65,65.165925906
6140,521.25,0.5,58.7099792238
6160,470.25,0.6,54.4674657244
6180,439.2,0.5,45.3604384406
6200,602.8,0.35,56.8942418238
6220,380.25,0.45,48.9994502662
6240,471.6,0.45,28.0558648686
6260,343.25,0.65,71.327434286
6280,412.4,0.55,45.193071497
6300,437.4,0.5,56.7983166474
6320,476.0,0.3,17.9958326836
6340,473.5,0.5,60.8535705371
6360,459.55,0.35,41.1904577002
6380,418.1,0.5,58.7579318192
6400,397.25,0.4,40.434958922
6420,326.35,0.2,-15.4297767799
6440,378.65,0.35,21.6094114126
6460,318.55,0.2,-33.8015222316
6480,376.65,0.3,11.3984248218
6500,349.95,0.4,44.1942920477
6520,308.95,0.1,-38.1931454725
6540,271.3,0.25,1.3081010409
6560,259.4,0.1,-40.9184358705
6580,195.55,0.3,-16.5736433487
6600,206.9,0.15,-36.708142848
6620,185.8,0.2,-32.5770875282
6640,256.9,0.1,-45.2854338991
6660,166.65,0.15,-36.2723421407
6680,193.8,0.25,-17.0929290305
6700,264.0,0.1,-29.9163726813
6720,327.0,0.15,-17.8791525029
6740,432.85,0.2,26.5199454644
6760,326.9,0.3,14.7843812089
6780,399.85,0.2,18.4399189511
6800,560.65,0.1,20.224775991
6820,459.3,0.25,38.6850369908
6840,388.05,0.35,44.4900927499
6860,524.7,0.1,20.8821565372
6880,377.0,0.35,35.3421031236
6900,375.45,0.2,14.2410162814
6920,357.4,0.4,46.3625685744
6940,551.45,0.3,65.8064032398
6960,398.0,0.15,8.19853944329
6980,303.55,0.3,22.876698761
7000,340.55,0.4,34.7997318684
7020,260.4,0.35,17.7526543997
7040,409.55,0.15,4.56404915014
7060,352.8,0.3,34.5724402075
7080,378.3,0.25,21.946531144
7100,291.95,0.25,10.0696965932
7120,230.2,0.2,-9.05882332512
7140,382.0,0.35,50.520955394
7160,476.75,0.05,3.380327229
7180,434.8,0.3,52.3811964363
7200,487.7,0.3,63.2437726832
7220,540.6,0.55,116.483568762
7240,571.05,0.5,115.38145898
7260,625.3,0.3,100.787292145
7280,671.65,0.5,120.917818257
7300,702.05,0.55,142.64707214
7320,843.55,0.35,100.416949077
7340,910.55,0.2,86.0189131293
7360,951.65,0.15,81.1886978106
7380,998.6,0.05,79.2627639484
7400,931.1,0.15,75.5538301254
7420,993.65,0.05,71.3224584934
7440,993.4,0.05,73.2400571947
7460,994.9,0.05,66.9989426024
7480,890.1,0.1,73.0197056876
7500,953.05,0.05,71.0818505219
7520,811.25,0.05,58.9945306514
7540,924.5,0.0,75.1202861727
7560,869.9,0.0,64.5591888269
7580,889.4,0.1,92.816229214
7600,789.1,0.0,57.286402017
7620,900.7,0.05,70.9867738624
7640,634.3,0.3,80.9982635263
7660,488.45,0.3,70.9669430855
7680,572.4,0.35,78.458158103
7700,480.65,0.25,51.3378205951
7720,387.05,0.4,71.5360133547
7740,593.25,0.2,50.1188573892
7760,429.25,0.15,9.82091467761
7780,523.75,0.2,52.3334776129
7800,482.45,0.45,93.077483159
7820,481.0,0.35,71.4741192951
7840,480.65,0.35,72.1995339095
7860,355.9,0.15,26.5155723987
7880,467.95,0.35,75.4239184626
7900,601.55,0.2,58.3635952993
7920,519.05,0.25,61.5694678027
7940,442.55,0.15,21.7388484322
7960,603.75,0.2,71.3584247504
7980,512.35,0.4,100.105876302
8000,467.95,0.25,54.8938866182
8020,421.8,0.3,64.7718024544
8040,530.65,0.2,56.7832477797
8060,639.25,0.3,88.7981724116
8080,693.35,0.2,76.5898862173
8100,713.95,0.25,88.8105817124
8120,672.15,0.15,70.1095136276
8140,781.0,0.1,78.1407075411
8160,671.95,0.2,75.8640194443
8180,763.2,0.1,79.4720635762
8200,616.4,0.25,77.5894703699
8220,663.85,0.1,57.148860034
8240,515.1,0.15,56.5739176166
8260,565.7,0.25,82.5599125668
8280,578.65,0.3,77.5170279149
8300,525.95,0.35,78.729423187
8320,542.9,0.25,78.0122548149
8340,346.2,0.35,71.8662684927
8360,252.25,0.35,65.5232698241
8380,167.75,0.1,10.9563631356
8400,156.3,0.1,11.8401158839
8420,135.1,0.0,-20.2391676886
8440,151.6,0.15,20.0861048896
8460,148.2,0.05,-5.25514587824
8480,129.55,0.05,-11.8148526534
8500,130.8,0.0,-14.7343008472
8520,127.75,0.0,-15.8273016835
8540,133.2,0.0,-28.6015578657
8560,148.7,0.1,-5.47290979714
8580,123.95,0.1,-12.5779996679
8600,189.2,0.05,0.773903687352
8620,129.1,0.0,-23.1164801533
8640,160.25,0.1,6.06504353018
8660,174.95,0.0,-11.2801221548
8680,138.35,0.05,-14.2381987367
8700,138.05,0.1,-10.5719019659
8720,148.2,0.1,-1.23278578653
8740,139.65,0.1,-2.73586134067
8760,140.75,0.15,-13.3920343378
8780,198.4,0.2,22.1254586295
8800,154.05,0.2,2.1747151263
8820,160.95,0.25,21.1671970683
8840,182.2,0.25,17.953832443
8860,144.85,0.2,-5.63979845761
8880,234.1,0.3,12.8539762499
8900,187.25,0.25,-4.78543452727
8920,197.0,0.25,19.3240071369
8940,158.75,0.15,-10.8951699271
8960,172.4,0.25,17.4639927685
8980,159.05,0.25,2.23785731461
9000,156.0,0.1,-28.7530708112
9020,327.5,0.3,17.193523627
9040,214.25,0.4,30.7698142872
9060,238.0,0.2,-9.60776282565
9080,255.9,0.25,-5.53442068054
9100,268.8,0.6,43.1988154584
9120,176.2,0.3,0.756491918955
9140,194.3,0.3,10.9327835914
9160,155.85,0.05,-46.9470250431
9180,293.5,0.5,56.9485244261
9200,250.8,0.25,-3.22988084374
9220,238.7,0.25,5.20123554044
9240,251.3,0.45,37.7913498618
9260,218.55,0.35,17.4683637592
9280,223.7,0.25,2.34302467579
9300,263.6,0.3,20.8644692917
9320,232.15,0.35,21.0199234736
9340,224.6,0.25,-10.7400230677
9360,244.9,0.15,-22.2839922903
9380,319.95,0.35,6.78554014789
9400,155.8,0.2,-14.5035790963
9420,246.6,0.45,29.1929727189
9440,276.95,0.45,42.9574967583
9460,261.05,0.35,16.3107321309
9480,212.35,0.5,56.9603374304
9500,252.25,0.25,-9.31039882634
9520,253.95,0.35,22.8236159256
9540,239.4,0.55,75.8853288135
9560,283.4,0.5,59.9217888567
9580,209.85,0.2,-9.39071183593
9600,205.35,0.45,34.6495392114
9620,210.6,0.25,-0.151311432719
9640,176.95,0.25,-10.4940812677
9660,178.95,0.45,51.0109380539
9680,179.35,0.3,12.5882966807
9700,191.05,0.45,40.8096345241
9720,163.05,0.25,-1.89014725754
9740,184.2,0.05,-51.5657031763
9760,166.8,0.25,-0.975021520555
9780,180.0,0.35,19.5396580185
9800,182.25,0.2,-24.8899122856
9820,170.2,0.2,-19.086974191
9840,183.7,0.4,42.708386202
9860,157.55,0.25,-1.93171231392
9880,195.65,0.3,10.0260048561
9900,158.25,0.1,-34.3334802971
9920,238.75,0.15,-17.8915613435
9940,216.9,0.2,-19.7311038249
9960,223.5,0.25,-6.24123068915
9980,215.0,0.3,4.58261936084
10000,238.3,0.5,50.3156343895
10020,235.95,0.4,21.2174507715
10040,215.55,0.5,54.4263359925
10060,256.9,0.35,6.33097076528
10080,259.95,0.4,23.4625716209
10100,264.5,0.45,26.9445844648
10120,215.4,0.45,38.4751091866
10140,241.25,0.4,14.2508799092
10160,256.05,0.35,-3.56620043962
10180,229.65,0.55,54.7822992468
10200,302.65,0.5,11.5225128967
10220,266.05,0.35,6.81004455446
10240,248.9,0.45,23.1205724851
10260,273.45,0.55,48.3594691481
10280,297.85,0.35,6.32104422286
10300,326.15,0.55,36.6937631454
10320,259.7,0.4,15.6368908407
10340,283.2,0.45,20.1164038015
10360,262.65,0.45,20.5381899645
10380,284.35,0.65,64.3529341468
10400,316.35,0.5,27.370458311
10420,269.9,0.6,66.6901041527
10440,298.5,0.45,12.4976924487
10460,242.85,0.5,40.4755255295
10480,272.0,0.45,24.3525770526
10500,259.35,0.25,-4.16800515559
10520,254.05,0.35,5.77920774447
10540,327.4,0.45,-4.36448046237
10560,312.9,0.4,19.9894983184
10580,301.15,0.5,34.1020484755
10600,357.35,0.6,49.2518093273
10620,421.9,0.6,53.8968260272
10640,318.1,0.65,68.3315533587
10660,341.35,0.55,26.982141201
10680,352.5,0.35,8.06163310171
10700,346.05,0.45,27.0768180039
10720,357.1,0.45,17.3882462602
10740,315.4,0.5,37.4565864333
10760,311.6,0.4,14.3578953694
10780,289.0,0.55,45.3387597748
10800,336.85,0.55,39.700602295
10820,307.7,0.5,41.9698583269
10840,303.95,0.5,44.1978161665
10860,241.15,0.55,71.4093777743
10880,295.0,0.5,49.1718682928
10900,320.65,0.6,72.854378939
10920,333.9,0.3,18.7929189422
10940,335.1,0.4,51.4748547254
10960,268.7,0.4,56.2666177816
10980,274.8,0.6,99.2745396475
11000,279.65,0.45,71.4763099834
11020,289.65,0.6,102.422513432
11040,311.9,0.5,98.0943223637
11060,202.75,0.35,52.6129257097
11080,270.2,0.3,34.1799905056
11100,291.55,0.4,76.0279305334
11120,236.25,0.25,42.4359170005
11140,282.45,0.5,98.8425784076
11160,211.95,0.3,48.0937980251
11180,240.45,0.3,55.5424917929
11200,222.7,0.25,50.5154620876
11220,412.25,0.25,67.8465139769
11240,306.9,0.1,22.2584607043
11260,337.85,0.05,23.0056447738
11280,278.9,0.3,56.4909234108
11300,365.6,0.15,35.6981977947
11320,281.55,0.2,41.3734382656
11340,347.45,0.45,84.6478403107
11360,307.8,0.15,30.2825280006
11380,301.8,0.5,91.6222184606
11400,241.35,0.4,87.9636381448
11420,439.95,0.3,62.0019171105
11440,362.2,0.45,73.9857298045
11460,286.3,0.55,107.455903327
11480,471.7,0.35,77.1250904376
11500,370.55,0.65,133.140798955
11520,256.0,0.4,77.2734992498
11540,293.7,0.55,90.6052734781
11560,273.9,0.45,83.3513058494
11580,206.7,0.45,75.5758865598
11600,359.8,0.4,80.5468748767
11620,279.8,0.65,132.785144509
11640,301.15,0.35,60.9582487203
11660,240.95,0.4,63.8413314068
11680,440.65,0.4,83.0384461159
11700,233.45,0.35,61.8849421865
11720,283.6,0.35,54.6749464645
11740,402.05,0.5,106.883075251
11760,322.65,0.5,92.3875753637
11780,455.5,0.6,117.468091263
11800,366.5,0.35,76.3336864654
11820,440.1,0.5,95.3145976716
11840,335.8,0.5,83.0546627331
11860,406.6,0.5,99.6057292706
11880,523.0,0.35,86.6756211244
11900,363.0,0.4,69.8179264781
11920,298.05,0.7,119.978607391
11940,457.0,0.65,118.968992826
11960,511.1,0.55,117.439863326
11980,487.65,0.45,90.1576151501
12000,556.5,0.5,106.496340899
12020,550.75,0.65,134.723646363
12040,498.35,0.45,87.9790158103
12060,447.6,0.45,96.9948598771
12080,495.55,0.5,103.734054162
12100,596.3,0.6,134.701337299
12120,629.95,0.6,139.089231807
12140,517.5,0.75,169.792703612
12160,584.0,0.45,105.135529322
12180,653.05,0.25,91.9124952814
12200,662.45,0.35,106.194942955
12220,524.05,0.2,81.5143435498
12240,542.15,0.2,69.4768039725
12260,411.85,0.25,64.6019578517
12280,449.75,0.15,49.0587856851
12300,311.05,0.05,18.3549925229
12320,268.45,0.0,9.59571666935
12340,289.75,0.1,24.3938327536
12360,355.15,0.1,32.9298756838
12380,231.85,0.05,19.3936734174
12400,260.0,0.0,7.38858878718
12420,184.0,0.0,-5.36377414942
12440,324.7,0.05,22.3403640124
12460,227.75,0.05,16.0488837248
12480,332.2,0.05,28.1656554224
12500,172.85,0.0,1.4083665141
12520,174.8,0.0,-2.55133540437
12540,259.3,0.05,18.3991725
12560,268.95,0.15,35.7304692824
12580,263.7,0.0,10.1797164611
12600,426.75,0.1,41.9173123447
12620,225.0,0.05,14.0206171031
12640,233.75,0.05,14.7058569176
12660,276.4,0.1,42.6974751334
12680,325.5,0.15,38.8327786843
12700,318.25,0.05,22.8263238385
12720,421.55,0.1,40.2615026176
12740,326.35,0.1,38.0451726221
12760,250.6,0.15,32.6519021237
12780,239.85,0.2,47.4754393899
12800,328.8,0.35,83.8156264156
12820,374.45,0.4,94.0702788131
12840,508.6,0.45,105.8918838
12860,515.85,0.35,78.8660897069
12880,424.85,0.25,69.3548902562
12900,517.55,0.45,107.648846991
12920,557.3,0.35,89.0463033623
12940,611.7,0.35,98.2091814519
12960,682.75,0.3,100.408492456
12980,454.95,0.45,110.029679363
13000,555.85,0.7,154.465296039
13020,577.6,0.5,121.715209581
13040,557.15,0.7,153.045685098
13060,591.0,0.6,137.21305987
13080,678.6,0.5,124.345579255
13100,560.1,0.55,129.599886011
13120,634.6,0.4,118.900207823
13140,717.95,0.35,95.1466249723
13160,647.65,0.55,135.179899536
13180,724.55,0.5,123.271266188
13200,642.15,0.6,139.363378219
13220,634.65,0.65,141.652923202
13240,572.7,0.75,158.167330179
13260,560.6,0.65,145.888855584
13280,334.45,0.85,159.477790564
13300,471.1,0.7,143.710661893
13320,616.9,0.6,138.286033791
13340,488.05,0.8,152.59551341
13360,561.2,0.75,153.039740344
13380,519.4,0.55,114.772643666
13400,771.85,0.6,123.952194188
13420,477.35,0.9,156.186217956
13440,574.4,0.65,117.02546492
13460,514.5,0.8,147.782132363
13480,491.3,0.8,144.795209959
13500,485.35,0.8,157.027765202
13520,507.8,0.55,96.1084671089
13540,513.65,0.7,142.079300053
13560,620.75,0.65,136.658020925
13580,741.8,0.4,109.375087288
13600,685.1,0.6,133.042193962
13620,605.1,0.7,137.01063657
13640,653.15,0.6,135.316504029
13660,479.45,0.8,155.48548648
13680,694.5,0.55,136.456493801
13700,700.1,0.6,136.279801923
13720,574.6,0.75,161.053602402
13740,714.0,0.45,107.147010125
13760,712.55,0.55,132.400107162
13780,708.15,0.55,129.633034817
13800,663.0,0.6,139.552100181
13820,579.9,0.55,134.788742967
13840,703.9,0.4,115.345901164
13860,667.3,0.65,140.370515332
13880,843.95,0.3,119.405772696
13900,716.7,0.3,99.0903473824
13920,830.4,0.35,117.458944311
13940,710.0,0.45,126.253743009
13960,893.9,0.25,109.391706822
13980,583.65,0.25,85.3614477358
14000,766.0,0.2,91.6130219752
14020,677.8,0.1,73.9778061458
14040,471.05,0.2,61.6162447522
14060,621.65,0.2,86.8299997799
14080,618.6,0.35,107.138894486
14100,622.0,0.35,98.3919936309
14120,757.25,0.05,74.1917268494
14140,682.85,0.2,87.9048247183
14160,691.0,0.25,112.369545163
14180,817.85,0.15,90.3457678648
14200,608.05,0.25,86.5438346466
14220,851.7,0.15,108.803021315
14240,753.95,0.25,101.166120028
14260,566.7,0.25,89.2758167201
14280,860.35,0.15,99.2379567298
14300,825.9,0.25,114.562964952
14320,888.45,0.15,91.847197083
14340,964.9,0.05,80.2653445438
14360,775.0,0.35,131.570532306
14380,924.1,0.3,108.572878118
14400,836.35,0.25,105.841612483
14420,766.55,0.45,134.184737986
14440,772.0,0.45,126.153234443
14460,871.05,0.2,107.84059699
14480,830.75,0.35,115.803013781
14500,723.95,0.45,125.097190732
14520,820.3,0.35,124.722089244
14540,675.95,0.65,152.271559919
14560,825.05,0.35,113.328409731
14580,802.85,0.45,112.767200885
14600,773.2,0.5,124.058535077
14620,750.2,0.45,124.80285295
14640,720.85,0.45,123.919971931
14660,804.25,0.5,123.446486905
14680,839.7,0.4,123.591548167
14700,957.3,0.1,81.5168399056
14720,929.2,0.2,86.6633888085
14740,968.6,0.1,79.0286339032
14760,990.75,0.05,73.677026345
14780,927.75,0.15,90.7731044986
14800,1000.0,0.0,79.586326408
14820,964.1,0.05,86.0843174434
14840,958.7,0.1,90.8759883567
14860,910.35,0.2,93.3605767979
14880,989.15,0.05,80.9547655679
14900,905.15,0.2,103.466314893
14920,886.55,0.2,94.9997833335
14940,903.75,0.15,99.6537932779
14960,975.75,0.05,83.1831310383
14980,1000.0,0.0,90.0150314389
15000,974.75,0.05,90.476311155
15020,943.85,0.1,91.1888745174
15040,1000.0,0.0,85.8720788236
15060,977.2,0.05,86.7227570366
15080,976.4,0.05,77.6262497198
15100,1000.0,0.0,69.6082348553
15120,1000.0,0.0,68.0410249139
15140,982.65,0.05,51.0407871311
15160,1000.0,0.0,40.1915838914
15180,1000.0,0.0,-3.46988226848
15200,1000.0,0.0,-49.6120324824
15220,1000.0,0.0,-63.0330325152
15240,1000.0,0.0,-52.9799352255
15260,1000.0,0.0,-55.7116422628
15280,1000.0,0.0,-55.3641314856
15300,1000.0,0.0,-63.5265924381
15320,1000.0,0.0,-56.451172733
15340,1000.0,0.0,-54.697567665
15360,1000.0,0.0,-57.3181617095
15380,1000.0,0.0,-59.1844905131
15400,1000.0,0.0,-54.3098421715
15420,1000.0,0.0,-53.4463788959
15440,1000.0,0.0,-64.9148351988
15460,1000.0,0.0,-56.2884476819
15480,1000.0,0.0,-60.1554143415
15500,1000.0,0.0,-59.3720473392
15520,1000.0,0.0,-58.637673002
15540,1000.0,0.0,-59.7078396119
15560,1000.0,0.0,-59.3690854294
15580,1000.0,0.0,-61.5851845345
15600,1000.0,0.0,-61.4562026866
15620,1000.0,0.0,-58.2929652617
15640,1000.0,0.0,-60.2227472336
15660,1000.0,0.0,-57.8483935798
15680,1000.0,0.0,-60.7375137659
15700,1000.0,0.0,-58.8723407794
15720,1000.0,0.0,-67.4785170249
15740,1000.0,0.0,-59.4982387299
15760,1000.0,0.0,-57.5134640398
15780,1000.0,0.0,-74.73984534
15800,1000.0,0.0,-70.3143625013
15820,1000.0,0.0,-68.2802665252
15840,1000.0,0.0,-75.6002751994
15860,1000.0,0.0,-75.7848574923
15880,1000.0,0.0,-71.6679708893
15900,1000.0,0.0,-67.7175186597
15920,1000.0,0.0,-70.3825905202
15940,1000.0,0.0,-75.2267551902
15960,1000.0,0.0,-77.7893437473
15980,1000.0,0.0,-84.0084303992
16000,1000.0,0.0,-75.9468611953
16020,1000.0,0.0,-77.8778837826
16040,1000.0,0.0,-71.6237661946
16060,1000.0,0.0,-75.7361804678
16080,1000.0,0.0,-64.8600805768
16100,1000.0,0.0,-70.6715467353
16120,1000.0,0.0,-71.8439176576
16140,1000.0,0.0,-64.4952012237
16160,1000.0,0.0,-65.7933219334
16180,1000.0,0.0,-71.4671173505
16200,1000.0,0.0,-56.1853308294
16220,1000.0,0.0,-54.6468017392
16240,1000.0,0.0,-41.3884404107
16260,984.9,0.1,2.51840309508
16280,1000.0,0.0,-0.940951153182
16300,977.4,0.1,27.1952414985
16320,971.7,0.1,39.2003224099
16340,964.6,0.15,57.0744216579
16360,1000.0,0.0,48.8217052334
16380,1000.0,0.0,59.6125985794
16400,1000.0,0.0,52.3591132807
16420,1000.0,0.0,58.2190293382
16440,1000.0,0.0,61.6237488399
16460,1000.0,0.0,67.242710917
16480,1000.0,0.0,63.8211812387
16500,1000.0,0.0,70.6629950554
16520,1000.0,0.0,68.8742115914
16540,1000.0,0.0,72.4135218426
16560,1000.0,0.0,73.9863613138
16580,1000.0,0.0,71.9727971711
16600,1000.0,0.0,62.5219098142
16620,990.15,0.05,80.9025644139
16640,998.7,0.05,77.3705110114
16660,966.1,0.05,77.3290558242
16680,975.65,0.05,92.4544732417
16700,972.9,0.05,87.7242740875
16720,905.8,0.15,92.1093656414
16740,877.8,0.25,104.334550402
16760,746.15,0.45,136.916588142
16780,870.6,0.2,96.1516808669
16800,893.5,0.25,94.0849668692
16820,951.4,0.1,85.0828158851
16840,835.65,0.3,108.706237772
16860,884.55,0.25,98.9542309354
16880,877.35,0.2,95.0754750354
16900,805.55,0.4,106.258380907
16920,812.1,0.3,89.9826138311
16940,761.55,0.5,116.31288551
16960,779.8,0.5,120.899395795
16980,698.5,0.6,125.438218281
17000,741.3,0.5,110.841384336
17020,678.8,0.65,126.740965811
17040,830.35,0.45,97.2665684038
17060,714.45,0.5,104.673267058
17080,647.05,0.65,128.324964307
17100,653.3,0.55,112.139342291
17120,653.0,0.6,117.482330507
17140,632.8,0.65,102.199756418
17160,552.5,0.75,143.543460187
17180,618.25,0.7,123.678514103
17200,609.3,0.85,135.286863459
17220,585.8,0.8,130.249222171
17240,662.35,0.75,127.229657715
17260,636.3,0.75,122.156159659
17280,607.25,0.9,141.444721326
17300,635.65,0.65,114.495441774
17320,572.65,0.75,135.207824586
17340,481.45,0.9,141.845399878
17360,531.5,0.75,132.820763382
17380,568.3,0.75,121.67536449
17400,560.05,0.8,124.21335503
17420,523.3,0.9,138.299649933
17440,572.15,0.65,97.355642571
17460,591.65,0.65,106.536528394
17480,575.1,0.7,112.443971065
17500,512.35,0.7,114.7946331
17520,425.0,0.8,101.660555347
17540,511.15,0.7,107.837417303
17560,475.9,0.75,117.687444212
17580,424.7,0.85,131.513199573
17600,580.45,0.75,106.309976277
17620,418.25,0.75,122.337015315
17640,568.75,0.7,108.392360282
17660,455.65,0.6,90.3746345725
17680,412.95,0.75,101.466496015
17700,489.6,0.75,113.645275436
17720,565.9,0.6,109.161364956
17740,571.7,0.7,110.959433989
17760,535.75,0.6,106.252860964
17780,565.95,0.8,132.798185051
17800,430.2,0.7,115.866100797
17820,538.75,0.7,128.859571699
17840,465.0,0.85,141.832221547
17860,528.55,0.65,122.296072462
17880,469.3,0.85,136.964128076
17900,513.7,0.75,134.067150692
17920,536.1,0.75,115.201115266
17940,524.15,0.75,127.061299576
17960,468.9,0.9,135.337909223
17980,636.05,0.6,116.814360338
18000,567.7,0.85,147.574650747
18020,630.6,0.7,121.606549275
18040,649.4,0.6,109.534112732
18060,626.75,0.65,113.270806937
18080,527.55,0.8,130.283004973
18100,578.45,0.8,149.654097072
18120,630.85,0.85,144.510583274
18140,617.6,0.7,116.759325593
18160,625.2,0.7,128.060470435
18180,598.9,0.8,147.421991631
18200,669.75,0.7,117.668292414
18220,792.85,0.4,90.8131124694
18240,840.95,0.35,77.4479590876
18260,787.65,0.45,96.620053182
18280,632.95,0.7,129.244125319
18300,744.0,0.55,111.3294643
18320,862.5,0.4,102.035730932
18340,838.75,0.3,92.9851921892
18360,736.95,0.45,107.002296785
18380,792.85,0.4,102.260791073
18400,899.3,0.25,86.2657011735
18420,848.7,0.35,99.5157034246
18440,950.3,0.1,77.9117580438
18460,913.7,0.25,82.7297169376
18480,949.7,0.15,79.9946787424
18500,905.8,0.15,84.5727830646
18520,789.0,0.35,107.240474629
18540,922.15,0.2,91.1534928291
18560,943.75,0.1,80.2018002771
18580,898.85,0.2,82.5748812552
18600,854.35,0.25,106.057241112
18620,827.45,0.3,107.461423554
18640,757.4,0.4,116.2301678
18660,911.0,0.25,88.4016939439
18680,826.0,0.3,96.8234276401
18700,874.75,0.3,95.2017079633
18720,816.75,0.4,110.668664659
18740,818.65,0.3,105.456690714
18760,861.1,0.25,93.1175300142
18780,763.75,0.45,111.486399323
18800,833.95,0.3,112.41940933
18820,907.2,0.15,95.5997553611
18840,960.7,0.1,79.6551191506
18860,872.35,0.2,103.20548068
18880,982.65,0.05,80.861828972
18900,869.35,0.1,77.1611803019
18920,911.85,0.1,80.3523466084
18940,957.65,0.15,96.5377344364
18960,944.0,0.1,79.5047460101
18980,933.5,0.1,90.5043065096
19000,1000.0,0.0,76.1504232185
19020,883.2,0.2,101.515233471
19040,942.85,0.1,90.9558895108
19060,942.05,0.1,89.3795153775
19080,900.05,0.1,76.8851819466
19100,892.55,0.2,91.1779156309
19120,929.8,0.15,86.2182083932
19140,865.55,0.1,62.6516047278
19160,872.55,0.15,83.8735419195
19180,692.9,0.55,128.858231522
19200,917.05,0.15,85.6066059251
19220,724.6,0.2,59.3616261307
19240,834.85,0.15,74.3358862099
19260,788.7,0.25,72.3634711737
19280,774.15,0.25,83.3074422733
19300,681.7,0.3,62.9472078015
19320,729.45,0.35,72.8120646253
19340,704.85,0.2,51.8283803639
19360,653.6,0.3,69.1192191614
19380,619.25,0.15,13.3404284659
19400,831.7,0.2,80.8529521341
19420,842.55,0.1,49.1277311114
19440,673.05,0.25,67.7691338741
19460,767.15,0.1,34.1966213977
19480,703.8,0.1,13.8633171292
19500,726.8,0.25,64.0055154212
19520,713.4,0.15,42.8414177818
19540,816.05,0.1,43.978832114
19560,924.9,0.05,66.460344891
19580,618.9,0.1,5.49325825609
19600,755.35,0.15,47.1197508363
19620,691.45,0.1,24.7696676067
19640,810.6,0.2,79.1818373411
19660,810.75,0.2,72.4185765325
19680,773.2,0.1,50.8192205686
19700,843.75,0.05,51.976409557
19720,720.35,0.2,45.4346652874
19740,666.3,0.15,24.0910443399
19760,673.7,0.2,68.0139213685
19780,764.0,0.05,33.4209567777
19800,782.8,0.15,55.5523209338
19820,707.8,0.2,70.1090107784
19840,857.1,0.1,65.1758297324
19860,746.5,0.1,59.0413231818
19880,714.05,0.1,31.5588661833
19900,864.55,0.1,61.0258126695
19920,781.15,0.05,41.8995025184
19940,669.9,0.2,37.7285373085
19960,791.55,0.3,93.0985359361
19980,824.6,0.1,65.7971884366
20000,778.7,0.25,80.1921400763
20020,818.4,0.1,58.2313932682
20040,794.85,0.15,61.5469918847
20060,762.0,0.2,77.1283971769
20080,796.55,0.1,66.8288213188
20100,932.45,0.05,67.9189673101
20120,905.85,0.1,74.725239357
20140,836.95,0.1,63.7616823433
20160,870.65,0.15,84.5793733971
20180,892.6,0.05,54.5720236202
20200,849.4,0.25,95.9156075398
20220,758.55,0.4,104.495386226
20240,818.1,0.25,88.1581885297
20260,887.05,0.2,86.3146114839
20280,891.45,0.15,73.7968721155
20300,847.1,0.3,103.266069908
20320,834.7,0.25,79.841373334
20340,877.05,0.15,70.7996328456
20360,907.35,0.25,85.4996290534
20380,942.9,0.15,78.9342561128
20400,884.8,0.25,92.8054915085
20420,800.8,0.3,100.569344837
20440,938.55,0.05,64.4775116787
20460,926.15,0.15,83.4743099291
20480,1000.0,0.0,81.5613086477
20500,901.4,0.15,70.7227089636
20520,883.6,0.25,91.2374019555
20540,879.95,0.15,70.2132475166
20560,849.9,0.3,92.0544070812
20580,809.45,0.35,109.91731426
20600,800.6,0.2,84.9242011052
20620,927.75,0.15,80.8965873778
20640,828.8,0.2,75.5661307416
20660,847.7,0.15,77.2826919624
20680,945.05,0.1,81.6370605008
20700,935.1,0.05,64.3780392268
20720,918.15,0.15,82.9037933774
20740,891.0,0.2,79.1541037533
20760,892.6,0.15,69.9502493001
20780,910.85,0.1,66.1730081924
20800,840.35,0.2,80.9641689222
20820,912.95,0.15,82.4961016644
20840,807.15,0.2,82.4880899043
20860,779.45,0.1,42.1132653066
20880,773.25,0.2,77.5351501883
20900,867.9,0.3,109.442374898
20920,718.25,0.3,87.8346687856
20940,778.4,0.4,99.5272383815
20960,686.35,0.35,86.1926688627
20980,655.8,0.5,109.229747225
21000,748.0,0.35,81.9576736905
21020,740.15,0.1,33.5829389892
21040,799.05,0.15,53.6413159804
21060,781.35,0.2,60.8052388478
21080,653.1,0.2,26.3994247244
21100,855.8,0.05,34.7019735682
21120,868.85,0.05,51.9693747747
21140,780.95,0.1,42.3209083235
21160,627.1,0.2,28.1830574693
21180,755.55,0.4,74.8697722076
21200,807.2,0.2,66.7245430202
21220,661.0,0.4,77.913803587
21240,616.85,0.2,38.4722877721
21260,640.2,0.4,61.6676184444
21280,559.4,0.3,45.8578070219
21300,684.7,0.25,57.3027288659
21320,632.65,0.35,84.7547180818
21340,630.5,0.2,43.8230130714
21360,581.25,0.25,54.801436624
21380,627.45,0.15,32.4106317057
21400,641.9,0.3,68.6337067622
21420,626.05,0.25,64.6965910539
21440,692.5,0.1,50.0398036587
21460,750.3,0.05,41.8102485505
21480,594.45,0.05,29.3880544082
21500,587.55,0.05,23.4421742553
21520,767.7,0.0,36.651254754
21540,625.85,0.05,21.8688802907
21560,734.3,0.0,25.9402061691
21580,658.3,0.05,20.1329327057
21600,721.9,0.05,33.6100916763
21620,530.1,0.1,7.15340224498
21640,661.6,0.1,48.6128682329
21660,688.0,0.0,20.1384053468
21680,499.05,0.1,4.98973190134
21700,624.5,0.05,12.108119315
21720,669.0,0.15,41.4409319101
21740,680.25,0.1,34.0232377004
21760,660.5,0.15,42.6841530351
21780,629.2,0.1,22.9058071559
21800,760.65,0.05,46.263589301
21820,598.55,0.1,20.2763766497
21840,733.05,0.0,34.7647894022
21860,656.5,0.1,35.5263665393
21880,643.85,0.3,64.1424353192
21900,614.2,0.05,9.7571794828
21920,721.55,0.1,43.4377890504
21940,814.5,0.1,59.3252347273
21960,679.95,0.25,63.461455133
21980,717.9,0.15,41.4768084809
22000,807.6,0.15,59.7352092472
22020,698.35,0.25,49.5409329252
22040,725.15,0.2,62.7186069106
22060,819.35,0.2,73.7434979538
22080,873.35,0.15,78.2721902863
22100,862.55,0.05,47.8811685199
22120,809.6,0.0,41.806088617
22140,792.2,0.05,43.1889418062
22160,928.15,0.1,73.654717468
22180,742.4,0.1,39.3831857396
22200,777.2,0.1,58.2638796919
22220,785.7,0.05,43.3542311782
22240,734.2,0.0,29.7332601411
22260,702.7,0.2,53.948264029
22280,821.75,0.1,65.5874894716
22300,815.55,0.05,45.8581318719
22320,829.6,0.2,78.3246175189
22340,747.95,0.1,51.4410096636
22360,699.1,0.0,9.36443637497
22380,690.25,0.05,46.6438102753
22400,710.85,0.1,53.7759325984
22420,852.1,0.05,55.5320555294
22440,772.9,0.0,45.9219136364
22460,783.35,0.05,45.4568446045
22480,704.7,0.05,31.2934490704
22500,697.15,0.05,42.4442432999
22520,721.45,0.1,46.4167995609
22540,811.2,0.0,49.0198514253
22560,849.45,0.0,46.1834305689
22580,775.9,0.0,37.6593192936
22600,637.6,0.15,56.0707687211
22620,780.6,0.1,62.6512335898
22640,690.1,0.05,38.7740416259
22660,720.4,0.1,51.8638003225
22680,863.4,0.1,81.5309551037
22700,697.55,0.1,50.7516012879
22720,690.6,0.1,35.1323093711
22740,548.05,0.2,35.4891796509
22760,771.9,0.0,44.1462760505
22780,776.0,0.1,45.2433028717
22800,808.8,0.25,97.6466121646
22820,784.25,0.05,48.1980023119
22840,785.7,0.05,49.9542101606
22860,644.8,0.2,61.5297530761
22880,790.05,0.1,72.8874724878
22900,689.3,0.3,90.201592758
22920,859.15,0.05,64.7979810547
22940,754.9,0.3,104.023208263
22960,800.15,0.25,90.3592816225
22980,839.55,0.2,92.6028880718
23000,903.3,0.05,72.3459948013
23020,799.35,0.2,78.2139285823
23040,731.05,0.15,61.2303018302
23060,811.85,0.3,105.039132282
23080,804.8,0.2,73.0351151814
23100,771.5,0.15,68.9174923468
23120,828.5,0.15,85.1799262226
23140,837.2,0.15,73.3539416142
23160,967.2,0.05,72.594879604
23180,836.1,0.15,71.4082667809
23200,983.25,0.05,78.2748862385
23220,897.7,0.15,87.4009695924
23240,935.05,0.05,73.8276336811
23260,801.4,0.15,70.3233962106
23280,771.45,0.4,113.877668049
23300,885.75,0.15,80.8852827224
23320,892.7,0.25,94.6774998515
23340,908.65,0.1,72.5545005782
23360,863.4,0.2,88.0038427259
23380,842.05,0.15,72.8153558508
23400,952.45,0.1,81.6179754395
23420,874.2,0.1,76.0400567631
23440,802.95,0.3,93.6224610717
23460,872.7,0.1,79.6942284804
23480,946.1,0.1,81.2468646684
23500,886.15,0.3,108.562895373
23520,895.5,0.05,77.9910043047
23540,898.8,0.25,104.934557854
23560,931.05,0.15,95.1033724503
23580,812.25,0.25,99.6968338047
23600,892.35,0.2,108.056261979
23620,932.3,0.05,73.1228827583
23640,974.5,0.05,86.7673316355
23660,974.55,0.05,84.0956103024
23680,1000.0,0.0,75.1503621346
23700,927.7,0.2,104.070661374
23720,943.25,0.1,90.1971861431
23740,900.15,0.15,90.3941749898
23760,931.6,0.1,76.7526076965
23780,931.05,0.05,79.6833478679
23800,953.35,0.1,92.7085538493
23820,923.2,0.0,73.9924022314
23840,970.7,0.05,82.0422906032
23860,921.15,0.0,71.8537530089
23880,1000.0,0.0,82.1286342155
23900,1000.0,0.0,78.7008756279
23920,971.25,0.05,69.2152763922
23940,912.95,0.1,88.5590332424
23960,897.25,0.05,80.3568724125
23980,970.85,0.05,89.971754077
24000,904.5,0.1,87.6709109051
24020,887.45,0.2,89.5426406029
24040,976.65,0.1,88.4765794379
24060,1000.0,0.0,80.0562322691
24080,958.8,0.0,77.7074763947
24100,913.55,0.1,90.3404393904
24120,1000.0,0.0,80.0272315626
24140,1000.0,0.0,83.4588930109
24160,943.45,0.05,80.9397085568
24180,985.95,0.05,81.4579323318
24200,1000.0,0.0,87.0971996327
24220,918.75,0.0,68.7999614706
24240,902.05,0.05,72.0864069252
24260,1000.0,0.0,82.6267035087
24280,918.45,0.0,68.0352718579
24300,931.05,0.05,85.1011402377
24320,962.15,0.0,80.1071216993
24340,840.7,0.05,75.4247297324
24360,856.25,0.1,88.6245236322
24380,882.3,0.0,75.1882752587
24400,810.8,0.05,73.0270134595
24420,980.25,0.05,80.1730770688
24440,913.55,0.05,81.3576452091
24460,860.3,0.15,91.4159108233
24480,893.05,0.1,85.1095859996
24500,961.5,0.0,81.170203847
24520,814.85,0.1,80.4261672951
24540,961.55,0.0,80.3604951323
24560,939.25,0.05,80.7117384037
24580,870.55,0.05,68.8828036022
24600,920.75,0.0,72.3261536888
24620,923.35,0.0,74.3468570967
24640,921.45,0.0,73.0453238145
24660,883.9,0.0,76.9458606912
24680,895.15,0.05,87.9962505342
24700,650.2,0.05,61.6905422057
24720,799.6,0.0,55.1751460257
24740,897.7,0.05,76.2252376439
24760,857.05,0.05,75.3543212881
24780,798.8,0.0,68.9243792854
24800,740.95,0.1,78.8259980044
24820,840.4,0.0,72.8389439185
24840,877.9,0.05,76.1631968012
24860,919.55,0.0,76.2512569743
24880,960.8,0.0,84.7918622446
24900,852.55,0.05,78.3587517678
24920,921.65,0.0,68.5451506253
24940,884.65,0.0,73.0128691798
24960,839.05,0.0,68.0547765408
24980,882.05,0.0,66.8506327483
25000,902.0,0.05,80.4759532692
25020,842.85,0.0,72.4010232112
25040,838.45,0.0,69.1787828896
25060,841.35,0.0,69.4819405872
25080,756.15,0.05,63.9767878262
25100,800.6,0.0,63.119851635
25120,710.45,0.15,78.6325072309
25140,732.15,0.05,61.2738421021
25160,882.95,0.0,77.4165034043
25180,728.95,0.05,66.6131082245
25200,726.25,0.05,66.0123514846
25220,678.65,0.05,66.6078317589
25240,920.4,0.0,69.4821189133
25260,742.45,0.05,62.3271773843
25280,838.5,0.0,67.5685597072
25300,880.85,0.0,78.1673296887
25320,883.65,0.0,69.6820725406
25340,922.1,0.0,75.2785884631
25360,771.8,0.05,72.849140694
25380,760.7,0.0,73.7485017051
25400,919.6,0.0,79.5770321788
25420,760.65,0.0,63.1616683737
25440,827.75,0.05,73.9318940899
25460,877.05,0.05,85.4735001783
25480,790.55,0.05,67.8725286918
25500,720.35,0.0,53.7702353967
25520,842.1,0.0,66.5986914857
25540,762.75,0.0,63.4897336737
25560,938.5,0.05,95.3288164342
25580,757.5,0.0,64.3449325449
25600,838.85,0.0,64.4577609099
25620,728.95,0.05,73.2479458628
25640,800.35,0.0,59.3864579681
25660,819.7,0.05,64.856291142
25680,919.1,0.0,76.9474406044
25700,635.25,0.0,50.699703003
25720,919.0,0.0,76.4431713755
25740,800.7,0.0,58.3394540597
25760,711.05,0.05,60.0831431735
25780,779.5,0.05,68.9130054905
25800,760.2,0.05,64.4531260527
25820,705.35,0.05,56.1030505651
25840,758.75,0.0,63.6086778594
25860,753.75,0.05,60.8100526418
25880,841.1,0.0,67.9017503942
25900,838.6,0.0,73.8966154493
25920,758.5,0.0,61.7403159399
25940,840.45,0.0,63.4144089511
25960,840.6,0.0,62.8221002605
25980,798.9,0.0,64.3822476405
26000,879.9,0.0,73.5836094456
26020,799.05,0.0,54.5320531397
26040,842.2,0.0,65.6598336891
26060,811.15,0.05,68.9234980483
26080,959.4,0.0,82.1361744679
26100,932.1,0.05,87.214793779
26120,972.85,0.05,92.5162846757
26140,894.0,0.1,89.4313930791
26160,867.05,0.1,86.5235909503
26180,843.55,0.0,57.7881480162
26200,958.65,0.0,74.5611346982
26220,919.05,0.0,79.7610435662
26240,935.1,0.05,85.5987757627
26260,840.25,0.0,65.8584488809
26280,878.15,0.0,67.8291150901
26300,833.35,0.05,58.3820172617
26320,880.65,0.0,71.9463517501
26340,958.1,0.0,93.86027109
26360,973.3,0.05,87.9604071706
26380,917.85,0.0,81.8867117272
26400,921.2,0.0,76.2011228428
26420,959.25,0.0,78.4922884526
26440,922.1,0.1,93.1935318577
26460,965.7,0.05,85.8248434333
26480,849.05,0.1,79.2270939941
26500,1000.0,0.0,83.5779477865
26520,777.45,0.05,80.0538640861
26540,850.9,0.05,78.2216009206
26560,791.0,0.1,70.8866171127
26580,778.95,0.1,82.3329573374
26600,700.7,0.1,73.3459224172
26620,793.85,0.2,101.203974689
26640,557.45,0.0,49.2318909564
26660,634.25,0.15,74.7505147598
26680,794.6,0.1,77.003130554
26700,730.65,0.2,95.5647475183
26720,721.25,0.05,58.2286719404
26740,685.4,0.05,57.5615846476
26760,762.0,0.05,68.3654158719
26780,675.5,0.0,41.8540235682
26800,791.5,0.05,74.1192209418
26820,493.9,0.15,61.1697377709
26840,564.2,0.3,98.4148749755
26860,762.1,0.05,77.3982308673
26880,707.25,0.1,67.0543048695
26900,669.35,0.0,55.3833510525
26920,599.3,0.05,57.6198540839
26940,549.7,0.0,46.2385768237
26960,640.8,0.1,66.2055618589
26980,719.4,0.05,71.0297245286
27000,476.95,0.1,54.2798444124
27020,561.4,0.1,58.5391526629
27040,694.25,0.05,61.3765634069
27060,716.85,0.05,69.973037142
27080,599.55,0.1,60.6838247342
27100,639.85,0.05,61.4943794708
27120,676.15,0.05,69.0189231779
27140,648.2,0.05,59.6055445724
27160,553.5,0.0,44.994108239
27180,594.7,0.15,66.8367796792
27200,604.6,0.1,59.9863175597
27220,592.1,0.0,43.8649311083
27240,404.75,0.1,41.470543172
27260,671.35,0.0,51.8222013006
27280,765.25,0.1,90.3513071573
27300,671.9,0.0,61.580592408
27320,513.15,0.0,34.771665735
27340,619.85,0.1,73.7390030199
27360,618.15,0.2,85.2246068566
27380,639.05,0.05,62.6751333649
27400,627.65,0.35,107.618920569
27420,647.5,0.05,57.2097643687
27440,557.0,0.15,74.0734024229
27460,448.05,0.25,75.1042073592
27480,700.95,0.25,86.7230416694
27500,685.45,0.1,81.8622280412
27520,627.0,0.25,103.591817719
27540,582.7,0.2,79.3455970887
27560,474.8,0.4,94.8006057087
27580,616.9,0.15,78.0031184255
27600,637.6,0.15,69.6875475302
27620,628.8,0.25,100.254192893
27640,761.2,0.1,80.3206142564
27660,711.45,0.25,95.8643272489
27680,613.45,0.15,71.8821033731
27700,564.5,0.25,88.6828529328
27720,538.95,0.25,81.8715879889
27740,766.85,0.15,75.427476394
27760,576.85,0.3,89.0007357318
27780,761.55,0.1,68.0627038807
27800,680.95,0.25,92.8864681469
27820,584.95,0.25,91.0903773722
27840,585.0,0.25,91.3527467144
27860,477.45,0.3,78.8448160841
27880,573.15,0.5,114.436553318
27900,610.7,0.5,125.091997035
27920,786.1,0.2,97.0820094316
27940,523.75,0.45,99.3371948177
27960,551.9,0.4,113.663567357
27980,583.7,0.5,106.484729754
28000,616.05,0.4,87.515406406
28020,561.1,0.35,94.5386190372
28040,673.7,0.2,76.2263513748
28060,482.9,0.45,113.911992298
28080,514.8,0.45,115.452082618
28100,505.65,0.5,112.100736896
28120,616.35,0.4,112.119514404
28140,524.55,0.45,109.505105805
28160,525.2,0.4,92.4585381597
28180,536.2,0.35,98.509242922
28200,608.95,0.3,89.237308265
28220,397.1,0.45,104.663210188
28240,409.1,0.45,96.0997718614
28260,435.75,0.4,88.4723551327
28280,455.7,0.55,123.020826827
28300,439.8,0.4,107.530010391
28320,514.65,0.35,99.8304778887
28340,486.0,0.6,133.245663249
28360,553.45,0.6,144.744952556
28380,576.4,0.35,107.357911939
28400,528.6,0.4,110.524357727
28420,432.75,0.4,105.414074085
28440,721.6,0.4,115.090059371
28460,481.7,0.35,98.1507702838
28480,624.9,0.15,59.6416185533
28500,632.55,0.25,87.8309519675
28520,591.85,0.3,101.920686703
28540,765.35,0.1,87.0489364757
28560,725.85,0.15,79.7552574203
28580,537.3,0.3,89.1869500761
28600,614.0,0.15,74.9288602926
28620,757.85,0.15,84.941198782
28640,765.2,0.15,88.8214142756
28660,880.35,0.05,79.1574889224
28680,698.05,0.1,70.8590074025
28700,917.6,0.0,75.0512984416
28720,634.75,0.0,49.1069231403
28740,729.6,0.05,65.1002605266
28760,546.55,0.15,69.9074197688
28780,594.5,0.0,39.6749178184
28800,677.35,0.05,71.8433091463
28820,689.75,0.1,68.8509140823
28840,795.45,0.0,62.1177906511
28860,549.75,0.0,42.875595541
28880,636.45,0.0,41.9372873186
28900,812.2,0.05,72.5151056037
28920,877.2,0.0,71.0088964489
28940,725.45,0.1,80.7471511835
28960,673.0,0.0,58.8860883966
28980,630.2,0.0,53.6765800579
29000,503.15,0.15,64.4717896843
29020,710.8,0.0,60.7492275952
29040,674.6,0.0,47.2764862266
29060,796.45,0.0,63.5286543169
29080,671.3,0.15,79.0693379425
29100,530.4,0.2,76.2695950217
29120,576.6,0.15,70.0024637728
29140,549.85,0.05,55.1949575997
29160,710.95,0.15,89.4123808868
29180,615.8,0.2,90.4332248933
29200,532.65,0.35,101.158455416
29220,687.45,0.1,78.2673442958
29240,608.1,0.1,73.4033234836
29260,565.45,0.15,69.7168575864
29280,560.7,0.2,77.025088683
29300,581.15,0.2,94.5376765944
29320,639.65,0.2,82.1088090609
29340,510.25,0.2,74.3166548477
29360,798.65,0.05,83.3743594024
29380,805.5,0.2,107.490707344
29400,580.95,0.05,50.5473691514
29420,668.05,0.15,79.3612721005
29440,565.25,0.1,64.2354852641
29460,589.55,0.25,84.088326375
29480,516.45,0.05,49.3583257135
29500,410.65,0.2,60.8918985699
29520,574.95,0.15,67.997067898
29540,535.15,0.2,70.6349950551
29560,591.2,0.2,70.342226999
29580,718.0,0.05,63.9487473599
29600,700.8,0.25,90.535677392
29620,633.75,0.05,61.1061576299
29640,719.95,0.1,83.2397986159
29660,466.5,0.25,80.6874114595
29680,723.25,0.1,79.1278606955
29700,670.15,0.15,71.5230989522
29720,768.55,0.15,82.7511750676
29740,779.4,0.25,102.59672035
29760,735.45,0.15,86.7861222212
29780,726.15,0.15,81.0640854282
29800,960.3,0.0,77.7890949145
29820,878.75,0.0,72.9012705481
29840,799.1,0.05,77.2785854279
29860,836.85,0.0,75.3034201079
29880,862.8,0.05,80.9354158379
29900,772.8,0.1,80.7094485213
29920,959.2,0.0,93.9771225463
29940,837.85,0.0,74.0162572882
29960,879.45,0.0,81.7490651442
29980,917.85,0.05,84.5485825879
30000,880.8,0.0,74.1354755055
