20,116.05,0.0,-519.388137551
40,122.6,0.0,-537.379449758
60,125.2,0.0,-466.995874082
80,133.2,0.0,-514.519819134
100,131.5,0.0,-432.643077672
120,160.95,0.0,-605.846003273
140,144.6,0.0,-581.109247793
160,135.3,0.0,-517.296515316
180,139.75,0.0,-491.275571733
200,130.7,0.0,-499.75564476
220,123.35,0.0,-474.792678758
240,133.5,0.0,-547.490016814
260,125.5,0.0,-561.305018579
280,115.65,0.0,-487.703578251
300,138.9,0.0,-600.117313778
320,117.4,0.0,-522.833939578
340,106.45,0.0,-520.304826284
360,139.9,0.0,-528.870448916
380,112.25,0.0,-538.014496055
400,119.65,0.0,-514.827780723
420,112.6,0.0,-462.491828574
440,126.8,0.0,-498.463737062
460,121.85,0.0,-466.002246052
480,136.95,0.0,-494.135534149
500,121.7,0.0,-388.572535779
520,119.25,0.0,-361.641410364
540,113.35,0.0,-443.699955318
560,102.85,0.0,-413.484221159
580,100.4,0.0,-454.638290666
600,107.75,0.0,-385.68824093
620,115.75,0.0,-409.264376015
640,127.6,0.0,-461.762801867
660,117.85,0.0,-387.725920921
680,130.3,0.0,-346.29640146
700,110.3,0.0,-415.491317098
720,102.05,0.0,-375.324670339
740,123.4,0.0,-369.475142449
760,136.1,0.0,-357.623801974
780,130.4,0.0,-328.620749115
800,132.45,0.0,-256.654284102
820,135.4,0.0,-264.367626544
840,136.2,0.0,-260.074806943
860,144.05,0.0,-170.665680648
880,131.8,0.0,-183.094666134
900,144.15,0.0,-183.048821669
920,125.75,0.0,-138.830540432
940,123.25,0.0,-147.397625757
960,126.55,0.0,-150.700416297
980,117.25,0.0,-132.399934286
1000,128.35,0.0,-145.279085563
1020,112.95,0.0,-117.337744607
1040,122.35,0.0,-147.942761374
1060,147.25,0.0,-127.440143735
1080,131.7,0.0,-120.165641996
1100,144.4,0.0,-124.224682131
1120,136.7,0.0,-124.462987773
1140,141.25,0.0,-104.856046692
1160,138.65,0.0,-142.683599072
1180,133.6,0.0,-129.459732825
1200,131.8,0.0,-146.889658462
1220,180.05,0.0,-110.450993727
1240,126.7,0.0,-114.447468945
1260,176.15,0.0,-78.2909491353
1280,136.05,0.0,-88.1342561449
1300,144.05,0.0,-91.9090507505
1320,140.6,0.0,-79.0365325822
1340,136.3,0.0,-75.4615725631
1360,188.65,0.0,-76.191928837
1380,145.7,0.0,-80.3669796555
1400,154.15,0.0,-78.7840781089
1420,242.35,0.0,-67.1974108834
1440,176.35,0.0,-86.5508497111
1460,283.45,0.0,-49.6850413956
1480,416.8,0.0,-67.5409634363
1500,300.6,0.0,-58.9095385519
1520,291.0,0.0,-69.8289575615
1540,462.45,0.0,-131.893406398
1560,535.2,0.0,-131.316995259
1580,476.8,0.0,-109.090948428
1600,489.7,0.0,-152.532995661
1620,633.55,0.0,-138.862498581
1640,566.3,0.0,-129.421554589
1660,599.2,0.0,-108.246149985
1680,589.25,0.0,-108.913812966
1700,726.7,0.0,-111.797198186
1720,629.8,0.0,-103.579685897
1740,716.75,0.0,-119.869190905
1760,558.7,0.0,-113.945219353
1780,692.75,0.0,-66.8163758066
1800,801.9,0.0,-85.0809623701
1820,664.8,0.0,-78.1570332541
1840,492.75,0.0,-40.9051339482
1860,478.2,0.1,-71.6440877529
1880,568.6,0.15,-20.778302938
1900,564.25,0.1,-42.0401007161
1920,454.85,0.3,23.0339618971
1940,470.65,0.15,-67.0898254027
1960,577.9,0.15,-44.687855204
1980,558.05,0.1,-25.4394095648
2000,714.3,0.2,-16.2563906429
2020,736.45,0.05,-45.5530934527
2040,668.3,0.1,-14.4449334686
2060,745.85,0.0,-47.0373946485
2080,699.95,0.0,-52.1089935209
2100,606.8,0.0,-49.01679993
2120,655.65,0.0,-50.1775626595
2140,633.4,0.0,-46.0798003563
2160,563.55,0.0,-37.5670124235
2180,494.1,0.0,-27.8853345014
2200,542.75,0.0,-29.3044210187
2220,321.55,0.0,-29.505650374
2240,447.35,0.0,-43.0178703996
2260,499.6,0.0,-42.9808846855
2280,527.75,0.05,-31.8281480544
2300,500.8,0.0,-28.517923084
2320,508.25,0.0,-31.6753409438
2340,715.8,0.0,-22.1198972849
2360,691.25,0.0,-36.8197913021
2380,627.25,0.0,-34.541479588
2400,764.55,0.0,-7.4066130162
2420,772.8,0.0,-0.346974351028
2440,843.85,0.0,-14.4270422311
2460,925.1,0.0,9.24060263726
2480,865.55,0.0,-16.1191746915
2500,885.9,0.0,-4.6632896719
2520,1000.0,0.0,-5.46260176404
2540,918.9,0.0,-0.391570913368
2560,886.3,0.0,-2.96372344793
2580,967.0,0.05,-22.9564044939
2600,890.1,0.0,-15.0217401937
2620,890.7,0.0,-1.22579766032
2640,882.8,0.0,5.07791303455
2660,821.7,0.0,-9.5646293021
2680,960.65,0.0,-9.74396509918
2700,786.6,0.05,14.2525918513
2720,774.9,0.1,24.1361668643
2740,680.5,0.0,12.6690549001
2760,676.85,0.0,10.7789099453
2780,481.95,0.0,-11.6538711805
2800,748.55,0.05,16.7639733149
2820,416.2,0.15,19.6794802157
2840,567.5,0.1,5.69560065216
2860,762.45,0.25,53.2794240017
2880,512.0,0.3,53.6573590943
2900,644.55,0.1,6.58514396275
2920,449.75,0.15,14.6138242274
2940,794.15,0.0,14.8472197517
2960,466.8,0.05,-2.16359761596
2980,335.95,0.0,-47.9842035438
3000,281.4,0.05,-41.5969539268
3020,321.55,0.25,15.5021260538
3040,336.3,0.05,-31.3489117539
3060,336.8,0.0,-51.2346086163
3080,256.9,0.05,-66.6928403013
3100,273.45,0.05,-46.1431180981
3120,298.8,0.3,-1.23042764414
3140,457.85,0.3,25.4237143684
3160,598.2,0.2,20.7006824451
3180,614.1,0.25,47.3043994038
3200,455.0,0.2,-0.870685861527
3220,664.85,0.05,-6.27791008262
3240,618.2,0.1,-6.69656990092
3260,542.5,0.05,-0.374519283077
3280,807.8,0.15,26.4024109815
3300,649.25,0.1,-2.93976451384
3320,828.7,0.2,20.8613184456
3340,701.65,0.4,80.0305109036
3360,572.35,0.5,81.6341605354
3380,792.25,0.25,22.812635197
3400,632.35,0.35,43.7170634769
3420,434.5,0.5,49.3832584263
3440,638.75,0.55,60.9145858167
3460,607.5,0.55,66.8809456775
3480,712.15,0.3,28.9056410764
3500,571.45,0.45,27.9863803062
3520,659.35,0.35,-6.84528670534
3540,579.05,0.65,75.5429875438
3560,535.15,0.55,37.2593558813
3580,618.8,0.8,82.8378324813
3600,728.15,0.5,16.5693040885
3620,673.6,0.65,40.8705887003
3640,701.6,0.3,-30.6296778548
3660,555.85,0.25,-76.7550744412
3680,643.7,0.55,34.7695069049
3700,733.05,0.5,23.0523581005
3720,544.95,0.6,46.2656598749
3740,549.55,0.7,82.4298729114
3760,501.2,0.65,76.572383502
3780,720.75,0.6,54.9294916309
3800,619.95,0.85,114.147545132
3820,627.05,0.7,88.9229656294
3840,662.75,0.75,98.6987643276
3860,656.6,0.65,81.7904231011
3880,705.8,0.8,88.5238386336
3900,622.3,0.75,109.277589131
3920,647.65,0.6,73.6629600538
3940,708.7,0.65,85.3506940218
3960,719.9,0.75,111.299667571
3980,787.45,0.6,68.9606631425
4000,687.75,0.6,70.5589081136
4020,621.1,0.65,97.2921341276
4040,703.55,0.6,52.732767476
4060,633.05,0.65,84.9301399016
4080,729.25,0.7,53.3334692014
4100,721.15,0.55,64.2994371377
4120,697.7,0.75,115.144364714
4140,758.9,0.55,60.5866657918
4160,673.3,0.7,98.1808928196
4180,758.6,0.6,74.3307702708
4200,705.5,0.6,93.1224113289
4220,671.15,0.7,79.6673735345
4240,770.45,0.55,107.283625407
4260,650.95,0.35,80.6086958806
4280,661.55,0.55,106.875120992
4300,637.65,0.1,23.7418410727
4320,793.4,0.25,61.9016999973
4340,521.65,0.45,79.2976064962
4360,506.5,0.25,28.3968685525
4380,640.4,0.15,39.0873858464
4400,435.15,0.2,5.26235356038
4420,632.4,0.25,55.6039680245
4440,423.05,0.35,24.3482123114
4460,595.95,0.25,30.9603241563
4480,606.8,0.25,53.5781203572
4500,590.05,0.4,84.0153619699
4520,336.7,0.1,-22.1097238758
4540,602.6,0.2,24.4469981938
4560,513.3,0.05,-3.86274848494
4580,579.05,0.05,18.7732738441
4600,504.25,0.0,-15.9757432034
4620,648.55,0.05,26.0019314798
4640,503.85,0.1,22.8068226932
4660,530.35,0.25,45.038283098
4680,599.3,0.25,47.4335801358
4700,676.45,0.1,44.9115973874
4720,584.15,0.2,61.9331661048
4740,515.55,0.15,35.3367825317
4760,623.8,0.25,51.0950163415
4780,577.3,0.05,45.4801878445
4800,609.75,0.1,55.0760022665
4820,676.4,0.05,46.8667483633
4840,545.15,0.15,58.5368279495
4860,503.6,0.05,36.0848324367
4880,333.0,0.1,17.5896292335
4900,369.35,0.1,36.7045104222
4920,437.4,0.05,36.5576883611
4940,484.2,0.1,37.1300196851
4960,394.8,0.15,43.9149463644
4980,357.6,0.1,39.284923806
5000,231.8,0.05,8.0589365638
5020,392.85,0.15,44.7817089611
5040,326.2,0.1,10.28511323
5060,370.45,0.05,15.7987306487
5080,475.1,0.15,48.1071508047
5100,366.85,0.15,33.6534390869
5120,398.15,0.0,14.3964783169
5140,320.5,0.35,64.4053487877
5160,343.95,0.15,28.8399368788
5180,367.3,0.25,37.5597122434
5200,443.85,0.3,66.1507978698
5220,429.7,0.2,29.2387639972
5240,454.7,0.2,51.7218176459
5260,551.1,0.3,74.3846275706
5280,647.65,0.3,94.5313014837
5300,552.7,0.25,64.8434163688
5320,711.35,0.2,74.3972317036
5340,634.6,0.25,77.8591028142
5360,694.8,0.35,94.3081318504
5380,644.55,0.3,84.3779997256
5400,732.6,0.25,86.3781945718
5420,704.4,0.35,103.979594479
5440,793.65,0.4,113.694152296
5460,861.2,0.4,89.1689250785
5480,882.7,0.4,89.426219208
5500,830.65,0.45,74.696732828
5520,849.65,0.4,73.3795165928
5540,741.6,0.6,80.5720580085
5560,881.9,0.45,96.8496567567
5580,788.1,0.5,106.499504932
5600,837.75,0.35,89.0767385733
5620,853.15,0.35,69.9059754773
5640,851.2,0.4,80.1344998435
5660,902.3,0.25,72.4996303735
5680,877.5,0.35,98.3313289477
5700,828.15,0.35,92.2676098583
5720,876.25,0.3,90.4620667724
5740,901.15,0.15,89.5487488934
5760,926.8,0.15,79.8616729672
5780,851.35,0.25,90.7895025395
5800,856.15,0.35,103.797024156
5820,855.8,0.25,100.970149086
5840,753.05,0.4,101.920479375
5860,727.35,0.2,80.3413831058
5880,776.7,0.35,107.488917791
5900,866.8,0.2,95.8888488598
5920,841.0,0.05,73.959749132
5940,837.95,0.15,82.0882561628
5960,734.15,0.3,105.227994664
5980,744.05,0.25,91.0905972443
6000,881.5,0.2,94.2162894547
6020,909.8,0.15,96.0918168555
6040,727.75,0.3,99.0480372195
6060,905.7,0.15,95.6176903873
6080,765.35,0.25,99.7382245702
6100,816.55,0.3,101.278467019
6120,755.4,0.35,106.437599415
6140,914.35,0.35,109.121198933
6160,846.45,0.1,80.4119977098
6180,852.4,0.3,98.0676101848
6200,847.15,0.25,92.5411307268
6220,684.0,0.25,84.3667066829
6240,795.6,0.35,117.309990517
6260,919.1,0.15,89.5320088054
6280,742.75,0.4,115.674092247
6300,838.9,0.25,92.4318493287
6320,877.55,0.25,92.7523006742
6340,822.6,0.35,106.905156721
6360,865.5,0.35,106.004619887
6380,859.6,0.4,104.963863635
6400,923.75,0.2,89.8045637337
6420,899.45,0.3,102.088228191
6440,922.9,0.25,91.8906144526
6460,945.65,0.15,72.568352276
6480,859.8,0.3,101.853945182
6500,687.55,0.6,117.243028721
6520,735.75,0.5,122.737602216
6540,750.85,0.45,97.1985885484
6560,734.95,0.5,111.882167609
6580,865.5,0.45,98.9115045575
6600,675.75,0.55,120.778774491
6620,794.35,0.3,104.070460229
6640,807.9,0.2,85.777919298
6660,915.75,0.35,104.017686663
6680,940.1,0.25,95.7160169391
6700,837.3,0.4,106.489936284
6720,791.15,0.45,99.4863146969
6740,825.05,0.25,65.7653042833
6760,955.05,0.15,58.426278751
6780,835.5,0.3,68.535390482
6800,881.45,0.2,52.6635650511
6820,900.45,0.25,69.8563024656
6840,897.25,0.2,53.9271764136
6860,868.35,0.2,47.4545394909
6880,897.5,0.35,87.9171701637
6900,905.8,0.2,71.6662109757
6920,874.8,0.3,90.5676113299
6940,944.75,0.1,64.2933648092
6960,853.4,0.25,80.6857528087
6980,825.8,0.45,113.069114431
7000,811.8,0.15,82.1791948586
7020,886.65,0.3,94.6043817913
7040,901.1,0.3,104.610579031
7060,896.15,0.2,77.0422906091
7080,888.25,0.25,75.8578333377
7100,830.45,0.3,97.500843105
7120,853.25,0.35,80.9190693894
7140,848.35,0.35,96.6481431975
7160,820.8,0.2,62.3250958844
7180,751.5,0.3,79.9459010968
7200,716.65,0.2,57.286185749
7220,744.9,0.3,47.5504177432
7240,850.3,0.15,51.6152629091
7260,760.55,0.2,53.7815887652
7280,791.05,0.25,52.7707514876
7300,909.25,0.05,43.9394924829
7320,890.6,0.15,53.5167249793
7340,880.5,0.3,83.6842752384
7360,891.7,0.35,88.9090960966
7380,878.4,0.3,86.1769826531
7400,889.35,0.35,90.8417180319
7420,918.15,0.2,76.5872943512
7440,1000.0,0.0,55.0521995951
7460,925.5,0.15,84.5491843742
7480,655.3,0.35,44.7245857366
7500,703.4,0.6,80.1899030894
7520,697.8,0.6,93.8166065955
7540,623.55,0.65,107.573447245
7560,667.6,0.55,92.183390082
7580,433.65,0.65,76.7560364264
7600,521.35,0.8,104.949175673
7620,528.75,0.6,99.2292865428
7640,736.75,0.45,99.5055181674
7660,658.5,0.6,96.2114003131
7680,677.2,0.4,90.7141909286
7700,642.95,0.45,89.4395120095
7720,777.35,0.35,98.6872272473
7740,733.75,0.25,86.6655204045
7760,864.7,0.1,73.9878628956
7780,726.1,0.3,90.5494824592
7800,727.75,0.25,95.8538215541
7820,556.7,0.35,91.1457756634
7840,690.3,0.2,78.3487308199
7860,669.2,0.3,85.1000298833
7880,828.9,0.15,77.0082373819
7900,733.5,0.15,82.2118302403
7920,762.15,0.1,59.8909453845
7940,819.7,0.05,61.5097331585
7960,792.7,0.2,77.3334716803
7980,704.8,0.2,83.1287049118
8000,856.4,0.1,81.9197299276
8020,890.7,0.1,79.8586176165
8040,849.1,0.0,59.4205790847
8060,803.5,0.1,79.0214106769
8080,811.0,0.05,61.9924805282
8100,762.1,0.2,83.2603438565
8120,914.45,0.1,88.6004458736
8140,814.7,0.2,82.4932348009
8160,822.75,0.1,70.3325644171
8180,943.2,0.15,83.521609927
8200,898.9,0.15,84.3528783994
8220,873.3,0.15,80.9061979755
8240,934.5,0.1,77.7447023393
8260,920.95,0.15,85.7298795778
8280,929.55,0.15,87.2455425837
8300,868.4,0.25,88.0834929257
8320,960.25,0.1,74.9577319602
8340,877.0,0.3,96.6311474608
8360,792.05,0.25,70.5798510705
8380,843.85,0.3,88.1685485474
8400,862.35,0.1,58.6331696705
8420,898.35,0.15,67.5997400497
8440,905.25,0.1,59.2462222876
8460,814.8,0.2,74.2531657194
8480,939.8,0.05,61.4827824906
8500,883.0,0.05,49.5261192009
8520,744.55,0.15,46.7184825964
8540,929.75,0.1,73.1369021617
8560,822.5,0.25,82.2052409422
8580,810.7,0.3,91.3283741174
8600,782.1,0.35,95.192546766
8620,788.3,0.2,78.9828326571
8640,789.8,0.15,62.018471968
8660,809.0,0.1,56.6750659115
8680,786.4,0.4,118.766759814
8700,954.8,0.1,82.1035155978
8720,832.05,0.1,63.4478510812
8740,829.35,0.2,79.3293807458
8760,840.45,0.1,65.4295304711
8780,675.85,0.1,54.9509091562
8800,629.45,0.15,45.8296156717
8820,885.6,0.05,58.3857869937
8840,717.5,0.1,47.1877879612
8860,673.9,0.1,48.2501196786
8880,764.55,0.05,63.4745961701
8900,790.3,0.15,75.7301097614
8920,764.95,0.0,44.4294733078
8940,746.45,0.1,69.5139954358
8960,545.5,0.05,32.7662880914
8980,430.3,0.2,32.5922812094
9000,650.2,0.05,43.7174647172
9020,691.6,0.1,60.7010459103
9040,520.5,0.05,16.0428105406
9060,479.3,0.2,35.2532875031
9080,504.55,0.1,23.2079217435
9100,468.4,0.15,36.434127158
9120,516.25,0.15,28.435410192
9140,540.75,0.15,46.2893321881
9160,496.75,0.1,29.4202446438
9180,506.8,0.25,56.1764610891
9200,421.55,0.1,22.1676554134
9220,544.7,0.05,30.1836753655
9240,561.3,0.1,48.4533045822
9260,590.9,0.0,25.5321866131
9280,635.85,0.05,59.1739010999
9300,673.55,0.05,50.7345797135
9320,747.55,0.0,48.0016654156
9340,759.75,0.0,54.2444477013
9360,677.25,0.0,46.4770863835
9380,574.7,0.05,36.9066407738
9400,694.75,0.05,57.2992112335
9420,684.1,0.0,42.7499537966
9440,667.9,0.0,43.3335639543
9460,632.7,0.0,46.4404246224
9480,717.4,0.0,52.823829927
9500,634.6,0.0,45.3480250237
9520,666.3,0.0,41.4395466608
9540,750.8,0.0,64.5986116398
9560,595.85,0.0,46.255394949
9580,466.25,0.05,24.5075530496
9600,671.2,0.0,51.4064229158
9620,669.65,0.0,53.3583834171
9640,783.75,0.0,70.1780067109
9660,748.2,0.0,55.348842493
9680,770.8,0.05,60.086764781
9700,835.9,0.0,72.6074677042
9720,657.75,0.05,48.8209888195
9740,727.3,0.1,73.6865660133
9760,621.05,0.1,57.3707040148
9780,617.85,0.05,36.8599009148
9800,740.25,0.1,70.374665453
9820,790.3,0.15,87.5460217814
9840,585.85,0.25,69.5518090197
9860,715.5,0.3,93.3765382773
9880,548.95,0.3,56.5919426952
9900,511.15,0.2,30.6956676373
9920,664.7,0.2,60.8838829757
9940,525.15,0.2,35.576850842
9960,703.1,0.15,54.0051430033
9980,732.25,0.15,65.749601725
10000,578.2,0.3,63.8007097107
10020,720.75,0.2,63.2902192133
10040,800.1,0.1,60.3156968124
10060,508.95,0.35,40.5546578482
10080,652.15,0.35,76.569018991
10100,750.1,0.35,93.2514914714
10120,574.7,0.35,59.8063603736
10140,672.15,0.15,46.6532949701
10160,722.85,0.15,40.5204625523
10180,726.3,0.25,73.0566907706
10200,625.55,0.3,52.0139824526
10220,689.05,0.2,33.0459966062
10240,701.2,0.15,26.2678795697
10260,740.65,0.3,48.3335142395
10280,700.15,0.25,10.4872819688
10300,792.0,0.25,31.0317619084
10320,755.6,0.2,16.1718545248
10340,753.4,0.35,24.1463273532
10360,788.4,0.45,53.0929248903
10380,803.9,0.55,63.0786078231
10400,831.0,0.45,48.6368533253
10420,843.4,0.5,53.6910263894
10440,747.35,0.65,77.3726802699
10460,744.5,0.6,58.4135844327
10480,707.0,0.45,18.5242921872
10500,732.4,0.45,53.975390245
10520,676.1,0.5,46.3466325257
10540,613.1,0.35,29.2320154457
10560,532.7,0.55,61.4017079057
10580,569.6,0.45,44.3649824225
10600,437.55,0.6,55.8048817735
10620,520.55,0.6,56.432968718
10640,559.95,0.5,69.3772074675
10660,497.1,0.2,-2.30900472204
10680,544.15,0.45,55.9407547039
10700,412.55,0.45,31.0463732099
10720,498.1,0.3,16.1532218592
10740,508.7,0.5,71.1641562359
10760,488.95,0.25,14.1806146393
10780,527.7,0.45,67.0984873427
10800,608.0,0.35,58.3963447456
10820,580.85,0.3,41.8997014389
10840,574.55,0.2,33.5758306281
10860,552.9,0.3,58.9610247164
10880,647.05,0.1,22.472119986
10900,663.85,0.25,61.1632679405
10920,595.85,0.1,21.9113928461
10940,539.45,0.25,32.422658558
10960,683.7,0.2,42.4541480007
10980,615.55,0.25,57.268642273
11000,854.8,0.1,75.148338962
11020,861.55,0.0,47.2904800739
11040,854.3,0.0,48.7047556916
11060,668.05,0.2,67.1270162455
11080,734.5,0.1,52.9603548023
11100,764.6,0.1,59.0119529647
11120,746.55,0.15,61.972074322
11140,775.95,0.2,73.9964953253
11160,853.2,0.05,61.2674383702
11180,845.85,0.05,54.2795291417
11200,867.85,0.0,46.3495084095
11220,747.5,0.15,60.849803942
11240,885.65,0.1,69.9102551514
11260,838.4,0.0,38.0955668941
11280,893.5,0.0,55.3855450522
11300,849.4,0.05,56.6002604198
11320,814.7,0.25,76.2000731827
11340,739.4,0.0,13.6573567468
11360,823.05,0.1,62.3931322402
11380,810.1,0.05,50.6338070762
11400,748.75,0.05,21.5861761484
11420,816.0,0.1,52.1338232175
11440,686.95,0.15,32.6764213111
11460,757.0,0.15,51.7197552634
11480,754.0,0.05,23.3367857009
11500,809.95,0.1,33.1879447088
11520,888.15,0.05,43.6269724912
11540,800.35,0.1,26.3294071932
11560,912.05,0.05,54.0751813372
11580,834.5,0.05,23.998512304
11600,850.2,0.0,33.446357208
11620,796.55,0.1,33.5429598593
11640,744.1,0.1,43.3625915756
11660,806.85,0.05,46.0818217057
11680,900.55,0.0,51.3089808389
11700,737.45,0.2,75.2701773482
11720,793.95,0.0,38.3173230477
11740,764.95,0.1,62.3869240198
11760,888.45,0.15,94.636980199
11780,872.0,0.1,81.0284175336
11800,865.55,0.1,86.3391554846
11820,809.2,0.05,73.1892147929
11840,736.55,0.0,36.5514180491
11860,771.8,0.05,53.4568484235
11880,763.65,0.0,52.6523193891
11900,771.35,0.05,67.7699329262
11920,883.85,0.0,72.1712974309
11940,636.75,0.0,44.6477813116
11960,601.25,0.05,48.9706547971
11980,716.4,0.0,58.041316808
12000,717.1,0.0,54.5296787096
12020,718.2,0.0,53.3261380096
12040,851.15,0.05,78.6549875753
12060,758.4,0.0,62.0744632228
12080,676.15,0.0,48.9459637709
12100,682.7,0.05,64.872364344
12120,685.6,0.05,60.0912507587
12140,762.5,0.1,77.455880718
12160,769.2,0.05,72.5796394523
12180,536.45,0.1,50.8494253579
12200,798.8,0.0,65.1747446679
12220,637.15,0.0,59.549567481
12240,752.0,0.0,61.7056065927
12260,643.65,0.05,58.5043872144
12280,702.55,0.1,85.0480327378
12300,759.65,0.0,72.1697506278
12320,838.15,0.0,66.9852298474
12340,826.3,0.05,79.0006606322
12360,880.85,0.0,81.3370154362
12380,638.75,0.0,51.2069387606
12400,959.7,0.0,81.6904816177
12420,923.55,0.05,87.7355619344
12440,843.1,0.0,67.3416995889
12460,921.15,0.0,88.967526892
12480,883.05,0.0,77.2280586049
12500,920.4,0.0,85.2983399874
12520,805.35,0.0,65.6385375727
12540,960.75,0.0,83.3230612469
12560,758.8,0.0,62.307928965
12580,842.6,0.0,66.9129034293
12600,817.3,0.1,84.6850160425
12620,919.1,0.0,75.9640927567
12640,920.2,0.0,79.4234110127
12660,960.15,0.0,90.0971986152
12680,759.8,0.0,61.1091357471
12700,839.1,0.0,65.8510219841
12720,843.3,0.0,71.5791684499
12740,879.2,0.0,75.9413621977
12760,779.85,0.1,86.2238321933
12780,685.95,0.0,45.2621844708
12800,875.25,0.05,87.5524174763
12820,821.1,0.1,81.9958087208
12840,765.85,0.05,63.7436842609
12860,623.25,0.15,62.7739854636
12880,716.0,0.2,92.462971746
12900,688.65,0.05,49.5630544447
12920,567.8,0.1,40.1048765047
12940,547.95,0.3,74.7807382046
12960,460.25,0.3,70.9138732986
12980,621.4,0.1,51.2605384288
13000,547.45,0.25,66.6913774595
13020,588.3,0.25,72.7907493682
13040,613.6,0.2,70.5769036132
13060,597.3,0.15,46.963753909
13080,591.95,0.15,44.2622063158
13100,641.2,0.35,101.40490812
13120,532.6,0.5,102.539486305
13140,534.65,0.2,62.1937101843
13160,669.4,0.1,48.1371980468
13180,713.7,0.05,50.9850026773
13200,642.35,0.15,57.1410550332
13220,583.0,0.2,57.5519375073
13240,676.0,0.2,75.3775614126
13260,695.05,0.05,45.9391180168
13280,738.4,0.0,33.7613097032
13300,714.75,0.15,71.7567259961
13320,751.4,0.15,70.1210888578
13340,962.25,0.0,83.1609692464
13360,874.3,0.05,70.6017505036
13380,928.2,0.0,74.4414685928
13400,778.3,0.05,55.5876532956
13420,836.65,0.1,86.1568999267
13440,912.75,0.05,81.8023719116
13460,967.4,0.05,100.883991652
13480,966.85,0.0,74.9429676865
13500,1000.0,0.0,83.6698062041
13520,947.35,0.1,99.7990312961
13540,1000.0,0.0,77.075766924
13560,948.2,0.1,91.2624067265
13580,915.3,0.1,76.1591610243
13600,944.8,0.1,86.1299590491
13620,1000.0,0.0,64.270545035
13640,876.9,0.25,94.283517731
13660,947.45,0.1,72.3822810312
13680,950.9,0.1,83.8693751988
13700,956.0,0.1,72.8052007183
13720,960.65,0.1,79.0856795784
13740,948.45,0.1,75.0146831066
13760,1000.0,0.0,54.1182712804
13780,998.15,0.05,64.6841991296
13800,991.7,0.05,63.0889297715
13820,1000.0,0.0,65.1968722171
13840,1000.0,0.0,72.391105195
13860,972.45,0.05,73.7725445644
13880,1000.0,0.0,74.6528954731
13900,1000.0,0.0,69.7507737149
13920,1000.0,0.0,67.9849648287
13940,960.25,0.1,92.5720671572
13960,977.75,0.1,82.0780030379
13980,985.05,0.05,89.8061992329
14000,970.95,0.05,81.4806259158
14020,1000.0,0.0,71.9131497858
14040,953.6,0.15,88.0516917582
14060,949.15,0.1,89.9548501311
14080,973.5,0.05,79.8683088031
14100,979.1,0.05,77.3777547658
14120,993.75,0.05,76.1938549239
14140,1000.0,0.0,77.2072034773
14160,1000.0,0.0,78.94424203
14180,1000.0,0.0,87.8186767112
14200,960.1,0.1,93.4429131247
14220,1000.0,0.0,87.2200095765
14240,964.0,0.0,81.7152741533
14260,939.5,0.15,100.67589073
14280,1000.0,0.0,80.6926938214
14300,1000.0,0.0,83.5017436482
14320,948.9,0.05,86.754219646
14340,1000.0,0.0,88.5544498453
14360,1000.0,0.0,84.1738004342
14380,1000.0,0.0,73.7576749066
14400,1000.0,0.0,88.0401312264
14420,959.0,0.0,80.6907297461
14440,1000.0,0.0,81.0165467523
14460,990.05,0.1,105.679186654
14480,967.45,0.05,93.6631378718
14500,1000.0,0.0,82.550340243
14520,961.0,0.0,80.0599596452
14540,1000.0,0.0,94.0027054368
14560,1000.0,0.0,83.2474927946
14580,926.3,0.05,91.5707859691
14600,1000.0,0.0,81.5453813285
14620,954.95,0.0,74.4955210601
14640,958.35,0.0,85.4066015409
14660,1000.0,0.0,86.6915375471
14680,954.35,0.0,76.6784582523
14700,973.75,0.05,84.5062584316
14720,910.4,0.0,69.0414252064
14740,899.6,0.05,82.5127471489
14760,851.8,0.1,85.5121161755
14780,834.95,0.0,70.5493015112
14800,768.7,0.1,77.0224362594
14820,790.75,0.05,67.529432266
14840,915.65,0.0,82.4368745852
14860,913.55,0.0,77.5433582934
14880,836.05,0.05,86.7129346762
14900,878.55,0.05,83.4779598688
14920,867.5,0.0,77.9953432662
14940,803.65,0.05,81.199459389
14960,797.3,0.05,84.1475984388
14980,757.65,0.05,81.4598643241
15000,945.95,0.05,96.0213875182
15020,591.05,0.0,44.7765424271
15040,833.5,0.0,74.6107574318
15060,780.75,0.05,74.2444275756
15080,756.6,0.05,73.7160430115
15100,788.9,0.0,85.6369358921
15120,697.4,0.0,54.1428660016
15140,998.35,0.05,105.709074417
15160,657.1,0.0,45.1320229114
15180,712.05,0.0,67.1705571896
15200,960.9,0.0,93.6839770564
15220,749.7,0.0,77.2666988266
15240,720.7,0.05,76.376467479
15260,841.8,0.05,94.1804587522
15280,872.7,0.1,95.7125741971
15300,878.4,0.05,91.8391422511
15320,840.7,0.05,81.9978658519
15340,879.55,0.05,88.7413350727
15360,900.55,0.1,97.6786253055
15380,924.9,0.05,90.561737147
15400,911.75,0.0,75.6768942962
15420,865.25,0.0,73.1822702176
15440,869.95,0.0,76.2291376455
15460,834.95,0.05,71.019403649
15480,1000.0,0.0,70.4480463836
15500,914.2,0.0,81.7266961846
15520,958.75,0.0,85.9347870706
15540,914.95,0.0,77.9785817313
15560,914.75,0.0,84.3202777165
15580,955.55,0.0,84.4534948157
15600,871.4,0.0,69.6527779878
15620,852.9,0.05,75.1464520788
15640,827.4,0.0,71.1337171432
15660,920.6,0.0,80.1754698299
15680,1000.0,0.0,81.3599224284
15700,913.65,0.0,87.3351289068
15720,831.85,0.0,76.1713497447
15740,913.8,0.0,79.6132697076
15760,955.1,0.0,89.1574188284
15780,910.7,0.0,77.5240619112
15800,852.25,0.1,98.8500555936
15820,916.0,0.0,80.5249962436
15840,916.0,0.0,79.215055402
15860,939.5,0.05,94.1327035531
15880,894.25,0.05,84.0303595201
15900,833.55,0.0,65.9162276178
15920,837.65,0.0,64.7062445699
15940,848.95,0.05,83.5076655421
15960,1000.0,0.0,89.670290139
15980,840.5,0.05,72.2915630195
16000,872.45,0.0,73.2757943775
16020,915.35,0.0,78.747292855
16040,958.05,0.0,85.6871581837
16060,958.35,0.0,80.2283431511
16080,882.6,0.0,74.0693901182
16100,958.2,0.0,82.938544167
16120,927.3,0.05,90.1509331491
16140,870.35,0.0,73.4734264929
16160,954.65,0.0,70.8069293863
16180,840.25,0.05,69.6717386271
16200,782.4,0.0,57.1767384529
16220,1000.0,0.0,84.4753230029
16240,914.0,0.0,76.6380928399
16260,895.9,0.05,81.9728496902
16280,906.15,0.05,74.644132368
16300,858.65,0.05,61.9589243723
16320,1000.0,0.0,84.381652915
16340,882.3,0.0,63.3115324785
16360,957.5,0.0,67.8520740814
16380,957.55,0.0,82.1950630199
16400,843.2,0.05,83.3824066096
16420,972.8,0.05,89.3836668385
16440,739.85,0.15,85.9516204346
16460,751.55,0.0,49.2766670998
16480,713.65,0.15,65.5948343912
16500,811.2,0.1,83.0993264175
16520,777.35,0.1,63.2862410307
16540,643.65,0.05,39.097630195
16560,603.6,0.0,23.1993659654
16580,725.5,0.05,50.344030207
16600,724.2,0.05,58.044471965
16620,847.35,0.05,75.1630443822
16640,807.05,0.05,61.2190768109
16660,784.2,0.1,75.8221936051
16680,677.5,0.15,69.9401347944
16700,902.95,0.05,75.8265661869
16720,804.55,0.0,59.8217811424
16740,839.2,0.05,73.2979868902
16760,889.65,0.05,74.1443753516
16780,819.05,0.1,85.3641596301
16800,808.8,0.05,63.3623932111
16820,938.75,0.05,82.9341656027
16840,982.55,0.05,86.9249077551
16860,893.55,0.15,98.3854095985
16880,916.3,0.1,83.698420694
16900,958.35,0.0,74.4033545941
16920,1000.0,0.0,75.5340907893
16940,952.3,0.1,83.7366870187
16960,970.9,0.05,77.5345631976
16980,932.65,0.05,67.7608625575
17000,1000.0,0.0,73.3382229387
17020,1000.0,0.0,71.5535649788
17040,970.85,0.05,80.1681647716
17060,948.05,0.1,88.8403881198
17080,964.95,0.0,70.4153914746
17100,967.95,0.05,79.1995077556
17120,961.45,0.0,77.2465761169
17140,1000.0,0.0,69.4464319395
17160,1000.0,0.0,82.1327846294
17180,999.15,0.05,90.970983159
17200,890.85,0.2,101.23228714
17220,935.0,0.05,83.4705094639
17240,937.95,0.05,86.7717327663
17260,1000.0,0.0,74.3906637526
17280,912.5,0.05,85.5906859918
17300,890.55,0.1,81.5602994602
17320,955.85,0.0,81.9433313913
17340,922.1,0.1,87.53215282
17360,888.85,0.15,105.014478057
17380,845.8,0.25,112.561355848
17400,851.95,0.05,77.6525869576
17420,803.4,0.05,71.7929270243
17440,972.95,0.05,88.494462593
17460,823.9,0.1,79.9722176381
17480,843.35,0.2,101.683268035
17500,971.6,0.05,97.1916346411
17520,916.4,0.0,78.6337356534
17540,989.05,0.1,92.5882590799
17560,957.0,0.05,93.613293317
17580,855.4,0.15,95.3540647292
17600,880.5,0.1,87.5573422577
17620,1000.0,0.0,85.6838490883
17640,910.7,0.0,75.1642126859
17660,927.55,0.05,100.94936851
17680,997.2,0.05,99.8555664725
17700,956.95,0.1,101.532178589
17720,992.9,0.05,89.1213876315
17740,938.55,0.05,89.6255856582
17760,1000.0,0.0,101.28462327
17780,911.05,0.0,78.4580230491
17800,833.0,0.0,74.4358951678
17820,915.9,0.0,80.5170061898
17840,959.35,0.05,96.5409424755
17860,1000.0,0.0,96.9520822593
17880,992.1,0.05,100.892395187
17900,976.8,0.05,91.8981382297
17920,917.3,0.0,83.6019587552
17940,1000.0,0.0,88.1976163404
17960,954.4,0.0,87.6282670021
17980,959.3,0.0,87.933271462
18000,957.0,0.0,84.0036323768
18020,878.8,0.0,84.0334846299
18040,1000.0,0.0,88.9058815273
18060,1000.0,0.0,88.0098069712
18080,955.9,0.0,85.3982619969
18100,957.0,0.0,90.7590316558
18120,1000.0,0.0,89.9012312004
18140,1000.0,0.0,87.4711924627
18160,1000.0,0.0,92.5301685757
18180,1000.0,0.0,96.8730009545
18200,1000.0,0.0,83.197843656
18220,1000.0,0.0,80.3918410909
18240,1000.0,0.0,91.237864311
18260,1000.0,0.0,94.5537445045
18280,1000.0,0.0,97.3283742233
18300,982.65,0.05,102.729046514
18320,996.7,0.05,97.0339845275
18340,1000.0,0.0,88.2182441354
18360,1000.0,0.0,88.5723130265
18380,1000.0,0.0,91.051235062
18400,1000.0,0.0,86.1885305379
18420,1000.0,0.0,93.1591183539
18440,1000.0,0.0,93.274752273
18460,1000.0,0.0,89.2379540682
18480,1000.0,0.0,96.9938669166
18500,980.6,0.05,93.5212121212
18520,986.3,0.05,96.2345580241
18540,938.3,0.05,86.2740339714
18560,1000.0,0.0,94.1756566763
18580,971.55,0.05,82.3952478638
18600,943.8,0.1,105.637015693
18620,1000.0,0.0,93.3810661542
18640,1000.0,0.0,85.416027443
18660,964.3,0.0,80.5196714683
18680,1000.0,0.0,84.1345174865
18700,1000.0,0.0,77.6884811402
18720,1000.0,0.0,91.6332265683
18740,1000.0,0.0,92.7015983124
18760,1000.0,0.0,80.2212794956
18780,984.5,0.1,98.7203519383
18800,998.9,0.05,83.1444527986
18820,1000.0,0.0,82.48551452
18840,976.85,0.05,88.3476129335
18860,1000.0,0.0,84.8533088764
18880,976.6,0.1,99.2189100745
18900,989.3,0.05,88.9018230424
18920,961.9,0.0,81.1256341593
18940,960.0,0.0,88.4186328398
18960,1000.0,0.0,89.6691668717
18980,894.0,0.2,105.104204814
19000,1000.0,0.0,86.2183265639
19020,957.8,0.0,82.79795768
19040,907.7,0.2,107.669707882
19060,1000.0,0.0,94.9865379058
19080,1000.0,0.0,95.4791580185
19100,980.15,0.05,86.9590737799
19120,937.1,0.05,85.9142338994
19140,1000.0,0.0,86.0795901996
19160,956.45,0.0,73.3473545837
19180,983.95,0.05,96.9498358682
19200,920.2,0.0,68.2707362147
19220,996.85,0.05,93.9252341302
19240,955.75,0.05,85.9023220383
19260,956.25,0.0,70.4890857143
19280,916.8,0.0,78.0150180872
19300,958.0,0.0,80.3156295663
19320,1000.0,0.0,81.7686661063
19340,1000.0,0.0,78.2592111547
19360,955.45,0.0,64.3386818255
19380,1000.0,0.0,75.9919645153
19400,947.35,0.05,79.3297718851
19420,1000.0,0.0,78.43196886
19440,1000.0,0.0,67.9204829797
19460,992.85,0.05,83.1656014361
19480,1000.0,0.0,76.8985213414
19500,979.9,0.05,77.0606792506
19520,1000.0,0.0,74.2080925928
19540,1000.0,0.0,84.0806963642
19560,996.75,0.05,76.9341420463
19580,957.85,0.05,68.1208974133
19600,981.1,0.05,81.774870892
19620,988.3,0.05,74.3940796678
19640,990.5,0.05,83.1485230462
19660,1000.0,0.0,73.0990942011
19680,984.6,0.05,82.0266464619
19700,976.0,0.05,74.4253229531
19720,968.95,0.1,80.9752556511
19740,1000.0,0.0,82.2737195018
19760,1000.0,0.0,77.8421316343
19780,1000.0,0.0,78.0071221115
19800,1000.0,0.0,80.6161194672
19820,1000.0,0.0,77.2026763692
19840,1000.0,0.0,80.5254591798
19860,1000.0,0.0,70.2424873509
19880,1000.0,0.0,79.6606776978
19900,984.75,0.05,81.2766621433
19920,1000.0,0.0,83.3926014937
19940,984.55,0.05,76.6127855969
19960,1000.0,0.0,68.2544225045
19980,1000.0,0.0,82.4408059242
20000,1000.0,0.0,73.7642403551
20020,1000.0,0.0,75.0437879748
20040,1000.0,0.0,88.058097728
20060,1000.0,0.0,86.8875963276
20080,961.95,0.05,87.7471855355
20100,1000.0,0.0,78.1215651573
20120,1000.0,0.0,79.2990119166
20140,987.65,0.05,77.3799720664
20160,1000.0,0.0,76.1640747309
20180,997.05,0.05,82.0548245038
20200,957.9,0.1,80.3544956826
20220,992.05,0.05,75.2410768026
20240,989.7,0.05,66.4009021447
20260,987.15,0.05,79.9661175028
20280,1000.0,0.0,74.8276532904
20300,1000.0,0.0,79.7572363856
20320,974.7,0.05,70.8739495083
20340,995.75,0.1,84.0175171435
20360,989.9,0.05,73.4691988931
20380,1000.0,0.0,72.1852275981
20400,958.7,0.1,80.8089880313
20420,950.95,0.1,92.7778691215
20440,1000.0,0.0,78.3513680537
20460,991.3,0.1,93.5040342409
20480,952.1,0.05,77.6147484503
20500,1000.0,0.0,77.632562217
20520,993.65,0.05,86.9060708731
20540,904.0,0.1,79.0196588804
20560,909.75,0.15,101.079238661
20580,897.65,0.1,93.8010355396
20600,930.5,0.1,93.0643732985
20620,957.95,0.1,103.06062708
20640,960.05,0.1,90.3362168511
20660,817.9,0.3,112.758954155
20680,975.05,0.1,90.7679034497
20700,1000.0,0.0,85.821484105
20720,873.55,0.25,99.0405895392
20740,925.35,0.05,75.6253922331
20760,939.35,0.1,86.3160860904
20780,1000.0,0.0,80.4083784225
20800,1000.0,0.0,75.9916032786
20820,1000.0,0.0,71.5164351281
20840,974.05,0.05,72.7491825757
20860,1000.0,0.0,71.0557169122
20880,1000.0,0.0,72.6411127961
20900,1000.0,0.0,65.7648613943
20920,989.45,0.05,60.9979898759
20940,1000.0,0.0,66.3193157218
20960,1000.0,0.0,51.8042655125
20980,949.05,0.15,63.0888436691
21000,970.75,0.1,59.9271287942
21020,1000.0,0.0,53.8738955072
21040,948.75,0.1,71.0058734203
21060,1000.0,0.0,65.6566798152
21080,1000.0,0.0,69.4932146306
21100,1000.0,0.0,65.0017313616
21120,1000.0,0.0,57.3085656024
21140,907.15,0.2,88.3186480425
21160,979.3,0.05,70.4523162138
21180,997.5,0.05,54.124710268
21200,955.75,0.1,74.1530851586
21220,947.3,0.15,71.1930801776
21240,979.15,0.05,67.4392214323
21260,1000.0,0.0,53.9022602834
21280,982.3,0.05,74.2551403318
21300,962.05,0.1,72.1705231498
21320,954.0,0.1,86.2997707028
21340,1000.0,0.0,60.8448373869
21360,973.3,0.05,75.1223416956
21380,1000.0,0.0,65.9479165377
21400,984.4,0.05,74.4040353606
21420,1000.0,0.0,78.6522720178
21440,995.15,0.05,80.0990372419
21460,947.85,0.1,89.1249067593
21480,979.85,0.05,80.2178792064
21500,989.05,0.05,87.8555432314
21520,1000.0,0.0,77.6042201345
21540,970.1,0.15,88.0372321982
21560,993.6,0.05,84.0593811998
21580,1000.0,0.0,81.4492681325
21600,1000.0,0.0,84.3686908545
21620,1000.0,0.0,78.701349177
21640,1000.0,0.0,87.0878469538
21660,974.0,0.05,90.6093814775
21680,938.7,0.05,78.8663016635
21700,980.55,0.05,83.2503257906
21720,918.3,0.0,75.4869912269
21740,1000.0,0.0,76.7077767007
21760,963.1,0.1,87.2310892936
21780,1000.0,0.0,73.4444405926
21800,966.85,0.05,79.075647531
21820,996.1,0.05,90.4991946627
21840,989.05,0.05,84.3801323126
21860,1000.0,0.0,85.1042275232
21880,1000.0,0.0,74.8641057203
21900,977.65,0.05,84.4268843475
21920,953.15,0.05,86.5975433943
21940,975.6,0.1,90.4524254318
21960,929.1,0.15,94.9728012681
21980,1000.0,0.0,70.7125549693
22000,959.9,0.1,89.8804118191
22020,1000.0,0.0,78.1932267777
22040,974.75,0.05,81.748445649
22060,1000.0,0.0,76.301537531
22080,965.95,0.0,73.5822797549
22100,1000.0,0.0,76.9816324994
22120,922.55,0.15,86.0171632227
22140,1000.0,0.0,61.5480304507
22160,977.6,0.05,72.1690895132
22180,1000.0,0.0,68.9382087243
22200,1000.0,0.0,64.1361995919
22220,975.3,0.05,71.8358727583
22240,987.2,0.05,69.9032872037
22260,1000.0,0.0,63.7450523648
22280,1000.0,0.0,57.4259022319
22300,1000.0,0.0,66.4347082597
22320,977.0,0.05,66.4255116958
22340,999.4,0.05,68.8376298819
22360,974.0,0.1,61.4527787291
22380,976.9,0.1,60.3622440257
22400,979.3,0.05,61.586526354
22420,1000.0,0.0,48.5369186607
22440,987.6,0.1,55.6366986971
22460,981.2,0.05,47.046546491
22480,1000.0,0.0,44.4216797775
22500,999.3,0.05,50.3520074731
22520,986.4,0.05,49.9030165908
22540,985.75,0.05,60.067294551
22560,994.2,0.05,59.1521144998
22580,979.4,0.05,56.8568698427
22600,974.65,0.1,70.3416821849
22620,967.9,0.1,58.7935679435
22640,1000.0,0.0,46.6956634675
22660,967.9,0.1,63.6322953653
22680,1000.0,0.0,45.0366511693
22700,1000.0,0.0,51.9962714776
22720,965.55,0.1,64.4900279274
22740,1000.0,0.0,50.1430384188
22760,1000.0,0.0,50.4391023753
22780,1000.0,0.0,53.9767824475
22800,1000.0,0.0,52.8902283338
22820,1000.0,0.0,54.781574539
22840,1000.0,0.0,50.9464658908
22860,978.8,0.05,65.0770681146
22880,955.45,0.1,62.5390704675
22900,981.45,0.05,61.5424785198
22920,968.25,0.1,63.4911191739
22940,1000.0,0.0,62.0000659662
22960,976.7,0.05,61.8002496597
22980,1000.0,0.0,59.0960076755
23000,998.2,0.05,69.7218093017
23020,1000.0,0.0,56.5127069988
23040,992.65,0.05,61.2162177542
23060,994.15,0.05,61.3184325829
23080,956.05,0.1,69.3469124695
23100,977.65,0.05,77.4635704736
23120,1000.0,0.0,66.2119574079
23140,1000.0,0.0,60.2452397535
23160,1000.0,0.0,72.2842912987
23180,972.1,0.05,63.0077921261
23200,968.2,0.05,74.5401815315
23220,991.05,0.05,69.6602519546
23240,942.55,0.1,83.4662447524
23260,924.2,0.15,88.9496913881
23280,981.4,0.05,67.4735623875
23300,950.65,0.1,77.3033661286
23320,981.3,0.05,74.824174034
23340,983.5,0.05,65.6713072574
23360,971.35,0.05,70.375418908
23380,974.35,0.05,82.0572125178
23400,972.25,0.05,72.3719158006
23420,936.0,0.05,70.2119416213
23440,928.0,0.15,81.428224499
23460,911.95,0.1,79.9360661942
23480,1000.0,0.0,69.5817579484
23500,969.45,0.05,81.429404297
23520,1000.0,0.0,75.0899148866
23540,997.05,0.05,83.890088063
23560,991.35,0.05,82.5496018414
23580,1000.0,0.0,73.2272492402
23600,938.2,0.1,85.771614096
23620,1000.0,0.0,74.1669901026
23640,960.45,0.1,92.2602719165
23660,902.95,0.2,99.4069375053
23680,971.35,0.05,81.5655479101
23700,968.1,0.05,93.2269437979
23720,992.0,0.1,86.3594916273
23740,970.6,0.05,84.4574291466
23760,878.9,0.1,88.4968836682
23780,935.7,0.1,90.0154838526
23800,946.95,0.1,101.396904141
23820,898.65,0.25,115.9852277
23840,959.85,0.05,88.2362867652
23860,906.45,0.25,114.312465716
23880,892.35,0.15,97.8281525149
23900,987.2,0.1,92.5917052
23920,960.35,0.1,89.5136122452
23940,936.65,0.25,108.748470068
23960,902.95,0.2,109.722750548
23980,926.5,0.15,86.7642038085
24000,893.25,0.2,111.863867442
24020,796.8,0.45,123.764594174
24040,794.9,0.3,101.168490355
24060,827.5,0.25,103.763884715
24080,752.0,0.45,125.454365032
24100,866.95,0.15,93.9778271412
24120,1000.0,0.0,93.4192100733
24140,827.2,0.1,75.5183890367
24160,790.2,0.25,106.112516751
24180,799.45,0.25,95.4635542885
24200,727.15,0.2,90.0375602381
24220,916.75,0.05,97.0356183153
24240,870.7,0.1,100.511058976
24260,830.3,0.1,83.4279081315
24280,799.95,0.05,78.4483312956
24300,928.5,0.0,85.4913795617
24320,772.75,0.0,62.7525072589
24340,925.85,0.0,81.1057629442
24360,847.85,0.0,78.5543192259
24380,767.0,0.0,70.2122936184
24400,763.15,0.0,78.5565159235
24420,807.45,0.0,78.5925451572
24440,847.2,0.0,84.4030776595
24460,850.55,0.0,79.4818535938
24480,810.2,0.0,75.761226316
24500,926.5,0.0,101.085884171
24520,724.85,0.0,68.3740039904
24540,733.95,0.0,60.4391030159
24560,960.55,0.0,94.011094996
24580,803.9,0.0,73.9030616584
24600,809.0,0.0,74.6166196651
24620,617.6,0.0,57.4918766979
24640,806.95,0.0,66.0197140797
24660,686.7,0.0,62.8744846003
24680,767.5,0.0,69.6039565585
24700,613.25,0.0,56.104222886
24720,724.5,0.0,66.5989256744
24740,644.0,0.0,56.7466690018
24760,722.15,0.0,66.9558365553
24780,644.4,0.0,64.5198521947
24800,687.35,0.0,67.2795035426
24820,724.2,0.0,76.7329106257
24840,846.45,0.0,85.765109151
24860,807.55,0.0,80.6955220008
24880,849.65,0.0,85.6226961265
24900,805.35,0.0,81.2620074902
24920,961.1,0.0,107.225761073
24940,888.5,0.0,88.4492662295
24960,728.3,0.0,77.2890673701
24980,886.1,0.0,96.4785405037
25000,889.0,0.0,103.432343767
25020,924.55,0.0,97.264481291
25040,773.15,0.0,77.3529174727
25060,779.35,0.0,86.0295357176
25080,860.2,0.05,99.3003984897
25100,813.65,0.0,87.1053052679
25120,917.7,0.05,105.88707646
25140,857.3,0.1,102.66485538
25160,929.05,0.0,96.0902330251
25180,872.35,0.2,123.264651492
25200,931.1,0.05,108.050702633
25220,924.6,0.0,105.141015402
25240,935.95,0.1,112.108228527
25260,884.8,0.0,97.242309442
25280,961.75,0.0,94.7416230518
25300,1000.0,0.0,100.355555156
25320,1000.0,0.0,111.285828272
25340,960.45,0.0,98.4703882541
25360,964.9,0.0,98.1837398947
25380,887.65,0.0,98.5153504854
25400,925.5,0.0,98.9736354024
25420,958.55,0.0,95.8918590805
25440,924.6,0.0,86.4100646122
25460,970.1,0.1,125.867683085
25480,969.05,0.1,115.618391613
25500,932.3,0.2,123.190384338
25520,1000.0,0.0,94.0706177245
25540,951.95,0.1,110.839115942
25560,982.0,0.05,108.554557367
25580,912.2,0.15,111.909720072
25600,921.55,0.2,124.056313978
25620,948.45,0.2,126.667311348
25640,873.7,0.15,114.143481097
25660,944.1,0.2,123.469709528
25680,793.9,0.35,137.450767036
25700,950.0,0.15,114.084880553
25720,945.65,0.15,114.907561208
25740,957.55,0.1,100.557626888
25760,944.0,0.2,112.353991174
25780,990.8,0.05,95.2120369423
25800,971.65,0.05,80.734389116
25820,971.1,0.1,97.4859328112
25840,1000.0,0.0,81.9757741382
25860,1000.0,0.0,80.0615400833
25880,1000.0,0.0,91.5541311962
25900,1000.0,0.0,80.0951421584
25920,1000.0,0.0,84.7892914355
25940,1000.0,0.0,82.0424937308
25960,1000.0,0.0,79.2063637974
25980,1000.0,0.0,72.7717407259
26000,1000.0,0.0,63.4385031297
26020,1000.0,0.0,74.9400023105
26040,1000.0,0.0,67.0478320922
26060,981.55,0.05,71.4218155479
26080,1000.0,0.0,65.8443132526
26100,974.3,0.05,81.208259622
26120,1000.0,0.0,65.4661752702
26140,1000.0,0.0,69.0458008648
26160,1000.0,0.0,71.8149129652
26180,1000.0,0.0,75.1530662724
26200,1000.0,0.0,73.5214099656
26220,1000.0,0.0,73.0542056482
26240,1000.0,0.0,72.5405130756
26260,1000.0,0.0,67.0857645227
26280,973.0,0.0,69.5947199426
26300,977.15,0.0,59.0061539164
26320,1000.0,0.0,62.0530678553
26340,1000.0,0.0,66.5241943484
26360,1000.0,0.0,72.2648840101
26380,1000.0,0.0,63.1484959319
26400,1000.0,0.0,84.0215386993
26420,1000.0,0.0,69.5479107326
26440,1000.0,0.0,59.469053629
26460,1000.0,0.0,76.9519312373
26480,1000.0,0.0,71.3299718036
26500,1000.0,0.0,78.409419266
26520,1000.0,0.0,75.5120847883
26540,1000.0,0.0,84.1704090798
26560,1000.0,0.0,83.1685184384
26580,1000.0,0.0,81.6961328214
26600,1000.0,0.0,79.8185173954
26620,1000.0,0.0,85.1522297886
26640,1000.0,0.0,77.3517179956
26660,1000.0,0.0,78.2610479574
26680,1000.0,0.0,78.700802144
26700,1000.0,0.0,78.5731394801
26720,1000.0,0.0,70.0258783564
26740,1000.0,0.0,69.5918896331
26760,1000.0,0.0,73.2889277456
26780,974.1,0.05,82.4408136085
26800,1000.0,0.0,69.1160618904
26820,1000.0,0.0,64.3525253752
26840,1000.0,0.0,64.7327180465
26860,1000.0,0.0,69.8311234981
26880,1000.0,0.0,61.7305432882
26900,1000.0,0.0,74.3771715339
26920,1000.0,0.0,65.9562784108
26940,1000.0,0.0,76.7553057352
26960,1000.0,0.0,65.6706667754
26980,1000.0,0.0,74.6061921446
27000,1000.0,0.0,70.8286256513
27020,1000.0,0.0,56.844101706
27040,1000.0,0.0,77.9868509797
27060,1000.0,0.0,72.1293435443
27080,1000.0,0.0,71.6417773935
27100,1000.0,0.0,76.0571833054
27120,1000.0,0.0,85.7058927672
27140,1000.0,0.0,75.254137575
27160,1000.0,0.0,73.822838319
27180,1000.0,0.0,76.7447560934
27200,1000.0,0.0,74.7457183544
27220,1000.0,0.0,83.5384783928
27240,1000.0,0.0,77.5538522381
27260,1000.0,0.0,75.1301184799
27280,1000.0,0.0,76.6231749718
27300,1000.0,0.0,80.4105149051
27320,1000.0,0.0,68.9898961291
27340,1000.0,0.0,68.6786088618
27360,970.6,0.0,70.6746162293
27380,1000.0,0.0,74.2923891617
27400,1000.0,0.0,63.7291087368
27420,1000.0,0.0,76.294510006
27440,983.25,0.05,80.1792387156
27460,1000.0,0.0,71.705132559
27480,1000.0,0.0,61.652094489
27500,1000.0,0.0,68.4032198119
27520,965.9,0.1,77.1906850193
27540,1000.0,0.0,66.2158598217
27560,1000.0,0.0,64.4558516565
27580,994.4,0.05,71.8221901859
27600,966.6,0.0,61.2890873085
27620,982.3,0.05,68.7490781169
27640,998.9,0.05,68.6710014584
27660,1000.0,0.0,63.4419099955
27680,989.95,0.1,75.5672613387
27700,996.4,0.05,72.2254698495
27720,993.55,0.1,85.8115464344
27740,981.35,0.05,72.5374600979
27760,1000.0,0.0,63.1180311383
27780,993.65,0.05,64.0167929215
27800,1000.0,0.0,68.8224794036
27820,988.45,0.05,75.8210625733
27840,979.15,0.05,69.4135087527
27860,1000.0,0.0,62.5178519633
27880,1000.0,0.0,61.5162495372
27900,979.75,0.05,70.6315803046
27920,1000.0,0.0,58.8151053335
27940,992.6,0.05,69.9553906994
27960,981.35,0.05,65.7199309064
27980,1000.0,0.0,62.5740361989
28000,1000.0,0.0,57.3633009424
28020,989.75,0.05,59.8680653803
28040,1000.0,0.0,57.9389369669
28060,1000.0,0.0,68.3132707338
28080,988.3,0.05,70.0150553959
28100,1000.0,0.0,60.664625651
28120,970.1,0.05,59.5827179917
28140,1000.0,0.0,53.447566914
28160,971.35,0.0,56.1777235189
28180,994.35,0.05,60.6358209043
28200,1000.0,0.0,59.6051342785
28220,976.5,0.05,68.518351671
28240,1000.0,0.0,54.3498414196
28260,969.55,0.0,59.4865797927
28280,962.3,0.0,58.6496855865
28300,1000.0,0.0,68.3205598148
28320,1000.0,0.0,72.8413015697
28340,1000.0,0.0,63.2537285533
28360,1000.0,0.0,63.3423174366
28380,1000.0,0.0,55.5758550336
28400,1000.0,0.0,71.4268249102
28420,1000.0,0.0,59.0340145357
28440,973.5,0.0,60.2683931463
28460,1000.0,0.0,64.081672677
28480,992.4,0.05,67.8031479622
28500,1000.0,0.0,64.8591353777
28520,1000.0,0.0,62.022480862
28540,1000.0,0.0,67.0986070631
28560,1000.0,0.0,65.09341185
28580,1000.0,0.0,74.4654608238
28600,1000.0,0.0,70.7252875192
28620,1000.0,0.0,66.3506564137
28640,1000.0,0.0,61.6859772791
28660,1000.0,0.0,67.1170579795
28680,1000.0,0.0,59.409411051
28700,1000.0,0.0,62.768935803
28720,1000.0,0.0,65.1837439609
28740,1000.0,0.0,73.979854508
28760,1000.0,0.0,72.4763484896
28780,969.55,0.0,62.5114073606
28800,1000.0,0.0,60.5053878104
28820,1000.0,0.0,58.8257248209
28840,1000.0,0.0,67.23196881
28860,988.85,0.05,73.5169143212
28880,1000.0,0.0,65.3210543496
28900,940.0,0.0,52.9031850655
28920,1000.0,0.0,64.6118737331
28940,976.35,0.05,67.550665725
28960,1000.0,0.0,78.5516773743
28980,979.55,0.05,72.1643394861
29000,1000.0,0.0,63.6821798378
29020,976.35,0.05,66.2411832866
29040,977.9,0.05,68.9155833169
29060,1000.0,0.0,60.7679755626
29080,1000.0,0.0,61.3668230633
29100,976.7,0.05,59.5098279591
29120,973.5,0.05,61.679200227
29140,1000.0,0.0,58.1088193414
29160,1000.0,0.0,56.5467222701
29180,1000.0,0.0,58.2389725302
29200,974.5,0.05,70.6977946871
29220,968.7,0.0,63.5737618267
29240,1000.0,0.0,62.4663950211
29260,1000.0,0.0,65.6965189045
29280,1000.0,0.0,63.3418139505
29300,1000.0,0.0,76.3637461508
29320,968.4,0.05,79.6655097062
29340,1000.0,0.0,59.9944138615
29360,1000.0,0.0,68.9826421679
29380,1000.0,0.0,66.4722554572
29400,945.8,0.05,67.2232570298
29420,967.35,0.0,75.5175505631
29440,1000.0,0.0,75.6503794116
29460,1000.0,0.0,68.0336632191
29480,1000.0,0.0,65.9042457676
29500,1000.0,0.0,74.8644365051
29520,972.6,0.05,70.1456770353
29540,972.7,0.05,69.3112270055
29560,1000.0,0.0,66.7597414676
29580,974.0,0.05,86.9403025743
29600,1000.0,0.0,76.430015053
29620,981.85,0.05,78.1835612979
29640,969.6,0.0,63.4971586638
29660,969.45,0.0,68.7385587214
29680,1000.0,0.0,60.1745092612
29700,1000.0,0.0,65.567590986
29720,1000.0,0.0,63.6417108833
29740,969.4,0.0,65.1240604927
29760,971.25,0.05,81.182665397
29780,1000.0,0.0,64.6506295467
29800,1000.0,0.0,57.5025704884
29820,970.9,0.0,58.1334531497
29840,1000.0,0.0,61.4316708308
29860,1000.0,0.0,54.2849761015
29880,1000.0,0.0,49.9886947138
29900,1000.0,0.0,60.8676705061
29920,1000.0,0.0,55.6527533601
29940,1000.0,0.0,64.3808097247
29960,1000.0,0.0,53.5416201803
29980,1000.0,0.0,52.245586794
30000,1000.0,0.0,52.8916544149
