20,80.35,0.0,-245.507423042
40,78.6,0.0,-280.884961255
60,77.55,0.0,-222.118065297
80,77.05,0.0,-202.409676908
100,72.0,0.0,-192.75222398
120,70.85,0.0,-144.81303333
140,78.2,0.0,-195.115608449
160,72.15,0.0,-167.203502612
180,76.2,0.0,-162.364697839
200,74.15,0.0,-180.405326632
220,70.45,0.0,-177.485300028
240,71.15,0.0,-172.369515183
260,72.9,0.0,-175.478532335
280,71.95,0.0,-184.129264978
300,69.2,0.0,-157.386292708
320,68.75,0.0,-174.476636648
340,73.3,0.0,-174.888646086
360,72.95,0.0,-175.488698723
380,70.5,0.0,-174.525802284
400,74.0,0.0,-173.369177678
420,70.65,0.0,-190.378792868
440,75.3,0.0,-184.43551389
460,69.95,0.0,-175.992142015
480,71.95,0.0,-180.009467857
500,72.6,0.0,-173.874078843
520,67.7,0.0,-156.973792828
540,69.1,0.0,-171.418182876
560,69.95,0.0,-177.099115541
580,72.25,0.0,-176.50805939
600,73.35,0.0,-174.823480851
620,68.15,0.0,-181.844987109
640,72.0,0.0,-175.631953292
660,73.35,0.0,-182.387023793
680,77.95,0.0,-196.894363278
700,75.05,0.0,-172.270488402
720,75.1,0.0,-176.260795079
740,70.6,0.0,-168.115893305
760,72.0,0.0,-204.504724749
780,71.7,0.0,-165.988068709
800,118.3,0.0,-151.84815175
820,66.45,0.0,-166.912550397
840,71.75,0.0,-179.911808247
860,72.4,0.0,-172.47675193
880,74.65,0.0,-189.958967742
900,72.1,0.0,-181.556227429
920,77.15,0.0,-191.356781066
940,78.7,0.0,-166.397093436
960,77.1,0.0,-164.931901422
980,77.7,0.0,-178.355913845
1000,87.6,0.0,-205.069777558
1020,82.7,0.0,-193.833685495
1040,105.15,0.0,-202.542543325
1060,145.15,0.0,-195.838542724
1080,102.4,0.0,-187.978057865
1100,112.1,0.0,-211.243747895
1120,114.2,0.0,-203.266275465
1140,108.8,0.0,-203.493011461
1160,130.8,0.0,-246.503213711
1180,119.25,0.0,-233.834920446
1200,145.25,0.0,-311.604124932
1220,136.6,0.0,-289.350749104
1240,102.5,0.0,-325.612492994
1260,108.45,0.0,-365.791188049
1280,106.7,0.0,-420.785256438
1300,95.55,0.0,-420.632305152
1320,93.25,0.0,-532.853251319
1340,94.55,0.0,-478.00101537
1360,95.6,0.0,-506.68884435
1380,89.65,0.0,-536.109323947
1400,94.8,0.0,-529.308378901
1420,119.1,0.0,-581.020552107
1440,92.1,0.0,-521.337547852
1460,84.1,0.0,-534.622873018
1480,87.7,0.0,-510.429075239
1500,92.7,0.0,-500.930010235
1520,80.05,0.0,-536.017551382
1540,78.1,0.0,-500.752364644
1560,78.15,0.0,-506.012615172
1580,73.75,0.0,-507.911074484
1600,75.85,0.0,-470.812799752
1620,71.85,0.0,-422.579685058
1640,69.9,0.0,-427.961833769
1660,73.2,0.0,-385.939865309
1680,72.35,0.0,-384.372585743
1700,68.35,0.0,-357.242273519
1720,68.9,0.0,-374.623035683
1740,75.15,0.0,-345.445891475
1760,71.6,0.0,-305.53076886
1780,68.2,0.0,-228.638717453
1800,70.7,0.0,-228.26360442
1820,77.45,0.0,-318.975609329
1840,79.55,0.0,-268.556903088
1860,78.7,0.0,-307.051451663
1880,77.25,0.0,-302.424609773
1900,73.35,0.0,-336.303802704
1920,72.9,0.0,-268.374053797
1940,78.0,0.0,-312.723395931
1960,81.0,0.0,-306.675105163
1980,81.7,0.0,-304.52173325
2000,79.05,0.0,-280.191881877
2020,81.35,0.0,-279.620282122
2040,83.0,0.0,-315.216037968
2060,93.2,0.0,-370.614732215
2080,93.45,0.0,-452.910561424
2100,86.35,0.0,-501.838795414
2120,84.2,0.0,-583.928752558
2140,87.15,0.0,-600.854906065
2160,92.35,0.0,-602.763810763
2180,87.45,0.0,-611.321215673
2200,84.7,0.0,-613.721546845
2220,90.2,0.0,-614.019888777
2240,93.15,0.0,-637.575721404
2260,86.0,0.0,-573.002945252
2280,84.3,0.0,-588.131364189
2300,95.2,0.0,-620.229974617
2320,95.75,0.0,-618.280661443
2340,94.3,0.0,-595.432226324
2360,83.15,0.0,-618.751242647
2380,89.1,0.0,-593.92215821
2400,89.4,0.0,-622.000852001
2420,86.55,0.0,-591.076608448
2440,79.7,0.0,-599.655040044
2460,83.9,0.0,-600.561022186
2480,81.4,0.0,-655.663363705
2500,82.15,0.0,-610.760423366
2520,86.75,0.0,-593.500944719
2540,81.0,0.0,-645.339552022
2560,77.8,0.0,-628.305265988
2580,74.5,0.0,-600.540560572
2600,75.05,0.0,-608.933664847
2620,73.9,0.0,-585.188417352
2640,73.75,0.0,-632.060217756
2660,71.6,0.0,-612.294586654
2680,70.5,0.0,-609.435422663
2700,70.8,0.0,-616.187500233
2720,69.45,0.0,-585.92409971
2740,73.5,0.0,-609.167989274
2760,73.35,0.0,-624.469907122
2780,70.7,0.0,-623.581566835
2800,72.8,0.0,-637.625841182
2820,68.45,0.0,-573.721163202
2840,69.0,0.0,-614.968930721
2860,70.55,0.0,-610.06934009
2880,69.3,0.0,-611.499263884
2900,69.45,0.0,-564.329635468
2920,69.7,0.0,-616.861456664
2940,70.25,0.0,-618.249016981
2960,68.75,0.0,-615.836192124
2980,69.65,0.0,-607.259069069
3000,73.05,0.0,-664.598773762
3020,71.35,0.0,-602.886679502
3040,73.8,0.0,-613.325412396
3060,74.65,0.0,-590.576067688
3080,74.15,0.0,-575.01289035
3100,74.1,0.0,-626.528574899
3120,75.1,0.0,-579.281530883
3140,73.85,0.0,-619.423070535
3160,73.95,0.0,-634.039179324
3180,73.8,0.0,-610.943056156
3200,75.0,0.0,-542.451631639
3220,73.15,0.0,-545.77709519
3240,76.75,0.0,-576.067931469
3260,76.3,0.0,-552.677511505
3280,72.35,0.0,-446.470148242
3300,73.0,0.0,-456.854079251
3320,74.0,0.0,-396.517299209
3340,73.75,0.0,-374.728512257
3360,69.5,0.0,-307.624184991
3380,73.75,0.0,-356.994527346
3400,76.1,0.0,-354.849651857
3420,73.65,0.0,-349.971673584
3440,74.2,0.0,-393.968596927
3460,73.3,0.0,-280.034359834
3480,78.2,0.0,-316.282478831
3500,76.55,0.0,-224.634027424
3520,79.3,0.0,-148.450667878
3540,82.15,0.0,-123.257674826
3560,72.7,0.0,-153.8639396
3580,82.0,0.0,-165.162465393
3600,80.7,0.0,-248.67555608
3620,75.05,0.0,-267.794992464
3640,79.3,0.0,-285.655384067
3660,76.65,0.0,-286.393939544
3680,80.25,0.0,-264.220526397
3700,77.85,0.0,-252.714685912
3720,82.0,0.0,-279.697487347
3740,81.6,0.0,-228.896796946
3760,87.05,0.0,-257.958414832
3780,95.3,0.0,-230.241732004
3800,93.0,0.0,-181.371407304
3820,134.15,0.0,-109.436344655
3840,94.2,0.0,-72.0870594289
3860,93.85,0.0,-38.7513919136
3880,150.05,0.0,-32.2774090564
3900,248.0,0.0,-54.8244886933
3920,279.95,0.05,-77.2823794575
3940,186.8,0.0,-168.701942308
3960,226.45,0.0,-203.24973214
3980,309.65,0.0,-150.225121514
4000,345.05,0.05,-113.190828356
4020,316.1,0.0,-100.288186415
4040,198.1,0.0,-73.7954329924
4060,345.15,0.0,-60.7339052767
4080,355.3,0.15,-17.8302882096
4100,335.05,0.05,-24.6364571567
4120,101.7,0.0,-41.42097234
4140,99.05,0.0,-52.1364681668
4160,102.35,0.0,-39.9176676571
4180,100.3,0.0,-54.9645115453
4200,104.55,0.0,-41.7893292432
4220,106.4,0.0,-44.1667761354
4240,108.1,0.0,-46.5048254549
4260,105.8,0.0,-63.3838282097
4280,115.4,0.0,-46.5172476324
4300,103.8,0.0,-76.5120614634
4320,114.15,0.0,-51.8622644893
4340,113.85,0.0,-60.3457091956
4360,115.1,0.0,-59.3435671213
4380,102.3,0.0,-64.2283638827
4400,159.35,0.0,-56.2338801834
4420,112.0,0.0,-48.8652183687
4440,127.0,0.0,-43.6118546642
4460,122.15,0.0,-35.1766160998
4480,123.7,0.0,-30.5573637763
4500,122.2,0.0,-28.8438337261
4520,166.8,0.0,-15.4551946629
4540,112.3,0.0,-16.3662837466
4560,111.5,0.0,-20.5732605368
4580,162.0,0.0,-10.8447268917
4600,114.15,0.0,-28.078546513
4620,116.2,0.0,-47.0828687163
4640,146.85,0.05,-36.0670997924
4660,122.9,0.0,-82.9877380868
4680,129.0,0.1,-42.1326355411
4700,148.65,0.05,-53.3146737747
4720,153.75,0.05,-74.5468486065
4740,184.25,0.05,-68.0103699828
4760,146.5,0.0,-86.0600046746
4780,224.95,0.15,-19.3800569242
4800,283.6,0.1,-34.5603767702
4820,679.25,0.25,48.2962469111
4840,658.35,0.15,54.20310506
4860,611.15,0.05,22.3232295064
4880,673.35,0.0,15.4951191868
4900,739.7,0.15,65.2483970376
4920,916.65,0.05,77.12740632
4940,828.0,0.0,67.1612762323
4960,748.75,0.0,62.4841544731
4980,912.45,0.0,71.1426737073
5000,742.0,0.05,37.5808690296
5020,880.65,0.1,56.2612686913
5040,762.85,0.1,22.4068688755
5060,641.25,0.15,32.0421823989
5080,674.6,0.1,-27.4207480021
5100,592.45,0.1,1.51070792512
5120,630.85,0.15,-8.59082192287
5140,557.95,0.1,-13.2912087389
5160,428.1,0.0,-45.0855127274
5180,476.85,0.2,1.36386830931
5200,445.55,0.3,28.4949442508
5220,546.4,0.15,2.97145904453
5240,511.0,0.3,3.42021043926
5260,600.4,0.25,2.60479184775
5280,618.6,0.2,-21.9601882698
5300,809.65,0.05,5.04058632225
5320,835.75,0.05,32.2084471239
5340,736.95,0.05,24.8118955933
5360,768.6,0.05,54.5142376454
5380,827.3,0.0,53.4043074565
5400,858.05,0.1,56.1427428554
5420,785.5,0.4,111.665256028
5440,571.15,0.25,62.7997690047
5460,538.35,0.3,72.8557731517
5480,476.8,0.4,63.3748425746
5500,298.4,0.2,38.0724025246
5520,281.8,0.35,64.5869603014
5540,219.8,0.15,-0.08408260943
5560,346.6,0.1,14.2126806356
5580,181.1,0.0,-10.1637176892
5600,149.25,0.1,4.34350226583
5620,153.35,0.1,9.36375935537
5640,150.4,0.1,-9.90866912815
5660,139.75,0.1,-3.29175630366
5680,183.35,0.1,-1.02044994398
5700,142.0,0.1,4.37530125214
5720,155.15,0.0,-35.2568357823
5740,162.55,0.0,-19.6961343787
5760,187.35,0.15,5.18975877673
5780,141.7,0.1,4.58875371332
5800,196.95,0.15,23.2088921575
5820,185.0,0.1,20.6005883476
5840,142.85,0.0,-5.39661718882
5860,173.9,0.15,18.0405063691
5880,231.75,0.25,47.6210669705
5900,412.85,0.2,40.6638716935
5920,366.45,0.35,64.2257003407
5940,506.7,0.35,68.5780820322
5960,340.9,0.5,91.8607275253
5980,531.65,0.45,74.5197935459
6000,658.0,0.55,99.6842692724
6020,512.4,0.7,122.983895001
6040,739.4,0.4,67.0211786359
6060,561.7,0.6,94.8728854559
6080,638.0,0.65,115.226335309
6100,659.2,0.7,112.673720382
6120,725.85,0.65,102.081817776
6140,627.8,0.7,92.8553682278
6160,754.4,0.5,49.7993661254
6180,706.3,0.6,89.7584340263
6200,690.05,0.85,119.129823426
6220,796.6,0.55,54.0836175754
6240,635.9,0.65,62.2461027101
6260,782.65,0.55,66.1076155361
6280,761.7,0.55,40.4969644053
6300,669.9,0.65,105.136429123
6320,762.45,0.45,69.8965704011
6340,645.9,0.55,75.3657533839
6360,669.1,0.75,98.5733026841
6380,733.65,0.7,96.2846931773
6400,731.75,0.5,43.3122455852
6420,691.65,0.75,121.591194741
6440,631.6,0.65,92.2973924273
6460,777.2,0.5,74.5862306129
6480,752.95,0.6,61.5618176641
6500,697.9,0.35,48.0503405502
6520,683.3,0.7,91.8532463747
6540,739.65,0.45,51.9753629876
6560,664.35,0.65,73.4997315602
6580,555.4,0.6,43.9234364974
6600,630.75,0.3,-9.87390569972
6620,569.65,0.3,-14.4872614571
6640,549.2,0.25,-15.0622135155
6660,681.7,0.5,55.1813989807
6680,518.1,0.4,16.0140245093
6700,592.8,0.55,37.4507755283
6720,509.35,0.5,25.0802192283
6740,635.0,0.7,89.0025181195
6760,425.6,0.15,-35.2073345038
6780,597.75,0.4,2.52387592844
6800,708.6,0.75,110.718267933
6820,527.1,0.6,67.8072269757
6840,599.35,0.55,34.8130234286
6860,603.05,0.45,42.570344492
6880,635.25,0.4,62.024888585
6900,699.3,0.5,84.1040300417
6920,610.05,0.5,81.9258739307
6940,513.3,0.5,52.6907877027
6960,531.2,0.45,88.779772809
6980,529.9,0.5,89.8312194709
7000,439.35,0.45,73.6717106511
7020,416.9,0.35,63.8824843662
7040,402.15,0.35,64.853318595
7060,384.9,0.45,85.640571224
7080,559.55,0.55,84.5815735832
7100,437.05,0.6,103.088194342
7120,487.8,0.55,91.2669544426
7140,507.95,0.55,96.6207655717
7160,385.45,0.6,111.211405968
7180,484.3,0.55,99.9057662058
7200,447.5,0.5,88.152283917
7220,633.6,0.5,90.9743421789
7240,482.05,0.4,54.2001285613
7260,569.5,0.65,88.4926650449
7280,448.4,0.65,109.725421832
7300,409.65,0.65,95.9037524539
7320,452.0,0.45,84.7828227679
7340,405.3,0.55,83.2820966781
7360,493.6,0.5,79.2604695775
7380,387.15,0.45,66.094917862
7400,296.75,0.5,60.9222136473
7420,439.2,0.5,91.7910745616
7440,351.4,0.45,61.9542882843
7460,344.65,0.3,40.9300926891
7480,392.95,0.5,73.6274598038
7500,226.8,0.25,8.74898005772
7520,402.05,0.35,74.9190747769
7540,206.0,0.4,69.2507524057
7560,251.65,0.4,60.3403371088
7580,228.7,0.15,0.464364477531
7600,181.55,0.2,15.691960721
7620,180.2,0.05,-16.1081466098
7640,138.6,0.1,-16.9500870938
7660,161.15,0.1,-8.52574209292
7680,182.7,0.1,-8.86443740402
7700,148.9,0.1,1.12347928858
7720,145.65,0.15,-1.99617618051
7740,148.2,0.05,-31.1350839919
7760,164.45,0.0,-33.9325096491
7780,130.8,0.05,-33.9637325572
7800,163.15,0.15,-7.47603031565
7820,152.85,0.2,-5.36495609957
7840,299.95,0.3,22.9031669295
7860,247.25,0.4,56.6347891257
7880,278.1,0.4,47.4124042534
7900,327.5,0.35,25.1729893529
7920,363.45,0.35,24.71655725
7940,384.95,0.4,42.1168452114
7960,416.6,0.5,70.6634691693
7980,346.7,0.45,28.162949017
8000,408.55,0.55,82.3987609049
8020,347.65,0.7,96.3476917911
8040,487.15,0.45,59.5518109768
8060,420.15,0.65,70.4388057051
8080,483.15,0.6,88.818667371
8100,483.0,0.45,40.4371834159
8120,583.8,0.5,59.2910778298
8140,380.8,0.4,52.1683412476
8160,445.9,0.4,58.3578132331
8180,536.9,0.2,36.6691215284
8200,368.35,0.4,17.7849967178
8220,360.05,0.25,12.754521813
8240,355.6,0.15,-22.5298030241
8260,282.0,0.15,-8.98171961142
8280,242.35,0.2,-3.91941131583
8300,226.9,0.25,4.42713375423
8320,334.1,0.35,23.110096115
8340,274.55,0.35,22.7134557052
8360,176.8,0.2,-28.1360158608
8380,287.0,0.1,-23.0933390966
8400,252.0,0.15,-17.2165604747
8420,207.15,0.1,-39.2161430109
8440,245.4,0.25,-6.58502588346
8460,283.3,0.3,4.31802159754
8480,200.55,0.3,-12.0550537553
8500,257.8,0.25,0.236984831552
8520,305.0,0.25,-9.91204906648
8540,264.2,0.15,-41.2960166597
8560,244.25,0.1,-37.5404889492
8580,329.05,0.25,-16.7099242818
8600,272.85,0.3,-10.1626246944
8620,435.3,0.3,2.72131837885
8640,310.4,0.3,-36.7690120942
8660,370.9,0.35,-23.6617904383
8680,183.35,0.1,-63.9449094092
8700,448.75,0.3,-46.2170435326
8720,340.45,0.2,-44.1333392893
8740,433.95,0.35,-28.4181398666
8760,499.05,0.25,-49.4941624605
8780,416.35,0.3,-36.7269106361
8800,481.0,0.35,-29.8619353861
8820,405.35,0.2,-64.6207237988
8840,260.1,0.2,-57.4471511028
8860,334.4,0.15,-70.1345294955
8880,185.25,0.15,-75.3477635554
8900,296.65,0.2,-58.4006061731
8920,286.65,0.2,-54.1163902675
8940,249.55,0.15,-98.7456261742
8960,230.85,0.2,-68.0684419702
8980,260.0,0.15,-85.9067698098
9000,463.85,0.15,-88.0633972149
9020,313.85,0.1,-93.1816947246
9040,527.0,0.1,-104.001163366
9060,468.2,0.1,-81.2477289829
9080,405.55,0.2,-63.6298548723
9100,522.7,0.05,-111.832383377
9120,623.3,0.0,-109.866489468
9140,957.75,0.0,-108.139415539
9160,918.05,0.05,-85.0807649661
9180,756.1,0.05,-106.413483749
9200,864.7,0.0,-114.489014114
9220,608.3,0.05,-93.3851402431
9240,839.45,0.1,-88.9497941195
9260,912.75,0.0,-117.147746971
9280,883.1,0.05,-108.594210776
9300,741.0,0.0,-119.042368719
9320,831.7,0.05,-93.6596693585
9340,795.0,0.05,-101.45607574
9360,876.05,0.0,-105.195329873
9380,912.15,0.0,-98.0701844865
9400,909.3,0.0,-98.3281951867
9420,888.5,0.05,-81.3126281886
9440,664.95,0.1,-71.9055162014
9460,836.4,0.1,-83.195383218
9480,649.8,0.05,-68.8638307643
9500,721.05,0.05,-84.5496652744
9520,654.15,0.15,-67.408657069
9540,780.1,0.05,-98.6912856858
9560,467.15,0.25,-54.1166877863
9580,390.0,0.3,-61.767030099
9600,423.4,0.3,-40.1411690993
9620,488.75,0.55,11.1375241761
9640,475.6,0.45,-22.2842568913
9660,514.35,0.5,-4.31310514526
9680,407.4,0.25,-58.7163548255
9700,535.65,0.45,-15.6617494486
9720,380.55,0.55,22.7566819263
9740,406.05,0.3,-32.904700419
9760,459.1,0.4,4.93654521244
9780,434.4,0.4,-18.6032587211
9800,350.25,0.5,29.4820800613
9820,372.15,0.55,37.9876835573
9840,366.4,0.55,43.6016800018
9860,430.9,0.5,25.192590615
9880,403.9,0.4,9.50682869312
9900,379.55,0.55,46.3030328386
9920,395.45,0.8,74.7362163
9940,438.15,0.4,10.22294668
9960,292.4,0.45,30.0319931087
9980,384.2,0.6,48.3845464476
10000,394.0,0.55,41.7862157944
10020,355.75,0.45,17.3727545985
10040,427.5,0.5,5.89591172196
10060,392.85,0.45,11.5907016032
10080,341.15,0.35,-6.86055122224
10100,473.65,0.35,6.37235843925
10120,443.35,0.3,-24.8907465341
10140,396.95,0.65,89.5817981046
10160,363.7,0.2,-15.9763221284
10180,325.15,0.5,49.4774776567
10200,483.4,0.4,14.1481351069
10220,488.9,0.55,51.1995929035
10240,464.1,0.35,16.9141874023
10260,443.0,0.3,-12.9535170734
10280,468.85,0.65,59.6389279127
10300,563.05,0.3,-32.5655520714
10320,570.9,0.6,42.2266008703
10340,602.05,0.35,-24.7336080401
10360,560.25,0.25,-44.2460643915
10380,645.95,0.45,-5.82034292819
10400,603.3,0.2,-55.5562195543
10420,693.35,0.3,-28.3931908581
10440,817.75,0.15,-46.8117460918
10460,885.1,0.1,-50.8677194643
10480,720.45,0.3,-19.4710420393
10500,809.2,0.3,-43.2970875264
10520,914.9,0.2,-60.3608433343
10540,775.5,0.35,-19.0912588156
10560,832.65,0.35,3.62155656393
10580,882.2,0.15,-39.6118919988
10600,845.95,0.2,-48.6619966667
10620,942.7,0.05,-86.8997590722
10640,879.35,0.05,-68.064285702
10660,940.0,0.05,-78.6299486591
10680,956.7,0.0,-82.8651987156
10700,910.9,0.0,-79.5420241434
10720,1000.0,0.0,-80.9692620461
10740,859.6,0.0,-81.470525581
10760,1000.0,0.0,-83.8800774648
10780,956.15,0.0,-102.382108747
10800,1000.0,0.0,-101.850878453
10820,911.95,0.0,-95.4438923895
10840,952.3,0.0,-93.3044149672
10860,889.45,0.05,-83.4719179081
10880,912.4,0.0,-109.90798547
10900,812.9,0.15,-112.271868472
10920,702.95,0.2,-79.3771617602
10940,504.75,0.4,-51.139404473
10960,494.55,0.45,-35.2731873452
10980,413.65,0.2,-98.7741472893
11000,366.9,0.6,16.5977300787
11020,409.1,0.4,-23.8216379555
11040,359.35,0.45,-17.4229411201
11060,316.65,0.35,-50.5468638538
11080,346.55,0.35,-30.3035879007
11100,286.6,0.35,-52.0757886026
11120,258.5,0.55,26.8747096116
11140,245.2,0.3,-54.4138516868
11160,270.75,0.2,-88.919343843
11180,271.35,0.35,-42.866302054
11200,318.25,0.2,-78.1548439664
11220,308.05,0.5,-5.26245744196
11240,276.0,0.2,-84.4502931773
11260,340.0,0.3,-75.8596138324
11280,280.75,0.4,-17.4098525739
11300,327.0,0.2,-85.0037500085
11320,347.7,0.2,-92.4604644439
11340,400.85,0.1,-97.1779168288
11360,468.1,0.45,-20.3180822337
11380,493.05,0.25,-61.3982474086
11400,496.35,0.4,-11.4099393424
11420,380.85,0.5,-7.20448497836
11440,492.65,0.35,-39.1405282021
11460,406.95,0.3,-70.8428569256
11480,360.75,0.35,-8.29917009846
11500,338.4,0.25,-40.9638815874
11520,352.35,0.35,-18.5903232255
11540,315.35,0.35,-38.8585334638
11560,281.45,0.15,-84.5874257709
11580,306.1,0.4,7.11544793638
11600,329.85,0.25,-53.3466144609
11620,326.5,0.4,-4.39602532538
11640,464.0,0.3,-23.8771255792
11660,398.1,0.25,-22.5704085909
11680,258.4,0.3,-29.0815828478
11700,300.0,0.4,-20.8448419459
11720,282.3,0.25,-45.8739666545
11740,262.1,0.15,-54.4755652341
11760,291.2,0.25,-43.4419924767
11780,259.2,0.3,-23.4684112507
11800,351.9,0.5,22.0074867364
11820,283.45,0.2,-35.5879165634
11840,351.95,0.3,-32.9703383882
11860,348.4,0.35,-19.260708234
11880,373.6,0.45,6.40334667208
11900,279.4,0.25,-54.9078291762
11920,339.15,0.25,-54.8983939012
11940,327.95,0.4,-33.7964360734
11960,354.9,0.45,-31.0399228815
11980,383.7,0.65,39.1470926527
12000,335.95,0.1,-101.269913187
12020,461.15,0.45,-6.17319501859
12040,486.55,0.45,-10.848173268
12060,398.75,0.35,-58.6783209097
12080,480.85,0.3,-87.1357475966
12100,507.85,0.5,-10.4217713413
12120,602.9,0.35,-61.7123277147
12140,674.25,0.45,-39.9513457959
12160,688.6,0.2,-95.2289077693
12180,743.45,0.2,-132.990196579
12200,853.55,0.3,-100.392795961
12220,824.55,0.2,-119.954000005
12240,891.15,0.3,-97.0131611375
12260,813.85,0.55,-54.8119970981
12280,832.65,0.25,-102.077215904
12300,836.45,0.45,-76.0479458466
12320,773.8,0.15,-137.279055642
12340,872.35,0.1,-129.517393933
12360,860.6,0.25,-88.3603566943
12380,821.8,0.1,-120.090022708
12400,926.35,0.2,-92.6875234155
12420,942.45,0.05,-103.601373761
12440,927.65,0.0,-126.300570647
12460,938.35,0.15,-112.408240238
12480,856.05,0.35,-80.8283411679
12500,616.3,0.3,-113.142344613
12520,712.85,0.45,-51.3747370997
12540,459.15,0.3,-102.292965726
12560,507.0,0.25,-84.2982646568
12580,463.05,0.55,-6.7354278278
12600,388.95,0.45,-32.4308237822
12620,321.7,0.1,-119.178035847
12640,355.75,0.15,-110.266392809
12660,429.1,0.5,-25.4099675009
12680,376.6,0.45,-25.1254759196
12700,339.75,0.3,-74.382225795
12720,257.65,0.25,-59.3507424602
12740,389.65,0.45,-21.0016877832
12760,359.95,0.45,-5.07958886382
12780,303.85,0.55,7.30290713147
12800,382.0,0.4,-23.1590855404
12820,421.8,0.35,-9.81960041457
12840,302.5,0.4,-37.9096512877
12860,363.2,0.35,-33.1356976809
12880,319.05,0.35,-56.5620933225
12900,286.7,0.4,-34.0372873239
12920,339.3,0.35,-49.4105741121
12940,313.5,0.4,-9.64765878453
12960,231.35,0.25,-46.9279053331
12980,197.0,0.2,-57.8894543991
13000,259.5,0.3,-41.7048418438
13020,243.6,0.15,-86.3400121565
13040,264.45,0.3,-30.0179146581
13060,199.95,0.3,-32.2909880723
13080,220.8,0.1,-68.7091733691
13100,186.65,0.05,-100.920784211
13120,188.9,0.2,-56.402007567
13140,178.55,0.2,-62.9563973505
13160,209.95,0.1,-75.5380632455
13180,157.8,0.0,-104.041670518
13200,244.35,0.1,-79.721603401
13220,171.15,0.1,-76.20248806
13240,158.1,0.1,-78.1144410066
13260,215.25,0.1,-75.0958215357
13280,251.4,0.05,-72.9813202921
13300,204.0,0.05,-78.775631175
13320,171.75,0.15,-71.8445204772
13340,188.45,0.15,-59.1055979865
13360,253.75,0.1,-68.9746050359
13380,207.5,0.2,-49.1017242209
13400,223.9,0.2,-35.7782323056
13420,201.45,0.1,-79.480739514
13440,189.3,0.2,-56.637718195
13460,269.1,0.3,-4.73896745171
13480,258.6,0.1,-87.1867159353
13500,201.65,0.2,-52.9346624403
13520,301.3,0.3,-27.7541388852
13540,217.4,0.3,-17.1265471313
13560,287.05,0.25,-35.6067976187
13580,327.8,0.45,31.5322274919
13600,218.55,0.25,-43.79139336
13620,349.1,0.15,-26.8582009519
13640,217.4,0.4,9.80689428378
13660,262.75,0.35,10.1425238535
13680,255.4,0.2,-50.0032195794
13700,250.1,0.25,-22.6762688681
13720,229.7,0.1,-68.6478490571
13740,326.0,0.2,-33.9503330037
13760,304.05,0.2,-43.485603238
13780,195.6,0.15,-43.9361469717
13800,324.55,0.25,-13.5676938942
13820,244.4,0.15,-41.7051558467
13840,190.4,0.15,-43.0216993629
13860,307.1,0.2,-28.7550501757
13880,214.75,0.2,-50.2128820849
13900,217.15,0.3,-11.3137966258
13920,361.0,0.1,-44.7066590826
13940,243.65,0.35,8.70797371274
13960,243.95,0.15,-55.9967687182
13980,238.55,0.15,-50.0512854816
14000,217.9,0.25,-16.306002425
14020,281.75,0.2,-34.5210304568
14040,272.6,0.35,4.21664073634
14060,280.5,0.25,-19.5125418657
14080,201.45,0.3,10.3142707647
14100,169.8,0.1,-63.5083615522
14120,194.5,0.15,-45.0040201024
14140,249.75,0.3,-3.19543028151
14160,174.3,0.2,-31.9877938372
14180,300.35,0.15,-20.0706132871
14200,314.45,0.05,-72.9285155335
14220,185.9,0.25,-11.7863544236
14240,282.95,0.4,8.65708511998
14260,329.05,0.35,20.6688043336
14280,240.95,0.2,-38.6632684926
14300,244.4,0.25,-15.192586315
14320,340.85,0.3,2.5232654562
14340,179.2,0.1,-54.5175687679
14360,174.7,0.2,-21.7309593157
14380,269.85,0.05,-70.9200863064
14400,221.75,0.15,-30.1335479315
14420,315.5,0.3,-4.59605352737
14440,165.55,0.05,-74.5152529259
14460,190.75,0.15,-49.4100076545
14480,275.15,0.15,-44.9628822863
14500,200.95,0.1,-54.1449871801
14520,185.5,0.05,-72.0167169698
14540,308.45,0.1,-47.995540125
14560,282.05,0.2,-46.7431789382
14580,307.15,0.45,14.6642740712
14600,231.4,0.2,-34.0181986763
14620,337.45,0.1,-66.0828054502
14640,277.5,0.25,-43.0464849922
14660,256.8,0.35,-9.51377749664
14680,251.8,0.3,-48.1559079153
14700,273.0,0.3,-28.0819345949
14720,226.15,0.25,-24.1756127756
14740,354.45,0.4,12.0803192837
14760,320.45,0.2,-61.0384610138
14780,339.6,0.5,24.5056678566
14800,403.5,0.55,10.5210043637
14820,361.8,0.45,-0.671118850889
14840,426.5,0.3,-34.4183086389
14860,389.25,0.2,-56.419171579
14880,322.2,0.45,5.95907717895
14900,499.7,0.35,-14.5178896815
14920,465.2,0.3,-22.8478879593
14940,496.8,0.35,-15.096498799
14960,414.85,0.55,33.8353999204
14980,441.15,0.55,36.4041078416
15000,474.3,0.4,3.93282689701
15020,423.85,0.35,11.4282444864
15040,405.55,0.5,29.7036683438
15060,462.6,0.6,28.4565251195
15080,489.6,0.4,10.9567281501
15100,485.55,0.5,36.4288036169
15120,584.7,0.6,50.5603366694
15140,523.15,0.45,13.9700988398
15160,461.05,0.5,26.6777366393
15180,434.05,0.3,-8.16410928072
15200,503.95,0.35,-1.57100727611
15220,525.5,0.45,6.59482173766
15240,449.05,0.4,-3.58657104832
15260,472.4,0.4,11.365370149
15280,572.0,0.55,47.650189797
15300,500.45,0.7,77.4530328873
15320,603.45,0.6,73.9754522353
15340,530.2,0.5,27.5574483026
15360,513.85,0.45,18.9288757233
15380,543.6,0.65,22.3760494993
15400,577.85,0.45,0.86086680025
15420,657.75,0.6,11.3846521269
15440,598.15,0.5,6.98066168525
15460,670.15,0.45,-1.36739793825
15480,731.3,0.5,-5.59312272934
15500,781.15,0.35,3.89814843174
15520,679.15,0.4,-31.4058971977
15540,718.75,0.55,0.76225916777
15560,722.9,0.45,-20.698547088
15580,812.05,0.4,-18.0640696201
15600,822.0,0.4,-42.0205265607
15620,757.25,0.4,-64.8833226355
15640,882.95,0.4,-29.3239245755
15660,817.9,0.25,-79.5738391825
15680,904.7,0.25,-55.3742256796
15700,897.4,0.45,-20.010289054
15720,902.55,0.35,-46.1111947761
15740,914.6,0.15,-92.1466732749
15760,982.0,0.15,-52.1831197349
15780,980.4,0.0,-104.186862975
15800,939.25,0.25,-60.0120775969
15820,931.85,0.2,-95.6984552094
15840,886.45,0.4,-39.6477852725
15860,902.85,0.5,-29.3748857618
15880,892.1,0.25,-72.2272575297
15900,902.7,0.35,-44.1554398485
15920,897.25,0.45,-7.69734494516
15940,943.9,0.45,-19.1484771204
15960,892.85,0.25,-52.9616696309
15980,892.7,0.4,-31.1407700914
16000,901.7,0.4,-20.8413499903
16020,841.9,0.5,-6.86383195007
16040,818.75,0.6,5.15866253623
16060,774.55,0.5,-22.8440266771
16080,701.6,0.7,36.0980368344
16100,722.25,0.55,-16.3547961017
16120,718.25,0.4,-2.39242712084
16140,737.55,0.4,-4.21482498235
16160,694.75,0.25,-35.2598495628
16180,652.45,0.4,-23.0169963348
16200,557.0,0.35,-18.5668687504
16220,560.85,0.45,2.19130104783
16240,516.9,0.2,-38.8565895222
16260,522.1,0.55,38.1970604403
16280,576.35,0.4,-9.78941995096
16300,559.7,0.35,-25.8367667894
16320,647.0,0.3,-13.1081171021
16340,548.7,0.35,-1.13272761498
16360,623.55,0.2,-27.1155897142
16380,524.45,0.4,11.9865921122
16400,500.4,0.45,18.1441880396
16420,553.95,0.35,10.0587098933
16440,513.0,0.55,56.3259093633
16460,523.35,0.15,-32.0757626859
16480,446.8,0.65,61.5332586182
16500,521.35,0.55,50.3327039408
16520,480.55,0.2,-48.7331804711
16540,502.05,0.5,27.8906686566
16560,454.65,0.45,9.43809600794
16580,426.75,0.4,13.8844873737
16600,472.1,0.6,64.5048756647
16620,440.9,0.3,7.4448607048
16640,386.35,0.25,-7.4840590155
16660,479.9,0.35,7.15933462113
16680,423.15,0.45,15.1579570861
16700,430.65,0.55,56.3484084347
16720,450.7,0.4,16.4852457382
16740,356.4,0.45,24.3428840922
16760,475.3,0.45,41.3630914141
16780,441.95,0.5,54.4855946353
16800,390.35,0.4,16.688320518
16820,416.95,0.55,65.7953726758
16840,387.25,0.65,67.9651400442
16860,354.2,0.55,46.7934387318
16880,413.05,0.5,51.3526634835
16900,375.9,0.6,57.3277039914
16920,356.2,0.55,62.9772174196
16940,387.15,0.5,39.0631401626
16960,344.25,0.5,45.3410800942
16980,447.6,0.5,58.9747796862
17000,436.7,0.6,64.5232106769
17020,321.7,0.45,56.4268499674
17040,392.45,0.6,89.473898852
17060,393.45,0.55,81.3365436067
17080,357.75,0.6,91.4265125111
17100,359.9,0.5,75.3687021411
17120,452.6,0.3,35.4838978342
17140,349.3,0.65,85.5499784212
17160,358.9,0.45,70.6658031336
17180,415.25,0.65,100.50177764
17200,361.6,0.7,124.689225343
17220,415.55,0.55,87.2298267913
17240,492.85,0.7,117.832112698
17260,474.5,0.65,99.1259128525
17280,408.3,0.7,113.765621368
17300,459.6,0.85,147.597290085
17320,429.05,0.7,111.349654953
17340,373.8,0.7,115.879495824
17360,448.75,0.65,121.649995382
17380,480.25,0.75,128.040784903
17400,401.6,0.8,132.472862579
17420,452.15,0.75,132.762673549
17440,545.9,0.7,109.920094296
17460,463.5,0.5,68.1897530692
17480,416.35,0.65,105.504896606
17500,469.7,0.8,123.998563009
17520,469.6,0.65,109.090533952
17540,584.5,0.7,105.881164753
17560,529.15,0.7,115.985687084
17580,408.4,0.75,130.420051721
17600,435.2,0.7,113.273308829
17620,460.85,0.5,66.3362472653
17640,476.0,0.6,107.94915577
17660,522.0,0.75,117.483608032
17680,463.95,0.65,94.0797898407
17700,502.2,0.7,98.8709519927
17720,537.75,0.75,125.154188563
17740,604.65,0.7,113.838121075
17760,593.3,0.6,115.678271651
17780,544.15,0.65,94.9214368267
17800,490.5,0.7,107.220356896
17820,563.3,0.7,123.205751422
17840,521.55,0.65,91.5354745519
17860,519.9,0.75,122.591983067
17880,627.95,0.55,92.1294111085
17900,478.15,0.7,120.439915496
17920,682.2,0.55,106.508652722
17940,524.7,0.65,107.148544324
17960,506.9,0.7,110.349049485
17980,442.35,0.7,118.292653864
18000,530.85,0.75,143.394118508
18020,634.45,0.5,97.1335118982
18040,633.75,0.65,131.713132793
18060,642.15,0.5,99.6377630284
18080,602.25,0.55,113.874971443
18100,551.1,0.65,120.480893164
18120,548.45,0.7,114.926379009
18140,539.6,0.7,112.004046296
18160,516.35,0.5,103.069681062
18180,545.4,0.65,117.94821213
18200,512.2,0.6,97.2081554482
18220,502.15,0.6,112.157853859
18240,600.4,0.6,110.678739453
18260,528.1,0.45,77.626038184
18280,488.15,0.6,103.223067951
18300,449.4,0.45,87.9172819188
18320,423.25,0.45,81.7843905048
18340,358.5,0.45,79.747968233
18360,400.75,0.4,62.4898967702
18380,536.85,0.35,61.2354294691
18400,515.2,0.55,81.2614697979
18420,369.65,0.4,65.489135482
18440,381.1,0.3,56.9778981922
18460,364.85,0.35,48.0342958272
18480,469.2,0.4,71.3681094175
18500,393.9,0.4,70.7365310759
18520,366.15,0.55,85.3733240327
18540,460.45,0.4,64.9973377709
18560,452.85,0.45,80.6960185775
18580,571.45,0.4,88.1410979693
18600,514.8,0.35,60.9493875992
18620,490.4,0.3,46.742328849
18640,634.05,0.25,55.13127231
18660,638.15,0.3,78.333673239
18680,614.3,0.35,67.7343704216
18700,614.45,0.25,55.4625224906
18720,476.85,0.45,75.5018923806
18740,533.45,0.45,88.4629697616
18760,516.85,0.4,71.9636336554
18780,586.1,0.3,59.5042679011
18800,697.05,0.4,108.607176618
18820,604.95,0.55,104.76099915
18840,701.0,0.4,92.5883147827
18860,790.75,0.45,112.210956895
18880,563.85,0.6,108.337474303
18900,638.6,0.5,105.0698602
18920,661.1,0.65,123.15865357
18940,625.65,0.7,112.517983545
18960,638.7,0.75,116.650577985
18980,668.25,0.55,105.64324778
19000,816.4,0.45,89.6356400531
19020,706.7,0.6,122.452002463
19040,720.05,0.65,126.70703091
19060,686.85,0.6,122.005642193
19080,648.2,0.7,119.66605618
19100,755.4,0.5,106.266290393
19120,729.55,0.6,115.775252142
19140,825.95,0.45,88.6365951002
19160,677.1,0.65,114.906294208
19180,700.8,0.6,105.412617136
19200,764.6,0.6,98.5001812786
19220,777.8,0.5,100.643749627
19240,731.0,0.65,120.176792917
19260,747.2,0.65,111.993900566
19280,735.95,0.65,126.901898255
19300,736.8,0.55,112.882803157
19320,817.8,0.45,106.275960483
19340,764.7,0.6,107.999491033
19360,830.35,0.4,90.1113222338
19380,726.2,0.65,122.600744037
19400,826.65,0.5,111.793912469
19420,618.2,0.75,133.334555295
19440,704.7,0.7,114.342972049
19460,812.45,0.45,99.8255362972
19480,794.15,0.5,110.50194537
19500,811.05,0.45,109.784620446
19520,863.8,0.4,100.89867395
19540,729.0,0.6,121.390062876
19560,795.5,0.45,102.791400627
19580,755.2,0.6,126.297867523
19600,913.4,0.3,77.4417716077
19620,818.5,0.4,113.957124191
19640,725.15,0.65,122.649136132
19660,870.95,0.35,96.1916471186
19680,774.65,0.5,116.395703351
19700,825.8,0.45,100.713108587
19720,877.5,0.4,75.7956698401
19740,811.85,0.5,103.744843768
19760,889.35,0.25,82.7943620276
19780,875.25,0.35,92.1045633643
19800,873.6,0.3,87.1623711236
19820,812.55,0.5,101.975471056
19840,802.6,0.45,109.97200492
19860,864.7,0.35,89.0891857064
19880,857.3,0.4,83.2538972825
19900,748.0,0.65,123.030534337
19920,808.5,0.5,101.931513659
19940,845.4,0.45,103.771559406
19960,884.45,0.35,85.7916269077
19980,887.95,0.4,103.386190924
20000,873.8,0.65,124.871076405
20020,859.45,0.35,102.362266929
20040,791.9,0.6,145.916439954
20060,843.9,0.4,101.156235162
20080,859.75,0.3,100.045192447
20100,914.6,0.25,80.073009993
20120,860.2,0.35,94.7189004309
20140,907.0,0.3,102.321113453
20160,1000.0,0.0,55.7398503433
20180,971.2,0.1,76.7837359641
20200,964.65,0.1,75.5400050745
20220,928.1,0.15,101.763239357
20240,945.95,0.2,86.366198341
20260,916.5,0.3,76.8050994246
20280,915.9,0.25,81.361396176
20300,946.05,0.2,85.717372491
20320,970.25,0.15,80.4936722868
20340,940.8,0.2,72.5958386343
20360,963.95,0.15,62.4342032338
20380,976.75,0.1,75.8874847936
20400,917.1,0.35,100.359642172
20420,925.2,0.25,82.9376719909
20440,920.95,0.25,78.9487123615
20460,894.7,0.3,100.237003837
20480,954.5,0.2,69.2345224401
20500,920.15,0.35,114.308188656
20520,968.55,0.05,63.4631663534
20540,908.25,0.15,68.8618529834
20560,954.8,0.2,76.6097651671
20580,904.5,0.45,102.614157417
20600,934.0,0.15,77.5832720656
20620,913.55,0.25,90.416555057
20640,910.9,0.3,97.7773714657
20660,1000.0,0.0,66.9475013946
20680,982.55,0.1,91.2933291476
20700,1000.0,0.0,87.029623101
20720,1000.0,0.0,92.1240565892
20740,971.4,0.05,96.9568077199
20760,944.95,0.15,117.852512617
20780,1000.0,0.0,99.4286220679
20800,964.85,0.1,106.709264099
20820,960.05,0.1,114.742950843
20840,915.45,0.25,126.621082047
20860,767.5,0.55,161.983500446
20880,640.0,0.75,157.400012888
20900,680.55,0.9,176.198927492
20920,596.3,0.7,130.105051725
20940,637.1,0.85,176.310045193
20960,551.1,0.95,187.783361658
20980,399.65,0.6,101.871439349
21000,530.0,0.8,144.298752145
21020,519.15,0.8,142.543470257
21040,522.25,0.75,137.793413745
21060,468.35,0.75,128.989244609
21080,524.5,0.9,174.504920118
21100,561.9,0.7,123.609592021
21120,506.9,0.65,107.579055499
21140,510.25,0.7,128.339608485
21160,494.85,0.75,141.247690462
21180,514.8,0.75,140.791039137
21200,526.55,0.85,151.509595536
21220,574.25,0.9,167.650152666
21240,455.35,0.55,83.6739221489
21260,591.05,0.95,175.815037176
21280,596.5,0.85,165.711659922
21300,546.05,0.8,146.707401066
21320,526.1,0.85,143.677649621
21340,554.8,0.75,154.875623576
21360,643.9,0.8,163.002964376
21380,686.45,0.55,129.447849291
21400,620.25,0.75,143.335252761
21420,645.3,0.85,178.014528698
21440,806.75,0.55,141.959674974
21460,740.25,0.6,145.51696923
21480,808.35,0.45,117.102539286
21500,828.0,0.35,110.772969952
21520,864.55,0.25,95.640584638
21540,932.65,0.2,99.6451527655
21560,858.55,0.25,109.877472353
21580,905.05,0.15,98.2409298034
21600,823.9,0.3,128.379918047
21620,973.6,0.05,90.9569638634
21640,969.6,0.1,103.891919082
21660,915.25,0.15,99.3261188175
21680,869.25,0.25,109.093054156
21700,886.6,0.3,110.829544543
21720,974.0,0.1,93.0929863637
21740,939.6,0.15,85.8204056537
21760,942.5,0.25,86.6085050618
21780,971.8,0.2,73.4833574008
21800,931.35,0.3,99.1469582932
21820,930.4,0.3,97.3956927277
21840,936.65,0.2,89.5364643837
21860,957.55,0.2,72.0555931228
21880,924.1,0.25,104.889977273
21900,931.95,0.2,86.6806534998
21920,874.95,0.3,110.338172866
21940,951.95,0.15,102.813013961
21960,889.05,0.25,113.458082903
21980,772.9,0.35,98.3309934076
22000,966.75,0.1,98.1582011693
22020,967.8,0.1,100.141293892
22040,966.6,0.1,96.9529400924
22060,986.6,0.05,99.707409302
22080,948.75,0.1,97.8320223959
22100,955.65,0.1,92.2467119706
22120,875.2,0.2,106.178764681
22140,926.4,0.2,114.623407383
22160,991.65,0.05,95.5263577152
22180,930.0,0.2,108.174678543
22200,960.75,0.15,98.2966381238
22220,910.3,0.25,108.067732909
22240,975.55,0.1,97.4346280632
22260,919.3,0.3,106.920395581
22280,973.9,0.2,90.5973597456
22300,943.45,0.2,96.5344309514
22320,890.55,0.4,109.76553035
22340,902.15,0.45,126.051349874
22360,988.1,0.15,92.3365985302
22380,970.15,0.2,90.129436447
22400,950.3,0.1,91.6828021369
22420,1000.0,0.0,83.4032372341
22440,1000.0,0.0,96.6493935363
22460,1000.0,0.0,95.0012399163
22480,1000.0,0.0,106.913790654
22500,978.7,0.1,105.981212101
22520,978.35,0.05,108.17824698
22540,954.5,0.0,92.1705379433
22560,1000.0,0.0,96.6673805185
22580,969.5,0.15,127.707705456
22600,954.05,0.15,114.513103272
22620,958.6,0.15,119.934796346
22640,926.95,0.15,113.194303618
22660,874.8,0.3,133.096558383
22680,824.15,0.45,154.284109077
22700,821.45,0.4,148.164770213
22720,788.95,0.55,159.06261169
22740,787.6,0.55,155.576709537
22760,676.6,0.8,189.996920383
22780,661.0,0.8,186.478538315
22800,589.5,0.8,192.094568705
22820,597.1,0.9,197.972319144
22840,632.7,0.8,190.153015716
22860,626.55,0.9,190.447849089
22880,645.15,0.85,186.906366542
22900,615.55,0.9,206.230694556
22920,588.65,0.9,202.071376968
22940,588.4,0.9,206.701268418
22960,504.2,0.9,194.456907979
22980,547.0,0.8,180.57174798
23000,623.2,0.65,171.356920771
23020,612.65,0.85,197.492137053
23040,581.45,0.9,199.632824751
23060,701.45,0.8,182.895340708
23080,740.5,0.6,172.40863722
23100,766.8,0.6,170.49330079
23120,870.85,0.2,129.992023799
23140,967.25,0.05,116.348921289
23160,906.4,0.1,114.144511535
23180,963.25,0.15,123.846461501
23200,933.9,0.1,117.535524473
23220,880.75,0.05,101.166000946
23240,979.25,0.05,102.542071557
23260,928.25,0.05,102.120324801
23280,1000.0,0.0,102.995794817
23300,992.85,0.05,110.982454097
23320,963.45,0.0,99.1349308786
23340,970.6,0.05,110.766111072
23360,1000.0,0.0,104.708107283
23380,964.2,0.1,113.640673747
23400,955.25,0.15,124.370162046
23420,911.05,0.0,99.4009309317
23440,907.95,0.15,105.936867188
23460,960.0,0.1,102.867236712
23480,882.0,0.25,113.996430509
23500,921.75,0.1,106.995311427
23520,953.8,0.0,88.4004065077
23540,872.0,0.15,98.1971823544
23560,829.1,0.1,89.1737144521
23580,861.85,0.15,97.3035692691
23600,947.3,0.1,112.966294724
23620,946.6,0.15,109.748937272
23640,881.2,0.15,110.791553513
23660,984.1,0.15,107.764188084
23680,969.25,0.1,114.931758358
23700,936.55,0.1,103.579486617
23720,997.15,0.05,98.5134335916
23740,1000.0,0.0,101.911710627
23760,978.65,0.05,104.744368421
23780,932.9,0.1,98.143259507
23800,882.8,0.25,124.267578125
23820,968.75,0.05,92.2804956048
23840,1000.0,0.0,97.9486408151
23860,944.85,0.1,115.050723326
23880,1000.0,0.0,104.37424027
23900,960.25,0.1,117.147654441
23920,883.45,0.15,102.455125427
23940,923.35,0.2,120.592142838
23960,1000.0,0.0,104.617606741
23980,990.4,0.05,106.11162304
24000,1000.0,0.0,105.555632718
24020,873.15,0.2,125.394349984
24040,865.95,0.15,118.86637244
24060,904.85,0.15,121.402528879
24080,974.85,0.05,112.009817469
24100,1000.0,0.0,99.3434866985
24120,977.5,0.05,114.334993307
24140,953.75,0.0,97.0718219526
24160,990.05,0.05,103.889478063
24180,935.95,0.05,102.235538114
24200,917.3,0.0,100.620119103
24220,954.25,0.0,102.670725815
24240,986.5,0.05,110.361734378
24260,982.4,0.1,117.406644149
24280,978.95,0.1,115.266121108
24300,1000.0,0.0,99.2764280495
24320,929.3,0.05,101.394242802
24340,931.1,0.05,109.299970217
24360,1000.0,0.0,107.102070669
24380,998.55,0.05,115.157217359
24400,950.15,0.1,121.112218919
24420,936.5,0.2,128.223039813
24440,936.2,0.05,119.163995223
24460,922.0,0.1,115.260129658
24480,919.65,0.1,115.186425979
24500,821.9,0.15,111.5305491
24520,891.45,0.15,128.807994335
24540,918.3,0.05,112.569855793
24560,825.45,0.15,111.867064674
24580,882.0,0.05,99.0105426848
24600,958.1,0.15,128.333133901
24620,945.05,0.05,113.59467337
24640,929.65,0.05,114.599550234
24660,926.45,0.05,111.649320335
24680,909.1,0.0,88.0875852704
24700,937.65,0.05,100.576383233
24720,942.05,0.05,100.200521113
24740,971.1,0.05,117.128988768
24760,1000.0,0.0,108.853640175
24780,909.15,0.05,109.351875448
24800,883.1,0.05,95.6531282767
24820,924.55,0.15,121.013997799
24840,849.45,0.1,104.365967237
24860,884.6,0.15,126.247110072
24880,953.8,0.0,95.8991145635
24900,834.75,0.05,93.5142648004
24920,930.55,0.05,105.197047063
24940,923.35,0.05,106.590044197
24960,947.0,0.05,109.77542581
24980,874.75,0.05,105.52764744
25000,891.05,0.2,123.788923881
25020,877.95,0.05,107.411036399
25040,923.75,0.1,115.626236609
25060,964.0,0.0,109.16748119
25080,921.65,0.1,112.759724691
25100,903.2,0.15,119.979074928
25120,907.5,0.15,123.525896067
25140,827.0,0.1,105.681516327
25160,933.45,0.05,113.065760872
25180,983.55,0.05,116.056817254
25200,885.2,0.05,96.9142312107
25220,888.25,0.05,104.90239117
25240,875.4,0.0,89.8340591683
25260,859.35,0.05,98.9649485906
25280,952.4,0.15,124.516857045
25300,939.5,0.05,108.57374244
25320,915.7,0.15,116.47978273
25340,977.95,0.05,103.835949804
25360,847.3,0.15,118.274047137
25380,950.0,0.05,111.439465918
25400,1000.0,0.0,97.4353001274
25420,957.05,0.0,96.403376981
25440,929.0,0.05,98.8161120561
25460,917.2,0.0,94.3378214743
25480,878.75,0.05,96.6550175131
25500,954.95,0.05,99.8689672948
25520,993.15,0.05,101.242084027
25540,956.4,0.0,93.1171731828
25560,918.9,0.0,85.9709748808
25580,835.0,0.15,89.488779321
25600,898.9,0.2,108.144154801
25620,900.8,0.1,81.2454763765
25640,994.25,0.1,94.6682358795
25660,916.85,0.2,108.689865486
25680,861.15,0.2,89.8176344951
25700,931.05,0.15,101.60038581
25720,793.5,0.1,72.4936469066
25740,941.3,0.05,94.7918829648
25760,953.8,0.05,91.8137111473
25780,954.2,0.0,78.2086118088
25800,954.3,0.0,82.9957898731
25820,933.25,0.05,107.818754345
25840,929.1,0.1,98.237843881
25860,881.6,0.0,76.105426245
25880,925.8,0.1,104.535443549
25900,854.05,0.25,123.846645989
25920,869.2,0.15,110.467863493
25940,855.4,0.1,92.9212340346
25960,859.4,0.15,104.3372194
25980,932.15,0.05,88.6954251356
26000,846.45,0.1,84.3163529765
26020,838.6,0.15,95.1873656592
26040,894.95,0.05,86.0107292131
26060,848.1,0.2,108.682737813
26080,835.0,0.15,106.169325942
26100,926.95,0.1,92.8918073818
26120,944.15,0.05,89.8987915015
26140,891.5,0.2,107.737364087
26160,896.8,0.15,112.072120899
26180,794.85,0.05,78.8387584486
26200,957.15,0.1,108.833245825
26220,831.0,0.15,97.7691420593
26240,985.85,0.1,114.510333285
26260,970.2,0.0,86.6695328865
26280,872.75,0.15,110.808931428
26300,889.9,0.05,90.6777694692
26320,985.3,0.05,111.896593928
26340,898.1,0.1,102.682985392
26360,981.25,0.05,102.554703446
26380,921.65,0.1,97.5116615158
26400,993.15,0.1,100.255223303
26420,1000.0,0.0,91.8726990847
26440,976.5,0.05,104.57260783
26460,1000.0,0.0,90.5157466559
26480,914.05,0.0,89.7221980487
26500,1000.0,0.0,90.3630550014
26520,958.05,0.0,80.7341341072
26540,1000.0,0.0,80.6112907885
26560,949.5,0.05,84.1779514061
26580,1000.0,0.0,76.3955532408
26600,909.25,0.0,76.22199831
26620,1000.0,0.0,90.7616224646
26640,1000.0,0.0,86.7974713687
26660,1000.0,0.0,92.5172776018
26680,1000.0,0.0,86.1717416638
26700,1000.0,0.0,94.7206528451
26720,983.75,0.05,101.922462229
26740,1000.0,0.0,87.9304256391
26760,947.15,0.1,104.061116912
26780,950.7,0.05,97.8951371136
26800,1000.0,0.0,88.1342616544
26820,991.1,0.05,95.3431126992
26840,1000.0,0.0,95.4980061298
26860,916.3,0.05,94.066278922
26880,960.9,0.05,98.5805410362
26900,1000.0,0.0,98.4563136857
26920,1000.0,0.0,97.1585713678
26940,955.55,0.0,91.4141233728
26960,1000.0,0.0,90.8869683133
26980,1000.0,0.0,89.6097235843
27000,1000.0,0.0,93.4063467977
27020,1000.0,0.0,98.1088950625
27040,909.1,0.0,87.5060129411
27060,1000.0,0.0,104.111820643
27080,1000.0,0.0,89.7763728835
27100,1000.0,0.0,92.3808913125
27120,912.25,0.0,88.292961545
27140,1000.0,0.0,98.7602966113
27160,974.4,0.1,100.813377822
27180,958.85,0.0,105.151466672
27200,909.8,0.0,83.3844626106
27220,957.4,0.0,99.2431946355
27240,913.2,0.0,83.424124331
27260,1000.0,0.0,86.9083500559
27280,956.5,0.0,88.6460566624
27300,964.55,0.1,105.27419072
27320,957.65,0.0,89.3328994141
27340,1000.0,0.0,97.8822303754
27360,1000.0,0.0,91.6959574374
27380,911.7,0.0,94.0101137419
27400,983.15,0.05,104.523891551
27420,948.9,0.05,98.6477130013
27440,904.0,0.05,94.2558308263
27460,991.65,0.05,99.7392086004
27480,1000.0,0.0,103.896673276
27500,954.9,0.0,90.4396309649
27520,910.3,0.1,106.582315916
27540,939.05,0.05,99.5102911049
27560,909.2,0.0,92.7795156289
27580,897.15,0.05,98.2968782794
27600,882.55,0.15,103.440860865
27620,970.5,0.05,120.300822318
27640,845.8,0.15,117.775845769
27660,966.4,0.1,111.760059212
27680,925.2,0.15,122.689032537
27700,892.15,0.1,106.654077269
27720,901.4,0.1,112.288556499
27740,922.25,0.05,104.811951208
27760,925.75,0.1,105.652190343
27780,892.9,0.15,118.034206843
27800,889.7,0.25,131.483208309
27820,964.6,0.05,110.537723338
27840,973.55,0.1,124.88813874
27860,991.0,0.1,118.501970758
27880,969.8,0.05,115.480528665
27900,783.85,0.3,122.629784914
27920,969.15,0.05,116.619994835
27940,967.15,0.1,124.275841993
27960,877.7,0.1,118.546269088
27980,900.25,0.2,130.932983879
28000,974.8,0.1,122.159259845
28020,898.7,0.05,105.076250643
28040,823.2,0.1,110.472237727
28060,866.55,0.1,113.855755296
28080,882.9,0.15,108.556281205
28100,961.85,0.0,110.23934744
28120,1000.0,0.0,116.038390565
28140,946.2,0.1,116.810015878
28160,776.45,0.1,96.5258649719
28180,932.75,0.1,124.015280182
28200,866.3,0.0,91.2151194131
28220,896.9,0.1,112.421015127
28240,900.85,0.05,99.2983448828
28260,940.0,0.1,126.714845051
28280,948.15,0.05,107.056827506
28300,785.1,0.15,108.444686003
28320,921.85,0.05,99.1704017439
28340,882.55,0.15,112.033703946
28360,883.05,0.15,122.831218975
28380,810.0,0.15,110.132597103
28400,872.25,0.2,125.437502449
28420,884.45,0.3,125.922064857
28440,849.9,0.3,136.794579669
28460,877.95,0.2,127.848552074
28480,788.5,0.5,161.665956528
28500,835.45,0.1,102.328546578
28520,826.25,0.4,153.932529903
28540,687.5,0.2,111.206644267
28560,795.0,0.45,158.253455999
28580,639.55,0.4,129.994039645
28600,809.1,0.25,121.708839188
28620,705.25,0.5,151.521856978
28640,820.6,0.3,133.757443779
28660,732.0,0.55,165.090961224
28680,705.05,0.4,126.370535999
28700,701.1,0.55,168.062537963
28720,644.65,0.4,137.417091429
28740,660.25,0.6,167.394684229
28760,512.2,0.55,130.209521715
28780,696.45,0.8,194.36656463
28800,516.55,0.5,124.801261686
28820,527.15,0.55,138.537684403
28840,683.0,0.6,172.620529474
28860,606.45,0.75,178.585203936
28880,555.4,0.6,151.758222152
28900,592.35,0.7,171.481339644
28920,585.8,0.6,165.272648768
28940,497.4,0.7,165.677511184
28960,508.25,0.75,170.267631159
28980,644.15,0.8,199.296238923
29000,510.45,0.5,130.353106211
29020,585.15,0.5,142.159786809
29040,610.5,0.7,178.719551907
29060,507.05,0.75,174.664524282
29080,615.05,0.45,121.598965719
29100,666.05,0.5,145.421769154
29120,532.1,0.4,122.206975772
29140,606.35,0.8,185.743870283
29160,591.1,0.65,165.140111155
29180,613.25,0.4,122.346505208
29200,647.9,0.4,137.715916621
29220,614.2,0.15,81.6423188328
29240,621.6,0.45,129.656351577
29260,760.45,0.3,126.493611008
29280,715.4,0.45,150.221084758
29300,792.65,0.2,119.476734538
29320,939.35,0.15,126.527550912
29340,675.9,0.25,108.506922358
29360,901.3,0.1,113.956894533
29380,789.65,0.0,83.1045115484
29400,692.25,0.15,94.4062064833
29420,818.6,0.1,103.724443954
29440,683.4,0.1,83.9870420908
29460,794.15,0.2,114.620918127
29480,747.55,0.25,119.595831563
29500,719.9,0.25,115.801528364
29520,784.35,0.15,113.985421035
29540,707.75,0.2,107.205656717
29560,564.1,0.2,81.2819511795
29580,756.3,0.15,95.1797355079
29600,830.35,0.15,114.289431341
29620,881.35,0.05,108.176919271
29640,854.45,0.25,130.673896519
29660,876.95,0.2,129.566710669
29680,801.6,0.1,108.136464058
29700,815.7,0.2,124.224680009
29720,814.25,0.2,102.141372505
29740,775.3,0.0,78.9176461591
29760,841.3,0.15,121.983771956
29780,815.95,0.05,94.5932106423
29800,644.45,0.3,106.180028341
29820,850.9,0.15,111.707531769
29840,869.85,0.25,130.473005808
29860,869.95,0.1,100.019074032
29880,853.0,0.1,95.7984189246
29900,852.85,0.1,110.045375878
29920,859.45,0.05,93.8042287997
29940,639.3,0.1,80.9321492314
29960,738.25,0.2,103.75627035
29980,855.55,0.05,103.346655018
30000,826.7,0.2,103.963353285
