20,95.95,0.0,-436.170030152
40,100.15,0.0,-391.987758748
60,110.9,0.0,-321.564192338
80,101.05,0.0,-385.121261325
100,96.95,0.0,-400.992080438
120,113.25,0.0,-455.979423681
140,106.0,0.0,-489.026506003
160,94.55,0.0,-493.306470058
180,92.15,0.0,-491.345865672
200,87.3,0.0,-459.215265367
220,88.05,0.0,-516.445897579
240,87.05,0.0,-557.271904603
260,78.5,0.0,-589.17164183
280,81.3,0.0,-549.504418625
300,78.05,0.0,-599.346360328
320,77.2,0.0,-587.808759422
340,75.8,0.0,-600.252534469
360,78.0,0.0,-612.46732834
380,70.45,0.0,-544.723331308
400,72.35,0.0,-524.461563779
420,77.25,0.0,-583.518818036
440,73.75,0.0,-598.757241879
460,66.7,0.0,-536.6065758
480,73.3,0.0,-577.844650111
500,74.45,0.0,-558.138679252
520,70.05,0.0,-556.878455967
540,68.15,0.0,-560.862152764
560,67.9,0.0,-544.726423619
580,67.3,0.0,-525.755257561
600,68.85,0.0,-528.758440287
620,65.95,0.0,-504.140270456
640,65.5,0.0,-495.265269748
660,72.8,0.0,-526.270871931
680,73.2,0.0,-490.8960289
700,69.4,0.0,-453.722788883
720,70.5,0.0,-501.073870509
740,70.0,0.0,-492.587233824
760,75.1,0.0,-511.193320777
780,69.1,0.0,-449.742418427
800,71.5,0.0,-475.807973737
820,69.45,0.0,-415.29672388
840,70.25,0.0,-359.892197923
860,68.9,0.0,-405.132574561
880,71.25,0.0,-378.521068269
900,71.45,0.0,-329.52435722
920,72.0,0.0,-325.563956602
940,67.95,0.0,-318.449516544
960,73.3,0.0,-282.278673964
980,71.5,0.0,-228.106058689
1000,71.05,0.0,-234.331892537
1020,70.4,0.0,-239.326552125
1040,72.05,0.0,-207.166933979
1060,68.95,0.0,-212.674891816
1080,74.75,0.0,-180.498960353
1100,73.25,0.0,-220.79002899
1120,71.7,0.0,-195.376622044
1140,71.85,0.0,-206.93687611
1160,74.25,0.0,-214.674908
1180,74.35,0.0,-203.579645232
1200,75.55,0.0,-222.311777628
1220,74.25,0.0,-261.617463423
1240,69.6,0.0,-209.260975902
1260,67.65,0.0,-186.827807984
1280,78.0,0.0,-243.090364818
1300,69.9,0.0,-191.504694425
1320,71.85,0.0,-202.019443645
1340,72.7,0.0,-205.343942756
1360,70.85,0.0,-191.485128698
1380,67.2,0.0,-193.037604566
1400,74.85,0.0,-227.408700086
1420,72.05,0.0,-232.729646411
1440,71.25,0.0,-215.96484891
1460,72.1,0.0,-232.955491133
1480,69.7,0.0,-225.251899187
1500,69.65,0.0,-222.60664914
1520,75.05,0.0,-252.57251581
1540,72.4,0.0,-186.854151734
1560,72.85,0.0,-228.323506993
1580,71.95,0.0,-218.158515801
1600,66.75,0.0,-186.059797418
1620,71.65,0.0,-188.539148498
1640,66.65,0.0,-187.433727633
1660,72.4,0.0,-184.067089929
1680,68.45,0.0,-180.615780707
1700,66.05,0.0,-179.015354945
1720,68.85,0.0,-184.409834557
1740,77.9,0.0,-199.248981871
1760,74.9,0.0,-189.620203026
1780,67.05,0.0,-193.482247904
1800,72.15,0.0,-192.756180288
1820,70.75,0.0,-182.7190353
1840,71.85,0.0,-179.692615955
1860,69.6,0.0,-175.774442555
1880,66.65,0.0,-195.589988213
1900,72.15,0.0,-203.703374322
1920,74.2,0.0,-178.656074556
1940,71.35,0.0,-175.455535313
1960,74.35,0.0,-212.356394047
1980,73.95,0.0,-207.57024709
2000,74.0,0.0,-212.550669837
2020,67.6,0.0,-216.84346738
2040,70.45,0.0,-249.952409186
2060,68.1,0.0,-240.451333974
2080,70.65,0.0,-249.067213097
2100,71.9,0.0,-267.912313477
2120,69.1,0.0,-280.984623719
2140,66.4,0.0,-277.025399649
2160,75.3,0.0,-334.694201292
2180,77.8,0.0,-340.486345027
2200,68.7,0.0,-298.353841348
2220,67.15,0.0,-316.287868892
2240,74.3,0.0,-352.982132446
2260,71.45,0.0,-293.527423015
2280,70.35,0.0,-287.743661519
2300,71.05,0.0,-266.105827574
2320,68.15,0.0,-244.125565404
2340,72.7,0.0,-284.241983026
2360,68.0,0.0,-245.347932885
2380,72.4,0.0,-243.417870445
2400,66.9,0.0,-230.618586564
2420,68.85,0.0,-268.708876206
2440,65.8,0.0,-258.256364842
2460,67.6,0.0,-285.259860774
2480,68.9,0.0,-302.004341659
2500,69.65,0.0,-333.68885134
2520,70.5,0.0,-328.016677246
2540,69.6,0.0,-355.118289511
2560,75.15,0.0,-389.496366802
2580,72.0,0.0,-402.385590153
2600,67.7,0.0,-365.297511953
2620,65.45,0.0,-270.336745613
2640,69.6,0.0,-356.462210661
2660,72.05,0.0,-301.095373647
2680,68.6,0.0,-275.203206366
2700,70.9,0.0,-290.243535142
2720,70.55,0.0,-264.562675409
2740,69.7,0.0,-276.574789143
2760,80.05,0.0,-278.548441279
2780,75.0,0.0,-246.527247393
2800,74.4,0.0,-234.033197415
2820,72.95,0.0,-223.567904049
2840,76.2,0.0,-185.23875776
2860,70.95,0.0,-233.30003296
2880,69.15,0.0,-178.36009427
2900,69.55,0.0,-195.843596122
2920,66.95,0.0,-204.414627028
2940,69.2,0.0,-210.878951292
2960,67.0,0.0,-195.301261842
2980,75.35,0.0,-212.724684796
3000,71.3,0.0,-216.881113211
3020,70.7,0.0,-203.126982203
3040,69.25,0.0,-214.938059527
3060,75.75,0.0,-252.538084066
3080,70.45,0.0,-222.96249546
3100,72.0,0.0,-216.34862301
3120,67.25,0.0,-228.561581111
3140,68.5,0.0,-243.379379104
3160,69.15,0.0,-230.92875342
3180,73.75,0.0,-266.611540884
3200,67.7,0.0,-224.634178622
3220,72.3,0.0,-225.243955194
3240,68.3,0.0,-217.098468996
3260,73.0,0.0,-200.08633361
3280,69.35,0.0,-219.166667008
3300,69.05,0.0,-195.618558604
3320,70.25,0.0,-204.349208665
3340,63.15,0.0,-199.203977168
3360,74.0,0.0,-212.479786337
3380,67.6,0.0,-199.981751858
3400,69.9,0.0,-241.834743437
3420,78.1,0.0,-256.138110444
3440,70.2,0.0,-234.850183788
3460,69.5,0.0,-253.659649223
3480,73.65,0.0,-254.461407161
3500,70.8,0.0,-268.622624752
3520,68.55,0.0,-234.355322318
3540,64.95,0.0,-295.576688314
3560,70.55,0.0,-303.243877696
3580,68.15,0.0,-246.379140447
3600,70.15,0.0,-229.371770796
3620,71.25,0.0,-212.041652784
3640,70.65,0.0,-202.596194944
3660,73.55,0.0,-218.411809488
3680,76.9,0.0,-214.979092162
3700,72.2,0.0,-242.123772168
3720,74.4,0.0,-264.57181083
3740,72.9,0.0,-220.103953452
3760,73.65,0.0,-208.867344908
3780,76.7,0.0,-263.557594292
3800,69.75,0.0,-217.665836201
3820,72.55,0.0,-252.554027728
3840,72.05,0.0,-250.333218114
3860,69.25,0.0,-209.376696076
3880,71.05,0.0,-198.433071764
3900,76.45,0.0,-207.673163914
3920,72.85,0.0,-188.804612581
3940,73.75,0.0,-193.722468719
3960,68.1,0.0,-172.899043253
3980,68.35,0.0,-211.324826106
4000,70.35,0.0,-204.643926093
4020,75.7,0.0,-195.365902667
4040,72.8,0.0,-196.395553519
4060,76.6,0.0,-205.11071054
4080,69.15,0.0,-225.68247895
4100,69.55,0.0,-182.412573649
4120,71.85,0.0,-203.432392032
4140,76.65,0.0,-233.388935467
4160,75.6,0.0,-204.390009608
4180,73.9,0.0,-181.070320585
4200,71.75,0.0,-203.674420457
4220,72.85,0.0,-193.876874837
4240,67.75,0.0,-179.449845246
4260,74.75,0.0,-178.155073969
4280,73.8,0.0,-190.805284446
4300,71.6,0.0,-175.571345013
4320,76.7,0.0,-178.358241051
4340,76.4,0.0,-185.116908723
4360,77.15,0.0,-178.757186276
4380,75.4,0.0,-169.783598455
4400,75.8,0.0,-189.468865786
4420,77.55,0.0,-198.742966568
4440,77.25,0.0,-180.074620287
4460,74.7,0.0,-192.392082058
4480,72.45,0.0,-169.592677321
4500,80.2,0.0,-189.31062638
4520,76.6,0.0,-162.056621109
4540,80.15,0.0,-178.527587776
4560,78.1,0.0,-164.023127563
4580,82.9,0.0,-156.975351746
4600,89.75,0.0,-167.385756308
4620,99.15,0.0,-159.25194931
4640,108.75,0.0,-154.313072121
4660,147.35,0.0,-156.525220855
4680,177.2,0.0,-176.923015827
4700,255.9,0.0,-171.821143417
4720,445.35,0.0,-192.480919506
4740,617.15,0.0,-135.649672775
4760,547.5,0.0,-138.784246114
4780,664.7,0.0,-111.678535186
4800,740.4,0.0,-154.473117217
4820,410.3,0.05,-127.91137037
4840,317.7,0.0,-113.979340994
4860,205.6,0.05,-113.297789634
4880,342.75,0.2,-14.769146073
4900,155.75,0.0,-68.8938110936
4920,166.6,0.15,-56.9808612644
4940,138.35,0.05,-98.5460013389
4960,135.85,0.05,-78.771517217
4980,136.2,0.05,-60.4098750846
5000,155.0,0.15,-28.7912307377
5020,136.85,0.1,-19.3402461828
5040,160.65,0.2,2.47848565662
5060,203.95,0.25,-1.02939597253
5080,243.65,0.25,7.00163504819
5100,213.0,0.05,-66.1505558973
5120,374.1,0.5,25.5124372639
5140,328.75,0.25,-42.6467133615
5160,389.85,0.3,-29.9647119183
5180,367.65,0.3,-23.3386556485
5200,397.15,0.35,-21.8447029784
5220,410.65,0.65,66.2909776017
5240,336.45,0.4,12.0295186911
5260,435.8,0.4,6.26382199183
5280,436.5,0.3,-33.9951657756
5300,275.2,0.2,-77.8557013892
5320,216.75,0.1,-124.033307015
5340,238.75,0.05,-146.531921041
5360,183.75,0.0,-158.452236958
5380,185.6,0.05,-141.755616638
5400,159.75,0.0,-168.072239608
5420,156.7,0.0,-185.548868104
5440,163.95,0.0,-187.550611326
5460,173.45,0.0,-182.887969824
5480,161.8,0.0,-177.424057381
5500,192.0,0.0,-177.340134602
5520,202.2,0.0,-167.993037286
5540,233.45,0.0,-163.17410574
5560,228.45,0.0,-164.657711721
5580,323.3,0.0,-172.653946674
5600,307.75,0.0,-175.126278262
5620,290.0,0.0,-172.529555341
5640,334.1,0.05,-151.133697243
5660,473.65,0.0,-162.403066349
5680,349.55,0.0,-143.892561235
5700,385.0,0.1,-81.194669685
5720,461.95,0.2,-38.0134270697
5740,320.65,0.35,31.2805179893
5760,380.2,0.25,17.6181932031
5780,502.25,0.0,8.29466997983
5800,376.15,0.0,-10.3019149176
5820,367.4,0.0,-9.52796563666
5840,472.2,0.05,8.79656078511
5860,587.55,0.0,40.7540822489
5880,390.25,0.0,-4.49116441643
5900,466.1,0.0,3.57052121032
5920,390.9,0.0,-1.24209133589
5940,533.7,0.05,16.9776605449
5960,364.8,0.05,8.54953463398
5980,504.65,0.0,21.3238991301
6000,633.6,0.0,41.3166088705
6020,665.6,0.05,42.4463490293
6040,683.3,0.05,46.9136292764
6060,896.35,0.1,75.4204062981
6080,691.25,0.15,29.4921551008
6100,606.0,0.25,27.900768213
6120,654.5,0.35,30.5576929965
6140,431.95,0.25,-5.25776322495
6160,260.2,0.2,-62.2241534548
6180,423.95,0.25,-35.8198203176
6200,332.7,0.2,-80.2152770962
6220,376.8,0.45,13.2737797933
6240,322.35,0.4,6.81321050034
6260,350.85,0.4,4.54319147178
6280,252.35,0.25,-19.9448396029
6300,263.55,0.25,-10.4013156285
6320,158.05,0.1,-33.9069217401
6340,170.35,0.1,-23.2620694152
6360,180.8,0.1,-9.79841885753
6380,134.65,0.0,-17.117731212
6400,128.6,0.0,-24.6195428446
6420,154.6,0.05,-15.5336310066
6440,123.5,0.0,-27.208649233
6460,124.65,0.0,-18.940886178
6480,115.75,0.0,-29.6085638618
6500,112.85,0.0,-25.5629721278
6520,125.8,0.0,-22.4127575422
6540,117.05,0.0,-21.9965776022
6560,118.15,0.0,-21.9524660478
6580,115.0,0.0,-31.0419149603
6600,120.0,0.0,-21.9459385281
6620,135.25,0.05,-6.13863057495
6640,128.1,0.0,-19.7361442574
6660,154.35,0.05,0.499002659019
6680,138.25,0.0,-13.1820140863
6700,157.5,0.1,18.5246241476
6720,225.3,0.1,19.141489084
6740,166.75,0.2,41.9461072062
6760,286.45,0.45,91.7349252412
6780,233.85,0.4,84.1004033202
6800,311.05,0.5,95.7921127352
6820,401.95,0.55,115.869583632
6840,449.0,0.4,87.315858262
6860,657.6,0.75,160.949390073
6880,610.95,0.8,181.158948433
6900,556.5,0.75,154.046576989
6920,553.6,0.9,179.261516542
6940,496.0,0.65,121.554268838
6960,557.15,0.95,191.590282651
6980,490.35,0.85,175.773785383
7000,516.85,0.75,164.373349404
7020,561.2,0.65,141.34537762
7040,523.1,0.4,84.1580439961
7060,565.65,0.1,60.5168678106
7080,587.15,0.3,83.6283179873
7100,282.45,0.15,19.1555021507
7120,454.1,0.0,11.8430795538
7140,328.45,0.15,30.3126642876
7160,294.1,0.1,26.2937747128
7180,265.0,0.0,-17.5527160986
7200,522.0,0.0,33.8559189254
7220,619.05,0.3,97.2682963232
7240,588.85,0.05,50.4340393782
7260,475.9,0.05,13.686462283
7280,551.2,0.4,94.6868526571
7300,680.65,0.35,114.767152738
7320,802.15,0.25,112.035760162
7340,776.15,0.45,132.12725082
7360,904.15,0.15,95.6997431764
7380,886.05,0.3,100.062311962
7400,995.45,0.05,-12.8507178495
7420,1000.0,0.0,-70.4719982692
7440,1000.0,0.0,-72.0741907581
7460,909.4,0.0,-83.0202477824
7480,997.5,0.0,-67.284157204
7500,966.25,0.05,-56.7130421578
7520,865.95,0.1,-39.8118519589
7540,871.15,0.2,12.0252806977
7560,852.85,0.0,-27.6882409955
7580,778.05,0.1,8.24462893117
7600,775.3,0.15,1.2572858439
7620,644.8,0.05,-1.9368807927
7640,625.65,0.2,21.5538404714
7660,597.7,0.15,6.53373000998
7680,739.65,0.05,33.592897646
7700,727.75,0.15,54.0546578603
7720,657.85,0.05,38.6748665462
7740,708.45,0.15,60.1831476622
7760,619.65,0.2,52.5903892863
7780,582.8,0.4,104.341334335
7800,348.85,0.15,28.9429362946
7820,383.25,0.55,104.135467622
7840,216.2,0.0,-2.06086466211
7860,194.0,0.15,17.4735793527
7880,157.05,0.05,-9.16842587276
7900,143.85,0.0,-23.7971522464
7920,139.9,0.05,-24.8499400803
7940,147.7,0.05,-20.9121638168
7960,180.5,0.0,-21.0303973031
7980,145.7,0.0,-36.6560915212
8000,136.7,0.0,-29.6086289943
8020,152.25,0.1,-0.897143584717
8040,181.75,0.05,-16.6449905012
8060,173.15,0.0,-40.5466726436
8080,130.15,0.05,-18.9437991375
8100,121.25,0.0,-41.7313834982
8120,128.5,0.0,-58.8691384078
8140,175.9,0.0,-50.5556288964
8160,201.85,0.1,-2.86068644727
8180,123.8,0.05,-29.9800404441
8200,132.75,0.0,-53.8123504204
8220,135.8,0.0,-40.5482253024
8240,230.95,0.1,-3.39010667765
8260,148.95,0.0,-38.6415306039
8280,243.85,0.05,-3.7930603028
8300,279.25,0.0,-18.3302148035
8320,236.25,0.05,-2.95251967195
8340,308.3,0.1,5.01045336187
8360,325.4,0.0,5.24196198732
8380,318.6,0.2,41.8387793745
8400,266.0,0.15,24.6908351253
8420,414.65,0.1,33.1566256866
8440,393.05,0.15,28.191322384
8460,247.35,0.3,26.8010817529
8480,431.7,0.15,35.8308783771
8500,429.8,0.5,68.9462297064
8520,275.1,0.25,6.08533458226
8540,385.55,0.3,13.3138792599
8560,452.35,0.25,22.3944920598
8580,456.75,0.3,33.3552579479
8600,373.55,0.25,-16.1067643627
8620,548.9,0.3,41.2454238319
8640,459.1,0.6,62.1563850777
8660,454.1,0.45,37.7387039326
8680,459.65,0.25,-4.74488585148
8700,459.95,0.45,44.1677162204
8720,512.95,0.5,63.7131232681
8740,505.25,0.45,36.0388848006
8760,446.95,0.35,30.0856795192
8780,606.25,0.45,81.7772284087
8800,501.5,0.7,119.320190827
8820,410.75,0.55,76.1898171949
8840,446.45,0.45,71.1018496831
8860,368.0,0.25,23.8733414634
8880,303.35,0.3,30.0046521328
8900,298.9,0.35,54.7236622229
8920,239.0,0.25,1.50547926452
8940,379.2,0.45,66.764639518
8960,228.55,0.05,-23.5565928206
8980,305.7,0.25,23.4049674172
9000,257.8,0.15,-15.1763208034
9020,263.95,0.2,13.6296048834
9040,256.9,0.15,14.7074067235
9060,314.35,0.3,25.4615138791
9080,325.95,0.45,70.5541112682
9100,351.15,0.3,38.0981929981
9120,296.0,0.4,51.5409678941
9140,494.3,0.35,86.0187716126
9160,397.45,0.5,94.7502951206
9180,478.0,0.45,101.340796074
9200,314.25,0.45,67.2067870699
9220,423.0,0.4,74.7238645992
9240,280.4,0.35,51.7781932583
9260,338.8,0.65,108.617137018
9280,323.25,0.6,117.399458151
9300,356.25,0.5,67.4048098966
9320,265.4,0.45,58.6850808302
9340,245.7,0.4,68.760535273
9360,253.0,0.4,58.5582006888
9380,285.6,0.6,104.257154033
9400,307.7,0.55,89.7539908255
9420,254.05,0.45,76.9006351402
9440,200.95,0.35,51.5310970851
9460,372.5,0.55,92.041174548
9480,354.0,0.4,72.8110060904
9500,403.75,0.45,72.2106863228
9520,328.7,0.6,111.877809339
9540,509.05,0.25,61.7349569164
9560,543.05,0.45,95.7881832026
9580,524.1,0.45,88.7199758593
9600,597.85,0.25,81.0945668595
9620,571.45,0.45,89.8175899015
9640,517.35,0.6,108.00090013
9660,626.75,0.55,112.474677846
9680,568.4,0.35,63.4709709303
9700,439.5,0.45,78.282590709
9720,479.05,0.45,76.0854635092
9740,607.9,0.5,93.115712538
9760,561.7,0.4,86.2066666326
9780,554.05,0.35,68.5232062434
9800,499.1,0.4,81.7871198923
9820,596.6,0.45,77.6696057093
9840,534.9,0.5,82.0808347559
9860,447.5,0.35,46.0831871896
9880,430.05,0.5,81.5941952965
9900,300.95,0.5,53.0552122759
9920,419.7,0.45,60.9113084895
9940,328.45,0.35,22.1659780777
9960,492.85,0.4,44.0871445489
9980,307.3,0.3,7.87548571509
10000,204.3,0.25,-39.3348980235
10020,227.55,0.35,-18.2072320989
10040,313.15,0.25,-10.5703034711
10060,236.05,0.25,-15.9057519683
10080,256.9,0.1,-55.6634885274
10100,412.75,0.3,24.1118003524
10120,296.5,0.35,-25.9264338328
10140,269.75,0.4,-2.88331811775
10160,436.9,0.4,32.2004364373
10180,300.55,0.45,6.54644376255
10200,372.9,0.25,-12.1032280504
10220,438.0,0.4,16.2276842152
10240,264.75,0.4,7.25090886356
10260,353.0,0.45,1.67827842155
10280,445.35,0.4,16.4356998258
10300,339.4,0.35,-8.12126479124
10320,432.95,0.45,8.34974951663
10340,330.55,0.45,6.70810328953
10360,312.2,0.3,-26.3062560815
10380,337.45,0.3,-11.1738295405
10400,400.95,0.5,34.3345836578
10420,341.35,0.2,-22.7821788458
10440,420.15,0.4,7.31859386054
10460,378.95,0.35,8.91978815623
10480,354.55,0.55,45.8468582351
10500,406.7,0.6,75.5963600779
10520,437.65,0.15,-13.062077682
10540,274.4,0.25,2.5388120015
10560,394.95,0.15,-13.3583679089
10580,436.9,0.3,44.2936406015
10600,447.8,0.2,22.7953622208
10620,496.4,0.0,-18.4436730016
10640,486.1,0.15,16.2776202392
10660,417.9,0.05,-8.27061312645
10680,557.05,0.15,33.0748666986
10700,628.8,0.05,12.0527004876
10720,614.15,0.05,20.8865363801
10740,282.25,0.25,16.1330096772
10760,349.2,0.25,19.607175677
10780,365.55,0.4,52.5443922617
10800,382.8,0.2,23.2905769522
10820,393.35,0.15,19.3113696487
10840,479.5,0.25,41.6035803078
10860,346.45,0.2,19.6314409502
10880,335.85,0.4,47.1052801889
10900,258.45,0.35,57.5359061594
10920,302.3,0.15,14.8468873996
10940,395.45,0.15,19.8607946045
10960,369.55,0.3,48.8903074053
10980,317.75,0.25,28.8099848315
11000,371.1,0.2,39.0859788782
11020,458.8,0.45,93.4024018504
11040,487.65,0.1,28.626747239
11060,357.55,0.3,48.196754468
11080,581.7,0.2,54.6649122642
11100,665.9,0.35,79.8203775957
11120,610.5,0.25,53.2640731648
11140,743.45,0.25,77.3227635146
11160,635.05,0.35,79.3032114707
11180,730.85,0.45,113.290003849
11200,699.55,0.4,105.80934719
11220,688.35,0.35,94.1138956156
11240,718.1,0.45,102.962633319
11260,631.6,0.7,155.286723149
11280,785.9,0.45,94.6618961457
11300,710.15,0.45,107.378135304
11320,693.75,0.65,134.466674622
11340,616.8,0.8,161.638723451
11360,698.15,0.85,129.332372611
11380,544.05,0.7,122.730793237
11400,586.6,0.75,150.078761326
11420,670.5,0.7,123.868698006
11440,567.15,0.75,140.538731693
11460,586.85,0.75,159.219537042
11480,630.25,0.75,158.951467246
11500,673.6,0.6,145.949277648
11520,652.5,0.4,124.980103223
11540,820.9,0.3,125.983882586
11560,817.25,0.2,123.89812027
11580,859.75,0.2,118.549777762
11600,762.25,0.35,141.062976749
11620,877.1,0.3,140.352915402
11640,538.55,0.85,185.5909129
11660,378.9,0.85,182.041805776
11680,331.4,0.9,188.604827892
11700,428.3,0.8,182.986504253
11720,309.0,0.9,183.630917931
11740,301.3,0.7,142.038833268
11760,282.15,0.85,174.608623075
11780,370.3,0.75,155.375936396
11800,332.6,0.85,185.455664225
11820,288.35,0.85,181.110970694
11840,318.15,0.9,192.899243879
11860,333.55,0.8,173.013336129
11880,371.8,0.9,195.375751685
11900,313.35,0.8,171.94925727
11920,307.05,0.85,183.375137854
11940,272.05,0.8,177.426441253
11960,271.35,0.75,168.4413801
11980,270.2,0.8,175.259794504
12000,323.0,0.75,158.941152411
12020,296.0,0.95,205.870486289
12040,277.15,0.85,180.976278301
12060,290.25,0.7,155.39154381
12080,291.85,0.65,147.395232728
12100,296.0,0.7,169.583031438
12120,265.95,0.85,183.976898069
12140,313.75,0.8,186.637972997
12160,308.75,0.8,173.1394863
12180,302.5,0.8,186.824164346
12200,323.9,0.8,186.06464613
12220,323.2,0.9,195.914580926
12240,284.95,0.85,191.878837525
12260,286.35,0.9,202.912932445
12280,301.85,0.9,195.175457544
12300,282.8,0.85,186.99691949
12320,295.25,0.95,205.545430463
12340,275.1,0.8,177.8496008
12360,310.2,0.95,206.868495607
12380,300.15,0.85,185.08263802
12400,323.65,0.8,178.240541712
12420,337.05,0.7,154.201057465
12440,329.95,0.95,194.817898835
12460,319.6,0.9,189.484715677
12480,416.95,0.75,175.167379005
12500,378.85,0.9,188.198320812
12520,401.75,0.85,185.272674127
12540,347.6,0.8,165.548118272
12560,345.45,1.0,211.627840198
12580,437.55,0.75,157.637899266
12600,487.8,0.75,164.418540298
12620,438.9,0.85,184.796816089
12640,429.05,0.85,174.693797142
12660,438.35,0.75,167.347581866
12680,500.9,0.8,180.112924755
12700,483.6,0.7,144.756998717
12720,582.2,0.65,150.03215031
12740,564.6,0.6,130.975901135
12760,503.45,0.8,164.30153461
12780,528.1,0.65,132.237564844
12800,485.9,0.9,176.1611694
12820,584.2,0.8,169.039810526
12840,497.85,0.9,172.722418702
12860,580.3,0.7,142.28617583
12880,555.55,0.85,178.713310984
12900,532.5,0.8,155.979599871
12920,555.3,0.9,177.47244405
12940,501.6,1.0,176.673018162
12960,479.1,0.95,177.239211471
12980,569.0,0.9,161.242446049
13000,534.5,0.95,174.331107511
13020,562.6,0.95,179.012282454
13040,552.4,0.95,170.653859447
13060,723.2,0.7,142.816927976
13080,746.9,0.65,147.684700569
13100,830.45,0.5,122.097966739
13120,942.65,0.3,107.145881394
13140,977.75,0.1,93.792645076
13160,992.7,0.05,87.1274367839
13180,972.8,0.1,55.2412095654
13200,966.45,0.15,53.5915246081
13220,956.35,0.2,68.4287793705
13240,939.35,0.2,67.0655147327
13260,864.35,0.4,75.4824948298
13280,940.5,0.15,54.7446131245
13300,850.95,0.55,100.523441858
13320,923.6,0.35,85.0048303947
13340,890.8,0.3,79.3897622705
13360,950.5,0.25,77.4803888331
13380,822.1,0.5,112.808535152
13400,925.8,0.2,57.3380846411
13420,950.6,0.15,74.6155466464
13440,865.75,0.35,97.962500679
13460,977.25,0.1,73.3247696217
13480,904.5,0.3,86.1799947809
13500,830.5,0.5,102.910898176
13520,852.55,0.45,106.491142228
13540,952.35,0.2,65.5174791448
13560,915.25,0.2,71.0586740578
13580,908.5,0.25,72.5051152249
13600,960.15,0.1,50.2708607499
13620,911.5,0.25,74.8844898407
13640,929.05,0.3,83.4929161427
13660,985.8,0.05,44.2630289
13680,1000.0,0.0,55.6799468546
13700,1000.0,0.0,74.8899185942
13720,1000.0,0.0,66.0208191697
13740,1000.0,0.0,56.7911749283
13760,1000.0,0.0,54.1345196935
13780,1000.0,0.0,37.2554688502
13800,1000.0,0.0,28.1468928655
13820,1000.0,0.0,42.3339882594
13840,978.15,0.15,43.7724263444
13860,999.25,0.05,37.9236844236
13880,987.15,0.15,54.639027181
13900,943.05,0.35,67.1793123659
13920,967.55,0.25,53.5551947184
13940,974.6,0.2,45.9164295697
13960,994.0,0.05,1.14971491202
13980,1000.0,0.0,-21.737607668
14000,1000.0,0.0,-61.1423190428
14020,1000.0,0.0,-61.9909806737
14040,1000.0,0.0,-67.3987853596
14060,956.55,0.0,-89.4487162755
14080,1000.0,0.0,-88.2842139321
14100,1000.0,0.0,-92.2813814563
14120,1000.0,0.0,-79.5188830128
14140,1000.0,0.0,-82.5996962434
14160,1000.0,0.0,-72.1552736735
14180,1000.0,0.0,-74.1302716527
14200,1000.0,0.0,-84.0112664749
14220,1000.0,0.0,-75.4468403364
14240,986.8,0.05,-40.0490757383
14260,999.95,0.05,-44.2193423786
14280,1000.0,0.0,-32.805220462
14300,998.55,0.0,-26.1925524269
14320,1000.0,0.0,-29.3988336097
14340,940.3,0.15,-2.05087567886
14360,951.1,0.1,-3.25211285943
14380,899.5,0.3,51.9027992489
14400,932.05,0.1,34.4500369369
14420,973.15,0.1,46.6173959711
14440,847.8,0.15,47.4500292147
14460,806.1,0.25,42.7618460979
14480,847.0,0.1,28.1557627671
14500,907.7,0.15,64.9410187822
14520,677.0,0.4,87.3687145585
14540,695.65,0.15,55.1813983316
14560,743.0,0.25,70.7942961159
14580,726.4,0.25,76.4459156129
14600,767.95,0.2,83.1465961037
14620,760.95,0.15,83.7542148471
14640,843.9,0.3,111.591005751
14660,724.95,0.25,88.5610355992
14680,780.85,0.25,109.194579932
14700,967.5,0.05,95.6149067775
14720,967.15,0.05,100.173413887
14740,810.65,0.1,90.4088328081
14760,964.6,0.0,85.2450929571
14780,895.85,0.05,87.1946970799
14800,927.95,0.0,80.4476557624
14820,805.9,0.0,73.5697115981
14840,912.5,0.0,91.0554755225
14860,1000.0,0.0,106.536710097
14880,1000.0,0.0,105.572117128
14900,963.05,0.0,90.8384860932
14920,775.15,0.15,109.321083188
14940,880.05,0.05,102.310215829
14960,904.75,0.05,90.8915136458
14980,915.55,0.0,100.792277572
15000,955.6,0.0,99.7165550481
15020,910.95,0.0,83.1107046866
15040,912.7,0.0,94.1373870706
15060,876.0,0.0,91.9581291907
15080,957.35,0.0,109.168608131
15100,1000.0,0.0,106.912679705
15120,804.6,0.15,108.318389888
15140,724.75,0.3,125.679770719
15160,647.1,0.4,131.140159832
15180,428.75,1.0,210.860902355
15200,393.0,0.75,167.065743761
15220,624.65,0.7,173.115186448
15240,557.4,0.5,143.418184163
15260,725.2,0.35,125.941959894
15280,977.4,0.05,112.024413154
15300,974.9,0.05,116.188510914
15320,844.3,0.0,88.7201596168
15340,827.85,0.1,81.0206280114
15360,809.05,0.3,88.4418532597
15380,778.8,0.2,78.4572473529
15400,685.5,0.3,88.0808958622
15420,817.7,0.3,92.0422353693
15440,847.05,0.15,75.2839650447
15460,920.85,0.15,80.0588572958
15480,857.1,0.25,87.9580507659
15500,837.3,0.2,78.1195249813
15520,861.45,0.15,73.5896980763
15540,854.95,0.35,103.998836624
15560,655.95,0.35,79.7269074324
15580,872.85,0.1,63.2629422272
15600,829.45,0.25,84.3052241043
15620,783.05,0.35,86.4954850955
15640,880.75,0.3,89.6345264727
15660,798.45,0.35,100.905767837
15680,759.2,0.35,95.9925664305
15700,790.05,0.3,79.9365420493
15720,803.25,0.2,62.6071841476
15740,918.25,0.2,74.8415906778
15760,815.6,0.25,79.4315182927
15780,796.5,0.2,76.8752785992
15800,831.75,0.2,78.3555453082
15820,930.1,0.15,65.6318508183
15840,770.05,0.35,94.1370438344
15860,910.3,0.1,73.5336845589
15880,900.15,0.2,74.6357984261
15900,940.15,0.25,80.5075661769
15920,799.15,0.3,86.3118674287
15940,876.0,0.25,79.1121621836
15960,842.3,0.3,96.2649383252
15980,910.7,0.15,76.2125331573
16000,861.25,0.15,78.757617053
16020,817.95,0.1,56.5157336775
16040,721.95,0.35,85.9036344104
16060,802.15,0.15,76.3000016572
16080,645.0,0.2,50.5942467351
16100,759.95,0.15,64.3055360521
16120,567.25,0.25,68.401508858
16140,719.5,0.1,57.5450404129
16160,576.75,0.05,21.8560147151
16180,710.25,0.15,58.3327237616
16200,711.8,0.05,28.445176456
16220,485.85,0.05,7.57941415007
16240,654.75,0.05,23.1210080498
16260,639.95,0.1,26.060370918
16280,907.05,0.2,80.6830653763
16300,652.55,0.25,62.7997419511
16320,835.4,0.15,80.6525951739
16340,754.05,0.2,67.1072289954
16360,744.4,0.45,110.539802041
16380,667.55,0.35,71.0282802136
16400,858.05,0.2,68.7513168669
16420,804.2,0.35,78.8195086428
16440,790.05,0.3,80.2857397298
16460,736.35,0.35,73.0327866854
16480,815.75,0.5,105.595492795
16500,857.95,0.35,83.3653821127
16520,879.95,0.25,85.6352632395
16540,903.55,0.2,79.5974899657
16560,843.3,0.4,93.9465303339
16580,827.8,0.2,78.9066595589
16600,701.5,0.2,67.0976119334
16620,846.25,0.15,89.5483123757
16640,775.3,0.2,70.0263561929
16660,817.35,0.1,55.7245411331
16680,802.7,0.25,76.958857558
16700,712.9,0.25,70.8136785207
16720,739.9,0.2,62.5662976776
16740,845.3,0.2,80.8887403602
16760,876.75,0.1,67.7501863459
16780,740.85,0.35,97.0009095493
16800,805.5,0.25,86.2575466134
16820,824.65,0.15,78.7801405915
16840,841.3,0.15,75.9272969856
16860,660.9,0.25,69.4180912263
16880,742.9,0.3,85.96351262
16900,720.7,0.15,64.2375211131
16920,707.8,0.15,55.389178425
16940,748.0,0.15,64.2729797569
16960,736.4,0.25,78.2589705491
16980,577.2,0.3,64.9819209848
17000,738.05,0.2,77.1207297017
17020,758.15,0.2,63.9443906162
17040,738.35,0.05,48.5636293927
17060,840.15,0.1,71.8211625735
17080,788.6,0.15,71.7463203889
17100,914.35,0.1,80.0131860961
17120,906.6,0.15,75.2390730046
17140,898.65,0.15,73.2672827016
17160,867.25,0.3,90.9721577631
17180,835.8,0.4,107.330892166
17200,860.9,0.25,83.9915237923
17220,887.35,0.25,89.1550620949
17240,845.25,0.15,64.7684553808
17260,854.35,0.35,98.5224638217
17280,823.85,0.55,120.367909654
17300,911.7,0.2,77.9842957841
17320,792.05,0.45,103.751387316
17340,854.9,0.25,93.0957999666
17360,803.8,0.5,123.86223644
17380,889.55,0.3,93.7427230709
17400,854.8,0.4,99.3217211274
17420,908.15,0.2,69.9236306853
17440,736.75,0.7,135.633988113
17460,937.5,0.25,73.5582275422
17480,933.9,0.2,77.1553591901
17500,951.6,0.2,76.7828417615
17520,953.6,0.15,75.0195248871
17540,910.6,0.2,78.4685599311
17560,942.0,0.15,65.2877475593
17580,969.4,0.0,52.4208701397
17600,1000.0,0.0,50.0914446372
17620,1000.0,0.0,59.7105082717
17640,969.6,0.1,77.4609500629
17660,929.1,0.15,79.537332949
17680,959.6,0.05,68.7248469751
17700,903.2,0.05,69.1048109775
17720,920.15,0.2,98.8670882674
17740,906.05,0.15,92.1017921527
17760,768.25,0.3,105.222842922
17780,691.0,0.35,92.7820059796
17800,618.75,0.4,89.7011282035
17820,660.45,0.25,67.8122302821
17840,700.3,0.45,112.475481956
17860,737.9,0.2,60.527558215
17880,806.45,0.1,70.5469236726
17900,660.15,0.15,49.2055387255
17920,758.75,0.15,60.9650433769
17940,620.5,0.1,32.1402837531
17960,760.1,0.05,55.7803693998
17980,750.05,0.15,54.3095833553
18000,783.85,0.1,71.113673083
18020,583.05,0.3,56.8632724412
18040,694.65,0.05,34.3394999005
18060,625.9,0.15,43.3756382854
18080,556.4,0.45,90.5679650491
18100,869.8,0.2,77.1431422771
18120,765.25,0.1,51.4107676286
18140,762.45,0.15,76.2252910037
18160,777.05,0.15,72.700848576
18180,842.0,0.25,82.9062047044
18200,766.65,0.25,84.575037715
18220,809.65,0.3,107.788086906
18240,833.05,0.35,105.708852515
18260,682.0,0.5,131.501789534
18280,746.7,0.35,63.1838277355
18300,696.45,0.55,128.728488366
18320,840.9,0.4,122.527786185
18340,863.15,0.2,109.284522991
18360,894.35,0.2,94.5428072178
18380,871.2,0.25,117.266099799
18400,838.5,0.35,133.9198085
18420,801.15,0.3,105.622174225
18440,755.9,0.5,142.80320736
18460,746.85,0.5,139.322293102
18480,785.35,0.45,137.120197078
18500,726.95,0.55,139.141676292
18520,702.7,0.35,80.5549278829
18540,764.9,0.55,149.641960356
18560,655.15,0.55,127.751869636
18580,810.15,0.4,140.912665782
18600,695.8,0.5,146.583392174
18620,679.2,0.45,123.380703445
18640,662.65,0.45,124.724475833
18660,706.6,0.35,115.705950756
18680,718.8,0.6,166.308035457
18700,660.9,0.2,62.9322811556
18720,722.4,0.4,128.194793204
18740,677.35,0.5,140.382412675
18760,585.3,0.5,119.115535963
18780,608.1,0.55,133.154328774
18800,531.05,0.35,88.1253368414
18820,520.05,0.15,48.9017060075
18840,541.7,0.35,85.9624285579
18860,632.4,0.6,119.398167785
18880,603.95,0.4,93.2768338911
18900,699.75,0.4,103.743721998
18920,745.85,0.25,91.3471501103
18940,636.45,0.1,42.496284411
18960,874.75,0.25,96.3938539692
18980,596.8,0.15,22.2355933212
19000,654.25,0.3,82.6225778594
19020,724.9,0.15,68.3960694789
19040,851.1,0.15,101.594032125
19060,666.85,0.05,29.6275742921
19080,685.6,0.2,71.1746067848
19100,690.15,0.05,51.1832613515
19120,660.35,0.05,48.3616569875
19140,608.45,0.15,65.7304295494
19160,765.25,0.15,79.5226720149
19180,768.6,0.1,63.7688907977
19200,612.25,0.1,53.6234155965
19220,760.6,0.15,84.3644527172
19240,729.85,0.15,77.5941763646
19260,682.65,0.0,45.4652801256
19280,818.2,0.15,85.1911431222
19300,849.1,0.0,76.6313426538
19320,806.5,0.1,90.537398042
19340,848.05,0.15,106.509916417
19360,846.4,0.0,83.2000602382
19380,902.0,0.1,88.4237214113
19400,894.4,0.05,92.6103318627
19420,919.8,0.0,93.3716913295
19440,923.1,0.0,91.7226605562
19460,956.6,0.05,84.7224316599
19480,927.45,0.0,83.4520788673
19500,897.6,0.15,110.77745592
19520,925.65,0.15,121.251130074
19540,976.8,0.05,111.01647517
19560,853.85,0.2,112.217783466
19580,970.15,0.05,105.146938263
19600,993.0,0.05,102.074012381
19620,958.0,0.15,106.486212356
19640,1000.0,0.0,94.1978489777
19660,1000.0,0.0,83.7469493742
19680,1000.0,0.0,85.5600717757
19700,1000.0,0.0,86.5970533013
19720,1000.0,0.0,83.4858799998
19740,1000.0,0.0,84.4182254292
19760,1000.0,0.0,78.3142874301
19780,1000.0,0.0,80.2349162302
19800,1000.0,0.0,77.0571005802
19820,1000.0,0.0,80.7335500354
19840,1000.0,0.0,87.937139858
19860,1000.0,0.0,85.4323723248
19880,1000.0,0.0,80.190609112
19900,1000.0,0.0,81.0647370716
19920,985.0,0.0,65.750121668
19940,1000.0,0.0,87.1325907139
19960,1000.0,0.0,89.0067186168
19980,1000.0,0.0,88.9599166433
20000,973.15,0.05,90.5616011899
20020,971.8,0.05,82.6057351245
20040,955.6,0.1,81.6412613157
20060,1000.0,0.0,77.6999000907
20080,973.35,0.05,85.3343368306
20100,811.3,0.5,130.556545701
20120,795.4,0.7,147.030096337
20140,694.85,0.65,146.721732449
20160,701.85,0.65,143.102450026
20180,619.05,0.8,171.118565065
20200,611.65,0.75,156.901388177
20220,607.85,0.75,145.750018271
20240,536.65,0.9,179.031405597
20260,608.9,0.85,167.725581776
20280,587.15,0.75,148.246027898
20300,510.6,0.9,174.203051344
20320,560.3,0.85,160.437736573
20340,480.25,0.95,178.348302645
20360,553.5,0.8,170.233346972
20380,487.55,0.8,160.140336453
20400,555.15,0.7,128.501160683
20420,563.0,0.7,146.913723484
20440,490.7,0.65,132.614661451
20460,596.2,0.65,122.644170705
20480,410.6,0.6,109.233466667
20500,532.65,0.65,131.571475944
20520,516.45,0.75,146.471572703
20540,527.95,0.6,126.77074694
20560,543.75,0.55,116.668799194
20580,562.35,0.65,139.317126877
20600,463.2,0.75,142.374066297
20620,536.85,0.55,113.01424226
20640,430.9,0.7,118.817295413
20660,625.5,0.6,131.252398316
20680,489.95,0.75,133.921678712
20700,549.2,0.6,122.490824112
20720,438.1,0.65,107.605556561
20740,489.1,0.6,123.549799382
20760,504.35,0.55,99.3904768932
20780,567.05,0.65,128.527588525
20800,585.45,0.6,121.358423983
20820,401.9,0.7,137.182884443
20840,498.45,0.65,128.156805393
20860,534.75,0.75,154.930198224
20880,559.1,0.75,149.927365562
20900,435.85,0.75,144.07949702
20920,518.5,0.65,146.732558198
20940,399.95,0.7,134.46921478
20960,442.25,0.65,125.862806282
20980,599.05,0.65,126.286824391
21000,477.3,0.7,147.10913651
21020,559.8,0.8,173.138610822
21040,493.2,0.75,161.040038955
21060,554.05,0.7,159.153793046
21080,548.85,0.9,193.152413103
21100,653.35,0.5,132.846101852
21120,457.05,0.6,107.489085065
21140,674.9,0.4,101.66119066
21160,621.75,0.55,137.308883987
21180,773.55,0.55,139.838826619
21200,738.05,0.5,133.766123081
21220,768.65,0.1,62.6860865141
21240,813.1,0.15,66.3497068871
21260,793.75,0.45,139.684716189
21280,762.1,0.3,86.7742971704
21300,820.7,0.05,71.7944552155
21320,789.25,0.4,119.163284078
21340,769.3,0.4,130.979881788
21360,884.0,0.3,107.65590145
21380,876.9,0.35,130.346489448
21400,872.45,0.25,76.5953961021
21420,833.95,0.4,131.012900636
21440,840.1,0.35,127.619914438
21460,909.6,0.15,80.7149144686
21480,773.45,0.25,74.2209121826
21500,687.9,0.35,69.5867931061
21520,710.65,0.45,81.855995753
21540,698.2,0.7,153.789142534
21560,592.8,0.45,45.5840282388
21580,574.45,0.75,157.703165443
21600,599.0,0.65,143.866484299
21620,650.25,0.75,165.518371724
21640,719.6,0.6,161.568438195
21660,605.7,0.6,117.713773653
21680,625.1,0.5,77.554535438
21700,622.3,0.7,134.905444487
21720,703.15,0.4,94.558193139
21740,723.2,0.6,165.739322015
21760,709.8,0.45,86.5813442183
21780,635.75,0.45,56.1872596676
21800,722.4,0.45,116.265242947
21820,771.6,0.5,135.093662896
21840,789.15,0.35,128.02796306
21860,838.45,0.25,128.525493559
21880,771.9,0.3,110.051400796
21900,837.6,0.3,103.436905163
21920,845.95,0.25,111.437041091
21940,857.3,0.25,117.32383769
21960,854.2,0.3,110.817262352
21980,847.0,0.35,132.32216762
22000,779.9,0.3,105.863046996
22020,842.9,0.45,137.764760622
22040,743.35,0.55,148.998654263
22060,793.95,0.6,156.672297798
22080,791.15,0.55,150.359969249
22100,692.4,0.85,168.62877219
22120,793.7,0.6,147.790719347
22140,766.7,0.75,164.020243047
22160,822.0,0.65,161.344139066
22180,818.85,0.7,156.826337531
22200,793.75,0.75,167.550770989
22220,702.1,0.8,170.39485267
22240,732.8,0.75,166.898062326
22260,946.75,0.3,129.577150239
22280,982.1,0.15,105.300801266
22300,953.95,0.15,115.30025323
22320,1000.0,0.05,101.800879335
22340,964.75,0.0,104.216547508
22360,965.6,0.0,96.12335034
22380,1000.0,0.0,103.089046097
22400,929.95,0.0,89.1181010266
22420,905.1,0.15,117.869471835
22440,968.2,0.05,103.446577848
22460,866.45,0.1,94.0021432339
22480,1000.0,0.0,102.13568089
22500,995.65,0.05,106.05443188
22520,956.05,0.05,107.958690996
22540,939.3,0.15,109.839956726
22560,962.25,0.0,94.9359765399
22580,992.55,0.1,105.033686094
22600,876.5,0.1,95.7071282442
22620,852.5,0.0,74.4490239199
22640,966.15,0.1,119.056096163
22660,966.0,0.1,108.022353869
22680,928.1,0.15,106.576215416
22700,807.55,0.15,92.7581638559
22720,962.95,0.0,97.2613359666
22740,922.65,0.25,122.23858143
22760,802.9,0.4,137.968885567
22780,789.35,0.65,147.332774626
22800,795.15,0.7,161.388328097
22820,654.6,0.8,161.811494922
22840,738.6,0.85,177.840953821
22860,742.15,0.75,157.595958129
22880,820.5,0.6,161.806422622
22900,840.55,0.6,161.513129613
22920,890.0,0.5,143.636704256
22940,905.65,0.4,130.168600746
22960,979.15,0.15,107.541783096
22980,925.05,0.25,124.983411424
23000,847.35,0.25,117.283538042
23020,1000.0,0.0,98.3188324339
23040,934.2,0.1,109.242041572
23060,932.45,0.05,98.1549244911
23080,1000.0,0.0,99.1742224966
23100,927.2,0.1,87.5280996596
23120,942.35,0.05,96.8524826795
23140,871.35,0.15,100.778413773
23160,958.4,0.1,105.788639661
23180,827.25,0.3,110.505315175
23200,774.65,0.45,137.298386369
23220,808.75,0.3,113.086889133
23240,751.4,0.6,161.873317084
23260,791.45,0.3,117.812648339
23280,826.3,0.35,126.607067907
23300,851.95,0.15,110.050279183
23320,804.6,0.55,154.05847675
23340,796.2,0.5,140.611253859
23360,846.7,0.6,165.245550656
23380,822.35,0.45,147.692336737
23400,747.15,0.65,166.803974094
23420,749.9,0.7,178.63582693
23440,870.55,0.55,156.538707955
23460,815.35,0.5,156.404862225
23480,726.4,0.75,181.001321704
23500,867.75,0.3,131.380103437
23520,893.9,0.4,133.986238716
23540,954.6,0.3,127.508215709
23560,918.4,0.25,118.447164075
23580,976.4,0.1,108.859140746
23600,983.55,0.15,115.211525576
23620,970.3,0.05,105.164048648
23640,1000.0,0.0,94.1911801649
23660,899.1,0.1,103.891025177
23680,964.25,0.0,85.6843357317
23700,970.2,0.05,96.5899790398
23720,987.75,0.05,109.97408678
23740,919.2,0.1,106.142580831
23760,984.5,0.05,114.554865731
23780,1000.0,0.0,97.9021587262
23800,1000.0,0.0,96.256851024
23820,932.3,0.05,102.185691555
23840,926.55,0.0,93.0178414106
23860,1000.0,0.0,96.0746747032
23880,1000.0,0.0,105.543300048
23900,926.05,0.0,92.0175231285
23920,973.35,0.05,110.680206282
23940,990.3,0.05,112.217020412
23960,856.0,0.05,96.3245391967
23980,970.0,0.05,119.463391388
24000,891.6,0.25,128.886720275
24020,946.2,0.1,103.854224113
24040,873.35,0.25,106.237993619
24060,934.6,0.25,124.311714975
24080,769.45,0.35,113.462208977
24100,883.95,0.45,146.082987509
24120,767.6,0.5,147.126303483
24140,813.5,0.4,138.501340705
24160,929.0,0.25,127.428198552
24180,783.65,0.55,155.335632705
24200,797.5,0.4,134.965180024
24220,640.4,0.3,91.8348589937
24240,844.15,0.65,160.96146096
24260,804.05,0.45,133.764184401
24280,782.1,0.5,134.239856373
24300,756.75,0.45,145.846924237
24320,678.9,0.65,154.073904509
24340,803.85,0.4,139.629907143
24360,725.3,0.45,135.989844023
24380,713.35,0.55,151.729128694
24400,700.4,0.45,131.968592199
24420,542.4,0.45,109.749340415
24440,753.5,0.7,176.612081524
24460,767.4,0.65,165.999402945
24480,622.0,0.6,135.500025686
24500,643.7,0.8,173.749059379
24520,653.8,0.75,167.036168642
24540,688.0,0.5,145.461887468
24560,765.85,0.7,181.804489919
24580,668.35,0.7,162.206344998
24600,676.5,0.55,148.748915142
24620,826.85,0.4,129.461490097
24640,828.05,0.55,159.11055914
24660,741.25,0.6,165.570645237
24680,703.85,0.5,137.611314952
24700,862.65,0.55,162.740346426
24720,695.1,0.45,138.95250927
24740,790.75,0.45,151.181120619
24760,800.75,0.4,137.532438778
24780,678.8,0.65,168.22201868
24800,706.65,0.45,141.288897272
24820,791.8,0.45,147.657151764
24840,853.95,0.25,127.435314781
24860,709.3,0.4,136.262529114
24880,752.95,0.3,109.210088508
24900,777.35,0.25,119.23260507
24920,530.65,0.4,115.33548111
24940,618.35,0.4,128.998354223
24960,712.2,0.2,117.140105362
24980,652.3,0.45,149.054844763
25000,609.1,0.5,143.554252063
25020,603.55,0.4,126.390123522
25040,559.15,0.3,86.7478984866
25060,725.2,0.2,97.9891276673
25080,585.35,0.3,101.29748623
25100,579.1,0.35,101.217654763
25120,735.45,0.3,110.1604173
25140,634.2,0.25,97.6784053179
25160,559.55,0.3,68.7234990398
25180,522.2,0.3,72.3572895524
25200,847.35,0.15,100.405987426
25220,747.95,0.2,83.8680702739
25240,696.1,0.25,87.9535968851
25260,826.55,0.4,129.958444941
25280,574.55,0.35,89.8165933745
25300,672.25,0.15,87.1674561887
25320,641.25,0.3,89.6130503209
25340,707.15,0.15,78.252571215
25360,734.1,0.15,71.862977449
25380,560.95,0.2,69.4906452373
25400,589.9,0.3,97.5168694654
25420,621.8,0.15,67.1879368768
25440,641.25,0.3,100.023582436
25460,586.6,0.3,88.5655030783
25480,506.2,0.1,47.7641507253
25500,686.3,0.25,91.4880508686
25520,455.95,0.25,63.8891575546
25540,696.55,0.15,83.9818132957
25560,582.0,0.05,33.6478098897
25580,469.45,0.25,55.093852505
25600,541.65,0.15,28.8296959053
25620,500.85,0.1,25.7428616195
25640,547.75,0.1,59.4208093262
25660,584.45,0.1,43.8768374128
25680,464.2,0.15,31.5403849957
25700,482.55,0.1,36.4647104631
25720,499.3,0.1,36.2171525903
25740,590.2,0.3,74.4585859591
25760,580.7,0.2,55.7488115053
25780,513.1,0.15,50.7420340732
25800,798.65,0.1,63.4609265527
25820,638.2,0.2,66.8424945471
25840,716.45,0.2,90.1922334445
25860,579.95,0.2,42.9910744257
25880,660.5,0.1,67.9455949611
25900,700.3,0.0,55.4138225553
25920,732.35,0.2,100.972418384
25940,737.0,0.3,116.885061104
25960,820.8,0.1,84.0147667919
25980,844.3,0.15,75.9142841639
26000,785.8,0.25,103.144812142
26020,799.75,0.2,96.8911275634
26040,881.35,0.15,103.216353852
26060,790.55,0.1,86.9298467308
26080,845.1,0.05,84.6337728434
26100,820.35,0.1,90.5673818721
26120,957.1,0.0,92.6118854217
26140,945.05,0.2,127.193803621
26160,937.55,0.15,119.878322745
26180,1000.0,0.0,90.5649789931
26200,859.9,0.2,94.2835799614
26220,985.0,0.05,100.55559889
26240,936.2,0.05,96.5701832597
26260,912.9,0.0,72.5529679326
26280,977.75,0.1,103.358303399
26300,860.3,0.35,134.163881776
26320,870.0,0.1,93.7129731344
26340,946.15,0.15,88.3068797633
26360,958.6,0.0,95.4343732876
26380,911.35,0.05,88.0515656466
26400,939.9,0.1,98.076504054
26420,868.55,0.2,103.262248627
26440,917.15,0.1,107.659074604
26460,854.05,0.25,109.678283929
26480,973.3,0.15,108.887480201
26500,922.2,0.15,103.468916171
26520,930.8,0.1,91.28814075
26540,886.5,0.1,91.5414980554
26560,877.2,0.15,86.5752707806
26580,908.75,0.15,98.9508433192
26600,871.45,0.15,100.227217194
26620,909.05,0.05,84.6268385074
26640,852.85,0.25,104.114596751
26660,920.15,0.3,117.212459998
26680,901.5,0.15,100.377497622
26700,882.1,0.2,104.764004211
26720,804.3,0.25,86.6341799251
26740,972.3,0.1,101.246459973
26760,912.1,0.15,109.601172077
26780,848.9,0.25,109.569597499
26800,744.85,0.25,110.915977649
26820,789.95,0.25,108.113491579
26840,829.05,0.35,133.705181761
26860,842.6,0.3,117.378533037
26880,881.9,0.15,109.482275519
26900,881.25,0.2,94.8673160369
26920,935.05,0.15,110.697015898
26940,830.05,0.05,73.4712745664
26960,939.55,0.05,73.7391803852
26980,867.5,0.15,86.0544044185
27000,708.2,0.1,57.9525507127
27020,902.35,0.1,89.2969429605
27040,831.9,0.15,90.1491764869
27060,852.2,0.05,66.5590390842
27080,863.55,0.05,80.5919303245
27100,618.45,0.2,71.1886107547
27120,794.15,0.15,86.7863473171
27140,551.6,0.15,22.7977340265
27160,650.9,0.1,61.8631682268
27180,732.7,0.2,85.1101757298
27200,594.65,0.2,56.1664267723
27220,718.0,0.05,60.1640589012
27240,695.6,0.1,62.4565340081
27260,599.75,0.4,94.6265437577
27280,539.5,0.2,44.149672927
27300,538.3,0.1,29.3134552437
27320,496.8,0.3,62.6972599385
27340,501.35,0.25,53.0007842079
27360,586.65,0.15,57.7237382443
27380,511.1,0.35,43.9355916205
27400,550.55,0.15,39.9055469389
27420,509.0,0.3,51.1628122989
27440,595.8,0.35,82.3948857854
27460,487.2,0.25,60.8911181842
27480,695.15,0.1,53.4701655328
27500,525.8,0.05,22.211988835
27520,545.5,0.05,30.8625775069
27540,432.65,0.15,14.4428739846
27560,703.4,0.05,56.9490877284
27580,474.4,0.2,32.7651624367
27600,616.5,0.25,53.3322373482
27620,626.7,0.1,44.8500428009
27640,705.5,0.15,51.7029414193
27660,562.7,0.05,19.7881337359
27680,602.0,0.2,69.000455875
27700,605.25,0.25,57.1504936751
27720,663.2,0.25,78.8185772191
27740,540.15,0.15,39.0016207021
27760,597.05,0.05,40.540712982
27780,606.6,0.15,42.6219801186
27800,649.25,0.15,54.1936989214
27820,592.85,0.25,72.7669758932
27840,733.1,0.1,48.6025967157
27860,764.0,0.05,72.6982754338
27880,841.05,0.05,65.3228764871
27900,812.65,0.2,84.4438162799
27920,720.25,0.1,72.9900629094
27940,590.75,0.15,39.8081216828
27960,575.2,0.15,42.2006259061
27980,483.85,0.25,54.3845077859
28000,420.05,0.2,27.8366784436
28020,619.65,0.3,87.0700120106
28040,687.8,0.15,58.9958750617
28060,571.5,0.2,32.3356731253
28080,585.2,0.2,59.1135492245
28100,645.7,0.1,69.8420951808
28120,557.45,0.1,39.2395122825
28140,590.5,0.2,71.9739594486
28160,312.6,0.35,47.5507608557
28180,518.05,0.15,37.2181168328
28200,544.3,0.05,5.72931232732
28220,479.95,0.25,50.3240265153
28240,489.5,0.1,29.9308173056
28260,456.1,0.05,21.3504211942
28280,301.4,0.15,11.7827781767
28300,458.25,0.05,3.15570521331
28320,581.55,0.1,12.2110043731
28340,308.5,0.3,11.9967608888
28360,365.1,0.15,9.45981250033
28380,354.9,0.15,6.03068430843
28400,396.2,0.2,33.1600607208
28420,453.85,0.25,36.5659644555
28440,349.2,0.2,3.82951118098
28460,361.6,0.25,36.4348597467
28480,364.55,0.1,2.04487488557
28500,295.45,0.25,23.3195353843
28520,323.05,0.1,4.62910160254
28540,299.25,0.15,-1.19030976137
28560,374.15,0.25,43.8448119021
28580,148.65,0.1,-27.2729033298
28600,166.8,0.25,18.7408749069
28620,306.7,0.0,-26.6187124779
28640,244.45,0.25,-13.3853072063
28660,277.5,0.05,-28.3973949268
28680,154.3,0.15,-9.92501200035
28700,286.35,0.15,-11.8361792819
28720,161.6,0.1,-25.3569526716
28740,173.0,0.15,-14.1594483052
28760,282.8,0.25,25.6816339795
28780,182.6,0.0,-39.8924703698
28800,252.05,0.05,-43.0430622546
28820,216.8,0.35,36.5985535274
28840,205.1,0.05,-41.9474359363
28860,227.5,0.15,-12.3326589733
28880,212.2,0.1,-8.38449481388
28900,352.25,0.1,-2.9124127898
28920,300.65,0.05,-42.9726300917
28940,289.4,0.1,-9.92590372723
28960,254.75,0.05,-31.4489234016
28980,384.1,0.2,16.8739493209
29000,191.95,0.2,-11.3541353233
29020,251.3,0.1,-29.9438376259
29040,237.45,0.25,-6.11907365501
29060,162.05,0.05,-32.6121201182
29080,192.85,0.1,-27.6435798745
29100,214.15,0.25,11.1932228974
29120,182.4,0.0,-35.5266858262
29140,185.85,0.2,3.8070642271
29160,196.65,0.05,-26.0514313374
29180,373.45,0.25,23.5535571805
29200,275.7,0.15,-0.905900181921
29220,289.1,0.1,-4.59241527376
29240,202.25,0.1,-11.1150375925
29260,246.6,0.1,-20.3146780548
29280,237.1,0.15,-13.266485266
29300,426.1,0.25,36.2027324015
29320,260.5,0.2,9.9861592103
29340,332.55,0.35,46.5745188257
29360,261.0,0.15,-7.3885455988
29380,183.7,0.25,-4.93643697651
29400,304.2,0.35,28.46110512
29420,377.95,0.2,20.1492363185
29440,264.6,0.15,-4.98094207252
29460,311.5,0.05,1.45220958721
29480,239.25,0.2,11.5931905665
29500,319.25,0.1,-24.3494256472
29520,377.15,0.3,46.0972174102
29540,239.9,0.15,-17.1700693468
29560,290.3,0.3,27.6377808644
29580,308.35,0.3,39.9860687901
29600,193.45,0.15,-7.45978872941
29620,337.3,0.3,27.3596171115
29640,251.95,0.25,21.2634544239
29660,321.0,0.25,28.6497007809
29680,321.25,0.2,12.0286636461
29700,242.15,0.25,9.79592537458
29720,344.95,0.2,-10.9501694287
29740,312.7,0.3,40.0847779346
29760,349.5,0.15,-11.707431571
29780,236.2,0.25,-15.9048591409
29800,230.55,0.2,-4.33739372153
29820,374.15,0.35,47.5021874841
29840,247.0,0.15,-10.1655428668
29860,266.75,0.25,-5.46838992032
29880,261.8,0.15,-19.766811254
29900,171.65,0.15,-16.057831569
29920,296.05,0.1,-31.0789803584
29940,215.95,0.2,-15.6686196228
29960,280.6,0.15,-19.4913044389
29980,320.7,0.35,50.3977054817
30000,341.3,0.1,-12.5438476727
